started a mainly baseball podcast check it out fantasy movies podcast
dyson can't get a grip on closer's role mlb
cards 1977 topps reggie jackson newyork yankees mlb card 10 nmmt mlb card
mlb chicago cubs 2016 world series championship replica banner mini flag 7 x 3
mlb cincinnati reds 625 glass stein vintage mlb baseball big red machine drink cup
2016 topps series 1 mlb exclusive factory sealed retail box primeday
mlb cards 1974 topps 563 hal mcrae psa 10 gem mint kansas city royals card
mlb boston redsox majestic brand tshirtshirt got rings lately size medium red
mlb kansas city royals peanuts snoopy baby boy mlb creeper
mlb roger clemens boston redsox legend signed 8x10 autograph photo
mlb chicago cubs greg maddux cooperstown throwback baseball jersey size large new
tix ticket 2 losangeles angels of anaheim vs seattle mariners tickets 92917 angel stadium
sporting buzz used mlb oakland a's athletics 'october quest' tshirt m
cards card 1967 topps 503 losangeles dodgers team photo nmmt psa 8 graded baseball card
quick hits yankees braun bellinger white sox kang mlb
watching a spring training game is as exciting as watching a tree form its annual ring
dodgers' hill leaves after aggravating blister star wars trailer
baseball day 15 bob gibson @ cardinals @ mlb pitcher bobgibson
sports 2001 fleer focus rookie of the year 1996 jersey derekjeter rare mlb
mlb 2008 vintage mlb philadelphia phillies world series framed picture mint
sport rawlings heart of the hide alexi ramirez 115 baseball glove mitt pro2002bp
buzz texas rangers majestic youth base stealer henley tshirt creamcamo mlb
mlb majestic san diego padres women's navy always devoted tank top
l l l mlb cards ryan braun milwaukee brewers 2017 topps baseball material relic card mlmrb
mlb 2017 san francisco giants johnny cueto shimmy bobblehead sga sporting
mlb memorabilia washington nationals 34 bryce harper coolbase navy jersey size xl
the charm of is that dull as it may be on the field it is endlessly fascinating as a rehash
mlb ken griffey jr seattle mariners pin striped jersey men's xl rare mirage
is a game where a curve is an optical illusion and a screwball can be a pitch or a person
mlb majestic baltimore orioles girls toddler white triple heart tshirt
mlb tickets new york yankees at pittsburgh pirates 421 ticket tix
mlb detroittigers mlb detroit tigers al kaline day baseball pin metal 1970 clean
cards card losangeles dodgers 2017 diamond kings baseball 12box full inner case break 1
safe or out that is the question what do you think travelbaseball
mlb cards st louis cardinals 12 case 5box live break 2015 topps supreme bonus
mlb memorabilia new era washington nationals redwhite diamond era 39thirty flex hat
mlb cards 2017 topps heritage 405 chris sale boston redsox sp short print mint card
mlb chris davis majestic baltimore orioles tshirt mlb
mlb cards lot of 41 pittsburgh pirates autographed signed baseball cards bell neagle king
ted williams boston redsox dual autographed 16x20 framed lithograph psadna
chris sale boston redsox 41 autographed signed baseball jsa witness coa mlb
mlb rockies 2014 topps five star carlos gonzalez logo patch auto 35 autograph
tix 16 row 5 tickets atlanta braves v washington nationals sun 521 @ suntrust park
madbum madison bumgarner 2017 topps tribute green 7299 33 san francisco giants 544
mlb athletics used mlb oakland a's athletics amoji emoji tshirt xl
mlb pittsburgh pirates majestic threads vintage terry crew raglan sweatshirt mlb
matt carpenter takes a hotshot directly into his fingernail
mlb mlb washington nationals 34 bryce harper button stitch blue jersey men l new
an early look at baseball in area
cardinals goods st louis cardinals matt holliday coolbase authentic jersey xxl new
mlb mitchell amp ness pittsburgh pirates gray seal the win hoodie
mlb new cleveland indians 99 ricky vaughn jersey size l 15 day delivery
mlb souvenirs ted williams boston redsox 1939 cooperstown collection home jersey size xl
mlb cards 1963 fleer roberto clemente pittsburgh pirates 56 baseball card card
mlb cards 1952 topps 253 john beradinocleveland indians fair indians
mlb tix chicago cubs vs new york yankees saturday 5617 vip bleacher tickets ticket
in the first 12 games of 2017 byron buxton is now 443 093 with 23 ksand has contributed 1 run and 0 rbis
nba authentic nba newyork knicks carmeloanthony jersey free shipping onsale discount
mlb tix 4 chicago cubs v milwaukee brewers ticket tue 4182017 705pm @ wrigley
mlb cards colorado rockies 2017 diamond kings case 4x index 1 card team break card
l mlb brewers 2017 topps series 1 five tool 5t14 ryan braun milwaukee brewers forsale onsale
collectibles buzz adidas milwaukee brewers mlb navy baby onesie jumper infant sz
madbum kris bryantmadison bumgarnerdavid pricejosh donaldson autograph relic rookie pitcher
walkoff winners in dc bryce and bunny mlb
mlb cards 1976 topps 316 robin yount 2nd year card psa 9 mint milwaukee brewers hof
mlb collectible topps cards la angels 1981 trading cards lot 7 angels
mlb autographs 2017 cleveland indians team signed official major league baseball lindor kluber
mlb cincinnati reds majestic women's two seamer vnotch tshirt graywhite
simplified approach working for hot garcia
mlb it's baseball season newyork yankees jersey size xl youth nwt
mlb new era baltimore orioles black the league classic 9forty adjustable hat
mlb memorabilia washington nationals majestic life or death pinstripe henley tshirt mlb
mlb tix chicago cubs vs milwaukee brewers418one bleacher eticket tickets
protips baseball infielder tips fielding a slow ground ball rt retweet
let noise be music to the ears mlb podcast
mlb nwt oakland a's athletics genuine merchandise yellow graphic tshirt boys xl 16
l mlb cards 2016 elite extra edition corbin burnes auto rookie milwaukee brewers autograph card
hidden ball tricks and base holding what do you consider bush league
san francisco giants victoria's secret pink shirt size l mlb
seattle mariners baseball sport shirt white shortsleeved size xl preowned new
san francisco giants i've got a giant attitude pin mlb
mlb cards st louis cardinals isringhausen 2006 world series xl jersey sga 7172016
mlb cleveland indians russ troll doll 12 red hair mlb genuine merchandise soft body
mlb detroittigers detroit tigers new era crisp 9fifty adjustable snapback hat mlb
cards texas rangers 2017 diamond kings 12 case 6box live break 1 card
mlb seattle mariners giii 4her by carl banks women's homefield slub tshirt mlb
the music of names from the reincarnation of lou gehrig humor
angels cards 1962 post card 75 rocky bridges losangeles angels c00003836
mlb cards trevor story 2016 bowman chrome colorado rockies hobby case player break card
l mlb auth throwback sz 46 milwaukee brewers 50 vuckovich 1980's pinstripe jersey deals bargains
mlb st louis cardinals adult xl replica stephen piscotty road jersey sga 4917
my realestate brain dotcom sports health fun exercise money mlb nfl nba yankees 9 cardina
collectibles buzz st louis cardinals official mlb 1942 bat by coopersburg sports
cards card 1960 topps 18 losangeles dodgers checklist 1st series 188 free shipping
player nude how to make your own male sex toy
mlb used mlb oakland a's athletics baseball 'october quest' tshirt m
mlb stitches baltimore orioles black fastball fleece pullover hoodie
mlb tickets eight new york yankees vs chicago white sox 417 ticket sec 108 row 19
bj upton to go by melvin upton jr this year mlb sports
mlb cincinnati reds v tiedye tshirt redblack mlb deals bargains
mlb cards 2017 topps tribute baseball full 8 box case bonus 1 pyt card
person i don't knowi don't watch yeah it's a thinking mans gameit's not for everyonemlb autocorrect
the big bopper lee may cincinnatireds houstonastros leemay mlbtalk
too early to put any credence in standings mlb
mlb cleveland indians snap front jacket medium all sewn on fans gear sporting
l l collectibles buzz milwaukee brewers new era fitted hat 7 38 game cap mlb blue bestseller ebay
2016 topps allen amp ginter baseball fsrbjv justinverlander relic pitcher
l l l mlb cards 2017 topps gypsy queen 279 ryan braun red border 110 insert milwaukee brewers
2012 topps heritage red autograph card clayton kershaw 5563 dodgers pitcher
mlb collectible baseball balls 2 different philadelphia phillies balls sales
mlb brand new mlb newyork yankees men's adult embroidered adjustable cap hat osfa
majestic san francisco giants buster posey 28 flexbase mlb jersey 48xl nwt mlb
these seats aint bad guys cardinals yankeestadium cardinalnation mlb gocards newyork nyc newyo
mlb joe maddon signed 2016 world series chicago cubs rare autographed only
inside the park homers are the most exciting play in
dyson can't get a grip on closer's role
mlb new era san francisco giants black flow flect logo 39thirty flex hat
mlb 2014 san diego padres tony gwynn replica jersey giveaway adult xl
mlb pittsburgh pirates cooperstown allstar exclusive tshirt black mlb
mlb cards 1956 topps roberto clemente pittsburgh pirates 33 baseball card card
mlb cards 1970 topps baseball oakland athletics team card 631 exmt card
the fundamentals of baseball fundamentals
mlb athletics used mlb oakland a's athletics 'october quest' tshirt m
reynolds in the morning show fox sports radio 69ammonday nba nfldraft2017 collegefootball
joe carters world series winning home run bluejays phillies worldseries
mlb cards 2014 national treasures bryce harper patch card 2025 washington nationals
mlb majestic san diego padres navy leftyrighty pullover hoodie
buzz new era texas rangers women's white pop preferred pick 9twenty adjustable hat
mlb mlb 1997 diecast toy car colorado rockies baseball ertl baseline boppers
mlb authentic mitchell and ness 1969 jackson oakland athletics a's jersey 48
carp fireballer jackson keeping eyes firmly on prize news mosaesports sportswear
mlb memorabilia ticket stub baseball boston redsox vs detroit tigers july 15 1949 ted williams
tix tickets new york yankees @ pittsburgh pirates 42117 pnc park lower level 4 ticket
barry zito original 2007 san francisco giants giantes bobble bobblehead mlb mlb
lefty rawlings pro2009jb 115 heart of the hide jake peavy game baseball glove littleleague softball
mlb cards card topps 1969cincinnati reds card lot of 14 different nice filler cards
new mens majestic boston redsox green ortiz 34 mlb stitched jersey
mlb souvenirs new boston redsox lapel pin 2017 season ticket holder
mlb tix 2 chicago cubs vs philadelphia phillies tickets 5317 sec 216 ticket
a tribute to tom seaver mets
mlb cards colorado rockies 2015 topps vault originals autogrphed baseball 12box break
just like easter when we were kids family easter cousins
easter bunny lays out teddyi love with @ mlb at bat
buzz texas rangers new era shadowed team logo 9forty adjustable hat mlb
mlb 2017 heritage flip stock ryan zimmerman 144 print run of 5
mlb boston redsox 2017 opening day vs pittsburgh pirates at fenway park pin
mlb 2014 chicago white sox boston redsox chris sale sga bobblehead nib
mlb kansas city royals new era women's spirited 9twenty adjustable hat mlb
cards card philadelphia phillies 2015 topps supreme 10box full case break
mlb la angels of anaheim 24kt gold plated coin mlb
a humidor at chase field whats up with that news mosaesports sportswear
tix washington nationals vs san francisco giants mlb ticket
yankees jackets new york yankees jacket adidas 100 nylon lg brand new jacket
mlb majestic boston redsox est 1901 american league navy blue tshirt men xl
sporting goods russell athletics milwaukee brewers buttonup gray jersey men's 48 xl
mlb philadelphia phillies jersey size 48 sales discount
mlb cincinnati reds new era youth the league 9forty adjustable hat red mlb
mlb autographs tyler naquin signed autographed cleveland indians 8x10 photo world series
dbacks goods arizona diamondbacks purple amp teal dbacks snake rattle sga uswest 1998
mlb collectible boston redsox mlb 1 buttons pinbacks
mlb st louis cardinals 2006 world series champions giant medallion collection
pineda delivers backtoback strong outings mlb
mlb tickets 4 new york yankees ticket section 417 vs new york mets 814 tix
mlb yankees 1998 world series derek jeter autographed steiner authentication
mlb collectibles texas rangers official mlb royal blue bat by coopersburg sports
mlb new era la angels of anaheim infant red my first 9forty hat
mlb oakland athletics new era trucker 9forty adjustable hat realtree camo mlb
mlb cards 2013 bowman sterling austin meadows auto pittsburgh pirates card
mlb nike drifit san diego padres baseball mens xl ss gray shirt new
san francisco giants big amp tall victory arch tshirt ash mlb
mlb new york yankees babe ruth stein sports buzz
mlb cards 1959 topps 50 willie mays psa 7 nm san francisco giants hof outfielder
mlb majestic san diego padres navy heart and soul tshirt
mlb cards san francisco giants 2017 diamond kings baseball 12box full inner case break 1
mlb new era oakland athletics gray the league storm 9forty adjustable hat
nude female caribbeangirlsanalsex
mlb david ortiz signed 2013 world series baseball boston redsox mlb big papi
mlb bryce harper washington nationals majestic women's name amp number tshirt mlb
mlb tix 2 milwaukee brewers vs philadelphia phillies 0715 @ 1266 tickets ticket
mlb tix new york yankees vs chicago white sox tickets 041817 bronx ticket
mlb kansas city royals girls large 14 gray graphic tee
mlb ny yankeesstl cardinals 93
mlb majestic la angels of anaheim girls toddler white triple heart tshirt
mlb cards 1972 topps san francisco giants baseball card 50 willie mays ia vgex
cards card 1968 topps 510 ron fairly team losangeles dodgers
collectibles buzz lot of 3 st louis cardinals caps discount auction
mlb ryan zimmerman 2006 topps rc rookie washington nationals
mlb cincinnati reds women's base hit short red mlb deals bargains
authentic san francisco giants barry bonds jersey size 52 mlb
mlb philadelphia phillies world series champion t shirt large sales discount
7413 majestic boston redsox authentic game on field jersey red 40 new
2017 donruss justinverlander diamond kings press proof gold6499 pitcher
the yankees are 60 at home this season the last yankee team to do this the 1998 yankees
mlb cards buddy baumann kansas city royals former pitcher signed 5x7 card
mlb used mlb oakland a's athletics baseball logo tshirt m green
mlb men's cleveland indians francisco lindor 12 road gray collection base jersey
mlb cards 1959 topps baseball set break george crowe st louis cardinals 337 sharp
mlb cards 2017 topps series 1 baseball 1987 8729 rickey henderson oakland athletics
sports 1993 sp 279 derekjeter rookie card graded bccg 9 mlb
mlb nationals 2017 topps heritage stephen strasburg p nationals 407 chrome refractor 568 sp
mlb tix chicago cubs world series sun times pennant raising newspaper 41117 ticket ofr
mlb cards 1972 pro star promotions roberto clemente pittsburgh pirates rare ex kcr
tix 16 row 5 tickets atlanta braves v washington nationals fri 519 @ suntrust park
tix 2 tickets cincinnati reds vs washington nationals 715 mlb ticket
madbum 2010 bowman platinum 73 madison bumgarner rc rookie card giants pitcher
mlb collectible vintage 1950's ted williams redsox hartland statue with original bat clean nr
ride phytoriginal's natural energy boost health yoga surfing vegan antiaging
mlb 2017 seattle mariners sga ken griffey jr replica statue
bulls bauers hits first triplea homer news mosaesports sportswear
mlb cards kansas city royals 2017 tribute 1 case 4x index card team break topps baseball
mlb memorabilia boise hawks boston redsox scott dorval promo mlb euc
mlb washington nationals 2012 kid's club screech bobblehead new sga mascot defects
mlb cards 1998 sports illustrated for kids honus wagner pittsburgh pirates hof
funny baseball bloopers of 2015 volume eleven
mlb detroittigers detroit tigers mitchell amp ness tonal stripe tank top navy mlb
ticket tix cincinnati reds vs chicago cubs tickets 042217 cincinnati mlb
mlb cards banty red ale carton inserts 1963 willie mc covey san francisco giants
l l l mlb new era milwaukee brewers royal mlb team classic 39thirty flex hat deals bargains
mlb majestic losangeles angels of anaheim girls toddler white triple heart tshirt
mlb detroittigers detroit tigers new era youth road diamond era 59fifty fitted hat mlb
cards 1974 topps 290 vida blue oakland athletics card card
mlb cincinnati reds stein featuring the 1976 world champions sga deals
simplified approach working for hot garcia mlb
mlb losangeles angels of anaheim new era men's league 9forty adjustable hat mlb
mlb kansas city royals klew team logo sports suit royal mlb
mlb collectible rare stein boston redsox beer mug unlidded collectable 55 tall gift
mlb tix 2 new york yankees vs white sox 417 tickets padded seats ticket
mlb vintage 1960's pittsburgh pirates straw hat
cards card losangeles dodgers 2016 bowman's best case 8x index team break baseball
mlb cards colorado rockies 2017 panini donruss baseball 4box break 27 card
cards kenny rogers texas rangers personally autographed card card auction
mlb cards daniel johnson 2016 bowman draft washington nationals 1 jumbo case player break
tickets mlb new york mets vs washington nationals april 23rd 800pm promo game give away
mlb cincinnati reds mitchell amp ness overtime win vintage vneck tshirt mlb
mlb washington nationals majestic women's absolute dominance fullzip jacket mlb
2017 topps heritage justinverlander clubhouse collection jersey pitcher
mlb detroittigers detroit tigers majestic women's plus size all in for the win tshirt plus
mlb indians michaelbrantley 2010 bowman chrome gold refractors rc 50 auto 10 bgs 9 mint 9
yankees 9 cardinals 3 behind a resurgent greg newyorkyankees
mlb new era st louis cardinals women's black preferred pick 9twenty adjustable hat
mlb cards 1967 topps redsox stickers 11 dave morehead psa 8 boston card
mlb majestic cool base san francisco giants black henley xlarge nwot sporting
utah baseball devil's slide red devils 1917 uyahbaseball
ticket tix chicago cubs world series sun times pennant ring newspaper 41217 tickets mkofr
sport rawlings baseball glove trapeze model hof12xtc 1234 inch glove rarepro used
tix 4 miami marlins vs los angeles dodgers 0715 @ sec2111 tickets ticket mlb
dozed through the tigers game but was aware of the win way to go boyd detroittigers
mlb mlb st louis cardinals 06 world champions adult ajustable blue cap us cellular
nba official 2016 newyork knicks 70th anniversary 19462016 t shirt adult medium m onsale discount
mlb tony gwynn san diego padres brown jerseystyle tshirt l m majestic baseball mlb
mlb boston redsox jh design youth ripstop nylon hooded jacket navy mlb
mlb san diego padres cooperstown collection embriodered pull over jersey glll
mlb tix 16 row 5 ticket atlanta braves v washington nationals sun 521 @ suntrust park
mlb memorabilia mlb washington nationals 34 bryce harper button stitch blue jersey men l new
my second bulldog single wheel pitching machine just arrived outdoorjakartasports softball diyathomecagesyesican
mlb cards 2016 topps heritage colorado rockies baseball card 707a trevor story sp rookie
mlb wow chicago cubs one of a kind collectible replica banner mlb champs
mlb vintage original 1990's colorado rockies dante bichette 10 mlb jersey size 52
mlb la angels of anaheim baseball bracelet pink mlb
clayton kershaw 2017 donruss 1983 retro pink back dodgers rv17 sp dodgers
l collectibles buzz adidas milwaukee brewers mlb navy baby onesie jumper infant sz bestseller ebay
mlb newyork yankees mlb new era 9fifty atech flat bill snapback hat
collectibles majestic pittsburgh pirates mlb men's tshirt gray size xl buzz
cards card 1963 topps 9 card lot jim gilliam losangeles dodgers
mlb cards detroit tigers vs st louis cardinals 1968 world series program baseball card
2013 topps chrome justinverlander sepia refractor rare 4675 card 150
mlb oakland athletics giii sports by carl banks balance swim trunks black mlb
mlb cards 1967 topps 140 willie stargell pittsburgh pirates baseball card card
mlb cards 1966 topps baseball card st louis cardinals lot of 8 psa graded cards skinner 9
mlb cards chuck carr 96 leaf extended signature series autograph milwaukee brewers
tix tickets 2chicago cubs vs new york yankees ticket 050717 saturday @ wrigley field
buzz ivan rodriguez majestic texas rangers tshirt auction deals
mlb seattle mariners lapel pins 5 pin lot lot 2
collectibles buzz vintage st louis cardinals 1982 world series champions hoodie
mlb memorabilia daniel murphy washington nationals nations bobblehead bobble head new
mlb memorabilia rally monkey losangeles angels mascot bobble head 2014 sga limited edition new
mlb new era losangeles angels of anaheim infant red my first 9forty hat angels
mlb new era philadelphia phillies fitted hat mlb sales discount
sports derekjeter 2012 topps 7 card insert lot golden greats gold standard yankees
mlb new era cincinnati reds heathered grayred neo 39thirty flex hat deals
mlb cards rafael pujols 01 royal rookies 33 autograph auto rc 5950 oakland athletics
l mlb adidas milwaukee brewers mlb baseball navy baby onesie jumper infant sz 69 mo deals bargains
2004 redsox autographed world series cooperstown bat co batsigned by 9 players
bullpen of the week reds
shark giants falling prey to close games
rejoice @ sfgiants and @ athletics fans food trucks flash sales and quest to get younger and hipper
mlb new era boston redsox women's navy essential visor
the church of baseball what about church at
mlb tix 4 tickets philadelphia phillies vs miami marlins 82417 citizens bank park
l sporting goods milwaukee brewers new era fitted hat 7 38 game cap mlb blue discount buy
mlb boston redsox 2017 wall calendar new 16 month mlb collectibles
mlb new era oakland athletics heathered graygreen neo 39thirty flex hat
sports 2014 bowman is back derekjeter beckett graded pristine 10 pristine yankees mlb
mlb st louis cardinals mental metal heathered slub tshirt xxl forsale onsale
mlb auth throwback sz 46 milwaukee brewers 50 vuckovich 1980's pinstripe jersey
mlb boston redsox majestic newborn amp infant game time jumper whitenavy mlb
mlb majestic colorado rockies troy tulowitzki mlb jersey medium purple sewn
@ espngreeny @ chriscanty99 stating the obvious mlb is only sport where size of field varies by location nfl nhl nba soccer
cards 1954 topps 13 billy martin newyork yankees billy martin 1954
mlb tix washington nationals vs san francisco giants tickets
mlb new era st louis cardinals adjustable hat mlb forsale onsale
mlb cards pittsburgh pirates 2017 diamond kings baseball 12 case 6box live break 1
mlb tix 2 ticket cincinnati reds vs washington nationals 715 tickets
hey yankees that's a fan that can actually catch the ball cardinals mlb faninterference interference nyyankees stlcards
2014 san francisco giants sga world series champs pennant flag never opened new mlb
mlb cards colorado rockies hit parade 5 baseball auto bat 15 supreme 2box break 1 card
mlb cards colorado rockies 2017 diamond kings baseball 12box full inner case break 1
justinverlander papelbon weaver 2007 ud spx winning triple patch 0825
mlb detroittigers detroit tigers track jacket xl nwt majestic deals
protips baseball coaching tips how to throw for batting practice rt retweet
mlb majestic threads mlb womens boston redsox shirt nwt m
mlb pittsburgh pirates new era shore performance 9twenty adjustable hat mlb
oakland athletics jersey pullover mlb xl sports goods
sport used power bolt d120n baseball glove 12 inch
mlb oakland athletics baseball jersey pullover mlb xl
mlb cards 1969 topps set jon warden rare high 632 kansas city royals ex
mlb cole hamels philadelphia phillies authentic majestic 2008 ws jersey adult 54
tix tickets 2 new york yankees vs white sox 417 ticket padded seats mlb
mlb san diego padres new era the league classic 9forty adjustable hat navy mlb
mlb colorado rockies new era infant my first 9forty hat black mlb discount
mlb autographs cody allen roberto perez signed autographed 8x10 photo cleveland indians
mlb cards joe frazier1955 topps89st louis cardinals card
mlb cards willie stargell pittsburgh pirates 1964 topps card 342 card
mlb cards 2003 topps san francisco giants team set 27 barry bonds jeff kent card
mlb 2003 topps finest gold xfractor 50 ichiro suzuki seattle mariners card
how to catch a fly ball infographic via @ scorebig
rich hill unlikely to make next scheduled start due to blister issue mlb
mlb baltimore orioles camden yards minimalist sport watch black mlb
mlb washington nationals majestic armor ii tonal therma base pullover hoodie mlb
mlb memorabilia complete set of washington nationals bobbleheads amp rendon garden gnome sga 2015
mlb baltimore orioles manny machado gnome sga figure brand new sealed baseball
sport glovesmith stratagem glove s1151 baseball rawlings hoh wilson g4 115 rht
check out 300 card lot of collectable cards toppsfleer's amp other brands via @ ebay
mlb tix chicago cubs v new york yankees vip bleachers saturday 5617 tickets
the lightning speed of the 2017 rawlings velo bbcor
mlb souvenirs boston redsox 2017 opening day vs pittsburgh pirates at fenway park pin
madbum 2007 bowman chrome draft madison bumgarner xfractor 299 pitcher
bullpen of the week reds mlb
@ tigers @ mattboyd48 we planned to go to the zoo todayinstead we stayed home with the windows open amp watched
2016 demarini vexxum nvs bbcor review speed amp sensibility sports
my realestate brain dotcom sports health fun exercise money mlb nfl nba sports briefing e
mlb 100 la losangeles dodgers mlb majestic light blue cool base jersey mens md nwt
mlb cards 2016 donruss optic jonathan lucroy 151 milwaukee brewers card
mlb reggie jackson majestic oakland athletics tshirt mlb
tix ticket 14 cleveland indians vs kansas city royals tickets 091717 cleveland
sport wilson showtime a800 baseball glove 12''new
mlb chase utley philadelphia phillies white jersey 56 3xl sales discount
greg bird joins yankees' earlyseason party star wars trailer
tix 14 cleveland indians vs kansas city royals ticket 091717 cleveland
mlb cards 1961 topps baseball 585 bob friend allstar pittsburgh pirates 011817
mlb stlouis cardinals coldbase world series 2011 greyroad 23 freese size 52 xxl
mlb men's majestic philadelphia phillies 1980 world champions jersey 2xl euc
mlb cards st louis cardinals st louis university slu billiken shirt xl sga 929
mlb kansas city royals majestic fast win threequarter raglan sleeve tshirt mlb
2005 sweet spot 59 justinverlander rc mint 998057 pitcher
yankees jackets large vintage mlb new york yankees jacket shipping
mlb mlb majestic san diego padres baseball jersey shirt sz xl xlarge navy blue usa
the times' high school baseball rankings
mlb ken griffey jr replica statue seattle mariners sga 40th 41417free shipping
ticket tix vintage 60s chicago cubs baseball beer drinking glass mug tickets white sox ofr
is the 2016 combat portent g4 bbcor a very good baseball bat bbcor
sports 1993 upper deck 449 derekjeter new york yankees rookie card bgs bccg 10 mlb
mlb la dodgers matt kemp mlb baseball jersey coolbase authentic size large
mlb memorabilia vintage johnny peacock 193744 boston redsox photo by apex photograph company
mlb majestic losangeles angels of anaheim black marvel iron man tshirt angels
mlb cards 1966 topps 125 lou brock st louis cardinals psa 5 ex card
mlb nationals 2010 topps 661a stephen strasburg grade 85 nm mint rookie card nationals
wang pojung blasts a solo shot to right center
cards card 2016 topps walmart holiday snowflake hmw74 claytonkershaw losangeles dodgers
ende heren mlb41 detroittigers vs clevelandindians24 newyorkmets vs miamimarlins
mlb tix 2 green monster seats boston redsox vs chicago cubs april 28th 710 pm
ticket tix chicago cubs vs milwaukee brewers418one bleacher etickets
mlb new era oakland athletics adjustable hat mlb
l b mlb cards ryan braun milwaukee brewers 2017 topps baseball material relic card mlmrb
bob gibson throws a nohitter cardinals pirates
25 card lot miscellaneous clayton kershaw cards dodgers pitcher
mlb cards stephen piscotty 2017 topps heritage mini insert 'd 068100 st louis cardinals
mlb roberto clemente 3 cards amp white jersey wgold trim men xl pittsburgh pirates
hot sexyand naked girls having oral sex nude pictures
mlb cleveland indians new era women's preferred pick 9twenty adjustable hat mlb
mlb tix 2 losangeles angels vs blue jays fri 421 707pm t225 aisle free angels cape
mlb mlb pittsburgh pirates leather money clip
buzz texas rangers majestic girls newborn amp infant fanatic baseball bodysuit mlb
mlb cincinnati reds majestic girls youth heartbeat tshirt red mlb deals
this is how i spent my easter weekend in a true american fashion watched hung
l b collectibles buzz milwaukee brewers new era fitted hat 7 38 game cap mlb blue bestseller
the latest up and inside baseball news thanks to @ jpaulm08 @ orioles101 @ mlbsportmag mlb
mlb souvenirs boston redsox stitches mens zippered front jacket xl
mlb souvenirs boston redsox embroidered logo new era 59fifty 100 wool fitted cap 7 18
l collectibles buzz milwaukee brewers new era fitted hat 7 38 game cap mlb blue bestseller ebay
mlb memorabilia trea turner majestic washington nationals tshirt mlb
mlb new era kansas city royals heathered grayroyal neo 39thirty flex hat
mlb ken griffey jr replica statue pre sale sga april 14th 2017 seattle mariners 40th
mlb new era 59fifty youth kids hat philadelphia phillies royal blue cap alternate
how much does your baseball team have an effect on your overall mood
mlb majestic kansas city royals girls youth gray from the stretch notch neck tshirt
mlb unusual anaheim losangeles angels new cap mediumlargered angels
2 2012 triple threads cards justinverlander patch 1036 and 31 110625
mlb cards washington nationals 2016 bowman draft jumbo full case 8x baseball break 21
buzz nolan ryan texas rangers big amp tall cooperstown name amp number tshirt royal
mlb majestic san francisco giants girls toddler white triple heart tshirt
yankee fans stop reaching and if you do catch the ball yankees mlb
mlb nwt derek jeter newyork yankees navy blue tshirt mlb players choice l
mlb indians 2 2017 topps heritage michaelbrantley cleveland indians 269
mlb souvenirs boston redsox majestic armor ii tonal therma base pullover hoodie navy mlb
mlb tix 2 philadelphia phillies @ atlanta braves tickets 1st row vista infield 68
mlb philadelphia phillies blank sewn mlb baseball alternate jersey size medium new
i gotta say that i didn't even know it was playoff season in basketball that's partly because i don't watch basketball football
david ortiz redsox 8x10 hand signed photographs 100 real buy cheeeep mlb
mlb philadelphia phillies new era trucker 9forty adjustable hat mlb sales
l l mlb new era milwaukee brewers navy script jersey tshirt deals bargains
mlb memorabilia washington nationals new era core classic 9twenty adjustable hat black mlb
mlb buzz rawlings 2016 chicago cubs world series champions commemorative
buzz texas rangers giii 4her by carl banks women's homefield slub tshirt mlb
mlb cards 1983 topps 389 robin yount allstar psa 10 gem mint milwaukee brewers
looking good with that stadium in the background letsgoyankees mlb bronx
mlb cards trea turner 2016 topps scouting report auto washington nationals hot auto
mlb trevor story colorado rockies majestic official name amp number tshirt mlb
mlb washington nationals collectible gold coin mlb
what might a carlos correa extension look like news mosaesports sportswear
enter the upside down braves played 'stranger things' theme song for wil myers' atbat mlb
collectibles pittsburgh pirates mlb team men's black sparo spirit watch buzz
shark giants falling prey to close games mlb
mlb strikes deal to stream 20 games per week in india
mlb detroittigers detroit tigers giii sports by carl banks americana swim trunks mlb
mlb tix chicago cubs 2017 baseball rizzo's cereal ticket anthony nib blackhawks bulls
collectible topps baseball cards la angels 1981 trading cards lot 7 mlb
prepare for trade deadline madness mlb
mlb vintage st louis cardinals kplrtv 11 knit scarf forsale onsale
wives nude women naked in locker room porn
mlb cards 9 baseball1966 toppsboston redsoxvery niceno dups card
mlb cards johnny o'brien1955 topps 135pittsburgh pirates card
mlb mlb colorado rockies t shirt men's medium nike dri fit
mlb cards 2016 donruss optic rated rookie trea turner washington nationals auto
cards card scott kazmir losangeles dodgers 2017 topps gypsy queen missing blackplate
mlbsandiegogt padres' weaver gets first crack at bravesthe v
mlb cards 2016 elite extra edition corbin burnes auto rookie milwaukee brewers autograph
mlb cards 1996 jason kendall best minor league rookie auto pittsburgh pirates card
mlb cards 140 st louis cardinals baseball card collection 1971 1985 card
mlb majestic boston redsox navy swing batter peanuts pullover hoodie
is the only sport i know that when you're on offense the other team controls the ball
sporting goods adidas milwaukee brewers mlb navy baby onesie jumper infant sz 69 mo
mlb milwaukee brewers new era road diamond era 59fifty fitted hat mlb deals
collectibles buzz mlb adult st louis cardinals hat road caps mens youth boy logo
in simivalley it is illegal to play soccer or football in publiccalifornia law legal humor
new era san francisco giants fitted hat mlb mlb
mlb cards 2004 st louis cardinals kansas city life card complete set mlb sga
dbacks goods majestic arizona diamondbacks mlbcopper snake 'd' logo white jersey l
mlb 2007 sp authentic ryan zimmerman by the letter t patch auto 25
had to stop though and see the vtown vallejo legend @ ccsabathia and joski707 @
sporting buzz mens large promo green oakland athletics sweeney button jerseynwot
yankees jersey new york yankees jersey style stitches shirt size large mlb
outfield tips fielding the baseball knowing the situation rt retweet
collectible buzz philadelphia phillies spinner keychain mlb ebay auction
mlb cards matt chapman oakland a's sprc 2014 prizm powder blue refractor matt chapman
new 2017 san francisco sf giants golden state warriors beanie cap hat sga mlb
mlb oakland athletics true fan jersey white men xl j3
san francisco giants majestic youth team wordmark fullzip hoodie black mlb mlb
baseball hitting tips 1 long ball secret barry bonds rt retweet
mlb majestic threads oakland athletics tshirt mlb
mlb souvenirs boston redsox mens track jacket xl
mlb newyork yankees mlb diamond mesh new era 950 snapback flat bill brim hat cap ny
mlb cocacola colorado rockies 1995 coors field inaugural year glass 14 oz discount onsale
mlb daniel murphy 2016 jumbo largecard washington nationals new sga not bobblehead
mlb memorabilia bryce harper washington nationals majestic heat of the moment tshirt mlb
mlb milwaukee brewers mlb 8'x10' area rug deals bargains
mlb baltimore orioles majestic big amp tall emergence vneck tshirt blackorange
mlb st louis cardinals red baseball tshirtadult xl menwomen heart logo
kansas city royals 2017 diamond kings 12box full inner case break 1 cards
mlb cleveland indians indian mlb full size batting helmet sporting goods
mlb tix 58 new york yankees world series press pin pass tickets giants mets rangers offr
cards 1974 topps 9 card oakland athletics lot nmmint nm vintage card
girls naked sex fuked naked girl famous
mlb vintage milwaukee brewers snapback trucker hat deals bargains
mlb detroittigers detroit tigers mitchell amp ness overtime win vintage vneck tshirt mlb
love this 2 power ls on impact with lower being generated by the lower half batting softball
mlb tickets 14 miami marlins @ milwaukee brewers 7217 ticket 2017 sec 422 row 8 miller
seinfeld elaine refuses to take off her orioles hat at the yankees game mlb sports
mlb pittsburgh pirates majestic toddler play ball ringer tshirt yellow mlb
mlb 2016 chicago cubs world series champions goodbye someday nike parade rally
it's hard to win a pennant but it's harder losing one
mlb cards david hulse 96 leaf extended signature series autograph milwaukee brewers
early start to week ahead on patriots' day mlb
sf giants 2014 world series champions cap sga san francisco brand new mlb
mlb memorabilia washington nationals oil tricked metal badge snapback 9fifty new era mlb hat
mlb memorabilia vintage 1950s bazooka blony 5 inch felt baseball pennant patch boston redsox
mlb ted williams boston redsox 1939 cooperstown collection home jersey size xl
1947 babe ruth day at yankee stadium yankees baberuth nyyankees
mlb cards 1992 ziploc 3 rollie fingers oakland athletics hall of fame
mlb cards 1993 topps colorado rockies 9 different autograph baseball cards d neid
sunday night blues after 4 super fun days with my most excellent family smiles laughter love wku celebrate80years
mlb cards 2004 kevin youkilis bowman futures rookie jersey ky boston redsox card
sports derekjeter 2010 1992 bowman throwbacks bt65 psa 10 gem mint mlb
scott schebler with the perfect bunt ashlandbeacon easter redsvsbrewers
mlb new york yankees mlb 1 buttons pinbacks sports buzz
mlb memorabilia washington nationals 2012 kid's club screech bobblehead new sga mascot defects
mlb nationals 2010 stephen strasburg bowman chrome purple refractor bdp1
tickets mlb philadelphia phillies vs new york mets ticket 081117 811 double aisle pair
san francisco giants hunter pence catch bobblehead sga mlb
mlb cards card 1972 topps cincinnati reds lot 13 cards ebay auction
buzz texas rangers giii sports by carl banks americana swim trunks redblue mlb
mlb women's boston redsox majestic plus size spirit awareness tshirt plus mlb
mlb pittsburgh pirates mitchell amp ness seal the win hoodie gray mlb
collectibles buzz russell athletics milwaukee brewers buttonup gray jersey men's
mlb levi's oakland athletics women's green western fullsnap shirt
mlb kansas city royals majestic newborn amp infant 2piece bodysuit set mlb
lot of 3 pawtucket redsox autographed baseballs mlb autograph
mlb seattle mariners majestic girls toddler triple heart tshirt white mlb
l l mlb cards ryan braun milwaukee brewers 2017 topps baseball material relic card mlmrb card
l collectibles buzz russell athletics milwaukee brewers buttonup gray jersey men's bestseller
mlb san diego padres mitchell amp ness hitting streak tailored tshirt gray
mlb cards 2017 topps series 1 washington nationals team set of 13
mlb new era oakland athletics infant my first 9forty hat green mlb
mlb men's l newyork yankees nike drifit long sleeved shirt
links to st louis cardinals websites cardinals mlb websites
signed autographed jarrod salty saltalamacchia mlb baseball rangers redsox
mlb cards khalid ballouli 04 topps chrome autograph auto rc 227 milwaukee brewers
l mlb cards 2017 topps gypsy queen 279 ryan braun red border 110 insert milwaukee brewers card
mlb tickets chicago cubs vs miami marlins wednesday june 7 early entry bleacher ticket
l l l mlb 2003 jeffrey hammonds milwaukee brewersgiants sga bobblehead new free ship deals
mlb new era colorado rockies black mlb team classic game 39thirty flex hat
nightly pick 'em game for april 17th
l mlb cards bill hall 95 signature rookies autograph auto rc 6000 milwaukee brewers card
collectibles buzz pittsburgh pirates mlb team men's black sparo spirit watch
mlb cards 1980 topps rickey henderson oakland athletics 482 rookie psa 8
buzz texas rangers giii 4her by carl banks women's opening day tank top mlb
buzz fanatics branded texas rangers tshirt plus mlb auction deals
cards card philadelphia phillies lot of 25 cards kruk schmidt howard
mlb tix 16 row 5 ticket atlanta braves v washington nationals sat 520 @ suntrust park
tix ticket kansas city royals vs minnesota twins 1 theme tickets rusty kuntz bobblehead
mlb tix 2 losangeles angels of anaheim vs seattle mariners ticket 92917 angel stadium
did you hear that @ eastcoastlimos partnered w @ ottawachampions arrive to the game @ rcgt park in style esax ottcity limo
mlb cards 2016 bowman's best riley pint auto refractor on card blue ink colorado rockies
mlb oakland a's 2016 josh reddick sga bobblehead wall catch spinning 0528 nib
cards card 1959 topps baseball card387 don drysdalelosangeles dodgersnrmt
mlb cards 1968 topps 35 cleveland indians steve hargen psa 9 mint indians
cards card 2017 topps rediscover topps lot of 21 losangeles dodgers gold silver bronze
mlb detroittigers detroit tigers men's big amp tall xlt6xl graphic tshirt mlb two tone orange
baseball stadium provides fine dust masks to spectators korea kbo pollution
mlb rare pittsburgh pirates 1925 world series championship ring w displays cube usa
cardinals goods st louis cardinals official mlb 1942 bat by coopersburg sports
mlb nwt men's majestic st louis cardinals world series history mlb tshirt size xl
is the only orderly thing in our unorderly world if you get three strikes even the best lawyer in the world can't get you off
l l sporting goods milwaukee brewers new era fitted hat 7 38 game cap mlb blue discount buy
tix boston redsox @ fenway park vs orioles 2 bleacher ticket together may 2
carlos correa player of the game ps4share mlbtheshow17 ps4 puertorico theshow17
mlb cards 2017 topps max scherzer true 11 platinum 30th anniversary washington nationals
mlb san francisco giants majestic big amp tall long sleeve thermal tshirt black
apparel souvenirs nike cincinnati reds tshirt gray mlb men's large l hot
sports goods 7418 majestic washington nationals authentic game on field jersey 52
mlb new cleveland indians 3'x5' banner flag sporting goods
mlb pittsburgh pirates mlb newera fitted 59fify hat cap on field new era cool base
yankees jersey bernie williams 51 new york yankees jersey boys m 10 12 blue mlb kids
mlb chicago cubs ben zobrist autographed 2016 world series usa sm auth onsale
mlb souvenirs mookie betts boston redsox sga bobblehead bobble 04142017
mlb tix chicago cubs world series sun times pennant ring newspaper 41217 ticket mkofr
collectibles buzz st louis cardinals red tshirtadult xl menwomen heart logo
mlb milwaukee brewers majestic threads visionary triblend tshirt navy mlb
sports derekjeter 1993 topps 98 rc rookie card new york yankees psa 10 gem mint mlb
mlb tix 16 row 5 ticket atlanta braves v washington nationals fri 519 @ suntrust park
mlb memorabilia 1959 frank malzone boston redsox 4x5 baseball negative
mlb new era st louis cardinals infant red my first 9fifty snapback adjustable hat
exciting history of baseball history
ticket tix 1941 chicago cubs baseball press box pass tickets pin stub white sox hawks mkofr
mlb majestic pittsburgh pirates baseball mlb men's tshirt gray size xl
mlb tix canada dry nfl new york giants ginger ale soda pop can mets yankees tickets ofr
mlb cards cleveland indians 2017 diamond kings 12 case 6box live break 1
mlb new majestic oakland a's athletics jersey authentic 44 alternate yellow
mlb new era boston redsox heathered gray tweed trim fitted hat
authentic mlb san francisco giants baseball tee shirt by majestic mens large mlb
enter the upside down braves played 'stranger things' theme song for wil myers' atbat
mlb san francisco giants official mlb 5 x 9 car magnet 2pack sf by wincraft
mlb tix 2 tickets philadelphia phillies vs colorado rockies 52317 citizens bank park
apparel mike trout losangeles angels premium quality pennant 12x30 banner
men's san francisco giants nike royal cooperstown collection triblend shirt nwt mlb
cards card claytonkershaw losangeles dodgers 15 card lot wrookie
ken griffey jr hits his 600th home run reds marlins
mlb washington nationals refractor lot bryce harper jayson werth amp ryan zimmerman rc
brandon crawford majestic san francisco giants tshirt mlb mlb
cards card mike scioscia 1981 losangeles dodgers card lapd police officer knock on door
mlb cards 1969 topps set bobby etheridge rare high 604 san francisco giants exmint
mlb mlb philadelphia phillies boy's colorblocked buttondown jersey red 4
cecil cooper autographed baseball tristar hidden treasures redsoxbrewers mlb
cards card 1963 topps card283 roy sieversphiladelphia phillies
enjoying a baseball day cb barcelona sub14bateando cbbarcelona
mlb pittsburgh pirates majestic youth digi camo tshirt black mlb
what's the worst crazed parentcoach story from when you played baseball as a kid
mlb men's seattle mariners tshirt size xl vintage 1997 starter
mlb memorabilia washington nationals giii sports by carl banks americana swim trunks mlb
mlb milwaukee brewers navy majestic men's mesh shorts deals bargains
mlb boston redsox throwback retro blank mlb baseball jersey gray size medium new
the best seat in the house handpainted mural artwork wallart ballpark fenwaypark redsox
tix ticket 2 losangeles angels vs blue jays fri 421 707pm t225 aisle free angels cape
mlb baltimore orioles new era sub mixer 9forty adjustable hat mlb
mlb collectible budweiser mlb boston redsox redsox nation dirty bandits aluminum beer can
mlb 1983 baltimore orioles world champion memoribilia
mlb baltimore orioles nick markakis authentic majestic mlb sewn jersey mens 54
mlb st louis cardinals tshirt large nwot forsale onsale
mlb cards 2017 topps tribute full 8 box case bonus 1 pyt indians card
mlb fantasy baseball show mlb fantasysports sports golive fantasybaseball fantasy
mlb st louis cardinals new era shadow grayed 9forty snapback adjustable hat mlb
mlb san francisco giants victoria's secret pink shirt size l sporting goods
snippet of despacito remix w justin bieber sport
mlb detroittigers detroit tigers oyo sports home run derby set mlb deals
2017 topps heritage clayton kershaw card dodgers pitcher
walkoff winners in dc bryce and bunny mlb thediamondcave
sports vintage 60s chicago cubs beer drinking glass mug tickets white sox ofr memorabilia sale
yankees jersey derek jeter 2 new york yankees jersey youth xl excellent mlb
mlb tix 3 new york yankees vs white sox 417 tickets padded seats ticket
buzz majestic mens size 2xl texas rangers it is whether you win or lose red shirt
mlb stance losangeles angels of anaheim youth gray diamond collection socks
mlb cards psa 10 bo jackson 1986 topps traded 50t rookie rc kansas city royals
l mlb cards ryan braun milwaukee brewers 2017 topps baseball material relic card mlmrb card
mlb new york yankees snoopy plush doll metlife jerseybrand new in sealed pkg2011
mlb memorabilia 8 1955 ted williams boston redsox photo negatives eastern airlines in civvies
cards card 1997 bowman 194 adrian beltre losangeles dodgers rc rookie 1st card nmm
mlb kansas city royals hoodie sweatshirt vtg 80s 90s adult small medium
dbacks goods arizona diamondbacks chase field club size 2xl shirt 100 cotton
not a huge yankees fan but i have to admit they look younger and faster than i've seen in years mlb
mlb la la angels mlb team fabric iron on appliques no sew shirt logo craft
mlb tix 2 terrace infield tickets new york yankees vs baltimore orioles 69 ticket
mlb majestic san francisco giants black big amp tall third wind hoodie sporting
mlb mitchell amp ness boston redsox graynavy scoring position 34sleeve tshirt
mlb cards oakland athletics a's signed card lot of 10 different players autograph auto e
mlb cards austin gomber 2016 bowman chrome st louis cardinals hobby case player break
mlb washington nationals new era space hook 9fifty adjustable snapback hat mlb
mlb new era san diego padres navy the league classic 9forty adjustable hat
summer is almost herewho's ready to get their grind on @ beachdawgs bradenton
mlb colorado rockies majestic home field advantage tank top black mlb
mlb cards 2011 bowman bryce harper rc rookie card prospect washington nationals
collectibles buzz majestic pittsburgh pirates mlb men's tshirt gray size xl
what would we do without cameras candlestickpark stadium sfgiants gogiants etsy etsyshop
sports 1993 topps derekjeter 98 rookie card new york yankees sharp centering perfect
matt cains perfect game giants astros
2005 bowman first year justinverlander detroit tigers pitcher
mlb 2007 ud america's pastime ryan zimmerman auto 2nd yr nationals
sports 2015 topps chrome derekjeter gallery of greats psa 10 gem mint ny yankees mlb
mlb baltimore orioles new era core standard 9twenty adjustable hat black mlb
ticket tix chicago cubs world series sun times pennant raising newspaper 41117 tickets ofr
mlb sports stadium postcard new york ny bronx yankee stadium yankees baseball
mlb majestic throwback san diego padres button down baseball jersey size large
kirk gibson world series home run dodgers mlb worldseries
mlb vin scully la dodgers vs san francisco giants thank you vin postcard
san francisco giants majestic batting practice jersey xl authentic mlb
mlb chicago cubs jake arrieta autographed 2016 world series usa sm auth
despacito remix justin beiber ft daddy yanke ft luis fonsi sport
mlb vintage 90s majestic newyork yankees pinstripe jersey mlb sewn baseball size l
rawlings pros17hbc 1175 pro preferred series infield baseball glove new littleleague softball
apparel new era losangeles angels of anaheim red team rustic 9twenty adjustable hat
mlb cocacola colorado rockies 1995 coors field inaugural year glass 14 oz
mlb tickets chicago cubs vs new york yankees 2 ticket may 7th 5717 wrigley field
morning matchup starts action on mlb
mlb daniel murphy washington nationals nations bobblehead bobble head new
mlb cards psa 10 roberto clemente 1986 sportflics decade greats 43 pittsburgh pirates
7413 majestic boston redsox authentic game on field jersey red 52 new
sport rawlings baseball glove bobby bonilla signature
mlb mens l sewn losangeles dodgers mlb baseball jersey blue true fan
mlb memorabilia pedro martinez boston redsox replica hall of fame plaque new in box
mlb cards nolan arenado 2016 bowman chrome colorado rockies hobby case player break
mlb cards milwaukee brewers 2017 diamond kings baseball 12 case 6box live break 1
sports pattern bathroom set homedecor interiordecoration giftideas smallbiz
mlb washington nationals '47 women's sparkle clean up adjustable hat red mlb
mlb rockies 2014 topps tribute carlos gonzalez titans jersey relic blue 50 rockies
mlb cards pittsburgh pirates 2017 tribute 1 case 4x index card team break topps baseball
easter splendor a tuneup to patriots' day
mlb tix boston red sox tampa bay rays mint season tickets 41617 2017 mlb stub
mlb cards colorado rockies 2017 topps gypsy queen baseball 5box half case break 12
mlb cards washington nationals harper strasburg rendon rookies strasburg schedule
he's already got the bat flip down
pineda delivers backtoback strong outings
tix 16 row 5 tickets atlanta braves v washington nationals sat 520 @ suntrust park
mlb colorado rockies matt holliday 2007 world series jersey majestic men's sz l
cards card 2017 donruss joc pederson pink back variation card losangeles dodgers
mlb majestic baltimore orioles girls youth gray from the stretch notch neck tshirt
mlb indians 2015 heritage foil cleveland indians michaelbrantley 150
mlb rangers to review their options at closer sam dyson tex
mlb 2 cincinnati reds reds heads flags deals bargains
mlb majestic san diego padres tshirt mlb
better logo milwaukeebrewers or baltimoreorioles go @ brewers @ orioles mlb fans radio logo
collectibles buzz cincinnati reds 625 glass stein vintage mlb big red machine
mlb rockies 2014 topps heritage 494 carlos gonzalez rockies psa 10 gem mint
despacito remix ft justin bieber sport
mlb new philadelphia phillies men's tshirt size 2 xl sales discount
nba new hat cap fitted adidas newyork knicks size 7 34 blue orange nba onsale discount
the baltimore orioles dave mcnally baltimoreorioles orioles davemcnally mlbtalk
binewsusa mlb yankees 9 cardinals 3 behind a resurgent greg bird the yankees win their seventh s
mlb ozzie smith majestic st louis cardinals tshirt forsale onsale
mlb cards stephen strasburg 2010 washington nationals rookie card bowman platinum mlb rc
souvenirs philadelphia phillies blank sewn mlb alternate jersey size xl new fan apparel
this @ mconforto8 2016 @ paniniamerica immaculate @ mconforto8 autograph relic 'ed10 is still my favorite mets
getting lost in the pages of a new read jackierobinson 42 faith
mlb san diego padres majestic women's league diva snap placket tshirt navy mlb
2015 topps allstar stitches card clayton kershaw dodgers pitcher
mlb cards ronnie williams 2016 bowman draft st louis cardinals 1 jumbo case player break
mlb cards 2016 donruss terrance gore autograph kansas city royals prospect auto
mlb losangeles dodgers zack greinke sewn jersey white
tickets mlb 67 new york mets baseball program v los angeles dodgers lakers knicks ticket ofr
it's a babyboy i knew bringing 'old googly' to the us was a smart move cricket gt
mlb baltimore orioles majestic girls toddler triple heart tshirt white mlb
stolen from rnfl in honor of easter who are some notable players that resurrected their careers
mlb san francisco giants men authentic majestic flex base jersey 44 large
mlb cards chuck hiller 1965 topps 531 hi san francisco giants tremendous sharp
mlb 2014 san francisco giants sga world series champs pennant flag never opened new
mlb cards 2017 topps st louis cardinals factory sealed team card set molina wacha diaz oh
mlb collectible boston redsox 2017 wall calendar new 16 month mlb
mlb men's xl 54 luxe embroidered cleveland indians pullover jacket cool base nice
links to boston red sox websites boston redsox mlb websites
mlb majestic la la angels albert pujols 5 large l red jersey tee shirt
get iseeksugar coolest app for dating sugardating hockey q5
cards card 2008 topps heritage 595 claytonkershaw rookie card losangeles dodgers
mlb cincinnati reds men's big amp tall xlt6xl graphic two tone tshirt mlb red a13mlm
tickets mlb 3 ticket sf san francisco giants vs new york mets 625 atampt park tix
mlb cards st louis cardinals 2017 diamond kings case 4x index 1 card team break
mlb yankees derek jeter autographed full psa loa coa minor league ball
collectible buzz tommy lasorda losangeles dodgers 2001 dodger great bobblehead mlb sga
mlb memorabilia men's washington nationals 34 bryce harper jersey great condition red xl
mlb mlb newyork ny yankees logo rmc stripe mens large crew cut socks
mlb new men's la angels 27 mike trout mlb red jersey
mlb st louis cardinals official mlb 1942 baseball bat by coopersburg sports 211158
sports 1993 topps baseball 98 derekjeter rookie new york yankees jeter 1993
mlb cards kansas city royals 2017 diamond kings baseball 12box full inner case break 1
vintage luis tiant autographed replica boston redsox jersey 23 with jsa cert
mlb tommy bahama colorado rockies men's medium light purple shirt mlb discount
mlb memorabilia babe ruth 1918 redsox charles conlon original type 1 photo psadna rare
mlb washington nationals splatter crew socks
mlb detroittigers mlb detroit tigers standings board vtg rubber fridge magnet 70s card lot
had a great time with my family at @ dodgers final score 31 dodgers lost to @ dbacks easter2017 la
buzz texas rangers new era toddler pop stitcher 9twenty adjustable hat mlb
buzz majestic adrian beltre texas rangers red big amp tall official player tshirt
cardinals goods vintage st louis cardinals 1982 world series champions hoodie lxl
mlb detroittigers majestic detroit tigers girls toddler white triple heart tshirt
madbum 2016 topps allen amp ginter buster posey madison bumgarner dual rip 50 unripped
mlb cards 2016 high tek tidal ted williams redsox card
bet on get a 5 bitcoin bonus btcplay now via
mlb authentic oakland athletics majestic jersey
mlb san francisco giants authentic cool base tim lincecum jersey size 52
ende heren mlb78 texasrangers vs seattlemariners39 stlouiscardinals vs newyorkyankees
mlb kansas city royals christmas stocking new with tags
mlb tix 2 chicago cubs vs brewers419vip bleacher ticket tickets
cardinals goods st louis cardinals red tshirtadult xl menwomen heart logo
mlb kansas city royals new era the league classic 9forty adjustable hat mlb
hey @ yankees fans keep your hands off the interference
cool simple blacktee perfect for seasonyou can get cheap price plussizetee from @ lee528lee
mlb san diego padres majestic women's absolute confidence hoodie gray mlb
sports derekjeter amp chipper jones 1999 topps stadium club dual autographed signed card
mlb cards st louis cardinals pink performance tshirt adult xl sga new in package 5816
sports goods 7419 majestic washington nationals authentic game on field jersey 52
david ortiz mlb boston redsox autographed world series logo baseball mlb
mlb lou gehrig 2014 minnesota twins version sga bobblehead new york yankees 742014
game sex kim kardashian nude free pics
mlb la angels of anaheim mlb authentic majestic therma base shirt xl 2xl
my realestate brain dotcom sports health fun exercise money mlb nfl nba rockets 118 thund
mlb kansas city royals majestic big amp tall home field advantage tank top royal
mlb cards alex reyes 2016 bowman chrome st louis cardinals hobby case player break
mlb cards cleveland indians 2016 bowman draft jumbo full case 8x break 21
mlb colorado rockies new era perforated block 9forty adjustable hat mlb
mlb la anaheim angels mike trout camouflage tshirt xl new al mvp sga stub
mlb new era cincinnati reds red the league classic 9forty adjustable hat deals
mlb memorabilia 1973 boston redsox baseball yearbook revised
mlb memorabilia vintage 1950's ted williams redsox hartland statue with original bat clean nr
get them while the last only have 1 or 2 in certain sizesthese twoblend shirts are so soft cutternation
mlb southwestcole hamels 'that's baseball' gt cole hamels on e
sports 1993 classic best gold derekjeter 115 mlb
mlb vtg philadelphia phillies jersey usa made by front rowsalem size xl
is art and science in motion
cards 2017 diamond kings 152 yohander mendez rc texas rangers card auction
mlb san francisco giants big amp tall victory arch tshirt ash sporting goods
bird yanks soar past cards in 7th straight win
from 2499 7413 majestic boston redsox authentic game on field jersey red 52 new
mlb indians 2015 immaculate shadowbox signatures michaelbrantley auto 'd 25 indians
cards mariano rivera ''10 card lot'' newyork yankees lot224 mlb card
quick hits yankees braun bellinger white sox kang news mosaesports sportswear
@ stephenasmith stating the obvious mlb is only sport where size of field varies by location nfl nhl nba soccer
apparel losangeles angels heat applied applique on navy slouch cap hat buckle adjust
madbum 2016 donruss madison bumgarner 1982 throwback insert card san francisco giants
mlb san francisco sf giants lou seal filipino heritage night bobblehead sga new
got this bad boy on it's way 5x7 @ topps hightek @ mconforto8 @ mets rookie 'ed49 will go great w my 'ed10
mlb tix boston redsox @ fenway park vs orioles 2 bleacher tickets together may 2
mlb nationals 25 card lot game used jersey ref auto sp insert bryce harper rc
sports goods majestic pittsburgh pirates mlb men's tshirt gray size xl
yankees jersey new york yankees jersey vintage russell athletic large mlb
mlb authentic san francisco giants barry bonds jersey size 52 sporting goods
mlb majestic pittsburgh pirates women's graywhite two seamer vnotch tshirt
sport easton titan 105 baseball glove 10 12 rht blueblack leather palm
mlb nwt nike therma fit seattle mariners mens performance hoodie sweatshirt s
mlb ken griffey jr seattle mariners alternate jersey 1998 1999 majestic size l rare
cards card 1994 leaf limited philadelphia phillies team set topseller
mlb baltimore orioles jersey st patrick's day edition men's size m2xl
yankees jersey vintage new york yankees jersey mlb
what might a carlos correa extension look like mlb
mlb souvenirs boston redsox hat 47 brand toyo tires branded brand new mlb genuine merchandise
from 1599 blue jays darrell cecillani 2017 game used tucci lumber bat
mlb boston redsox new era speed 9forty adjustable hat white mlb
mlb cards 2017 diamond kings andrew benintendi rc 131 boston redsox card
mlb kansas city royals majestic newborn amp infant game time jumper mlb
mlb tix chicago cubs v new york yankees vip bleachers saturday 5617 ticket
mlb cards 2017 topps gypsy queen chris sale capless variation boston redsox ssp card
mlb boston redsox mitchell amp ness hometown champs tshirt navy blue mlb
unikeep unikeep baseball trading card binder vintage giftsforhim sportscards
mlb indians 2016 topps michaelbrantley base card card 8 indians free shipping
red wings palka thrives on upstate rivalry news mosaesports sportswear
mlb soft as a grape milwaukee brewers women's navy racerback long tank deals
mlb san francisco giants new era mlb 9fifty star wars dual snapback hat cap
mlb tix vintage 60s chicago cubs baseball beer drinking glass mug ticket white sox ofr
tebow has drove in 9 runs struck out 9 times with fireflies columbia sc ap an update on tim
carlos correa with home run ps4share ps4 puertorico theshow17 mlbtheshow17
tix kansas city royals vs minnesota twins 1 theme ticket rusty kuntz bobblehead
this new joint angelsdodgers billboard has just popped up in southern california mlb sports
mlb new majestic st louis cardinals 100 cotton tshirt mens xl forsale
mlb 2017 gypsy queen green back ryan zimmerman card washington nationals
baseball amp softball equipment softball nikeeastonmizunodemarini
think baseball isn't your thing maybe we can convince you otherwise in ep 106 mlb barrybonds
mlb cards 2016 bowman's best 12 trevor story rc gold refractor 4750 colorado rockies
rain and flags at the baseball game yup rain yankeesvcardinals yay w
sports angels losangeles angels 2017 mike trout home run 170 ticket stub 4817
mlb giii 4her by carl banks cleveland indians sweatshirt mlb sporting goods
10 questions with baseballs paul balestrieri
mlb cards card 1987 fleer cincinnati reds team set 26 cards ebay
mlb colorado rockies giii 4her by carl banks women's homefield slub tshirt mlb
mlb cards oakland athletics 17 hp5 baseball autograph jersey 15 supreme 2box break 10
mlb ferguson jenkins autographed vintage boston redsox rowe postcard
collectible buzz vtg sanfrancisco giants jersey l barry bonds majestic usa made mlb
mlb new era boston redsox navy speed 9forty adjustable hat
mlb newyork yankees lee golf polo shirt size 2xl
mlb baltimore orioles jim palmer cooperstown collection sewn jersey white
mlb memorabilia losangeles angels 2017 mike trout home run 170 ticket stub 4817
mlb kansas city royals baseball caphatnew era 59fifty 7 78 2 tonechain logonew
mlb mlb adult st louis cardinals hat road caps mens youth boy baseball logo navy
people people you're not made of sugar rain yankees cardinals sundaynightbaseball
nude pictures lolly badcock porn vids
mlb athletics oakland athletics jersey pullover mlb xl
sport vintage wilson model a 2724 baseball glove
mlb corey ray 8x10 photo print milwaukee brewers top prospect deals bargains
mlb cards 2012 bryce harper washington nationals 661 sp rookie card
mlb new era 59fifty mlb cap losangeles angels of anaheim black on black fitted hat
mlb tix cincinnati reds vs chicago cubs ticket 042217 cincinnati tickets
the expert in anything was once a beginner motivationalquotes newbie
mlb washington nationals oil tricked metal badge snapback 9fifty new era mlb hat
mlb cards 1955 topps 124 harmon killebrew rookie card washington nationals
mlb san francisco giants i've got a giant attitude pin sporting goods
san francisco giants majestic infant batter up tshirt amp shorts set mlb mlb
mlb majestic oakland athletics youth green city wide cool base tshirt
newyork sports sundayfunday yankees @ yankees @ nyrangers lgr rangerstown newyorkrangers
mlb cards 2017 topps gypsy queen 279 ryan braun red border 110 insert milwaukee brewers
tix 2 miami marlins vs new york mets sec 11 tickets 62717 @ 710 pm ticket
sports 1941 chicago cubs press box pass ticket pin stub white sox hawks mkofr memorabilia sale
mlb cards 2017 topps gypsy queen raimel tapia purple auto rookie card sp colorado rockies
mlb cards 19811990 topps oakland athletics a's team set 284 cards 10 sets total nmmt
pefect weekend in the midst of sadness
mlb boston redsox throwback retro blank mlb baseball jersey gray size xl new
bird yanks soar past cards in 7th straight win mlb
sporting buzz oakland athletics jersey pullover mlb xl
mlb mlb mens gradient big logo training shorts boston redsox
buzz soft as a grape texas rangers women's royal plus size fastball vneck tshirt
ticket tix 2 tickets chicago cubs vs milwaukee brewers 99 wrigley field mlb
tsn top 10 teammate fights
mlb collectible disney mlb series vinylmation lot 8 differnet yankees redsox giants cubs
cards card kenta maeda 2016 bowman chrome losangeles dodgers hobby case player break
the controversial dick allen philadelphiaphilles phillies dickallen philadelphia whitesox
cardinals goods majestic st louis cardinals youth navy stripes ring tshirt
mlb philadelphia phillies majestic youth city wide cool base tshirt royal mlb
mlb tickets chicago cubs vs new york yankees 5617 tix
mlb cards 2017 topps baseball colorado rockies team set lot 15 349 card
mlb boston redsox genuine mini helmet purchased at fenway park hood ice cream 1990s
mlb cards 1983 topps wade boggs boston redsox 498 hof rookie exc condition card
mlb cards 1978 topps 154 cecil cooper psa 9 milwaukee brewers card
buzz mlb majestic texas rangers distressed xl gray graphic tshirt fast free shipping
apparel majestic losangeles angels of anaheim girls toddler white triple heart tshirt
mlb detroittigers detroit tigers majestic authentic collection team property tshirt navy mlb
tickets mlb new york mets baseball vs program ladodgers vg clippers angels rangers ofr
mlb cards jose pagan 1965 topps 575 hi san francisco giants nrmint wonderful
mlb majestic pittsburgh pirates tshirt mlb
mlb cards 2011 bowman prospects washington nationals bryce harper rc bp1 gma gem mt 10
mlb seattle mariners kids club adjustable hat
do you have news to share get it published
early start to week ahead on patriots' day
aliquippa pa high school 1928 team old photo pennsylvania aliquippapa
cards card losangeles dodgers 2017 diamond kings case 4x index 1 card team break
got this bad boy on it's way 5x7 @ mconforto8 rookie 'ed10 will go great with my immaculate patch
sporting goods newyork yankees opening day promo magnetic 2017 schedule
san francisco giants inside out pixar reversible tshirt large sga mlb
top 5 best baseball gloves for youth backed by 100's of real customer reviews youth
prepare for trade deadline madness
al rosen and the cleveland indians by don drewniak clevelandindians indians
justinverlander tigers ace 2017 gypsy queen missing front name plate 126
mlb majestic boston redsox women's graywhite two seamer vnotch tshirt
mlb new era pittsburgh pirates heathered black crisp 9fifty adjustable snapback hat
mlb memorabilia ryan zimmerman washington nationals oyo sports generation 5 mini figurine mlb
mlb mike trout figurine 9262015 wall catch 2016 sga la angels
mlb detroittigers mitchell amp ness detroit tigers team colors overtime win vintage tshirt
mlb david ortiz redsox 8x10 hand signed photographs 100 real buy cheeeep
mlb cards 2016 topps gold label 5x7 jumbo card 49 bo jackson kansas city royals
podcast purists might not like it but the pitchcount is in effect for 2017 minnesota high
tix 2 green monster seats boston redsox vs chicago cubs april 28th 710 pm
mlb pittsburgh pirates giii sports by carl banks home run swim trunks mlb
yankees are putting on a hitting clinic yanksonyes yanks sports @ yankees
mlb ken griffey jr xl 1991 bp seattle mariners jersey
cards texas rangers 2016 bowman's best full case 8x team break card auction
mlb cards andrew mccutchen rc pittsburgh pirates 2009 topps update and highlights card
sporting goods vintage 90s majestic newyork yankees pinstripe jersey mlb sewn size l
mlb memorabilia washington nationals majestic women's absolute dominance fullzip jacket mlb
mlb nationals 2015 diamond kings stephen strasburg studio portraits dual patch 0410 ssp
baseball john marshall 15 mayo 13
mlb cards 2014 topps bryce harper the future is now fn29 washington nationals
i'm watching a game for the first time ever who thought it'd be that fun
the great thing about is that there's a crisis every day
l mlb milwaukee brewers new era fitted hat 7 38 game cap mlb baseball blue deals bargains
ticket tix chicago cubs v new york yankees vip bleachers saturday 5617
tickets mlb 2 new york yankees ticket section 417 vs new york mets 815 tix
mlb cards lot of 5 1971 dell today's team san francisco giants team photo albums booklet
madbum 2016 bowmans best 27 madison bumgarner giants nm pitcher
the cleveland indians sudden sam mcdowell clevelandindians sammcdowell indians cleveland
the original boys of summer @ ericlovelife and i looking fierce throwback shortstop
mlb new manny machado 13 baltimore orioles 2017 spring training flex base jersey
mlb new era philadelphia phillies women's tech essential adjustable hat mlb
mlb detroittigers detroit tigers new era heather action 59fifty fitted hat mlb deals
trey mancini's on such a roll that his o's teammates are hitting dingers with his bats mlb
mlb pittsburgh pirates official mlb 8 x 8 perfect cut car decal pitt by wincraft
poets are like pitchers both have their moments the intervals are the tough things
l l mlb new era milwaukee brewers royal mlb team classic 39thirty flex hat deals bargains
mlb 1979 mlb pittsburgh pirates championship black commemorative bat w gold names
palka's power on display in impressive performance
mlb losangeles dodgers embroidered long neck barrel golf headcover 3 pack set mlb
mlb men's washington nationals 34 bryce harper jersey great condition red xl
sports derekjeter 2015 topps chrome gallery greats gold refractor serial 3150 psa 10
mlb cards washington nationals 2017 topps heritage 12 case break amp player card
mlb fanatics branded baltimore orioles tshirt mlb
mlb oakland athletics a's vintage women's jacket
mlb autographs lou boudreau signed hof plaque postcard psadna cleveland indians red sox
mlb tickets 2 new york yankees ticket section 236 vs la angels 620 tix
podcast mn high school adopts pitchcount pitching highschoolsports mshsl
mlb new dj lemahieu bobblehead colorado rockies fan giveaway
mlb boston redsox new era team hasher 9fifty snapback adjustable hat mlb
easter splendor a tuneup to patriots' day mlb
walker battles sore back in stellar outing mlb
mlb tommy lasorda losangeles dodgers 2001 dodger great bobblehead baseball mlb sga
apparel losangeles angels uniform starter mat floor man cave sports basement game room
mlb 2004 redsox autographed world series cooperstown bat co batsigned by 9 players
mlb nationals stephen strasburg 2016 bowman chrome vending case player break
blowjob free hidden old women full body massage clips
mlb cards yoan moncada 2016 bowman's best green autographed refractor 5999 redsox
mlb cards 2017 topps series 1 baseball five tool 5t29 trevor story colorado rockies
mlb athletics used mlb oakland a's athletics logo tshirt m green
mlb la dodgers replica jackie robinson statue new sga 41517
mlb cards 1939 play ball luke sewell 5 card psa 2 good cleveland indians
mlb baltimore orioles majestic newborn amp infant 2piece bodysuit set mlb
sport 8 33 baseball wood maple blem bats
mlb cards 1954 topps 84 dick cole pittsburgh pirates ex card
mlb detroittigers detroit tigers women's lead off tshirt navy blue mlb
mlb detroittigers women's detroit tigers majestic plus size spirit awareness tshirt plus mlb deals
mlb russell athletics milwaukee brewers buttonup gray baseball jersey men's 48 xl
tix tickets 4 front row aisle oakland athletics @ la angels 42717 lower view 430 row a
mlb cards 2015 topps kansas city royals series 1 and 2 team set '22 cards' world champions
mlb cards washington nationals 2015 bowman amp bowman chrome baseball 2box break 1
mlb cards lot of 100 1981 donruss 323 robin yount milwaukee brewers card
mlb souvenirs nike team genuine merchandise mens xl boston redsox navy waffle thermal shirt
mlb tix chicago cubs world series tribune pennant raising newspaper 41117 ticket ofr
the latest in bat technology with the 2016 mizuno nighthawk bbcor new review
mlb new era milwaukee brewers royal mlb team classic 39thirty flex hat deals
cards card losangeles dodgers 2015 topps supreme baseball 10box full case break
sports 2000 topps derekjeter sp franchise 2000 die cut refractor gem mint rare htf
mlb washington nationals new era core classic 9twenty adjustable hat black mlb
justinverlander ty cobb 2017 panini diamond king grey framed lot tigers
yankees jersey vintage majestic authentic diamond collection mlb new york yankees jersey sz m
mlb cards 1959 topps baseball set break jim busby boston redsox 185 sharp card
nike lunar trout 2 baseball trainer turf shoes cleats various sizes gray camo cleats
girls nude pics girl on girl sexy videos
mlb new era pittsburgh pirates white team sharpen 9twenty adjustable hat
mlb cards san francisco giants 1992 mothers cookies uncut autograph sheet poster card
i am loving all the new socks for @ mlb teams makes more players wear knickerbocker style pants mlb americaspastime
mlb 2001 topps traded amp rookies gold t99 ichiro suzuki albert pujols card
mlb new era philadelphia phillies red the league classic 9forty adjustable hat
mlb memorabilia washington nationals splatter crew socks
mlb cards st louis cardinals 2016 topps allen amp ginter x team lot 7 cards 2 minis wong
l l b mlb cards ryan braun milwaukee brewers 2017 topps baseball material relic card mlmrb
mlb new era cincinnati reds white team sharpen 9twenty adjustable hat deals
mlb cards lucas giolito 2015 bowman chrome prime positions auto washington nationals ssp
new york yankees catcher elston howard elstonhoward newyorkyankees yankees worldseries mvp
padres tonygwynn had 508 career plate appearances against pitchers now in the mlb sports
mlb memorabilia washington nationals blank sewn mlb baseball jersey size xxl new
cardinals goods lot of 3 st louis cardinals caps shopping store
the best baseball glove brands in the world glove brands
2017 topps heritage short print sp chrome refractor purple fill your set pick
mlb cards hunter dozier kansas city royals 2017 topps gypsy queen missing blackplate
cards card 2016 topps now os16a corey seager losangeles dodgers nl rookie of the year
mlb san francisco giants inside out pixar reversible tshirt large sga
mlb stitches cleveland indians navy fleece pullover hoodie sporting goods
mlb cards stephen piscotty 2014 bowman inception jerseyauto st louis cardinals
ticket tix 4 chicago cubs v milwaukee brewers tickets tue 4182017 705pm @ wrigley
mlb indians jim thome 25 cleveland indians stitch blue jersey men xl tags new nice
mlb lot of 3 ryan zimmerman cards 1 bat amp 2 jersey free shipping
mlb cards washington nationals refractor lot bryce harper jayson werth amp ryan zimmerman rc
nolan ryan hurls 6th nohitter rangers athletics
mlb vintage seattle mariners ichiro suzuki majestic t shirt sz xl in excellent cond
tix 4 miami marlins vs los angeles dodgers 0715 @ sec5d tickets ticket mlb
mlb majestic pittsburgh pirates alternate baseball jersey size 40 medium m
tix tickets 2 new york yankees ticket section 236 vs la angels 620 mlb
mlb cards 2017 topps tribute rookies 5x7 49 andrew benintendi boston redsox card
video cool whiteboard video about marucci baseball gloves check out this quick review
mlb alcides escobar kansas city royals 2015 world series trophy bobblehead new
mlb cards 2017 gypsy queen trevor story purple autograph 141150 colorado rockies rare
tix tickets 2 ticket derek jeter 2 retirement game yankees vs astros 514 mother's day
mlb losangeles la dodgers old style cap hat mlb baseball pin
mlb memorabilia washington nationals ryan zimmerman silver and gold bobblehead sga 2010
morning matchup starts action on mlbtv
tickets 3 ticket minnesota twins vs cleveland indians 420 target field minneapolis
mlb stitches baltimore orioles youth whiteblack ringer tshirt
sports 1993 sp derekjeter rookie new york yankees bgs 95 10 95 95 95 mlb
mlb cards san francisco giants 2016 bowman's best case 8x index team break baseball
mlb xander bogaerts signed boston redsox 2016 all star game jersey coa redsox
phil revzin and millions of other cubs fans got their wish his fan book is fantabulous springtraining
mlb cards san francisco giants 2016 bowman draft jumbo full case 8x baseball break 21
mlb majestic threads losangeles angels of anaheim cross bat tshirt red mlb
buzz texas rangers new era slub raglan sleeve henley tshirt mlb auction
mlb detroittigers detroit tigers majestic women's spirit awareness vneck tshirt mlb
mlb tix boston redsox tampa bay rays mint season tickets 41617 2017 mlb stub ticket
mlb brewers 2017 topps series 1 five tool 5t14 ryan braun milwaukee brewers
bartolo colon young at heart good as ever in first braves victory
yankees jersey majestic new york yankees jersey large jeter 2 mlb
free 1 day rawlings proscm43cb 34 pro preferred series baseball catchers mitt littleleague softball
mlb rockies 2016 donruss carlos gonzalez 1982 throwback insert card colorado rockies
mlb newyork yankees clean up cap 47' brand new adult strapback dad hat
mlb baltimore orioles majestic newborn amp infant game time jumper mlb
ask anything and expect everything mlb podcast
san francisco giants official mlb 5 x 9 car magnet 2pack sf by wincraft mlb
mlb new era oakland athletics black script jersey tshirt
mlb new men's nike drifit mlb colorado rockies training shorts black size large
l c mlb cards ryan braun milwaukee brewers 2017 topps baseball material relic card mlmrb
tix 2 51017 miami marlins vs st louis cardinals tickets row 2 cheap
kansas city go royals 2014 white rally towel sporting goods
madbum 2017 topps madison bumgarner jersey 25 postseason 2016 san francisco giants
mlb la dodgers hanley ramirez coolbase authentic jersey size xl new
mlb cards x491 giants mets lot sf ny new york san francisco 1957 topps barry bonds coin
mlb redsox green monster california paint can radio works with orig box
mlb new era kansas city royals fitted hat mlb
mlb 2010 ryan zimmerman topps inaugural season patch relic 38 nationals
mlb oakland athletics new era the league classic 9forty adjustable hat mlb
mlb cards 2016 topps washington nationals bryce harper card 318 psa 9 high five
sports goods pittsburgh pirates mlb team men's black sparo spirit watch
perfect spot for the sports fanatic football basketball hockey soccer
mlb 2016 chicago cubs replica world series championship trophy 2017 sga 41517
mlb memorabilia washington nationals new era space hook 9fifty adjustable snapback hat mlb
@ alanhahn @ hdumpty39 stating the obvious mlb is only sport where size of field varies by location nfl nhl nba soccer
used mlb oakland a's athletics amoji emoji tshirt xl sports goods
mlb oakland athletics majestic life or death pinstripe henley tshirt mlb
zenolink 3d baseball animation rt retweet
mlb 2001 topps chrome traded ichiro suzuki seattle mariners t266 psa 9
mlb memorabilia 1980 pawtucket redsox pocket schedule fold open ex cond
mlb losangeles dodgers jackie robinson statue w ticket stub sga 41517 baseball
curt schilling records 200th win redsox devilrays
mlb cleveland indians new era 59fifty authentic on field hat size 8 sporting
mlb cards bill hall 95 signature rookies autograph auto rc 6000 milwaukee brewers
sport rawlings 135 softball leather glove rht the playmaker series pm2709ab baseball
high school player delays game to comfort opponent whose father died now that's a teammate @ saigejones
mlb authentic nike baltimore orioles miguel tejada baseball jersey mlb majestic l
mlb adidas milwaukee brewers mlb baseball navy baby onesie jumper infant sz 69 mo
justinverlander 2017 donruss baseball dominator red 149 detroit tigers pitcher
sports 1994 upper deck top prospect rookie electric diamond 550 derekjeter psa 9 mint
cards card claytonkershaw 2017 donruss retro 1983 losangeles dodgers
mlb detroittigers detroit tigers mitchell amp ness hometown champs tshirt navy blue mlb
yankees jackets vintage ny yankees jacket mlb jeter gehrig mantle new york baseball world series
mlb new san diego padres 47 brand snapback hat
mlb memorabilia washington nationals offical bryce harper 34 majestic mlb red 2xl tshirt
mlb boston redsox majestic armor ii tonal therma base pullover hoodie navy mlb
cards nolan ryan uncut card sheet lot of 20 different texas rangers card
mlb st louis cardinals mlb tshirt 3 beltran adult xl forsale onsale
mlb cards 2016 bowman draft redsox rafael devers gold parallel 50 card
l mlb cards 1991 topps desert shield robin yount milwaukee brewers 575 baseball card psa 9 card
mlb baltimore orioles new era perforated block 9forty adjustable hat mlb
mlb tickets 58 new york yankees world series press pin pass ticket giants mets rangers offr
mlb nationals 2010 topps chrome 212 stephen strasburg rc
check out cincinnati reds fan favorite strap cap hat red white @ ebay
mlb kansas city royals giii sports by carl banks americana swim trunks mlb
mlb majestic threads pittsburgh pirates graphite premium granite triblend tshirt
mlb cards 2017 topps series 1 baseball salute s99 stan musial st louis cardinals
bay area baseball a look at the week for the a's and giants
madbum 2016 topps now 119 madison bumgarner hits 13th career homerun giants
mlb jonathan papelbon philadelphia phillies authentic majestic jersey adult large
vintage san francisco giants satin starter jacket mens size large mlb
mlb tix 4 chicago cubs vs new york yankees bleacher tickets saturday may 6th
hader striking a balance with sky sox news mosaesports sportswear
mlb oakland athletics new era heathered 9forty adjustable hat heather gray mlb
san francisco giants new era mlb 9fifty star wars dual snapback hat cap mlb
mlb 2013 topps sapphire blue 204 alexgordon kansas city royals card royals
mlb daniel murphy bobblehead washington nationals silver slugger 2017 sga baseball
mlb cards st louis cardinals 2016 topps allen amp ginter x master team set 10 cards wsp
collectible buzz collectible balls 2 different philadelphia phillies balls
what a terrible call he would not have caught that ball yankees
mlb tix 2 losangeles angels of anaheim vs kansas city royals ticket 61517 angel stadium
sports goods cincinnati reds 625 glass stein vintage mlb big red machine drink cup
mlb kansas city royals 2015 world series champions celebration signature field
mlb boston redsox majestic performance running shirt long top womens smal new nwt
l mlb new era milwaukee brewers royal mlb team classic 39thirty flex hat deals bargains
mlb vintage cincinnati reds beach towelplush terry cloth deals bargains
tix 2 tickets milwaukee brewers vs miami marlins 630 ticket mlb
tickets mlb 16 ticket new york mets vs new york yankees 81617 citi field 710 pm t
cards card philadelphia phillies 2016 bowman's best case 8x index team break
sf san francisco giants coors light beer holloway polo golf shirt sz large mlb
walkoff winners in dc bryce and bunny
mlb souvenirs boston redsox men's large snapup light weight satin starter jacket mlb a13tlf
souvenirs collectible balls 2 different philadelphia phillies balls fan apparel
cards texas rangers 2017 panini donruss 4x card 14 case team break 4box 3
the latest batter up thanks to @ teamallam @ carlos2segui @ jerryjosed mlb
l mlb cards milwaukee brewers 1985 cecil cooper baseball card by fleer number 589 card
mlb mlb st louis cardinals new era 59fifty fitted embroidered team hat size
mlb cards 2017 donruss baseball 3 color relic trea turner washington nationals 1525
mlb mitchell amp ness boston redsox navyred home stretch 34sleeve henley tshirt
mlb oakland athletics a's nike cooperstown collection jersey xlarge
mlb new era milwaukee brewers adjustable hat mlb deals bargains
mlb tix chicago cubs vs philadelphia phillies tickets 050117 chicago ticket
mlb cards rickey henderson 2004 ex cleary authentics game used jersey patch 35 rare a's
mlb cards andrew benintendi boston redsox 2017 panini diamond kings rookie card 131
mlb la dodgers majestic girls youth the best team vneck tshirt mlb
it's not hard to get into the game of
mlb 1945 chicago cubs wrigley field glossy 8x10 photo nl champions print poster
mlb cincinnati reds new era the league classic 9forty adjustable hat red mlb
the rangers have signed rougned odor's younger brother he is also an infielder and he mlb sports
boston redsox hof bobby doerr signed amp inscribed mitchell amp ness jersey jsa coa
cardinals goods mlb adult st louis cardinals hat road caps mens youth boy logo navy
mlb 2000 newyork yankees world series baseball mlb patch embroidered mets emblem
just some sunday pitching mlb pitching workout gym
mlb lot of 3 st louis cardinals baseball caps forsale onsale
collectible buzz philadephia phillies mlb majestic polyester athletic tshirt xl red
nba nba newyork knicks the incredible hulk marvel comics tshirt large width 20 onsale discount
mlb cards 2016 bowman chrome yeudy garcia auto pittsburgh pirates card
my realestate brain dotcom sports health fun exercise money mlb nfl nba a court used for p
buzz texas rangers majestic youth last rally shorts royal mlb auction
mlb memorabilia bryce harper washington nationals majestic women's name amp number tshirt mlb
mlb cards 1974 topps 290 vida blue oakland athletics baseball card card
sports 1995 bowman gold foil 229 derekjeter psa 7 yankees rare sp very low pop mlb
mlb two mickey mantle triple crown bobblehead newyork yankees sga 2016 stadium
sport rawlings baseball glove ryne sandberg leather
mlb nationals 2012 topps short printed variation card of bryce harper
mlb mitchell amp ness cleveland indians navyred overtime win vintage vneck tshirt
mlb disney mlb series vinylmation lot 8 differnet yankees redsox giants cubs
mlb cards 2015 topps chrome michael taylor future stars insert washington nationals nmmt
mlb washington nationals offical bryce harper 34 majestic mlb red 2xl tshirt
mlb losangeles angels of anaheim bat day 2001 'nesquick' new 430hr hitters
mlb detroittigers detroit tigers new era slub raglan sleeve henley tshirt mlb
the @ rockies are in first place lifestyle
mlb cards bryce harper 2016 donruss optic red 117b mvp sp 99 washington nationals
mlb boston redsox majestic fast pitch triblend slub tshirt gray mlb
mlb cards 1975 sspc 239 hank aaron psa 10 gem mint milwaukee brewers card
sports 1998 topps derekjeter mystery finest refractor graded mint mlb
mlb cards 1961 post 61 johnny temple cleveland indians perforated psa 7
mlb men's san francisco giants nike royal cooperstown collection triblend shirt nwt
mlb cards oakland athletics 2016 bowman draft jumbo full case 8x baseball break 21
mlb mlb losangeles dodgers 5 cory seager button stitc white jersey men l new nice
despacito remix feat justin bieber luis fonsi amp daddy yankee oficial sport
madbum 2016 topps now 543f madison bumgarner wc used base relic 11 bgs 95 gem mint
mlb zippo full size new york yankees mlb windproof lighter new old stock unused nwt
in sweep bucs show plenty of grit character mlb
i find it ironic that a yankee named bird homered to beat amp sweep the cardinals bronxbombers sweep newyorkgtstlouis
2017 diamond kings artist's proof gold 65 justinverlander 99 nmmt pitcher
tix 2 5917 miami marlins vs st louis cardinals tickets row 2 cheap
mlb baltimore orioles 8 throwback cal ripken jr cooperstown dual patch blk jersey
mlb memorabilia washington nationals '47 women's sparkle clean up adjustable hat red mlb
mlb new era cincinnati reds heather gray heathered 9forty adjustable hat deals
mlb cards 2015 topps high tek purple rainbow bryce harper washington nationals
mlb 2017 topps series 1 salute s46 alexgordon kansas city royals royals
mlb new era san francisco giants fitted hat mlb sporting goods
mlb newyork yankees ny stumpy gnome 7 nib mlb
mlb new era san francisco giants adjustable hat mlb sporting goods
mlb cards pittsburgh pirates 2017 diamond kings baseball 12box full inner case break 1
mlb tix 4 tickets philadelphia phillies vs atlanta braves 73017 citizens bank park
mlb cards randal grichuk st louis cardinals 2017 topps gypsy queen missing blackplate
mlb cards 2017 missing blackplate topps gypsy queen xander bogaerts boston redsox
mlb cards cris carpenter 96 leaf extended signature series autograph milwaukee brewers
mlb cards 1961 post 65 ken aspromonte cleveland indians perforated psa 8
mlb nike boston redsox dri fit tshirt l apparel
mlb colorado rockies new era infant my first 9forty hat black mlb
mlb babe ruth bobblehead new york yankees 2003 new in box baseball cooperstown
willie mays and john f kennedy jr 1972 history viralnetics
tebow has drove in 9 runs struck out 9 times with fireflies columbia sc ap an update on
mlb detroittigers detroit tigers majestic youth life or death henley tshirt gray mlb
mlb pittsburgh pirates mlb baseball team men's black sparo spirit watch
mlb washington nationals ryan zimmerman silver and gold bobblehead sga 2010
mlb cards 2017 topps series 1 jake smolinski 11 baseball card oakland athletics a's mlb
2010 donruss elite series eee mike olt boston redsox 96100 rc mint rookie
too early to put any credence in standings
mlb philadelphia phillies stitches mlb baseball jersey sewn white boys l j5
palka's power on display in impressive performance mlb
