happy birthday you goon @ tatesmith22
happy birthday pretty girl
@ ginaxkapinos happy birthday hottie hope you had a great day
@ uudbilawmanus ya true wait i met you soopz ke birthday ko na there is one other guy who resembles you i kept mixing y'all up idk who now
why i don't celebrate birthdays birthday via @ creationliberty keep it real for christ
happy birthday josh go brazy @ joshomom
happy birthday seven dairylove lovewhereilive insidethefarmgate
ottawa reward alert get a dozen free bagels on your birthday when you have the kettleman's bagel app
@ chrishhshadler happy birthday 21st i hate myself
happy birthday to one of my bestfriends thanks for always looking out for me love you
kiddies birthday party adults birthday party and baby shower price listprice valid from 01042017 to
@ actorsiddharth happy birthdayhave a great year ahead
@ thesunainaa wish you many more happy returns of the day a warm birthday wishes sunainaa mam keep winning
exactly 1 week until lee's birthday
well happy birthday to you may your blessings and prosperity be more than you ever imagined ijn
nochurn birthday cake ice cream perfect birthday dessert for when the weather gets warm
happy birthday @ jadamaaaay
@ t3t32raw happy birthday boo
@ trigoll fuck it's sad happy birthday
@ amandaflores99 happy birthday manda i'll see u later on love u lovely dumbass
penblwydd hapus happy birthday peterdoig see his work and more modern masterpieces here now bacontodoig
thank god for me to see 20 ya boy getting old happy birthday me u know i'm lit @ vie at
happy birthday @ tianamonae
@ jamesmeetsfame happy 20th birthday james
one week till my birthday 19
@ gucciflake happy birthday daddy i love you so much
happy birthday jordana beatty
olivia 's birthday video she's happy 36th birthday for some reason this didn't go out firefox crashedseve
birthday anniversary number decoration hanger keepsake craftbuzz anniversarygift
@ chancetherapper please retweet my well wishes to you happy birthday again
happy birthday to one of my faves @ michellewxx hope you have the best babe love you lots
it my birthday 2day happpppyyyyy
gosh what is this like 2014happy birthday isaiah
love this sisters picture i made for vicki amp nat what a fab choice of quote amp a great 18th birthday gift all
before the day ends i would like to wish my sister a very happy birthday she's a pain in the ass but i still love
happy birthday kupal @ oliverrkyle
happy birthday to jim parsons tv's highestpaid actor and all around sick guy
happy birthday pondan teragung @ iizhu
been awake for basically all of my birthday
@ devilmayun till my birthday
i meani can go on wmy hc'squestions but like the most important one iswhen does chika give youchan her yearly birthday kiss
@ shasweezy @ notonemistake our gdays back around welcome to another year happy birthday
happy birthday @ riffy211 hope you had a great day this is the only picture we have
happy birthday pretty girl @ savchristensen
happy birthday to my main girl thx 4 being the best don't know how i'm going to make it wo you next year i
@ easmontrickz happy birthday easmon
he forgot my birthday love you too babe
happy birthday @ jaycheat i miss you so much hope all is well
cool down your highness
@ cumyo2 happy birthday
i have 4 pulls for maki's birthday box and here is my wishlistpart1
@ hazwanimahadi happy birthday love xoxoxoxo
@ stephmalangone happy birthday steph
@ mattyounggg happy birthday pal have a good'en see you soon
pussy in japan birthday sex meaning
happy birthday princess
happy birthday gorgeous i love you so much hope today is great @ anr12
cannot wait to have a night out with some of my favourite people for my boos birthday
ziya's first birthday genie party
happy birthday dylan chase this past almost year with you has been
happy birthday beautiful iloveeeyouuuuu @ shahad76
@ littlekookie98 happy birthday nha
celebrating a birthday night out with friends or drinks with colleagueslet us help organise it 07903249606
@ tuckerlindsay happy birthday
happy birthday evil psycho sisterr love you
oh today is rooney mara's birthday
happy birthday taylor @ taylorlynn0417
happy birthday @ kellgraves let's get smashed tonight
highkey want a birthday party
tell her i said happy birthday
@ ryanconner69 happy belated birthday my goddess
spent time with the fam @ chancetherapper birthday today and the rockets shitting on the thunder it's a good day
this is like norman wishing poot happy birthday but worse
birthday is over
happy birthday gorgeous @ jackiex06
happy birthday to my babygirl @ mykasea who loves music and kathniel as much as i do have a good one
@ rgrosjean happy birthday romain enjoy your day
happy birthday love you nene @ leakrstnnn @ krsteannn minsan lang yan
@ jaeclarke16 my great aunt was looking for you to come cause her birthday was friday had rum cake chocolate cake
@ jaylenerio1 happy birthday to you my sweet love love you baby
@ randompandi happy birthday pandi
@ s1000rrniz happy birthdaytreat yaself to a carbon lid
@ itsmichi31 @ entratalorna @ marydaleentrat5 @ vincententrata @ mamitazl happy birthday baby honsome maywardlovesmcdo
happy birthday @ elisabethferer i'm so upset that i have no pictures with you but i hope you had a amazing day
@ uwutism happy birthday vretheren
happy birthday @ catherinerusse2 hope you have a wonderful day xx
wishing a big happy birthday to one of my best friends hope your day has been perfect you leia
wishing the most handsome hard working dedicated actor chiyaanvikram a very happy birthday hbdchiyaanvikram
happy birthday @ rahdo
@ jasonrussellc happy birthday
happy birthday big fella stay blessed @ chancetherapper
happy birthday joyjoy i love you so muchi hope you have a great special day @ jedijoylynn
the tune weavers happy happy birthday baby nowplaying listenlive
happy 20th birthday to one of my best friendsthank you god for blessing me with such an amazing human being
@ cherieperrie happy birthday bb
2 birthday party vs 1000 birthday party worth it buzzfeed
taught a birthday dance class for james franco and tom franco today happy birthday and happy
@ jaylaw845 happy birthday bro i got an l for u today
@ diegopurry happy birthday we need to celebrate hope you had an amazing day boo
@ jamesmeetsfame i see you james happy late birthday
happy birthday to 4x european medallist natalia annenko here's natalia amp genrikh sretenski's puttin' on the
@ rnauth112255 happy birthday yute
@ zhebitch happy birthday
@ kellynsierra happy birthday cutie
@ ultivian happy birthday man don't go letting your old age stop ya
@ kennytooturnt happy birthday
happy birthday to surely one of the greatest actor hbdchiyaanvikram can't describe love for you sketch
happy birthday to the best ever @ policysmith 40 birthday
happy birthday to the boy h @ huntsmanblick
@ thesunainaa happy birthday mam
today is my birthday and the best gift i could have is a birthday wish from you @ ladygaga
my birthday is soon kekekek may 10th add it in your calendars
@ lapsandlanes happy birthday jess enjoy you easter monday
@ mizmaybach happy birthday my baby girl i hope you have an amazing day love you always
hugo wanted to spend his birthday weekend at the summer house so we did and we even managed to
i'm the type of person to give you poetry on your birthday bc i'm broke
happy birthday ape have a good one love you girl @ aprilbird10
happy birthday bro @ actorsiddharth god bless live long
happy birthday to my realest shoota thx for always making me laugh our pics are so good wow
happy easter and happy birthday celebration to my main man @ gulfport mississippi
happy birthday to my twin my mama
happy birthday to my fave @ wowclassyrach have a brilliant day lovely
@ nwh91tree happy birthday thanks for translates amp updates
@ imanilj3 happy birthday kid
@ dnagtfoh getcho birthday the fuck outa here get aries the fuck outa here get the candles get the cake and ge
the caption unforgettable night @ baphimchan happy birthday
happy birthday @ kateruf 20
happy birthday to meeeeeeehhhhh
@ paperpowerpussy happy birthday we gotta smoke when i come home
happy birthday @ chancetherapper i love you hope to see you live someday
happy birthday queen
my boyfriend got me @ itsbl0ndie's pear highlight palette for my birthday i cannot wait to get my hands on gold for
0000 @ rylandlynch happy birthday
@ mrphemelom happy birthday bruh
@ chancetherapper no i love you happy birthday chance
@ chyleigh hey it's my birthdayyyy can you wish me a happy birthday too there's only a few hours left
@ lovealexisley happy birthday beautiful god bless
happy birthday chiyaanvikram sir
such a good day with my babe @ viciousprick i hope you enjoyed your birthday
it's 1030pm and i hadn't the time to say happy birthday mom i wish you were still here for me to tell you in pe
i cannot wait for my baby's birthday next month
@ irelandreid happy 10th birthday tito
ahh shit my birthday's in 30min
happy birthday to a real one @ myeshawalters
@ okyeamekwame 0554240187 happy birthday rap doctor
@ isabelrenteria happy birthday boo
ina go baekhyun birthday case by @ mayfairy0506 rp 300000 ems details
just want to give a huge shoutout to my man and my rock for giving me a great birthday and always being my 1 love you s'much bb @ kaden20
exams are interrupting my kuwtk sunday night ritual @ khloekardashian @ kimkardashian @ kourtneykardash bring on friday and my birthday
it's my birthday
so happy birthday lee hope you tasted them shots with me
i can't believe my birthday is on wednesday
happy birthday to us @ t4yl0r
some guy just sang happy birthday by himself outside and changed keys 3 times
birthday july height 187cm weight weapon ironclad cleaver baseball bat bonesaw iron pipe deadly ohagi gun tanteenahbot
what's up @ ufc i haven't seen any birthday shoutouts for @ natediaz209 on any of the ufc social medias but see them for other fighters lol
happy birthday lola cara left who is turning 88 years old today she is still single and very
@ lamdagreat happy birthday love be crazy as fuck and do what you want it's your day but stay safe
happy birthday to the birthday twins @ alexismontoya2 and @ oliviasnelten
mi familia happy birthday to bloweddinosaur and kolbewhite
happy birthday to the sweetest most caring and kabog person i know so lucky to have met you enjoy your day ily
chance the rapper is having a very stevie wonder birthday
@ batlinkatjm @ zeldauniverse @ hmkilla ohh dude i'm getting the same hat for my birthday actually
happy birthday to my baby girl my heart my world i love you od eleven years ago
most wickets in tests muralimost wickets in odi muralimost wicket in international muralihappy birthday muttiah muralitharan
happy birthday dear may allah bless u always may he showered u
happy birthday @ rethabilexx hope it's your best one yet enjoy
@ angmlz happy birthday girl luv and miss u
check out bubble guppies string decorations 6 birthday party supplies room decorations via @ ebay
@ realdjamazing my birthday was yesterday srry
happy birthday charlie chaplin
happy birthday sanweezy you always gonna be my little bro and i'll always be there for you
host your childs birthday party at our interactive gaminglearning center
sarah made me art got me bowling shoes made me a neil shirt and threw me a surprise party all for my birthday sh
if you ain't say happy birthday to me today you ain't a real nigga
happy birthday to my queenthoo @ snehakumar love you loads and don't party too hard
happy 20th birthday pretty lady lots of love @ rileylenhart
nowplaying elvis costello amp burt bacharach tears at the birthday party on
when school starts on your birthday rip rip rip
@ xbabykayy happy birthday prettty
@ ayeebb happy birthday
happy happy birthday to the one of the greatest guy slash mentor i know happy birthday tay @ rbelievable i miss you po
@ flowerlessvase 6 just a silly memory but i wrote a fanfic about her and her crush for her birthday once i think i still have the file
happy birthday @ jakegroseclose
9 its my birthday
@ icc happy birthday murali
profile born name stage name english name annie kim birthday february 9 1996 height 161
@ stephjohno17 happy birthday
@ andymineo happy birthday friend
planning something awesome for my boo's 21st birthday this yr in vegas @ destiniemarie
might as well get in some birthday slides while i wait for the misses to get ready
happy birthday shkodran
happy birthday bro hope it was a great one @ johnnball
it's my cousin's birthday he's all grown up and everything but i still remember babysitting him when he was so little it was good times
@ phungjustin happy late birthday menteeeee fuk shit up
i said i wasn't gonna embarrass you for your bday but i couldn't help myself happy birthday to the best roomie eve
@ mellinakong ill just keep wishig you happy birthday over and over lol
happy birthday pretty @ theregoangell
why i already have one of my birthday outfit in my head but no official plans
@ munirahaak happy birthday munira i love you
want this as my birthday cake vangogh cake
2 hours till my birthday 41717 im 30liveme chris rugerbday
i hope i get scheduled to work on my birthday
happy birthday homie @ natediaz209
@ fanartalex hope you enjoy your birthday
@ kieracass it's my birthday too but i think theirs is the 16th and it's the 17th here already almost there ahaha
happy birthday @ daleestene miss you so much and i can't wait to see you more this summer
the birthday love didn't go without notice to the few i didn't hear from i wish i did cheersbaby
@ marikit happy birthday
@ katiecouric @ chancetherapper happy birthday chance amp happy easter hi katie happy easter to you amp your family too
happy birthday to my one and only anak perempuan kesayangan teacher ina always be a good girl okey stay pretty bb
happy birthday g stay safe have a good one @ devalmxghty
happy birthday @ wildbillyoung hope you had a great day
happy birthday to my manutd brother @ biolakazeem may the good lord be with you sir
@ khadijahclark12 @ foreverliljim oh shit birthday weekend i would be fucking like porn stars the whole weekend
it's my babe's birthday
happy birthday bhuti @ mlotaazola stay humble and down to earth have a good one
@ jessamatsu happy birthday enjoy yourself
happy birthday bebs @ cmlbtst all the best
@ itsshowtimena happy birthday
@ rapperrich dream i had on my 25th birthday by mansbestfriend alter alias of sole
@ avikaplan happy birthday heard you loved your birthday gift hope you have a wonderful day
@ rhezamae happy birthday hun i hope your new year is beautiful and as perfect as this episode xxo
@ bdodance can i get a shoot out for my daughter skye happy 16th birthday bdodance danceaid ratchetclothing happybirthdayskye
@ iamrajchoco amr birthday r din chaamp release hobe
@ biolakazeem happy birthday egbon wishing you happiness long life and prosperity cheers
happy birthday to this wonderful guy cbass @ susbass saved the best for last much loveeee from the nicest kids
happy birthday to this incredible actress and a precious angel patricia rooney mara
@ gussie16 happy birthday leena
@ gayathriraguram madam today is my birthday
happy 15 birthday to one of my bestest friends miss u and hope ur day was awesome blossom love ya
happy 31st birthday to @ rgrosjean
@ jessconforti happy belated birthday to my soccer partner hope it was a great one girl and don't get too lit
myspace tags sexy happy birthday
happy birthday to my bestest friend @ rileymcnabb love you amp hope you got 20 bday spankings
happy birthday madu @ hanisaidin17
@ abbyhartman3 happy birthday girl
@ extremexo happy birthday anne hope you had a great day
i really enjoyed my birthday week my family came down amp i got have fun with them i wanna thank my mother red
@ marissacarm happy birthday i'm in denial you're 18 so here's a picture of us from our real ages
tomorrow april 17 is the birthday to our pnv professorhottie @ chriscampanioni who never ages happy b'day
@ hunterq5 happy birthday fam
happy birthday simon thank you for making our queen happy
@ chiniiee ata birthday
i liked a @ youtube video ziya's first birthday genie party
@ shortymacshort happy birthday
i'm so sad we are done with school 2 days before my birthday amp i can't spend it with my friends
nbabirthday happy 70th birthday to the legend kareem abduljabbar cop either his home or away
we wish the young energetic and dexterous actor siddarth a very sopecial happy birthday
@ raemoney happy birthday boo
@ eefanx thanks but it's not my birthday xx
to anyone who knows ammon and wants to say happy birthday
happy 16th birthday brianna outlander s3 teaser
happy birthday meena joonam i wish you all the best baby girl @ memekaay
happy birthday ya ass @ 10969taka
@ elliegibson16 happy birthday beautiful enjoy ur dayx
@ stephduncanxx happy birthdayxx
@ tidesoull happy birthday
happy birthday ily @ chancetherapper
@ bigmak92 happy birthday mate
@ majincheeks for my 21st birthday thats where my friend took me to get dead drunk lol
@ rylandlynch happy birthday
happy birthday you adorable piece of pau @ brendajoni
happy happy birthday gurlfrand love you sis stay grounded as in @ laurendreid bring home some korean g
happy birthday lee junki you'll be always one of my favorite actors
wouldn't wanna spend my birthday with anyone else other than my best friend happy birthday @ shelleycowie love you
happy birthday dear selena happy 46th birthday to you singersongwriter actress fashiondesigner
happy birthday to the goat @ smithresidence
@ nathandawson24 happy birthday son
even tho my birthday is tomorrow after celebrating it today i'm pretty convinced it was today i had such a good day
happy birthday @ zedrickcusi
porn stars pussy happy birthday gnude irls
@ sejaljgd @ christophglase1 happy birthday chirstoph
@ alexissd happy birthday alexis
happy birthday @ morrisclaus 15 years stubborn hbd birthday lovingit 15years
happy birthday bro
harvard is marking john f kennedy's 100th birthday with a series of talks featuring some of his famous descendants
we need to get to our birthday chills i mean thrills
its my birthday lets goooooooo
first part of @ itsthekelly baking a lemonfilled cake for mr peep's birthday
happy birthday gorgeous @ sarahdecastro9
hey @ dannybmiller its @ suggsdingle birthday today you know what to do
you're officially one my love happy birthday my big boy i love you myeuanandonly
sigh i hadda great birthday it would've been better if my daughter was here to celebrate w me rest easy tho kaylynn i love you baby
@ hannahargamosa happy birthday
happy birthday to my twin from one donut to another love you so much @ sweetcarol13
happy birthday handsome @ mohaahdj
hapy birthday sesame 5th yr todaylove u my beautiful nnanaxoxo xoxo
i'm just ready to receive all the love my birthdaybirthday weekend
happy birthday hope you had an amazing day love
believe me we taking over soon new songs will be out before june and a birthday song in august teamkells
@ smoothcaramels happy birthday i know i don't know you at all but still hope you have a great one
happy birthday wolfty i mean @ woahyashira i'm so honor to have you as a friend i hope you had an amazing day
happy birthday to the biggest inspiration in my life thank you for being the greatest
adult birthday party idea malayalam sex blogs
@ luluvongi happy birthday to one of my favorite girl i love you long time baby girl
doesn't feel like it's my birthday tomorrow at all
happy birthday to the homie @ emiliorojas enjoy it to the fullest no pun intended lol
happy birthday matt jay @ ihatemattjay
thank you to all the members who contributed to a birthday beyond my wildest dreams
@ raxhelleee oh nooo fam my birthday
@ aliciazhou happy belated birthday on the east coastanyway hope things are going well and i'm still glad tumblr brought us together
@ lovelycherryyyy happy birthday x
@ solaadio happy birthday mrs sola grace n blessings always
happy birthday to my best pal in da world @ clarity xxxxx
0759 a shower on my birthday via @ realdenno
light skinned black girl sex pics birthday sex girl remix
what are we doing for your birthday is the question
happy birthday kathleen lol @ farahzera
@ yourhotbro happy birthday yas @ yourhotbro
best birthday present ever @ gordonramsay
birthday in two months time flying
@ shortymacshort happy birthday enjoy
happy birthday to the brodie @ keenanalan14 hope it's a good one bro
@ sam4nthaflowers happy birthday you beautiful being i wanted to wait 'till midnight but i'm sleepy lol i hope you have a blessed day bby
today is the beginning of my birthday week let the birthday shenanigans comence
happy birthday mate @ itzjackyt have a great day
@ polodewww happy birthday bro stay safe
@ maydayparade thank you for making my birthday well its actually on thursday amazing what a night
happy birthday my soulmate @ hmutairi4 enjoy it
happy fucking birthday to my bbygirl @ skyejoseli
i want white wall wheels and a roof rack on my beetle so bad who wants to give me an early birthday present
i'm an eternal over icer but hey we all know that birthday calories are null and void
@ daeadel happy birthday
my mom celebrate her birthday all month long ion even celebrate for a day
ima sleep but im really excited for laura to wake up n see that finn and nick wished her a happy birthday ' i love her she deserves this
@ ameriker happy happy birthday
happy birthday to my @ jazzymino have a fabulous day honey you deserve it remember that today
@ jeckejeckejeck happy birthday jeck
for my birthday i'm going to buy myself a teacup yorkie
happy birthday @ nikitagnair have a great day and hope @ s1dharthm wishes you
i hope you enjoyed your birthday weekend millie
happy birthday cj please don't bark too much today thanks @ gouldcj
this little girl is a genius and i aspire to be like her when i turn 27 in 7 months
happy birthday @ laraisabsent may you get your heart's desire have a stressfree birthday week
happy birthday to me 32 years old now
hello @ davidsuchet linda is turning 96 on april 24th a birthday greeting from you would again make her day tha
@ jelpiboys happy birthday erica 12 is a fun age
series of sad saggi pics happy birthday ya ballsack
happy birthday i hope you had a good lunch @ gildayfrankie
happy birthday @ jayfensomuk hope you have a fab day miss you but probs won't see you soon xxx
shoutout to my guy @ jterrell33 i want to wish him a happy birthday we been friends since middle school definition of a true friend
happy birthday pops love you
holidays and your birthday are just excuses for your parents not to whoop your ass
made a @ spalding basketball cake for my niece's birthday with her favorite doughnut inside as a surprise in the
happy birthday mom celebrating and loving you april 17 aries birthday
@ camiamm31 happy birthday camryn hope that today was a swell one
team kolors wishes vikram a very happy birthday hbdchiyaanvikram happybirthday chiyaanvikram
@ thebrofucius family it was great celebrated easter and my sisters birthday
@ iam8bitryan hey man good job on try not to laugh 2 that was freaking hilarious also my birthday is tuesday how funny this vid was close
@ sushifreak happy birthday sydney hope you have a great day
happiest 18th birthday to my best friend
i'd say he's the cool older brother i never had but nah he's the coolest brother anyone could have happy birthd
70th birthday large dl quick card n 3d decoupage
its a real niggas birthday
last day of easter and my son's 5th birthday so this is my biggest offer yet pm me with any questions you have
happy birthday to my bestfriend since 01 hope you have the best day ez and i'll see you soon @ erinsawyerx
happy birthday @ juliensolomita you amp jenna are so hilarious amp wonderful i just love you two life goal get drunk amp laugh w yall someday
my birthday cake for next year
ha happy birthday faggot @ chaser
birthday presents lamborghini collector squadracorse
happy 18th birthday sunshine be the best out of all the doctors very soon miss you @ lndsymrnn
happy birthday eve have a good day miss you
i drew stuff for my birthday this year i was sorta shocked
name tobiasnickname tobypronouns hehimbirthday april 27from chicago usacc
forever 21 this weekend i'm on my head for my frannnnn birthday weekend
@ redmanbethany thanks pretty happy birthday too
happy birthday ashon @ wavecr8r
never too late happy birthday jimmy @ jhouse182
@ jasdevael jas from the bottom of my heart i wish you a happy 28 birthday all your wishes come true i love so much
@ mmujie blustery birthday adssssss bestnyaaaa
@ rockstartchr happy birthday
birthday in 6 days
happy birthday to mama cheese i love you so much queso thanks for being a true best friend @ kaykiesow
ade org tgh countdown birthday dia
happy birthday to the love of my lifemy smile keepermy travel buddymy chefmy
polarizing thoughts about my birthday this year 26 no thx moving in with my favorite person and getting cuddles every day yyes plz
happy birthday bish miss you see you soon
24 k kim jeung uk birthday march 20 1993zodiac pisces position main rapper lead dancer and vocalist
happy birthday sehun by exophils via @ c0nvey
@ cooperbarnes it's your birthday happy bday we love you
happy birthday @ chancetherapper
celebrating your special day soon this set of stands would be perfect for a birthday celebration order now
@ chancetherapper this is so late but happy birthday see u soonnnnnnnnnnnnn
easter and cheddar bob's birthday week all in one ignore my nappy hair plz
@ michelleebeth happy birthday michelle hope you had an amazing day
happiest birthday @ zhra98
@ lorlaa hey big head happy birthday
happy birthday to my fave keep slaying @ zachtylerr
@ victoriabeckham happy birthday victoria beckhamhopefully longevity and healthy always
happy birthday boo boo @ keillykirk1
@ drshobha happy birthday doc your tl's been a clinic for treating left libbism wish you many more healthy years of curing all everywhere
@ redsabin happy birthday to you silly one
@ iordtakumi a birthday call is in order
taught a birthday dance class for james franco and tom franco today happy birthday and happy easter guys happy
happy birthday to our sister rebecca we hope it was wonderful
i keep having these flashbacks back to my birthday
happy birthday to our wolfdog lee joon gi scarlet heart season 2 ples huhu i miss u and i love u will look for
@ sotreu happy birthday bb i hope you've been having the best weekend of your life
happy birthday boo @ raeannkareese
@ adolhpus happy birthday adolphus
@ stellatodaniel happy birthday danny hope it's a good one miss ya buddy penguin
happy birthday to my brother foe
@ kicksnshit happy birthday
happy birthday wheegolas happywheeinday
always a hard day but spending it with family and friends always helps happy birthday momma rip guardian
@ joseiloilo belated happy birthday boss
youchan birthday messages pt 2 i need a riko sr asap this is sad
@ quicktempa happy birthday brother
happy crown birthday wifey enjoy your day beautiful see you in a few
you are the reason for everything good inmy life happiest birthday to you mom
happy birthday @ nessaleighann
happy birthday man i hope you had a wonderful day love you @ maddiebranddd kbsd
@ jimmyosmond hope you have a lovely birthday filled with friends family fun and love
i could just wait for my birthday and ask for all three from the only 3 people that want to buy me things
@ toniverano celebrates moms birthday on easter
yasss it's time for a great show tawana mztey younghappy birthday
feb 2017 happy birthday president lt3
hbdchiyaanvikram wishing kenny a fabulous birthday and bright year ahead a source inspiration for all of us in many ways
birthday wish didn't come true but you know it's okay @ chrisevans aint got time to meet me anyway which is fine by me someday
being a twin sucks when it comes sharing a birthday cake lol
@ hazelxeyes man what and my birthday weekend
@ robertpapsie happy birthday bro
somebody is excited to be in the qf lounge waiting to go home to qld after easter amp birthday in sydney @ qantas
happy birthday to me 32 years old now @ chelsea manhattan
happy birthday angel @ chancetherapper cannot wait to see u soon
teen new jersey fuck ecard birthday adult
happy birthday @ lizgarrardx hope you have a fab day and celebrate with broadchurch xxxx
happy birthday to me
happy birthday god bless @ mdrgdnc
my fucking birthday otw yellll
happy birthday @ tiyanishuga13 quite a fortune to share a birthday with you superstar
belated happy birthday to mr chaplin via @ youtube
@ babakaokuhle happy birthday to her we sharing a birthday with the
@ jimmyosmond hope you have a great birthday
happy birthday @ ivyjllbnt
@ cosmicwonu happyyy birthday
happy birthday to @ anushkaxbae biggest fan of @ anushkasharma have a great year ahead god bless you @ ritikanagpal
@ itsmichi31 @ entratalorna @ marydaleentrat5 @ vincententrata @ mamitazl a blessed birthday to you ryogod blessmaywardlovesmcdo
tb to when the girls sang happy birthday at the white house on easter
travel fold up mat for kids birthday gift idea farm theme toy for children toy tote
happy 3rd birthday to our twinkies we love you paisley amp olivia
happy birthday youchan lovelive
@ witchprincetw isn't the whole point of someone's birthday to surprise them
happy birthday to the lovely de'arra i hope your day is well and you have a lot of fun love you lots
happy birthday to the southwest missouri state volleyball commit herself @ collynmurray16 hope it's a good one
happy birthday to my brother much love @ jacklewiis
happy bday to me birthday
this birthday slay is about to be real hide y'all man cause once they fall in the trap oooh baby it's a wrap
i feel like i'm gonna sleep until like 200pm tomorrow but i don't want to bc i wanna go eat with darian for her birthday
happy birthday to the greatest man of all time @ tallmanshawn
@ itismemissy happy birthday nissy have a great day friend
ina go suho birthday project fund raising by @ suhocommunity rp 500000 ems details
@ aaliyah1780 happy birthday
@ deeiskey my birthday is 420 you can't fuck with me
my birthday is about to be on a block day wtf
lucky gulaabo got harman ji as her birthday gift
happy birthday cippy love you so much baebob burpsnart ineedmydscharger cleaningladies @ scip123
@ jiminsjoys we just became mutuals but omg happy birthday have the best one okay
happy birthday doc @ baaaridr god bless
@ abyyyss happy birthday
@ wolfcub5195 brotha it's never to late to wish on birthday plus thanks for the birthday wishes man
@ varusarath @ actorsiddharth happy birthday to chocolate boy @ actorsiddharth
happy birthday @ spartancricket may you live to see many more godblessyou spartanboss
@ laurenrenaud99 happy birthday lauren i hope u had a great day and a happy easter
@ sorrellolly also like just how formal is that birthday if you're considering old abidresses
@ lindseynstr happpppppppyyyyyyyy birthdayi'd sing to you but my fucking microphone on my phone ain't working sry
home alone on my birthday nice
@ uruokpala happy birthday to you
turquoise green painting abstract torso nude birthday gift for men annakisart scarf
happy birthday @ giraffegazelle
one more post for one more bday girl i love you so much han happy birthday sis
happy birthday holly hope you have a fab day gorgeous x @ nagleholly
@ moonbiasted happy birthday
662 people dressed like charlie chaplin for his birthday
@ iamamirofficial wish u happy happy birthday amir bhaijan
thanks @ charlmiller4 and yes i agree aries happy birthday to @ victoriabeckham amp anyone else who share the same
600breezy celebrates his 26th birthday with drake hiphop
happy birthday to the pride of chicago @ chancetherapper continues to remind us that age is only a when it comes to changing the world
@ shaefleming a little late but happy birthday shae
happy birthday daghansoysur enginakyurek
happy birthday to one of my best friends
@ natediaz209 post a pic of that birthday blunt everybody knows ur smoking on
@ anonysidromous @ ebay i forgot a happy birthday to the awesome ms
@ chelsealagon happy birthday cee
i'm getting sick and my birthday is on wednesday bro fuck my whole life
@ alphadany happy birthday
cleveland happy easter trump costa post malone chance birthday kendrick lamar tonight
@ patriots happy birthday
@ aidreyanantoni happy birthday bro
happy birthday best friend @ justinfiied
@ ceewwwaaa happy birthday love n miss you girl we have to get the team back together
happy birthday @ nevaehmunch hope u had a good day
happy birthday mah boi @ chancetherapper chancethebirthday
@ nelskabi happy birthday nels thanks for hyping up every social event lyyy
happy birthday @ nramalna
be the first one to greet @ avikaplan a happy birthday start tweeting now w a hashtag avibeardday let's make th
happy birthday @ mtswenson i hope you had a wonderful day
thank you everyone for the birthday wishes bless you all
i hope nash grier follows me before my 80th birthday amen
please don't ruin my birthday again this year
happy birthday to one of the realist chicks to ever appear on reality tv @ tamiroman
@ lodgeviewrikijo hey rickijo have a happy birthday didn't realise that you are that age same as me hope you get
@ sushifreak happy birthday tho yung blood
happy 41st birthday to roots artistsongwriterperformer miguel orlando sizzla kalonji collins april 17 1976
@ nadiakmrzmn @ izzatyjeff happy birthday ya
can i just fast forward life to my 21st birthday already
@ emilyvento happy birthday have a wonderful day i always get what i want so be careful u know what i'm talking about
olivias birthday is over now i can call her a bitch again
kpop its time to wish some of your fav artist a happy birthday happy birthday to you as well if its your
on their birthday you think oh man they woulda been this old and they kinda grow old in that way but in reality i mean they haven't
an amazing birthday present 2017 speechless thank you
@ chetanlfc wishing a very best akkians happy birthday chetan enjoy
@ aliciatodd happy birthday for yesterday me love
last minute of my birthday
fut birthday live sbcs huge profits trading sniping investing fifa 17
happy birthday you
happy birthday to the twins 4
make her squirt jerimeh birthday sex
@ ameliathompsonn happy birthday amelia hope you have a great day x
@ badgalariri happy birthday
montories is going to be prereleased on my birthday and i am broke
happy birthday to my first ever bffsister @ asiaamonett love u and miss u always
@ tessellas it's okay it was president barack obama's 31st birthday
so a party like my birthday
happy birthday @ dalvinsmith270
easter may be over but that just means it's our favorite doggo's birthday happy birthday @ jakemonty
my birthday is 6 days away d
@ dulcesoo happy birthday love i hope you had a good one
happy birthday @ constantwifi ilysm enjoy the rest of the day
@ quickdolan happy birthday fleur
a very happy birthday to siddharth narayan
my he was telling me all day all the stuff he wants for his spider man party i'm throwing him next month for his
@ jpgilroy2 happy birthday unc
happy birthday @ iamcharliemaign thank u for being the coolest prof my life coach wingman pseudo jpa adviser
its my birthday week
happy birthday @ iaamchristina @ iaamchristina @ iaamchristina
3 days for my birthday
@ dominicanallah happy birthday cyn hope its a dope one
loving my easterbunny ears gabrielle instadaily instagay gay beard beardgang birthday
@ jabrozki @ eherrerajr i have the same birthday as jackie chan
almost my birthday
happy 18th birthday @ jaymeedomoney sofluffy
@ dxvionnn thursday and sunday are gonna be my next cops hopefully i can get them on my birthday
happy b's birthday available from 1700kst 17th april for more information by
you are a true friend so please dont change ever happy birthday @ govnarali longlivegovnarallie
yo it's got to be bananas @ chancetherapper the door just shut down when i pulled up happy birthday fam and keep putting the city on
happy birthday liv i hope you had a great one @ oliviasnelten
how i'm spending the night of my birthday rewatching the first season of aot because i'm a god damn adult
@ shaquillee happy birthday big dawg
@ nchasisty happy birthday
happy birthday @ justinecarpinaa lam kong late na ito but better late naman diba than never mwa sorry huhu check fbc
@ omgmarco happy birthday
name makeelybirthday february 26location australiapronouns sheher
@ alexxxxxis happy birthday lex love amp miss you so much
cousinn happiest birthday my missed one @ fatimalsakran 19
@ selaaamo happy birthday girly
@ naz19 happy birthday
happy birthday to 3yearold prince hobbes
planning my birthday in houston
@ leahslounge happy birthday
if its actually a thing the second album may drop on his birthday june 17th its his 30th bday we know what pac said mortal man
happy birthday my beautiful b @ b35reynolds
how's your birthday @ privatejoshpeng
really had a good ass birthday
@ cuddlesfash happy birthday old timergod bless yoube happy
choosing 3 great tweets from @ owensdamien's favstar is difficult because they're all so good happy reduced chocolate birthday damien x
happy birthday selva @ selvavignesh3
can't even finish off my birthday without tears
photo album 4x6 silver leather pocket album gift for birthday annakisart photoalbum4x6
happy birthday @ kennedyalberty so happy to spend it in mexico with you
on selena quintanilla's birthday too you really did that papi @ justinbieber a
happy birthday to @ kaj33
@ chrrysuga happy birthday i hope its going well and its funfunfun
@ allielong so since today's my 21st birthday can i get an autograph from you saturday at the nc courage game i've been trying for 5 years
this is going to be such a long week and i have exams all day on my actual birthday
byun baekhyun's birthday bundle take me home coming soon
happy birthday to the sunshine wife you
noordhoof craniofacial foundation together with kads gives birthday present by
0000 happy birthday @ rylandlynch
happy birthday to my lovely cousin i hope today was beautiful @ minacompton
happy birthday @ isaiahdeltaco xoxo squad mom lex
former soundcity presenter juliet mgborukwe gifted bmw by hubby ahead of 30th birthday
@ wezchiiiii don't bring jesus into it on his birthday
@ rileyraine420 hey there you and i were born in the same year of 1994 i'm 22 but my birthday is 1226 just 26 days after your bday
happy fucking birthday bitch i hope you have an amazing day i love you and thanks for letting me take these scree
@ kenzieklyne happy birthday babes love ya lots
happy birthday to my bestest @ kendraalise4 iloveyou soo much swear i never found a love like this we 4ever you kne
happiest birthday ganda @ hennuhxkersten enjoy your day take care alwayz i gotchu oki miss and love u hang soon
happy birthday to the gorgeous wonderful inspiring sexy @ catherinerusse2
@ gvictoriaabc happy birthday
adult birthday theme ideas hot teens yoga
finally my birthday
@ iamblackbear couldn't make it to my birthday but i heard you're doing okay
happy birthday brudda finally 21 time to get fucked up @ jba417
and it's not even my birthday
@ tanamongeau please wish @ bethplusbecca25 a happy birthday
happy birthday kristinefarrell @ benjaminofboro baby 2 and i are blessed beyond belief to
happy birthday dear brother @ devatwits god bless you
one week from today will be my birthday our first full day in another country 29 is gonna be a hard bday to top
happy birthday to my one n only @ mikamateo i redownloaded twitter just 4 u thanks for always roasting louies w
happy birthday sister @ garciaamarissa
everyone wish this guy a hammy birthday
happy birthday chellai imy @ chelsbalauitan
who would like to host an extravagant birthday event in a couple of weeks
omgh my birthday lands on a tuesday m
happy birthday @ shortymacshort
happy birthday sol @ solvalero98
happy birthday once again to my nigga
@ rgrosjean well i'm that case happy birthday
happy birthday my young nigga @ efernandez09 never knew baseball can make someone fam af stay lit this year is one for the books
@ wortwicht singt laut vor sich hinhappy birthday to youhappy birthday to you happy birthday lieber wortwicht happy birthday to you
@ destineehayden happy birthday destinee
happy birthday @ meaghanmcgwin
@ armstrongkyle7 happy birthday mate xx
i love all people who have the same birthday as me
@ sonymusicsouth happy birthday anna
happy birthday to medjy @ medjyaenposib
happy birthday champ @ govnarali longlivegovnaralliemay god add more years to your current age and keep you safe enjoy
happy birthday hakim @ imrkoalabear
happy birthday hunnn @ shortymacshort
day 106 i love celebrating easter it's also my fatherinlaws birthday grateful for time with
happy birthday to my ultimate girl crush @ ysabellecaps
@ laurendreid happy guacamole birthday
@ younglark36 happy birthday to you too big cuz stay up
happy birthday @ damnitsjaammm
@ tbdalton5 happy birthday to your gorgeous girl
happy birthday @ lhongne
it's luhan's birthday season
@ ysabellecaps happy birthday to the baddest
thank you for the birthday trophy my lovely kind friend @ bortekhan she's a gem
millions of disciples of pujya asaram bapu ji celebrate his birthday as vishwasevadiwas across the globe
@ jwdevoy happy birthday
happy birthday lee joongi happyjoongiday wang sogt
happy birthday to this big ball of fluff i love her dearly
happiest of birthday's to the most beautiful haleycapxo
happy birthday jt
happy birthday bailey babe
happy birthday my guy @ chrisvb312
@ geraldtan happiest birthday pao
advance happy birthday to me @ yakimix abreeza davao city
happy birthday boss k god bless @ realfusana
my birthday weekend has been the worst ever
they even had the audience wish him happy birthday bro twice i can't even
@ dinahjane97 dinah it's my birthday it would be an incredible gift you notice me
happy birthday @ icblues
happy birthday lyss hope you have a great day @ alyssamatteo
happy birthday @ jacklynch00
@ avikaplan it's midnight here so happy birthday angel love you so much and am incredibly proud of all you've accomplished thx4beingu
get you a person that'll make every birthday memorable thankful
@ dulcesoo its still your birthday for a minute here happy bday i love you
this lovely lady took me to santabarbera for the day to start my birthday week off right @
happy birthday @ haleyyrenner
hardcore female bodybuilder porn adult birthday party invitations
@ jaxgoldberg you're really fast happy birthday man
@ aflores15 happy birthday dad
happy birthday and happy 2 year anniversary to my sweet bestfriend thank you for always being here for me i love
mrsnovember my birthday is november 1st 1990 look at me live
@ pataltschul happy birthday you share your day with my 9 yr old hope it was fabulous
'auntie ida' shares her secret to a long life after turning 105 years old
in memoriam james last his birthday today
birthday shout @ maiysha
@ livvonderhaar happy birthday girly hope you had a great day
@ kenwaays i am not ready for soumako birthday to come out i will die azueyveudyfz
remembering you on your birthday x
happy birthday sky so happy to have grown closer to you this year love you amp dhh forever @ skyfendrick
@ marydaleentrat5 happy birthday ryuu godbless maywardangsunshinenamin
my birthday is this week but i'm not having my party till may lmao
@ ricwilson happy birthday homie keep prospering
happy birthday @ avakvittem miss ya
happy birthday broski @ dengnarduzzo
happy birthday to one of the beautiful actress @ thesunainaa anusha have a great year ahead
happy birthday brova you growing up on me slim be safe i love you forevalikeink @ shasweezy
happy birthday maybe now you'll get to drive the new jag @ claflamme16
name emilybirthday 011800sign capricorn location florida usa sexuality straight pronouns sheher
exciting event in memory of arthurrackham do dm for similar event in belsize park in september if you have ideas
don't think i go out for months now until my birthday getting bored of it
@ imabhishek happy birthday bro
happy birthday mah sisterinlaw ilyy
happy birthday @ anousheya wishing you the best of everything in life
@ eat24 birthday burrito
happy happy birthday chiyaan vikram amp welcome back jhon swag hbdchiyaanvikram
@ vickieguerrero excuse me happy belated birthday
happy birthday beautiful @ thesunainaa
happy birthday megan char enjoy your day @ triciaalvrangls
omg happy birthday wheein i swear this isnt it i have more fanarts i havent finished yet i love you
noels surprise 50th birthday from this weekend dj2goie dj djhire sound lights party dublin surprise 50th
@ yxnited happy birthday
happy birthday @ chancetherapper you're real love you
happy birthday matt hope you have the best day ily @ mattcronk20
@ arianecrystle happy birthday from a fellow maga supporter let this be a great day for you
@ dmonate7 happy birthday dm god bless
happy birthday @ blovett7
@ 95solos happy birthday rand
@ notbluest @ jpmise ''twas sarcasm and happy birthday
happy birthday lee jun ki oppa
@ drshobha happy birthday
@ thunderrmuffin @ highlightedjosh happy birthday
my mom enjoyed her birthday job well done
@ ihansika @ actorsiddharth happy birthday to you have a wonderful year to you best wishes to you
@ bimpthapimp happy birthday qt
@ trixiadlssnts happy birthday trixia gbu and tca mwa
everyone is so busy on my birthday it is going to be so shit
happy birthday my 20 buddy @ senoritaq8
evan got me an early birthday gift and made me dinner
happy birthday boss man @ biolakazeem remain blessed
chloe's birthday is 19970210
happy birthday to hong hongseokie rl amp rp god bless you xoxo @ hhngseok
@ cowiechloe @ cowiechloe happy birthday to my bfffff hope u have a good day n get spoilt asf love you loads n
lmaoooo how can your own mom not talk to you for 2 days and text you you're going too far for your birthday
who sings the song birthday sex christina aguilera nude picture
@ jannmoreno happy birthday jann
@ littlemissrina happy belated birthday dear hope you had a great one love
@ shaquillee happy birthday
@ viviana22vargas happy birthday viv i miss you and hope to see you real soon i hope you have an amazing day
@ mikefirehammer happy birthday
thurs april 27 2017lil fien's 18th birthday 14 spots open in the limo to be picked up drinks and smoke at my place limo to show
happy birthday @ phardy hope it's as fake as you
happy birthday @ imabhishek chak de phatte
happy birthday to my longtime best friend @ daisystorey hope you have a flippin' awesome day flower child
yr nikki won't allow victor to come to reed's birthday party faith comes in after her grandparents argue nice
18th birthday dinner for this handsome kiddo
@ miiichaelaa8 happy birthday love
ben 10 alien force nude adult birthday theme ideas
happy birthday to the greatest hip hop dancer of all time @ lojocro lol miss you lots
amazing gift ideas available for purchase online at our estore anniversary birthday gifts
happy birthday to my heart my headache the mother of my first born my best friend at times and the young
happy birthday @ haiaronaldo
happy birthday ayah with fasa zamzam and fita pic
happy birthday @ adjoafosuaa have a nice one
@ cassianandors i'm such a dumbass but also my mom told me i can buy whatever i want on my birthday i passed my lim
thank you to everyone for the birthday messages 34 ain't so bad
thank you for always bringing joy and sharing your true feelings with us happy birthday wheeinhappywheeinday
leather notebook journal diary birthday gift for women girl bes annakisart giftformom
when you wish yourself happy birthday fallonstylessnl
happy birthday @ fatemakazem
marilyn monroe happy birthday mr @ josepruana via @ youtube
officially is my 20th birthday
happy birthday chance the rapper
happy birthday to amrutha varshini
a very happy birthday @ drshobha di god bless you with good health wealth and lots of happiness
@ kvngspice happy birthday artist
puthuyugamtv wishes chiyaanvikram a very happy birthdayhappybirthdaychiyaanvikram hbdvikram
oh god they're airing ouat's musical episode on my birthday
happy birthday flourish more blessings frosteepeggy
happy birthday @ niharikaaa i'm so glad i have had the pleasure of being friends with you since prek hope ya day was great
happy birthday @ kristinetoraya
happy birthday crag have a great day @ cragyoung17
my crazy reckless and beautiful partner in crime happy happy birthday couldn't be more thankful for you s
@ suuggaa happy birthday hopes it a good one
