nowplaying drink till the day that i die by dazie mae listen on stream
nowplaying buck owens made in japan
nowplaying drink a beer luke bryandownload our app music hotcountry rt
nowplaying tanya tucker it's only over for you
girls sex korean sex forum
nowplaying on tommy cash titre coward of the county rock nancy heartcountry
nowplaying small town saturday night by hal ketchum listen on stream
nowplaying tanya tucker love me like you used to
girl barcelona porn movie adult stripping games
nowplaying on lady antebellum titre dancin' away with my heart rock nancy heartcountry
need advice on moving across the country from pennsylvania advice california from moving need
nowplaying billy dean if there hadn't been you
steve young new ep 2017 update video blog 1 trembling heart
nowplaying sweet little one by kelly willis listen on stream
why don't we use science polls to get an estimate of what americans want as a to be accomplished
nowplaying glenn campbell ampamp bobbie gentry all i have to do is dream
nude teen titans hentai video collection
nowplaying sara evans born to fly
nowplaying deana carter strawberry wine
girls in booty shorts fuck jlo naked
girls porn pics older hairy porn
mom erotica girls free porn
sunday 04302017 on the yuccastage kevin sharp freetempe phoenix arizona livemusic nightlife
nowplaying on zac brown band titre loving you easy rock nancy heartcountry
nowplaying on rescue junction titre hold on single rock nancy heartcountry
dining table missing something buy this gt dining centerpiece romantic
live easter night with michael saucedo on spreaker cleveland latin pop spanish
nowplaying kat taylor with shame on you newartist
nowplaying on the road again by freddy weller listen on stream
nowplaying alan jackson livin' on love
porn pics bottomless fuck
full house singalong listen and chills rt baylor wvu roads game
nowplaying on chris cagle titre got my country on rock nancy heartcountry
girls free porn free new naked big boob jast girls porn movies
nowplaying t graham brown hell and high water
@ minniieptck great to meet you please listen to i can feel her heart beatin inside of mine music
now playing on channel80 the 5th dimension save the
nowplaying billy dean somewhere in your broken heart
nowplaying on lee brice titre a woman like you rock nancy heartcountry
nowplaying somethin' 'bout a truck by kip moore listen on stream
handmade kitchen dish cloths purple white crochet wash cloth cotton shabby set of 3
golden streets of glory dolly parton
livestreammusic jeffkrumholt jeff krumholt live happy easter oldies
nowplaying homegrown zac brown banddownload our app music hotcountry rt
great interview with @ sethaustinmusic you can hear this episode on our @ undefinedradio website thanks again seth
@ taylorswift13 @ rosannecash amp others write about the women of music
girl anal sex videos how to use a fake pussy
nowplaying ronnie milsap i wouldn't have missed it for the world
patti page tennessee waltz listen on radiolibre hitscountry music mirabelle nancy
un reports china sustained smoking related losses of usd50 billion in 2014 urges the to ban tobacco
nowplaying on goebel reeves titre hobo's lullaby rock nancy heartcountry
april verch 06 long harbourmp3 listen on radiolibre hitscountry music mirabelle nancy
nowplaying on tyler farr titre whiskey in my water rock nancy heartcountry
girl sexy stripping female sex offenders teachers
nowplaying red foley chattanoogie shoe shine boy
nowplaying if it ain't with you farewell angelinadownload our app music hotcountry rt
nowplaying beer drinking song mike watkinsdownload our app music hotcountry rt
nowplaying tg sheppard i loved 'em everyone
nowplaying tax man shoes zac brown banddownload our app music hotcountry rt
stars nude hot gay sex for teens
great tshirt shop clickgt rockstar hardrock reggae blues jazz folk
follow the page for more funfacts hindu muslim sikh isai religion nation desi snapchat
nowplaying on thomas rhett titre it goes like this rock nancy heartcountry
mexican teens having sex girl anal
nowplaying keith whitley when you say nothing at all
@ clickbankggmary great to meet you please listen to i can feel her heart beatin inside of mine music
nowplaying georgia clay josh kelleydownload our app music hotcountry rt
nowplaying el cerrito place by kenny chesney listen on stream
spent today making some new friends portrait horse farmlife
being different landscape nature wild sky tree red instagramers travel travelphotography
nowplaying flatliner cole swindelldownload our app music hotcountry rt
nowplaying george jones she's my rock
nowplaying lionel cartwright i watched it all on my radio
stopped off on our walk for a tea at the @ mountsorrelrail heritage centre listening to birds sing lovely place community walks
nowplaying restless heart that rock won't roll
nowplaying toby keith who's that man
a little bit of everything for music lovers rock rap pop music socialmedia
nowplaying where does rosy go by kenny rogers listen on stream
oh man pitiful might as well be in south sucks
nowplaying patsy cline sweet dreams
nowplaying vince gill no future in the past
nowplaying stand by me by freddy weller listen on stream
nowplaying carl butler don't let me cross over
beautiful period village house within easy walking distance of a popular day prep school propertynews
nowplaying on toby keith titre hope on the rocks rock nancy heartcountry
brinn black not that girl listen on radiolibre hitscountry music mirabelle nancy
nowplaying dirt by florida georgia line listen on stream
another country summer night indiana farm family pbr saturday weekend
april verch 04 lazy johnmp3 listen on radiolibre hitscountry music mirabelle nancy
girl cartoon porn hermaphrodite sex porn
is flag denoting anything other than true of origin intentionally misleading foodfraud @ joannablythman
nowplaying are you sure kacey musgravesdownload our app music hotcountry rt
nowplaying love is sung by jerry hull listen on stream
nowplaying rosanne cash seven year ache
nowplaying doug stone these lips don't know how to say
nowplaying cypress spring with denim newartist
jim electric accordionist accordion thewaywardhearts folk vancouvermusic rock vancouver
wrap up your easter evening by listening to some music might find some new artists you like
coalash is 1 of the largest wastestreams inthe 2 tennessee cases bring coals hidden hazard to light
check out original folk art painting acrylic on wood artist signed amapola via @ ebay
@ guardian names nepal as the top to visit post brexit
nowplaying if you ever get lonely love and theftdownload our app music hotcountry rt
nowplaying bellamy brothers lovers live longer
nowplaying on florida georgia line titre sun daze rock nancy heartcountry
roughdemo1997 it aint workin by somethin b wrong bluegrass songwriter keithurban comedy newmusic
new song somewhere over the mountain by john rankin breaking music rock guitar original bluegrass
nowplaying on toby keith titre who's your daddy rock nancy heartcountry
gettin my own big bar hair
@ labonneparis1 @ shrewsmorris @ athenikasilver thanks for the lovely rt and mention yes we visit family there often
fallen branch beside a field of gold wood print by leah mcphailrusticart fallenbranch woodprints
nowplaying red foley birmingham bounce
nowplaying brooks ampamp dunn we'll burn that bridge
nowplaying clay walker where do i fit in the picture
nowplaying dolly parton coat of many colors
nowplaying kill a word eric churchdownload our app music hotcountry rt
now that was fun every now and then you gotta get down style southernliving fl
nowplaying beautiful drug by zac brown band listen on stream
nowplaying on jean shepard titre a satisfied mind rock nancy heartcountry
nowplaying bellamy brothers old hippie
nowplaying i believe in you 1980 don williamsdownload our app music hotcountry rt
nowplaying wynonna judd i saw the light
handmade kitchen dish cloths pastels white purple pink green wash cloth cotton shabby crochet set of 3
nowplaying bailey bryan with own it newartist
music cd's amp vinyl records rock metal pop classical vinyl rap music cds
@ kvarunkumar19 great to meet you please listen to i can feel her heart beatin inside of mine music
nowplaying local herowild theme by dire straits listen on stream
nowplaying on luke bryan titre kiss tomorrow goodbye rock nancy heartcountry
exactly this country has so weakened our even stretching to our male veterans i'm disgusted
music aaron lewis vicious circles album version music join us and submit your music
nowplaying reba mcentire somebody
our rework of roebuck pops staples now available as hq wav file on bandcamp np gospel soul funk
ready is out right now stream it right here on spotify and hit that follow button newmusic
need a more focused scientific research in kakodkar @ drharshvardhan @ yschowdary @ ashutos61
nowplaying 3rd base dodger stadium by ry cooder listen on stream
porn home made sex fuck
always you and me mike smith
nowplaying whoop a mans ass trace adkinsdownload our app music hotcountry rt
nowplaying camille rae with i need me newartist
nowplaying on easton corbin titre baby be my love song rock nancy heartcountry
summer concerts 2017 tickets shows bands @ ebay summer festivals rock
nowplaying adam craig with just a phase newartist
ugly foot job cartoon sex scenes
nowplaying conway twitty ampamp loretta lynn as soon as i hang up the phone
one of the best live acts out there the outstanding @ lyndseyhighland 'flowers ain't gonna fix this' live
fiddle de diddle crossroads ericclapton bluegrass music rock jazz fun love @ darrellwebbband
nowplaying on cole swindell titre let me see ya girl rock nancy heartcountry
jim electric accordionist accordion thewaywardhearts folk vancouvermusic rock
nowplaying on chase rice titre gonna wanna tonight rock nancy heartcountry
nowplaying better man little big towndownload our app music hotcountry rt
recently listed static caravan rookley park on the isleofwight
porn pics brook davis naked
nowplaying sawyer brown some girls do
nowplaying tony jackson with the grand tour newartist
nowplaying happy times by joe bonamassa listen on stream
nowplaying today brad paisleydownload our app music hotcountry rt
the first in the world to adopt christianity wasfind out here
what kind of society or as a whole you want to live in can be statistically reflectedthe final joke is on who we will see
nowplaying little bit of you chase bryantdownload our app music hotcountry rt
nowplaying sammy kershaw third rate romance
porno stripping naked pics
nowplaying til my last day justin mooredownload our app music hotcountry rt
hoping it's not a 1night stand bluegrass johnlennon taylorswift newmusic keithurban jasonaldean
one more smile before i cry keithurban bluegrass carrieunderwood newmusic jasonaldean taylorswift
treadin' water earl thomas conley
nowplaying on luke bryan titre i see you lyric video rock nancy heartcountry
nowplaying on the collins kids titre hop skip and jump rock nancy heartcountry
tea towels are here artistsontwitter pattern surfacedesign illustration kitchen pies
nowplaying makin' me look good again drake whitedownload our app music hotcountry rt
nowplaying ricky scaggs same ol' love
a view i'm never tired of familyfarm barn @ arlington washington
nowplaying on kim richey titre something more rock nancy heartcountry
nowplaying midnight in harlem by tedeshi trucks band listen on stream
nowplaying on joe nichols titre take it off single version rock nancy heartcountry
girls porn pics pornstar caramel videos
nowplaying on april verch titre 09 still tryingmp3 rock nancy heartcountry
nowplaying on jeff schrems titre this world is not my home rock nancy heartcountry
america ranks in top 5 most ignorant countries in the world in knowledge of own educateamerica
penis size around the world rt penis sex size research
nowplaying on jason aldean titre take a little ride rock nancy heartcountry
our new video 'picking on you' hope you like and share it bluegrass americana music folkmusic
we are open 7 days publicgrill denburg texel @ public grill
nowplaying on florida georgia line titre it'z just what we do rock nancy heartcountry
truestory 1920's artist jimmie rodgers is known as the father of country music
world sex orgy girls free porn
cycling riverside easter is over but enjoyed it to the maximum cycling across for
nowplaying on 2steel girls titre take me back realtree rock nancy heartcountry
nowplaying mickey gilley don't the girls all get prettier at closing time
nowplaying how not to dan shaydownload our app music hotcountry rt
rough demo 1987 soul searching burnout needing a change rock bluegrass yoga classicrock newmusic
nowplaying ronnie milsap he got you
nowplaying maddie wilson with love like theirs newartist
guatemala free porn images girls nude free pic
nowplaying on caroline pennell titre we're going to be friends rock nancy heartcountry
nowplaying day drinking little big towndownload our app music hotcountry rt
nowplaying on robbie fulks titre aunt peg's new old man rock nancy heartcountry
feelgood country track that will make you think of someone special listen gt
nowplaying conway twitty i may never get to heaven
nowplaying on gordon haskell titre all the time in the world rock nancy heartcountry
nowplaying drunk last night eli young banddownload our app music hotcountry rt
nowplaying ray scott with livin' this way newartist
nowplaying the weekend brantley gilbertdownload our app music hotcountry rt
201213 chrysler town amp 330mm drill slot front amp rear rotors price a complete front amp rear
women naked jessica albas sex
nowplaying on lady antebellum titre just a kiss rock nancy heartcountry
nowplaying on willie nelson titre face of fighter rock nancy heartcountry
girls fucking cute girls short shorts anal pictures galleries
@ solomon99999000 whats with france throughout history they seem to welcome invasion more than any
nowplaying on eagles titre love will keep us alive rock nancy heartcountry
nowplaying kick the dust up by luke bryan listen on stream
nowplaying steve wariner there for a while
nowplaying on ernest ashworth titre flip flop and fly rock nancy heartcountry
nowplaying on the springs titre are you an angel rock nancy heartcountry
nowplaying kenny rogers if you want to find love
nowplaying on dustin lynch titre hell of a night rock nancy heartcountry
nowplaying kenny foster with stand newartist
nowplaying on kip moore titre somethin' 'bout a truck rock nancy heartcountry
nowplaying on george strait titre love's gonna make it alright rock nancy heartcountry
nowplaying in my time of need by joan baez listen on stream
mrsglobal god's own audition on 240417contact813800815194470640409846054534event by
nowplaying get your shine on florida georgia linedownload our app music hotcountry rt
lose my mind brett eldredge 1002251822
nowplaying restless heart say what's in your heart
keep your horse close by horselover horses cowgirls equinegifts
nowplaying tammy wynette stand by your man
nowplaying just like you by timeseven listen on stream
nowplaying buck owens act naturally
experience lovely days in spectacular destinations in a like yemensaveyementourism
girls gone wild nude pics and vid simpsonovi porn
deep in the heart of the newforest sits @ limewoodhotel combining charm with luxury comfort
nowplaying here for a good time by george strait listen on stream
nowplaying holly dunn love someone like me
nowplaying on thomas rhett titre get me some of that rock nancy heartcountry
nowplaying on blue yster cult titre don't fear the reaper rock nancy heartcountry
nowplaying sammy kershaw i can't reach her anymore
nowplaying lari white lead me not
nowplaying came here to forget blake sheltondownload our app music hotcountry rt
just some yahoos i made tromping through the orchards familyfarm farm spring @
boxi 2pcs liftgate lift supports for chrysler town amp 2001 2007 chrysler voyager 2001 2003 dodge
drives and greatescapes sometimes there is just too much noise even in the most
nowplaying shane owens with all the beer in alabama newartist
nowplaying refugee by tom petty and the heartbreaker listen on stream
confused which policy you should buycompare the best plans from top insurers of the here
now playing the 5th dimension save the
nowplaying jerry reed east bound ampamp down from smokey and the bandit
beautiful sunset from our drive home after dinner tonight with the family nofilter easter familytime
thurs 518 @ thecoffeegallerybackstage in altadena @ carricoband amp laartists pay tribute to the bakersfield soun
nowplaying on kelsea ballerini titre love me like you mean it rock nancy heartcountry
girls gone wild nude pics and vid nude sorority pics
nowplaying nitty gritty dirt band modern day romance
nowplaying eagles new kid in town
nowplaying sammy kershaw she don't know she's beautiful
music first aid kit my silver lining elkuefo bootleg music join us and submit your music
nowplaying garth brooks the river
our beautiful pheasant cushion is the perfect addition to any country style home rustic traditional
nowplaying on brinn black titre where have i been all my life rock nancy heartcountry
nowplaying on kenny rogers titre poem for my lady rock nancy heartcountry
just finished this all mahogany ganesha model with our house blend pickups and a maple fretboard blues
nowplaying hickory wind by the byrds listen on stream
nowplaying restless heart the blueset eyes in texas
nowplaying real life jake owendownload our app music hotcountry rt
we help you settle in the of your choicefor more details contact wwics
nowplaying on the springs titre the christmas song rock nancy heartcountry
live music rock blues sign up for newsletter
nowplaying hillbilly fire jeff danedownload our app music hotcountry rt
ethiopia country secures us72 million from meat export ethiopia secures million export
nowplaying on 3rd amp union titre my love demo rock nancy heartcountry
nowplaying alabama the closer you get
kenny rogers lay it down listen on radiolibre hitscountry music mirabelle nancy
nowplaying steve holy good morning beautiful
nowplaying johnny cash orange blossom special
nowplaying on dazie mae titre drink till the day that i die rock nancy heartcountry
nowplaying toby keith you ain't much fun since i quit drinking
nowplaying aubrie sellers with liar liar newartist
nowplaying on toby keith titre as good as i once was rock nancy heartcountry
nowplaying everybody knows by ryan adams listen on stream
nowplaying you look good lady antebellumdownload our app music hotcountry rt
music nude ghana teen pic
sex song teen naked pussy of marathi
nowplaying garth brooks callin' baton rouge
zac brown band the wind listen on radiolibre hitscountry music mirabelle nancy
nowplaying beautiful drug zac brown banddownload our app music hotcountry rt
nowplaying coward of the county by tommy cash listen on stream
nowplaying she used to love me a lot by johnny cash listen on stream
nowplaying man in black johnny cashdownload our app music hotcountry rt
nowplaying on kenny rogers titre for the good times rock nancy heartcountry
nowplaying dan seals love on arrival
norah jones be here to love me listen on radiolibre hitscountry music mirabelle nancy
nowplaying on brinn black titre that should have been us rock nancy heartcountry
nowplaying on ry cooder titre 3rd base dodger stadium rock nancy heartcountry
nowplaying todayscountryandthelegends unknowndownload our app music hotcountry rt
nowplaying a memory like i'm gonna be by tanya tucker listen on stream
posh suicide nude gallery girls gone wild nude pics and vid
steve young new ep 2017 update video blog 1 trembling heart @ pledgemusic
girl anal sexy saree girls nude
nowplaying loretta lynn you're lookin' at country
nowplaying randy travis look heart
beautiful love song dear companion by john rankin breaking music record bluegrass guitar nashville
nowplaying just gettin' started jason aldeandownload our app music hotcountry rt
nowplaying alabama pass it on down
from which country's language is it most likely that the word curry comes language
nowplaying bobby helms my special angel
music 4weekend passenger let her go music billboard thevoice
when someone puts a gagorder its bc they want 2 hide the info 4 personal reasonswhy would a pm hide info if its
nowplaying eagles take it to the limit
redneck nude girls free big pussy lip pics
girls porn pics filipina slut teen
@ normaroberso great to meet you please listen to i can feel her heart beatin inside of mine music
nowplaying oak ridge boys y'all come back saloon
nowplaying reba mcentire little rock
nowplaying it only hurts for a little while by jerry wallace listen on stream
nowplaying song for another time old dominiondownload our app music hotcountry rt
nowplaying vince gill when love finds you
nowplaying alabama can't keep a good man down
lois griffin family guy naked sex song
frankie ballard young amp crazy listen on radiolibre hitscountry music mirabelle nancy
tickets for tim mcgraw tickets philadelphia pa 08182017 concert festival
nowplaying eric chesser with good times amp summer days radio release run time 259s newartist
nowplaying on lynn harper titre he'll be your friend rock nancy heartcountry
nowplaying do i make you wanna billy curringtondownload our app music hotcountry rt
@ bumioutbound great to meet you please listen to i can feel her heart beatin inside of mine music
make you miss me sam hunt country 923457611
nowplaying brooks ampamp dunn play something country
nowplaying george jones the right left hand
fun sex positions in a car girls gone wild nude pics and vid
an historic event stawell easter eastermonday longweekend holiday athletics
nowplaying kenny rogers the gambler
pure amp simple dolly parton
nowplaying steve wariner your memory
nowplaying charlie rich a very special love song
nowplaying on carolina gold titre southern comfort rock nancy heartcountry
nowplaying hank williams honky tonk blues
nowplaying rascal flatts fast cars and freedom
another beautiful day in wncmarshill mountains blueridgemountains nature
happy easter everyone rissen easter yeeyee isaaccolemusic imyourhuckleberry
@ alabuoo1 great to meet you please listen to i can feel her heart beatin inside of mine music
artist @ iamjordanaaron is a guest of episode 105 great musicindustry chat the full unedited interview
jolie holland sweet loving man listen on radiolibre hitscountry music mirabelle nancy
nowplaying whatever she's got david naildownload our app music hotcountry rt
nowplaying dixie chicks cowboy take me away
nowplaying until im one with you by ryan bingham listen on stream
9 times out of 10 when you read god family you can be sure that they're completely ignorant hypocrites with low iqmaga
nowplaying 19 you me dan shaydownload our app music hotcountry rt
nowplaying jacob davis with what i wanna be newartist
trump unwelcome to the usa regardless of race n xcept muslims just stay away
nowplaying roller coaster luke bryandownload our app music hotcountry rt
is anal sex bad for health girl anal
nowplaying it goes like this thomas rhettdownload our app music hotcountry rt
nowplaying long stretch of love by lady antebellum listen on stream
nowplaying luke bryan fastdownload our app music hotcountry rt
nowplaying jamie lee thurston with givin' up breathin' newartist
nowplaying flloyd cramer last date
girls free porn supernatural sexy
nowplaying blue aint your color keith urbandownload our app music hotcountry rt
nowplaying girl in a country song by maddie amp tae listen on stream
nowplaying put a label on it ryan follesedownload our app music hotcountry rt
a little bit more of the guichenbay goodness lucky have a swim a coffee a wine a crayfish and a
nowplaying clint brooks we shall be free
nowplaying randy travis no place like home
porn video lovely grannies you porn
nowplaying vern gosdin this ain't my first rodeo
nowplaying that's christmas to me by pentatonix listen on stream
nowplaying home by dierks bentley listen on stream
nowplaying little texas what might have been
nowplaying lee roy parnell i'm holding my own
nowplaying on dire straits titre money for nothing rock nancy heartcountry
aaron lewis vicious circles album version music join us and submit your music
nowplaying charlie rich the most beautiful girl
love story taylor swift country 295757188
nowplaying merle haggard that's the way love goes
sitting cause more health problems than cigarettes office sales marketing vancouver toronto alberta calgary
nowplaying george jones tender years
nowplaying reba mcentire what am i gonna do about you
nowplaying on the springs titre everybody runs rock nancy heartcountry
nowplaying on patsy cline titre a poor man's roses rock nancy heartcountry
nowplaying reba mcentire only in my mind
nowplaying if i told you darius ruckerdownload our app music hotcountry rt
if you are mistreated your society or will simply have higher suicide rate it is not a matter of man woman or children
never gets old truly the lucky to sit on a warm afternoon staring at this view from
easter sunday whataworld folk music art indierock zombiejesus @ the
nowplaying michelle wright one time around
@ alliesealey on periscope family time on easter when you're country music
new song somewhere over the mountain by john rankin breaking music rock guitar indie alternative
nowplaying strip it down luke bryandownload our app music hotcountry rt
new dates added driftwood matthew livigni
nowplaying pirates of the mississippi till i'm holding you again
nowplaying kick the dust up luke bryandownload our app music hotcountry rt
porn video totally free hd porn
girls porn sexy spandex videos
nowplaying ready set roll chase ricedownload our app music hotcountry rt
nowplaying tammy wynette 'til i can make it on my own
nowplaying red taylor swiftdownload our app music hotcountry rt
nowplaying holly spears with farm girl newartist
nowplaying confederate railroad jesus and mama
nowplaying holly dunn daddy's hands
girls fuck real life sex confessions
nowplaying steve wariner when i could come home to you
guy knocks out 2 dudes without breaking a sweat
