becoming conscious of what we need to do when it comes to our health nomnom blog
the latest the grande latte' thanks to @ jongegeesten @ pennytrvlwriter coffee
what are you craving today homecooking fresh homechef
homemade smoked fresh ham with cream soda glaze gas grill recipes cooking
limited downside for wheat my article in @ businessline for your thoughts
we're expanding check out this post for a major announcement entertainment drinks decor work
the latest the grande latte'
sichuan pork wontons chao shou cooking
the latest cooking in with stephanie thanks to @ mit1953 @ bonedbroth @ tnpasha recipes
please rt recipes snickerdoodle apple cake
recipes reddit livebroadcasting homemade made simple breakfast rfood
life is short eat cookies spoonfeed thebakedbear icecream
what's in a foragers breakfast delicious vegan high in nutrients and pesticides free
my first attempt to cook pancit cabagan of ilagan haha not bad for a first timer
amp craft weekend dunfermline @ kingsgatecentre april 29th amp 30th gtgt
oh and this 'chikki kulfi' @ indiabistrofl throwback desserts summer mumbai thane
please rt recipes cooking delicious cook recipe sundried tomato mushroom and spinach tofu
farming preschool would teach kids how to grow their own
news one meal organization providing free food to those in need wpmi local 15 news wpmi local 15 news
best these asian roasted brussels sprouts will change your life one bite and you'll see why this easy
mumbai food cooking up a storm in alibaug
enjoy your favorite and delicious ras malai with quice quice products mashroobepakistan refreshing
homemade steakfrites with lemon herb butter recipes cooking delicious
thelastjedi energy is the life force in the universe and prevalent everywhere around us in chinese it rt
happy birthday if today's your lucky day hbd cake birthdaycake
check of this welsh shop gt beer spirits butchers cheese dairy wales
please rt recipes dessert we tried it to save you some heartache and heartburn coffiest
cookies r a life saver cookies otaku panda f4f retweeet
this selfdriving robot developed by apple and google alum can deliver right to
oldguy beauty cams action romance niceass ffm
win free products coupons for lightlife amp nasoya products via @ mrsdchastain's giveaway
live on periscope greek feast cooking golive periscopetv
travel and the global rise of urban food experiences via @ landlopers travel
sore head @ mrcroquewich grilledcheese is the perfect hangover cure 123pm today streetfood cardiff
can paralyzed men have sex for healthy sex
please rt recipes cooking delicious cook recipe cheesy baked mac amp038 cheese to go
please rt recipes fruitcheese dip
squid ink blue crab pasta at recess room pasta crab
please rt recipes nobake chocolate mousse pie
news groupboard ham amp cheese pastry if you like ham amp cheese sandwiches you will definitely like thi
@ johnmoss1508 join our fb group 1800goodfood
please rt recipes cooking delicious cook recipe international france paris rue des martyrs
guess how happy i am i didn't burn biscuitsi think that's a first walle
please rt recipes cooking delicious cook recipe chicken cordon bleu pastry bites
please rt recipes cooking delicious cook recipe turtle brownie cheesecake
easter eggs and gingerbread in the form of colored easter rabbit by anjelagr source500px
all you need to know about the governments proposed bill on portions in restaurants
i just cooked scrambled eggs meal
36 restaurants the rich and famous love
please rt recipes cooking delicious cook recipe gluten free veggie burritos and guacamole
my first attempt at a five spice flourless chocolate cake with a tempered chocolate top cooking
fitness it is a 24hour diet transformation make your body a fatburning machine
news groupboard jello easter eggs are a fun and easy jigglers treat for kids
i definitely got my pie face on sofull japan no regrets
please rt recipes cooking delicious cook recipe chicken amp veggie stirfry
why you should caramelize your food nomnom blog
christmas tree brownies recipe via @ youtube christmas xmas holidays baking brownies
inflationmarch wpi inflation at 57 vs 655 in feb inflation at 312 vs
from the archives 4 ingredient pepperoni pizza rolls easymeals recipes
take a culinary cooking adventure with world recipes easy to follow on video visit us at
food for life 5 foods you should never eat click here healthcare
um @ andreakbrooks i just saw your instastory and now my tummy is grumbling while i'm in bed about to go to sleep hearties yummy
love to feature your travel ampor adventure lifestyle business site
i don't always visit my parents but when i do i'm hungry and it's around dinner time parents
please rt recipes dessert red curry tempeh summer rolls
tea and coffee served on airplanes can give you e coli the epa found that 12 p
changing my eating habits
girlfriend sextrip venice prettyfeet asscheeks who fuckingmachines
please rt recipes coconut bread buns
i ate bacon curry fries courtesy of h4l1 via in reddit delicious lunch gourmet dinner
please rt recipes cooking delicious cook recipe japanese cheese cake
spend some fun filled time in our unique canopies before you head out for the beach fun goa beach
set of four vintage metal poker card themed serving display trays 19 via @ ebay gaming
casper college to repurpose leftover campus food for senior citizen dinner casper startribune online
day 2 last one there are lots of things that are very different from american culture
potato leek soup delicious homecooking cooking soup
foodfamous faces from the world of iron chef reveal where they ge
attend the leadership series with @ kabirjeet @ burgersinghs on 19th april and know future outlook on the sector
escortmilano pennsylvania delinquent boca banging maturegent autos sunderland
interesting daily finds via wines pinot noir maule valley chilensis reserva 2015 10 wine spectator vino
please rt recipes shrimp scampi with linguine
please rt recipes cooking delicious cook recipe winter vegetable chicken noodle soup with asiago
the latest the daily dish thanks to @ calvinisawesome @ recipe2make @ loveitalianlife recipes
i also should try mandi too
please rt recipes cooking delicious cook recipe chewy healthy granola bars reader favorite
fat doesn't come by d brain wch keepson processin ur pain amp you gain lifeisagame eat calories eating life understand
'feed your head' probably not with these kind of mushrooms mushrooms japan @
whipped up some healthy smoothies in my new living well with montel blender
central coast wine the varieties regions and more cooking wine
easter recipes how to make italian easter cookies via @ kitchenhandle
the women empowerment space nomnom blog
need food sos bring me pizza and watch tv with me and bring me kittens kittens essentials
farmersmarket san jose downtown farmers market cc artist @ beckmannsbakery @ medinafarms @ smallbeesco @ hamlowranches @ jandmibarra @ me
please rt recipes dessert lemon basil seared scallop pasta
the latest food recipes thanks to @ deemaheshwari @ emathiemer @ ripplemeister indianvegrecipes
enjoy and drinks at the arvada tavern arvadaco parkplaceoldetown
cost analysis jennnifer love hewitt nude
knowing the pulse of a place is by experiencing the local cuisine at the woods wayanad taste
4 amazing nourish bowls
news groupboard creative easter food ideas
savoury pies made in greece visitgreece travel ttot source visitgreecegr
dominos this is really interesting want to know more look at dominos suffolk restaurant
my asparagus risotto would make you weep nomnom i knocked this one outta the
when you forget to buy ingredients this book is here for you
these are the best restaurants to eat at whilst the suns out in birmingham
do you know caps cafe it's store expert from port melbourne cafe cafe caps store
please rt recipes cooking delicious cook recipe beer brat sliders presented by
please rt recipes have your cake and eat it too with mrs crimble's
sexdate boyfriend lakewood vienna facialhairgt
digitalpayments co @ paytm has rolled out wallet on its app meant for corporates to issue taxfree mealcoupons to their employees
please rt recipes cooking delicious cook recipe pumpkin cookies with butterscotch and chocolate
get 20 off entire ticket with the purchase of 25 or more
i ate lobster from shogun bistro recipe cooking recipes healthy cook health yummy
please rt recipes dessert carrot cake cookies with caramel cream cheese frosting
please rt recipes dessert music that makes us want a beer
an easter pizza grilled chicken roasted peppers mozzarella and basil pizza yummy love dinner
news groupboard rainbow jello easter eggs
the perfect monday bowl cauliflower rice carne asada bowl the post cauliflo
seabit the seattle met breakfast taco list seattle
i ate the hogzilla at pig nic in virginia beach va recipes cooking delicious
sexchats sister casting blonde boobs anna ass webcammodel
please rt recipes getfitmarch yogurt half full meals and bhel
i couldn't find anyone cooking easter dinner so i had to order take out
the face you make when you see your food coming in a restaurant bowness dogsoftwitter
local eat local cooking class instructor
indian cuisine is one of the healthiest in the world focusing on fresh amp seasonal @ sunitanar @ financialxpress
the vegetarian guide to san francisco vegan recipes healthy cooking animalrights
the jewish food society wants to save the recipes of grandmas everywhere
londres 17abr extrainternational 286 sabor latino gtgt
please rt recipes cooking delicious cook recipe perfect baked salmon with lentils and
sex galleries anal mature woman
easter day celebration with my bestfriend with lots of prayer early morning travel fun selfie
annual easter picnic alltheladies familyfunday family friends fun picnic easter
fresh grilled chickenandstrawberry cobb salad to brighten up your plate recipe here gtgt
news @ amp drink enjoy your zucchini in this simpletomake sweet tender lemon poppy seed zucchini bread
wow factor these triple chocolate chewy cookies and milk were made for each other move over oreo's and
lets hit 200 subs baking cookies cupcakes 4 subs freesub social wishlist twitchclips @ sintillagames
mdpifoods new special issue nonthermal modification of structure and functionality
please rt recipes sausage and pepper hot pockets
please rt recipes cooking delicious cook recipe avocado amp red onion tart
food not bombs chillin @ claudialicious6 @ foodnetwork @ foodandwine
knickerbocker glory last night at isleofglencoe amazing
please rt recipes mushroom sauced turkey tenderloins
gentlemen have your wits about you my love of food is too vast to spot a shiny engagement ring hehe
visit your farmer's markets and eatlocal nomnom blog
watch on periscope greek margarita cooking golive periscopetv
you dont have to cook fancy just good from fresh ingredientsmondaymotivation successmantra
please rt recipes methi thepla recipe
how likely are you to try something new food that you havent try before poll twitterpoll
wokeuptothis 2 boxes full of mangoes from ap fruit yummy seasonal hdr instafood
breakfast lemper sticky rice filled with spiced chicken black tea homemade
please rt recipes cooking delicious cook recipe red bell pepper stir fry
unlikely combinations make the best tasting food bingsu x tteokbokki spice level 3
pst touching fashion pool orgies greensboro creampie behind
please rt recipes cooking delicious cook recipe chocolate chip microwave cookies
most extreme asian food in la challenge asian la
mini coconut ricotta pancakes with strawberry syrup baking recipes yum
simply saynoto wastage amp contribute towards a higher causeevery grain mattersitbeginswithme
sweet diabetes isnt abt no to sugar but to abrupt blood sugar peak few small portions of refined sugar or bulk of complex sugar is ok
angers butthole saliva pakistani backroom dicksuckinggt
this is my life i'm always still hungry
please rt recipes cooking delicious cook recipe the real spaghetti carbonara
the latest the food and gardening daily thanks to @ jfkplus50 @ twobritsabroad review
just be churros to yourself happiness in ever bite @ churrerialalola churros vscocam
coffee in bed and omelette by alenamaslova source500px
easter eggs by rckey source500px
news groupboard gruyere mushroom amp caramelized onion bites with sauted crimini mushrooms balsamic ca
hybrid fruit and vegetables revolutionising our meal times from pineappleflavo
please rt recipes cooking delicious cook recipe low carb sweeteners the best amp038 how to use
please rt recipes 4 tips for healthy cooking that saves energy
these are bamboo wormssome people eat them raw other prefer them friedwould you eat them at all tstlss
if i can make my moms dish then i can do anything momsdish momsrecipe familyrecipe anythingispossible
news groupboard chocolate lasagna a super easy irresistible chocolate layered dessert topped with a
hoppy easter y'all happy sundayfunday pink donuts
burgos beautiful uncircumcised eroticmassage milf outdoor toulon hawaii
would you like to have your own slice find your with eat360app
cats playing kitten crazy petsmart pet poodlepaw fluff shrimp poland uk japan via @ youtube
love this crazy ladygopro mom instagood photo mom love sly aslyfilm
family fun and fitness with aqua aerobics family fitness travel
please rt recipes cooking delicious cook recipe brazilian truffles brigadieros 4 ways
get 20 in free from caviar delivery hungry promo code losangeles la
find the best deal package from @ astonrasuna on @ gofoodjakarta idr 125000 net complete with ice tea coke hotel
join the delaware north team see our latest job opening here sportsjobs gameday
@ djbluewolf join our fb group 1800goodfood
vanilla bean and bourbon cake with buttercream and white chocolate ganache happy easter baking cooking
video heels beer gamer swimming beautifulboobs sexy german
the latest the thailand daily review
back to the family tradition there is no easter without lasagna yummy pasta
food gt desserts amp sweetsgt pineapple coconut carrot cake with sweetene
the importance of working one thing at a time nomnom blog
oasis txdomestictourism texas restaurant @ the oasis restaraunt and bar
sexyass vasteras northampton bestsquirt barrie gape blackwomen
whitechimes be right there altonbrown rt science
weeknight recipes how to make easy chicken gyros via @ kitchenhandle
please rt recipes dessert lowsugar and wholewheat pumpkin banana bread
jefford on monday wine stories vino winelover winetasting winelovers terroir vin cellar winecellar
camshow exhibition please teenamateur gorgeous afterdark stockholm yummy
presentation art tiramisu desert present by fruit vegetable art on facebook saini food
for the that you need to survive prepperprocucts prepping prepare
meeting a new client or welcoming a new team member a guide to best business lunches around kings x
the secrete to gravy is to add flour to cold water and whisk it into the drippings cooking easterdinner
i ate a bacon egg and cheeseburger recipes cooking delicious
news groupboard hilarious japanese toilet candy
taiya has cute rice bowl rice japan japanesefood vine cute cooljapan
healthy 4 all how frequently do you find yourself craving carbohydrates like pasta rice tortillas or po
gorgeous waffles with hot chocolate sauce gtgt recipe yummy cooking
please rt recipes cooking delicious cook recipe nobake crispy chocolate peanut butter balls
please rt recipes the stack with leerdammer
just watched fat sick amp nearly dead its seriously my best film fat
denver is food heaven check out our colorado map for finds denver travel
please rt recipes homemade chicken nuggets
the latest the daily tweeter thanks to @ grubstreet recipes
nikki russian threesome upskirts babe escorts panties suckinggtgtgtgt
hot cross bun french toast puts an irresistible spin on a holiday tradition frenchtoast
please rt recipes dessert fruit salad with sweet lime dressing
lobster titslive fitgirl assgape xxx cougar culito chat
the latest oro valley moms journal thanks to @ michaelpierce27 @ debra012 @ sajidhunani cooking
please rt recipes cooking delicious cook recipe cheesy meatballs and shells casserole
tasty lunch time in the philippines steemit vegans vegan veganism philippines vegetarian
please rt recipes fall harvest chopped salad with apple maple vinaigrette
join the delaware north team see our latest job opening here airportjobs
news groupboard how to make mozzarella sticks better than the snack bar's on food52
when becomes your drug of choice fitness4her addiction
desire the primary mover of success nomnom blog
modern ski bum adapts to a housing crisis via sacramento
junk food and sunshine the other day alyssaahhoo halfmoon junkfood fatlife
please rt recipes frosted rainbow cutout cookies
get 20 in free from caviar delivery hungry promo code chicago sf
how can you have an economicrecovery when 1 in five children are on stamps
red velvet cheesecake baking cakes dessert recipe
for boys porn platform sex
do any of you plan entire trips around
today's happy highlight buckwheat amp spelt flour donuts for spring on my blog amp youtube vegan dessert
yasss it's time for a great show prodigymariobigmac singin
please rt recipes cooking delicious cook recipe black bottom coconut cream pie
please rt recipes cooking delicious cook recipe butterscotch toffee blondies
swiggy online ordering tips and tricks
twist travel magazine
ffm hairypussy russian rosadita webcamadulti reality columbus
get 10 for free via postmates delivery with promocode scedi coupon code promo invite hungry atla
new blog posthow meal planning can save you time amp money cooking meals
what you are not being told the problems of our and medical systems and poor science corporategreed
please rt recipes cooking delicious cook recipe honey balsamic and lemon brussels sprout
lawmaker's childhood experience drives new mexico's 'lunch shaming' ban children school the salt @ npr
please rt recipes slowfried lemon amp oregano potatoes
please rt recipes homemade toaster strudels
please rt recipes dessert fruit skewers recipe party fruit kebabs recipe
it's time to move on from italy there are great dishes and great people i will definitely try pallott' casc' e ove grazie mille
action selenagomez wtf cumming mcallen webcamgirls
news groupboard a recipe for roman stuffed dates at the inn at the crossroads a website madly devoted
savoury pies made in greece visitgreece travel ttot
watch on periscope spanikopita fresh out of oven cooking golive periscopetv
a tower of parmesan garlic fries with truffle oil and aoili dipping sauce cooking gourmet
news groupboard jalapeno popper deviled eggs
visit wheat fields being harvested travel pakistan golive @ periscopetv part2
homemade made some delicious nachos tonight aren't they pretty recipe cooking recipes
haven't posted any in awhile so i just wanna let y'all know i'm still eating i need to
a simple red velvet cake for easter baking cooking recipes cake desserts win cookies recipe cakes
crush your late night cravings the healthy way via @ sparkpeople diet snack
late night taco truck in da hood eggdrp
german wurst is actually the best munchies germany
can increasing your protein help you lose weight diet weightloss wellness
choose mobile pizza catering in sydney for a better value for money drinks
thelastjedi while social media is full of mealprep ideas and recipes to help you lose weight beware of rt
new location set for 'feeding sd' food distribution yankton daily press
please rt recipes dessert lassy buns amp hot dog and baked bean casserole
nourish yourself your body and soul will be forever grateful love soul body dinner
news groupboard dutch babies with lemon curd and blueberries
balls cougars nipples bigbutt guy glamore
we share recipes and pictures of for
glad local favorite is getting promotion spicy hot delicious yummy dinner dirty
news groupboard italian zabaglione with biscotti crumble is a great dessert recipe for a dinner party
shanea's favourite foodies w posts frm @ ofpeopleplaces @ metaguidetw @ scoreboise ttot
we're hiring click to apply cashiers at airport airportjobs travelhospitality
behold this is baked rassogulla sweets dessert bangalisweet yummy yummylicious 100sanj
news groupboard bacon jalapeno deviled eggs are delicious and add a kick to the traditional spring su
home made pasta night tonight the 17th and it's free theflyingfox katoomba bluemountains
for high performing entrepreneurs nomnom blog
share your birthday with metro bakery and get 20 discount
10 cities that serve the worlds best street
saturday bread on easter sunday bread baking breakfast recipe homemade cheese yummy bakery
watch on periscope greek feast cooking golive periscopetv
please rt recipes dessert everything you've ever wanted to know about cotton candy
nafdac to sensitize outlets over poisonous short details see full details
please rt recipes slow cooker creamy garlic mashed potatoes
when an omni on rdebateavegan gets downvotes for being hostile vegan vegetarian glutenfree govegan
please rt recipes cooking delicious cook recipe puff pockets 4 ways
the we eat its impact on environments amp bodies event in townsville at james cook university ft james
share meals with your family nomnom blog
please rt recipes our favorite lemonade desserts
please rt recipes dessert cook with confidence zuppa toscana soup
speedy pepper this is really interesting want to know more look at speedy pepper meal delivery
burrito from posporo @ hole in the wall century city mall 1010
great holiday recipe crab cake mini's baking cooking holidayrecipe read more
nakedgirlscam californian flashcam drink fresno milfsex forum
new postmy authentic thai food experience at songkran festival at @ renaissancemum
how starts at 60 can change a generation to evolve and create movements nomnom blog
5 sandwich ideas for your beach lunch buffet vegan recipes healthy cooking animalrights
while you are in panauti don't forget to try this old newari food call sapumhichhanepal panauti community
50 healthy recipes to get you ready for summer
sweets oberhausen malmo trio hentai newbie realamatureporn underwear
homemade mint pesto pasta with spring peas and green garlic recipes cooking
tattooe cams masterbation damnnearnaked groningen milano thot
you want some food late dinner japanese restaurant kuliner bandung parisvanjava jawabarat
what's penang like first impressions of a malaysian island asia chickenrice malaysia
key lime cheesecake baking cakes dessert recipe
threesome anal pornstars brazzers pee hiddencam billings
the latest a cooks review thanks to @ nishu472 @ diazrealtor @ vakhtangioi3sk restaurants
thepinkbook a guide on 'safe amp nutritious at home' for awareness to common citizens download free copy
please rt recipes cooking delicious cook recipe thick ampamp chunky tomato sauce from scratch
ddvkkr today your pickcontestalert contest poll ipl ipl2017 ipl10 cricket iplfantasy gautamgambhir dd amikkr
the winner of the mealkit market wont be a meal kit company at all vc us investment innovation
eat an alkaline diet to improve health and fight disease health body nutrients diet
great food at @ peartreecafebar highly recommended cardiff
grilling with the kids in alameda grill love spring asparagus
summer salad recipes how to make layered deviled egg pasta salad via @ kitchenhandle
yummy duck confit pasta at the b side lido plaza pasta thebside penampang sabah sabahchats
the waste regulations northern ireland 2015 recycling
news groupboard harry potter honeydukes candy shop 2 piece set chocolate frog amp bottle of pumpkin
plant snacks cassava crunch seasalt 5 oz snacks chips glutenfree health via @ onestoppaleoshop
we allll need a day we can say thisdontjudgemepuppies exercise lol relax
inside pussy porn in the bedroom
homemade easter feast lamb on the spit courtesy of telepaphone via in reddit delicious lunch
eastermonday @ jeremiahadie family and fun fiesta 8am
great night on the patio @ rockndoughpizza good food good atmosphere good service we'll definitely be back
fish curry w capsicum amp basil tw recipe yum nom
please rt recipes dessert coconut raspberry bread
homemade made some delicious nachos tonight aren't they pretty recipes cooking
lunchtime bbq steamboat not buffet thanks for the treat telvinchang
delicious salted caramel truffles yummy recipe delicious salted caramel
please rt recipes dessert apple amp blackberry rice
news groupboard zucchini scrumbled eggs a one skillet meal that is light fluffy and delicious
veggie recipes how to make fried brussels sprouts via @ kitchenhandle
new zealand growers hail country of origin labelling uturnlabeling countryoforigin nz
malteser amp honeycomb cheesecake recipe recipeblog fdbloggers lbloggers
eat low sodium to protect fr cvd highbloodpressure lowsalt seniors wellness mediterranean diet
30 layer pastel mille crepe cake for easter came out beautifully baking cooking recipes cake desserts
please rt recipes diy vanilla extract with a free cute printable label
veg weekend special 2223 april restaurant hotel saturday sunday weekend dinner special discounts
please rt recipes cooking delicious cook recipe thoughts ampamp sweets
news groupboard deviled jello eggs with cool whip why not mix it up with a bit of cream cheese
what to eat when you have a cold or flu health nutrition
receive great vegan recipes weekly by subscribing to my emailing list click on the link gt
truck stolen from food nonprofit in pleasant hill nbc bay area
please rt recipes crock pot chicken philly cheesesteak sandwiches
please rt recipes cooking delicious cook recipe slow cooker eggnog 4 ways
please rt recipes cooking delicious cook recipe ham amp038 cheese pierogis
smoked salmon and blood orange brunch yummy
please rt recipes quinoa coconut flour einkorn banana bread sugar free dairy free
postmates is a garbage food service 3hours of waiting only to have them never drop of the food and still charge @ postmates chicago
the latest visit croatia thanks to @ msrotti @ vanai @ heerlijkheiddeh travel
today's happy highlight happy easter recipe on my blog healthy smoothies carrot easter spring
automatic posting for blogger blogspot blog nuestravictoriaeslapaz for thought a kosher slaughter
cumtribute phatass analplay tiny unload blowjob horny
@ jetairways every experience in any flight needs to at least meet expectations if you do exceed why is that not sustained travel
please rt recipes dessert garlic parmesan knots
please rt recipes cooking delicious cook recipe gluten free angel food cake everyday food
news groupboard crispy bacon wrap soft and juicy sausage if you are a bacon lover you would love thi
the fda has issued more than 13 related recalls in the last 7 days the recalls were related to undeclar
eaten yourself silly this weekend well let's get outside and charleston in the spring sunshine easter
news groupboard guacamole deviled eggs
ready for pasquettabbq barbeque everydaycarry pasquetta grill meet fork superman
casale monferrato famous cookies cooking amp market day italy ttot
private tour of alberobello's trulli with wine tasting apulia wine
coffee blocks grass fed butter and organic coconut oil coffee box of 8 coffee
@ joyceduboise rt @ thatbaldchick tips for healthy eating in a busy world healthy @ trainerfood diet
never a dull moment in hong kong hongkong inspiration art culture
please rt recipes dessert british bangers with buttermilk and chive mash
when in portobello get a happy donut @ femalebloggerrt @ bloggerbees
hot dog de wheels @ harryscafedw harryscafedw hotdog harryscafeinstameetup hotdogs yum inst
food is the universal social lubricant that brings people together nomnom blog
please rt recipes vegan pizza dip with vegan mozzarella cream amp herbed mushrooms
vintage baking pineapple upside down cake baking cake
all the vegan at jeremy's beer and boardgames event saturday lasagne nori rolls shepherd's pie noodle
please rt recipes how to make veggies the star of your dish
collection of simple tests to detect common adulterants using household ingredients download free copy here
i am hungry for food so i think i will eat some of it
homemade marinated shrimp and lamb chops on the grill recipes cooking delicious
i ate a lobster roll at neptune oyster in boston ma recipes cooking delicious
living peacefully in interesting times by consciously raw spirituality health
please rt recipes dessert marinated pork tenderloin
please rt recipes cooking delicious cook recipe grilled margarita steak
every summer has its own story this summer nothing is going to hold me backicecream
devilishly good double chocolate cake w vanilla buttercream icing @ leahsaysviewspictwittercom71vn1czekc
how to help in a choking emergency buy dechoker home safety choking restaurant
happyeaster my friends enjoy the good and the time with your family
this pr campaign showed america who puts the on the table
thecoffeeshop the latest the grande latte'
ounce by ounce nutritious costs up to 10 times more than junk fooddiet nutrition fitness
a16z podcast the future of you by @ a16z on soundcloud np agriculture thefuture
do we have to sign a contract ukbiz legal print finance yorkshire housing
please rt recipes cooking delicious cook recipe mini chicken meatballs with crispy potatoes and
how to best make a green smoothie nomnom blog
so what's it really like at dinner by heston blumenthal gastronomy
i made a few batches of cookies for easter they aren't fancy but they were amazing baking cooking
this is what i call news worthy of a monday morning criticism
i ate southern baptist biscuits and gravy recipe cooking recipes healthy cook
please rt recipes highquality meat straight to your doorstep with butcherbox special offer and
twerk sext ultimate pintogrande datingadvice fire webcamlesbianas
julife how to start a blog health seo archiv
news groupboard these skyhigh popovers might make you believe in magic it's not magic it's a popove
news groupboard if youre looking for a quick and incredibly tasty way to cook up your asparagus you
number of new and beverage products rebounded in 2016 learn more
please rt recipes cooking delicious cook recipe smoked gouda corn chowder
is there a growing divide between economy business amp first or has it always been that way wine airline
5 spices to boost your metabolism nutrition health
the 1 veggie base you need for 5 easy meals all week @ eatingwell mealprep nutrition health
food coma ss grillin happyeaster homemade colorful @ huntridge district
news groupboard fresh plump scallops call for little more than a quick grill and light glaze
in vancouvers chinatown gentrification and collide chinatownyvr history tradition chinese culture
recipes reddit livebroadcasting homemade honeylemon chiffon pie rfood
please rt recipes dessert vegan black pepper mac and cheese with potato carrot cheese sauce
slow cooker fig amp tomatoes relish with african spices recipe experiment makingitupasigo
special tomato basil beef lasagna can be enjoyed now at our sabeen restaurant only idr 100000let's try it
@ gingmama2 join our fb group 1800goodfood
please rt recipes cooking delicious cook recipe international greece and other countries
please rt recipes cooking delicious cook recipe baked chicken verde chimichanga
6 reasons to love babyled weaning weaning babyled babyledweaning tips parenting
bbc news should zambia ban imports could this protect and help local farmers and entrepreneurs
when the sister made ramen mashaallah japanesefood japanesecuisine @ sargodha
do you know caps cafe it's food expert from port melbourne cafe store cafe caps
store near port melbourne caps cafe is the clear choice cafe caps store cafe
finally able to relax work was long youknewitwascoming
just a sampler but always have to make it look pretty shrimp
please rt recipes cooking delicious cook recipe easiest nobake cake in the world
please rt recipes cooking delicious cook recipe pineapple loaf cake
please rt recipes cooking delicious cook recipe divvies dairyfree brownie cookie sandwich
this week finding inspiration cooking wine
usa embassy launches socialmedia contest in china to promote tourism
news groupboard vegan diet sarah elizabeth richards
@ theedanimagic @ galwayfood thanks daniand congrats on the book itsall happening local cuirt festival
whats the deal with the health food isle nomnom blog
store renovationstandardrenovation standard renovation reform design store lifestyle interior w
how to know five and drink to relieve pain
the latest the bergamo daily thanks to @ ciclismosg @ pressgiochi @ sporradyosucom bergamo
check out my latest work on @ shutterstock photo photography
lotuspangsuankaewhotellannastylemrtourismchiangmaithailandinternational2017ticket300baht18april2017at07
forget about breakfast at tiffany's we do breakfast at industrial coffee works lekker
perfect read in this scorching heat origins of icecream by @ virsanghvi author writer articles brunch
what meal will you be cooking up today would love to know hungry nomnom
the latest the great gift ideas daily thanks to @ bucklj @ jhsupplies @ mareluxjewelry recipes
live on periscope greek margarita cooking golive periscopetv
my super easy cheesecake recipe was a hit baking cooking recipes cake desserts win cookies recipe
we always offer a takeaway food service straight to your home or office from the morning until night hotel delivery yummy
thetimes of israel posts over 1000 inmates are expected to stop taking
shortenings market industry analysis and forecast by 2025
news groupboard lets talk about cheese
lazy lasagna because god forbid you have to actually work for your carbs humor pinterest
healthy 4 all 20 deliciousampeasy oat recipes for energy boostampsharp mind
non veg weekend special restaurant hotel saturday sunday weekend dinner special discounts drink
news ne iowa food bank wants to fix 2 million more meals waterloo cedar falls courier waterloo cedar
thecoffeeshop the latest the grande latte' thanks to jongegeesten pennytrvlwriter coffee
four foods you've been peeling incorrectly
news groupboard homemade harry potter butterbeer microwave cake in a mug easy recipe that's perfect
repost @ trujimmyjammchicken on the q tonight marinated 24 hours with a little help from portugallo sauces bbq
please rt recipes dessert homemade houmous
please rt recipes dessert chocolate dipped oreo cookies
high end chefs spotlight real food and inspirational feature chef william smith @ chefwill1994 with strawberrr
please rt recipes cooking delicious cook recipe the blue vesper martini shaken not stirred
please rt recipes cooking delicious cook recipe mini lemon poppy seed doughnuts
these are the days of our lives fortheloveofthegame hustleisreal doitforyou
please rt recipes cooking delicious cook recipe pumpkin cake with cream cheese frosting
please rt recipes cooking delicious cook recipe spanish and french basque country food
young phoebe makes a giant chicken nugget cute
local local localthaifood pattayafood pattayastagram thai thailand trip holiday
inside farm burger a farmto table experience to remember atlanta
please rt recipes cooking delicious cook recipe chicken liver pat with raspberry jam
pressure cooker cilantro lime chicken taco salad vegan recipes healthy cooking animalrights
@ netcatnews join our fb group 1800goodfood
please rt recipes cooking delicious cook recipe awesomely easy swiss fondue
@ dearmansoor on periscope visit wheat fields being harvested travel pakistan golive @ periscopetv part3
tahoe tails adoptable pets in south lake tahoe via sacramento
april 17 is national cheeseball daycheese appetizer crackers snack tasty eat hungry delish yum
even you can become a cook according to alton brown chef cook @ esquire
news groupboard caramel apple grapes are the perfect snack grapes dipped in caramel and then in nuts
watch on periscope 360 cam getting firewood cooking golive periscopetv
restaurant mcdonalds phone number 44 1502 518025 mcdonalds suffolk restaurant
vegan easter bunny dropped by vegan vegetarian glutenfree govegan organic healthy raw recipe health
6 to consume after a weekend junk amp alcohol binge
hungry get 5 off with justeat promo referral code free toronto montreal calgary to yyc ottawa
please rt recipes cooking delicious cook recipe pina colada cupcakes
please rt recipes dessert poached egg with bacon tomato and avocado on a bagel
please rt recipes cooking delicious cook recipe mumbai mast tomato pulao
check restaurant mcdonalds address 37 london rd n lowestoft mcdonalds restaurant suffolk
easter feast we deserve it
hope you all had a great easter cookie chick bunny
college girls fuck fest for healthy sex
news groupboard these deviled eggs are made with sour cream instead of mayonnaise topped with bacon a
please rt recipes beginner's spaghetti bolognese
spinach balls for easter monday lets be differentsoofoodies fresh homemade
please rt recipes cooking delicious cook recipe zesty lime chicken and black bean rice
please rt recipes dessert how to make brown butter
one of the reasons i taipei the good food you can find here taipei favecity @
enter cool kitchen points for a chance to win 5000 in points sweepstakes lunch via @ sywsweeps
the perfect pie crust makes for the perfect dinner time winetime
ricotta white bean dip with roasted tomatoes yummy
news groupboard classic bulgarian meatball soup supa topcheta a hearty vegetable and meatball soup
the latest chef marisa's foodporn thanks to @ bellezas01 @ stmarys97 @ deantejohnson4
foodferry nonmenu as well as nonmetro fooddelivery startup
how we choose our own food issues nomnom blog
please rt recipes dessert almost famous amos chocolate chips cookies
cute wideopen soi sexappeal womenatwork
the scranmedia daily with @ councilrecovery @ sszama @ wesocialite travel
my black magic chocolate cake recipe @ tastewant cake recipe love chocolate
news groupboard this caramel popcorn is so addicting we couldn't stop eating it
this chart tells you everything you need to know about eggs via @ thisisinsider
taking my greens with me greensonthego greensmoothie organic wellbeing wellness
@ speakerryan you are not christian jesus would puke at your rhetoric goplies fuckyou shelter cleanwater
topgolf the ultimate in golf games and fun
what's your favorite restaurant in baltimore inner harbor traveltips ttot
please rt recipes eggless cutout sugar cookies eggless sugar cookies
porn sex free preview sexvideo
closeup image of cherries on a wooden surface cherries photography
news excellent click for original link serves 4 time 30 minutes 20 m prep 10 m cook ingredients
thelastjedi hey i lost weight by following a low carb diet for a week it was fairly strict and i rt
detroit red top pizza first attempt oc 4048x3036 yummy follow
national cheeseball dayapril 17th 2017 yum yummy amazing nationalcheeseballday
jack in the box featureme fun liveme ochoagangster
speckled egg cake chocolate cake with mint swiss meringue buttercream baking cooking recipes cake
will @ amazons retail foray end bigbaskets reign via @ aditg insightsthatinspire greyhoundstandpoint
please rt recipes cooking delicious cook recipe hidden veggie mac amp cheese
10 crazy marketing decisions by cocacola toptenz
please rt recipes cooking delicious cook recipe an easier way to get a dessert tour ticket
can ur erp software comply to regulations laid for safetysagex3 does for your industry
@ japanitalyme join our fb group 1800goodfood
get 50 off on faasos finest today at faasos bhopal
thelastjedi detox diet is a loose term which may include everything from water fasting to juice rt
brunch time try these steamed eggs and sausages brunch breakfast eggs
brooklyn brands tries to make matzo trendy the matzo project offers matzo and m
must have ingredients for healthy and low calorie meals
please rt recipes easy skillet vegetable lasagna
breakfast goals by yakunindonesia good morning happy peopledessert desserts yum
news groupboard spicy korean chicken amazing and super yummy chicken with spicy korean marinade so
the latest gina's spicy tidbits thanks to @ theefj @ andresfuentes79 @ digitalmcoach recipes
how i feel right now easter fat
vietnam a great place for experiencing new types of and new ways to get pick pocketed you've got to have it to these guys skilful
please rt recipes recipes you need to try right now
yuzu and ginger bread crust cheesecake cheesecake dessert yuzu
3 musthave urbanfarming tools that cost less than 100gt tech
he brought us banana bread and a bottle of wine so im chill with him theimportantthings wine
potato roses came out okay but the muffin tin definitely would have helped
please rt recipes cooking delicious cook recipe roasted butternut green curry soup with
day in black old parmesan scallop raw black art artist artistic artgallery artwork cooking
nixon crazy gaming nova lakewood chile escort
please rt recipes cooking delicious cook recipe green lasagna rolls
brussels sex berlin gape washington boobies camshow
please rt recipes dessert charlie bigham's pies as good as homemade
what are sustainable cities like esg susty solar waste ev design water conservation
girlfriend got me a nice little assortment of hot sauces for my birthday spicy hot delicious
back to reality @ ilovecornwalluk trip was amazing beaches hills friends sightseeing fun relaxing
looks familiar d'oh haha simpsons thesimpsons homersimpson doughnuts donuts
pierogi dumplings from poland street food of london
made some jumbo sized crab and spicy mayo onigiri noms japanese onigiri susi
a new san francisco coffee shop is staffed entirely by refugees
put your spring pasta pants on
cereals for breakfast anyone here's for you ad cerealconcario
news groupboard bacon burger bites
please rt recipes cooking delicious cook recipe alice vs the train or but first oysters
this drink right here stushinthebush vegan iamricardowilliams family love jamaica connected
homemadei made a baloney sandwich recipe cooking recipes healthy cook health
my easter cake chocolate cake with vanilla italian merengue buttercream baking cooking recipes cake
quick amp easy toddler friendly meals salmon amp asparagus tagliatelle style classicposts
chester drink @ chesterfdl @ sazlaa26 amp mother
i ate southern baptist biscuits and gravy recipes cooking delicious
@ travelvisions on periscope 1 hot date best street food in mexico on easter travel ama @ perisc
i like mine a mix of tuna and salmon for my pokebowl
please rt recipes cooking delicious cook recipe slow cooker zucchini e fagioli soup with
please rt recipes cooking delicious cook recipe cheddar corn fritters
walmart greeter says he was fired after turkey wandered into store feedly
please rt recipes cooking delicious cook recipe gozo deli casheese a giveaway
why nutrition is the new black nomnom blog
please rt recipes cooking delicious cook recipe pecan pie muffin everyday food with sarah
please rt recipes dessert grape amp pecan chicken salad
please rt recipes cooking delicious cook recipe 7 japanese desserts from tasty japan
non veg weekend specialrestaurant hotel saturday sunday weekend dinner special discounts drink
thanjai sand is the one which gave for whole tn but today in cauveri water is not running only sand trucks are running think
hotmilf manchester clothed upskirts orgy sports
damn lamb flare ups turned out perfect though grilling bbq deals recipes discounts summer
since we are obsessed we wanted to share our top spots for a nice meal enjoy
coffee paleo butter coffee creamer coffee
rp @ theprepguy we're expanding check out this post for a major announcement entertainment drinks
on the third day i made a perfect manhattan pie pie
please rt recipes cooking delicious cook recipe sweet smoky peppered baked bacon
please rt recipes cooking delicious cook recipe white chocolate and cranberry shortbread
recipes reddit livebroadcasting homemade baklava i made for easter rfood
please rt recipes cooking delicious cook recipe pasta with sundried tomato sauce and
thelastjedi answer 1 of 4 hi arriving at epm next week does anyone know if you can get sugar free rt
time poor health conscious peak performers nomnom blog
yasss it's time for a great show aj hastingshungry af
inside pussy old asian women porn
homemade banana and carrot cakes for my partner's birthday recipes cooking
please rt recipes cooking delicious cook recipe kentucky hot brown
introducing our best bites membership site and weekly meal plan service cooking re
news groupboard chinese orange chicken recipe
here are some great colon cleansing foods what would you add cleanse detox cleansing plantbased nutrition
awesome speedy pepper can be found at united kingdom places website delivery speedy pepper meal
was do hot last night i had to resort to sitting in my pants worse things in life wine fire
how about a little easter treat nomnom eattogrow dessert easterbunny bulking bulk
went vegan for lent think i did t right vegan vegetarian glutenfree govegan organic healthy raw
get 10 for free via postmates delivery with promocode scedi coupon code promo invite hungry phoe
please rt recipes cooking delicious cook recipe chili cheese grilled and stuffed bell peppers
que squirting datingtips asian javfull athens addme
easter brunch 2017 curacao korsou island zest brunch easter @ zest jan
homemade mint pesto pasta with spring peas and green garlic recipe cooking recipes
years ago i had a lifechanging revelation after reading everything tastes better crumbed by @ itsdaveoneil
burger experts @ honestburgers open their cambridge site today newopening burgers
how to eat for your body type nomnom blog
i made a thing for easter baking cooking recipes cake desserts win cookies recipe cakes cupcakes
learn how the deliveroo was born through the words of its founder delivery london
my love for wasuka cheese will never fade snack yummy nomnom cheese taysbakers wasukaroll sweet
the heart foundation should stop lying to us nomnom blog
please rt recipes dessert peanut butter streusal muffins recipe peanut butter muffins recipe
dark chocolate is the way to go darkchocolate cocoa chocolate sweets sugar dessert
craving an ahi tuna burger @ forsythebrian 101coffeeshop losangeles hollywood larestaurants
finally perfected macarons baking cooking recipes cake desserts win cookies recipe cakes cupcakes
thelastjedi diabetes can be treated and often cured with exercise that removes fat from muscles and rt
super useful cotton carry pouch with every lunch bag check my new listing lunch handmade
health benefits of oatseatclean cleanse organic detox
please rt recipes fig and coconut tart with pistachios and mint
homemade spicy blue cheese smoked gouda burger recipe cooking recipes healthy cook
please rt recipes slowcooked barbecue beef
loveporn hotsex bluray fuenlabrada chatmycam hardcore
@ guscasualstyle is nasi campur also popular in your country
yummiest and healthiest yong tau fu at @ mallkcs lg flooryongtaufu healthyfood mallkcs mall shopping
lifehack makes rotten banana edible again reuse
best5star 5star taste please the foodie platform travel
holiday tucker redgumbbq love it morningtonpeninsula redhill lovelife redgumbbq @
please rt recipes dessert berry burrata and almond salad
for those sick of people telling you dairy is good check out this article vegan vegetarian glutenfree
nice pictures of caps cafe must see cafe caps store cafe
kitchen tips best method of batter frying video tips recipe
all you chicken hearts be quiet
delicious and nutritious chickpea avocado mash sandwich
late night drunken use of a baguette sharp cheddar with parmesan it didn't suck grilledcheese yum
news groupboard sweet smoky and packed full of flavor this slow cooker bbq beef brisket recipe is a
internationalseo for business with maria johnsen multilingualseo seoexpert
peruvianstyle floun via @ seriouseats
news groupboard known as 'cozze al vino bianco' in italian mussels in white wine is a light and refre
girlfriends cam love analplay taylorswift vibrating london
the unconventional guide to being a great fitness entrepreneur nomnom blog
news groupboard the most amazing chocolate cake is here i call this my matilda cake because i swear i
homemade grilled chicken parmesan with feta cheese and spaghetti recipe cooking recipes
i ate cheese soup from a german themed restaurant recipes cooking delicious
always on the go for meetings carry handful of nuts to avoid unnecessary munching followed by regretfit workout diet life 98fit
homemade vanilla cupcakes 2159 x 2159 desserts sweet recipe cake yum yummy icecream chocolate
are you interested in urbanfarming gt fruits vegetables
had a wonderful weekend full of family friends and relaxing in these last hours with
please rt recipes cooking delicious cook recipe mai tai mocktail
one pot roasted garlic chili mac and cheese
news groupboard hawaiian cheesecake salad comes together so simply with fresh tropical fruit and a ric
new blog post about our visit to gourmet factory shops
paleo diet ebook download diet weightloss fitness health fatloss nutrition healthy workout fit
footjob uncensored phatass twink porno
i saw the great british baking show got inspired to try baking and made scones for the first timeand the jam
party pornostar tease huntsville flexible vagina nakedwebcam
didyouknow according to nutritional researches eggs contains zero percent sugar
easter bank holiday eggs benedict eggsbenedict breakfast
news groupboard mongolian beef pf chang's copycat easy to make and better than the real thing
lick ice cream icecream lick desserts @ lick honest ice creams
please rt recipes cooking delicious cook recipe spicy chicken meatballs and grilled cheese
please rt recipes cooking delicious cook recipe lowcarb slow cooker mushroom lover's pot
10 foods to eat if you have acid reflux health
please rt recipes basic shortbread cookies recipe eggless recipe
the latest the 4nim4l xbox music food thanks to @ ladygeeke @ fntsticrcipes @ gpipes24 recipe
please rt recipes grilled limeteriyaki shrimp
please rt recipes dessert lemon poppy seed pancakes
cunni nakedgirls love badajoz debutante twerk virginity blackpussy
elaeagnus latifolia fruits on the old wood @ 500px popular
please rt recipes salmon cobb salad with spinach and feta
this was our lunch on wednesday we have a canteen that serves fresh baked bread nan japanese
one meal organization providing free food to those in need wpmi local 15 news
news groupboard pie crust at its most basic is only four ingredients here's how to master them s
convert excerpt only rss to full rss feed happy easter latina bloggers the new
please rt recipes cooking delicious cook recipe traffic and income report march 2016
20 ways to eat more protein for breakfast recipes from the kitchn yes feedly
pornolatino rose circumcised porno helsingborg latina cute movie
finally successful lemon meringue pie baking cooking recipes cake desserts win cookies recipe cakes
too lazy to chew now get the super tasty manchow soup at only pizza zone surat vesu you'll love to share
please rt recipes cooking delicious cook recipe meal plan monday 46
please rt recipes cooking delicious cook recipe white tea ampamp lemon cookies amp124 vegan
please rt recipes cooking delicious cook recipe wishing you tons of holiday fun your friends at
me when steakhouses don't get at you strong enough with the side orders as i am a grownass man who requires nouris
happy middle eastern happyeaster jesus god holiday holidays family friends
the story of yoga xi water amp krishna yoga guru india pakistan kalki sergei
this is pretty cool map at national gallery of scotland showing locations of farms and producers for the cafes n
today piggies greedy portland usa @ the peoples' pig
where's the best cooking class in chiang rai we found it for you thailand travel
new blog post on the dim sum restaurant the great seafood harbor inc in artesia ca link in my bio
who is the best anal pornstar porn pics
get 10 for free for postmates delivery with promocode scedi coupon code promo invite hungry phil
simple fruit crumble with oatmeal streusel topping chefstep recipes yummy zang
nude full sex man and woman
while everyone was hunting for chocolate eggs i went for the good stuff eastersunday easter dinner wine
hahaha last year i made 34000 with 4 jobs 10000 went to tuition the rest rent amp transithahaha oakland
homemade grilled chicken cheesy skillet potatoes and monster artichokes easter dinner recipe
please rt recipes dessert red pepper pesto meatballs in a mean tomato sauce
please rt recipes chicken and garlic potatoes casserole
hoppy easter y'all hapoy sundayfunday pink donuts yummy
science and nutrition you are what you ate vegan recipes healthy cooking animalrights
please rt recipes brie apple and cranberry grilled cheese
stop eating your paycheck personalfinance budget frugal sidehustle cheap millennials save money debt
650 vegan tofu curry from don don in melbourne vegan vegetarian glutenfree govegan organic healthy
nice pictures of caps cafe must see store cafe caps cafe
please rt recipes cooking delicious cook recipe snowman affogato
what's up in party land thanks to @ fundsforngos @ yoonballoon1 @ delincolon recipes
were as focused on building great relationships with our clients and customers as we are on serving amazing
this is what i was tweeting about easter omfg whatisthat cherryyumyumcake vomit getoutofthekitchen
easter spread clubmedsandpiperbay clubmed go easter winelife @ club med
how to eat like a local in italyincluding one specialty inspired by a seductive dance travel
made welsh cakes this afternoon vegan tryingtosavetheworld
uk cam4 pornoshack badalona vallejo fashion burbank cumshowgt
mrw someone describes the process of eating crawfish vegan vegetarian glutenfree govegan organic
butternut squash amp chilli soup recipe soup fdbloggers lbloggers
please rt recipes dessert slow cooker beef stroganoff
please rt recipes cooking delicious cook recipe brown sugar caramel oatmeal cookie peach crisp
food near port melbourne caps cafe is the clear choice cafe store cafe caps
please rt recipes dessert broccoli salad with honey yogurt dressing
foodporn rt markdickenson bbq pulled chicken amp gouda panini sandwich foodporn
orchard road is 'kind of boring' singapore news amp top stories the straits times
banana flower hanoi vietnam bananaflower shopping fresh market eat delicious
want to work in boise id view our latest opening airportjobs travelhospitality
please rt recipes cooking delicious cook recipe belgian endive tuna salad with kale avocado
bring me the potato let's get cooking yummy cooking healthy cook
things to do in savannah girl scouts founder juliette gor family fitness travel
please rt recipes dessert chocchip banana bread
stack of sweet pancakes with strawberry and honey by kseniavski source500px
how to start a wine collection cooking wine
what to pin to pinterest in april includes top tips for interiors
pistachio bread pudding sourdoughsunday sourdough ovenspring bread tasty bbga breadatthebeach natc
@ southlanarklass join our fb group 1800goodfood
please rt recipes cooking delicious cook recipe southwestern honey bbq chicken quinoa salad
please rt recipes cooking delicious cook recipe rustic cayenne spiced cherry and almond tart
a table full of happiness koreanfood koreanchicken yum yummy
8 delicious vegan easter recipes everyone at your table can enjoy healthyeating
sweet potatodessert photography sweet healthyfood healthy sweetpotato nutrition delicious filipino
please rt recipes cooking delicious cook recipe cauliflower tots
wpi inflationmarch wpi inflation at 57 vs 655 in feb inflation at 312 vs 269epicresearchvisit
please rt recipes dessert iced pumpkin cookies
help syria amp donate to your fave charity war hunger famine children refugees vidoftheday vid
vegan club sandwich from native foods cafe in los angeles vegan
please rt recipes dessert quinoabuckwheat crackers with pumpkin
is it ever the wrong moment for a yummy burger cooking healthy
please rt recipes cooking delicious cook recipe game day snacks gluten free fried ravioli
red meat is carcinogenic she said as she started her 2nd bottle of red wine vegan meatlover science
monday's food special 1095 burger amp brew amp trivia tonight woodstock beer alpharetta burgers trivia
please rt recipes easy atta cake recipe eggless whole wheat tutti frutti cake recipe
14 caf desserts you can make at home londoncafe desserts cafe
please rt recipes dessert gingerbread madeleines
cinnamon roll smokies recipes cinnamonroll testcricket thekitchen cutter microwaveoven
please rt recipes cooking delicious cook recipe amazing sprouts
please rt recipes parades community table 11 quick and easy pork chop recipes
news groupboard mediterranean diet not a diet but a healthy living lifestyle
get diet tips from dietitian just send your queries related to health and diet to englishmathrubhumi @ gmailcom
please rt recipes dessert lemon verbena custards
please rt recipes dessert buttery brussels sprouts amp pasta
delinquent texas boulder face vibrating girlsfucking
please rt recipes cooking delicious cook recipe coffee with milk and walnuts cake
news groupboard chili lime shrimp cups appetizer recipe via inspired taste the best easy party appet
oil used for frying in one round becomes toxicpoisonous and should not be reusedunless it is ghee ayurveda street hazards chef
best pizzas in delhi and where to get them india travel
evansville spex vaughan strip worldofdance
please rt recipes cooking delicious cook recipe saffron marzipan cookies
the forli punjab lesbians streetfuck enjoy internet
al jameel international trading co is one of our exhibitor in foodex saudi exhibition 2017 expand your business t
greatfind your with eat360app
yup tuna salad tuna fish salad vegetables @ rossini cafecircular quay
ranking the worlds toughest outdoor sports via sacramento
please rt recipes cooking delicious cook recipe oil cakes with fine herbs
please rt recipes dessert capsicum chutney bell pepper chutney
eat well travel often calamay of candon ilocos sur travel
please rt recipes cherry lemonade recipe fresh cherry juice recipe
brassica oleracea by gavin the photographer fineart
please rt recipes dessert homemade vegan pasta recipe homemade lasagna sheets recipe how to
please rt recipes dessert no bake chocolate cheesecake recipe
please rt recipes cooking delicious cook recipe banana amp038 oat breakfast biscuits a
news groupboard puffy tacos my favorite way to eat tacos only 5 ingredients hamburger taco seaso
first time making sushi any improvementsfeedback as an aspiring sushi chef sushi japanese
homemade french onion soup time lapse recipes cooking delicious
i ate a lobster roll at neptune oyster in boston ma recipe cooking recipes healthy
9 smartfood white cheddar flavored popcorn 85 ounce smartfood white gifts
what to consider when deciding what to spend on @ summertomato nutrition
problem solved what to do when you have diabetes and celiac together nomnom blog
bdsm fuckinghard xart lisbon schooluniform teenporn pussyeating
