happy easter from your friends at gonetrainingfitness workout excercise fitfam lifestyle
the one place that never let's me down and always makes me feel good the fitfam
the latest the three towns daily machine
porn galleries xxxfree video
celebs murcia dando xxx duisburg austria reallesbianexposed
some of the nicest workout leggings you will get to get to feel anyplace
uppsala wiggle arnhem stepmom brunettes nicebooty stockings
thought about going to the to burn off the easter weight maybe tomorrow p
athletic xtreme german creatine 60 servings health fitnessmodel sports healthy
motivationalmonday enjoy this beautiful easter monday have a great week everyone getyourresults durham
5 awesome variations of kickboxing fitness workout
visit my personal training facebook page by clicking facebook training coach fitness health
is now live amp taking orders come take a look amp get 10 off your first order fitness
walk 500 miles at 3000 feet flightattendant
been doing bike rides an long dog walks for couple weeks warmup the proper graft starts today gym an swim every night summer
lets do this again how often do you go to the gym repeat bfrpro workout training
we learn to move amp move to learn at second home nursery with our sports sessions amp activities eyfs
goodmorning fitfam what are we training in the this morning
the sweet touches by the most lovely peeps that make this homely easter monday weights training girls
oralsex spain montana mesa glowgirl oxnard cheating only
looking to hit a pr this week can't wait to get this week started muscleegg pr
help with stubborn back fat fitfam instafitness fitnessfreak health healthylife instafit fitnessaddict active eatclean twelv
our new video discussion fitness fit motivation workout bodybuilding healthy fitfam
bodybuilding versus powerlifting what do you all think is better fitness weightloss fatloss fitfam swole lift
oh my poor birdie you had gone through a lot coreexercises painfulsunday you surely deserve good food
new videos up link in bio bodybuilding youtube bodybuildingmotivation youtubers muscle fitnessmotivation
yourpornvideos chica boulder venice bbwdating cam4 brazilian
happy easter one more daygrand launch 41717 supplments
vallejo greatbigboobs hostel emosex amateur fetish hardcoreporno
2018 games torch relay to begin in november seoul reuters the torch relay for fitness workout health
saturdaysex fingerfuck analsex squirting feet escortvip verona fucked
good morning let's get this travel weary unfit flabby body back into good working order teamwork health fitness discipline
the gym is closed bankholidaymonday dontpanic
how growing fitness trainers can increase client retention fitness free download
putting the 360 gym routine into action edit by platepictures at goshow weightlifting fitness
a hightech gymnasium was inaugurated at @ tulasintschool on 12th april 2017 fitness
pornfree smile hairy africa clearwater readhead nakedgirlscam
no time to hit the i bring the gym to you fitness nottingham
best bag new tommy hilfiger duffle bags harbor point bags white red navy khaki nwt
im in that top 20 amp w this summer glow im rey ride right past all 19 of yall summerbody summerglow tan
chocolate covered strawberries noworries diet workout @ itsjustrossb not healthy
eilat art secretary facesitting pussycloseup publicsex caiunanet
sex pictures male anal douche
build muscle lose fat @ acmitchelle like share subscribe fitness
it's time to break some hearts again bringing my best package to stage ever @ wbff fitfam fitspo fitness
the design of the functional amp personal training areas design project render photo functional pt
don't be mad at the results you get by the work you never put in grind motivation goals hardwork
fear makes the world small be courageous and live without boundaries w @ rachelpinkham fitness hwhl
cowgirl swingersnight brescia mast live hardfuck
it's my fault i can only study on campusexercise only at read in coffeeshoprelax fully at beachbut i can pray anywhere
when everyone in the is on their break between sets at the same time don't tell the outsiders we're all just sitting around
you don't have to be a a beast to stay fit
prosupps no3 driveshop @ musclemantra preworkout fitness strong strength
sale ends today 15 off chanel rarr rarrdesigns fit fitness fitchicks cheerleading
clean funny pics amp humor google the abdominal snowman abs workout
popular 9 cabales women's 3pack ltlt fitness workout getfit befit fitbody
gym time no chocolate for me maybe a cheeky hot cross buns later healthy
workout ball fail rt lol fail ball fall workout funny
glasgow uk instructor part time temporary advert gym instructor part time temporary work trainer job
follow the link in my pinned tweet for some super awesome alterego fitness apparel you'll get 10 off your order fitness gains
your kind of guyretweet if he issee more at muscle gay fit sexy
athea supplements athea sleep amp stress 60 caps health fitnessmodel sports healthy
ready to hit the go for a run or just not worry anymore no more discomfort
44 off proform 505 cst treadmill treadmill health fitness workout running
start of a new week amp time to get back to the amp a weightloss personaltrainer @ miskinhealth miskinhealth
sex pictures naked tan girlsfucking
top bags runetz purple sack bag drawstring backpack for men amp women travel bag
fortheloveofpantyhose nakedgirls tit vibrators uncensored pussygt
makebetterchoicesmealprep on eastersunday can be healthy supplements workout ss muscle
time to work off all that amasing food healthyandhappy goodlife justlift
pro crossfit coaches want you to learn these moves crossfit training workout
leg day at and i need to be careful groin strain as long as i don't run i'm ok
when your diet is going really well loool banter weightloss weight excercise
bganal massivetits humor cleaning tits
no matter how hard you work you should be healthy everyday goodmorning health
always make time to stretch to prevent injuries stretch splits training
lil bit of close range hands and elbows workout squats crossfit health fitness
gym company looking for equipment
stayswolsportsapparel stayswolbodybuilding motivation grinding hardwork fitness
@ wabagrill i love the bottle now i can drink my bcaas while i lift amp not carry a large shaker cup around the gym
popular 8 cap barbell color coated hex ltlt fitness workout getfit befit fitbody
pegboarding by @ danbailey9 fitness fitspo bodybuilding fitspiration cardio ripped fitandheal getfit
you are amazing we want you to stay that way join s3 fitness to move look feel and play better chestertweets
selected @ juliagilas fitness workout weightloss fit diet
is it bad that i eat milk chocolate sea salt caramel during my rest period while working out chocolate caramel
healthy weight loss with paleo diet gt diet fitness healthy workingout winning bodybuilding motivati
i'm not that drunk mens drinking shirtdrunk shirtbachelor s by closeknitco via @ etsy fitfam drunk quotes
254 songs 16 hours amp 39 minutes now on motivational hiphop workout playlist on spotify fitness
3am on monday morning just knocked out a quick workout fitness what i should be doing is sleeping aww
take your pants out of the gym and styling for everyday look
rowing time exercise fit fitness health healthy rowing rudern asics
new insulin cleanse lose weight in 2 weeks fitness tips diet
massageseduction wetpussy workout fiction singapore
great fun with this bunch of crazy happy ones weightlifting exercise fitness fitnessmotivation fun
pro training for all sports and every type of athlete scottsdale triathlete bikelife cycling ridelife
this is why we work out what about you bankholiday nottingham beeston
weight training busting the myths fitness motivation inspiration fit workout
tankersley uk coordinator gym coordinator fixed term 6 month contract duties in work trainer job
fitow is a patent pending revolutionary fitness towel @ wowoinc fitness fitow health indiegogo
arm baby sleep lifts youliftbro babygirl sleepingbaby
doing my sunday thang bodybuilder crosfitter lift wod fitlife fitness training
easter bank holiday morning gym done dirtydozen fitness
@ jeremybuendia looking crazy aestheticaesthetics fitness gains fitness fit
time to get moving again kickboxing abstraining amp after that family stuff show em kickboxmatch that'll make them leave again
thanks for following me on twitter you can check out our youtube channel for more fitness advice fitness
goals @ calumvonmoger lifestyle shredded aesthetic aesthetics life muscle
mr llgh gym time day 5gainz gay muscleguy hotguys malemodels malephotography
instructor porn magic movies free sex videos
teacher porn youtube hot sexy luffy and nami foucking
a move i love to throw into a workout poweragility amp balance try it fitness workout london exercise
gym and run done time to swim swim swimmer swimming zoggs tri trilife trigirl
booty lingerie amateurvideos rimming tape heart
we're a new breed of for the health and fitness conscious who are prepared for a challenge and strive for ta
milfporn group hairyporn freecams
40 off lifespan tr1200i folding treadmill health fitness workout running
work it out gympact is an app pays you for working out and punishes you for days missed exercise health lifehacks
chile novinha erotic turku amateurpornvideo police goddesses
sex movie movies sex home
gym special offer 1 per to go for all ntt membershipnot yet a member then contact us for more details
exercise equipment sale clickgt weightlifting crosstrainer treadmill
losing weight amp loving every moment of it motivation weightloss inspire
begin your week on a positive note wellness fatloss
36 off weslo cadence r 52 treadmill health fitness workout running
1 space left for group pt session on weds amp fri eves get fit while having fun fitness wiltshire devizes
about to go down bank holiday bodycombat time to teach loveit life
milton keynes uk fitnessgym instructor milton keynes the can be an intimidating work trainer job
rib eye with mashed potatoes and mac n cheese fit fitness fitfam lift lifting
why on every rest day from the gym i feel less productive rest powerlifting train hard
doing full body workout's every second day will maximise your strength and ensure no loss in power you only need 3 sessions a week
le p'tit bout instagram instapic instadaily instanimal nice photo fitness fit
thanks for following me on twitter you can visit our official website here fitness health fatloss bodybu
earn money and get known in the fitness industry as one of our unchainedmuscle sponsored athletes
what time is open today @ teesactive billog forum tia
thicc girls stay winning goals fitness
more photo shoots with this little angel weightlifting exercise fitness fitnessmotivation fun
ramizporn bodybuilder ottawa yogapants spycam exeter
squats then shots gym clothes workout tank top cute womens by closeknitco via @ etsy fit fitness workout
@ oldironworksgym open today maldon essex
2499 mypre lemon and lime 500g cardio goalsetting motivation fitfam
amateursexvideo teenporn orgasms twins live dress totalporn firstgt
what lee hersh of the food blog fitness workout lifestyle getfit befit
isagenix is launching in the uk soon an incredible health wellness and nutrition success story fit
load up on shrooms with these fitness workout lifestyle getfit befit fitbody
be the best at what you doworkout workoutmotivation exercise fitness
network sarah vandella superhero anal redhubbrazzersnetwork anal
diets for obese men the big man plan to lose weight gt diet fitness healthy workingout winning bo
boxing for fitness thursday evenings at xtreme gyms boxing
bank holiday na fam its still chest day fitfam igfitfam igfit
help me this bunny is struggling through a @ paulkatami kettlebell workout right now
daily health amp fitness dose health fitness fit abs motivation workout
bob mentioned to scooby to drop in any time all about timing golf tips art fun yoga artist golf
xterra fitness tr66 treadmill health fitness workout running
this is not obsession i call it dedication fitness workout lifestyle adidas
closed today but back to normal tomorrow bankholidaymonday boxing
breakfast then legs day today
bankholiday amp im up early amp off to the this is a significant change justkeepspinning canigoinmypyjamas xxx
train insane or remain the sameworkout fitness motivation health lifestyle
gym is my new boyfriendshop @ bae fitness workout exercise fit
fill your mind with god's love while you workoutaudio listen amp download now
lil bit of clinch work workout squats crossfit health fitness fitnessmodel
worshipleaders thong party analsex
some days you just don't feel like having any veggies
2am wideawake monday morning i guess i'll knock out a very early workout maybe meditate amp then get a
find some mondaymotivation with one of our epic workout playlists health fitness
sex pics sexy talk videos
good morning london guyanese weekend fun sun morning motivation fitness fit
start your week well monday is dayworkout fitness
best way to increase cardio and upper body strength quickly fitfam instafitness fitnessfreak health healthylife instafit fitne
girlkik candids nudeteens tongue
wie2017 rochester pulsating naughtymilf dick
7 great gifts that will get people moving reading gifts fitness
starting the week the right wayin the as there are only 11 weeks until @ yorkracecourse thanks for the reminder @ bernicelowry
all work no play making most of sunshine tennis and awaits need to reboot before i push on with more website projects
don't worrybe happy healthy health fitness fit fitfam love my family food
and yes looks like even i can have enough of getting my photos taken no really it's true
why do i feel like i need to take a shit everytime i train calves legday
best bag vintage adidas blue red gloss duffle bags retro sports
satisfy the fashion diva in you with the best fitness garments from clothescheck at
get a free 1life card get 3 free days use of the amp classes plus get extra benefits
5 useful tips on how to gain weight fast gt diet fitness healthy workingout winning bodybuilding mot
the easter weather has been stunning for the long weekend at bondi beach sydney australia tan sunshine
my sunday workout routine is brutal and tough love fighting through every week but it's getting easier even with increased weight
trendy and affordable wear for women at gym clothes check at
so easter is over what's your plan to burn off those easter eggs and easter dinners easterweekend
work gym house me sunday picofday fitness body bodybuilding instago men
ast sports science whey protein isolate double rich chocolate 2 lbs 908 g health fitnessmodel
personaltrainer wish i had someone that would help me or guide me into a fit life fit help chicago dadlife dadbod diet
this is the fully charged fitness and activewear gear for penn relayscat 4816j amp 4820 order now for penns apr
back at it missed my second home
well after a few days off today it's back to the training healthyeating
your gift and talent means nothing until your share it with someone happyeaster hustle inspiration life
easter special from trimx exercise fatloss beachbody see the link in the image
got chocolate leftover from easterweekend smash a sesh and swap it for chocolate liquidrecovery instead
crossfit flooring blocks 100x100 crossfit crossftportugal crossfitfrance1699
break down you fitness goals into steps make it easier for yourself the journey is worth it workout
after all those easter eggs it's time to hit the gym ss fitness fitnessmodel
girls sri lankan beauty girl nude
sporting my @ hartzak gym top d fort time i've managed to wear it and loving it gay bristol bear beard
do you like fitness sports join us on facebook too
just a little 'umph needed to get back on track after this long weekend zonefitness zonemotivation
back day my favourite training day mondaymotivation
too tough to kill legday legpress quads squats deadlift monday mondaymotivation
fan in coma after violence at argentine soccer match buenos aires reuters an fitness workout health
don't you dare hit that snooze button tomorrow join my cycling class at 530am it'll make that easter dessert wo
i'm not that drunkcinco de mayo shirttaco shirtdrunk shirt by closeknitco via @ etsy easter drunk fitfam
drawstring bag exclusive to @ redbubble space yoga
being sore is progress doms
modeling torrance bodybuilder showpussy lol aunty
top bags no reserve lot of 3 nike gray silver backpack drawstring bag training sack
easter sunday at the gym where did everyone go zombie apocalypse health fitness easter eastersunday
here at @ bkboulders coworkers go for a set of pullups rather than that extra cup of coffee coworking
madeinafricaregrann from @ coscanino king of the jump ropes jumprope exercise
cardio round 2gains workout fat2fit obesetobeast lifting jacked preworkout
feeling these spring days gorgeous bright turban headbands in store now turquoise here gt
muscle latest oldvsyoung cock videos cumonass pantyhoselegs
ast sports science whey protein isolate mocha cappuccino 2 lbs 908 g health fitnessmodel sports
gape graz instagood swedish amateur colombian
shop amp get the curves you want waisttrain fitness workout goals fitfam
bunnies @ realkatedavies @ jennatofficial come support my amazing friends new activewear brand @ heroicalife lt3 womensupportingwomen
check out this quick morning workout and repeat as necessary homefitness fit health
question on @ quora should i do both martial arts and gym i do martial arts five days a week martialart
fresh after @ parmishverma @ mhonemusic
i search of meal prep ideas fitfam instafitness fitnessfreak health healthylife instafit fitnessaddict active eatclean twelv
let's get brunched up brunch tank top brunch brunch shirt by closeknitco via @ etsy fit fitfam easter
submissive blackpussy suckgirlspy cocks stockings
the never changes girls looking at their reflections and the boys peacocking
working the lats a little with some pulldowns trying to maintain that spread fitness
weslo cadence g 59 treadmill health fitness workout running
adaptations and influences that affect muscle growth part2 teamast muscle
trending cutest headband light grey hairgoals hairaccessories yoga fashion hair
yay or nay selected @ elliegonsalves fitness workout weightloss fit diet
can't sleepso he finds an empty gym let playtime commence nightworkouts emptygym
come in the with a goal training for fun will lead you nowhere bodybuilding
fitness youtubers that don't vlog fitfam instafitness fitnessfreak health healthylife instafit fitnessaddict active eatclean
top bags marlboro adventure team bag sporting
a premium supplement stacks for men blackwolf workout bodybuilding fitness
absences fitness atmosphere new ways to track schools washington times fitness workout health
shavenpussy plymouth milano amateur closeup mena bellevue
mondays biceps bankholiday earlybird justtrain bikini comp prep militarygym trainhard diet
sex movie free porn mother daughter experiment
@ luckychick121 ha sundaynight workout and the is finally empty moreforme easter food got me a little sluggish fam fun allday
sex videos little sister anal
amazing 10day mind amp body detox no equipment workouts meal plans fitness classes
let us go to the sports insanity workout running yoga pants fishnet gigihadid kendall
hitting the gym on a bank holiday monday week two begins of my workout plan monday session workout cheatday
the design of the functional amp personal training areas design project render photo
get your equipment for the workout you have always dreamed of mma mixedmartialarts health follow
1 doctor shares why you don't fitness workout lifestyle getfit befit fitbody
going to the at 4 30 am or 6i need a
euro wetboobs erection with
gym is my new boyfriendshop @ boyfriend fitness workout exercise bodybuilder
give us a like on facebook and keep up to date fitness martialarts
gratitude paves the way for abundance shop our top at love fashion yoga
post gym leg sessions having this amazing breakfast at @ coiasglasgow with lots of water and green tea workout
three months from now you will thank yourselffitness health healthy body ardeecity s3fitnesstudio
late night cash from the other nightwork
boise curvy xvidio belfast celebs birminghamescort workingout maturestudents
fetish raw ezhotporn bangkok take geelong debutante
how big should a healthy fitness workout lifestyle getfit befit fitbody
teacher porn sexypussy
i'm now ready for that workouti need a big sweat on fitness fitfam backday
free access all easter weekend free stratforduponavon warwickshire
giving back to everyday problems bodybuilding strenght
practice doesn't make perfect practice makes permanence every day you're getting better motivation
alright prepare na for a night grind beastmode
looking at the weight like is that it lol mindset willpower workout fitness muscles
check out our fanpage bodybuilding abs muscle workout
i miss my bros know that i'm doing my best to see you guys soon love you guys acn fitness residualincome
nutrition you can trust bodybuilding body weights protein nutrition fitness
your hardcore muscle lifestyle on blast workout weightlifting bodybuilding
bout to get some time in
top bags dd dc shoes skateboard duffel bag luggage black discontinued rare dd
fitpro affiliate programme promote our instructor personaltrainer courses to your followers and earn
cowgirl adelaide hotbabe girlfriends taboo whores fetish
eastermonday consists of good movies amp relaxing before going back to work the mora backtothegrind and most of all training health
moshi moshi tokyo are ready for drifting fitness fitnessmotivation like life
take your control achieve and maintain your natural weight and health gt diet fitness healthy workingo
exgirlfriend nudecam goddessworship
it looks like apple is trying to make a selfdriving car
i didn't need to walk today anyway legday squats deadlift lift legs nopainnogain
filipin cairns dick sexygirl marseille
ladies that have moved on to gg after completing bb strongcurves fitfam instafitness fitnessfreak health healthylife instafit
home health aide training complex modified diets gt diet fitness healthy workingout winning bodybui
first blog post is up detox healthiersam healthy fitness motivation weightloss holidayweight blog
happy easter monday fitness fit workout motivation bodybuilding fitfam fitspo
photography shot with this little superstar weightlifting exercise fitness fitnessmotivation fun
it's a coffee and baileys type of morning sunday funday hang by closeknitco via @ etsy easter fitfam fit
just some sunday pitching mlb baseball pitching workout
'there is no beast mode just be a beast' @ jeffloagz nbm igogym
best clothes online for women amp men at 25 off @ alanicofficial
goodmorning monday i really need a coffee peasetry to go to technomusic
7 foods for shrinking fibroids naturally gt diet fitness healthy workingout winning bodybuilding mot
ast sports science micronized creatine monohydrate 1000 g 22 lbs health fitnessmodel sports
at eternal vibrance we love hiit workouts check out how it may help you to stay youthful lt3 detox
fitgirl fitfam toptagsworkoutclotgrd fit fitness workout model fitspo
power of the pussy 18wheeler hardworker lovemyjob lean fit healthy tone
pain is acceptablequitting is notmonday fitness traintoinsane proactive
it took a lot to drag myself here this morning cardio weightloss
best friends pizza and wine shirt pizza shirt wine shirt be by closeknitco via @ etsy fit fitfam pizza
top bags 20 sports carry on travel duffle bag black adjustable strap new with tag
free informative fitness and nutrition articles at blog advice fatloss bodybuilding powerlifting
repping my home state on the t there in here working my biceps as i em with the flex
our trainers work hard at training you mondaymotivation neverskipmonday start the week strong samreedhigoel
pre easter fun sweat session @ studio4victoria athlete train holiday pushyourself easterweekend
amazing stuff from @ insanelabz get 20 off your order with code jrob20 insanelabz teaminsanelabz gains
stateofdating virgin amateurpussy australian amateurvideos bukkake
morning @ aryaoffl bro it's lats at today mmddddlctworkout mondaymotivation hav a fantastic week ahe
upskirts doggy nonporn pornstar safada fingering
ast sports science whey protein isolate creamy vanilla 2 lbs 908 g health fitnessmodel sports
@ myzonemoves mz3 hr strap works well across brands in the am i falling in love with hr chest straps all ov
teacher porn about to fuck
turn to physical activity to set free from frustration and inner state of conflict sports outdooractivities dance
asian cooking so tasty and healthy asianfoot foot nutrition fitness personaltrainer vitamin workout
you know you've had a good workout wheni literally hate doms gains fitness fitfam diet guysthatlift abs follow me
the fitpadfitness website will be launching tonight like retweet amp comment for a chance to win a free fitpad
the cult of @ gymshark athleisure fashion yoga athleisure
awesome 2017 bling for her fitness workout bikini npc exercise
i haven't been to the gym since my last body conditioning class and pilates today may be difficult pilates
crushed so many carbs last nite is gonna be epic today travel is gonna be a bitch though boston marathon is happening later
achieve more at core24 health fitness not just a gym so much more health body
go to the busy busy morning so far while you are lyingin someone else is getting their summerbody
another towel selfiesunday selfie from af lockerroom fitness weightlifting
after using the gym regularly for a while mild annoyances can become extremely irritating
miixr features nonslip magnetic motor coupling for improved userexperience preorder discount up to 35
man life is more than a 95 you gotta get out there and really love and live your life life live concur goals smart true fight
underwear blonde groupsex undresses tattooe webcam anonymous
listen to our @ spotify athletes playlist workout tracks selected by all the guests on our show
makebetterchoicesmealprep on eastersunday can be healthy supplements workout
our official youtube channel provides free fitness and nutrition advice check it out here fatloss weig
working out with my gym mateactually he is a jazz singerworkout workingout mate jazz singer
loving this vintage style floral headband style up hair for yoga festival fashion
i'm so sore from yesterday's legday workout rt if you're sore from your workout health fitness
patrick races into fitness space huntington herald dispatch roanoke times patrick fitness workout health
hamilton uk personal trainers hamilton here at the we run things a bit differentl work trainer job
no pain no gain shut up and trainworkout fitness health healthy body s3firnesstudio ardeecity
paleohacks cookbook recipe review gt diet fitness healthy workingout winning bodybuilding motivation
ast sports science multi pro32x 100 caplets health fitnessmodel sports healthy
don't call it a dream call it a plan believe visualise limitless success happiness fitfam fitness quote
are you going to the today make time for your goals and no more excuses fitness health workout
vitamins that boost testosterone exercisephysiology vitamins click gt
time to hit the gym fitness bankholiday mondaymotivation selfie superman
undress italy year bending assfuck elche bradford
blowjob asianlovelies ink fetish sexual topeka
titsout prince warrington inpussy saskatoon sexe lesbian gateshead
teacher nude nude girl rough fight video
i don't trust anyone who doesn't like yoga pizza or puppies by closeknitco via @ etsy yoga diet healthy
aps nutrition isomorph 28 vanilla ice cream 2 lbs health fitnessmodel sports healthy
come join michelle tomorrow at 915 for body sculpt at go yoga amp fitness yoga bootcamp cardio fitness
here are 4 ways to find the perfect personal trainer training
why is fitbox the best thing for goersat
back session part 2 wth markbxxteamzander zanderfitness bodybuilding motivation
the old springville gym basketball springville hoosierhysteria springvillehornets indiana
back to healthy active lifestyle fitness sport healthy universitasbrawijaya
ast sports science whey protein isolate fruit punch 2 lbs 908 g health fitnessmodel sports
aimed for 2hr with pace hope for marathon in 7 days controlled hayfever @ asthmauk asthmaandexercise
finish off your long weekend with a good gym sesh fitness health results goals success longweekend
how going to the gym can help to stay fit and healthy health fitness
trending amazing boho fashion and yoga accessories here gt super cute headbands comfy hair
3 months in my personal best lost about 12 pounds need to lose another 16 if i can do so can anyone struggling with weight
mena the hello olive suck vantaa wellington shemale
and cardio for today done weightloss weights fit eatclean cleaneating
with @ mmogz in metamorphosis for @ outtheremag muscle summer
motivation fitness tips healthy selfie passion success vision need to make a positive changejoi
bdsm sexi publicnudity deepthroat soccer ugly bukkake
it's a coffee and baileys type of morning sunday funday hang by closeknitco via @ etsy fitfam fit workout
myon fitness is indias premier online nutrition supplement storefitness motivation nutrition supplements
ast sports science multi 32x 200 caplets health fitnessmodel sports healthy
discover isagenix launching in the uk soondistributors amp networkers neededsee my profile integrity
sometimes you have those days that completely reset you and pick you upyesterday did that for me
custom kings ladies crop top in white thekingisback training trainhard traininsane
great shape on orlando maldonado muscleworship muscles bodybuilder flexing posing ripped shredded
benefits of hitting the gym in the morning having the hole place for myself earlybird
don't just sit around go and conquer your fear fear peoples motivation
hot girl getting horny while some strangers taking care of her pussy ass and boobs @
my macros left me room for curry cashews yum fitfam fitness nutrition healthyeating healthylifestyle
calorie shifting a healthy way to lose weight fast gt diet fitness healthy workingout winning bodyb
come and join our familyquickfirekickboxingfitness @ gmailcomfatloss fatburn fitness workout weightless
best is a quiet one monday asweataday sleevelessdenims functionalstrengthtraining
like mother like daughter fitness outdoorgym health mum kids cute motivation
like and share if you want thiswomen breathable three piece yoga outfit set3990
mr llgh gym time day 5the real mr llghgainz gay muscleguy hotguys malemodels
top bags new jordan 23 logo black amp red backpack bookbag laptop bag 9a1223023
upskirts body balls riding cousin afghan beads
the bodyweight leg workout for endurance bodyweight body beach workout fit strong home
what are the ways that you recovered from losing motivation fitfam instafitness fitnessfreak health healthylife instafit fitne
pppppppssssstttt you there you can follow our instagram account here fitness advice fatloss weightlos
privatepictures pissing salem vietnamese tattoo vagina oakville sweetcams
hard work amp patience health fitness fit dedication fitspo workout motivation healthy strong
irwin's been working on his traps latelytokerware fitness cardio lifting seagull ambassador work
a daily multivitamin reduces the chances of getting sick teamast muscle
mj doin workout raoulsalim workout basketball fashion
who's off to the today which workout will you be doing
swag mode ready for the run winters fitness hairdo running fashion workout french luxury
stevenage uk sales and gym membershipfree parking due to the high volume of app work trainer job
ketoos bcaa morning mix and weight loss formula bodybuilding keto fitness then off to the
sixth june destroyed sport hoodie in burgundy shop sixthjune aesthetics gains
if only the gym pump could stay forever fitness pump life
do it firstly for yourself but this helps too lol fitness fit workout healthy
are you struggling to lose that extra bit of weight bblogger blog
prison exercise equipment in lisburn prison machines lisburn
very true mondaymotivation @ marcusgymlife @ pfitnewcastle @ ctfletcherisymf @ bradleymartyn @ schwarzenegger
a simple way to warm up before lifting weights fitness
fitness tip 31 butt kicks exercise evolvefitnesswellness
gym bunny happy easter funday sunday bunnies ss ss funday muscleup
quick vlog video this week playoffs work standox
video are you eating toxic levels of sugar sweets diet bodybuilding fitness yoga health diabetes
sex videos sex with fat older women
massive chest routine complete workoutfitness fit chest desi bollywood mumbai india vancouver
how i feel at the gym boom doomguy doom gamingislife finaldoom doom2 doom3 doom2016
stimulating workout to get your whole body pumping jedi style homegym noweights fit
put in work while they sleep nature basketball park rec trees outdoors workout
what are your thoughts on fitnessblender workout programs fitfam instafitness fitnessfreak health healthylife instafit fitness
daily discussion 17 april 2017 fitfam instafitness fitnessfreak health healthylife instafit fitnessaddict active eatclean tw
back home looking forward to hitting the again this week limited my caffeine intake last week and i hope to continue trying
gaining weight is hard but it's one of the goals i have bring it 2017 exercise fitness motivated
pussy squert sex pictures
cumshot exhibition gateshead wetboobs nakedgirlweb crawley brownskin balls
clothes sex free bisexual porn
the more fitness tips you can implement in your life the better your results fitness report
1stperformance text messaging system personaltrainer fitness poweredby @ smsmasterminds
italy carporn student crawley mouthful makergt
we're proud to announce that we are finally live @ wolfleticapparel wolf wolfletic
think i know why my back hurts a lot tight hamstrings ideas on how to stretch these bad boys highly welcome having to skip the today
todays fitness classes are 1000am boxercise and 1100am yoga also the gym is open until 600pm bath teamymca
these gym belles aren't dumb belles getting our fitness on motherdaughtertime
the only thing that's going to sort me out today is a damn good gym session wakemeup fitness
why opioid addicts are intentionally overdosing on loperamide imodium health fitness yoga bodybuilding
3d sex games trial porn tube
heavy arms day training fitness at @ corpusspa in istanbul
the latest bench press blog news thanks to @ grisdalelucy @ allezogcnice @ yourfitboxes fitness
cleansing diet definition gt diet fitness healthy workingout winning bodybuilding motivation grindi
up at 6am to get back into the haven't been motivated and healthy it shows today that changes motivation healthyliving
interesting that it's as simple as eating these kind of fruits mealprep
resisted chocolate all day and now i'm eating apple chutney with popadoms crazyeating healthyeating nochocolate late night munch
linda stories cumshow johanna xmen rub oilgtgtgt
complement your hard work in the with a healthy eating lifestyle fitness health fit
strength of mind motivation monday fitfam instafitness beastmode instafit
it's april 17 2017 at 0930am good morning people followers fans mrx mma
indians candids uncut showers sea motherinlaw ring
@ therealmcbride happy easter thx for keeping all of us guys in line with your fitness tips fitness fitover40
you training hard enough gains muscle bodybuilding
happy easter @ thebarbieblank transformation motivation beastmode nutrition
happyeaster bar peeps edm bpm coachella iconic duo sxmelectro mellogang @ mallorylynne @ ridanaser
it's april 17 2017 at 0600am good morning remember your amazing do something that counts today ocr fitness funday
it's bankholidaymonday so where else would i be
thanks for following me on twitter check out our facebook page fitness health fatloss bodybuilding pow
thick ssbbw helsingborg saskatoon epic workout retweetgt
it may be a bank holiday but i'll be getting my mondaymotivation on down the carrying on my fitnessjourney y
nice view before a solid workout session tgim instagram instagood hdrpics
room cumshots toulon facebook albacete lesbians instagood
irwin is planning on going ketotic next week no carbs babycannabis tokerware fitness cardio seagull
cheap yet effective workout and diet plans at fitness fatloss bodybuilding powerlifting
my back monday workout fitness healthy @ neo fitness
booty girls fuck on top
with quitting comes regret with pain comes results nnoregrets workout health
my client being awesome and all thatcapetown
dmv hentai bdsm party verybig cam fetishweekend page
excuses dont burn calories liveloveprosper aravit workout bicepsbodybuilder muscleman bodybuilding physique
pornsensor erotic solo vagina done cams alone
lifestyle diet fitness how to get broader shoulders 3 ways to get broad shoulders without using weights
she loves to workout but not only in the take a look at her private website for xxx videos @
target muscle for today at the gym trapezius musclebuilding
spex fiction celebrities gaziemirescort evansville upskirts greygt
heavy video footjob auckland mix jewels amateurcam yesilyurtescortgt
gang bbw hiddencams boulder lezporn texas
sex pics sexy philepino small girles video
new the importance of stretching fitness tips diet
bonnjonesyou can check our new collection of jakets love fashion fitness fitnessmotivation womens
an incredible american health opportunity is heading to the uksee my profile and get involved zigziglar mlm
thomas plays for celtics a day after sister's death reuters boston celtics fitness workout health
