please rt have you seen mrs b missing lost pet in avondale az 85392
ring obsession over poll's hair ring obsessed obsession hand art pet doghair
petstock flea free raised dog bed large 112x69x22cm pet
new best friends so cute cat catlove bunny rabbit rabbitlove dwarf pet animal
please rt have you seen jack missing lost pet in murray ut 84107
petplan looking for a uk care plan for your pet
me me me me me i'm heeere needy much attention needy pet dog cute snapchat
maybe fluffy is hungry againdexterthemonster pet dogslife
leopard you pet mei purr throw pillow leopard you pet mei purr throw pillow 3955 by hgmdigitalarts pet
please rt found pet in riverside ca 92508 seeking owner
video dogs portrait painting pitbulls pyro and rogue 10x14 dogportrait petportrait dog pet painting
naked porn hub pet sex
palaminos square wall clock palaminos square wall clock 3345 by interiordecorating pet
are you a pet lover wants to buy petsthen post your requirement and search from the large collection @
peoplepets this is teamwork via twitter
introduction to pet insurance pet insurance
peoplepets mewow via twitter farm
please rt have you seen harley missing lost pet in cleveland oh 44113
sweet dreams dog pet bnw shadow sweetdreams love mexico cdmx instafollow instagood
sagan and loki @ saganandloki watch our pet butterfly playlist homeschool stem
the cuteness is killing me poppy pet cute
pet friendly shelter planning information can be found at cats cat dogs dog pet
astoreplus great winter sweatshirt coat for dog clothes puppy warm hoodie cats jumpsuit soft cozy pet
please rt found pet in lasvegas nv 89107 seeking owner
pet porn hot hard core jaibait fucked
how to troll your cat rt troll cat funny cat pet
click like and leave a comment if you want to go to harvard as well or oxfordwebcomic comic manga anime
dogs dog adopt nyc rescue pets animals vegan adopt adoptdontshop pet animal dogsoftwitter our story
custom made pet dog cat hat shark attack crochet by bren by handcraf shop now
stuck in the mudjackrussell jackrussellterrier jrt dogsofinstagram dogstagram dogoftheday dog pets pet
lolly lt3 cat cats catstagram pet pets animal animals petstagram catsofinstagram
petfact dogs have sweat glands in between their paws fact pet
pet slave pic gallery sleeping anal teens
global pet food marketdriver demand for vitamin amp protein products region north ame
pug lovers computer sleeve pug lovers computer sleeve 3345 by wonderful12345 pet
5 benefits of hiring a professional dog trainer spot dog training pet professionals daycare nyc
my little muffin man pug dog pet
my pet teenage toddler ninja turtles they are so cute whenever they see me they pop
please rt have you seen chico missing lost pet in chicago il 60629
my poor doggy is incredibly sick i hope he gets better in time for his birthday stressed dog pet furbrother worried sicknote sad
pet wearable news gopher otcqb goph reports on two day field test of the guardian orb pet tracking technology
learning how to jump @ bibishasha dog doggy pup puppy cute yoga yogi pets animals pet dogsitting
get in touch with us for some free nutritionaladvice on providing your pet with the best diet visit
please rt found pet in chicago il 60634 seeking owner
mind blowing facts you never knew about funniest hilarious pet
instagram meet crystal my new lionhead rabbitpet rabbit bunny lionheadbunny cute loveher
the australian pet rat has a solid colour stripe on the belly or a colour marking there that corresponds to markings on top
check out the tour amp win 25 visa gc ya middlegrade paranormal supernatural mystery pet @ dianemoatauthor
mouse tshirt mouse tshirt 1895 by mvvgrey pet
dog nightmares rt pet animal nightmares dog sleepwalking funny
we have been providing reliable pet transportation and pet moving services professionally
shower part 2cat catsofinstagram pet persiancat shower longweekend
10 signs you like dogs more than people pupjoy toys dog pet dognews
video dog portrait painting forrest 10x12 dogportrait petportrait dog pet painting
video dog portrait painting retriever annabel 8x10 dogportrait petportrait dog pet drawing
@ infinitememsltd make bespoke tributes to special pets with clay memorials that can be combined with pet ashes
we totally love this idea via twitter
video dog portrait painting 'maggie' amp 'winston' 12x16 dogportrait petportrait dog pet painting
video dog portraits oil painting chloe amp pig 10x14 petportrait dog pet painting
reading is funcat pet love bookstagram catsofinstagram
when animals have a camera funny video rt cute fail funny cat pet animal dog pictu
novel environmental protection sealed cream jar is a thick wall pet cream jar which has better physical impact
adopt a dog ginger adopt pet ut
sexy anal videos pet sex free
pug lovers watches pug lovers watches 5020 by wonderful12345 pet
neon drops pet sack etsy guineapig hedgehog ferret sugarglider pets petbed handmade rat epiconetsy
catching cookies 500px popular animals pet
cutest dog world dancing youtube girls cute aww adorable lovely dance pet dogs nice omg socute wow
pug lovers throw blanket pug lovers throw blanket 8925 by wonderful12345 pet
iams weight control dog food i've never stopped learning @ lisab7us pure dog food pet
fred henrique filhodamichelly dogs petsofinstagram pet brasil cao cachorro
please rt have you seen mimi engle missing lost pet in columbus oh 43224
please rt have you seen ellie missing lost pet in minneapolis mn 55414
cumming ga usa veterinary technician we maintain high support staff to doctor ratio in or animal job pet
never loose your pets again dotgps indiegogo crowdfunding pet gps dogs technews
adopt a cat denver adopt pet ut
please rt have you seen sif missing lost pet in streamwood il 60107
isn't my hamster adorablehamster pet animal hamster collection
protect your pet and ensure to keep their microchip details uptodate checkyourchip
pet adorable bright cat feeding bowl
please rt have you seen lucy magoosy missing lost pet in spring tx 77373
man walking type4 rt intheclassof mortal pet supportedby backpackin
shelter pets project alex twotone coffee mug shelter pets project alex twotone coffee mug 2335 by pet
and then i realized my origins and it was okanimals animal pet socialenvy shopstemdesigns dog cat do
join this year's comedy pet photography awards pet photography
video dog portrait painting labrador river 12x10 dogportrait petportrait dog pet painting
not lazy i'm indy rt cute food pet adorable funny cat dog
alphabetical order n the same order as the letters of the alphabet cambridgeenglish pet
the size of that neck bella bear on her way home pet pets petstagram dog dogs
highest rated dry dog food it's always too early to quit @ pawsandprada pure dog food pet
please rt have you seen loki missing lost pet in oklahomacity ok 73118
groom your family pet with the easy to use deshedding comb get it now and receive 20 off
please rt have you seen pelusa missing lost pet in bakersfield ca 93313
9 tips for keeping your pet safe in snow winter dogcare
best premium dog food brands sunday school don't make you cool forever pure dog food pet
video dog portrait painting 'chico' 10x12ins dogs cute pet portrait art pet painting
pet sex xxx pregnant coeds pics
hi im charlotte a team leader here at pca pet services
please rt have you seen rosie missing lost pet in universitypla wa 98467
natural dog food for senior dog i grew up in a navy family pure dog food pet
toby out n' about in the wind elhermanito dog doglover toby tobyrocks pet
dog portrait painting of german shepherd 10x12ins dogportrait petportrait dog pet painting
with neo photo people pet petlovers instagram followme igfollow offday @ kuching
please rt have you seen luna missing lost pet in houston tx 77015
i'm brad please adopt me i'll be a wonderful pet cat portsmouth virginia cats tuxies adoptme
please rt have you seen thirsty missing lost pet in longbeach ca 90813
pet porn hot hard core tenjou tenge porn
please rt have you seen boobie missing lost pet in foresthills ny 11375
pixie is 10 years oldcat kitten meow pet kitty catlover animallover feline
please rt have you seen blacky missing lost pet in irving tx 75061
46 416 pet exposure may reduce allergy and obesity
pet your pussy mexicana pussy
video cat portrait painting ginger 'monty' 10x12 catportrait petportrait cat pet painting
pet wearables that monitor health pet lover geek pettech
pets cost owners 3500 in the first year via @ mailonline pet
about your pets health pet life complete joint coat amp health care for
huzzah love rt licentious rough praise disport pet gaiety frolic
please rt have you seen sherry missing lost pet in houston tx 77053
this image newampsold on shutterstock pet puppy kitten chat gatos stretching silvercats cat kids cute
deciding whether or not to get pet insurance pet insurance
best natural dog food for puppies hunger is the best pickle pure dog food pet
erie pa usa veterinary technician looking for experienced veterinary technician to provide e vet job pet
video dog portrait painting bulldog sophie amp yorky rose 10x12 dogportrait petportrait dog pet painting
5 friday for clayton county dogs @ youcaring dogsoftwitter animalrescue furbaby medicalfund spayandneuter pet
mouse water bottle mouse water bottle 2320 by mvvgrey pet
please rt have you seen roose missing lost pet in columbus oh 43202
pug lovers stainless steel water bottle pug lovers stainless steel water bottle 2450 by wonderful12345 pet
joyful pooches frolic in special pond pooches dogs dog pet pets oasis fun cute adorable random
lets get closer pet montytheboxer boxers instaboxer boxergram
please rt have you seen oreo missing lost pet in westcovina ca 91790
video dog portrait painting 'buffy' 10x12ins dogportrait petportrait dog pet painting puppy
have you lost your pet dont worry download our useful petguardianapp to find your lostpet available at
peoplepets icymi via twitter farm
when a character from harry potter become a cat rt pet harry movie cat kitten funny p
lets play an exciting game of will my hermit crab ever pick an appropriate sized shell hermitcrab crab
pet ruffle collar dog cat browncopperaqua handmade crochet by bren b exclusive
video dog portrait painting 'baxter' 10x12ins dogs cute pet portrait art pet painting
patrizia in birdland rt birdland animal food funny restaurant pet funny
pet talks how does a puppy master the outside world clanimal @ cutepuppygifs
please rt have you seen junior perez missing lost pet in austin tx 78721
please rt have you seen ivy missing lost pet in phoenix az 85008
happy birthday dear jangu thanks for being with us pet birthday
fnafoc sfm animals by maroon five nightcore collab show more
natural dog food for small breed peace begins with a smile pure dog food pet
please rt have you seen csongi tsongi missing lost pet in pearland tx 77584
good dog food brand happiness is working with jack lemmon pure dog food pet
adopt a cat emily adopt pet ftlaud
cockatoo searches house for fun cockatoos bird birds wildlife pet pets cute adorable fun
don't forget if you've collected loads of easter eggs this year gt chocolate is poisonous to your pet
please rt found pet in jacksonville fl 32207 seeking owner
please rt found pet in brea ca 92821 seeking owner
mondaymayhem miss hybrid @ misshybrid and masie @ masiedee mistress pet strapon boing boing
lolly he doesn't like to be photographed cat cats catstagram pet pets animal
make your own dog food hatred is blind as well as love @ dogsbfuk pure dog food pet
pet buddy's line spring style double diner pet bowl black iron base 8 ounces
please rt have you seen kranky missing lost pet in losangeles ca 90016
please rt have you seen dude missing lost pet in denver co 80205
dog stores online even god lends a hand to honest boldness pure dog food pet
please rt have you seen zeegy missing lost pet in oklahomacity ok 73135
pet pussy naked brothers nat
pug lovers receiving blanket pug lovers receiving blanket 4460 by wonderful12345 pet
what'cha staring atbeardeddragon reptile pet cute small baby staringcontest lol
ty4rt @ eolianas amp @ quinncenation amp @ billmillermd on having a pet fox wildlife dogs 918
look at my baby obsessed with avocado and dates rat ratsofinstagram ratstagram ratsofig pet petsagra
video dog portrait painting cocker spaniel lilly 10x12 dogportrait petportrait dog pet painting
please rt have you seen jack missing lost pet in surprise az 85374
prince meesuah the handicapped toypoodle who owns every chair he sees dog pet animals
please rt have you seen maggie missing lost pet in seattle wa 98168
reposting @ darwinismsblogdogs do speak but only to those who know how to listen orhan pamuk quotes dogs
she's chilling here but my 13 year old cat is very spunkycat kitten meow pet kitty catlover
please rt found pet in chicago il 60639 seeking owner
the easter bunny came to see smudgey pet love bunny
dimitri is 12 this year and surrounded by baby girls that want to play with himcat kitten meow pet kitty
look out o waiting for leftovers haha pet cat
goober the baby goat gets stuck rt dog pet funny goober baby puppy
please rt have you seen princess missing lost pet in joliet il 60435
pet sets dog cat ruffle hat amp collar aqua purple rose buds handmade cr custom made
productivity creativity boosts are among benefits of pets in the workplace data infographic in post pet
prettiness todaysesther esther cat catstagram catsofinstagram catofinstagram catsofig petsofig pet
very young amateur pet sex free
video dog portrait painting cocker spaniel fishing 10x12 dogportrait petportrait dog pet painting
@ thecorpusjuris receipt didn't indicate which fund money will be deposited in rtc usually at least 3 receipts will
please rt have you seen tank missing lost pet in losangeles ca 90039
1st time in industryone click watch petglobal offers amp indian bazaar ratesend mail pet @ polymerbazaarcom
oh just take a look at thisfind a huge range of products for your furry royalspet adorable
pug lovers baby bodysuit pug lovers baby bodysuit 1895 by wonderful12345 pet
1st time in industrylatest international offers at pp hdpe lldpe ldpe pvc ps pet eva amp abs
cheapest dog food do you have to have a reason for loving pure dog food pet
please rt have you seen lucky missing lost pet in glendale ca 91204
pet owners pawgeant sunday 611 get registered part of proceeds go to patriots and paws veterans pawgeant
planning to get a pet bird soon i should get
wellturn pet training products pet610 anatomy new products welcome to purchase
20 pet websites every petowner needs to know doglovers
please rt have you seen kali wags missing lost pet in coloradosprings co 80910
mouse bath mat mouse bath mat 2635 by mvvgrey pet
airvets pet relocation is a leading pet shipping company offering pet transportation services
curls for the dogs biceps animal pet dog
pet slave pic gallery bully porn game
laboratory n a room used for scientific work apprenderingls pet
pet ruffle collar dog cat dark pink tiny handmade crochet by bren by h take a look
using pet as motivational workout partner motivational workout exercise
video dog portrait painting boxer roxy 10x12 dogportrait petportrait dog pet painting
please rt have you seen lady missing lost pet in minneapolis mn 55412
video dog portrait painting 'annie' 10x8 dogportrait petportrait dog pet drawing
please rt have you seen kitkit missing lost pet in longbeach ca 90815
my boy tuna he is risen tuna cat feline pussy kitty kittycat pussycat caturday pet
dog portrait painting of 'zsa zsa' 12x16ins dogportrait petportrait dog pet poodle painting
pet owners pawgeant sunday 611 get registered part of proceeds go to @ patriotsandpaws veterans pawgeant
please rt have you seen cyndil kittens missing lost pet in westsacramento ca 95691
marnie loves our new dog daughter bruno love dog pet chowpei
toby winding elhermanito dog doglover toby tobyrocks pet margaraestahappy familytime
me timereticulatedpython retic python albinoretic whitephase reptiles snake pet petstagram reptile
my wee pal tango cat cutie pet love catsofinstagram
please rt have you seen luna missing lost pet in garland tx 75041
please rt found pet in sacramento ca 95815 seeking owner
brands of dog food if i am through learning i am through pure dog food pet
our puppy is still cute vicyuwono pet petlove petlover germanshepherdcute
please rt found pet in katy tx 77449 seeking owner
pet girl sex movie naked college girls gallery
dog food online uk there is no such thing as part freedom pure dog food pet
please rt have you seen sachi missing lost pet in fullerton ca 92832
like if you are excitedpet
video dog portrait painting 'barney' 16x20ins dogs cute pet portrait art pet painting
it's totally photoshopped bunny bunnies bunnyfun rabbit rabbits cuteanimal cuteanimals pet pets
custom made pet dog cat hat shark attack crochet by bren by handcraf consider now
pet ruffle collar dog cat browncopperaqua handmade crochet by bren b just for you
please rt have you seen buzz missing lost pet in spring tx 77373
best and healthiest dog food the best interpreter of the law is custom pure dog food pet
please rt have you seen pearl missing lost pet in losangeles ca 90046
terrier in a bucket under the sundog flash nikon scottish bokeh white animal pet hanging innocent
please rt have you seen monster missing lost pet in northhighlands ca 95660
how one mom's post about itchiness during pregnancy might have saved her baby's life farm pet bunny bit
pets accessories online we aren't cool and never will be @ unownedpup pure dog food pet
this dog smh letsgetarkansason pitbulls pet dogstagram @ little rock arkansas
this image newampsold on shutterstock pet puppy kitten chat gatos adorable silvercats cat kids cute
cats playing kitten crazy petsmart pet poodlepaw fluff shrimp food poland uk japan via @ youtube
iphone 6 6 plus leather sleeve paw iphone6 iphone6plus iphone6sleeve iphone6cover dog dogs pet
pet sex free porn blooper premature
gymnastics dog rt cute cute funny pet dog funny dog pet dog
best dog food for skin allergies independence is happiness pure dog food pet
please rt have you seen cagney missing lost pet in coloradosprings co 80909
video dog portrait painting scottish terrier alfie 16x20 dogportrait petportrait dog pet painting
please rt found pet in houston tx 77004 seeking owner
please rt have you seen tew t taylor missing lost pet in morrison co 80465
daily video news feedstock mtnaphtha ethylene propylene styrene edc vcm pta megget more videos
please rt have you seen baby girl missing lost pet in houston tx 77041
please rt have you seen rex missing lost pet in jacksonville fl 32204
nowplaying on amazing 80's radio domino dancing by pet shop boys listen to more 80s hits here 80smusic
pet natura petz life's an itch allergy all types respiratory asthma bro
pet ruffle collar dog cat peachwhite small handmade crochet by bren b be inspired
pug lovers tshirt pug lovers tshirt 3570 by wonderful12345 pet
video dog portrait painting dachshund 'herman' 12x10ins dogs cute pet portrait art pet drawing dachshund
pug lovers poster pug lovers poster 1045 by wonderful12345 pet
pet girl sex movie anel sex free
best puppy food for labs my mom obviously had a problem @ ukdogracing pure dog food pet
feeding time salmonpinkbirdeater juvie tarantula lasiodoraparahybana pet
the week pet goat saves arkansas family from fire a family in poinsett county arkansas is crediting
please rt have you seen autumn missing lost pet in sacramento ca 95817
best food for french bulldog wisdom is always an overmatch for strength pure dog food pet
live youtube enjoy happy easter ww3 angle grinder chainsaws x 5 vs156 eggsbunny 3chicks pet sunshine
golden retriever on film 500px popular animals pet
lost pet alert milford ct 06460 rey dsh cat pet lostpet
bday laika love oes old english sheep dog pet animal lover bday birthday like4like
video dog portrait painting french bulldog oreo 10x12 dogportrait petportrait dog pet drawing
please rt have you seen pepperoni missing lost pet in coloradosprings co 80903
common pet diseases pet commondiseases
beautyful naked uae girls pics pet sex free
columbia mo usa supervisor small animal emergency and critical care position will oversee t vet job pet
baggie and me great time lovely dog baggie pet petlove friends
pupjoy supports great usa based pet organizations and people who do good for dogs
please rt found pet in roseville ca 95678 seeking owner
hello kitty pet dog clinic and baby doll doctor toys play show
she stole my place sphynxcat sphynx cat pet bedtime sleep sleepy myspot saying london
the best dog food for pitbulls let every man be true and every god a liar pure dog food pet
pug lovers wall decal pug lovers wall decal 1895 by wonderful12345 pet
