nobody does photography better than sisivisage stateofmind29aprilregrann
it's crazy how much planning has gone into this escape
inmates caught hacking into ohio correctional facility network system hacking security
catching up on and saw that @ rickyune is on the cast interesting you better not die sir or i ri
finally caught up on prison break and i'm hooked again @ prisonbreak
i've just watched episode s02e03 of prison break
preview when the lights go dark season 5 ep 3tomorrow
lincoln digging micheal's coffin and crying while helding his suit closer to his chest
i've just watched episode s03e08 of prison break
i've just watched episode s03e05 of prison break
i've just watched episode s02e05 of prison break
so i still have the final break to watch but i fucking teared up on the last episode
finally started new season of tonight it's tv's fast amp furious unabashedly over the top so fun gang's back together
i hate it when you try to fake sickness to get sent to the infirmary in prison then get beaten up due to your isis connection
@ rockmonddunbar wishing everyday was tuesday
i've just watched episode s04e20 of prison break
camiseta wanted for prison break michael scofield e lincoln burrows
@ prisonbreak this show is interesting with the new season you got us he ain't dead fo real
i've just watched episode s01e20 of prison break
okay there's no way this goes on for three more seasons without them getting caught
when cnote saw lincoln again
well the hairs gone said i'd do it for mel to help raise money for her treatment melaniesmissiontolive
y'all mind if i praise god jim @ theartofkewlnes melroseec2017
i don't want to wish the day away but i can't wait for 9 tonight already
michael left sara to start a vending machine company @ pbwritersroom @ prisonbreak @ paultscheuring
i love watching the new season of
it's funny how she tells paul it's exactly what they did to lincoln as if paul had nothing to do with it
i wanna order a pizza michael scofield
the vp in this show is how i imagine farright conservatives view hillary as a murderous corporate shill with gang of hitmen
i've just watched episode s02e06 of prison break
rewatching from season 1 because it's the best thing to do on a sunday
i've just watched episode s00e08 of prison break
whaaaaaat there's a custom emoji i'm using that hashtag for every tweet now
i'm watching prison break telfieapp @ foxtv @ prisonbreak s4e5 on @ netflix tv
@ jbergkampvevo you do know this is a clip from the tv show and not related in any way right
decided to see what 8 will be like sipping my rich vanilla coffee from zanzibar i'll fill you in later easter noworries
i've just watched episode s02e04 of prison break
just 2 episodes and watching again and again @ prisonbreak
s5 e2 i don't like when that girl does things for money
achievements i lost my key i break in into my own room thanks
you've never known anxiety until you've watched prison break
michael @ everyone who tries to join his escape plans
i just watched prison break s01e01 pilot
first then mst3kthereturn and tonight veep it's been a good week for tv revivals amp premieres
prison break on fox is sooooo good
sucre comin in clutch phew issa team
we are all waiting for this moment @ prisonbreak
i've just watched episode s04e03 of prison break
watching @ prisonbreak season 5 episode 2 the best show right now
i've just watched episode s01e22 of prison break
i've just watched episode s04e02 of prison break
ion even remember how scholfield died to understand wtf is goin' on this season
been used to hourlong episodes of tv series so 40mins every ep is such a cliffhanger for me michael is full of surprises
season 3 of prison break is so bad rl depressed about it
i unlocked the sticker @ telfieapp telfieapp
time for some more let's do this @ prisonbreak @ netflixuk
and why do i have this feeling that jacob is an enemy
me when trying to figure out scofield's plan
stayed up late last night to watch final homeland amp return of amazing sameoldfaces takesmeback teabag in both
paul kellerman's phone calls are as creepy as ever and i love it
finally watching @ prisonbreak s05 e01 ogygia on @ hulu @ foxtv tv action drama fox
michael crying cause he thinks sara is dead nah my chest
watching @ prisonbreak s05 e02 kaniel outis on @ hulu @ foxtv tv action drama fox escape
i just caught up with prison break and my heart is about to explode
i've just watched episode s01e17 of prison break
binging hardcore on this almost done with season 1 prison break dominic
i've just watched episode s00e09 of prison break
i swear i didn't think could get any more terrifying until they located it in yemen
if you don't love her the way michael loves sara do you even like her
i've just watched episode s01e18 of prison break
why is prison break so damn good i need answers
hackread inmates caught hacking into ohio correctional facility network system hacking security
do none of lincolns shirts have buttons on the top half
i've just watched episode s01e16 of prison break
i'm watching prison break telfieapp @ foxtv @ prisonbreak
we're doing this tomorrow wig the break out is on god bless issa bout time
@ hellorobincooks @ mollymoon hubby bleubrie perfect sunday wind down
it is even too early to continue on this eishplease wen is the next episode of
i've just watched episode s03e04 of prison break
is the only tv show which could match the intensity of game of thrones
been binge watching on i actually like sarah on here than twd n colony lol s3 almost catching up
i gotta be up so early tomorrow and yet i keep hitting next episode i'm in too deep
i've just watched episode s01e09 of prison break
a true fan won't be able to have pizza without thinking of michael scofield and his precious family
the warriors blew a 31 lead in the nba finals with a unanimous mvp and coach of the year
3rd paragraph down i divorced one of the shooters fails to free six prison inmates
on 3x05 wish my mans would break out of this prison already
@ adelsteinpaul you are amazing in every thing you do privatepractice girlfriendsguidetodivorce
i've just watched episode s05e02 of prison break
the escape is on allnew continues tonight at 9pm
finished thegetdown now we bouta smash through 80 epds of
episode 2 of tonight my excitement level is real
411s tv renewal predictions agents of shield upgraded izombie on the bubble agentsofshield izombie
i've just watched episode s04e11 of prison break
i've just watched episode s01e21 of prison break
tbag is such a dick i hate him
