are you bullish or bearish on intel start trading intc with bitcoin 151 leverage cool gif
rules for picking when intraday trading investor
derivatives selfcoaching program for market traders
the healthcare needs of the rural united states regarding the april 12 frontpage artic
amn healthcare services inc amn downgraded by zacks investment research
changing my flight reservations tlt xlu spy qqq dia sh iwm tza sso tna voo sds ivv
bmo capital markets reiterates hold rating for electronic arts inc ea
on watch car do htz m spy tlt
just turning upsideyy atr colm bce bud mdrx srcl bpy myl gnl tsn nwsa fe nws pfgc tph so
weekly smallcap trend acat tgh crr twi mtw cara gnbc fsam lyts osir gldd lrn xxia more @
just turning upsidealny phi wuba vips amt dhi eocc bti rci cce tup kmb cot hrtx stzb gold
bp's leaking alaska well stops spraying crude oil still emitting gas officials forex training
will dlf follow indiabulls realestate footsteps to create wealth for shareholdersnifty equity equities
industries exchange thought provoking thoughts book
chinese gdp 69 vs 68 forecast all finance china
dividend stocks for the pullback psx skt ups investing
mustweed marijuana and medical marijuana the new york times amp cannabis
5 best telecom 2017 with high dividends cnslstock ctlstock ftrstock hotsto
mustweed someone should explain marijuana prohibition to john kelly amp cannabis
long options trading idea on nflx ahead of earnings 17 apr here on our mtbanalysis mag gt
asian shares retreat after north korea's failed missile test all finance united states japan nikkei
13 daysbuy gsplabove 1725for target of 180stop loss at 168 tips bse
the richest man in all of asia is aggressively preparing for collapse economy
mustweed marijuana store expected to make history in downtown talkeetna amp8 amp cannabis
gold gains in asia after solid china gdp korean tensions all finance united kingdom united states
key commodities nat gas 48 steel 31 copper 3 silver 02 us oil 01 gold 14 more @
two set to soar under president trump
verastem inc vstm coverage initiated at oppenheimer holdings inc
asian shares weaker as korea tensions outweigh china gdp all finance united states
make smarter investments by mastering this simple ratio @ daviladamian money men
patty hearst or mr spock forex
jtrade mmex mmex resources corporation are you the ihangout police now or something
neural network trading software for futures forex amp etfs with predictive macd stochastic rsi gtgt
mbt dividend stock russia's largest wireless cell phone telecommunications pro dividends passiveincome
how cisco could win big from india's smart cities @ themotleyfool csco
news tax day united airlines earnings samsung galaxy s8 released
all time winners full listtrtn hci czz invn hri hubs gbx baba linc cuda bcc grbk anw pgnx
floor amp decor holdings announces launch of ipodetails retail
materials 34 housing 27 transports 23financials 22 tech 19 industrials 17 biotech more @
120 earnings per share expected for dineequity inc din this quarter
gluttonous investing why less is more in the investment world valueinvesting
finance trading master plan send your commissions into overdrive
want to trade then first understand how the masses operate
the western union company wu stock rating reaffirmed by royal bank of canada
indian shares little changed as investors focus on company results all finance
mustweed no bail for alleged ganja traffickers netted in police sting s amp cannabis
stocks down bonds amp gold up stockmarket wallstreet nyse trading investing finance tlt intc bac
lufthansa underperforming by 240 last 365 days at prediction based on automated news analytics
fro amp nat two great tanker worth taking a closer look at
derivatives debt slingshot options trading signals systems amp strategies
japanese stocks eke out gains in holidaythinned trade yahoo finance japanese
keep track of stocks in after hours afterhours
trump attends easter service with family near maralago new york post trump
fantastic opportunity remarkable premium domain for sale dictionary words great domai
social pr news inform them now ir pr press business bloomberg media motleyfool wsj socialstartnow
gold prices rise as north korea tensions keep markets on edge all finance xauusd united states
taiwan shares lower at close of trade taiwan weighted down 017 forex training
mustweed ottawa doctor pioneers use of cannabis to help opioid addicts amp cannabis
here are the 5 added to the us marijuana index weednews weedbiz stockmarket
nifty is headed for correction time to book profits tips bse
are you trading otc mmj institutional technical analysis hemp amp owcp gtgt thank
rating the ceos of warrenbuffett's stocks @ themotleyfool brka brkb ibm ko wfc cost axp khc
the policy of being too cautious is the greatest risk of all forex
ndev received a new alertsee why at msez penny pennystocks pinksheet otc otcbb stock 18
briefzhongrun resources investment sees q1 2017 net loss to be 3039 mln yuan all finance china
expert take nifty may decline to 9000 but dips to attract buyers tips bse
survey reveals the majority of americans are saving for retirement all wrong
brandywine realty trust bdn to release earnings on wednesday
forex strategies and indicators for only 7 foreignexchange financialservices money
npa window closing banks face a big hit tips bse
united air removes couple traveling to wedding from plane business investing united @ united family
hubspot inc hubs given average rating of buy by analysts
today is not the day better work
sell jsw steel target rs 186 reliance securities tips bse
zacks investment research upgrades independence realty trust inc irt to hold
a screen of nigeria with a discounted pricetobookvalue and returnonequity has zen abl ubn uba fbn in the leed by the latter
herd psychology states that time to buy is when crowd panics
forget the rally the crowd is holding cash
investing stockmarket nanostockanalysis unsustainable dividend growth at kohl's
comprehensive review amp forecast of the sampp 500 nasdaq bonds amp gold business
are you bullish or bearish on apple start trading aapl with bitcoin 151 leverage cool gif
gwph and vape marijuana institutional technical analysis amp charts by @ tradingsafely1 heregtgtgt
news china's economy grew 69 in the first quarter
chinese stocks down at open tips bse
do you have news to share get it published you will reach decision makers achiev
tableau software inc data rating reiterated by jefferies group llc
general electric company ge earns buy rating from credit suisse group ag
news chinese giant ups bid for us firm that does mexico money transfers
as of 1130 am psei 759052 down 3912 points or 051 percent pseiupdate psei
aldarmomentum accelerated technicalanalysis trading analysis stockmarket
how to use options investing without gambling
sensex nifty an update 17th april2017
this is how long it could take for united to recover from its pr disaster stockmarket investing ual qqq
all time winners full listgnca hees gbt nyld boja lm ctrv nm
non us traders amp trade nyse amp nasdaq commission free trading with this specialist equities broker gt
as of 1100 am psei 760779 down 2185 points or 029 percent pseiupdate psei
bilo selhi owcp owc pharmaceutical research corp completely agree just blocked
are you bullish or bearish on gopro start trading gpro with bitcoin 151 leverage cool gif
f nyse video analysis amp forecast with important trading levels for week 17apr gt
f amp hmc autosector video analysis with important trading levels for week 17 apr gt
pick of week buy glenmark @ 888866 for target of 995 stoploss 840 tips bse
sap se sap rating reiterated by royal bank of canada
us technical charts potpourri spy sp500 usdollar bonds investing trading
home vehicle loans save the day for nbfcs tips bse
chinese stocks decline as concern over north korea persists bloomberg news
mustweed akron considers where to allow medical marijuana businesses ak amp cannabis
are you bullish or bearish on google start trading goog with bitcoin 151 leverage cool gif
un child abuse scandal is latest in history of sex crimes committed by
our online daily newspaper aggregates the news that matters to traders trading forex amp much more gtgtgt
lexington realty trust lxp downgraded by zacks investment research
weekly sampp100 trend dow dd fdx msft cat foxa gd pcln cmcsa hal intc ups mrk usb emr @
sucampo pharmaceuticals inc scmp expected to post quarterly sales of 5347 million
lt gttrade forex indices commodities and using bitcoin blockchain broker
index trend and in action april 17 2017
advantage of stock trading
equities exchange the forex joustar system highly accurate pip generator 70 pipsday
say what wyoming considering a bill to penalize utilities that use solar power @ themotleyfool
this landmark marijuana bill would move cannabis to schedule iii @ themotleyfool
see how you can predict the future of forex futures amp markets with advanced trading tools amp indicators
karosin ntek nanotech entertainment inc you speak exactly the same as the bashers on ihub
so china has a new aircraft carrier so what @ themotleyfool ba lmt hii
sensex trading marginally lower on weak global cues commodities all finance united states japan
fiddly sheepwolf's 100000000 journey uncle sam is about to roll a joint with all those
free download free trial mc fractal studies for popular forex and futures
investing stockmarket nanostockanalysis dividend stocks for the pullback
most forex amp brokers offer roughly the same spreads we list those that have better customer service gtgt
found 11 investment articles for your to read at via money budget bonds economy willemtait @ willemtait
want to be a millionaire increase your 401k contributions @ themotleyfool
united airlines' pr disaster was totally avoidable thanks to private jets @ themotleyfool dal ual
what are recommended for intraday trading for 18th april 2017 in india by rkglobal
indiabulls real estate hits fresh 52week high as board considers proposal for restructuring of business tips bse
identify high probability trading opportunities in stocks futures amp forex forex futures options finance
weekly best performing stocks april 17 2017 storified at trading investing
thank you mr trump your dollar comment has ensured niftys bottom remains capped tips bse
stock market is so quiet its like purgatory trading tradingpsychology tradingtips shares
straddles spreads options what's your call tips bse
15877 million in sales expected for dineequity inc din this quarter
dcb bank slips nearly 7 after q4 results tips bse
the top 10 to invest in gold for 2k16
press digest british business april 17 april 17 the following are the top stories
all time winners full listcwei kem cc ren aaoi wix amd zyne nbev gol sb sblk mgi neff neot
tech viewkeep an eye on marksans pharma once above 60can move to 90100stoploss 50cmp 56 tips bse
diageo plc deo raised to hold at zacks investment research
alert allianz trading mode changed to buy at prediction based on automated news analytics
hard landing fears for china overblown china is a great long term buy investing trading
jyothy laboratories surges 14 as henkel may get time to buy 26 stake in company tips bse
weekly sampp500 trend stx uri wynn phm rcl mu glw shw vrtx flr dow dd nsc klac adi fdx @
she's more attractive than my broker trading investment
indian wpi 570 vs 598 forecast forex training
chinese stocks down at open all finance
man accused of assaulting woman at trump rally says president to blame fox news trump
paul craig roberts it has become embarrassing to be an american
indusind bank projected to post solid q4 growth but may see slight drop in nim tips bse
girlsonstocks forget trump or north korea the market may just be struggling because of tax day investing
business industries massive trading options video course 35 hours video amp special reports
when is the best time to buy
news nasdaq omx globenewswire soft tissue repair market estimated to reach
news nasdaq omx globenewswire changes in substantial shareholdingstallinn
japanese stocks eke out gains in holidaythinned trade yahoo finance news
big traders have big market influence personalfinance
bridgeworth llc invests 286000 in facebook inc fb
intraday gt 1 of 3 exclusive live trading boards with 17 scanners amp interactive charts gtgt
nustar energy lp ns earns hold rating from fbr amp co
are you bullish or bearish on twitter start trading twtr with bitcoin 151 leverage cool gif
first connecticut bancorp inc fbnk to release earnings on tuesday
need2know seven things you must know to start your day on dstreet tips bse
bmo capital markets analysts give halliburton company hal a 6700 price target
fibonacci levels for trading freaky maths forex traders learn from real examples here gtgtgtgt
sell hindalco industries target rs 168 siddharth bhamre tips bse
stock futures tipsequity research lab nifty report 17 april 2017 bse sensex nifty
imperial oil ltd imo lifted to outperform at raymond james financial inc canada
top stocks in focus on monday 17 april 2017 tips bse
here's exactly how much a bad credit score will cost homebuyers @ themotleyfool
high pe stocks can deliver big too economic times news
johnson amp johnson steady and predictable investing dividend stockanalysis jnj seek
investing nanostockanalysis stockmarket walmart strikes back
weyerhaeusers wy buy rating reiterated at bmo capital markets
is netflix nflx setting up for a long ahead of earnings 17 apr get analysis amp option play here gtgt
girlsonstocks slack an upstart in messaging now faces giant tech rivals investing
these two will perform well for years to come under president trump
the latest the nicholas fainlight finance daily thanks @ br12essentials @ atd @ whistleirl
jon ossoff rides antitrump wave to potential upset in republican georgia the guardian
the richest man in all of asia is aggressively preparing for collapse economy preppertalk investing
get ahead when trading forex futures oil gold amp more this software page lists high quality provider
rating the ceos of warren buffett's stocks rating the
chinas economy grows 69 continuing its steady rise shanghai
news nasdaq omx globenewswire nasdaq baltic investor calendar week
alert commerzbank trading mode changed to buy at prediction based on automated news analytics
apple inc is pushing ahead with testing selfdriving cars @ themotleyfool aapl
whether your trading forex commodities futures the best brokers for you on @ mytradingbuddy gtgt
your diversification has to fit your situation and goals finance
weekly midcap trend mktx gef msa mdp ufs vly ter ash pol ori bc idti uthr tkr cnk rol @
cathay general bancorp caty to release quarterly earnings on wednesday
investing nanostockanalysis stockmarket cliffs mother of all stocks
alberta oil opportunity moves the world market finance
exchange realestate direct selling for extra cash partner with huge brands
textron inc txt to release earnings on wednesday
the importance of revenue growth in selecting winning investments investing dividend stockanalysis
the new place to chat about otc over 10000 live chats messaging watch any stock forums cool features
entrepreneurship quality binary option signals
sell cit group inc del cit target 4172 266 trading investing
credit suisse group ag analysts give parkerhannifin corp ph a 16900 price target
april 17 2017 psei closed at 758853 down 4111 points or 054 percent pseiupdate psei
all time winners full listcara trox vedl edn crbp sxe sgms gogl bldp true kro avxs cveo hpj
are you bullish or bearish on amazon start trading amzn with bitcoin 151 leverage cool gif
amd at a tipping point intc nvda amd stockmarket investing stockpicking nyse nasdaq
sp500 market internals at technical crossroads spy trading risk spy investing
peculiar in top 10 among 33 ibd sectors 2 have a negative ytd return banks 7 and sampls 107 sector rotation is 1 reason
former ubs chairman the eu was a great idea but it has been ridden to
nifty below 9150sensex flat today share market news update 17 april 2017 bse sensex ni
institutional analysis amp signals for bbt sti and 9 other bankingsector by @ tradingsafely1 gtgtheregtgt
careers industries action forex signals reliable amp accurate forex trading signals
has trump lost control of the pentagon forex
just turning upsideau el leg vwr etr exr deo duk via xray ilmn aep vfc cxp ed gsk mdt
debt industries done deal investor websites
chinese gdp 69 vs 68 forecast forex training
missed this aapl story from @ financialtimes foxconn seeks apples backing for toshiba chip bid
tokyo stocks open lower on north korea jitters tips bse
chinese a shares could rise but we feel russian make for a better investment
crown holdings inc cck scheduled to post earnings on wednesday
litechnews us stock indexes close higher wednesday health trump
zacks investment research upgrades catalent inc ctlt to buy
my 6000 mistake learn 6 hidden facts about live forex futures tradingroom 's gt
banking regulator urges lenders to control risks all finance
buzzingstock dr reddy's lab gains 3 on no observations from usfda for srikakulam plant
centurylink inc ctl raised to hold at zacks investment research
are you bullish or bearish on the sampp 500 start trading with bitcoin 201 leverage spy es esf
chinese stocks down at open economic times news
tnc26 owcp owc pharmaceutical research corp ok let's get him ban on this board because he's
i hope everyone had an amazing weekend cant wait to see what the market has in store for monday pennystocks otc stockmarket
sensex nifty start on a negative note sun pharma asian paints top losers tips bse
dividend stocks for the pullback seeking alpha news
textrons txt buy rating reiterated at credit suisse group ag
socialmedia feeds that matter all in one place for earnings nasdaq nyse spx ftse options amp more gtgt
lg display co ltd lpl stock rating upgraded by zacks investment research
buy delta corp with a target of rs 187 rahul randeria tips bse
lufthansa current trading mode is buy at prediction based on automated news analytics
market live nifty opens below 9150 sensex flat dr reddy's gains sun pharma down
the healthcare needs of the rural united states regarding the april 12 frontpage arti
entrepreneurship sales best trading signals services
major money managers have a grim outlook for us stockmarket investment blockchain @ spark10india
nifty future to open down 28 points at 9151 dynamic levels tip india
chinese retail sales 109 vs 96 forecast forex training
litechnews stocks shake off disappointing jobs report and negative news
whether your trading forex commodities futures the best brokers for you on mytradingbuddy gtgt
investing stockmarket nanostockanalysis avoid exxon for the time being
buy steel authority of india target rs 67 rahul randeria tips bse
as of 240 pm psei 759016 down 3948 points or 052 percent pseiupdate psei
17th april strategybuy niftysl 9100 tgt 9200 9225sell nifty above 9200sl 9250 tgt 9150buy bank niftysl 21400 tgt 21750 tips
credit suisse group ag reiterates 7300 price target for banco de chile bch
5 stock market rules from the pros stockmarket
csrc to nip stock split trend in bud
as of 1200 noon market recess psei 758778 down 4186 points or 055 percent pseiupdate psei
amazon amp its twitch streaming platform will take amzn to the next level analysis by @ tradezer0
asia stocks dollar under pressure after soft us data reuters reuters asia
walmart strikes back amzn wmt investing
insperity inc nsp expected to post quarterly sales of 88591 million
mustweed indore man arrested with ganja worth rs 2 lakh free press jou amp cannabis
are you bullish or bearish on tesla start trading tsla with bitcoin 151 leverage cool gif
stocks dollar under pressure after soft us data via @ reuters spx nasdaq stockmarket tradingwisdom
the latest the spaceevent llc daily thanks to @ theflynews investing
girlsonstocks oped the australian dollar is trapped and there's little sign of a change investing
the wall street journal randal quarles said to be tapped for top fed regulatory post
bp oil well continues spilling in alaska an out of control oil well on alaskas nort
facebook shareholders propose reports on 'fake news' pay equality sampp 500 index nasdaq 100 components
exercise your consumer power buy a cleaner tomorrow today
stocks dollar under pressure after soft us data forex training
institutional analysis amp signals for wfc usb and 9 other bankingsector by @ tradingsafely1 gtgtheregtgt
mustweed bc landlords want ban on marijuana plants in rentals and stratas amp cannabis
high paying dividend are vanishing amp pensioners being forced to speculate
buy hampr block hrb target 2370 085 trading investing
dr reddy's labs jumps 3 on completion of usfda audit at srikakulam plant tips bse
industries economics dividend stocks rock
improve your trading gt aggregation site pulls in lots of socialmedia feeds for earnings amp more gt
does a discounted bookvalue alongside a high returnonequity have any significance for a price movement in nigeria
buy idfc target rs 64 kunal bothra tips bse
foreign brokerages cut target on infosys whats next tips bse
arry not expecting fireworks the next few days do anticipate above 90 by next week if macd cross confirms 12mth
realestate finance start your own daycare system
video explaining our app your true pocket trading buddy cool tools for fx futures options traders gt
mutual funds bought into dmart itc hindalco dumped ril hdfc in march tips bse
latest fundamental analysis by @ tradezer0 for amzn with an eye on its twitch streaming platform gtgtgt
kennametal inc kmt rating lowered to hold at zacks investment research
the latest the health rocket daily thanks to @ smithchrist123 @ annieeisenhauer @ bingbingblog foodie
trendfollow signals xlf daily etf tradingsignal tradingview
triple penny under the radar pick 4 the vip list 50 per month click
china's ant financial raises offer for moneygram to 12 billion forex training
retail investors cool on shortselling of shares all finance
whether your trading forex gold oil check mytradingbuddy online daily newspaper to stay in the loop
whether your trading forex gold oil check @ mytradingbuddy online daily newspaper to stay in the loop
exclusive @ mytradingbuddy discount on this hitech ai trading software 20 off your order total here gtgt
usdjpy sags in asia trading commodities all finance united kingdom australia japan nikkei 225
management exchange learn to wholesale real estate
what is gst how is it different from now decoding the indirect tax regime sensex gst tax
5 favorite stock funds for any market
mariosmack owcp owc pharmaceutical research corp for those of you who haven't bought yet think
alphabet inc goog position maintained by american national insurance co tx
'buy' or 'sell' ideas from experts for monday 17 april 2017 tips bse
why broad consumer appeal is key to growth at duluth holdings
endeavour silver corps edr outperform rating reiterated at raymond james financial inc
buy power grid corporation of india with a target of rs 215 rahul randeria tips bse
zacks analysts expect kansas city southern ksu will post quarterly sales of 60319 million
china's economy grew 69 in the first quarter chinese firm brings jobs to the us
take a look at mytradingbuddy great trading education blog with cool stuff for forex futures amp more gt
934 million in sales expected for farmland partners inc fpi this quarter
moneygram and ant financial enter into amended merger agreement united states nasdaq 100 components
mustweed weed scientist takes over as frederick countys new agriculture amp cannabis
investing stockmarket nanostockanalysis ibm earnings preview still no revenue growth but playing t
189 billion in sales expected for casey's general stores inc casy this quarter
axon @ marklitwin heres my secret weaponstay long and great things will comeall signals activated trading
several banking energy property stocks rated 'buy' manila bulletin psei pse
feller investors hangout mvp's just throwing this out there if anybody is
get actionable markets analysis trading ideas amp plans to your inbox for fx options futures amp moregt
analysts set lazard ltd laz price target at 4520
traders your about to make the best decision of your financial future check this ai trading software gt
forex amp futures traders our trading software page lists only best to get you ahead in the markets gt
buy ncc ltd with a target of rs 97 kunal bothra tips bse
hasbro inc has stock rating reaffirmed by bmo capital markets
otcmktsetfm electric car company creates jobs in america
3 things that affect when you should apply for social security
our 10 top investment tips for today at via willemtait @ willemtait budget gdp nyse ipo invest data
ndev focuses on mmj health insurance click here
deutsche post dhl group it's time to go long as the company remains discounted vs peers fdx
this week in solar @ themotleyfool tsla spwr csiq jks hqcl vslr run
invitation presentation and conference call hoist finance first quarter 2017 report
zacks investment research downgrades rmr group inc rmr to hold
infineon current trading mode is buy at prediction based on automated news analytics
trump ties china currency decision to help with north korea tips bse
blackberry fair value is closer to 10 now could be 20 longterm bbry investing
finance outsourcing worldwide jewelry manufacturersindex
leadership equities your lawn care business marketing plan
pboc sets yuan parity rate at 68785 against dollar all finance china
dr reddy's labs jumps 3 on completion of usfda audit at srikakulam plant
the latest social equities thanks to @ pwilke @ mmjtrader @ equijohn investing
here are two top investment ideas for the year all finance xauusd
vp pence speaking near the dmz delivers strong message to northkorea business investing china tech
this weeks free webinars by @ pbrat40plus gtgt learn elliottwave rules amp observations for swingtrading gtgt
sales leadership golden penny stock is 47 mthly recurring commissions
support amp resistance get commodity sensex trading tips with high accuracy by experts click
many feared buried as hopes dim after sri lanka garbage dump landslide forex training
chinese fixed asset investment 92 vs 88 forecast all finance china
are you trading nyse nasdaq amp etfs trade for free with this great broker listed on our website gtgt
snapchat denies its ceo labeled india as 'poor' is facebook turning into snapchat snap
pier 1 imports inc pir stock rating reaffirmed by oppenheimer holdings inc
infineon underperforming by 5096 last 365 days at prediction based on automated news analytics
investors should purchase like they purchase groceries not like they purchase perfume bengraham
zacks investment research upgrades choice hotels international inc chh to buy
edenred unspon ednmy rating increased to hold at zacks investment research all finance united states
@ nileshshah68 do fmentals materbanking loan groth @ historic lowamp banknifty @ all time hi banks nifty @ etnowlive @ nikunjdalmia
find stocks reaching key technical indicators each trading day technicals
hot 2016 presidential debate that's those whining crying libtards at work if
set signals and make money daytrading forex options
learntotrade forex futures amp options markets from top global trading educators listed here gtgtgt
start your long game to financial security today finance
swingtrading alert service for serious options traders entry price profit targets amp management plan gt
pultegroup inc phm short interest update
investing stockmarket nanostockanalysis the sampp 500 in week 2 of april 2017
spy has been prepping for 220225 for a few weeks the @ potus shine is fading and other catalysts provide some rising volatility
traders get 30 day free trial of this swingtrading software designed by institutional traders
ended last week on a great note expecting this week to be even betterforex forextrader forextrading fxtrader
falling aggressivelysale amswa oaks rcii cuz taho sif pcom wvvi ntwk aes pco hmhc rdnt rell
news snapchat denies its ceo labeled india as 'poor'
wow this new fno entrant baby looks so good for 242 indianbank whats cooking banks market
in the news ioc cipla nestle indian hume pipe reliance power
piper jaffray companies analysts give coach inc coh a 4300 price target
american tower corp amt expected to announce earnings of 150 per share
steel stimulus drive china's strongest economic growth since 2015 forex training
shares weaker as north korea france worry world markets abscbn news psei pse
loss avoidance must be the cornerstone of your investment philosophy seth klarman investing via @ ronbeaubien
stevet bible monday in the octave of easter reading 1 acts
deals of the daymergers and acquisitions all finance sampp 500 index nikkei 225 components nasdaq 100
weekly nasdaq100 performance stx wdc mu csx mxim avgo nvda vrtx ebay yhoo adi lvnta more @
hottest topics in the finance industry are equities or what people like to call it
tnc26 owcp owc pharmaceutical research corp those two are the sameand i glow and boiler
ubqu the word is out just picked number 1 gt msrt vape cnab
morning report apac investors await key chinese data all finance ftse 100 united kingdom united
walt disney co dis position lowered by first commonwealth financial corp pa
wanna know my favorite way to end a holiday weekend news that'll pay for more days off evsv bugbounty
buzzingstock gujarat apollo industries rises 7 on buyback approval stockmarket
learn top swingtrading strategy in free ebook using trading journal of 3 traded at the same time
own one of the finest caribbean addresses barbados
bounty429 ntek nanotech entertainment inc wow its pretty obvious who flipped out of ntek
which will remain in focus for today17 apr 2017get details click here
americans plan to retire later @ themotleyfool retirement personalfinance money work
dear investors look forward to a welcome correction in market
core laboratories clb downgraded by zacks investment research to sell
union bankshares corp ubsh scheduled to post earnings on wednesday
2go group inc grows consolidated net income by 24 to p134 billion in 2016 from p108 billion psei
otcmktsetfmconsumer power makes the decision electric cars for tomorrow
buy srf target rs 1740 kunal bothra tips bse
trump tops other presidents in golfing getaways forex
tesla is building a pickup and a semitruck following up on earlier tweets indicating
are you bullish or bearish on cisco start trading c with bitcoin 151 leverage cool gif
westpark capital analysts give digital ally inc dgly a 900 price target
futures movers oil prices push lower on us supply and as investors cash in on recent gains
uso who holds the power in todays oil market oil xle spy stockmarket investing commodities qqq f
5 top smallcap stock picks @ themotleyfool kbh bldr eth rdc nwbi
analog devices inc adi receives consensus recommendation of buy from brokerages
weekly midcap performance ati mktx gef nvr msa mdp amd ufs slgn vly pkg ter ash pol more @
elroy's elliott wave weekly gld spy slv ung sh tbt tlt ugaz iau agq sso voo sds
chinese fixed asset investment 92 vs 88 forecast forex training
stock market today investor's business daily investor's business daily stock
tech call buy hdfc @ 1491 for target of 1523 stoploss 1480 tips bse
check the tradezer0 showcase page commission free trading amp shorts on us equities amp etfs gtgt
stockwatch watch out for these in trade today @ heeraal gets you the stock watch list
the latest i want to work at akamai thanks to @ boosasai @ aasaanpay @ makulkarni1977 boycottsnapchat
calpine co cpn given new 1400 price target at deutsche bank ag
exhausted up trend exar xcra meli cgnx incy payc nmih torm sbcp ravn ingn veev cy gkos
mustweed oregon hemp commission proposal passes muster blue mountain ea amp cannabis
dividend champion plans their climb tgt investing
mustweed dhs secretary john kelly marijuana is not a factor in the amp cannabis
dolly khannas latest pick is a small textile firm 7 things you should know tips bse
instant alerts on our android app for exclusive trading ideas amp plans for fx options futures amp more
buy glenmark pharmaceuticals target rs 922 siddharth bhamre tips bse
trump has activated his calls for gld and other precious metal stocks wonder why tradeideas investing
8 great warren buffett business quotes lt read nasdaq nyse startup investor
india plans stake sales worth 54 bn in seven staterun firms tips bse
been looking at ways to make some money in the long run anybody know anything about stocks or a way to make legal money money
who holds the power in todays oil market oil stockmarket investing commodities
the flipside of high yield stocks
boeing bags 22 billion navy contract @ themotleyfool ba
swing trading and active investing course april 2428 swingtrading
as of 150 pm psei 759379 down 3585 points or 047 percent pseiupdate psei
us allies weigh options after north korea's missile test cnbc trump
fifteen stocks in focus on monday 17 april 2017 economic times news
google new app launch drags just dial info edge shares down too tips bse
all time winners full listloxo sqns rdn enlc swir osb tse blue evk bcrx i ks ypf on adsk
iremit partners with omnipay inc to provide multiple currency wallets in prepaid card psei
this trading software analyzes millions of trades while you sleep to find the profitable opportunities gtgt
branded multi purpose kits in but limited for rates inbox or whatsapp at 917087579889
dr reddy's labs jumps over 3
eonsede current trading mode is sell at prediction based on automated news analytics
just turning upsidemck vod ew thc oran
start daytrading with this ai trading software that finds the most statistically profitable trades gtgt
mustweed gain the mathematical advantage in the marijuana industry amp cannabis
ual this is how long it could take for united to recover from its pr disaster stockmarket investing qqq
csiq nasdaq technical outlook week 17apr new look hot video analysis with predictive indicators gtgt
spx for the week 17 apr 2017 trading money
karosin ntek nanotech entertainment inc i understand your angle on this company but you
wintrust financial corp wtfc to release quarterly earnings on tuesday
as of 1030 am psei 761029 down 1935 points or 025 percent pseiupdate psei
indonesian trade balance 123b vs 120b forecast forex training
derivatives careers no bull investing investing 101 for financial freedom video series
nike in the garden portfolio jnj msft o t tgt nke investing
two stocks to accumulate over next six months aum all finance
nifty can shed 30 points at opening maximus securities tip india
the making of coffee can portfolio my attempt investing
market updates from @ icmcapital investors shift to safehaven assets forex
the latest the finance daily thanks to @ familysearch6 @ tcno2017 @ chavezkenney
the wall street journal alibaba unit battles for moneygram upping offer to around 12 billion
india nifty business weekly bearish engulfing in anoverbought area details
overview on zain ksa q1 2017 read more here tasi tadawul saudi
zacks brokerages anticipate life storage inc lsi to announce 127 earnings per share
equifax inc efx expected to post earnings of 141 per share
overview of the stock market each trading day stockmarket
jefferies group llc reiterates 2600 price target for horizon pharma plc hznp
trading this stock trading software analyzes millions of trades while you sleep to find the
reasons for cheer amid the stock market churn via @ ft stockmarket tradingwisdom tradingstrategies nasdaq
new trading amp advanced charting platform with high quality trading tools for forex futures traders gt
financial planning matters to all tweets via @ timothysykes
buy apollo tyres target rs 240 kunal bothra tips bse
the days financial data summary money markets investing personalfinance
all time winners full listgtna gtn cai llnw crto nxst ppsi fngn yndx trex bntc cel mt alks
take a look at @ mytradingbuddy great trading education blog with cool stuff for forex futures amp more gt
trends affecting stocks and the stock market trends
check the @ tradezer0 showcase page commission free trading amp shorts on us equities amp etfs gtgt
tribunal junks appeal against bse decision to delist firm tips bse
mustweed the martha stewart of marijuana edibles the new yorker amp cannabis
the 2836 rule how it affects your mortgage approval @ themotleyfool
jaxdawson ntek nanotech entertainment inc truly sad sorry you feel that way jax
chinese firm ups bid for us transfer service jack ma president trump must work wit
top holding update bpmc 68 in 4 months signal 121516 biotech biotechnology stockmarket trading
these 4 stock trading rules could make or lose you thousands are you following them
chinese stocks decline as concern over north korea persists bloomberg chinese
first majestic silver corp ag receives 1425 consensus pt from analysts
mustweed medical marijuana firm cann group backed by canadas aurora amp cannabis
5 things you didn't know about advanced micro devices ibm intc amd nvda urbn sftbf
should we be worried about korea or just buy abx paas taho ego history
as of 1000 am psei 761140 down 1824 points or 024 percent pseiupdate psei
china stocks head for year's biggest drop as korea risks linger bloomberg
falling aggressivelysrc vygr rdhl evgn amsc enoc jakk abtl too anf wmlp wpg xone mcf lpsn f
are you bullish or bearish on cocacola start trading ko with bitcoin 151 leverage cool gif
gartners it buy rating reaffirmed at credit suisse group ag
virtually debt free companies can anybody go bankrupt while debtfree nifty
hey traders increase your win rate amp join this options trading room by @ keeneonmarket's top team gtgt
trump's caddy the new yorker trump
countertrend signals xlb daily etf tradingsignal tradingview
biggest credit movers 14april17 market bonds futures forex
view the latest stock groups on otc watch orcreate your own group daytrader daytrading socialmedia
financial select sector spdr fund xlf sees significant decrease in short interest united kingdom
@ fxsstocksen we look forward to seeing china markets pick up translates into uptick for fine art market art
mjna michael vodicka on marijuana canadian cannabis trading amp investing amp more marijuanastocks hemp
las vegas strip's new growth driver parking fees @ themotleyfool czr mgm
just turning upsidepcty cern sfm chd fbhs coh stz iff data achc itcb cci mik clx cl hlf
eonsede outperforming by 901 last 365 days at prediction based on automated news analytics
new security framework for mobile payments soon tips bse
@ babbarmridul @ prakharsahay @ mygovindia @ pmoindia @ narendramodi @ mlkhattar @ nitingadkari make india
april 17 2017 as of 935 am psei 761892 down 1072 points or 014 percent psei opened at 761544 pseiupdate psei
just turning upside as of april 15 2017
the latest the global economic meltdown thanks to @ odekeet @ thehereafter @ investingolaf investing
why market crashes are the best time to buy mobpsychology
medidata solutions inc mdso stock rating lowered by zacks investment research
crude falls in asia on korea tension china gdp a bright spot all finance ftse 100 sampp 500 index
a complete guide to volume price analysis trading technicalanalysis spy
exhausted up trend trgp wpz pdfs dxpe eca ezpw tpl
value of rbi exposure in us bonds at year's low tips bse
lego legopirates 4195 queen ann's revenge afol legobricks collectiblelego collectibletoys toys sp500
analysts anticipate casey's general stores inc casy will post earnings of 087 per share
dollar under pressure after soft us data news economy
learn how to differentiate good buy signals from speculative by institutional traders gtgt
ssh big moves comingwallstreet money trump cash
traders meet holly the trade ideas investment discovery engine start daytrading with ai today gtgt
when truth becomes irrelevant what remains is power forex
investing stockmarket nanostockanalysis pboc sets yuan parity rate at 68785 against dollar
by day bali by evening trading and investing it's an odd schedule but it works living
news nasdaq omx globenewswire india advantage fund ltd factsheet dear sir
market indices to remain traded on the choppy note amrapali aadya trading amp investments all finance
tcs likely to report weak numbers in q4 earnings retain margin guidance tips bse
cliffs mother of all stocks seeking alpha news
monday morning cup of coffee industry trade groups tell senate how to fix financial re
slammdunk sets off major correction in banking where to next analysis on 11 by @ tradingsafely1 gt
exhausted up trend momo mbly lfl tal crcm zltq hska cort glpg prcp idxx stm elos gsit
shiny new things best of the best at new york auto show for automotive fans and indu
hot off the press accountants view is out investing
mustweed 3 marijuana stocks you can still buy without too much fear amp cannabis
week long rtsi 107190 rr 15 tp112300 sl 106120 indexes amp commodities on tradingview
rates down should fund managers charge so high tips bse
stocks in news ioc cipla nestle indian hume pipe reliance power tips bse
alliance select foods international inc improves profitability in 2016 psei
yuan depreciation has cut into chinas foreign reserves market bonds futures forex
nifty outlook corrective activities likely to continue but downside remains capped tips bse
us defense stocks easily outperform the broader market marketwatch marketwatch
in pics 5 that look favourably poised for buying calls @ milanvaishnav
just turning upsideudr nvs bfr regn shpg pinc ste infy eqr nnn omf hrb dcm chl
the latest collanews aggregator vj thanks to @ vjusagui @ vjchetta @ ioannmaria investing
are you bullish or bearish on netflix start trading nflx with bitcoin 151 leverage cool gif
zacks brokerages expect mastercard inc ma will announce quarterly sales of 264 billion
investing stockmarket nanostockanalysis blackberry fair value is closer to 10 now could be 20 lon
china's graft watchdog investigates senior inspector in drive to tackle internal rot all finance
clearwater paper corp clw raised to hold at zacks investment research
20 top investing books to read this year
credit suisse group ag analysts give illinois tool works inc itw a 13500 price target
each domain name listed is for sale forex fx broker brokers trade trading investment bank money
fwd your account requires immediate attention pm investing
fda says no to incy zts snaps up nvet mdxg on the move eurpln united kingdom denmark
are you bullish or bearish on visa start trading v with bitcoin 151 leverage cool gif
all time winners full listwb arco ttph bzun mtor salt csii meso aamc gnbc enva vsar uri wrn
in pics 5 that look favourably poised for buying calls milanvaishnav
girlsonstocks china's startups are changing and that has major global implications investing
rating the ceos of warren buffett's stocks motley fool news
stockwatch watch out for these in trade today
litechnews stocks tumble as banks industrials take broad losses optimum wallstreet
bonds are history investing in quality is the way to go today
stock trading system the momentum of now trading spy vrx espr cs uis
careers make money buying and selling gold
littelfuse inc lfus stock rating upgraded by zacks investment research
specialist equities broker on our site offers commission free orders on nyse amp nasdaq gtgt
china's economy grows 69 in first quarter of 2017 govt tips bse
swing trading simple charts public apr 16 spy vix usoil wtic gld gdx slv dxy vix more
66 of americans don't understand this crucial financial concept @ themotleyfool heretohelp
indonesia lower at close of trade idx composite index down 070
sri lankan rupee firm on foreign bank dlr sales stocks fall all finance
united financial bancorp inc ubnk set to announce quarterly earnings on tuesday
china head for year's biggest drop as korea risks linger @ business @ markets @ frostyhk
are you ready to be more start trading with bitcoin today up to 2001 leverage forex es spy qqq
roth capital reiterates 6500 price target for rsp permian inc rspp
buy hindustan petroleum corporation target rs 588 motilal oswal securities tips bse
girlsonstocks china's ant financial raises offer for moneygram to 12 bln investing
sexy beat boring bonds suggested strategy trading investing
jc penney supports our case that retail is on life support but not dead amzn cost gnc kss
3 stocks to hold for the next 50 years investing trading
buy bank of baroda target rs 185 motilal oswal securities tips bse
xlk socially trending now check out why at books
walt disney co dis short interest up 147 in march
major relief for delta corp merger plans of its key mkt daman with gujarat denied by authoritiesnifty equity equities
litechnews stocks react to trumps progrowth policies video
like us on facebook at or see our nasdaq blog at via earnings @ willemtait cash
zacks analysts expect accenture plc acn to post 151 eps
chinese industrial production 76 vs 63 forecast forex training
girlsonstocks chinas infrastructure spending is a boon to consumer businesses says yum china investing
chinese economic data beats across the board after record credit injection
buy phillips 66 investing psx caseyhoerth dividendideas saexclusive psx wlst
mustweed oroville council wants to amend rules to include all marijuana amp cannabis
trader's idea flow short snap and long okta seekingalpha trading shortsale aapl tsla
forget trump or north korea the market may just be struggling because of tax day
banking and energy will soar to multiyear new highs under president trump
high pe stocks can deliver big too tips bse
investing stockmarket nanostockanalysis trading vix update shortterm worries longterm upside
are you bullish or bearish on volkswagen start trading vow3 with bitcoin 151 leverage cool gif
3 things to watch in the stock market this week @ themotleyfool dji gspc jnj nflx axp stockmarket
finance market pullback nothing to worry about all finance united states sampp 500 index dow jones 30
promising future high pe can deliver big too read on etmarketstopstory
brokerages anticipate united technologies co utx to post 139 earnings per share
centennial resource development inc cdev rating lowered to sell at zacks investment research
investing in time inc market bonds futures forex
all time winners full listbldr ncbs cbm dcp asgn kerx pgem foe inva qiwi flow epzm trmb
key words dan rather on trump dropping bombs doesnt make one presidential
spy take away all that you know about market behavior n realize the shift occurred weeks agoit just wan't too evident invest
leadership equities how to fix your own credit in 15 30 days
are you bullish or bearish on ford start trading f with bitcoin 151 leverage cool gif
hot 2016 presidential debate it's lonely in that little naive bubble you live
take a look at our great trading education blog with cool stuff for forex futures psychology amp more gtgt
sensex trades marginally lower telecom witness selling
dollar under pressure after soft us datafor more details
how will gold fare in a negativeinterest environment trading investing
weekly markets emgmkts 29 smallcap 13 europe 11 largecap 1 oil 01 bonds 0 euro 0 more @
investor relations consulting cervitude startups business smallbiz entrepreneurship ipo wallstreet
falling aggressivelyclsd sigm ufab myok endp tphs fsm educ pfin asfi hqcl pso hk scwx fi
are you bullish or bearish on the nasdaq 100 start trading with bitcoin 201 leverage qqq nq
taiwan lower at close of trade taiwan weighted down 017
chinese retail sales 109 vs 96 forecast all finance china
ltlt my top pick for low cost stock trading education trading dji ccl len bbby
institutional technical analysis perspective on 4 otc mmj gt eaph owcp mcig hemp gtgt
get the 5 top tips for trading turbulent markets in 2017 must read for traders of forex indexes gtgt
clay death owcp owc pharmaceutical research corp this is our week it is going to be
up to expirysell relinfra apr futures @ 557562stop loss 573target 548549 tips bse
how about some biotech for growth investment fundamental analysis on omer amp ions by @ tradezer0 gtgtgt
china's lander sports scraps plans to buy stake in southampton forex training
why trump's weakdollar policy threatens stock markets tips bse
mattersight corp matr cut to sell at zacks investment research
foreign affairs chair 'shut down' banks that do business with north korea rep ed
morning agenda the hotel industry vs airbnb investing trading
pres trump gives generals more freedom to make decisions in isis fight business investing tech maga
sales economics the ultimate joint venture package
climb wall of worry all the way to alltime high
coty inc coty rating increased to hold at zacks investment research
avoid this agora financial get rich quick cannabis penny stock scheme cannabis
buzzingstock indian hume pipe rises 4 on order win worth rs 177 crore pipe
mustweed comedy camping and cannabis yes please amp cannabis
traders get 30 day free trial of swingtrading software that comes with complete training amp mentoring free
tadawullisted banking fell on sunday after news of a 4 billion lawsuit against 10 saudi firms and banks
are you bullish or bearish on microsoft start trading msft with bitcoin 151 leverage cool gif
snyderslance inc announces ceo transition and reports preliminary first quarter 2017 financial results
it was so cold today i saw a stockbroker with his hands in his own pocketsforex
usdjpy sets eye on 10800 all finance forex jpy usd united kingdom united states japan nikkei 225
1990 srna is a sleeping giant probably some of cannabis
mustweed marijuana store expected to make history in downtown talkeetna amp cannabis
taiwan fall slightly us keeps country on currency monitoring list
jtrade orrv mccusker holding corp lot of eyes coming here soon
start now for free with value investing our portfolio 40339 valueinvesting
bill gross slow credit growth means little or no gain in
hurry buynow lenovo thinkpad notebooks starting @ 35900 overstock excessinventory deal excess2sell
hog trading journal for big short swingtrade learn entry trade management amp exit strategy gtgt
are you bullish or bearish on snapchat start trading snap with bitcoin 151 leverage cool gif
the wall street journal pence warns north korea not to test trump
1 us airline never overbooks its flights @ themotleyfool ual jblu @ jetblue always my airline of choice
receive actionable markets analysis trading ideas amp plans to your inbox for forex options futures gt
fa center when it comes to retirement a dream isnt a plan most people dream about
mustweed trumps likely drugcontrol director is an antimarijuana hardl amp cannabis
press digest british business april 17 april 17 the following are the top storie
obhands pntv they are expecting final approval this week cannabis
realestate finance business credit no personal credit and no personal guarantee
scotiabank reaffirms hold rating for delek us holdings inc dk
have no fear all is wellstockmarket stocktips stockexchange unitedairlines
opening bell top cues that changed your market while you were sleeping tips bse
weekly sampp500 performance stx uri wynn phm rcl wdc dhi mu csx avgo glw shw nvda vrtx more @
get ahead when trading forex futures oil gold amp more this software page lists high quality providers
pampa energia sa pam rating increased to strongbuy at zacks investment research
it's april 17 2017 at 0200pm does anyone have any interesting financial tech stories to share
briefvanfund urban investment and development sees fy 2017 q1 net loss to be 3 mln yuan to 5 mln yuan
retweeted dukascopy news en @ fxsfinanceenretail investors cool on shortselling of shares all
what taxes will you pay in retirement @ themotleyfool
zacks analysts anticipate mcdonald's co mcd to post 132 earnings per share
betting on big topline growth in march quarter keep an eye on these @ iamrahuloberoi
traders of forex options futures check the free resource library amp download free educational ebooks
core laboratories clb to release earnings on wednesday
high pe stocks can deliver big too economic times economic times high pe stocks
tsunami bomb a rival for nuclear weapons bbc terrorism
6 ways to buy for free or very cheap investing
aldarmomentum accelerated currency technicalanalysis shares trading analysis investments
fitbit inc fit short interest update
oil down slightly in subdued trade after failed north korean missile test forex training
mustweed questions answers about north dakota and medical marijuana wa amp cannabis
cidara therapeutics inc cdtx stock rating upgraded by zacks investment research all finance united
the healthcare needs of the rural united states regarding the april 12 frontpage ar
zalando se zlndy rating increased to hold at zacks investment research
