daesh flees from rawa in iraq to together with families
us nato warcrimes dirtywar medialies regimechange resistance in in one book by @ timand2037
us report on idlib attack misinterprets evidence politically motivated professorvideousa
livingonchi fifthcolumnnews 32017 will libya become the new now that russian forces have arrived
68 children among 126 ppl killed in saturday's bomb attack on buses carrying evacuees from besieged towns
auxilia in development and women's empowerment cooperation in by fannicanelles via @ c0nvey
news iran iran is a bigger threat than and northkorea combined
bahrain backs iranarab dialog mediated by kuwait iran yemen iraq
i think if you support assad you forgo your right to call erdogan an authoritarian turkeyreferendum
200 civilians mostly girls kidnapped by tahrir alsham amid aleppo fuahkafraya evacuation deal
it's saudi arabia tunisia turkey russia and jordan yet they function in iraq and yemen
us embassy summons 3monthold over terrorism misses the funny side iran ksa
'we are being lied to'
@ unicef the shia victims were fleeing villages alqaeda rebels have besieged for 2 years many women and chi
religious war russian intervention is massive game changer
our new collection follow up for me manalajaj melano rome russia mydubai abudhabi
the airstrikes added nearly 5 billion to the value of these stocks
evacuations postponed day after blast that killed 120
potus is going to end up taking us to war simply because he takes childish delight in seeing explosions and tanks nowar northkorea
but terrorists didn't have their citizenship revoked europe uk
syrias first lady smiles her way through hubbys bloody civil war basharalassad
cabal scumbag and treasonous failure @ barackobama lied about and sarin gas what a surprise arrestobama
@ maltoozian @ partisangirl @ chiiium lovely theory that doesn't hold 'water' regime change
assad jets dropping phosphr bombs on latamine in hama suburb hamah
iran news russia says plans a meeting with us and un on in geneva agencies
out of 47 major editorials on trump's syria strikes only one opposed media more proof that the us
attack against and the region speaking up new eastern outlook
iran spends 1520 billion dollars per year to help assad regime in blacklistirgc iranoutofsyria
us vp pence warns n korea all options are on the table in dmz visit iraq ksa
trump attacks starts ww3 via @ youtube
breaking forces liberated manshiyya neighborhood in daraa after 2 months of nonstop clashes
don't get me wrong i did not comment on bus attack because i am speechless speechless after 6 years of seeing children killed
epl liverpool top west bromwich 10 iran ksa usa uk
may wrecks chance of peace with lets killer assad survive @ borisjohnson
mass evacuation in syria postponed after blast news24
@ partisangirl the donald and daughter should if anything help clean that up
explosion kills evacuees in bus convoy near aleppo via @ mailonline suicidebomber
usa syria attack comments 'vintage assad' state departmentvideousa
1000s take part in antisaudi protests in yemens sanaa iran ksa usa uk
iran beats qatar to book asian senior championships final berth iran yemen iraq
@ pscaarabspr that's speculation without foundation it merits no consideration
night was ending on a high note now this stuff really got me messed upmay allaah protect us safety is a blessing cleveland
perspectivejulian rpckeverified account @ julianroepcke 11h11 hours agothe kremlin regime used the
jimmy dore presents @ evakbartlett on
killed while trying to escape heartbreaking
the same rule wont apply on assads forces in which have gone way more brute since march 15 2011 pti af
@ msnbc unitedairlines' abuse of airlines nopassengerrights policy mttrs no attn 2
syrian army retakes strategic town from rebels near hama city rferl
what you write when you missed six years of asasd killing children in his torture chambers barrel bombing and gas
@ partisangirl beyond repair
just what is trump trying to do in
results missile attack to syria by trump more crimes by terrorists 120 people of shia die fuakefraya
client change can cause the start of uprisings revolution rebellion refugeecrisis
assad amp iran1siege amp bombardment 2 forced displacement 3 loot properties blacklistirgc iranoutofsyria
retweeted partisangirl @ partisangirlhow isreal treats christians vs how under assad treats
dozens of children dead in evacuees bombing kafraya suicidecarbombing fuaa
the latest philippine human rights monitor migrants
@ mreillysmith @ realdonaldtrump what about the babies that are getting their limbs torn off by bombs in will
presidential candidate malinda to putin and trump on syria the dead don't blink boys
@ veslozohan @ ddonfon @ chahuapa @ dancohen3000 @ raniakhalek yes they do always have
iran dont care for civilians death in they are aiding assad in the genocide blacklistirgc
heroessyria civil defence white helmets mayday rescue @ maydayrescue 18h18 hours ago if you only
raqqa isis ypg an air raid by coalition aircraft over the city of raqqa
debate deadly bus attack in syria iran ksa usa uk
assads britishborn wife asmaalassad faces calls 2b stripped ofher uk citizenship via @ telegraphnews
if you watch one thing today watch this firstresponders netflix
strike poverty not @ realdonaldtrump
did the usa bomb an unused airfield in jets shown from 50'sus strike on alshayrat airfield just for show
the team visited kamal rehabilitation house for women and children the youngest patients in this facility is 7 mon
the shocking massacre us backed rebels of kafriya and alfu'ah fknjew owned media will not show moab
sign up for our free campaign news letter @ news stories and videos from syria
disguised car bomb kills dozens in syria
prorebel sources claim rebels took over entire manshiyya neigborhood in sw of daraa city
us assessment on russia in a 'strategic blunder'
@ rubyhamad because in west russia they're only jihadists when fighting against them otherwise they are freedomfighters ingsoc
the latest top it off world news thanks to @ phpress @ wsscherk
syrian army retakes control of strategic town in hama province iran yemen iraq
death toll in bomb attack on evacuees rises to 112
this is what happened to by assad forces and irans militias iranoutofsyria blacklistirgc
mass evacuations postponed in after 126 killed
wcc condemns car bomb attack on civilians in syria @ sightmagazine wcc
russia says plans a meeting with us and un on in geneva agencies via @ reuters
rescue operations continue in sri lanka dump collapse iran yemen iraq
people fleeing besieged cities in were killed when their bus convoy was blown up buzzfeed news
iran has committed 70000 frontline troops to slaughter syrian civilians blacklistirgc iranoutofsyria
@ time me amp theresistance right now after reading womenshealth women trumprussia trumprussiainvestigation
iran cannot be part of the solution the irgc is part of the problem in blacklistirgc iranoutofsyria
uniteblue i was a dem till hope and change turned into thousands of war crimes yemen maddow revolution
@ clemire3 ccot is trumps national security team trustworthy maga politics
pence era of strategic patience with northkorea has ended warns of us resolve shown in afghan strike
mass evacuation in postponed after blast kills 80 children
russian mp balks at boris johnson's invite to fight terror in syria together via @ sputnikint terrorism
steve bannon vs jared kushner iran yemen iraq
uniteblue i'm not a russiantroll i was a democrat till obama dropped 100000 bombs in 7 countries yemen
syrian army targeting al qaeda militants in souran and tell bizam northern hama
@ julianassange hi julian thanks for your sympathy with the people despite your horrible personal situation best wishes
@ jobouk jesus was crucified once again this easter but few noticed fuakefraya
22 trumprebels tell why trump the fakechristian encouraged jihadists to attack women and children on bus
banging the drums of war ahram weekly russia usa trump assad putin waronterrorism
@ decades20161 @ partisangirl no she can't that'd be against national security
popefrancis at easter mass attack 'ignoble' iranoutofsyria iran
no more western interventionlibya iraq palestine yemencdnpoli uspoli ukpoli auspol nzpol
putting a human face to suffering in weva bartlett usmilitary falseflag gasattack regimechange israel
the latest the anna smithchasseuil daily thanks to @ markorusso69 @ kimvie @ wolfinthewilds gpusa
got it good war @ antiwarcom warmachine militaryindustrialcomplex middleeast iran iraq afganistan
deathtoll from suicidebombing in aleppo on sat is now 126 ppl bombingsyria trumpdistraction
what's happening in abd how media covers it is truly the best example of worthy and unworthy victims the
breaking northkorea is @ potus bayofpigs the deepstate will get northkorea if they can't get remember the future danger
multiple airstrikes on daraa city as progov forces try to push back rebels in the mansheya neighborhood
how'd that work out for ya worldwar3 northkorea moab remember rememberwaco
iran news us russia says plans a meeting with us and un on in geneva agencies
us security adviser time to talk 'tough' with russia over rferl
sustainable clean heating system with abu yaseen he is not an engineer assad is the world's biggest poll
don't pay attention to media coverage of the tech being used in today's wars will be secret for 20 yrs wiki internet
perspectivejulian rpckeverified account @ julianroepcke 11h11 hours agoalso kafrzita and
the main reason for igniting war in iraq yemen amp its continuation is the irgc iran blacklistirgc
iran must be expelled from so blacklistirgc irgc iranoutofsyria blacklistirgc
france to tighten security on election day iran yemen iraq
story of iran's revolutionnary guards irgc blacklistirgc iran iranoutofsyria
iran's crimes in is part of bigger plan to take over the middle east blacklistirgc
what happens in is way to complex dealing with russia and us new administration and the rest of the world watching
mass evacuation in to proceed after deadly blast
a deadly bomb attack on a crowded bus convoy outside aleppo in the deadliest such incident in in almost a y
must watch video war and how us intervention empowered alqaeda
iran send bil of in weapons amp millions troops into to prop up innocent blood blacklistirgc
rebels lured children with potato chips when many gathered they blew them to pieces fuahkafrayamassacre
woman held after encounter in lahore went to for training
pence puts northkorea on notice not to test us resolve citing strike
@ jamelaaisha one would have a heart of stone not to be outraged and horrified one would have to be not human if
trump isn't sure what to do next on syria congress has some ideas washington post
iran must be expelled from so blacklistirgc irgc iranoutofsyria
raqqa isis ypg a second air raid on the city of raqqa
@ mmflint fuck uu backed regime change in with hillary amp soros amp were upset trumpdidn't kill any
obama funding rebels costing displacment of millions death amp the destruction of syria isis
just prove msm is not abt truth but abt propaganda
dozens of children dead in bombing
video daraathe free syrian army's multiple enemies in daraa amp the regime's coordination with daesh
humanitarian bulletin of the russian centre for reconciliation in the syrian arab republic april 16 2017
bana nayirah what's the difference
poc pod 5 is out we talk gorsuch the nuclear option and trumprussia and much more
rouhani blatantly attributes mass killing of innocent ppl of khan sheikhoun blacklistirgc iranoutofsyria
within last 24 hours @ modrussia has held 7 humanitarian events in 3373 syrian citizens have received
the irgc will never stop spreading their terror unless they are evicted from blacklistirgc iran
those poor children aren't naked enough to attract the attention of pedophiles in washington dc
i like my tax dollars to go to terrorist groups that blow up and behead children intentionally
is out ff @ abbiefs @ malcolmite @ arabthomness
egypt france italy russia says plans a meeting with us and un on in geneva agencies
iran the only gov with russia condemming usa airstrike on shayrat airbase blacklistirgc
soldiers wrote in army's bulletthe war is for menfuahkafrayamassacre isis
these syrians were finally being evacuated to safety when the car bomb went off la times
dennis kucinich questions white houses gasattack narrative audio and video from @ truthdig @ jimmydore
news iran russia says plans a meeting with us and un on in geneva agencies
in iraq amp elsewhere unesco is coleading efforts to tackle antiquities trafficking by extremist groups
via @ scdaleppo aleppo a woman and her two children were wounded by airstrike on sumaria village overnight
it is so clear assad without the supports iran cannot ruling blacklistirgc iranoutofsyria
regime forces captured tall bzam in north of suran town opposition factions lost all areas gained
horrific onslaught on aramaic christian community at hands of western backed moderate terrorists easter
christians will always be in declared archbishop selwanor boutros alnemeh goodfriday
happy independence day
attack on syrian airbase warns aggressors that days of appeasement r over blacklistirgc iranoutofsyria
in damascus water cuts crumbling sewage systems pose serious health risks via @ unicef wash publichealth
where are claimants of human rights in via @ whatsupic
lib dems argue for stripping dual citizen asma alassad of british citizenship assadmustgo
has any major media taken the time to present to its audience the character of the war the assad regime and putin
for all the lost human bombattack childrenofsyria
the first casualty of war is the truth
poor people they were killed just in were running away from the wari am cryingwhy the world doesn't help alabedbanaap15th
stop the killing call on the un to investigate and prosecute those responsible for war crimes in act now gt
@ murtazageonews also does assad against he goes to the extend of using chemical weapons any word @ natsecjeff
exobama officials start to admit spinelessobama 'left a more dangerous world' isis nkorea iran
in the irgc wants to keep assad in powerblacklistirgc
@ alexfeduk @ landdestroyer gives them a 389 batting average and where the f did the other 36 land
killing innocents in is result of iranian support for the syrian regime blacklistirgc iranoutofsyria
@ drmz13 @ austintice @ freeaustintice mt @ drmz13 1680 days since @ austintice's last tweet please pray for him t
retweeted partisangirl @ partisangirl rebels explains why they attacked buses full of evacuating
here the original cia us armed and backed moderate afghanistan rebel same story just name place changed
sad to see all the human crisis around the worldwhere is the so called unitednations
saddest part of the war is how many people's opinions oninterest in events depends solely upon their religious denomination
trump isnt sure what to do next on congress has some ideas
trump's missile strike on syria was illegal under us int'l law law professorvideotrump
the latest the friends 4 daily thanks to @ bushmillsvassar jerusalem
america keeps bombing amp afghanistanisrael is still oppressing the palestinian peoplebut guess who's the bad guyerdogan
night fifty of dprk and operations has begun with encouraging communications with regional parties on the korean peninsula
boycott al qaeda news @ cnn we don't want your proterror propaganda flooding msm
@ ap @ vp wud u pls also visit nkorea missile tst failedampnobody killeddie yet r being killeddisplace evry day vpvisitsyria
one week left french election 'too close to call' iran ksa usa uk
irusa's creative director speak on was the year i joined irusaread the full blog on relieflab
facebook removes 30000 promarinelepen accounts but isis accounts nah leave them alone trump
tahrir alsham hts claims intense russian airstrikes in khan sheikhoun terrormonitor
@ drmz13 mt @ drmz13 freeaustinticefreealiothmanfreebasselfreerazanfreeahmedfreefatherpaolo
us seeking to rule the world by addiction to war military spending iran ksa
iran using parts of as base from where it spreads terrorism in the me blacklistirgc iranoutofsyriapictwittercomeugav2brw6
@ lovelotzlhendz3 @ rtcom no al the chemical weapon from the rebel iraq falseflag foua kafraya aleppo
pence warns northkorea of us resolve shown in afghanistan strikes @ juminism
war 'at least 68 children among 126 killed' in bus bombing explosion targeted buses carrying evacuees from besieged syrian towns
national security council report fails to evidence justification for us bombing of
nba playoffs cavaliers edge past pacers 109108 iran ksa usa uk
@ karennrcs @ karennrcs car explosion near busses of civilians evacuated from shia towns fua and kefarya towards aleppo
war and crisis in will contine as long as the iranian regime is not evicted from blacklistirgc
there are some odd opinions about
@ firstmuslim greedy israel steals palestinian land amp now wants to steal land amp oiluk amp trump puts
iran is dumping petrol on flames to expand their terrorism expel them from blacklistirgc
join us at our monthly meeting tomorrow night full agenda incl amnestyagm turkey withrefugees iwelcome refugees humanrights
presence and extensive casualties of iranian irgc in blacklistirgc
obese indian baby has doctors perplexed iran ksa usa uk
children 'lured with crisps' in syria by suicide bomber children lured crisps suicide bomber
how putin will win in he has already put the us to shame
@ michaelhallida4 make him ambassador to
@ maajidnawaz @ lbc 22so should i amp thousands of other brits who disbelieve us lies also be arrestedbbcworld russia
angry syrian army speeds up preparations for west aleppo offensive
unicef urges support for syrian children unicef anthonylake
offering free food for starving children so that they could be killed by a suicide bomber is beyond despicable
the mothers of the martyrs are cooking meals for saa on the occasion of the independenceday saasalute
retweeted fort russ news @ fortrussnewsfort russ moscow rejects repetition of iraqi scenario in
who will talk about irans war crimes in blacklistirgc
@ matthewjdonovan @ ryanduff11 @ tulsigabbard it's not you're swallowing amp repeating propaganda independt journalist
iran brutalizing aleppo executing most atrocious war crimes in blacklistirgc
condolences to the striken innocent people of allah curse on the alqaeda and its associated allies downwithus downwithwahabism
a convoy of families who'd already known so much suffering now the survivors must bear a new terrible loss
our new collection follow up for me manalajaj melano rome russia mydubai abudhabi romaksausa
us missile attack on crossed all red lines
the latest the egyptian revolution daily thanks to @ dan4liberty @ lindafmanuel @ humanguardians egypt
iran spend billions in war to propup assad blacklisturgc
intricate incense burner from late c13th
@ awakealert greedy israel steals palestinian land amp now wants to steal land amp oiluk amp trump put
vikram maurya wishes a very happy 71st independence day to all the people of long live syria god bles
speaking of government using chemical agents on its own people @ presssec maga hypocrisy
@ pontifex condemns deadly attack on bus convoy
erdogan says resumption of death penalty could be up for referendum next turkey eu nato
documented evidence of assad war crimes undeniable amp includes police photos of 6k people executed by gov
us vice president pence puts nkorea on notice cites strike
has never had a civilwar it has only been named that by the us warmongers
turkey yemen russia says plans a meeting with us and un on in geneva agencies
when the time peaks at its darkest moments thats when the light occurs egypt yemen somalia afghanistan pakistan islam musa
army retakes strategic town from rebels near hama city
sen john mccain meets with iranian dissidents relocated to albania usa
turkeyreferendum result is it good or bad for kurds in the long runturkey twitterkurds sdf ypg ypj pkk kurdistan
the massive elephant in the room update on 911 afghanistan iraq libya deepstate neocons pnac
iran in the irgc are present in assads shayrat airfield blacklistirgc
@ shipman96 fact is this the us is far more a danger to the world the regardless of the regime
@ sandlogger @ freemediahub assad proxies bombing shelling beseiging destroying russia supplier
us security adviser time to talk 'tough' with russia over
@ militarymaps @ melisaraimmo @ docpakistan @ sayedridha @ watanisy @ mig29 @ politemaps @ gjoene battle for
's civil war russia bombing the hell out of the radical islamists
video saandf amp allies secured souran hama
secretary @ benjarlath of ukinusa british embassy retweets the lies and propaganda of @ samsusa
homs regime airstrikes kill 1 wound 10 in houla region
russian officer says isis amp alnusrah launched a mass offense against as @ realdonaldtrump delivered usa airstrike coincidence
erdogan follows slim referendum win with warnings to opponents @ bpolitics twitterkurds religiousminorities
when aq groups in come off sounding like human rights monitors
proven northkorea cant get it up and putin cant shoot any down
donaldtrump uk stranglely quiet as terrorist outrage leaves 68 kids dead oh yes they support islamist rebel scum against assad
disgusting terroristloving @ cnn supporting the imperialist war on
the child asked what is the mission of unthe father replied turning homes to tents @ cnni @ un
us missile strikes on by dollars of saudi arabia
9 things the media refuses to tell you about bombing watch
turkey syria marine le pen your monday briefing new york times
death by chemical weapons idlib @
perspectivejulian rpckeverified account @ julianroepcke 17h17 hours agofootage from inside lataminah
there was no revolution or rebels or fighting in when assad regime committed these despicable crimes against
trumps america wowie if we are the laughing stock and the bombing on both amp afghanistan were to appease
unbearable thoughts on horrendous attack against children in haunting
@ behzadmoezi fsa news video recap what is russia doing in
ironic how the us condemns the attacks of terrorists yet supports and funds them through the rebels
my thoughts on and trump alqaeda centralintelligenceagency
i hate weekend nights with no @ cnn or @ msnbc news it's not like news only happens on weekday nights russiagate northkorea
so us is supporting these moderate rebels while fighting isis and fighting assad who are all fighting each other w
jailed fatah leader urges solidarity with hunger striking palestine prisoners iran
the middle east dealing with a heartless world middleeast
hamideh abbasali 1st iranian female to win world karate championships medal iran
the facts behind iran's involvement in blacklistirgc
syrian civil war map live map of the syrian civil war
'sixtyeight children among dead' of suicide bombing attack in
pence era of strategic patience with northkorea has ended warns of us resolve shown in afghan strikes
bus bombing conducted by terrorists not syrian government no red lines by
