'mazegenerator' by razimantv generate mazes of different shapes dev programming cpp
the latest talk confidence daily thanks to @ missvertonghen @ moniquehohnberg confidence
the latest the rasahi daily lumia edition thanks to @ asifhus47167893 @ masklayer gadget
how to debug an opengl compute shader internet question howto
examining people's pre tech startup careers via @ hellometric startups
it was all fun and games when you heard that nokia is back but you didn't factor in this mobile
android how to send sms with particular sim in dual sim mobiles internet question howto
parallel processing in r with h2o internet question howto
changing the destination ip address in the http request header using python internet question howto
a latino is called to help the techsun rise in arizona v nnovate
tvos 11 to bring multiuser support pictureinpicture to appletv applenews tvos
intel's crybaby lebron is here to fake cry his way through the nba playoffs v nnovate
this company's top executive was paid a whopping 40 million last year mobile startups news haber mobil
mark create flowcharts amp diagrams in seconds powered by ai
don't pay attention to media coverage of syria the being used in today's wars will be secret for 20 yrs wiki internet
htc u ultra review what went wrong
spring camp 2017 springcamp2017 springcamp camp code design program
jacqueline fernandez puts her money in juice making startup news
how to create single tar file with multiple tar file internet question howto
why major artists like ludacris and dj jazzy jeff are going indie on distribution v nnovate
suddenly everyone is obsessed with robots via @ themoneygame ai machinelearning money
grails 223 dependency issue not resolving internet question howto
laravel login screen if not logged in errornbh internet question howto
hunting for mexicos mass graves with machine learning
win batch scripting extract substring from string internet question howto
a bit of tcp review this afternoon ccnp route study networking
china firstquarter gdp grows faster than expected 69 percent steel output hits record reuters v
obama apple seek tech detente at cybersecurity summit national travel finance
stephen curry gives up iphone for chinese competitor news aws start
how one man built his own iphone out of spare parts bgr vrai777 v mobile
the latest the digidaily news thanks to @ jcsouffront @ charleshtweet @ redlineminds ux
apple will begin replacing fourth generation ipads brought in for service with an ipad air 2
the latest the semiconductor amp daily thanks to @ swarmiq crispr intelfreed
do with a real a 5 pencil what you do with 100 pencil with ilapis and much more
how edge computing and serverless deliver scalable machine learning services business
alibabas ant financial may have won the bidding war for moneygram after upping its offer to 12b
aaa is planning for a future where we dont own carsstarting with a carshare
meet siliconvalley's food chief devouring freemarket farmtotable goodies amp talent to serve the gods @ ozy
our new logo keen on your feedback drtechlove gadgets gadget instagadget smarttech
i supported the end of low battery on @ thunderclapit @ fitcaze iphones kickstarter
patent troll with an internet drink mixer and a nonexistent office could be in trouble gadget
robophobia is real heres how scientists are working to make people more comfortable with robots
how you can install windows 10 in your computer without having a microsoft account
big fuel savings from autonomous vehicles business
solar works lock haven express hgi solar
htc u ocean flagship leaked looks similar to the u ultra nametechname mobile
@ nasscom @ nasscomstartups sggsccatalyst 20 is here startups apply at fintech sggsc
@ uaeiic amp uaeindia business council sign agreement to facilitate trade amp investment inc collaboration
toddlers who use touchscreens sleep less study says
these robots could help nasa find alien life nasa
heard of @ hiredhq each week 3000 companies make dev software design job offers check them out
kid's model of martian mini farm wins startrek competition innovation future vc
how to save data from spinner to firebase internet question howto
context issue in recyclerview internet question howto
ue wonderboom bluetooth speaker giveaway @ realsoundguys giveaway
summer camp 2016 summercamp2016 summercamp camp code design program
arch by andrew baygulov dribbble design webdesign ux ui graphic digital
@ vrhuman @ oculusmedium doesn't matter how 'cool' the @ oculus is until @ facebook rescinds their fascist 're
what is the difference between linq and ef syntax internet question howto
move code from cdont to cdosys internet question howto
gadgetjakcom smart ring r3 hot sale in mobile phone touch panel as h
the latest the bao tran daily thanks to @ iamtokool @ atf13atf @ mdrashelhossei1
more than 8 million people in the us have mental health problems yes and it starts at the top
stephen curry gives up iphone for chinese competitor cnet
public cloud services easily scale to meet your rapidly changing computing demands it
@ cnet strong effort by @ nintendo to get ahead in the consolewarslet's hope they can walkthewalk gaming sonyvsmicrosoftvsnintendo
star wars celebration is over but these costumes will live forever cosplayers cosplay
how to redirect site to https and http using htaccess for specific file and folder internet question how
how can i register a username in firebase internet question howto
is there potential for xss when interpreting json strings to javascript objects in browsers internet que
galaxy s8 iphone 7 plus google pixel oneplus 3t speeds tested cars
pcgamer @ dnrcrew @ nightrts corsair m65 pro rgb optical gaming mouse is on sale for 40
posted by @ growthhackers growthhacking digital the 7 best podcast promotion strategies and how to use
art and music looks like nothing will be spared in the coming ai revolution machinelearning creativity
cryptocurrency explainer everything you need to know bitcoin
'fuzzbunch' by fuzzbunch nsa finest tool dev programming python
finnish museum commits to playing a 1000 year long gif to the bitter end credit @ thenextweb gif history
the rock transforms into pikachu for easter and it's a lot harder than it looks
have fun with us this summer with various tech classes summercamp camp code design program
want to work at loma linda university health system we're hiring in lomalinda ca click for details iot
error while looking for tld file for internet question ho
check if all textboxes have values internet question howto
why is object not defined internet question howto
know if remote notification has been expanded to see actions ios 10 internet question howto
android recyclerview gridview item not showing properly internet question howto
android thread created by syncadapter internet question howto
posted by @ growthhackers growthhacking digital check out our ama with arun mani thearunmani managing
nodejs using passport is it albe to customize the temporary value which saved by serialize function in
the changing fintech landscape in asiapacific and its security implications infosec cybersecurity news
mixed reality mr will be most important of 2017 via @ thenextweb
beautiful soup can't find the first tag xml internet question howto
aspnet core controller is refreshed in every http request from javascript internet question howto
json data blinking on refresh function to avoid drawing new data every time internet question howto
a chip revolution will bring better vr sooner than you think vr
turkey's electoral board confirms erdogan's victory in contested referendum finance
how to find cybersecurity vulnerabilities across your environment security cybersec innovation
giant robot duel is a go fight begins august future
augmentedreality glasses apple's plan to kill the iphone the australian vrai777 v mobile
the latest normoe the backyard guy news thanks to @ socialinchicago @ rasward2 @ mutasaamun marketing
heres what the hackintosh community wants in the new modular mac pro
daily wif hot girls get water ballooned prank wars hiphop music interviews extremesports cars
letter 'l''l' suffixed to a number for 'long' type internet question howto
omg now i hate snapchat the truth is written in this article like the bible believe it feedly
setting cookie for custom tile urls in google maps android sdk internet question howto
news summary walmart launches new startup incubator as e commerce war with amazon heats up
star wars celebration is over but these costumes will live forever
amazing robot little fact bring on the a i science bigdata mobile innovation awesome startups
techgt facebook livefacebook issues statement after murder suspect gt
what happened if provisioning profiles are deleted of live app internet question howto
an introduction to zabbix opensource
posted by @ growthhackers growthhacking digital chris pool moot on 4chan explains why canvas shut down
berlin startup offers a year with no money worries news
world help improve the open street map data for your area with the streetcomplete app education entrepren
we are in tamale researching educational standards for a project supported by @ indigotrust radio podcast
police suspect kills elderly victim on facebook live manhunt continues cbs news v nnovate
ranked the 13 most popular netflix original shows
moto c moto c plus and moto z2 force leaked in videos report india
india's attempt to go cashless is turning food vouchers digital mobile
my passport ssd western digital announced new ssd line techhgeeks
techinsider a chinese mall built a massive slide so you don't have to use escalators
marvel rules the universe
how to get count of listview elements internet question howto
check out here top 10 bigdata webdev mobileapp blogs thanks to @ stevefritz
update how edge computing and serverless deliver scalable machine learning services
2017 hyundai xcent facelift vs 2014 hyundai xcent old vs new indian autos blog blog in india
wordpress curl error 77 error setting certificate verify locations internet question howto
what is 5g and why should you care
function in ajax done is undefined internet question howto
3novices new plant species found in eastern ghats april 17 2017 at 0755am news hyderabad onlinemedia
use addkeylistener in a class to listen keys from another class internet question howto
era of the intelligent insurer is here technology vision 2017 accenture insurance blog
startup uses biometrics to tailor music for good nights sleep
your entrepreneur questions answered entrepreneur success
what are the positive sides of microsoft support 18503666203
a chip revolution will bring better vr sooner than you think via @ wired vr ai iot digital
posted by @ growthhackers growthhacking digital the complete guide to facebook ad types
smart bandages will use 5g data to track your health
the influential @ melindagates has a new mission more women in please genderequality womeninstem
is china really abandoning north korea v nnovate
brief ant financial raises bid for moneygram to 12b the deal may still fail asia
wearable or microchip implants what's your take for the future
oppo r11 image leak shows dual 16mp rear cameras teknogadyet oppo
php date extension configm4 not found internet question howto
maninayton on why it is a bad idea to blow up a satellite part 3 in the space debris trilogy check it out
how to track a c struct member in the xcode debugger to see when it becomes nan internet question howto
why is homography needed in object recognition problems internet question howto
is c broken with rounding statements internet question howto
why mobile first may already be outdated mobile webdev
opening a basic math input control internet question howto
the latest the globe daily thanks to @ marconovanta @ djbalinha cabelos
slack grew mostly by word of mouth which is unusual for corporate software startup sf siliconvalley
what do investors care more about startups bigdata cloud defstar5 vc
how to insert digits between two consecutive digits of a number in java internet question howto
last week in tech ubers version of hell and flipkarts us14 billion funding china business
how the people of the future will view the robots of today mobile
should companies outsource analytics bigdata
how to know either binary digit is one or zero when a number is in decimal c internet question howto
this robotic fish is destined for underwater exploration and tcnn futuretech
@ bettshow inspire creativity w the right teamsstudy groups using ai lrnchat
potus obama joins twitter business insider travel entertainment finance
i need a good video editing laptop that isn't made by appleany suggestions would be kindly appreciatedfilmmaking
phone is locked then notification sound is not created in android phone internet question howto
why does npm shrinkwrap replace a version designation with a url for the from field internet question h
find most favorite products from a large table on sql server internet question howto
india's attempt to go cashless is turning food vouchers digital via
posted by @ growthhackers growthhacking digital 4 reasons to replace your lead forms with messaging and
@ mellowboards are you guys considering an indian kickstart with your product startup business
vp pence speaking near the dmz delivers strong message to northkorea business stocks investing china
posted by @ thenextweb web digital earn serious project management stripes with certification to match
microsoft starts blocking updates for windows 7 and 81 on new cpus jbklutse social news australia ghana
a latino is called to help the techsun rise in arizona news
life church introduces vr bible study in youversion app vr clippings bibleapp
python 'pip' has no attribute 'main' internet question howto
new social news facebook issues statement after murder suspect shares video of shooting in cleveland
wozniak apple google and facebook will be bigger in 2075 android ios windows
perl read file from specified line thru the end internet question howto
there was a weird thing in last night's japanese nintendo direct gadget
a latino is called to help the techsun rise in arizona business
solar storms are doing something weird to our atmosphere
how to convert an mvc 4 project into aws lambda function internet question howto
how to use plain password as login with oauth internet question howto
the latest future of jobs thanks to @ stevebursley @ miningtoday @ thejoker41201 ai
facebook livestreams a murder and must now face itself geek
hired the art of algorithms how automation is affecting creativity innovation
how to send temporary photos videos on instagram which get deleted automatically business entrepreneur
best messaging app wechat why it's cool apps london resources wechat
5 innovative tools for meetings and events
winter camp 2016 wintercamp2016 wintercamp camp code design program
posted by @ thenextweb web digital ubereats is entering india's crowded food delivery market this quarte
top reasons why every business needs a blog jbklutse social news australia ghana
android app automatically downgrade version internet question howto
ant financial hikes moneygram offer by 36 percent to outbid euronet
sqlplus store select query variable and reuse the variable again internet question howto
is unicorn the same in every language these nonus cos are valued at 1b or more
tech we're using the apps that make keeping up with soccer easier news
swift return value in setter internet question howto
soundprospect news for pros is out stories via @ jaineshshah84 @ deeeelo @ drtechnologi social
announcing the united states of innovation 2017
women in nyc tech carol barash of story2 via @ alleywatch andthecity
ggplot2 coordtrans keeping scales the same internet question howto
how is the following unix command interpreted internet question howto
htc u with snapdragon 835 touchsensitive frame surfaces in first image
superhero showdown where does the marvel versus dc debate stand right now
what is techbody balance finding a healthy balance between amp the physical world
43 million was found in a nigerian apartment and everyone made the same joke corruption
cog breaking out see some indepth analysis on heaven
javascriptangularjshtml how to call ngsubmit from javascript from another program internet question h
microsoft azure vs amazon aws comparison between two cloud computing giants know here startups
the latest science policy monitor thanks to @ veraguseva20171 @ reparopconline @ katieschwartz
add permanent shaded rectangle with select box corners in plotly r internet question howto
the latest iosdev news by @ alexamovil thanks to @ dagostin @ iosacademie @ invasivecode iosdev
fitness wearable often has high margin error fitbit garmin jawbone 4x
@ karkinosbc i agree i believe the solution lies in maturing morally as a society as there will probably never be
how to save dlib object detection chips properly internet question howto
big data machine learning and internet of things ai iot
how to change dynamically adding element text using id internet question howto
the 13 things we learned from this years star wars celebration news
ashe by kane young dribbble design webdesign ux ui graphic digital visual
what are the disadvantages of restful web services over soap web services internet question howto
as we change the world in turn with tech the world then changes us an evolving cycle science bigdata
emulate the golden age of the macintosh thanks to the internet archive retro
the entrepreneur's road to the diamond mine v nnovate
giveaway enter to win a trip to disrupt ny2017 tcdisrupt tc news smm startup
how to check if something is available in one collection before inserting into another collection in mongo
via horse at fukushima daiichi hidden crisis radiocative jan 2017 leak security
do the pros of containerisation outweigh their cons cloudcomputing it
jmeter json path extractor conditional selection internet question howto
posted by @ growthhackers growthhacking digital how to build a high performing growth team
43 million was found in a nigerian apartment and everyone made the same joke bet
just imagine the ski chalet of the future futurepredictions
gotenna series b fuels vision to make gadgets ces2017 innovation electronics
brand marketing in the marvel universe
css not being applied to print internet question howto
the mobile edge is out augmentedreality ar stories via @ vrodomagazin @ theappygamer @ comunemortale mobile
need explanation for json parsing in swift code internet question howto
facebook livestreams a murder and must now face itself
robot being trained to shoot guns is not a terminator insists russian deputy prime minister
show log file in browser without making a copy of the file duplicate internet question howto
htmltableextract doesn't work internet question howto
they can be a layer of protection or a hacker's way in cia computers hackers data
ai programs exhibit racial and gender biases research reveals
can an iphone survive a 100foot fall in a chocolate bunny cnet
successful people building each other they motivate inspire and push each other marketing teamwork
iot and business @ nqminds is laying the foundation for a truly smartcity vid
up to 11601 off on the iphone 7 amp 7plus techhgeeks apple flipkart
trump tweetrages at marchers demanding tax returns news aws startup
3 generations of iot in 2017 wearables data fintech ai cybersecurity bigdata innovation datascience
wanna help out with @ bsidesaustin 2017 become a volunteer today infosec atx fun
merge commit in detached state internet question howto
click functions requiring more than one click sometimes animate cc internet question howto
how to append the length after found 0 internet question howto
machinelearning in finance 4 ways cfos can unlock valuefintech ai bigdata strategy digital ml
wearable looks very different in 2017 sxsw sxsw2017 bestofsxsw
google hire could lay bare your entire search history for employers via rtechnology new trends
7 tricks to free up space on your iphone cnet vrai777 v mobile
volley easy fast networking for androidandroiddev gamedev indiedev programming devs blog
from more productive slack habits to nailing job interviews this weeks top leadership stories
the latest the burning bush bugle thanks to @ globalcitizenln @ soccermom1517 @ thehopsbride p2
get substring everything before and after certain characters internet question howto
microsoft confirms just a handful of windows phones will get windows 10 creators update
cto @ amitbens talks context in bots via @ customerthink article @ bobthompson ai cx engaging customers w
the latest nababan news thanks to @ plongarussia @ sokratisg intel
thats a lot of cell phones plenty of room for your new technologygo get em science mobile
gamer memes on harlem shake is back buy now while you still gamer gaming
ubereats is entering indias crowded food delivery market this quarter
can we count the number of code review comments in gerrit internet question howto
codriver chris keeps your phone out of your hands in the car roadshow smartphone crowdfunding
startup medcon onlinefor medical videoconferencing or telemedicine consulting medtech medicine health marketing branding
video how to split equity among cofounders asia
top from cloud experts neil mills on twitter rt amp like this tweet amp em see more
custom remote valdaition without mvc reference in datamodel class internet question howto
the latest the bill stehr daily blockchain
how to make random algorithm more efficient internet question howto
practical internet of things security 2016 iot iot
australia next mining boom in australia will be driven by tech metals for renewable energy and technologies
php how to open word in browser like pdf internet question howto
updatehow to bypass icloud activation lock on iphone in ios 10
the latest one minute into the future thanks to @ aakashshaw12 @ thomasnhale @ iamstartacus disruptive
australia these five trends are shaping technology development in australia
21 travel apps that can make your journeys easier and more fun via @ wanderingeds travel
@ eduardbulai edward appreciate the follow looks like i can learn from your quality posts thanks for sharing iot
verge jeep says the grand cherokee trackhawk is the fastest suv ever
using angular 2 focus on next input field with enter key press internet question howto
in time for tomorrow it's what we need to implement after the long weekend ase motivation eastermonday
i have not used these in a while @ apple
php string not getting concatenate internet question howto
facebook issues statement after murder suspect shares video of shooting in cleveland
clear colorless coffee promises not to stain your teeth
how tester can verify both register and login user are same without having database access internet quest
@ twitter @ support i been thinking any plans for an edit option on these tweets wishlist tweetsmarter
how can i get my div the same height as my previous div sibling internet question howto
mt4 alpha 32bit bitmap object internet question howto
outstanding deal on this 128gb sandisk microsd card for your nintendoswitch gaming bargain nintendo
ants mastered sustainable agriculture 30 million years ago tcnn futuretech
alibabas ant financial may have won the bidding war for moneygram after upping its offer to 12b pakistan
news latest the people folder in google photos is missing for
australia australias central bank is studying blockchain technology
how ai can change locks in cybersecurity ai ml startup startups infosec security news blockchain
vr communication startup raises 139 million usd in series a ar @ plutovr
10 worldrenowned entrepreneurs reveal their business secrets startup smallbiz
managing data with realm and firebase internet question howto
graphene sees more light with silicon carbide substrate tcnn futuretech hightech
the latest the rapplabs daily thanks to @ andrewmilne @ russellmarsh @ virorum wiredclassic
embrace the benefits of container
the latest the breakfast 20 daily thanks to @ nancyduarte @ tolsen blockchain
particularly true for entrepreneur startup life newbeginnings
factors triggering the shift to chatbots read bot ai
how augmented reality is already improving worker performance ar
install serf 139138121 on suse is failing with same error pointer to incomplete type internet
can you recommend anyone for this job in munich mobilesecurity comptia servers hiring
top cloud and games microsoft power bi embedded see more
unable to create new remote session appium internet question howto
how to change less property by using different param internet question howto
ls industrial systems to build 39mw solar plant with 14mwh battery
jenkins plugin how to create multiple pages for displaying report internet question howto
fft on accelerometer data spike at 0 internet question howto
startups how early stage startups can compete with giants in attracting talent by @ scedeio
querying previously cached resources internet question howto
astronomy picture of the day 20170416 scifi science space
resident evil 7 for free lt3 it works great dretrogaming horrorgames ebay
poor indians bring snapchat to its knees rating down to 1 star on the app store peoplepower
update what does the far side of the moon look like seoexpert
uwp how can i attach an image to an inkcanvas internet question howto
posted by @ growthhackers growthhacking digital how to lower your customer acquisition cost and grow roi
trump's 'aggressive' tweets are 'trouble' says north korea news aws
nsa exploits reveal the world of 1984 is here
ibbi plans fasttracking resolution for startups news
microsoft patches windows vulnerabilities exposed in latest shadow brokers release cloud
this nyc startup just raised 12m to liberate you from automatic payments via @ alleywatch email
clear colorless coffee promises not to stain your teeth news smallbiz
common challenges facing https and ssl people are not really talking about
australia qut creative enterprise australia launches australias first creative tech accelerator
call fullcalendar by passing date from another website page odoo v10 internet question howto
obviously follow tips my issue us interests have previously hacked apple per reportstips aside
parenting 101 driving apps empower teensgive parents peace of mind @ wbirnews family safety @ life360
is everything fintechfinserv finlit blockchain bitcoin banking bank financial
rubymine can't load file projects after running git clean internet question howto
edible crispr could replace antibiotics
joining the fight against climate change would help this industry thrive future futurism ai
up to 11601 off on the iphone 7 amp 7plus via @ techhgeeks
dodowip by joshua gille dribbble design webdesign ux ui graphic digital
c11 does decltype12 declare an xvalue or a prvalue internet question howto
this momproof notebook has a fingerprint sensor on the side the verge momnews moms notebooks
how colourpop is putting a new face on the online cosmetics business
xbox has sony ps4 pro just poached xbox scorpio's quantum break 2 sequel daily star daily star has sony
how to have happy employees without increasing the bottom line biz startups
refugees to learn coding amp be part of workforce remotely digitalnxt
artificial intelligence ai means the end of privacy as we know it future science
how can i use find to find documents in db for logged in user internet question howto
robert taylor internet and computer pioneer dies aged 85
veridoc secures acceptance into ibm program utilising blockchain to secure documents @ veridoclimited
facebook livestreams a murder and must now face itself marketing success
new early cautioning framework utilizes artificialintelligenceai
world rise of the robots what advances mean for workers education entrepreneur
up to 11601 off on the iphone 7 amp 7plus via techhgeeks
uinavigationcontroller extension to set rightbarbuttonitem in swift 3 internet question howto
wozniak's world in 2075 'bigger' apple google facebook and we'll be living in deserts
vertical textview with shadow effectandroiddev gamedev indiedev programming devs blog
appdate get your vehicle back on the road in no time with first c jbklutse social news australia ghana
verge googles alphago ai will face its biggest challenge yet next month
posted by @ growthhackers growthhacking digital 7 fundamental contentmarketing frameworks
jwt with angularjs not storing token internet question howto
how to disable enter when autocomplete option not selected google maps searchbox internet question howto
lynk amp co unveils its second take on a shareable car
what is the meaning of xs md lg in css flexbox system internet question howto
disney chicks by jerrod maruyama dribbble design webdesign ux ui graphic
clear colorless coffee promises not to stain your teeth via @ mashable news smallbiz
17 teens take us inside the world of snapchat streaks where friendships live or die via @ digg news
the latest denaihati network thanks to @ wisefreeman @ carnine9 malaysia
are you focused on smartcities i want to have a conversation follow me so i can follow back please iot
the latest iot daily news iiot internetofthings ittweetsuk business cloud m2m innovate startup iot
natural gas is leaking from city pipes but spotting leaks is getting easier
wordpress loginphp becoming blank internet question howto
man sues grindr after 1100 strangers show up at his home workplace for sex fox 59 google news
10 brilliant uses of 3d in graphic design art
american crime showrunner john ridley im not worried about how people are going to respond
a murder in cleveland was broadcast on facebook live news rt
get a value from firebase and update it with the current value 1 internet question howto
check out dodi as @ sxsw recap that covers how ericsson is achieving change through teamericsson
how to stop rest of code from executing nodejs internet question howto
is there any way i can convert varchar2 to seconds internet question howto
optimize profit based on different treatments to all the stores in r internet question howto
in his new book the new urban crisis author richard florida shows how cities can survive an uncertain
cyber surfers uninstalled snapdeals app instead of snapchat india
passing value and get value within one page internet question howto
7 steps to bring you closer to your own podcast news aws startup
the latest fastercapital blog
find out how amr technology is revolutionising the business electricity market energy
pcgamer @ dnrcrew @ nightrts dawn of war 3 trailer meets the voice actors by
posted by @ growthhackers growthhacking digital keywordgraphics the secret to creating shareable conte
@ techgeekrebel hahah this is brilliant hack roadsign sanfrancisco science bigdata mobile innovation awesome
spring boot auto reconnect to postgresql using jdbctemplate and multiple datasources internet question h
@ wsj the rise of the smartcity safer healthier amp more efficient smartmobility iot
do you embrace technology in your house kids babytech parenting peaceofmind
star wars celebration is over but these costumes will live forever innovation
deleting even values in a linked list internet question howto
images disappear with width100 when trying to make images responsive internet question howto
should ceos like oprah and mark cuban run for president
synchronize the ui thread with a service an async task internet question howto
this indian app is getting 1star reviews because its name is similar to snapchat
innovative ride on suitcase great for weary travellersvideo invention
how panera bread uses tech to get your bread bowl to you even faster
how can i load below columns into ssis internet question howto
cleveland man who posted murder video on facebook still at large
insta360 air 360 degree vr camera for android unboxing review innotovation ces consumer
chance the rapper is having a very stevie wonder birthday rap superstar joyful
new york educators fear losing a coding whiz v nnovate
how cloud migration can boost your business cloud business iot saas
can not push on git on android studio internet question howto
secure email service lavabit relaunches citing need for security in postsnowden world
iot bringing the new definition of smarthome
how to read n records from a file using python script where n is the user input in a php page internet q
carplay coming to 2017 honda accord macnn android google
facebook streams a murder and must now face itself hotnews news
a lovely name beginning with 'net'startup brand cyber digital internet nets portfolio network
best reviewed drone cameras in 2017drones brings us nearer to inaccessible landscapes and habitats
11 reasons the samsung galaxy s8 is better than the apple iphone 7 for business
receive google autocomplete results in local language internet question howto
this expressionchecking foam mask is changing the face of vr
posted by @ growthhackers growthhacking digital what is a growth master
face detection and scaling with imageview not working due to scaling objetive c internet question howto
how to get each month last date in php year will change according to cuurent date internet question how
posts by susan dolan internet
posted by @ growthhackers growthhacking digital the definitive guide to guest blogging
it stories tales confession banking madness on to pittsburgh again before i begin i want to thank
china car dilemma beijing wants electric buyers want suvs v nnovate
nsa exploits reveal the world of 1984 is here technology
great profile on dean kamen and our partner @ unhmanchester's new biotech initiative here in mht highered
changes to h1b visa policy could have a chilling effect on the industry
swift using data model class structures in initialization routine in viewcontroller internet question h
startup essential tech tools for 2016 by @ abhishekshah tools
this company's top executive was paid a whopping 40 million last year digital news startup
@ cschveninger like so many things in
are edible bubbles the future of packaged water news aws startup
a screenshot20160205214758
pcgamer @ dnrcrew @ nightrts windows 7 and 81 will no longer update on kaby lake and ryzen pcs
youtube has a hidden dark mode here's how to turn it on @ cnet news videomarketing marketing
the latest story of pen thanks to @ ericasantunes review
how to use underscore's partials in metalsmith internet question howto
the 2018 volkswagen golf lineup is one big happy family news aws st
is aws cognito's generated cookies url safe internet question howto
mayavi not working in canopy and making the python kernel crash on osx internet question howto
russia has these robots supposedly for space travel but they are training them to shoot guns robotics ai
i hate you goodreads i really really hate you
things that make ya go hmmm nature environmenteyes biology edtech
the internet of thieves ai iot cybersecurity cloud ml bigdata digital databiz
@ qvegas this month 1970 the postal strike protest labor humanrights siliconvalley
ue wonderboom bluetooth speaker international giveaway win music enter gt
india's attempt to go cashless is turning food vouchers digital demonetization india
the latest the cloud computing start ups daily thanks to @ timextenderdwa @ northalley startups
uk driving tests to include sat nav skills from december
fastrackreflex pros amp cons click here @ fastrack fastrackreflex fastrack fitness
walletcodes now in the ph serving smartsun mobile numbers to your steam wallet apps mobile walletcodes
bitcoin digital currency how does it work
kobe university paves way for 50 pv cell efficiency
paint stroke not covering all the side in android internet question howto
failed to install into xamarin forms internet question howto
the latest randomredhotmarketingblend thanks to @ aircide @ betsyhcohen @ kenyatexasc innovation
if you don't have a degree not to fear jobs thanks @ fastcompany
world what country are you nomading from what's the time difference and what hours do you prefer to work
the uk tech start ups daily is out stories via @ stacktalent @ tomkimber @ feelaliveuk brexit
alibabas ant financial may have won the bidding war for moneygram after upping its offer to 12b feedly
c does gcc provide extended macrofunction like countof the size of an array internet question how
australia australia says it's ready to supply uranium to india
reddit rejects 81 of all piracy takedown notices
excellent readstartups who made it big through crowdfunding startup bigdata
blockchainiot based management of shared resources between trustless parties iot
can machine learning deliver omnichannelmachinelearning ai fintech bigdata ml retail cx
12 best websites to watch horror films online without downloading 2017 free tricks tips
the countries most and least likely to be affected by automation
send form to mail via php without page refresh and fields cleared internet question howto
roboteam is building a 10000strong robot army for your home robots robotics kickstarter
facebook issues statement after murder suspect shares video of shooting in cleveland hotnews news
the rock transforms into pikachu for easter and it's a lot harder than it looks v nnovate
1001 by logo machine dribbble design webdesign ux ui graphic digital vis
jquery is not working without alert internet question howto
how to use regexpexec in typescript internet question howto
check out our new offerings to respond to consumerled demands for innovation momentum
australia technology news australia goes antiprivacy today starts storing all user metadata
the latest eone daily thanks to @ toneaye @ normative smb
shapeshifting laptop tablets
regex do not match if starts with a character internet question howto
why the leading 4bytes data missing when sending raw bytes data to a tap device internet question howto
uk driving tests will require sat navs from december
the bernie sanders show us senator bernie sanders
the latest digistu digistu thanks to @ indiatodaytech @ mashi777 @ whatsappnews
pcgamer @ dnrcrew @ nightrts the bright life of the msx japan's underdog pc gaming
taxes from a to z 2017 y is for your rights as a taxpayer v nnovate
how to use armlinuxgcc cross compile gmock internet question howto
using mysql to prepend product names from a specific product category internet question howto
twitter now supports twofactor authentication apps heres how to secure your account
if the iphone and galaxy s7 had a phone baby here's what it would look like news
toxic cult of genius has parallels in philosophy @ qz
perform operations with runtime defined number of bytes in the middle of memory loaded binary data interne
united airlines boots more customers more stories go viral maybe that's just how it's going to be now
insert or update in one query api and php internet question howto
2pcs fitbit flex charger eveshine replacement usb charger cable for amazon
shake an iphone and recover accidentally deleted email startup funding apple vc
essential skills for becoming a successful iosapp developer appdev
can we develop a machine which is conscious to itself startup founder entrepreneur ceo physics code ai iot bigdata uxdesign
microsoft will reveal project scorpio xbox gadgets ces2017 innovation electronics
lynk amp co 03 concept sedan peeks out ahead of shanghai motor show news
stress levels are higher on average for constant checkers than for those who engage with less frequently
the latest open source tools for web developers opensource
'dataframe' object is not callable how to tackle internet question howto
android avoid calling single tap twice for double tap without using onsingletapconfirmed internet questi
rogue drones targeted by new specialist squad in the uk
a meaningful session with our md which made startup a sensible title in the growing society startups
after a dark past bostons urban renewal agency is building a citizenled city for the future
biological twins ivf treatment news from mississippi turns out to be a hoax
martin boehm on preparing students for jobs that dont exist yet in @ timeshighered ai robots
blockchainiot based management of shared resources between trustless parties opensource
guest blog light up your easter with these gift ideas for your loved ones
wish we had a restart buttonmondaymorning mondayfeeling mondayblues monday goodmorning
domain name for blogger and tumblr free setup gws online gh news
issue with h2 migration from wso2 esb 481 to 500 internet question howto
why isn't my json data showing up in angularjs internet question howto
rails checkbox not working with remember me for authlogic internet question howto
chance the rapper is having a very stevie wonder birthday v nnovate
facebook livestreams a murder and must now face itself entrepreneur digital wired
update finland's green party and nuclear power really seoexpert
how to use activex dll inside an atl project internet question howto
apple to design selfdriving cars autonomous
firebase authentication results in error code authnetworkrequestfailed reactnative internet ques
ikeas big bet on meatballs
chinese economy grows 69 in first quarter v nnovate
using google sheets as a data source for chartjs internet question howto
wellknown silicon valley tech firm set to open calgary office nenshi business yyc alberta economy
facebook livestreams a murder and must now face itself sitesetup wired
digrio cybersecurity industry must adopt that utilizes dataanalytics and by
17 teens take us inside the world of snapchat streaks where friendships live or die
australia internet federal court in sydney has ordered websites to be blocked
the latest @ markwcsi thanks to @ getitonvinyl @ amcarwyn @ iamtheeminx ai
society is violence v nnovate
how to inject request scoped bean internet question howto
show off c @ johanhedberg education science chemistry
new tech talk6 like share youtube @ youtube @ youtubeindia @ ytcreatorsindia
how do i return a value from a rest api get request internet question howto
green digest is out featuring @ bengeman @ annecmulkern @ elizabethcase renewable
why does symfony look for addwooklyexercise instead of addweeklyexercise internet question howto
fashion finance just some verticals that make newyork a hotbed for startups parlayme entrepreneurs
china car dilemma beijing wants electric buyers want suvs science
elk know how much things cost on your trips quickly
posted by @ growthhackers growthhacking digital how to build a backend system spending 0 without cod
eleminate loop in numpy proper brodcasting internet question howto
the latest digital disruption daily d 3 thanks to @ elongwilliam @ amanciobouza @ markovanzwam bigdata
zoom at center of image as origin with layout transform internet question howto
bbq in bubank coworking cowork freetrialday screenwriter startups themusement writers coders
optimize ensemble weights with for loop internet question howto
there are 7 people in the world who hold the key to the internet web
star wars empire at war 63 off amazon deals discounts games sales
australia vodafone partners with cebit australia to showcase the latest in iot technology
a chevy bolt gets you there but you'll need a smartphone for navigation
something about requesturlpipe internet question howto
the next serial might be a podcast from tinder or spotify
australia nbn of australia trials nokia universal ngpon fibre technology
error in subject registration internet question howto
@ starsailorlive is a tv video audio ambience sleep timer tempamphumidity air quality indiegogo electronics
the core in smart traffic signals hybrid ai amp iot in transportation
fetch wordpress posts and order by metakey's id internet question howto
spacexs next hyperloop contest will focus on one element speed
yes breaking the orthodox business consulting we are a brand you can count on let's collaborate
toyota launches kirobo mini a palmsized robot funding startup vc
some eigrp fundementals for your monday ccnp route study networking
glibc 214 not found jenkins android gradle build while updating sdk amp build tools internet question h
the recommender what execs from boll amp branch cuyana and foodstirs are loving right now
snapchat doing damage control after its ceo allegedly said the app is 'only for rich people' needs leaders
nexys 4 ddr seven segment select constraint file internet question howto
my passport ssd western digital announced new ssd line via techhgeeks
what would be the most effective roles for ai in your enterprise chatbots data
how to handle scroll and zoom event for fixedpositioned element internet question howto
chrome and firefox phishing attack uses domains identical to known safe sites via @ wordfence chrome firefox
inverse predictions with caffe internet question howto
gamer memes on which is your favorite combination gamer gaming esports meme
the new owners of milan promise to build the future but could it be worse v nnovate
prusnick press room daily is out stories via jp @ txbluegoose @ betramobet @ horseinrain innovation
in afghanistan trump aide promises coordinated response to enemies nasdaq v nnovate
obtain current row from button click internet question howto
prices of ssds and dram will crash in 2019 gartner predicts @ gartnerinc news
run string of python script inside a function error in return internet question howto
google hire could lay bare your entire search history for employers
really the @ mojgovuk have nothing better to do just install mobile and rf jambs in prisons drones
which programming languages are you focused on learning now devops
how hypr takes the guesswork out of social influencer marketing v nnovate
india's attempt to go cashless is turning food vouchers digital innovation
top in cloud microsoft power bi embedded see more
the latest rehak gaming corner thanks to @ listhingsco @ twin1994ma @ freezeh nintendo
horse i do think that all that metal will help shield workers in that environment fukushima engineer law
iitians set up startup to wash carsbikes news
hi @ spinlableipzig thanks for connecting let's collaboratestartup business
java issue reading from text file and saving data into a arraylist of objects internet question howto
how to set eclipse cdt to index resolve std files internet question howto
snapchat ceo evan speigels alleged antiindia remark here are details from the lawsuit india
sketchy drawings depict bezelless iphone 8 with home button camera and speaker integrated behind screen
news latest android 712 coming to xperia x concept users this week
nba star andre iguodala says magic leap will disrupt life news aws s
does declaring a namespace twice have any impact internet question howto
toshiba develops compact pv inverter for residential use
r loop using different functions depending on previous output internet question howto
the latest gadget boy tech paper thanks to @ shafiqmustapa @ ayoessien @ yalnajjar
the crazyhard technical challenges of robots delivering falafel robot
as southeast asias tech funding sinks the search is on for a new identity asia
smart bandages will use 5g data to track your health feedly
the age of rudeness feedly
the long and misunderstood history of hormone replacement therapy v nnovate
dont wait until its too late to invest in mobile m2m
check null condition in where clause internet question howto
hillarious quote found before it's lunch again startup life startups business
the latest the techsansar daily thanks to @ sachinkarki @ thecloudfactory @ rukhgrg twitch
practical internet of things security 2016 iot
the latest pete nickel daily thanks to @ markosavic @ startupchat @ pablopanache iot
how to query postgres index via django internet question howto
today's giants can become a mere shadow of themselves @ cnbc
@ proreplica @ geekvk welcome to the it retweet group itrtg it welcometweet
participated in the colorado space grant consortium's 2017 robotics challenge future science
rue21 in west fargo to close as retailer enters bankruptcy inforum v nnovate
how could your organisation use blockchain
jquery slidetoggle automatic internet question howto
how edge computing and serverless deliver scalable machine learning services v nnovate
swift detecting a change in a textfield from a xib file internet question howto
how to read data from post parameter in wicket internet question howto
virools new vertical video exchange opens vertical video ad inventory to over 150 dsps
world stunning drops in solar and wind costs turn global power market upside down education entrepreneur
playstation store ps4 update horizon zero dawn dominates
buying a tablet how about 20 off fire hd 8 tablet with alexa at amazon gadget ipad easter gift
sendsms not crashing or sending from emulator internet question howto
radiant visage is antiaging combo is already advocated internet question howto
posted by @ growthhackers growthhacking digital why modern sales software should double your team's pro
perhaps the most unusual playstation 4 controller ever made kotaku australia
gamer memes on jack with bat is her husband gamer gaming esports meme
if you go to google amp enter do a barrel roll the entire page will rotate completely
tapcart turn your shopify store into a native iphone app
@ euandavis avp spoke to @ personneltoday on how ai will lead to creation of new jobs amp boost business
when you create an ai but it can be tricked by a picture of noodles algorithms arent perfect
jjrc h31 the best beginner's quadcopter review gadgets gizmos
take character from a specific position to last swift 3 internet question howto
this new 'perfect' battery has experts stumped science education
the fate of the furious tops the force awakens for worldwide premiere record
podcast hear @ boblarrive talk about new @ aiimintl research on sharepoint in this episode ecm
what benefits are there to use kafka connect to write to s3 from kafka internet question howto
samsung galaxy c9 pro c7 pro and c5 pro 128gb variants spotted the mobile indian in india
'the last jedi' to reveal more about rey's parents news aws startup
straight from the cia surveillance privacy democracy people security
can honeypots actually catch attackers come check out the honeyanything guide by @ claushoumann
go back in time with the internet archives collection of macintosh programs from the 1980s
internet and computing pioneer robert taylor dies
7 new technologies to be excited about by @ joelesina
whispers in the office sales managers are the worst v nnovate
firebase not adding some values internet question howto
43 million was found in a nigerian apartment and everyone made the same joke
connection to tfsapi from javascript client internet question howto
html registration form insertion into a database error internet question howto
stop blaming the industry for the worldsproblems via techcrunch blaming the
the best way to clean your camera lenspen dslr kit review youtube
hundreds evacuated after deadly sri lanka dump collapse science
capture spurs second wave of ecm adoption governance infogov
8 digitalmarketing tips for bootstrapped startupsdigitalmarketing startups marketingtips business
what's next for artificialintelligence and machinelearning bigdata on top news
selling facebook's mark zuckerberg cnbc v nnovate
indians angry with snapchat are taking it out on snapdeal quartz
rogue drones targeted by new specialist squad in the uk dubai digital inbound advertising marketing
gamer memes on let me start with christopher columbus gamer gaming esports
india's attempt to go cashless is turning food vouchers digital
this is not what space looks like via @ youtube science space physics eampm astronomy
join us onairnow with whitesquare adapting original club mix
how onbackpressed works when back to the one activtiy to fragmentactivity internet question howto
iphoneonly app having ui issues on ipad internet question howto
bigger apple google facebook will exist in 2075 steve wozniak economic times
have trouble managing global currencies watch how @ pitneybowes can help craftsmenofcommerce ecomm pbemp
the lochness monster has been captured on sonar by an underwater robot robotics
gauge dial in obiee 11g cannot be displayed internet question howto
for loop condition breaking async function inside internet question howto
microsoft says it's already patched flaws exposed in leak of nsa hacks
world moving to bulgaria for less income tax education entrepreneur
posted by @ growthhackers growthhacking digital 28 ecommerce conversion rate optimization steps guaran
android tab layout with swipeable viewsandroiddev gamedev indiedev programming devs blog
the latest wolf scott's computer tech thanks to @ aiposter @ jaconrad news
xiaomi confirms dual rear cameras curved screen and 6gb ram for the mi 6 more images surface
6 ai cybersecurity startups keeping you safe news
javaioeofexception end of input at line 1 column 1 path in android retrofit internet question howto
the key to business success in 2014 entrepreneur business success marketing startup
police searching for this man who allegedly posted a murder live on facebook gadgets
4 me d i love this game dpc xbox ps4 gaming videogames gamedev indiedev ebay retrogaming
a slack for bots now they have their own hangout to talk to each other asia
if only there were some way to reduce recruitment costs and screening time oh wait there is hrtech
your current session has been expired magento2 internet question howto
smart contact lenses that can zoom and record video contacts
the latest workplacerevolution thanks to @ hockeycafe blockchain
lynk amp co shows first pics of volvodeveloped 03 sedan prototype news
ios tableviewcell contain collectionviewcell internet question howto
find how iot can help combat the environmental issues digital
how to coil your own charging cords news aws startup
get your steam codes using your smartsun number at gamer dota2 dota gamedev games iot
great common sense article by @ wireduk ai machinelearning
summary walmart launches new startup incubator as e commerce war with amazon heats up
unable to instantiate activity chronometer android studio internet question howto
the latest leanentrepreneur leanstartup thanks to @ amaltson @ trvanes @ myfrenchstartup ai
salesforces marc benioff on the power of values
renishaw robot assists seeg surgery in wales tcnn futuretech hightech
remebering one of the giants via @ guardiantech robert taylor internet and computer pioneer dies at 85 blog
fugitive mexican exgovernor arrested for graft awaits extradition nasdaq v nnovate
bbc news rise of the robots what advances mean for workers artificialintelligence robots
how to seperate ' testa 10' and 'test' in python internet question howto
world looking for a rain sensor for a prototype education entrepreneur
new regular review how do you increase productivity while making your pc more secure security
elon musk 100 tesla gigafactories could power the entire worldtech news innovation
how to make your company machinelearning readyai bigdata fintech marketing iot
46 more digital leaders say ai adoption will increase in next 40 months
pcgamer @ dnrcrew @ nightrts gskill's new trident z ddr4 ram overclocks to 4500mhz
firebase login with facebook how to get larger profile image javascript internet question howto
the sales are coming except they aren't v nnovate
a murder in cleveland was broadcast on facebook live news
samsung galaxy s8 s8 india launch on april 19 everything you need to know digit in india
1001 startup ideas cloud optimization services news
wow64context contextflags data member values internet question howto
looking for a regex for uk postcode internet question howto
1 trillion this is going to be the biggest tech company of all ai amazon
walmart launches new startup incubator as e commerce war with amazon heats up
can i show animation until my activity loads internet question howto
nintendo reveals joycon battery grips and new gadgets ces2017 innovation electronics
ngnix subdirectory with relative url configuration internet question howto
google app for food delivery home services launched in india
4 collaboration on dev smm education entrepreneur and social good obsessed w helping others succeed
how to split list of strings into two columns and append it to a spire pdf in c internet question howto
internetofthings and other planets is out contents from @ adriansingh23 @ foiaz @ thomasmehlhorn iot
facebook livestreams a murder and must now face itself socialmedia apps
using strcpy to copy a string to a member of a structure via the pointer operator internet question howto
companies move to sanfrancisco @ salesforce tower
contextual inputs by hayden bleasel dribbble design webdesign ux ui graphic
if you cant sell early adopters on the future fast enough there is little chance of commercial success
