suspects of paris charlie hebdo attack have been arrested and identified oldpost retweet
obama failed legacy trump building the wall strikes again
the muslimbrotherhood is a organization
@ malwageddon ek rising in the threat landscape while sundown ek drops
from ca to israel author lela gilbert on
israel's threat to annihilate lebanon is an act of intended to intimidate amp bully a civilian population bds
how come it is only muslim who turn to muslim man answers this
more evidence that mcmaster shares obama views on islam and
five suspects arrested amid combing operation in lahoreisis taliban pakistan
netanyahu echoes pmw report on danger of pa glorification
michael savage i blame dianne feinstein for the attack in paris 010915
ek rising in the threat landscape while sundown ek dropstechnology security news
utt throwback thursday mainstream medias support for
members of the house of saud should be tried for treason amp fried chief architects of
perfect storm trump erdogan yongun endofworldstuff sinkingship
my deep condolences to all the families of the victims of this actionour heartsampprayers go out to you and your family cleveland
i love mondayrepost from @ ekosekosaputra pakaw pakawmerch independent mind movement
nice attack demonstrates longpromoted jihad tactic
right time frdefinitive action onkashmirforces humiliatedpoliticians afraid of point statements @ abdullahkabaapkaun
porn download movie sexy
@ foxnews @ dakotameyer fox news is free advertising pour isis amp trump is free motivation for joining isis isis
us cia built the cave complex for alqaeda that @ potus destroyed with moab all
ek rising in the threat landscape while sundown ek drops
ctinglobal rt securityaffairs malwaremustdie odisseus ek rising in the threat landscape while sundown ek drops
apartheid israel the empire files inside the hotbeds of israeli settler via @ youtube
military benefit women's bible siteelite of the world unite say us amp pakistan
cpm stands with supporters wants army to be punished for tying stonepelter to the vehicle
cartel gunmen open fire on crowd in mexican resort town acapulco ccot pjnet drugtrade
@ palwatch to fifa penalize palestinian football association for glorification
how the discovery of two lost ships solved an arctic mystery via @ natgeo erebus shipwreck
ctinglobal rt securityaffairs malwarebytes trustwave ek rising in the threat landscape while sundown ek drops
you got that right islam is sworn to wage war and on unbelievers some ppl can see thru msm lies and
saudi states they are committed to war on then start from inside and dismantle house of saud
act of kindness results in brutal murder of compassionate british student in jerusalem
orlando house shooting victim tied to past funding
@ dave67david @ submedia our as in allied western neocolonial deepstate roguestate international law br
cleveland serial killer @ wews is a muslim probably terrorist attack muslimban
@ hrtlandusa @ foxnews @ dakotameyer the holy trinity trump foxnews isis they all motivate the other in perfect
sex ofenders in my area porn
finally in one volume rt if you love mesupernatural darkfiction horror
clowin' on these niggas because they knew i was it refrenceit itclown moonboyz
germany could have prevented attack had they listened to moroccan intelligence
all schools in naushera closed for the time being as ceasefire violation by pakistan continues in the area
notice the words christian attack weren't used they did however assume it was an islamic terror attac
daniel greenfield a week of diversity and
preparing yourself for the unthinkable twitter
@ foxnews @ realdonaldtrump fox news is free advertising pour isis amp trump is free motivation for joining isis isis
100 video proof of radical muslim training camps in america bill o'reilly
@ joyceanelay @ paultarkwright championing fraud amp is what british establishment is champion at let the wor
from a stronger counterinfiltration grid to seeking women security indianarmy is stepping up to bolster anti
@ scottmgreer was marvellous to see group antifa being physically schooled in berkeley hoping for the same
@ ajamubaraka @ cookrobertl whenever there's a war on anything ppl at the top profit from the suffering amp death
czechs take in a dozen refugees but no more interior minister milan chovanec eu asylum invasion
yazidi children beheaded by isis muslim with axes
the juan pablo rvaladez daily is out readme stories via @ mantraraya cine
ctinglobal rt securityaffairs malwageddon ek rising in the threat landscape while sundown ek drops
saudiarabia is the epicenter of the house of saud must fall
lahore four suspects arrested for their involvement in attacksread more
cair in damage control after designation ties to muslimbrotherhood
@ malwarebytes @ trustwave ek rising in the threat landscape while sundown ek drops
trump inspires islamicstate says muslim cia chief
isis trains 600 to attack europe
turkey trkei pres erdogan is congratulated by syrian group ahrar al sham for victory in referendum
is the war on a a fraud did the neocon s create this war
@ thecoureur i was more thinking how creepy they looked i've got a irrational aversion to puppets as well
@ geertwilderspvv on attack by muslim in ottawa
@ malwaremustdie @ odisseus ek rising in the threat landscape while sundown ek drops
porn naked hipster videos
@ foxnews @ sebgorka fox news is free advertising pour isis amp trump is free motivation for joining isis isis
@ spectatorindex that list is very telling indeed will turkey go down the route the eu need to worry amp w
@ foxnews fox news is free advertising pour isis amp trump is free motivation for joining isis isis foxnews trump fear kill
uk warned of very significant risk of isis attack
fear blood and animalistic behavior is surging through these pages @ authorbrandied
ninja clown monster todosloscortos minicortos cortos fb1 cortometrajes
religious wars out of control surge of attacks in europe confirm this
saudiarabia is trying to use fake news to state they are committed to the war on
almost every incidence in the world is indirectly sponsored by house of saud
maryamrajavi there is no doubt that iranian regime is d source of war amp crisis around d region
new global drugcartels isis amp alqaeda found something far deadlier than amp far more profitable ugh
the us fascist government spreading and chaos around the world
remember our 30 year ally mubarak of egypt kicked out by our cia to install group muslimbrotherhood
police mombasa hold man suspected suspect
other than oil and camel dung saudis main export is
heart racing amp intense suspense in these books from @ caroleparkes1 be prepared to scream
experts warn may be using religious visa to enter usa
news summary im cadre depleted operatives inducting relatives into
muslim at a new jersey school calls 3 percenters
@ hrtlandusa @ foxnews @ dakotameyer fox news is free advertising pour isis amp trump is free motivation for joining i
ctinglobal rt securityaffairs ek rising in the threat landscape while sundown ek drops
kenya's daily nation reports most wanted suspect fatuma mohamed found dead
colombia at mon 17 apr 2017 023408 0000 attack event has been observed in departmento de valle del cauca colombia
main threat to world is saudiarabia global sponsor of
erdogan say his new power will keep turkey safe from but erdogan is
abbott interview will now dominate today's news cycle turnbull starts hunting for quick announcement
unlikely animal best friends
@ hrtlandusa @ foxnews @ dakotameyer fox news amp trump are perfect advertising for isis and americans are falling fo
time to scare the children happyeaster sundayfunday vintage @ san francisco
maajidnawaz is and trump the new normal bofvoices thinking big
london attack victim returns to utah
govt only fighting in kashmir it has 2also fight wahabi propaganda amp showcase rights abuse in pak on no
