havent learned much have you @ united ualbride and groom booted off united flight in houston
shocker of a turnaround n'estce pas @ jonesieman
@ britishairways removed me from a flight because i was to tall they are a bad airline just like @ united
again now throwing a couple off the airlaine in costa rica they really are customer friendly
united kicked off a bride and groom headed to their wedding obviously via @ mashable seriously
theserviceroad bumped off happens when flights are overbooked but being dragged off violently like what did is so shameful
@ united pls cancel ur united tickets and post the pic on twitter show some solidarity and the power of common people
here's my latest blog post on the debacle freemarketscapitalism
international treaty with the force of federal law limits in flight damages to 75000
seriouslybride and groom booted off united flight in houston via @ @ khou @ united
kick couple off a plane while flying to their wedding looks like they are having a bad week
couple reportedly kicked off flight on the way to their destination wedding
boycottunitedairlines always wondered what the unfriendly skies were likethanks for clearing up any confusion
because i didn't get the request in on time i will have to drag myself across lax and ohare requires 48 hours notice ugh
what are the odds of losing more market share in the next 30 days @ vegas
how about you prioritise your customers not your staff changes policy horrific passenger ordeal
removes couple travelling 2wedding from plane united getting a lot of attention since that incident
i heard two people were dragged out of this meeting
turns out the doctor dragged off of is a raving mad super witch to her campaign staffers and she got so mad
what place has the best chinese takeout
needing help hire me for your pr in brazil
does it again uses armed thugs to boot bride and groom from flight
if you make us late we'll call chicago aviation police and you'll have to deal with them
birds of same wings don't flock together humanity do exist etihad avgeek aviation
new @ united jingle fly the unfriendly skys with come fly with us so we can drag your ass to the next city
the simpsons with another prediction
united airlines board as doctor leave as patient
what is wrong with everything it seems
united airlines changes policy after 'horrific' passenger ordeal
@ united can you please explain to me why my checked bag did not make it off the plane that i voluntarily got off of
airlines like united can underpay bumped passengers because of a government rule
@ joedotie they can fix the situation by just not overbooking flights and always leaving a row free for 'just in cas
erdogan is dragging turkey off the democracy bus with the determination of a staffer turkeyreferendum turkeyvotes
@ carhughes this is in line with their policy as in we don't give a fuk just give us your money and shut up
again deplanes couple travelling to their wedding
@ msnbc abuse of airlines nopassengerrights policy mttrs no attn 2 syria
@ united so who was the lucky person who sat in the seat after the extractioni bet it wasn't awkward
united airlines spent millions lobbying against passenger rights bernie2020
@ united newunitedairlinesmottos united saw this video and hired him w in an hour rt
air france attempts rescue of reaccommodated united passengers midair redrag operation official photo
what is next tasers crying baby via @ yahoo @ yahoonews united
more bullshit from we must take them down bankrupt them have no mercy
@ reuters how to destroy a business in one short week
this is a clear breach of contract by @ united if i were mr dao i'd sue for tens if not hundreds of millions
united air removes couple traveling to wedding from plane
to save evidence in dragged passenger case
last weekend in short fri sat snapchatsun snapdeal today i need some mondaymotivation
jojo predicted united airlines @ united
great article @ harvardbiz on the internet amp corporate shame leadership corporateculture
how could have avoided a pr disaster amp stock crash before anyone got to the airport
learn something instead of beating a passenger to make room for an emoloyee these ladies give
how about taking care of your customers rather tha
@ drudgereport @ united still amp will always suck stop flying them years ago they have internal issues starting fro
united airlines changes policy after 'horrific' passenger ordeal drdao humiliatedpassenger
reportedly removed an engaged couple from a flight to their wedding via
ep 69 moabbomb goes epicly stupid amp escalator tries to take wonko's footpodernfamily podcast
pilot turns around plane to help elderly couple meet dying grandson worldnews etihadairways
apparently doesn't give a fuck about their passengers or their shareholders
this week on @ bsmediashow united airlines drags passenger off flight enters pr hall of shame
@ unitedairways repeatedly proves their people fly the angry skies
someone please tell me wtf is going on with @ united i'm so tired of seeing them in the news aren't you
im going to be flying out of next week just bought a mouth guard i think i'm ready costarica
seemingly doesn't learn from experience
united is just hittin it outta the park this week
passenger getting dragged out must really sting scorpion wait for it
an interesting educational clip of how to defend yourself from staffs if you are being forcefully o
passenger's lawyer we'll stop 'bully' @ unitedairlines sky news flights
you cant make this up united kicked off a bride and groom headed to their wedding obviously
i think we need to seek the assistace of the to remove all our parliamentarians from their seats lka
early 20th century era passenger strafing unit official photograph proud of our history
what's going on @ united gt via @ scrollin forces couple bound for wedding off their flight
a us marshals service personnel told them they had to get off the plane
'infuriated' pilots union slams cops for forcibly dragging passenger from plane 1u
conspiracy theory now a locked twitter account is making up all these disasters for pr
@ united what took you so long
united staff will no longer take seats of boarded passengers the new york times
can do anything right they need to hire all their top executives from southwestairlines
@ planettyrus take on the debacle was spot on you're the best thing about the @ greggutfeldshow show @ planettyrus rules
bout to catch a plane outta here oh wait
united barred a gay man from taking his mobility device on his honeymoon disability lgbtqia
@ united planning a trip to vegas for my birthday and i'm happy i'm not booking united drama
united airlines changes policy after 'horrific' passenger ordeal bit late but it's something
aaaaand the lightbulb moment has arrived
if you're having a bad day just feel thankful that you're not on united's pr team
when you fly united airlines enter as the doctor leave as the patient we all know what i am talking about
removes from flight engaged couple travelling to wedding houston
slogan tell me what you thinkunited airlines join us for our personal touch and a memorable experience
united airlines has just made its decision
@ beckyquick u know i'm a big fan but you are being a little over the top relax amp get back to the markets @ squawkcnbc
another selfgoal by uaunited airlines does it again offloads couple on way to their wedding
the cleveland killer better hop on a plane asap
@ dna still people traveling in
these guys really want to go bankrupt
according to the rules of capitalism did nothing wrong and that is the real problem
that time wanted dr dao to get off the plane and he wasn't moving fast enough happyeaster
bridal couple removed from united airlines flight without incidentnews
more @ united airlines treating customers like cattle @ housecracka
boycottunitedairlines if i fly first class with can i expect better vermin
@ citizenslant @ united the not flythefriendlyskies will beat you bloody assault you violate yo
@ united you guys are professional scumbags seriously
why was legally wrong to deplane david dao
i think @ 50cent and should team up
more stories now you are screwed even when @ united says you can bring an item onboard handicapped person lied too
@ rambodonkeykong awesome so after they kick your ass raw off the plane you go stretch and meditate about it
i know i'm late but fuck you @ united
does it again people get to know more about it through controversies girls doctor and couple now whoisnext
welcome to united airlines how tough are yameme spongebob lol joke
fast recap of troubles pr nightmare reaches new heights with unitedjourney hashtag
lol chill guys y'all gotta stop messing with
after the incident last week we stepped back to ask how should the aviation cop have responded
i woke up this morning feeling like @ united beat the hell out of me while i was sleeping boardingflightclub ufc wwe
man dragged off plane changes crew policy
this is what newjersey governor chrischristie thinks about ua with united the customer is always last
opinion the deafness of corporations by @ desaisantosh @ timesofindia editplatter
airlines does it again removes engaged couple from plane via @ newsdistill
new footage from inside the flight is even more disturbing than the first boycottunitedairlines
omg rofl how the fuck is getting passengers delta isn't much better
again couple travelling to their wedding asked to get off plane
new slogan should be we don't beat the competition we be our customer
@ alisonwright you are killing @ feudfx amp joan crawford is killing yougogirl unitedjoan
are these still relevant anime meme memes dragonballsuper dragonballz podcasting podcast
strikes again this time a bridal party
united bars employees from taking passengers' seats in rule change
ralph nader explains why united airlines has total unbridled discretion to throw you off a plane
lol this is like the 4th story in 2 weeks about them screwing customers united motto customers are the enemy
fast recap of troubles feds investigating forcible ejection of passenge crisismanagement
@ united actions continue to speak louder than words fire oscar munoz
engaged couple removed from @ united flight vicious company proceeds with oligarchic policies
deplaning of dao in a legal soup argues @ newsweek article
could do it worst for sure they can and will continue so they kicked off a bride and groom headed
retweeted china xinhua news @ xhnewsus lawmakers rights group demand answers from after
hammering out a new blog post about the whole thing freemarketsbaby
ceo so catastrophically clotheared as to defend removal amp blame dao for not vacating his seat
i was just about to call it a day when i read about kicking a couple on their way to get married of
united just can't catch a break this week get it together
it appears to have taken a week to decide to change their policy on kicking paying passengers off their aircraft for crew
flipping through channels turn on seinfeld and jerry is being kicked off @ united flight good laughs
pepsi united and snapchat we messed upuber hold my beeruber snapchatceo pepsi
@ kmphfox26 maybe those 2 pax need to sit in their assigned seats sounds like a ploy for publicity ual
stock is about to drop faster than a pair of pants after a trip to taco bell
this can't be true another @ united mess bride and groom are dragged off united airlines flight
beyond our economy a hellscape for all consumers 1u
united bumps more passengers than any other large american airline
in the seinfeld episode the diplomats' club jerry is kicked off a plane it's
a fundamental rule of business is to deliver what customers pay for that's why is on its way out
@ farmersmarketla are you taking pages from the playbook ableismexists disabled
i'm soo sick of the media blowing up everything about @ united airlines every company has faults next time i fly it'll be
flying the unfriendly skies yet again d
@ andy so you guys are just going to be tone deaf about rhoa like kenya and kandi are poison don't need 4 eps of vitriol
ceo first interview the doctor deserved it second interview i'm deeply ashamed lol what a pathetic ceo and company boycott
this policy should have been in place since day one
another miserable flight ua635 sweltering hot delayed and jetway taking extra 20 mins
world news has become depressing to watch prayersforcleveland syria afghanistan russia northkorea nuclearwar trump
will need to do some serious grafting to get into the world's good books like bring about world pe
stays losing with this insect biting people smh
united airlines passenger 'stung by scorpion' on flight
close flight 10 mins early when wife went to change baby she sat in airport for 11 hours
too late @ united too late say bye bye to existing with in 5yrs united
people trying to take advantage when flight attendants are doing their job
new @ united slogan we don't just beat competitors we beat passenger's toounited slogans
changes policy after 'horrific' passenger ordeal
changes policy following backlash over violently dragging off man
@ thehill @ mensaandproud well that's good news but still boycottunitedairlines fire those keystone cops and sue
couple on their way to get married claim they were kicked off flight
butthey trick you into actually boarding a flight betterpayup
@ lhcam @ chrissyteigen @ williamshatner @ united you support well aren't you special
@ bbcworld @ bbcnews is anyone being prosecuted should be going to prison for beating the life out of an unarmed innocent man
united airlines removes couple flying to their own wedding
@ foxnews in trouble again why are people still flying @ united glutton fo
today at ord told that i couldn't carry my 8 yo's bag down jetbridge bc i would have 3 bags and he would have 0 how stupid
selling stuff you don't have is fraudthefttotally shitty applies to all airlines overbooked
@ united united3411 this airline lies nonstop their problems start at the top don't fly them even if it costs you more
oh come on you cannot be serious travel
bride and groom booted off united flight in houston is still horrible
added new music to their entertainment program listen to number one hit argentina death flights
@ realdonaldtrump way to unite the country do you take advice from
exbeauty queen handcuffed and dragged to the rear of the plane after she asked for a pillow
the latest hashtag singapore thanks to @ yahoosg football
it takes months to find customers and only seconds to lose them
although this is a bit late the way the ceo handled the situation is just stupid
i am glad that united airlines is changing their rules @ united
wow i must live under a rock just heard about the united airlines attack @ united pretty sad
it's an attempt @ united but i'll still never do business with you ever again
now removes engaged couple travelling to wedding from plane
why did they bring the color purple into it united
so there is and then there is etihadairways proof that there is good after all the bad
now giving a groom amp bride the boot unnecessarily they just don't or won't be the friendly sky's there r other airlines
i've started to think overbooking should be banned altogetherairlines easyjet
@ business by physically dragging you out of the mess hall
please go and die united oscarmunozdr dao's attorney leaves airline defenseless via @ youtube
couple removed for moving to more expensive economy seats and not following crew directions said
bride groom flying to wedding booted from united flight
knows the world is watching and they do this any business this poorly run deserves to go out of
when you're a doctorand you have to be seen by a doctor describeweekendsbadly
the stupid it burns took a global pr disaster for to institute some common sense rules @ united
removes engaged couple traveling to wedding from plane
ua1865 todayflight staff barricade service area amp tell guests to sit down with no explanation
terrorist airline is at it again discrimination against the disabled boycottunitedairlines
when church is too crowded on easter easter memes
policy that allows them to sell tickets for seats they will not give you still exists @ gop airlines
@ turkishairlines disgrace oversold 5hr30min wait for another flight and missed v expensive bank holiday event w family
ua1865 todayme the plug at my seat is not workingflight staff we can't power the whole plane strangeservice
too late letting too many ppl through security into a plane ages after they check in tells me you're dangerous
@ iisuperwomanii they suck because the staff can kick you outta the plane and beaat you up
@ globalbc horrible i have hope there is a complete boycott of their services
american people is the same as americanairlines want to avoid when flying between states on my trip
bride and groom booted off united flight in houston
fast recap of troubles text of united ceo's controversial letter to employees crisismanagement
i'm not sure whether i should be proud or ashamed
don't worry now u know an hour earlier if ur being bumped from a flight u paid to accommodate staff
what a disgusting guy please resign you intolerable manoscarmunoz boycottunitedairlines
it's interesting to see that companies like @ united choose to make policy changes they should be making cultural ones
@ emirates low cost fuel run by foreign nationals nly ownr is mddle eastern not a fan of but gve ops to ur ppl den see
wrecks couples travel plans en route 2 their wedding horrible
the latest sepo daily thanks to @ cognitiveseo marketing
needs more passengers like @ ravisirmp
@ finnair you should run courses for @ united just to checkwho was flying the plane
bride and groom are dragged off united airlines flight via @ mailonline cantmakeitup
breakdown of new seating policyif ur shits at the gate or on the jetway prepare for a beating
so instead of a monthly pension a monthly beating
good for dr dao continues to suffer repercussions from assaulting amp illegally removing passenger
brian mcfadden cartoon april 17 2017tags united pepsi obamacare lameduckregulations fewer
pepsi and the speed of public shame @ andrewwinston via @ harvardbiz branding pr marketing
somewhat wrong the drguy on the took advantage of girls drug habits amp traded narcotics 4 sex fu mediabuzz burninhelldoc
the united story isnt about customer service its about class warfare by @ paulconstant united
it's not a pr disaster it's criminal
jimsheppardin light of being outdone by the candidate has modified his motto to policing in the
@ kayfabenews thanks to his parttime wwe schedule brock lesnar is able to work a second job
how to execute yieldmanagement the right way not the way operationsmanagement overbooking
united airlines changes policy after 'horrific' passenger ordealtoo little too late
should be p is for punch your lights out
@ huffingtonpost of course @ united
@ etihadairways shows @ united how customer care should be done
removes couple traveling to wedding from plane
damn united still trippin smh i got these peanuts cuhz on crip united
do the @ bluejacketsnhl fly with united
just watched concussion in its entirety while cruising at 35000ft on ua everyonedoesnthaveproblemsflying
@ mashable will never ever fly united again @ united
@ kayak as bad your customer service was i guess i am blessed you didn't book me on united for an oversold flight wbeating
@ clarajeffery @ greatdismal @ united united airlines is getting stupider every day
want your bf beaten up step 1 buy a ticket for your bfstep 2 well that's all
not sure about this poll suggesting in light of to rename the wright brothers the wrong brothers
united airlines launches new marketing campaign chinese take out lol united
it cost a doctor two front teeth and a broken nose for this change to happen changes policy
delta announced a 9950 upper limit on compensation to bumped passengers if had done that it would have found volunteers
learn from dr david dao experience customer firstalso we r not pushovers
now kicks out weddingbound couple from flightread more
still one will never fly disgusting airline say sorry all you like damage is done
in salty spitoon voicewelcome to how tough are you
an aw lost two front teeth an a broken nose in gan te blaydonraces should be using our geordie anthem promotional
how missed golden opportunity to display the right leadership attitude @ abhijitbhaduri
@ kluv987 @ united won't need 2 change motto 2 fly the fighting skies
can no longer remove passengers who are already seated
simple punishment 4 @ unitedairlines provide compensation to the injured party with values up to book 1usd corporate loss
the latest the sheffield united daily thanks to @ satapornbank1 @ eugeforestal @ robsame news
@ nytimesbusiness that should have been policy from the beginning amazing what a lawsuit does
when they didn't drag you out of your seat
dear @ united this is how it's done
@ united why did none of your 5 employees who i dealt with at denver airport tell me this
first now easyjet though without the violence
where were these overzealous enforcers on sept 11 2001
playoff hockey not a united flight becauseitsthecup playoffs werenski nhlplayoffs nhl
bride and groom are dragged off flight via @ mailonline
dear so how many times are you going to shoot yourself in the foot two a dozen your foot's gonna resemble swiss cheese
what is going on at via @ @ khou
after the doctor now this couplesee crash further down in the market
@ time they were last to board amp found empty seats rather than wake a sleeping passenger sounds harmless noflyzone4me
calling bs on this couple flying bet they tried to sit in economy plus for free and refused to move
we beat the customer not the competition
united is the most inhumane carrier in north america what a shit airline boycottunited
@ thecbjartillery looks like he just got off a flight
this story is reminiscent of @ tessgerritsen book harvestunited
@ no2libs007 @ ralphshields313 @ jojoh888 id even take to get there to watch it
@ ryanair not smart 2be kicking ppl out of flights unjustifiably like if u want ur company to be expanding post brexit
hey @ united my mil is flying tomorrow in row 20 seat c you know what to do
go on richard show 'em how it's done customerservice
doesn't understand customercare amp pr i hope you do my sunday column
thanks dr dao u didnt wanna get off the plane now delta is gonna offer 10k so no one will wanna get on the plane delta
lesson for businesses in light of recent events customer service matters @ snapchat customer perception matters snapchat
lessons not learnt by when policy is enforced over common sense or customer centricity sigh
still would never fly with them after allowing this treatment of a doctor no less on one of their overbooked plan
we should send gaikwad to will get a lesson they will never forget
does it again a couple en route to their wedding were kicked off from the @ united plane
jetstar pr etiquette is obviously influenced by the lowly level of
@ jaysedavid @ united damn that colored chicago aviation security officer treated that asian like he was black oscarmunoz
how almost ruined a gay couple's honeymoon newnownext
people are insane thank god they didn't blame manchester united for mistake sonunigam
@ united really doesn't won't anyones business it seems
@ hhsin indeed gaikwad can meet all d demands which needshe's also fit4 emirates 2
aftermath in a strange twist of fate fearful united passengers are now being dragged from the gate into their seats
you can always fine the truthaction don't lie i can't believe what you say because i see what you do james
@ babscon @ andypriceart @ babsgoldengates @ japanponycon my set is flying in my luggage and it's not on a flight
the recent pepsi and pr disasters have again taught us to sincerely saysorry when it's due
use itwhen u r thrown into the sea by united airlinesfaster then fish to escape
@ chrisdelia talking is just as epic as i knew it would be
thanks now i have another reason to add to the list of why i'm afraid to fly flightnotfight
not on the list @ united bad for people
heading to california and flying the friendly skies
@ cnn breakingnews earlier passenger dragged off flight last week is considering a lawsuit get outta hea breaking news
quick 35 minute flight to austin via from houston
@ abc fuck you @ united i'm not going to stop exposing you greedy bastards until is bankrupt boycottunitedairlines
@ united short sale 411 how does wb feel w his valuation i will pay my staff not to fly @ united boycottunited
wonder if dao will cut a check to everyone on that that captured that awful event on their cell ph
what i learned since removing a person is that now anyone can refuseargue with an fa an expect to remain onboard scary
introduces clubclass deal beateron all overbooked flights
30 minutes left yo yall mind if i wild out happyeaster hediedforourseats
it would be complete nincompoopery to keep existing policy for @ united unitedjourney united
introducingunited airlines dignityplus class united
@ united must have told @ burgerking hold my beer and watch this again burgerking
couple flying to costarica for wedding later this week were removed from flight in hou for not following instructions
handing out these new travel kits now safetyfirst firstaid compensation
united airlines changes policy character assassination is not the solution united mondaymorning
at it again people should boycott @ united to teach the airlines a big lesson
united airlines is changing it's policy imagine that bunch of stupid fucking cunts terrorist yousuck
okay this is freaking funny y'all nottryingtohaveareapeatincident
removes from flight engaged couple travelling to wedding
@ united is in trouble again why is anyone flying that airline why nightmare
when isn't beating passengers they're killing petsfriendlyskies
@ time trump i just thrown the mom's of the bombs ha hold my beer
@ united still can't get it together it's like titanic falling too fast
damn yet again @ united get your shit together
united airlines kicks off bride and groomambermaxwell michaelhohl
omg saturdaynightlive @ colinjost nailed it with their jokes last night
own personnel says handicapped person can bring segway gate person denies him @ united hasnt learned
got so stingy they charge you to watch television
@ cbs12 disaster month their wedding come on
new airlines superior class commercial response to david dao
i had to @ united this is too perfect lt3 leagueoflegends draggedoff
@ subhashishpaul grandma 94 'forced out of business class seat' on via met
behind fateful decision to call police
is pleased to announce new seating on all domestic flights in addition to united first amp economy p
new @ united they tell you how you feel you belong to
@ beckyquick on @ squawkcnbc thank you for speaking out about reprehensible conduct by
also it does not help when your flight is schedule with i should learn some martial arts before sunday
dear and deltaairlines your current behavior is why i don't fly
flight fail boarded plane de boarded same planegoing to be a late night get your shit together
seriously @ united how are you this fucked up
changes crew booking policy after passenger abuse daviddao fiasco
removes couple travelling to wedding from plane via @ ndtv have they employed delhi police
you know some companies are just too stupid to be allowed to continue smh
@ loksabhasectt shud employ staff of 4 chuking out unruly noisy amp disruptive mps thoz ppl r expert at tatthrowing out ppl
people who have a problem with what united airlines did need to watch this truth babies
for serious or leisureeven assuming nevertheless honest error emory university agents news
more @ united problems with fliers being kicked off i hope the world stops flying united and bankrupts them
when @ united fires oscarmunoz and ends overbooking altogether let me know united united3411
clears interiors of planes plans to herd people like cattle to market
that moment when your stock drops 770m in one week suddenly the correct policy becomes obvious
@ newsweek is a joke to begin with since when did staff get rights over passengers who prepaid in a
odd that didn't kick anyone off business class
bbc news united airlines changes policy after 'horrific' passenger ordeal
interesting is making news for their outstanding customer service i experienced it while traveli
from bad to worse united ignored tsa refused to allow disabled man to board with mobility device
does it again removes engaged couple from plane khou
come fly the friendly skies united airlines commercial revamped
why is united airlines beating up their passengers policebrutality
cheap seats and free beatings what more do you want from us
man fiancee kicked off united airlines flight en route to their wedding usa
this time an engaged couple flying on to their wedding in costa rica were removed
@ a1clever dae dae dead ass wrong remix gogitta newartist a1 queencity complexmagazine xxl
why are some airline companies unfairly kicking paid passengers out of flights rude staff not only at but also on @ ryanair
nobody should be treated this way i pray he sues
when you just got off a united flight pitvscbj stanleycup nhl
uh oh offloads couple flying to costa rica for their wedding
@ mangothered i prefer merlot it goes very with an airline beating @ wgri1949 @ theclaudiainez
@ donaldjtrumpjr @ realdonaldtrump i wish you flew instead schmuckjr
don't you want to see the united crew member that bumped the guy who would dare sit in a seat that was gotten in such a way
@ drgrammar wondering about debook as neologism for what did to dr dao amp 3 others was not an i
policy change tries to rescue reputation yet still deplanes paying passengers so staff can strol
hate to say this but the engaged couple deserve what they got for flying with boycottunitedairlines
united airlines training video how to deal with overbooked flights p
removes passengers from flight again an engaged couple en route to weddingread
be interesting to see who if anyone loses their job at over this
united air removes couple traveling to their wedding from plane united unitedair
united airlines and pepsi suffer the wrath of cutting snl sketch burn
kicks michael holh amp amber maxwel good they look like scammers
united states of america united airports united united united united vs rest of the world
we didn't get dragged off upgraded @ mccarran international airport
removes from flight engaged couple travelling to wedding via @ singaporeupdate @ mathysroland
why are they still in businesswho would spend money there
man fiance kicked off flight en route their wedding
breakingnews presidenttrump sends great leader kimjongun a free ticket to discuss his nuclear
some masterpiece i found on 9gag about
no leggings allowed aboars defends right to block girls in leggings
does it again engaged couple en route to wedding booted off flight
you're done would rather take a bus across country than fly you you're fucked trump actually looks good in comparison
not only but united states also pics up names randomly
ty to keith dwayne and skip the crew onboard ua201 hon to guam ty for the outstanding service
is changing its seating policy after outrageous passenger ordeal
well duh they should've never allowed this in the 1st place passengers earn their seat the moment they board the
if we cannot beat our competitors we beat our customers
@ united people if you must fly united video everything their employees say and do it is your only defense against lies
why is anyone still flying horrible company boycottunitedairlines boycottunited
unitedirony ual and yet a buoyant stock price stable at 69
scorpion denied a seat in united airlines flight man was stung by a scorpion airlines to provide compensation
here's how badly united stock tanked this week hotnews news
@ united the home version passenger removal play set @ san bernardino california
