name makeelybirthday february 26location australiapronouns sheher
@ ceewwwaaa happy birthday love n miss you girl we have to get the team back together
happy birthday @ nikitagnair have a great day and hope @ s1dharthm wishes you
thank you for the birthday trophy my lovely kind friend @ bortekhan she's a gem
@ adolhpus happy birthday adolphus
@ tuckerlindsay happy birthday
always a hard day but spending it with family and friends always helps happy birthday momma rip guardian
happy birthday hope you had an amazing day love
@ ameriker happy happy birthday
this lovely lady took me to santabarbera for the day to start my birthday week off right @
porn stars pussy happy birthday gnude irls
happy birthday champ @ govnarali longlivegovnaralliemay god add more years to your current age and keep you safe enjoy
happy birthday champ @ govnarali longlivegovnaralliemay god add more years to your current age and keep you safe enjoy
happy birthday champ @ govnarali longlivegovnaralliemay god add more years to your current age and keep you safe enjoy
happy birthday champ @ govnarali longlivegovnaralliemay god add more years to your current age and keep you safe enjoy
happy birthday champ @ govnarali longlivegovnaralliemay god add more years to your current age and keep you safe enjoy
happy birthday champ @ govnarali longlivegovnaralliemay god add more years to your current age and keep you safe enjoy
happy birthday champ @ govnarali longlivegovnaralliemay god add more years to your current age and keep you safe enjoy
happy birthday champ @ govnarali longlivegovnaralliemay god add more years to your current age and keep you safe enjoy
made a @ spalding basketball cake for my niece's birthday with her favorite doughnut inside as a surprise in the
@ bimpthapimp happy birthday qt
happy birthday champ @ govnarali longlivegovnaralliemay god add more years to your current age and keep you safe enjoy
happy birthday champ @ govnarali longlivegovnaralliemay god add more years to your current age and keep you safe enjoy
happy birthday champ @ govnarali longlivegovnaralliemay god add more years to your current age and keep you safe enjoy
myspace tags sexy happy birthday
yr nikki won't allow victor to come to reed's birthday party faith comes in after her grandparents argue nice
don't think i go out for months now until my birthday getting bored of it
@ pataltschul happy birthday you share your day with my 9 yr old hope it was fabulous
the birthday love didn't go without notice to the few i didn't hear from i wish i did cheersbaby
@ quicktempa happy birthday brother
travel fold up mat for kids birthday gift idea farm theme toy for children toy tote
@ leahslounge happy birthday
@ chrrysuga happy birthday i hope its going well and its funfunfun
happy birthday charlie chaplin
happy birthday ily @ chancetherapper
cleveland happy easter trump costa post malone chance birthday kendrick lamar tonight
@ rnauth112255 happy birthday yute
evan got me an early birthday gift and made me dinner
i really enjoyed my birthday week my family came down amp i got have fun with them i wanna thank my mother red
millions of disciples of pujya asaram bapu ji celebrate his birthday as vishwasevadiwas across the globe
happy birthday homie @ natediaz209
@ michelleebeth happy birthday michelle hope you had an amazing day
happy birthday to a real one @ myeshawalters
happy birthday @ jacklynch00
cool down your highness
@ khadijahclark12 @ foreverliljim oh shit birthday weekend i would be fucking like porn stars the whole weekend
happy birthday @ imabhishek chak de phatte
600breezy celebrates his 26th birthday with drake hiphop
being a twin sucks when it comes sharing a birthday cake lol
one week from today will be my birthday our first full day in another country 29 is gonna be a hard bday to top
@ kellynsierra happy birthday cutie
happy birthday to our sister rebecca we hope it was wonderful
sigh i hadda great birthday it would've been better if my daughter was here to celebrate w me rest easy tho kaylynn i love you baby
@ tessellas it's okay it was president barack obama's 31st birthday
@ extremexo happy birthday anne hope you had a great day
@ thebrofucius family it was great celebrated easter and my sisters birthday
@ fanartalex hope you enjoy your birthday
@ trigoll fuck it's sad happy birthday
happy birthday @ kennedyalberty so happy to spend it in mexico with you
birthday july height 187cm weight weapon ironclad cleaver baseball bat bonesaw iron pipe deadly ohagi gun tanteenahbot
i'm just ready to receive all the love my birthdaybirthday weekend
@ cooperbarnes it's your birthday happy bday we love you
happy easter and happy birthday celebration to my main man @ gulfport mississippi
happy birthday kristinefarrell @ benjaminofboro baby 2 and i are blessed beyond belief to
tb to when the girls sang happy birthday at the white house on easter
happy birthday @ icblues
i could just wait for my birthday and ask for all three from the only 3 people that want to buy me things
it's my cousin's birthday he's all grown up and everything but i still remember babysitting him when he was so little it was good times
@ imabhishek happy birthday bro
@ allielong so since today's my 21st birthday can i get an autograph from you saturday at the nc courage game i've been trying for 5 years
such a good day with my babe @ viciousprick i hope you enjoyed your birthday
how i'm spending the night of my birthday rewatching the first season of aot because i'm a god damn adult
@ katiecouric @ chancetherapper happy birthday chance amp happy easter hi katie happy easter to you amp your family too
its my birthday week
@ devilmayun till my birthday
@ ginaxkapinos happy birthday hottie hope you had a great day
happy birthday you goon @ tatesmith22
happy birthday @ meaghanmcgwin
happy birthday maybe now you'll get to drive the new jag @ claflamme16
@ chelsealagon happy birthday cee
home alone on my birthday nice
@ aflores15 happy birthday dad
2 hours till my birthday 41717 im 30liveme chris rugerbday
happy birthday to my twin from one donut to another love you so much @ sweetcarol13
@ uruokpala happy birthday to you
my birthday is 6 days away d
happy birthday ya ass @ 10969taka
lmaoooo how can your own mom not talk to you for 2 days and text you you're going too far for your birthday
happy birthday selva @ selvavignesh3
best birthday present ever @ gordonramsay
thurs april 27 2017lil fien's 18th birthday 14 spots open in the limo to be picked up drinks and smoke at my place limo to show
happy birthday to amrutha varshini
@ kieracass it's my birthday too but i think theirs is the 16th and it's the 17th here already almost there ahaha
one week till my birthday 19
happy birthday bebs @ cmlbtst all the best
happy birthday @ nevaehmunch hope u had a good day
@ jaxgoldberg you're really fast happy birthday man
happy birthday bro hope it was a great one @ johnnball
happy birthday to the southwest missouri state volleyball commit herself @ collynmurray16 hope it's a good one
amazing gift ideas available for purchase online at our estore anniversary birthday gifts
@ selaaamo happy birthday girly
@ laurenrenaud99 happy birthday lauren i hope u had a great day and a happy easter
@ gayathriraguram madam today is my birthday
@ stephmalangone happy birthday steph
@ alexissd happy birthday alexis
happy birthday pondan teragung @ iizhu
really had a good ass birthday
happy birthday jt
happy birthday @ mtswenson i hope you had a wonderful day
happy birthday lee junki you'll be always one of my favorite actors
if you ain't say happy birthday to me today you ain't a real nigga
name emilybirthday 011800sign capricorn location florida usa sexuality straight pronouns sheher
happy birthday @ haleyyrenner
@ natediaz209 post a pic of that birthday blunt everybody knows ur smoking on
i said i wasn't gonna embarrass you for your bday but i couldn't help myself happy birthday to the best roomie eve
shoutout to my guy @ jterrell33 i want to wish him a happy birthday we been friends since middle school definition of a true friend
holidays and your birthday are just excuses for your parents not to whoop your ass
happy birthday gorgeous @ jackiex06
happy birthday to jim parsons tv's highestpaid actor and all around sick guy
happy birthday chance the rapper
happy birthday cj please don't bark too much today thanks @ gouldcj
a very happy birthday to siddharth narayan
when you wish yourself happy birthday fallonstylessnl
my birthday is soon kekekek may 10th add it in your calendars
exactly 1 week until lee's birthday
one more post for one more bday girl i love you so much han happy birthday sis
happy birthday pretty girl @ savchristensen
my boyfriend got me @ itsbl0ndie's pear highlight palette for my birthday i cannot wait to get my hands on gold for
and it's not even my birthday
happy birthday to my baby girl my heart my world i love you od eleven years ago
ina go suho birthday project fund raising by @ suhocommunity rp 500000 ems details
thank you to everyone for the birthday messages 34 ain't so bad
ade org tgh countdown birthday dia
happy birthday dear may allah bless u always may he showered u
omg happy birthday wheein i swear this isnt it i have more fanarts i havent finished yet i love you
tomorrow april 17 is the birthday to our pnv professorhottie @ chriscampanioni who never ages happy b'day
happy birthday josh go brazy @ joshomom
what are we doing for your birthday is the question
happy birthday love you nene @ leakrstnnn @ krsteannn minsan lang yan
you are a true friend so please dont change ever happy birthday @ govnarali longlivegovnarallie
you are a true friend so please dont change ever happy birthday @ govnarali longlivegovnarallie
you are a true friend so please dont change ever happy birthday @ govnarali longlivegovnarallie
you are a true friend so please dont change ever happy birthday @ govnarali longlivegovnarallie
you are a true friend so please dont change ever happy birthday @ govnarali longlivegovnarallie
you are a true friend so please dont change ever happy birthday @ govnarali longlivegovnarallie
you are a true friend so please dont change ever happy birthday @ govnarali longlivegovnarallie
you are a true friend so please dont change ever happy birthday @ govnarali longlivegovnarallie
you are a true friend so please dont change ever happy birthday @ govnarali longlivegovnarallie
you are a true friend so please dont change ever happy birthday @ govnarali longlivegovnarallie
you are a true friend so please dont change ever happy birthday @ govnarali longlivegovnarallie
happy birthday @ constantwifi ilysm enjoy the rest of the day
@ rhezamae happy birthday hun i hope your new year is beautiful and as perfect as this episode xxo
happiest of birthday's to the most beautiful haleycapxo
birthday wish didn't come true but you know it's okay @ chrisevans aint got time to meet me anyway which is fine by me someday
happy birthday @ riffy211 hope you had a great day this is the only picture we have
so a party like my birthday
happy birthday angel @ chancetherapper cannot wait to see u soon
happy birthday ayah with fasa zamzam and fita pic
happy birthday to one of the beautiful actress @ thesunainaa anusha have a great year ahead
happy birthday madu @ hanisaidin17
can i just fast forward life to my 21st birthday already
@ rapperrich dream i had on my 25th birthday by mansbestfriend alter alias of sole
happy birthday @ phardy hope it's as fake as you
happy birthday to the boy h @ huntsmanblick
happy birthday to @ kaj33
happy birthday to my lovely cousin i hope today was beautiful @ minacompton
how's your birthday @ privatejoshpeng
@ iam8bitryan hey man good job on try not to laugh 2 that was freaking hilarious also my birthday is tuesday how funny this vid was close
wishing a big happy birthday to one of my best friends hope your day has been perfect you leia
happy birthday @ iamcharliemaign thank u for being the coolest prof my life coach wingman pseudo jpa adviser
i can't believe my birthday is on wednesday
@ jiminsjoys we just became mutuals but omg happy birthday have the best one okay
happy birthday big fella stay blessed @ chancetherapper
happy 15 birthday to one of my bestest friends miss u and hope ur day was awesome blossom love ya
happy 3rd birthday to our twinkies we love you paisley amp olivia
the tune weavers happy happy birthday baby nowplaying listenlive
happy birthday i hope you had a good lunch @ gildayfrankie
'auntie ida' shares her secret to a long life after turning 105 years old
happy birthday man i hope you had a wonderful day love you @ maddiebranddd kbsd
@ jamesmeetsfame happy 20th birthday james
happy birthday to my twin my mama
i hope nash grier follows me before my 80th birthday amen
feb 2017 happy birthday president lt3
@ avikaplan it's midnight here so happy birthday angel love you so much and am incredibly proud of all you've accomplished thx4beingu
my mom enjoyed her birthday job well done
happy birthday sol @ solvalero98
happiest 18th birthday to my best friend
it's luhan's birthday season
series of sad saggi pics happy birthday ya ballsack
3 days for my birthday
happy birthday god bless @ mdrgdnc
my mom celebrate her birthday all month long ion even celebrate for a day
be the first one to greet @ avikaplan a happy birthday start tweeting now w a hashtag avibeardday let's make th
today is the beginning of my birthday week let the birthday shenanigans comence
happy birthday wolfty i mean @ woahyashira i'm so honor to have you as a friend i hope you had an amazing day
@ alphadany happy birthday
@ 95solos happy birthday rand
@ chancetherapper no i love you happy birthday chance
omgh my birthday lands on a tuesday m
he forgot my birthday love you too babe
happy birthday dear selena happy 46th birthday to you singersongwriter actress fashiondesigner
@ dxvionnn thursday and sunday are gonna be my next cops hopefully i can get them on my birthday
@ dulcesoo happy birthday love i hope you had a good one
happy birthday jordana beatty
0000 @ rylandlynch happy birthday
happy birthday to this big ball of fluff i love her dearly
662 people dressed like charlie chaplin for his birthday
@ chyleigh hey it's my birthdayyyy can you wish me a happy birthday too there's only a few hours left
celebrating a birthday night out with friends or drinks with colleagueslet us help organise it 07903249606
fut birthday live sbcs huge profits trading sniping investing fifa 17
happy birthday to this incredible actress and a precious angel patricia rooney mara
happy birthday @ chancetherapper
nochurn birthday cake ice cream perfect birthday dessert for when the weather gets warm
mrsnovember my birthday is november 1st 1990 look at me live
happy birthday sky so happy to have grown closer to you this year love you amp dhh forever @ skyfendrick
happy birthday boo boo @ keillykirk1
@ dinahjane97 dinah it's my birthday it would be an incredible gift you notice me
happy birthday to 4x european medallist natalia annenko here's natalia amp genrikh sretenski's puttin' on the
ottawa reward alert get a dozen free bagels on your birthday when you have the kettleman's bagel app
@ chancetherapper this is so late but happy birthday see u soonnnnnnnnnnnnn
i drew stuff for my birthday this year i was sorta shocked
0000 happy birthday @ rylandlynch
@ chancetherapper please retweet my well wishes to you happy birthday again
happy birthday @ wildbillyoung hope you had a great day
my fucking birthday otw yellll
nbabirthday happy 70th birthday to the legend kareem abduljabbar cop either his home or away
@ nathandawson24 happy birthday son
kpop its time to wish some of your fav artist a happy birthday happy birthday to you as well if its your
today is my birthday and the best gift i could have is a birthday wish from you @ ladygaga
happy birthday lee jun ki oppa
to anyone who knows ammon and wants to say happy birthday
happy birthday @ dalvinsmith270
thank you for always bringing joy and sharing your true feelings with us happy birthday wheeinhappywheeinday
even tho my birthday is tomorrow after celebrating it today i'm pretty convinced it was today i had such a good day
happy birthday @ giraffegazelle
please don't ruin my birthday again this year
@ jannmoreno happy birthday jann
an amazing birthday present 2017 speechless thank you
nowplaying elvis costello amp burt bacharach tears at the birthday party on
@ raemoney happy birthday boo
you're officially one my love happy birthday my big boy i love you myeuanandonly
happy birthday to the homie @ emiliorojas enjoy it to the fullest no pun intended lol
happy birthday mah boi @ chancetherapper chancethebirthday
host your childs birthday party at our interactive gaminglearning center
happy birthday chiyaanvikram sir
i hope you enjoyed your birthday weekend millie
happy 18th birthday sunshine be the best out of all the doctors very soon miss you @ lndsymrnn
happy birthday @ chancetherapper i love you hope to see you live someday
18th birthday dinner for this handsome kiddo
what's up @ ufc i haven't seen any birthday shoutouts for @ natediaz209 on any of the ufc social medias but see them for other fighters lol
i'm so sad we are done with school 2 days before my birthday amp i can't spend it with my friends
my he was telling me all day all the stuff he wants for his spider man party i'm throwing him next month for his
2 birthday party vs 1000 birthday party worth it buzzfeed
i hope i get scheduled to work on my birthday
@ jaeclarke16 my great aunt was looking for you to come cause her birthday was friday had rum cake chocolate cake
birthday shout @ maiysha
@ yourhotbro happy birthday yas @ yourhotbro
happy birthday @ haiaronaldo
happy birthday to the pride of chicago @ chancetherapper continues to remind us that age is only a when it comes to changing the world
happy birthday to one of my best friends
harvard is marking john f kennedy's 100th birthday with a series of talks featuring some of his famous descendants
@ abbyhartman3 happy birthday girl
my birthday weekend has been the worst ever
@ ultivian happy birthday man don't go letting your old age stop ya
day 106 i love celebrating easter it's also my fatherinlaws birthday grateful for time with
happy birthday to the greatest hip hop dancer of all time @ lojocro lol miss you lots
spent time with the fam @ chancetherapper birthday today and the rockets shitting on the thunder it's a good day
@ jeckejeckejeck happy birthday jeck
happy birthday @ avakvittem miss ya
exams are interrupting my kuwtk sunday night ritual @ khloekardashian @ kimkardashian @ kourtneykardash bring on friday and my birthday
@ camiamm31 happy birthday camryn hope that today was a swell one
@ anonysidromous @ ebay i forgot a happy birthday to the awesome ms
happy birthday @ jakegroseclose
happy birthday beautiful iloveeeyouuuuu @ shahad76
oh today is rooney mara's birthday
happy birthday to my babygirl @ mykasea who loves music and kathniel as much as i do have a good one
happy birthday to the lovely de'arra i hope your day is well and you have a lot of fun love you lots
happy birthday to my longtime best friend @ daisystorey hope you have a flippin' awesome day flower child
@ shaquillee happy birthday
happy birthday to me
@ andymineo happy birthday friend
happy birthday @ kateruf 20
happy birthday my guy @ chrisvb312
happy birthday best friend @ justinfiied
@ shortymacshort happy birthday
happy birthday to one of my bestfriends thanks for always looking out for me love you
happy birthday @ justinecarpinaa lam kong late na ito but better late naman diba than never mwa sorry huhu check fbc
happy birthday to me 32 years old now
i'd say he's the cool older brother i never had but nah he's the coolest brother anyone could have happy birthd
birthday in 6 days
easter may be over but that just means it's our favorite doggo's birthday happy birthday @ jakemonty
happy fucking birthday bitch i hope you have an amazing day i love you and thanks for letting me take these scree
its a real niggas birthday
@ sotreu happy birthday bb i hope you've been having the best weekend of your life
@ chrishhshadler happy birthday 21st i hate myself
@ paperpowerpussy happy birthday we gotta smoke when i come home
@ kicksnshit happy birthday
@ moonbiasted happy birthday
@ cherieperrie happy birthday bb
ha happy birthday faggot @ chaser
@ nelskabi happy birthday nels thanks for hyping up every social event lyyy
happy birthday @ iaamchristina @ iaamchristina @ iaamchristina
happy birthday to my realest shoota thx for always making me laugh our pics are so good wow
birthday in two months time flying
@ miiichaelaa8 happy birthday love
happy birthday matt hope you have the best day ily @ mattcronk20
@ flowerlessvase 6 just a silly memory but i wrote a fanfic about her and her crush for her birthday once i think i still have the file
happy birthday gorgeous @ sarahdecastro9
@ shortymacshort happy birthday enjoy
birthday is over
olivias birthday is over now i can call her a bitch again
happy birthday dylan chase this past almost year with you has been
@ eat24 birthday burrito
happy birthday to me 32 years old now @ chelsea manhattan
happy birthday liv i hope you had a great one @ oliviasnelten
@ zhebitch happy birthday
@ nchasisty happy birthday
everyone wish this guy a hammy birthday
24 k kim jeung uk birthday march 20 1993zodiac pisces position main rapper lead dancer and vocalist
@ shaquillee happy birthday big dawg
@ suuggaa happy birthday hopes it a good one
happy birthday matt jay @ ihatemattjay
happy birthday brova you growing up on me slim be safe i love you forevalikeink @ shasweezy
this little girl is a genius and i aspire to be like her when i turn 27 in 7 months
happy birthday to the goat @ smithresidence
@ tanamongeau please wish @ bethplusbecca25 a happy birthday
its my birthday lets goooooooo
@ gvictoriaabc happy birthday
happy birthday @ daleestene miss you so much and i can't wait to see you more this summer
happy birthday @ shortymacshort
happy birthday brudda finally 21 time to get fucked up @ jba417
@ iordtakumi a birthday call is in order
happy birthday to us @ t4yl0r
@ jelpiboys happy birthday erica 12 is a fun age
happy 20th birthday pretty lady lots of love @ rileylenhart
highkey want a birthday party
@ vickieguerrero excuse me happy belated birthday
@ geraldtan happiest birthday pao
youchan birthday messages pt 2 i need a riko sr asap this is sad
happy birthday hunnn @ shortymacshort
i cannot wait for my baby's birthday next month
byun baekhyun's birthday bundle take me home coming soon
happy birthday to the biggest inspiration in my life thank you for being the greatest
happy birthday to my fave keep slaying @ zachtylerr
happy birthday to the birthday twins @ alexismontoya2 and @ oliviasnelten
@ livvonderhaar happy birthday girly hope you had a great day
@ dnagtfoh getcho birthday the fuck outa here get aries the fuck outa here get the candles get the cake and ge
on selena quintanilla's birthday too you really did that papi @ justinbieber a
@ kenzieklyne happy birthday babes love ya lots
@ jpgilroy2 happy birthday unc
thank you everyone for the birthday wishes bless you all
happy birthday to meeeeeeehhhhh
planning something awesome for my boo's 21st birthday this yr in vegas @ destiniemarie
@ shasweezy @ notonemistake our gdays back around welcome to another year happy birthday
@ toniverano celebrates moms birthday on easter
taught a birthday dance class for james franco and tom franco today happy birthday and happy easter guys happy
@ aliciazhou happy belated birthday on the east coastanyway hope things are going well and i'm still glad tumblr brought us together
happy birthday @ niharikaaa i'm so glad i have had the pleasure of being friends with you since prek hope ya day was great
photo album 4x6 silver leather pocket album gift for birthday annakisart photoalbum4x6
happy birthday to the greatest man of all time @ tallmanshawn
happy happy birthday chiyaan vikram amp welcome back jhon swag hbdchiyaanvikram
why i already have one of my birthday outfit in my head but no official plans
tell her i said happy birthday
@ iamamirofficial wish u happy happy birthday amir bhaijan
happy birthday to my bestest @ kendraalise4 iloveyou soo much swear i never found a love like this we 4ever you kne
sarah made me art got me bowling shoes made me a neil shirt and threw me a surprise party all for my birthday sh
happy birthday mom celebrating and loving you april 17 aries birthday
@ sam4nthaflowers happy birthday you beautiful being i wanted to wait 'till midnight but i'm sleepy lol i hope you have a blessed day bby
happy birthday meena joonam i wish you all the best baby girl @ memekaay
taught a birthday dance class for james franco and tom franco today happy birthday and happy
happy birthday lyss hope you have a great day @ alyssamatteo
@ itsmichi31 @ entratalorna @ marydaleentrat5 @ vincententrata @ mamitazl a blessed birthday to you ryogod blessmaywardlovesmcdo
happy birthday cippy love you so much baebob burpsnart ineedmydscharger cleaningladies @ scip123
@ diegopurry happy birthday we need to celebrate hope you had an amazing day boo
@ shaefleming a little late but happy birthday shae
oh god they're airing ouat's musical episode on my birthday
@ rileyraine420 hey there you and i were born in the same year of 1994 i'm 22 but my birthday is 1226 just 26 days after your bday
@ younglark36 happy birthday to you too big cuz stay up
happy birthday taylor @ taylorlynn0417
@ trixiadlssnts happy birthday trixia gbu and tca mwa
name tobiasnickname tobypronouns hehimbirthday april 27from chicago usacc
@ cassianandors i'm such a dumbass but also my mom told me i can buy whatever i want on my birthday i passed my lim
@ viviana22vargas happy birthday viv i miss you and hope to see you real soon i hope you have an amazing day
@ kennytooturnt happy birthday
@ alexxxxxis happy birthday lex love amp miss you so much
i keep having these flashbacks back to my birthday
my birthday is about to be on a block day wtf
adult birthday party idea malayalam sex blogs
this birthday slay is about to be real hide y'all man cause once they fall in the trap oooh baby it's a wrap
when school starts on your birthday rip rip rip
@ sushifreak happy birthday sydney hope you have a great day
happy birthday to my main girl thx 4 being the best don't know how i'm going to make it wo you next year i
@ gussie16 happy birthday leena
happy birthday mah sisterinlaw ilyy
@ realdjamazing my birthday was yesterday srry
@ naz19 happy birthday
happy birthday @ nessaleighann
you are the reason for everything good inmy life happiest birthday to you mom
happy birthday bro
happy birthday @ blovett7
happy birthday @ jaycheat i miss you so much hope all is well
@ itsmichi31 @ entratalorna @ marydaleentrat5 @ vincententrata @ mamitazl happy birthday baby honsome maywardlovesmcdo
team kolors wishes vikram a very happy birthday hbdchiyaanvikram happybirthday chiyaanvikram
@ marissacarm happy birthday i'm in denial you're 18 so here's a picture of us from our real ages
@ witchprincetw isn't the whole point of someone's birthday to surprise them
i love all people who have the same birthday as me
happy birthday @ ivyjllbnt
@ t3t32raw happy birthday boo
@ batlinkatjm @ zeldauniverse @ hmkilla ohh dude i'm getting the same hat for my birthday actually
@ sushifreak happy birthday tho yung blood
it's my birthday
9 its my birthday
happy birthday to my brother foe
for my birthday i'm going to buy myself a teacup yorkie
officially is my 20th birthday
can't even finish off my birthday without tears
@ xbabykayy happy birthday prettty
@ tidesoull happy birthday
i'm the type of person to give you poetry on your birthday bc i'm broke
on their birthday you think oh man they woulda been this old and they kinda grow old in that way but in reality i mean they haven't
@ hunterq5 happy birthday fam
happy birthday @ isaiahdeltaco xoxo squad mom lex
happy birthday @ jadamaaaay
yo it's got to be bananas @ chancetherapper the door just shut down when i pulled up happy birthday fam and keep putting the city on
happy birthday to our wolfdog lee joon gi scarlet heart season 2 ples huhu i miss u and i love u will look for
happy birthday ape have a good one love you girl @ aprilbird10
chance the rapper is having a very stevie wonder birthday
happy happy birthday gurlfrand love you sis stay grounded as in @ laurendreid bring home some korean g
@ randompandi happy birthday pandi
@ thunderrmuffin @ highlightedjosh happy birthday
@ redmanbethany thanks pretty happy birthday too
@ lindseynstr happpppppppyyyyyyyy birthdayi'd sing to you but my fucking microphone on my phone ain't working sry
@ hazelxeyes man what and my birthday weekend
@ dominicanallah happy birthday cyn hope its a dope one
happy birthday youchan lovelive
0759 a shower on my birthday via @ realdenno
first part of @ itsthekelly baking a lemonfilled cake for mr peep's birthday
@ itsshowtimena happy birthday
@ jamesmeetsfame i see you james happy late birthday
ina go baekhyun birthday case by @ mayfairy0506 rp 300000 ems details
it's my babe's birthday
@ angmlz happy birthday girl luv and miss u
happy birthday to my bestest friend @ rileymcnabb love you amp hope you got 20 bday spankings
happy fucking birthday to my bbygirl @ skyejoseli
@ marikit happy birthday
happy birthday to the twins 4
@ patriots happy birthday
polarizing thoughts about my birthday this year 26 no thx moving in with my favorite person and getting cuddles every day yyes plz
happy birthday kathleen lol @ farahzera
it's 1030pm and i hadn't the time to say happy birthday mom i wish you were still here for me to tell you in pe
happy birthday bish miss you see you soon
@ amandaflores99 happy birthday manda i'll see u later on love u lovely dumbass
@ robertpapsie happy birthday bro
my crazy reckless and beautiful partner in crime happy happy birthday couldn't be more thankful for you s
happy birthday to 3yearold prince hobbes
wishing the most handsome hard working dedicated actor chiyaanvikram a very happy birthday hbdchiyaanvikram
@ mikefirehammer happy birthday
they even had the audience wish him happy birthday bro twice i can't even
i feel like i'm gonna sleep until like 200pm tomorrow but i don't want to bc i wanna go eat with darian for her birthday
thank god for me to see 20 ya boy getting old happy birthday me u know i'm lit @ vie at
@ drshobha happy birthday doc your tl's been a clinic for treating left libbism wish you many more healthy years of curing all everywhere
happy birthday @ tianamonae
finally my birthday
@ jessconforti happy belated birthday to my soccer partner hope it was a great one girl and don't get too lit
@ abyyyss happy birthday
my birthday cake for next year
this is going to be such a long week and i have exams all day on my actual birthday
happy birthday to the brodie @ keenanalan14 hope it's a good one bro
hello @ davidsuchet linda is turning 96 on april 24th a birthday greeting from you would again make her day tha
@ drshobha happy birthday
happy birthday to the sweetest most caring and kabog person i know so lucky to have met you enjoy your day ily
@ ayeebb happy birthday
@ icc happy birthday murali
noordhoof craniofacial foundation together with kads gives birthday present by
@ deeiskey my birthday is 420 you can't fuck with me
happy birthday g stay safe have a good one @ devalmxghty
a very happy birthday @ drshobha di god bless you with good health wealth and lots of happiness
this is like norman wishing poot happy birthday but worse
gosh what is this like 2014happy birthday isaiah
adult birthday theme ideas hot teens yoga
who would like to host an extravagant birthday event in a couple of weeks
@ jabrozki @ eherrerajr i have the same birthday as jackie chan
happy birthday lee joongi happyjoongiday wang sogt
happy birthday daghansoysur enginakyurek
@ ihansika @ actorsiddharth happy birthday to you have a wonderful year to you best wishes to you
in memoriam james last his birthday today
@ ricwilson happy birthday homie keep prospering
happy birthday to one of the realist chicks to ever appear on reality tv @ tamiroman
easter and cheddar bob's birthday week all in one ignore my nappy hair plz
happy birthday to my one and only anak perempuan kesayangan teacher ina always be a good girl okey stay pretty bb
happy birthday @ damnitsjaammm
@ emilyvento happy birthday have a wonderful day i always get what i want so be careful u know what i'm talking about
happy birthday queen
@ isabelrenteria happy birthday boo
happy birthday boss man @ biolakazeem remain blessed
happy birthday you adorable piece of pau @ brendajoni
happy birthday pretty girl
happy birthday @ chancetherapper you're real love you
i liked a @ youtube video ziya's first birthday genie party
happy birthday bro @ actorsiddharth god bless live long
@ chiniiee ata birthday
@ cowiechloe @ cowiechloe happy birthday to my bfffff hope u have a good day n get spoilt asf love you loads n
belated happy birthday to mr chaplin via @ youtube
happy birthday sister @ garciaamarissa
get you a person that'll make every birthday memorable thankful
pussy in japan birthday sex meaning
happy birthday and happy 2 year anniversary to my sweet bestfriend thank you for always being here for me i love
@ badgalariri happy birthday
@ majincheeks for my 21st birthday thats where my friend took me to get dead drunk lol
happy birthday my 20 buddy @ senoritaq8
@ redsabin happy birthday to you silly one
happy birthday @ elisabethferer i'm so upset that i have no pictures with you but i hope you had a amazing day
@ uwutism happy birthday vretheren
@ varusarath @ actorsiddharth happy birthday to chocolate boy @ actorsiddharth
@ jaylenerio1 happy birthday to you my sweet love love you baby
hapy birthday sesame 5th yr todaylove u my beautiful nnanaxoxo xoxo
it my birthday 2day happpppyyyyy
happy birthday pretty @ theregoangell
happy birthday to my first ever bffsister @ asiaamonett love u and miss u always
@ cuddlesfash happy birthday old timergod bless yoube happy
ahh shit my birthday's in 30min
happy birthday to this wonderful guy cbass @ susbass saved the best for last much loveeee from the nicest kids
@ irelandreid happy 10th birthday tito
happy happy birthday to the one of the greatest guy slash mentor i know happy birthday tay @ rbelievable i miss you po
olivia 's birthday video she's happy 36th birthday for some reason this didn't go out firefox crashedseve
never too late happy birthday jimmy @ jhouse182
happy birthday to @ anushkaxbae biggest fan of @ anushkasharma have a great year ahead god bless you @ ritikanagpal
happy birthday handsome @ mohaahdj
happy b's birthday available from 1700kst 17th april for more information by
happy birthday to my one n only @ mikamateo i redownloaded twitter just 4 u thanks for always roasting louies w
happy birthday princess
@ sejaljgd @ christophglase1 happy birthday chirstoph
well happy birthday to you may your blessings and prosperity be more than you ever imagined ijn
the caption unforgettable night @ baphimchan happy birthday
happy birthday dear brother @ devatwits god bless you
happy birthday to my manutd brother @ biolakazeem may the good lord be with you sir
70th birthday large dl quick card n 3d decoupage
@ wolfcub5195 brotha it's never to late to wish on birthday plus thanks for the birthday wishes man
advance happy birthday to me @ yakimix abreeza davao city
@ rgrosjean well i'm that case happy birthday
been awake for basically all of my birthday
mi familia happy birthday to bloweddinosaur and kolbewhite
@ jasdevael jas from the bottom of my heart i wish you a happy 28 birthday all your wishes come true i love so much
@ notbluest @ jpmise ''twas sarcasm and happy birthday
i meani can go on wmy hc'squestions but like the most important one iswhen does chika give youchan her yearly birthday kiss
@ jwdevoy happy birthday
@ aaliyah1780 happy birthday
happy birthday simon thank you for making our queen happy
birthday anniversary number decoration hanger keepsake craftbuzz anniversarygift
happy birthday @ rethabilexx hope it's your best one yet enjoy
happy birthday broski @ dengnarduzzo
yasss it's time for a great show tawana mztey younghappy birthday
@ smoothcaramels happy birthday i know i don't know you at all but still hope you have a great one
@ aidreyanantoni happy birthday bro
happy birthday @ spartancricket may you live to see many more godblessyou spartanboss
happy birthday @ fatemakazem
@ omgmarco happy birthday
we need to get to our birthday chills i mean thrills
happy birthday wheegolas happywheeinday
happy birthday @ nramalna
happy birthday eve have a good day miss you
happy b's birthday available from 1700kst 17th april for more information by
most wickets in tests muralimost wickets in odi muralimost wicket in international muralihappy birthday muttiah muralitharan
@ destineehayden happy birthday destinee
some guy just sang happy birthday by himself outside and changed keys 3 times
@ yxnited happy birthday
happy birthday ashon @ wavecr8r
@ nadiakmrzmn @ izzatyjeff happy birthday ya
@ babakaokuhle happy birthday to her we sharing a birthday with the
@ polodewww happy birthday bro stay safe
happy birthday to mama cheese i love you so much queso thanks for being a true best friend @ kaykiesow
we wish the young energetic and dexterous actor siddarth a very sopecial happy birthday
happy 20th birthday to one of my best friendsthank you god for blessing me with such an amazing human being
@ lorlaa hey big head happy birthday
hbdchiyaanvikram wishing kenny a fabulous birthday and bright year ahead a source inspiration for all of us in many ways
happy birthday evil psycho sisterr love you
@ dulcesoo its still your birthday for a minute here happy bday i love you
thank you to all the members who contributed to a birthday beyond my wildest dreams
@ iamrajchoco amr birthday r din chaamp release hobe
so happy birthday lee hope you tasted them shots with me
@ chetanlfc wishing a very best akkians happy birthday chetan enjoy
@ maydayparade thank you for making my birthday well its actually on thursday amazing what a night
teen new jersey fuck ecard birthday adult
happy birthday to my ultimate girl crush @ ysabellecaps
@ stephduncanxx happy birthdayxx
it's my birthday
ima sleep but im really excited for laura to wake up n see that finn and nick wished her a happy birthday ' i love her she deserves this
i'm getting sick and my birthday is on wednesday bro fuck my whole life
happy birthday my soulmate @ hmutairi4 enjoy it
marilyn monroe happy birthday mr @ josepruana via @ youtube
@ ryanconner69 happy belated birthday my goddess
it's my birthday
@ cosmicwonu happyyy birthday
last minute of my birthday
almost my birthday
@ joseiloilo belated happy birthday boss
happy 16th birthday brianna outlander s3 teaser
@ thesunainaa wish you many more happy returns of the day a warm birthday wishes sunainaa mam keep winning
@ quickdolan happy birthday fleur
before the day ends i would like to wish my sister a very happy birthday she's a pain in the ass but i still love
happy birthday boo @ raeannkareese
happy birthday to my heart my headache the mother of my first born my best friend at times and the young
it's my birthday
check out bubble guppies string decorations 6 birthday party supplies room decorations via @ ebay
@ itismemissy happy birthday nissy have a great day friend
my birthday is this week but i'm not having my party till may lmao
@ ysabellecaps happy birthday to the baddest
somebody is excited to be in the qf lounge waiting to go home to qld after easter amp birthday in sydney @ qantas
happy 41st birthday to roots artistsongwriterperformer miguel orlando sizzla kalonji collins april 17 1976
@ nwh91tree happy birthday thanks for translates amp updates
@ jasonrussellc happy birthday
@ elliegibson16 happy birthday beautiful enjoy ur dayx
happy birthday once again to my nigga
@ hazwanimahadi happy birthday love xoxoxoxo
@ marydaleentrat5 happy birthday ryuu godbless maywardangsunshinenamin
happy birthday boss k god bless @ realfusana
happy birthday shkodran
happy birthday @ adjoafosuaa have a nice one
@ tbdalton5 happy birthday to your gorgeous girl
turquoise green painting abstract torso nude birthday gift for men annakisart scarf
lucky gulaabo got harman ji as her birthday gift
@ iamblackbear couldn't make it to my birthday but i heard you're doing okay
@ phungjustin happy late birthday menteeeee fuk shit up
@ lovelycherryyyy happy birthday x
happy birthday joyjoy i love you so muchi hope you have a great special day @ jedijoylynn
happy birthday @ laraisabsent may you get your heart's desire have a stressfree birthday week
@ sorrellolly also like just how formal is that birthday if you're considering old abidresses
happy birthday to the gorgeous wonderful inspiring sexy @ catherinerusse2
@ rockstartchr happy birthday
@ rgrosjean happy birthday romain enjoy your day
happy birthday flourish more blessings frosteepeggy
@ lamdagreat happy birthday love be crazy as fuck and do what you want it's your day but stay safe
@ lovealexisley happy birthday beautiful god bless
happy birthday @ kellgraves let's get smashed tonight
@ littlekookie98 happy birthday nha
happy crown birthday wifey enjoy your day beautiful see you in a few
cannot wait to have a night out with some of my favourite people for my boos birthday
wouldn't wanna spend my birthday with anyone else other than my best friend happy birthday @ shelleycowie love you
@ mizmaybach happy birthday my baby girl i hope you have an amazing day love you always
hey @ dannybmiller its @ suggsdingle birthday today you know what to do
happy birthday to my @ jazzymino have a fabulous day honey you deserve it remember that today
happy birthday sanweezy you always gonna be my little bro and i'll always be there for you
happy birthday to my best pal in da world @ clarity xxxxx
@ imanilj3 happy birthday kid
kiddies birthday party adults birthday party and baby shower price listprice valid from 01042017 to
happy birthday bailey babe
@ sonymusicsouth happy birthday anna
penblwydd hapus happy birthday peterdoig see his work and more modern masterpieces here now bacontodoig
@ biolakazeem happy birthday egbon wishing you happiness long life and prosperity cheers
@ cumyo2 happy birthday
happy birthday lola cara left who is turning 88 years old today she is still single and very
happy birthday sehun by exophils via @ c0nvey
happy birthday to the sunshine wife you
@ mellinakong ill just keep wishig you happy birthday over and over lol
happy birthday @ anousheya wishing you the best of everything in life
@ actorsiddharth happy birthdayhave a great year ahead
love this sisters picture i made for vicki amp nat what a fab choice of quote amp a great 18th birthday gift all
choosing 3 great tweets from @ owensdamien's favstar is difficult because they're all so good happy reduced chocolate birthday damien x
happy birthday beautiful @ thesunainaa
@ mrphemelom happy birthday bruh
cousinn happiest birthday my missed one @ fatimalsakran 19
happy birthday hakim @ imrkoalabear
happy birthday @ morrisclaus 15 years stubborn hbd birthday lovingit 15years
happy birthday kupal @ oliverrkyle
@ laurendreid happy guacamole birthday
noels surprise 50th birthday from this weekend dj2goie dj djhire sound lights party dublin surprise 50th
@ arianecrystle happy birthday from a fellow maga supporter let this be a great day for you
@ avikaplan happy birthday heard you loved your birthday gift hope you have a wonderful day
happy 18th birthday @ jaymeedomoney sofluffy
@ okyeamekwame 0554240187 happy birthday rap doctor
happy birthday to one of my faves @ michellewxx hope you have the best babe love you lots
why i don't celebrate birthdays birthday via @ creationliberty keep it real for christ
@ wortwicht singt laut vor sich hinhappy birthday to youhappy birthday to you happy birthday lieber wortwicht happy birthday to you
happy birthday chellai imy @ chelsbalauitan
@ jessamatsu happy birthday enjoy yourself
@ thesunainaa happy birthday mam
happy birthday megan char enjoy your day @ triciaalvrangls
@ kvngspice happy birthday artist
@ ameliathompsonn happy birthday amelia hope you have a great day x
happy birthday to the best ever @ policysmith 40 birthday
puthuyugamtv wishes chiyaanvikram a very happy birthdayhappybirthdaychiyaanvikram hbdvikram
@ lapsandlanes happy birthday jess enjoy you easter monday
@ gucciflake happy birthday daddy i love you so much
happy birthday crag have a great day @ cragyoung17
@ easmontrickz happy birthday easmon
light skinned black girl sex pics birthday sex girl remix
happy birthday my beautiful b @ b35reynolds
@ rylandlynch happy birthday
happy birthday to my bestfriend since 01 hope you have the best day ez and i'll see you soon @ erinsawyerx
@ victoriabeckham happy birthday victoria beckhamhopefully longevity and healthy always
@ jimmyosmond hope you have a great birthday
make her squirt jerimeh birthday sex
happy birthday mate @ itzjackyt have a great day
i want white wall wheels and a roof rack on my beetle so bad who wants to give me an early birthday present
happy birthday seven dairylove lovewhereilive insidethefarmgate
@ hannahargamosa happy birthday
last day of easter and my son's 5th birthday so this is my biggest offer yet pm me with any questions you have
if its actually a thing the second album may drop on his birthday june 17th its his 30th bday we know what pac said mortal man
@ littlemissrina happy belated birthday dear hope you had a great one love
i have 4 pulls for maki's birthday box and here is my wishlistpart1
@ s1000rrniz happy birthdaytreat yaself to a carbon lid
happy birthday @ jayfensomuk hope you have a fab day miss you but probs won't see you soon xxx
hardcore female bodybuilder porn adult birthday party invitations
@ luluvongi happy birthday to one of my favorite girl i love you long time baby girl
happy birthday to my fave @ wowclassyrach have a brilliant day lovely
@ lodgeviewrikijo hey rickijo have a happy birthday didn't realise that you are that age same as me hope you get
who sings the song birthday sex christina aguilera nude picture
happy birthday my young nigga @ efernandez09 never knew baseball can make someone fam af stay lit this year is one for the books
ziya's first birthday genie party
happy birthday you
happy birthday @ catherinerusse2 hope you have a wonderful day xx
happy birthday @ juliensolomita you amp jenna are so hilarious amp wonderful i just love you two life goal get drunk amp laugh w yall someday
happy birthday to my brother much love @ jacklewiis
exciting event in memory of arthurrackham do dm for similar event in belsize park in september if you have ideas
celebrating your special day soon this set of stands would be perfect for a birthday celebration order now
doesn't feel like it's my birthday tomorrow at all
@ jaylaw845 happy birthday bro i got an l for u today
happy birthday to me
@ uudbilawmanus ya true wait i met you soopz ke birthday ko na there is one other guy who resembles you i kept mixing y'all up idk who now
happy birthday to medjy @ medjyaenposib
planning my birthday in houston
happy birthday to surely one of the greatest actor hbdchiyaanvikram can't describe love for you sketch
happy birthday @ tiyanishuga13 quite a fortune to share a birthday with you superstar
just want to give a huge shoutout to my man and my rock for giving me a great birthday and always being my 1 love you s'much bb @ kaden20
happy birthday to the love of my lifemy smile keepermy travel buddymy chefmy
happy birthday bhuti @ mlotaazola stay humble and down to earth have a good one
happy birthday pops love you
@ armstrongkyle7 happy birthday mate xx
@ raxhelleee oh nooo fam my birthday
happy birthday @ rahdo
@ stephjohno17 happy birthday
@ dmonate7 happy birthday dm god bless
happy birthday to my queenthoo @ snehakumar love you loads and don't party too hard
ben 10 alien force nude adult birthday theme ideas
believe me we taking over soon new songs will be out before june and a birthday song in august teamkells
@ daeadel happy birthday
@ solaadio happy birthday mrs sola grace n blessings always
happy birthday @ lhongne
loving my easterbunny ears gabrielle instadaily instagay gay beard beardgang birthday
happy birthday @ kristinetoraya
happiest birthday @ zhra98
@ aliciatodd happy birthday for yesterday me love
former soundcity presenter juliet mgborukwe gifted bmw by hubby ahead of 30th birthday
leather notebook journal diary birthday gift for women girl bes annakisart giftformom
birthday presents lamborghini collector squadracorse
@ mattyounggg happy birthday pal have a good'en see you soon
@ jimmyosmond hope you have a lovely birthday filled with friends family fun and love
happy bday to me birthday
happy birthday @ zedrickcusi
remembering you on your birthday x
forever 21 this weekend i'm on my head for my frannnnn birthday weekend
happiest birthday ganda @ hennuhxkersten enjoy your day take care alwayz i gotchu oki miss and love u hang soon
i'm an eternal over icer but hey we all know that birthday calories are null and void
happy birthday @ lizgarrardx hope you have a fab day and celebrate with broadchurch xxxx
@ munirahaak happy birthday munira i love you
happy birthday doc @ baaaridr god bless
happy birthday holly hope you have a fab day gorgeous x @ nagleholly
everyone is so busy on my birthday it is going to be so shit
@ mmujie blustery birthday adssssss bestnyaaaa
@ bdodance can i get a shoot out for my daughter skye happy 16th birthday bdodance danceaid ratchetclothing happybirthdayskye
happy birthday gorgeous i love you so much hope today is great @ anr12
hugo wanted to spend his birthday weekend at the summer house so we did and we even managed to
@ stellatodaniel happy birthday danny hope it's a good one miss ya buddy penguin
chloe's birthday is 19970210
thanks @ charlmiller4 and yes i agree aries happy birthday to @ victoriabeckham amp anyone else who share the same
@ kenwaays i am not ready for soumako birthday to come out i will die azueyveudyfz
@ eefanx thanks but it's not my birthday xx
might as well get in some birthday slides while i wait for the misses to get ready
want this as my birthday cake vangogh cake
happy birthday to hong hongseokie rl amp rp god bless you xoxo @ hhngseok
montories is going to be prereleased on my birthday and i am broke
profile born name stage name english name annie kim birthday february 9 1996 height 161
@ bigmak92 happy birthday mate
@ wezchiiiii don't bring jesus into it on his birthday
happy 31st birthday to @ rgrosjean
happiest birthday to our dearest ate pam @ pamflo81 thank u 4 everythingwe love you very much
happy birthday @ kiaradacruz miss youuu
my birthday is friday
henry and his biceps wanted to stop by and wish erin a happy birthday
@ fatherflgure celebrate this birthday like royalty
planning a pirate party momsofgirls momsofboys etsymntt family children dads kids
happy birthday to all the fans born between april 17 23
now is your chance to wish cincinnati bengals on 247sports legend boomer esiason a happy birthday
@ tsmzero happy birthday man have a great one hope our paths cross again sometime soon haha
happy birthday jessica happyjessicaday
wow major throwback time happy birthday ken love and miss you pretty i hope you have the best day yet
@ basketballwives @ tamiroman haaaaapppy birthday to you aries guuuurl we share the same day and i love you so much gigi
book your next birthday party with us here at golden glide check out our party package and contact us today
happy birthday baby have fun n be safe @ briyannaaa
you can still eat cake like its your birthday at @ starbuckscanada try the cute cakepops
great time last night with bella rage's birthday massacre thanks to all that came
happy birthday chiyaan vikram perseverance' is the word that best describes dhruva natchathiram actor
happy birthday @ avikaplan
happy birthday mun more life more everything @ huntercv11
happy birthday @ pushposey
happy birthday girl hope state's treating you well @ juliaschwartzzz
thank you everyone for the warm birthday wishes
happy birthday coop hope you have a great day @ dacoop37
@ mjkeenan happy birthday hope you get as much enjoyment today as you have given us
happy birthday sweetheart @ fivscoera
wow i forgot today was my dad birthday just like he forgot mine for the past 19 yrs of me living
@ ciralovesbacon this one actually was on my birthday
@ avladt happy birthday alex
happy birthday @ giannawindzel
happy 21st birthday beautiful have fun @ b0bandra
happy birthday @ bbeck5
@ nyeedaysff happy birthday gemukkkk
@ alectilford is there any other way to celebrate a birthday
@ royaiveronica happy birthday babe
bishdearra21 @ shortymacshort happy birthday
happy birthday to jessica happyjessicaday by soompi via @ c0nvey
happy birthday to the funniest mothaaaafukaaaa ever love your crazy ass so much @ santhraaxxx
@ flamnthotcheeto happy birthday
my mom keeps sending me happy birthday on imessage bc shes so fascinated by the balloons that pop up when you say it shes so pure
really poorcustomerservice from @ viagogo tickets for @ brunomars for tomorrow will not be coming birthday surprise is ruined
behold chance the rapper's birthday cake
my birthday is jus getting closer amp closer may please take your time
omg it's ur birthdayhope u have the best day of ur life ilysm @ avikaplan happybirthdayavi
@ jwoods5 happy birthday
happy birthday kevin peppermooncatering culinaryexcellence
happy birthday pretty girl @ ryliegittins
happy birthday to this spoiled ass little sis of mines @ treshors sweet16
