nowplaying kenny rogers the gambler
feelgood country track that will make you think of someone special listen gt
oh man pitiful might as well be in south sucks
happy easter everyone rissen easter yeeyee isaaccolemusic imyourhuckleberry
girl sexy stripping female sex offenders teachers
a view i'm never tired of familyfarm barn @ arlington washington
nowplaying on lee brice titre a woman like you rock nancy heartcountry
nowplaying midnight in harlem by tedeshi trucks band listen on stream
nowplaying kenny rogers if you want to find love
world sex orgy girls free porn
nowplaying ready set roll chase ricedownload our app music hotcountry rt
nowplaying lionel cartwright i watched it all on my radio
nowplaying eric chesser with good times amp summer days radio release run time 259s newartist
hoping it's not a 1night stand bluegrass johnlennon taylorswift newmusic keithurban jasonaldean
nowplaying reba mcentire what am i gonna do about you
nowplaying real life jake owendownload our app music hotcountry rt
nowplaying tammy wynette stand by your man
nowplaying on ry cooder titre 3rd base dodger stadium rock nancy heartcountry
nowplaying homegrown zac brown banddownload our app music hotcountry rt
nowplaying 3rd base dodger stadium by ry cooder listen on stream
another beautiful day in wncmarshill mountains blueridgemountains nature
nowplaying holly dunn love someone like me
nowplaying on toby keith titre hope on the rocks rock nancy heartcountry
norah jones be here to love me listen on radiolibre hitscountry music mirabelle nancy
nowplaying ray scott with livin' this way newartist
music first aid kit my silver lining elkuefo bootleg music join us and submit your music
nowplaying until im one with you by ryan bingham listen on stream
nowplaying on brinn black titre that should have been us rock nancy heartcountry
girls free porn free new naked big boob jast girls porn movies
nowplaying garth brooks callin' baton rouge
nowplaying luke bryan fastdownload our app music hotcountry rt
guy knocks out 2 dudes without breaking a sweat
sex song teen naked pussy of marathi
nowplaying alabama pass it on down
nowplaying hillbilly fire jeff danedownload our app music hotcountry rt
nowplaying girl in a country song by maddie amp tae listen on stream
nowplaying on luke bryan titre i see you lyric video rock nancy heartcountry
make you miss me sam hunt country 923457611
nowplaying dan seals love on arrival
@ clickbankggmary great to meet you please listen to i can feel her heart beatin inside of mine music
nowplaying keith whitley when you say nothing at all
nowplaying on tyler farr titre whiskey in my water rock nancy heartcountry
why don't we use science polls to get an estimate of what americans want as a to be accomplished
nowplaying on kenny rogers titre for the good times rock nancy heartcountry
nowplaying steve holy good morning beautiful
trump unwelcome to the usa regardless of race n xcept muslims just stay away
nowplaying holly spears with farm girl newartist
nowplaying on the collins kids titre hop skip and jump rock nancy heartcountry
nowplaying she used to love me a lot by johnny cash listen on stream
always you and me mike smith
nowplaying on lady antebellum titre just a kiss rock nancy heartcountry
livestreammusic jeffkrumholt jeff krumholt live happy easter oldies
nowplaying conway twitty ampamp loretta lynn as soon as i hang up the phone
porn home made sex fuck
girls fucking cute girls short shorts anal pictures galleries
just finished this all mahogany ganesha model with our house blend pickups and a maple fretboard blues
nowplaying kenny rogers the gambler
feelgood country track that will make you think of someone special listen gt
oh man pitiful might as well be in south sucks
happy easter everyone rissen easter yeeyee isaaccolemusic imyourhuckleberry
girl sexy stripping female sex offenders teachers
a view i'm never tired of familyfarm barn @ arlington washington
nowplaying on lee brice titre a woman like you rock nancy heartcountry
nowplaying midnight in harlem by tedeshi trucks band listen on stream
nowplaying kenny rogers if you want to find love
world sex orgy girls free porn
nowplaying ready set roll chase ricedownload our app music hotcountry rt
nowplaying lionel cartwright i watched it all on my radio
nowplaying eric chesser with good times amp summer days radio release run time 259s newartist
hoping it's not a 1night stand bluegrass johnlennon taylorswift newmusic keithurban jasonaldean
nowplaying reba mcentire what am i gonna do about you
nowplaying real life jake owendownload our app music hotcountry rt
nowplaying tammy wynette stand by your man
nowplaying on ry cooder titre 3rd base dodger stadium rock nancy heartcountry
nowplaying homegrown zac brown banddownload our app music hotcountry rt
nowplaying 3rd base dodger stadium by ry cooder listen on stream
another beautiful day in wncmarshill mountains blueridgemountains nature
nowplaying holly dunn love someone like me
nowplaying on toby keith titre hope on the rocks rock nancy heartcountry
norah jones be here to love me listen on radiolibre hitscountry music mirabelle nancy
nowplaying ray scott with livin' this way newartist
music first aid kit my silver lining elkuefo bootleg music join us and submit your music
nowplaying until im one with you by ryan bingham listen on stream
nowplaying on brinn black titre that should have been us rock nancy heartcountry
girls free porn free new naked big boob jast girls porn movies
nowplaying garth brooks callin' baton rouge
nowplaying luke bryan fastdownload our app music hotcountry rt
guy knocks out 2 dudes without breaking a sweat
sex song teen naked pussy of marathi
nowplaying alabama pass it on down
nowplaying hillbilly fire jeff danedownload our app music hotcountry rt
nowplaying girl in a country song by maddie amp tae listen on stream
nowplaying on luke bryan titre i see you lyric video rock nancy heartcountry
make you miss me sam hunt country 923457611
nowplaying dan seals love on arrival
@ clickbankggmary great to meet you please listen to i can feel her heart beatin inside of mine music
nowplaying keith whitley when you say nothing at all
nowplaying on tyler farr titre whiskey in my water rock nancy heartcountry
why don't we use science polls to get an estimate of what americans want as a to be accomplished
nowplaying on kenny rogers titre for the good times rock nancy heartcountry
nowplaying steve holy good morning beautiful
trump unwelcome to the usa regardless of race n xcept muslims just stay away
nowplaying holly spears with farm girl newartist
nowplaying on the collins kids titre hop skip and jump rock nancy heartcountry
nowplaying she used to love me a lot by johnny cash listen on stream
always you and me mike smith
nowplaying on lady antebellum titre just a kiss rock nancy heartcountry
livestreammusic jeffkrumholt jeff krumholt live happy easter oldies
nowplaying conway twitty ampamp loretta lynn as soon as i hang up the phone
nowplaying dolly parton coat of many colors
nowplaying on george strait titre love's gonna make it alright rock nancy heartcountry
nowplaying put a label on it ryan follesedownload our app music hotcountry rt
april verch 06 long harbourmp3 listen on radiolibre hitscountry music mirabelle nancy
nowplaying here for a good time by george strait listen on stream
nowplaying steve wariner there for a while
nowplaying on dazie mae titre drink till the day that i die rock nancy heartcountry
jim electric accordionist accordion thewaywardhearts folk vancouvermusic rock vancouver
music 4weekend passenger let her go music billboard thevoice
jim electric accordionist accordion thewaywardhearts folk vancouvermusic rock
nowplaying drink a beer luke bryandownload our app music hotcountry rt
nowplaying red foley birmingham bounce
nowplaying on cole swindell titre let me see ya girl rock nancy heartcountry
tea towels are here artistsontwitter pattern surfacedesign illustration kitchen pies
nowplaying drink till the day that i die by dazie mae listen on stream
just some yahoos i made tromping through the orchards familyfarm farm spring @
nowplaying sara evans born to fly
nowplaying better man little big towndownload our app music hotcountry rt
girls fucking cute girls short shorts anal pictures galleries
just finished this all mahogany ganesha model with our house blend pickups and a maple fretboard blues
nowplaying kenny rogers the gambler
feelgood country track that will make you think of someone special listen gt
oh man pitiful might as well be in south sucks
happy easter everyone rissen easter yeeyee isaaccolemusic imyourhuckleberry
girl sexy stripping female sex offenders teachers
a view i'm never tired of familyfarm barn @ arlington washington
nowplaying on lee brice titre a woman like you rock nancy heartcountry
nowplaying midnight in harlem by tedeshi trucks band listen on stream
nowplaying kenny rogers if you want to find love
world sex orgy girls free porn
nowplaying ready set roll chase ricedownload our app music hotcountry rt
nowplaying lionel cartwright i watched it all on my radio
nowplaying eric chesser with good times amp summer days radio release run time 259s newartist
hoping it's not a 1night stand bluegrass johnlennon taylorswift newmusic keithurban jasonaldean
nowplaying reba mcentire what am i gonna do about you
nowplaying real life jake owendownload our app music hotcountry rt
nowplaying tammy wynette stand by your man
nowplaying on ry cooder titre 3rd base dodger stadium rock nancy heartcountry
nowplaying homegrown zac brown banddownload our app music hotcountry rt
nowplaying 3rd base dodger stadium by ry cooder listen on stream
another beautiful day in wncmarshill mountains blueridgemountains nature
nowplaying holly dunn love someone like me
nowplaying on toby keith titre hope on the rocks rock nancy heartcountry
norah jones be here to love me listen on radiolibre hitscountry music mirabelle nancy
nowplaying ray scott with livin' this way newartist
music first aid kit my silver lining elkuefo bootleg music join us and submit your music
nowplaying until im one with you by ryan bingham listen on stream
nowplaying on brinn black titre that should have been us rock nancy heartcountry
girls free porn free new naked big boob jast girls porn movies
nowplaying garth brooks callin' baton rouge
nowplaying luke bryan fastdownload our app music hotcountry rt
guy knocks out 2 dudes without breaking a sweat
sex song teen naked pussy of marathi
nowplaying alabama pass it on down
nowplaying hillbilly fire jeff danedownload our app music hotcountry rt
nowplaying girl in a country song by maddie amp tae listen on stream
nowplaying on luke bryan titre i see you lyric video rock nancy heartcountry
make you miss me sam hunt country 923457611
nowplaying dan seals love on arrival
follow the page for more funfacts hindu muslim sikh isai religion nation desi snapchat
nowplaying vince gill when love finds you
truestory 1920's artist jimmie rodgers is known as the father of country music
nowplaying on the road again by freddy weller listen on stream
nowplaying nitty gritty dirt band modern day romance
kenny rogers lay it down listen on radiolibre hitscountry music mirabelle nancy
nowplaying billy dean if there hadn't been you
nowplaying on florida georgia line titre sun daze rock nancy heartcountry
nowplaying rascal flatts fast cars and freedom
a little bit more of the guichenbay goodness lucky have a swim a coffee a wine a crayfish and a
summer concerts 2017 tickets shows bands @ ebay summer festivals rock
nowplaying jacob davis with what i wanna be newartist
wrap up your easter evening by listening to some music might find some new artists you like
feelgood country track that will make you think of someone special listen gt
dining table missing something buy this gt dining centerpiece romantic
guatemala free porn images girls nude free pic
nowplaying on the springs titre everybody runs rock nancy heartcountry
now that was fun every now and then you gotta get down style southernliving fl
nowplaying el cerrito place by kenny chesney listen on stream
girls gone wild nude pics and vid simpsonovi porn
exactly this country has so weakened our even stretching to our male veterans i'm disgusted
nowplaying brooks ampamp dunn we'll burn that bridge
nowplaying dolly parton coat of many colors
nowplaying on george strait titre love's gonna make it alright rock nancy heartcountry
nowplaying put a label on it ryan follesedownload our app music hotcountry rt
april verch 06 long harbourmp3 listen on radiolibre hitscountry music mirabelle nancy
nowplaying here for a good time by george strait listen on stream
nowplaying steve wariner there for a while
nowplaying on dazie mae titre drink till the day that i die rock nancy heartcountry
jim electric accordionist accordion thewaywardhearts folk vancouvermusic rock vancouver
music 4weekend passenger let her go music billboard thevoice
jim electric accordionist accordion thewaywardhearts folk vancouvermusic rock
nowplaying drink a beer luke bryandownload our app music hotcountry rt
nowplaying red foley birmingham bounce
nowplaying on cole swindell titre let me see ya girl rock nancy heartcountry
tea towels are here artistsontwitter pattern surfacedesign illustration kitchen pies
nowplaying drink till the day that i die by dazie mae listen on stream
just some yahoos i made tromping through the orchards familyfarm farm spring @
nowplaying sara evans born to fly
nowplaying better man little big towndownload our app music hotcountry rt
girls fucking cute girls short shorts anal pictures galleries
just finished this all mahogany ganesha model with our house blend pickups and a maple fretboard blues
nowplaying kenny rogers the gambler
feelgood country track that will make you think of someone special listen gt
oh man pitiful might as well be in south sucks
happy easter everyone rissen easter yeeyee isaaccolemusic imyourhuckleberry
girl sexy stripping female sex offenders teachers
a view i'm never tired of familyfarm barn @ arlington washington
nowplaying on lee brice titre a woman like you rock nancy heartcountry
nowplaying midnight in harlem by tedeshi trucks band listen on stream
nowplaying kenny rogers if you want to find love
world sex orgy girls free porn
nowplaying ready set roll chase ricedownload our app music hotcountry rt
nowplaying lionel cartwright i watched it all on my radio
nowplaying eric chesser with good times amp summer days radio release run time 259s newartist
hoping it's not a 1night stand bluegrass johnlennon taylorswift newmusic keithurban jasonaldean
nowplaying reba mcentire what am i gonna do about you
nowplaying real life jake owendownload our app music hotcountry rt
nowplaying tammy wynette stand by your man
nowplaying on ry cooder titre 3rd base dodger stadium rock nancy heartcountry
nowplaying homegrown zac brown banddownload our app music hotcountry rt
nowplaying 3rd base dodger stadium by ry cooder listen on stream
another beautiful day in wncmarshill mountains blueridgemountains nature
nowplaying holly dunn love someone like me
nowplaying reba mcentire little rock
check out original folk art painting acrylic on wood artist signed amapola via @ ebay
nowplaying on caroline pennell titre we're going to be friends rock nancy heartcountry
never gets old truly the lucky to sit on a warm afternoon staring at this view from
nowplaying on dustin lynch titre hell of a night rock nancy heartcountry
nowplaying patsy cline sweet dreams
nowplaying how not to dan shaydownload our app music hotcountry rt
fiddle de diddle crossroads ericclapton bluegrass music rock jazz fun love @ darrellwebbband
nowplaying kat taylor with shame on you newartist
fun sex positions in a car girls gone wild nude pics and vid
nowplaying home by dierks bentley listen on stream
feelgood country track that will make you think of someone special listen gt
nowplaying do i make you wanna billy curringtondownload our app music hotcountry rt
beautiful sunset from our drive home after dinner tonight with the family nofilter easter familytime
is anal sex bad for health girl anal
artist @ iamjordanaaron is a guest of episode 105 great musicindustry chat the full unedited interview
nowplaying on thomas rhett titre it goes like this rock nancy heartcountry
lose my mind brett eldredge 1002251822
nowplaying todayscountryandthelegends unknowndownload our app music hotcountry rt
nowplaying toby keith you ain't much fun since i quit drinking
nowplaying on kelsea ballerini titre love me like you mean it rock nancy heartcountry
nowplaying alabama the closer you get
beautiful love song dear companion by john rankin breaking music record bluegrass guitar nashville
pure amp simple dolly parton
the first in the world to adopt christianity wasfind out here
live easter night with michael saucedo on spreaker cleveland latin pop spanish
nowplaying on gordon haskell titre all the time in the world rock nancy heartcountry
porn video lovely grannies you porn
keep your horse close by horselover horses cowgirls equinegifts
nowplaying hickory wind by the byrds listen on stream
follow the page for more funfacts hindu muslim sikh isai religion nation desi snapchat
nowplaying vince gill when love finds you
truestory 1920's artist jimmie rodgers is known as the father of country music
nowplaying on the road again by freddy weller listen on stream
nowplaying nitty gritty dirt band modern day romance
full house singalong listen and chills rt baylor wvu roads game
nowplaying i believe in you 1980 don williamsdownload our app music hotcountry rt
nowplaying glenn campbell ampamp bobbie gentry all i have to do is dream
nowplaying on tommy cash titre coward of the county rock nancy heartcountry
nowplaying coward of the county by tommy cash listen on stream
nowplaying on ernest ashworth titre flip flop and fly rock nancy heartcountry
girls porn pics filipina slut teen
nowplaying t graham brown hell and high water
frankie ballard young amp crazy listen on radiolibre hitscountry music mirabelle nancy
nowplaying on 2steel girls titre take me back realtree rock nancy heartcountry
nowplaying 19 you me dan shaydownload our app music hotcountry rt
nowplaying loretta lynn you're lookin' at country
nowplaying on 3rd amp union titre my love demo rock nancy heartcountry
coalash is 1 of the largest wastestreams inthe 2 tennessee cases bring coals hidden hazard to light
nowplaying confederate railroad jesus and mama
music cd's amp vinyl records rock metal pop classical vinyl rap music cds
nowplaying man in black johnny cashdownload our app music hotcountry rt
nowplaying on the springs titre are you an angel rock nancy heartcountry
nowplaying sawyer brown some girls do
music aaron lewis vicious circles album version music join us and submit your music
nowplaying reba mcentire little rock
check out original folk art painting acrylic on wood artist signed amapola via @ ebay
nowplaying on caroline pennell titre we're going to be friends rock nancy heartcountry
never gets old truly the lucky to sit on a warm afternoon staring at this view from
nowplaying on dustin lynch titre hell of a night rock nancy heartcountry
nowplaying patsy cline sweet dreams
nowplaying how not to dan shaydownload our app music hotcountry rt
fiddle de diddle crossroads ericclapton bluegrass music rock jazz fun love @ darrellwebbband
nowplaying kat taylor with shame on you newartist
fun sex positions in a car girls gone wild nude pics and vid
nowplaying home by dierks bentley listen on stream
feelgood country track that will make you think of someone special listen gt
nowplaying do i make you wanna billy curringtondownload our app music hotcountry rt
beautiful sunset from our drive home after dinner tonight with the family nofilter easter familytime
is anal sex bad for health girl anal
artist @ iamjordanaaron is a guest of episode 105 great musicindustry chat the full unedited interview
nowplaying on thomas rhett titre it goes like this rock nancy heartcountry
lose my mind brett eldredge 1002251822
nowplaying todayscountryandthelegends unknowndownload our app music hotcountry rt
nowplaying toby keith you ain't much fun since i quit drinking
nowplaying on kelsea ballerini titre love me like you mean it rock nancy heartcountry
nowplaying alabama the closer you get
beautiful love song dear companion by john rankin breaking music record bluegrass guitar nashville
pure amp simple dolly parton
the first in the world to adopt christianity wasfind out here
live easter night with michael saucedo on spreaker cleveland latin pop spanish
nowplaying on gordon haskell titre all the time in the world rock nancy heartcountry
porn video lovely grannies you porn
keep your horse close by horselover horses cowgirls equinegifts
nowplaying hickory wind by the byrds listen on stream
follow the page for more funfacts hindu muslim sikh isai religion nation desi snapchat
nowplaying vince gill when love finds you
truestory 1920's artist jimmie rodgers is known as the father of country music
nowplaying on the road again by freddy weller listen on stream
nowplaying nitty gritty dirt band modern day romance
kenny rogers lay it down listen on radiolibre hitscountry music mirabelle nancy
nowplaying billy dean if there hadn't been you
nowplaying on florida georgia line titre sun daze rock nancy heartcountry
nowplaying rascal flatts fast cars and freedom
women naked jessica albas sex
nowplaying local herowild theme by dire straits listen on stream
need advice on moving across the country from pennsylvania advice california from moving need
sunday 04302017 on the yuccastage kevin sharp freetempe phoenix arizona livemusic nightlife
nowplaying steve wariner your memory
mom erotica girls free porn
one more smile before i cry keithurban bluegrass carrieunderwood newmusic jasonaldean taylorswift
nowplaying red foley chattanoogie shoe shine boy
nowplaying on chase rice titre gonna wanna tonight rock nancy heartcountry
girls in booty shorts fuck jlo naked
nowplaying little bit of you chase bryantdownload our app music hotcountry rt
nowplaying a memory like i'm gonna be by tanya tucker listen on stream
love story taylor swift country 295757188
feelgood country track that will make you think of someone special listen gt
jim electric accordionist accordion thewaywardhearts folk vancouvermusic rock vancouver
nowplaying wynonna judd i saw the light
jolie holland sweet loving man listen on radiolibre hitscountry music mirabelle nancy
nowplaying if you ever get lonely love and theftdownload our app music hotcountry rt
we help you settle in the of your choicefor more details contact wwics
nowplaying eagles new kid in town
nowplaying on kim richey titre something more rock nancy heartcountry
lois griffin family guy naked sex song
nowplaying ricky scaggs same ol' love
nowplaying beautiful drug zac brown banddownload our app music hotcountry rt
new song somewhere over the mountain by john rankin breaking music rock guitar original bluegrass
full house singalong listen and chills rt baylor wvu roads game
nowplaying i believe in you 1980 don williamsdownload our app music hotcountry rt
nowplaying glenn campbell ampamp bobbie gentry all i have to do is dream
nowplaying on tommy cash titre coward of the county rock nancy heartcountry
nowplaying coward of the county by tommy cash listen on stream
nowplaying on ernest ashworth titre flip flop and fly rock nancy heartcountry
girls porn pics filipina slut teen
nowplaying t graham brown hell and high water
frankie ballard young amp crazy listen on radiolibre hitscountry music mirabelle nancy
nowplaying on 2steel girls titre take me back realtree rock nancy heartcountry
nowplaying 19 you me dan shaydownload our app music hotcountry rt
nowplaying loretta lynn you're lookin' at country
nowplaying on 3rd amp union titre my love demo rock nancy heartcountry
coalash is 1 of the largest wastestreams inthe 2 tennessee cases bring coals hidden hazard to light
nowplaying confederate railroad jesus and mama
music cd's amp vinyl records rock metal pop classical vinyl rap music cds
nowplaying man in black johnny cashdownload our app music hotcountry rt
nowplaying on the springs titre are you an angel rock nancy heartcountry
nowplaying sawyer brown some girls do
music aaron lewis vicious circles album version music join us and submit your music
nowplaying reba mcentire little rock
check out original folk art painting acrylic on wood artist signed amapola via @ ebay
nowplaying on caroline pennell titre we're going to be friends rock nancy heartcountry
never gets old truly the lucky to sit on a warm afternoon staring at this view from
nowplaying on dustin lynch titre hell of a night rock nancy heartcountry
nowplaying patsy cline sweet dreams
nowplaying how not to dan shaydownload our app music hotcountry rt
fiddle de diddle crossroads ericclapton bluegrass music rock jazz fun love @ darrellwebbband
nowplaying kat taylor with shame on you newartist
fun sex positions in a car girls gone wild nude pics and vid
nowplaying home by dierks bentley listen on stream
feelgood country track that will make you think of someone special listen gt
nowplaying do i make you wanna billy curringtondownload our app music hotcountry rt
beautiful sunset from our drive home after dinner tonight with the family nofilter easter familytime
is anal sex bad for health girl anal
artist @ iamjordanaaron is a guest of episode 105 great musicindustry chat the full unedited interview
nowplaying on thomas rhett titre it goes like this rock nancy heartcountry
lose my mind brett eldredge 1002251822
nowplaying todayscountryandthelegends unknowndownload our app music hotcountry rt
nowplaying toby keith you ain't much fun since i quit drinking
nowplaying on kelsea ballerini titre love me like you mean it rock nancy heartcountry
nowplaying alabama the closer you get
beautiful love song dear companion by john rankin breaking music record bluegrass guitar nashville
nowplaying on lynn harper titre he'll be your friend rock nancy heartcountry
nowplaying you look good lady antebellumdownload our app music hotcountry rt
nowplaying sammy kershaw i can't reach her anymore
girls free porn supernatural sexy
nowplaying that's christmas to me by pentatonix listen on stream
tickets for tim mcgraw tickets philadelphia pa 08182017 concert festival
girl barcelona porn movie adult stripping games
porn video totally free hd porn
nowplaying just gettin' started jason aldeandownload our app music hotcountry rt
nowplaying lari white lead me not
nowplaying on eagles titre love will keep us alive rock nancy heartcountry
april verch 04 lazy johnmp3 listen on radiolibre hitscountry music mirabelle nancy
nowplaying everybody knows by ryan adams listen on stream
nowplaying george jones tender years
nowplaying on chris cagle titre got my country on rock nancy heartcountry
a little bit of everything for music lovers rock rap pop music socialmedia
porno stripping naked pics
nowplaying ronnie milsap he got you
feelgood country track that will make you think of someone special listen gt
nowplaying hank williams honky tonk blues
women naked jessica albas sex
nowplaying local herowild theme by dire straits listen on stream
need advice on moving across the country from pennsylvania advice california from moving need
sunday 04302017 on the yuccastage kevin sharp freetempe phoenix arizona livemusic nightlife
nowplaying steve wariner your memory
mom erotica girls free porn
one more smile before i cry keithurban bluegrass carrieunderwood newmusic jasonaldean taylorswift
nowplaying red foley chattanoogie shoe shine boy
nowplaying on chase rice titre gonna wanna tonight rock nancy heartcountry
girls in booty shorts fuck jlo naked
nowplaying little bit of you chase bryantdownload our app music hotcountry rt
nowplaying a memory like i'm gonna be by tanya tucker listen on stream
love story taylor swift country 295757188
feelgood country track that will make you think of someone special listen gt
jim electric accordionist accordion thewaywardhearts folk vancouvermusic rock vancouver
nowplaying wynonna judd i saw the light
jolie holland sweet loving man listen on radiolibre hitscountry music mirabelle nancy
nowplaying if you ever get lonely love and theftdownload our app music hotcountry rt
we help you settle in the of your choicefor more details contact wwics
nowplaying eagles new kid in town
nowplaying on kim richey titre something more rock nancy heartcountry
lois griffin family guy naked sex song
nowplaying ricky scaggs same ol' love
nowplaying beautiful drug zac brown banddownload our app music hotcountry rt
new song somewhere over the mountain by john rankin breaking music rock guitar original bluegrass
full house singalong listen and chills rt baylor wvu roads game
nowplaying i believe in you 1980 don williamsdownload our app music hotcountry rt
nowplaying glenn campbell ampamp bobbie gentry all i have to do is dream
nowplaying on tommy cash titre coward of the county rock nancy heartcountry
nowplaying coward of the county by tommy cash listen on stream
nowplaying on ernest ashworth titre flip flop and fly rock nancy heartcountry
girls porn pics filipina slut teen
nowplaying t graham brown hell and high water
frankie ballard young amp crazy listen on radiolibre hitscountry music mirabelle nancy
nowplaying on 2steel girls titre take me back realtree rock nancy heartcountry
nowplaying 19 you me dan shaydownload our app music hotcountry rt
nowplaying loretta lynn you're lookin' at country
nowplaying on 3rd amp union titre my love demo rock nancy heartcountry
coalash is 1 of the largest wastestreams inthe 2 tennessee cases bring coals hidden hazard to light
nowplaying confederate railroad jesus and mama
music cd's amp vinyl records rock metal pop classical vinyl rap music cds
nowplaying man in black johnny cashdownload our app music hotcountry rt
nowplaying on the springs titre are you an angel rock nancy heartcountry
nowplaying sawyer brown some girls do
music aaron lewis vicious circles album version music join us and submit your music
nowplaying reba mcentire little rock
check out original folk art painting acrylic on wood artist signed amapola via @ ebay
nowplaying on caroline pennell titre we're going to be friends rock nancy heartcountry
never gets old truly the lucky to sit on a warm afternoon staring at this view from
nowplaying on dustin lynch titre hell of a night rock nancy heartcountry
nowplaying patsy cline sweet dreams
nowplaying how not to dan shaydownload our app music hotcountry rt
nowplaying tanya tucker love me like you used to
confused which policy you should buycompare the best plans from top insurers of the here
feelgood country track that will make you think of someone special listen gt
porn pics brook davis naked
boxi 2pcs liftgate lift supports for chrysler town amp 2001 2007 chrysler voyager 2001 2003 dodge
nowplaying george jones she's my rock
nowplaying love is sung by jerry hull listen on stream
porn pics bottomless fuck
nowplaying whoop a mans ass trace adkinsdownload our app music hotcountry rt
boxi 2pcs liftgate lift supports for chrysler town amp 2001 2007 chrysler voyager 2001 2003 dodge
nowplaying on toby keith titre as good as i once was rock nancy heartcountry
another country summer night indiana farm family pbr saturday weekend
nowplaying restless heart say what's in your heart
need a more focused scientific research in kakodkar @ drharshvardhan @ yschowdary @ ashutos61
one of the best live acts out there the outstanding @ lyndseyhighland 'flowers ain't gonna fix this' live
@ bumioutbound great to meet you please listen to i can feel her heart beatin inside of mine music
handmade kitchen dish cloths purple white crochet wash cloth cotton shabby set of 3
nowplaying tg sheppard i loved 'em everyone
nowplaying just like you by timeseven listen on stream
nowplaying cypress spring with denim newartist
nowplaying bobby helms my special angel
nowplaying blue aint your color keith urbandownload our app music hotcountry rt
nowplaying clint brooks we shall be free
from which country's language is it most likely that the word curry comes language
nowplaying randy travis no place like home
nowplaying on lynn harper titre he'll be your friend rock nancy heartcountry
nowplaying you look good lady antebellumdownload our app music hotcountry rt
nowplaying sammy kershaw i can't reach her anymore
girls free porn supernatural sexy
nowplaying that's christmas to me by pentatonix listen on stream
tickets for tim mcgraw tickets philadelphia pa 08182017 concert festival
girl barcelona porn movie adult stripping games
porn video totally free hd porn
nowplaying just gettin' started jason aldeandownload our app music hotcountry rt
nowplaying lari white lead me not
nowplaying on eagles titre love will keep us alive rock nancy heartcountry
april verch 04 lazy johnmp3 listen on radiolibre hitscountry music mirabelle nancy
nowplaying everybody knows by ryan adams listen on stream
nowplaying george jones tender years
nowplaying on chris cagle titre got my country on rock nancy heartcountry
a little bit of everything for music lovers rock rap pop music socialmedia
porno stripping naked pics
nowplaying ronnie milsap he got you
feelgood country track that will make you think of someone special listen gt
nowplaying hank williams honky tonk blues
women naked jessica albas sex
nowplaying local herowild theme by dire straits listen on stream
need advice on moving across the country from pennsylvania advice california from moving need
sunday 04302017 on the yuccastage kevin sharp freetempe phoenix arizona livemusic nightlife
nowplaying steve wariner your memory
mom erotica girls free porn
one more smile before i cry keithurban bluegrass carrieunderwood newmusic jasonaldean taylorswift
nowplaying red foley chattanoogie shoe shine boy
nowplaying on chase rice titre gonna wanna tonight rock nancy heartcountry
girls in booty shorts fuck jlo naked
nowplaying little bit of you chase bryantdownload our app music hotcountry rt
nowplaying a memory like i'm gonna be by tanya tucker listen on stream
love story taylor swift country 295757188
feelgood country track that will make you think of someone special listen gt
jim electric accordionist accordion thewaywardhearts folk vancouvermusic rock vancouver
nowplaying wynonna judd i saw the light
jolie holland sweet loving man listen on radiolibre hitscountry music mirabelle nancy
nowplaying if you ever get lonely love and theftdownload our app music hotcountry rt
we help you settle in the of your choicefor more details contact wwics
nowplaying eagles new kid in town
nowplaying on kim richey titre something more rock nancy heartcountry
lois griffin family guy naked sex song
nowplaying ricky scaggs same ol' love
nowplaying beautiful drug zac brown banddownload our app music hotcountry rt
new song somewhere over the mountain by john rankin breaking music rock guitar original bluegrass
full house singalong listen and chills rt baylor wvu roads game
nowplaying i believe in you 1980 don williamsdownload our app music hotcountry rt
nowplaying glenn campbell ampamp bobbie gentry all i have to do is dream
nowplaying on tommy cash titre coward of the county rock nancy heartcountry
nowplaying coward of the county by tommy cash listen on stream
nowplaying on ernest ashworth titre flip flop and fly rock nancy heartcountry
feelgood country track that will make you think of someone special listen gt
nowplaying small town saturday night by hal ketchum listen on stream
nowplaying beer drinking song mike watkinsdownload our app music hotcountry rt
girls sex korean sex forum
nowplaying tony jackson with the grand tour newartist
nowplaying oak ridge boys y'all come back saloon
redneck nude girls free big pussy lip pics
gettin my own big bar hair
nowplaying restless heart the blueset eyes in texas
nowplaying charlie rich a very special love song
treadin' water earl thomas conley
nude teen titans hentai video collection
patti page tennessee waltz listen on radiolibre hitscountry music mirabelle nancy
nowplaying maddie wilson with love like theirs newartist
@ alabuoo1 great to meet you please listen to i can feel her heart beatin inside of mine music
nowplaying jerry reed east bound ampamp down from smokey and the bandit
nowplaying on patsy cline titre a poor man's roses rock nancy heartcountry
nowplaying if i told you darius ruckerdownload our app music hotcountry rt
nowplaying tanya tucker love me like you used to
confused which policy you should buycompare the best plans from top insurers of the here
feelgood country track that will make you think of someone special listen gt
porn pics brook davis naked
boxi 2pcs liftgate lift supports for chrysler town amp 2001 2007 chrysler voyager 2001 2003 dodge
nowplaying george jones she's my rock
nowplaying love is sung by jerry hull listen on stream
porn pics bottomless fuck
nowplaying whoop a mans ass trace adkinsdownload our app music hotcountry rt
boxi 2pcs liftgate lift supports for chrysler town amp 2001 2007 chrysler voyager 2001 2003 dodge
nowplaying on toby keith titre as good as i once was rock nancy heartcountry
another country summer night indiana farm family pbr saturday weekend
nowplaying restless heart say what's in your heart
need a more focused scientific research in kakodkar @ drharshvardhan @ yschowdary @ ashutos61
one of the best live acts out there the outstanding @ lyndseyhighland 'flowers ain't gonna fix this' live
@ bumioutbound great to meet you please listen to i can feel her heart beatin inside of mine music
handmade kitchen dish cloths purple white crochet wash cloth cotton shabby set of 3
nowplaying tg sheppard i loved 'em everyone
nowplaying just like you by timeseven listen on stream
nowplaying cypress spring with denim newartist
nowplaying bobby helms my special angel
nowplaying blue aint your color keith urbandownload our app music hotcountry rt
nowplaying clint brooks we shall be free
from which country's language is it most likely that the word curry comes language
nowplaying randy travis no place like home
nowplaying on lynn harper titre he'll be your friend rock nancy heartcountry
nowplaying you look good lady antebellumdownload our app music hotcountry rt
nowplaying sammy kershaw i can't reach her anymore
girls free porn supernatural sexy
nowplaying that's christmas to me by pentatonix listen on stream
tickets for tim mcgraw tickets philadelphia pa 08182017 concert festival
girl barcelona porn movie adult stripping games
porn video totally free hd porn
nowplaying just gettin' started jason aldeandownload our app music hotcountry rt
nowplaying lari white lead me not
nowplaying on eagles titre love will keep us alive rock nancy heartcountry
april verch 04 lazy johnmp3 listen on radiolibre hitscountry music mirabelle nancy
nowplaying everybody knows by ryan adams listen on stream
nowplaying george jones tender years
nowplaying on chris cagle titre got my country on rock nancy heartcountry
a little bit of everything for music lovers rock rap pop music socialmedia
porno stripping naked pics
nowplaying ronnie milsap he got you
feelgood country track that will make you think of someone special listen gt
nowplaying hank williams honky tonk blues
women naked jessica albas sex
nowplaying dirt by florida georgia line listen on stream
feelgood country track that will make you think of someone special listen gt
if you are mistreated your society or will simply have higher suicide rate it is not a matter of man woman or children
nowplaying roller coaster luke bryandownload our app music hotcountry rt
nowplaying alabama can't keep a good man down
pure amp simple dolly parton
girls porn sexy spandex videos
roughdemo1997 it aint workin by somethin b wrong bluegrass songwriter keithurban comedy newmusic
nowplaying bellamy brothers lovers live longer
nowplaying on the springs titre the christmas song rock nancy heartcountry
nowplaying came here to forget blake sheltondownload our app music hotcountry rt
nowplaying randy travis look heart
girl cartoon porn hermaphrodite sex porn
nowplaying kick the dust up by luke bryan listen on stream
feelgood country track that will make you think of someone special listen gt
nowplaying flloyd cramer last date
cycling riverside easter is over but enjoyed it to the maximum cycling across for
nowplaying aubrie sellers with liar liar newartist
is flag denoting anything other than true of origin intentionally misleading foodfraud @ joannablythman
nowplaying lee roy parnell i'm holding my own
live music rock blues sign up for newsletter
easter sunday whataworld folk music art indierock zombiejesus @ the
penis size around the world rt penis sex size research
zac brown band the wind listen on radiolibre hitscountry music mirabelle nancy
handmade kitchen dish cloths pastels white purple pink green wash cloth cotton shabby crochet set of 3
nowplaying clay walker where do i fit in the picture
feelgood country track that will make you think of someone special listen gt
nowplaying small town saturday night by hal ketchum listen on stream
nowplaying beer drinking song mike watkinsdownload our app music hotcountry rt
girls sex korean sex forum
nowplaying tony jackson with the grand tour newartist
nowplaying oak ridge boys y'all come back saloon
redneck nude girls free big pussy lip pics
gettin my own big bar hair
nowplaying restless heart the blueset eyes in texas
nowplaying charlie rich a very special love song
treadin' water earl thomas conley
nude teen titans hentai video collection
patti page tennessee waltz listen on radiolibre hitscountry music mirabelle nancy
nowplaying maddie wilson with love like theirs newartist
@ alabuoo1 great to meet you please listen to i can feel her heart beatin inside of mine music
nowplaying jerry reed east bound ampamp down from smokey and the bandit
nowplaying on patsy cline titre a poor man's roses rock nancy heartcountry
nowplaying if i told you darius ruckerdownload our app music hotcountry rt
nowplaying tanya tucker love me like you used to
confused which policy you should buycompare the best plans from top insurers of the here
feelgood country track that will make you think of someone special listen gt
porn pics brook davis naked
boxi 2pcs liftgate lift supports for chrysler town amp 2001 2007 chrysler voyager 2001 2003 dodge
nowplaying george jones she's my rock
nowplaying love is sung by jerry hull listen on stream
porn pics bottomless fuck
nowplaying whoop a mans ass trace adkinsdownload our app music hotcountry rt
boxi 2pcs liftgate lift supports for chrysler town amp 2001 2007 chrysler voyager 2001 2003 dodge
nowplaying on toby keith titre as good as i once was rock nancy heartcountry
another country summer night indiana farm family pbr saturday weekend
nowplaying restless heart say what's in your heart
need a more focused scientific research in kakodkar @ drharshvardhan @ yschowdary @ ashutos61
nowplaying on willie nelson titre face of fighter rock nancy heartcountry
@ taylorswift13 @ rosannecash amp others write about the women of music
nowplaying on rescue junction titre hold on single rock nancy heartcountry
nowplaying michelle wright one time around
nowplaying on robbie fulks titre aunt peg's new old man rock nancy heartcountry
nowplaying long stretch of love by lady antebellum listen on stream
feelgood country track that will make you think of someone special listen gt
nowplaying on brinn black titre where have i been all my life rock nancy heartcountry
nowplaying the weekend brantley gilbertdownload our app music hotcountry rt
feelgood country track that will make you think of someone special listen gt
@ alliesealey on periscope family time on easter when you're country music
nowplaying rosanne cash seven year ache
nowplaying on thomas rhett titre get me some of that rock nancy heartcountry
nowplaying on toby keith titre who's your daddy rock nancy heartcountry
nowplaying deana carter strawberry wine
nowplaying tax man shoes zac brown banddownload our app music hotcountry rt
nowplaying it only hurts for a little while by jerry wallace listen on stream
now playing the 5th dimension save the
now playing on channel80 the 5th dimension save the
sitting cause more health problems than cigarettes office sales marketing vancouver toronto alberta calgary
nowplaying jamie lee thurston with givin' up breathin' newartist
nowplaying buck owens made in japan
thurs 518 @ thecoffeegallerybackstage in altadena @ carricoband amp laartists pay tribute to the bakersfield soun
what kind of society or as a whole you want to live in can be statistically reflectedthe final joke is on who we will see
nowplaying toby keith who's that man
nowplaying dirt by florida georgia line listen on stream
feelgood country track that will make you think of someone special listen gt
if you are mistreated your society or will simply have higher suicide rate it is not a matter of man woman or children
nowplaying roller coaster luke bryandownload our app music hotcountry rt
nowplaying alabama can't keep a good man down
pure amp simple dolly parton
girls porn sexy spandex videos
roughdemo1997 it aint workin by somethin b wrong bluegrass songwriter keithurban comedy newmusic
nowplaying bellamy brothers lovers live longer
nowplaying on the springs titre the christmas song rock nancy heartcountry
nowplaying came here to forget blake sheltondownload our app music hotcountry rt
nowplaying randy travis look heart
girl cartoon porn hermaphrodite sex porn
nowplaying kick the dust up by luke bryan listen on stream
feelgood country track that will make you think of someone special listen gt
nowplaying flloyd cramer last date
cycling riverside easter is over but enjoyed it to the maximum cycling across for
nowplaying aubrie sellers with liar liar newartist
is flag denoting anything other than true of origin intentionally misleading foodfraud @ joannablythman
nowplaying lee roy parnell i'm holding my own
live music rock blues sign up for newsletter
easter sunday whataworld folk music art indierock zombiejesus @ the
penis size around the world rt penis sex size research
zac brown band the wind listen on radiolibre hitscountry music mirabelle nancy
handmade kitchen dish cloths pastels white purple pink green wash cloth cotton shabby crochet set of 3
nowplaying clay walker where do i fit in the picture
feelgood country track that will make you think of someone special listen gt
nowplaying small town saturday night by hal ketchum listen on stream
nowplaying beer drinking song mike watkinsdownload our app music hotcountry rt
girls sex korean sex forum
nowplaying tony jackson with the grand tour newartist
nowplaying oak ridge boys y'all come back saloon
redneck nude girls free big pussy lip pics
gettin my own big bar hair
nowplaying restless heart the blueset eyes in texas
nowplaying charlie rich a very special love song
treadin' water earl thomas conley
nude teen titans hentai video collection
patti page tennessee waltz listen on radiolibre hitscountry music mirabelle nancy
posh suicide nude gallery girls gone wild nude pics and vid
brinn black not that girl listen on radiolibre hitscountry music mirabelle nancy
girls porn pics older hairy porn
nowplaying if it ain't with you farewell angelinadownload our app music hotcountry rt
nowplaying pirates of the mississippi till i'm holding you again
golden streets of glory dolly parton
nowplaying on florida georgia line titre it'z just what we do rock nancy heartcountry
nowplaying sweet little one by kelly willis listen on stream
rough demo 1987 soul searching burnout needing a change rock bluegrass yoga classicrock newmusic
nowplaying carl butler don't let me cross over
nowplaying shane owens with all the beer in alabama newartist
nowplaying on joe nichols titre take it off single version rock nancy heartcountry
nowplaying get your shine on florida georgia linedownload our app music hotcountry rt
girl anal sexy saree girls nude
@ minniieptck great to meet you please listen to i can feel her heart beatin inside of mine music
nowplaying reba mcentire somebody
nowplaying whatever she's got david naildownload our app music hotcountry rt
nowplaying on jeff schrems titre this world is not my home rock nancy heartcountry
we are open 7 days publicgrill denburg texel @ public grill
when someone puts a gagorder its bc they want 2 hide the info 4 personal reasonswhy would a pm hide info if its
nowplaying where does rosy go by kenny rogers listen on stream
nowplaying on easton corbin titre baby be my love song rock nancy heartcountry
nowplaying tammy wynette 'til i can make it on my own
girls gone wild nude pics and vid nude sorority pics
fallen branch beside a field of gold wood print by leah mcphailrusticart fallenbranch woodprints
nowplaying georgia clay josh kelleydownload our app music hotcountry rt
nowplaying on lady antebellum titre dancin' away with my heart rock nancy heartcountry
nowplaying ronnie milsap i wouldn't have missed it for the world
mexican teens having sex girl anal
new dates added driftwood matthew livigni
nowplaying on goebel reeves titre hobo's lullaby rock nancy heartcountry
aaron lewis vicious circles album version music join us and submit your music
9 times out of 10 when you read god family you can be sure that they're completely ignorant hypocrites with low iqmaga
nowplaying little texas what might have been
nowplaying on willie nelson titre face of fighter rock nancy heartcountry
@ taylorswift13 @ rosannecash amp others write about the women of music
nowplaying on rescue junction titre hold on single rock nancy heartcountry
beautiful period village house within easy walking distance of a popular day prep school propertynews
nowplaying michelle wright one time around
nowplaying on robbie fulks titre aunt peg's new old man rock nancy heartcountry
nowplaying long stretch of love by lady antebellum listen on stream
feelgood country track that will make you think of someone special listen gt
nowplaying on brinn black titre where have i been all my life rock nancy heartcountry
nowplaying the weekend brantley gilbertdownload our app music hotcountry rt
feelgood country track that will make you think of someone special listen gt
@ alliesealey on periscope family time on easter when you're country music
nowplaying rosanne cash seven year ache
nowplaying on thomas rhett titre get me some of that rock nancy heartcountry
nowplaying on toby keith titre who's your daddy rock nancy heartcountry
nowplaying deana carter strawberry wine
nowplaying tax man shoes zac brown banddownload our app music hotcountry rt
girls porn pics pornstar caramel videos
an historic event stawell easter eastermonday longweekend holiday athletics
nowplaying sammy kershaw third rate romance
nowplaying kick the dust up luke bryandownload our app music hotcountry rt
nowplaying bellamy brothers old hippie
nowplaying beautiful drug by zac brown band listen on stream
nowplaying on luke bryan titre kiss tomorrow goodbye rock nancy heartcountry
recently listed static caravan rookley park on the isleofwight
nowplaying reba mcentire only in my mind
nowplaying bailey bryan with own it newartist
nowplaying on jean shepard titre a satisfied mind rock nancy heartcountry
girl anal sex videos how to use a fake pussy
nowplaying red taylor swiftdownload our app music hotcountry rt
feelgood country track that will make you think of someone special listen gt
@ kvarunkumar19 great to meet you please listen to i can feel her heart beatin inside of mine music
nowplaying billy dean somewhere in your broken heart
being different landscape nature wild sky tree red instagramers travel travelphotography
nowplaying on zac brown band titre loving you easy rock nancy heartcountry
our rework of roebuck pops staples now available as hq wav file on bandcamp np gospel soul funk
nowplaying vince gill no future in the past
nowplaying on jason aldean titre take a little ride rock nancy heartcountry
nowplaying refugee by tom petty and the heartbreaker listen on stream
nowplaying makin' me look good again drake whitedownload our app music hotcountry rt
deep in the heart of the newforest sits @ limewoodhotel combining charm with luxury comfort
nowplaying tanya tucker it's only over for you
posh suicide nude gallery girls gone wild nude pics and vid
brinn black not that girl listen on radiolibre hitscountry music mirabelle nancy
girls porn pics older hairy porn
nowplaying if it ain't with you farewell angelinadownload our app music hotcountry rt
nowplaying pirates of the mississippi till i'm holding you again
golden streets of glory dolly parton
nowplaying on florida georgia line titre it'z just what we do rock nancy heartcountry
nowplaying sweet little one by kelly willis listen on stream
rough demo 1987 soul searching burnout needing a change rock bluegrass yoga classicrock newmusic
nowplaying carl butler don't let me cross over
nowplaying shane owens with all the beer in alabama newartist
nowplaying on joe nichols titre take it off single version rock nancy heartcountry
nowplaying get your shine on florida georgia linedownload our app music hotcountry rt
girl anal sexy saree girls nude
@ minniieptck great to meet you please listen to i can feel her heart beatin inside of mine music
nowplaying reba mcentire somebody
nowplaying whatever she's got david naildownload our app music hotcountry rt
nowplaying on jeff schrems titre this world is not my home rock nancy heartcountry
we are open 7 days publicgrill denburg texel @ public grill
when someone puts a gagorder its bc they want 2 hide the info 4 personal reasonswhy would a pm hide info if its
nowplaying where does rosy go by kenny rogers listen on stream
nowplaying on easton corbin titre baby be my love song rock nancy heartcountry
nowplaying tammy wynette 'til i can make it on my own
girls gone wild nude pics and vid nude sorority pics
fallen branch beside a field of gold wood print by leah mcphailrusticart fallenbranch woodprints
nowplaying georgia clay josh kelleydownload our app music hotcountry rt
nowplaying on lady antebellum titre dancin' away with my heart rock nancy heartcountry
nowplaying ronnie milsap i wouldn't have missed it for the world
mexican teens having sex girl anal
steve young new ep 2017 update video blog 1 trembling heart
steve young new ep 2017 update video blog 1 trembling heart @ pledgemusic
nowplaying eagles take it to the limit
feelgood country track that will make you think of someone special listen gt
nowplaying in my time of need by joan baez listen on stream
nowplaying it goes like this thomas rhettdownload our app music hotcountry rt
nowplaying on dire straits titre money for nothing rock nancy heartcountry
nowplaying steve wariner when i could come home to you
@ labonneparis1 @ shrewsmorris @ athenikasilver thanks for the lovely rt and mention yes we visit family there often
nowplaying kill a word eric churchdownload our app music hotcountry rt
@ normaroberso great to meet you please listen to i can feel her heart beatin inside of mine music
nowplaying johnny cash orange blossom special
girls fuck real life sex confessions
nowplaying doug stone these lips don't know how to say
ready is out right now stream it right here on spotify and hit that follow button newmusic
@ guardian names nepal as the top to visit post brexit
girls fuck real life sex confessions
@ solomon99999000 whats with france throughout history they seem to welcome invasion more than any
nowplaying holly spears with farm girl newartist
music nude ghana teen pic
nowplaying charlie rich the most beautiful girl
spent today making some new friends portrait horse farmlife
spent today making some new friends portrait horse farmlife
nowplaying somethin' 'bout a truck by kip moore listen on stream
nowplaying strip it down luke bryandownload our app music hotcountry rt
nowplaying sammy kershaw she don't know she's beautiful
nowplaying on kip moore titre somethin' 'bout a truck rock nancy heartcountry
nowplaying drunk last night eli young banddownload our app music hotcountry rt
nowplaying kenny foster with stand newartist
girls porn pics pornstar caramel videos
an historic event stawell easter eastermonday longweekend holiday athletics
nowplaying sammy kershaw third rate romance
nowplaying kick the dust up luke bryandownload our app music hotcountry rt
nowplaying bellamy brothers old hippie
nowplaying beautiful drug by zac brown band listen on stream
nowplaying on luke bryan titre kiss tomorrow goodbye rock nancy heartcountry
recently listed static caravan rookley park on the isleofwight
nowplaying reba mcentire only in my mind
nowplaying bailey bryan with own it newartist
nowplaying on jean shepard titre a satisfied mind rock nancy heartcountry
girl anal sex videos how to use a fake pussy
nowplaying red taylor swiftdownload our app music hotcountry rt
feelgood country track that will make you think of someone special listen gt
@ kvarunkumar19 great to meet you please listen to i can feel her heart beatin inside of mine music
nowplaying billy dean somewhere in your broken heart
being different landscape nature wild sky tree red instagramers travel travelphotography
nowplaying on zac brown band titre loving you easy rock nancy heartcountry
our rework of roebuck pops staples now available as hq wav file on bandcamp np gospel soul funk
nowplaying vince gill no future in the past
nowplaying on jason aldean titre take a little ride rock nancy heartcountry
nowplaying refugee by tom petty and the heartbreaker listen on stream
nowplaying makin' me look good again drake whitedownload our app music hotcountry rt
deep in the heart of the newforest sits @ limewoodhotel combining charm with luxury comfort
nowplaying tanya tucker it's only over for you
posh suicide nude gallery girls gone wild nude pics and vid
brinn black not that girl listen on radiolibre hitscountry music mirabelle nancy
girls porn pics older hairy porn
nowplaying if it ain't with you farewell angelinadownload our app music hotcountry rt
nowplaying pirates of the mississippi till i'm holding you again
golden streets of glory dolly parton
nowplaying song for another time old dominiondownload our app music hotcountry rt
nowplaying alan jackson livin' on love
girls in booty shorts fuck jlo naked
nowplaying adam craig with just a phase newartist
nowplaying today brad paisleydownload our app music hotcountry rt
nowplaying buck owens act naturally
ethiopia country secures us72 million from meat export ethiopia secures million export
mrsglobal god's own audition on 240417contact813800815194470640409846054534event by
ethiopia country secures us72 million from meat export ethiopia secures million export
stars nude hot gay sex for teens
great interview with @ sethaustinmusic you can hear this episode on our @ undefinedradio website thanks again seth
nowplaying dixie chicks cowboy take me away
nowplaying til my last day justin mooredownload our app music hotcountry rt
nowplaying on kenny rogers titre poem for my lady rock nancy heartcountry
nowplaying mickey gilley don't the girls all get prettier at closing time
un reports china sustained smoking related losses of usd50 billion in 2014 urges the to ban tobacco
nowplaying conway twitty i may never get to heaven
the first in the world to adopt christianity wasfind out here
nowplaying day drinking little big towndownload our app music hotcountry rt
nowplaying happy times by joe bonamassa listen on stream
nowplaying merle haggard that's the way love goes
our new video 'picking on you' hope you like and share it bluegrass americana music folkmusic
nowplaying george jones the right left hand
nowplaying on blue yster cult titre don't fear the reaper rock nancy heartcountry
nowplaying flatliner cole swindelldownload our app music hotcountry rt
nowplaying holly dunn daddy's hands
drives and greatescapes sometimes there is just too much noise even in the most
nowplaying on carolina gold titre southern comfort rock nancy heartcountry
nowplaying are you sure kacey musgravesdownload our app music hotcountry rt
nowplaying brooks ampamp dunn play something country
stopped off on our walk for a tea at the @ mountsorrelrail heritage centre listening to birds sing lovely place community walks
nowplaying stand by me by freddy weller listen on stream
nowplaying camille rae with i need me newartist
nowplaying garth brooks the river
ugly foot job cartoon sex scenes
experience lovely days in spectacular destinations in a like yemensaveyementourism
new song somewhere over the mountain by john rankin breaking music rock guitar indie alternative
our beautiful pheasant cushion is the perfect addition to any country style home rustic traditional
nowplaying restless heart that rock won't roll
201213 chrysler town amp 330mm drill slot front amp rear rotors price a complete front amp rear
201213 chrysler town amp 330mm drill slot front amp rear rotors price a complete front amp rear
great tshirt shop clickgt rockstar hardrock reggae blues jazz folk
america ranks in top 5 most ignorant countries in the world in knowledge of own educateamerica
nowplaying vern gosdin this ain't my first rodeo
nowplaying on april verch titre 09 still tryingmp3 rock nancy heartcountry
nowplaying garth brooks papa loved mama
quarter of a century in service of renu day spa beata integrity love god family knowledge appreciation
nowplaying third rock from the sun by joe diffie listen on stream
redneck nude girls mature real sex
nowplaying dolly parton love is like a butterfly
nowplaying on april verch titre it makes no difference to me rock nancy heartcountry
@ wcwinc @ oinc2islam @ a10fanatic @ rosaleeadams @ sherribergan @ honoredvalor @ gwfrazee @ mvzexplorer pray for our
nowplaying ray scott with livin' this way newartist
don't forget to get your wellies in time for the festival season fashion
nowplaying ricky van shelton i'll leave this world loving you
tonight amy 4yo has requested jolene as her bedtime song thanks @ dollyparton
we are theuniverse expressing itself in every unique way individuals community
nowplaying on the farm inc titre home sweet home rock nancy heartcountry
@ thejohnkerr can you dm me your email addy re debut single pedalguitar thxs john x talk soon
nowplaying in the morning by norah jones listen on stream
nowplaying radio darius ruckerdownload our app music hotcountry rt
nowplaying on mac wiseman titre that silver haired daddy rock nancy heartcountry
beautiful robin hill country park in bloom gardenwalks cherryblossom beautifulblossom isleofwight
cornpone lonesome city blues listen on radiolibre hitscountry music mirabelle nancy
who is this nihha you wit is he wired i cant get back in the car w a siren booaa @ teegrizzley u was spittin on that
girls porn tinyteen portal
nowplaying dust on the bottle david lee murphydownload our app music hotcountry rt
nowplaying collin raye in this life
@ baileymyown dominates on sofar newmusicmonday lemonademusic pacificnwpride pnw futuresuperstar
@ music4grownups beautiful new music from kategrom debut album americana pedalguitar landedin yout inbo
nowplaying eric church round here buzzdownload our app music hotcountry rt
found it happy easter you filthy animals wibbly wibblypig plush pig devon toy
now available on www stream and pop rock alt stream check it out
nowplaying on rob sindorf titre date night live rock nancy heartcountry
@ healthyboykie great to meet you please listen to i can feel her heart beatin inside of mine music
2795 radiator replacement chrysler town and dodge caravan minivan fits 0507 33l 38l 6cyl
music blake shelton lay low music join us and submit your music
boots beers and trucks now on vmr radio music
nowplaying tracy lawrence today's lonely fool
women don't need radio approval to make their best art what @ laurenalaina's surprise 1 song says
girls porn kardashian sex download
nowplaying you look good lady antebellumdownload our app music hotcountry rt
nowplaying merry go 'round by kacey musgraves listen on stream
this was my favorite hang out place growing up memories russell castorriver
my kinda country music join us and submit your music
he'll yeah @ c2cfestival c2c fgl
no @ brantleygilbert or thomasrhettakins required minnesota april music
nowplaying on jason aldean titre just gettin' started lyric rock nancy heartcountry
nowplaying jerry reed the uptown poker club
nowplaying thomas rhett thomas rhettdownload our app music hotcountry rt
nowplaying ronnie milsap she keeps the home fires burning
nowplaying on dire straits titre calling elvis rock nancy heartcountry
nowplaying drinkin' buddy by gord bamford listen on stream
girls sex philippine sex actress video
kissing sheep in north northumberland animal crookham
stats time 13 mail it in feat haymaker surpassed 50k plays on youtube and soundcloud combined brony
nowplaying tim mcgraw not a moment too soon
how can an 84yr old servant of france relate to a when average age is 25yrs old 60 cameroun cameroon @ unhrc
country walk north northumberland uklovely quirky trees atmospheric blue
drake accuses country club of racial profiling at coachella one celebrity accuses coachella drake
nowplaying presley amp taylor with this phone newartist
nowplaying on tim mcgraw titre lookin' for that girl rock nancy heartcountry
sheep with her two little lambs following her in northumberland uk animal england
little calf with mother cow nr crookham northumberland uk baby calf
nowplaying don williams tulsa time
grazing sheep crookham northumberland uk crookham england
the first in the world to adopt christianity wasfind out here
promoshops welcomes xo2 you can find them in lebanon market choufshops category fashionwear
ethics what ethicstrump maga foxnews who cares trumprussia his treasongop party over
grazing sheep crookham northumberland uk bush crookham
nowplaying tonight i see 320kbps by the valery trails listen on stream
beautiful walk from ashford to wye and back sore feet wye ashford
