we started the day with easter baskets on deck
just consumed 8 cookies
some eggcellent book recommendations for booktube booktuber
first cousins melanin queens easter with my family at memaw amp papaw's house
great shot by kew images photography at psyche pumps in mildura we hope everyone's having a spectacular
beautiful church geraldwashington gentleman elgallonegro championontherise boxing usc blessings vicenza
we worked hard on this special taste test vlog hope you enjoy it holiday vlogging vlogs vlogger
being an adult means eating an entire pack of peeps on easter delicious
's not my forte but i gave it shot anyway resurrectionsunday poetry
view rev paul rock's sermon good news vs fake news goodnews fakenews
brisket and bourbon easter in texas brisket whiskey bourbon texasbbq bbq @
getting back to writing this week happy here's an egg i sketched with my hummingbird friends
volunteering at jeneece house to make dinner for families with children in the victoria general hospital
easter joggin' hawaii run fitness plumeria love nike 5k @ north
first cousins melanin queens easter with my family at memaw amp papaw's house
beautiful ice sculpture @ ritzcarlton rcmemories thelifeofriley buckhead caviar icesculpture
the kids will have fond memories of this for the rest of their lives
we call this series wilde finds an egg happy easter wildehope aroetjeffrey family
0417 messages resurrection hope for broken world
easter weekend with family family togetherforever tothestars tothestarsofficial @
happy easter from my favorite little cheese family home lauraleebarnes
april lamb springtime soap by ajsweetsoap via @ etsy lamb soap vegan children
cheers to no alarm monday its still holiday yeyy sleepin morningslikethese stayinbed bedding
catholic and orthodox in rare convergence kiril preaches love francis conformity
one of my favourite traditions paska made by my mom @ dorisott
last got my 1st nosebleed from stroke level high blood pressureno salt n my angry ass is cool as the other side of the pillow
and a good night to all hope everyone had a wonderful heisrisen resurrectionsunday
how can we worship an executed and risen savior on sunday and support the deathpenalty on monday @ asahutchinson @ tomcottonar
signed georges braem exposition artist nude art print belgium france via @ ebay ebay sale sunday
my 'this is not my easter outfit' outfit tattooedgirls handtattoo bandana white rbf
my pets got an easter basket watch now happyeaster
one of my two contributions to dinner roasted red cabbage slaw with hazelnuts and lemon
jelly beans on for anyone footfetishnation footfetish
having a great date night for easter happy easter everyone
can we talk about how beautiful everywhere has been thanks to the rain malibu
happy everyone youtube video coming soon stay nifty
hand signed romero britto miami heat 19882003 15 year poster art popart via @ ebay ebay sale sunday
thx 2 @ raushenbush 4 reminding us of our role in dawn we choose life 4 jesus' truth freedom amp justice
is not quite over so be like norway and indulge in their odd tradition of crime via @ newscomauhq
@ krzqnms ending my sunday night and while listening
first cousins melanin queens easter with my family at memaw amp papaw's house
jeneece's wish for y'all
so much for my plan to stretch these out for the week nowyouseethemnowyoudont howdidthathappen
ostara celebrating goddess of fertility symbols are rabbit amp egg that's why candy in your basket keep
can this little bunny get any cuter happy easter maktime kemabatik
they only celebrate and xmas smh
i had to go make dinner anyway
all the little babies ilostitovertheredpanda zoo
pickin on separated out from a gigposter that's about to drop couldn't help
fuck the ham this is our table we'll tenderize your ass
my niece haslet texas @ haslet texas
and 2017's best ad goes to
what an eggcellent idea gopokes okstate
@ mrteller @ pennjillette in case you were wondering where the bunny comes from on easter
that moment when you receive your first nyr jersey happybirthday emma sundayfunday
happy easter everyone happyeaster bunnies cute
maya's first egg hunti loved her game plan track down the egg grab it and then
i hope everyone had a wonderful day nice win for our boys of summer windancerepeat redsox
first cousins melanin queens easter with my family at memaw amp papaw's house
gotta enjoy the sun girl selfie sun brazil aupairlife @ massachusetts
seems my baby is a 'confetti egg war' natural that determined look says it all itsinthegenes
eggs bunnies and sharia chocolate kings @ cadburyau submit to islam amp produce halal
hey cheerz for the follow @ joycemartin582 happy
omg wiped out from today's fun church brunch egg hunts dinner thankful
as per usual theleftovers has left me confused amp n the dark wtf is happening whitejesus came back on n the form of kevin garvey
post easter service pic with my girls resurrectionsunday hbcyr twinmama celebration
day three @ jacobscreekau jacobscreek livemusic @ jacob's creek barossa valley
happy 2017 from the barnes family @ palm beach gardens florida
hope everyone had an awesome
use just 2 numbers and round picicada3301 vault7 happyeaster
before easter brunch happy couplethings actualnormalpicture
easter sunday facial masks facial sundayfunday
steph at dinner @ south burlington vermont
happy friends another new shot by me i shall learn how to do photo things model
@ raampsch @ pamelamoore13 @ akvaporcharms praying for the pos to do exactly that cleveland prayers4cleveland
happy easter here's a carrot cake i made ss carrotcake carrot
explosions in the sky @ ryman auditorium
life takes us all in different directions but we always find our way home family
easter egg hunt indoors bestfamilyever bigkid littlekid
when you spend your first ever alonesinging comes naturally have a beautiful dinner ever
@ altonbrown @ foodnetwork thank you for bringing back ironchefgauntlet i missed it you made my
the lord is risen he's alive still
yasss it's time for a great show sam victor hangout li
this was a good weekend food family and fantastic weather for a five mile stroll good
some of the foods from today's easter festivities
manishka95 it was a good day vilothrodrigo @ enderamulla sri lanka
@ ceeceewx sending you lots of smiles on this blessed day resurrectionsunday chocolatelover chocaleforbreakfastday risenking
aidonia popcaan govana ohio rios easter weekend aidonia govana popcaan
tustinsanta monica backtustin zero police vehicles near us with the exception of meter maid near beach beautiful day amdg
the greatest day in historydeath is beaten you have rescued me knowthat resurrectionday jesusisalive risen
hope everyone has a safe and enjoyable
check out my weekend over on the blog lifestyleblog blog blogger photoblog
happy easter ss family @ stella's restaurant
pizzagaina amp pastieranapoletana from @ palazzone1960
geat dayparty for the foodporn was bomb and caused me to fallasleep lmao
find the number of batman eggs during ttg tomorrow amp win an su poster signed by @ rebeccasugar at comics
happy easter had a great day because i got to go down to san padro and went easter egg hunting then the bunny came
yoooooooooo this was my damn i missed my tribe i needed today more that air amp
the best part of my was that i didn't hear the phrase 'zombie jesus' at all
easter bunny love happy love smile cousins sisters family holiday
2 of my snapchat filter series happy easter everyone snapchatfilter bunny
retweeted vasu kulkarni @ vasuthe resurrection of patrick beverley it's an miracle nbaplayoffs
happy easter egg gold gratitude holidays foundit @ los angeles california
happy ressurectionsunday2017 eatsleepstewart had a great time hunting for eggs full
brings out the fill in the blanks @ easter parade
when you get time to kick it with your attorney
because eating my body weight in easter eggs wasn't enough krispykreme donuts
time to catch up on all the series that matter to me
is my favorite social media holiday across all platforms we get more happy amp beautiful photos of people amp their loved ones
i used to ask myself how could we kill jesus then i listen to the liberals and the msm today and i think it wasn't that hard
with the kids ministry today have a faith like a child austinstone kids
the @ moetusa is gone the rays lost but the stanleycup playoffs continue excellent sunday with @ blairdriscoll
on the 3rd day he rose from the dead and said brains happy easter ya weirdosart zombie jesus
it was such an amazing day to share with so many of my family many not in the pic
this don't passover our epic interview with @ rabbijasonsobel
happy another crab dancing lucinafireemblem fireemblemheroes feheroes loocina
hope everyone had a great today happyeaster
anyone receive any fluffy bunny in their baskets sundayfunday sheabutter bodywash repost
why is everyone drinking hella on lol i don't celebrate it but geez lol
christians mark at site of jesus' resurrection in jerusalem
lil' family 2017 oliviaarabella @ msaprilfool41
happyeaster bunny hope everyone had a blessed easter peace amp love to you all @
goodnight ps i hope you had an awesome
and done with both the finished ver and no effects verdon't worry sinthe went in and destroyed the evidence
listen to againprod euro by ryda np on soundcloud newmusicfriday newmusic trapmusic swag share
easy amp delicious easter leftover recipes thekidscookingnetwork
@ tomwcope thank you @ tomwcope all is well in aurelia i hope you had a great
how's the easter weekendwanna try this little egg gamehave fun37games
yes some snow in midapril and why not winterextended snow spring photography minsk belarus weather
for cibsunday let's look at the bugs bunny crazy castle oddly enough the nes game originally featured
flower gardens at wayfarer's chapel worth a visit for some local inspiration everyone
me and son looking dapper on his birthday and hbd
rejoice o daughter of sion mary for the son you bore has risen as he said alleluia jesus via @ youtube
day 3 of saltlakecity by bike brunch at @ fincaslc @ dolcettigelato in @ 9thand9th amp mcclelland trail to s
you on the clock bro you supposed to be at coachella rt @ karencivil asahd is enjoying his
this is an accurate doodle that @ google should have put up most appreciate reality and truth over politica
hope you are having a good easter weekend ss mtb bunny rockymountainbicycles @ tamytequila
happy monday how did you amp your family celebrate the weekend ikki smallbutbrave
@ realdonaldtrump wowthis is how you celebrate so you lied about being a christian you lied abou
i'm buzzeddrunk af lol sundayfunday
five minutes before the holiest christian day of the year endsgod bless us all letuslearntolovethemall
cool paint your own from @ toyrifiktoys for your activity giveaway
awesome to spend easter with my us family and attend a couple of ball games with some sightseeing thrown in for go
i just published easter passover and freedom selfawareness passover miracles
this was the best easter ever always remember that he has risen happyeaster
i definitely want one of these including the caravan volkswagen veedub returning from the millmerran
hope everyone had a blessed easter dusellpartyof3 willajoyce heisrisen
real looking duck eggs from @ toyrifiktoys giveaway
jesus died and still had to bounce back for another season greatest to ever do it
happy easter yes i look like an easter egg lol @ harlem
so with here you can see that jesus is palestinian jewish brown a refugee a socialist lover of the po
happy easter photo by maximusvisions maximusvisions nyc
thanks for the delicious dinner ktmrose21
last minute of everyone after right now it will no longer be ok to say anything relating to the holiday for 11 and 12 months
hope everyone had a wonderful
@ jasericho @ stawellgift @ 7sport the '93 gift was a winx like performance cho stawellgift onehorserace
i hope everyone had a blessed sunday for those who were alone you were in my prayers for gods love amp strength to hold you
teddy what happened did you get attacked by the easter bunny holiday weekend
back to the twitter after giving it up for lent i bet i missed a lot of good stuff on here jesusisrisen godbless
happy khantastic familyday enjoy the last day of safe amp happy with family laughlovelive be blessed
easter monday perfect for pints at our place longweekend outnaboutwiththelord
sunday funday instagay @ san francisco california
happyeaster 2 u and yours many blessings to you romancatholic faith
easter pool party whatsintheredsolocup hawaii hawaiilife hawaiianstyle @ waikiki
enter to win a 50 wholefoodsmarket gift card from @ thatashleyerin giveaway
the latest the angy daily thanks to @ hazelcowan @ cajardine @ neilfindlaymsp
thewests enjoying kardashians kimkardashian kanyewest northwest saintwest @ kimkardashian
easter 2017 was a success
happy everyone what did everybody do on this awesome holiday
@ burkelyduffield luckily i got some chocolate to celebrate hope he had a great day too
did you have fun decorating eggs with colorful patterns @ recordonline how long did it take to paint thes
@ ramzybarash @ mirandacosgrove hey what's up happy easter to everyone ramzy barash fan page loves the eggs
update lost 11 betting on good night
hope everyone who celebrates had an amazing day with their and spring has
ben affleck and jennifer garner celebrate together as a
happy easter from @ smilingpugs happyeaster bunnys
i hope everyone had a great
how to make a chocolate nest for
@ pugfashions model by hughettothepug happy easter
happy easter w family breakfast in bed familytime
trayvon martin and michael brown were dangerous nigger animals that needed to be put down cleveland blacklivesmatter news lol
markzuckerburg your post confused me i hope your first priority is education and the comes after happy
appam kerala rice pan cake amp tharavu duck curry breakfast raniskitchenmagic
isn't my nephew cute @ cypress texas
so happy i got to spend with my amazing mom @ los angeles california
fuck the giants fuck the sharks and fuck
love love love this pic amp my nana happy y'all hope everyone had a blessed one
a sweet celebration of season treats
thax 4 take me on or fam vacationhad a good time cookin 4 y'all this weekend dinner
kids fun dope @ insouciantanima babycakes964 was hella fun hiding eggs for the kids
pretty pink poopie princess lovemykids parenting
laughter really is the best medicine lovethislife laughter goodfriends silly
u kno what the hell heres my animation
@ spooney35 @ tinapayson @ neo11 @ luckycharms1961 @ sirrk @ tillman40 @ chrisnbama @ cartoongirl35
free events in and around birmingham for kids
happy easter everyonevegas lasvegas happyeaster eggs dying decoration
regardless of how warped some christians supporting trump may portray the faith jesus is alive amp well amp is the lover of our souls
hope everyone who celebrates had a lovely easter nailpolish nails nailart
breakfast this morning eggs bacon sausage and hash browns
and this little guy made my easter perfect alexander you are my heart family
hour 12 the great basket standoff still continues justeasterthings puglife aboutpug
today was incredible we were missing brittany though
have a blessed he is risen
easter when you're an adult nutella french toast sandwich nutella frenchtoast
weekend surrounded by my family childhoodmemories @ lancaster
eleven v eastereleven cats cat strangerthings monkey bff mybuddy cute love @
@ realdonaldtrump fu @ google for not recognizing the most important christian holiday of all the resu
didn't do anything for so here's a video of me being a bunny last week happyeaster
real looking duck eggs from @ toyrifiktoys giveaway
celebrating 2 easters with the pavonfab5 omg time to stop eating orthodoxeaster diettomorrow
happy easter @ roblox @ youtube roblox gaming youtubegaming
caption this family pic kaynewest kimkardashian northwest saintwest kardashians
see flowers @ washington national cathedral
the latest anonymous news tcot
from ours to yours happyeaster rebirth love family love stayingpresent mommabares
if pope's prayer to refugees is sincere he should let them in to vatican that is what jesus would have done @ pontifex
my day starts very well baileys colomba italian easter cake baileys colomba cake
clownlounge at houseofcollection w fouyork @ allegraemdeeamp @ sheltiep repost
gotta love @ jbjbjb7 love you mom happy easter gift mom momgift awesome
@ carmenamartin from a true muslim who believes we are all equal in the eyes of our creator happy easter everyone
an easter classic 70s pic sunday classic @ madera california
cool paint your own from @ toyrifiktoys for your activity giveaway
saw this new real looking duck eggs from @ toyrifiktoys great 4 egghunt giveaway
happy easter hope everyone had a wonderful weekend with family yyj beautifulday victoriabc eas
uptech sends you peace love and easter blessings holiday uptech joy bunny eggs love
google dnc democratpartyleaders showed why they've lost power today was resurrectionday christiancatholic superbowl nothing
you have no idea of the amount of happiness you bring to my life amazingweekend
hanging with the birds
with all the frills upon it bonnet centrepiece
the indulgence continues prosecco brownbrothers chocolate longweekend mimco
about to watch the service that @ chrispatchin did today at
last chance to help me win an awesome smbonus for tip what you can or join a live show
family spoils from the nike retail store pair for dad mom cami amp ryder nikes
a reflective easter moment fremantlestory freo4all
hope everyone had a gwate easter jessiejames werk werq
it must be in madeasbiblei cannot find in the bible now my bible talks about the
don't you dare think about stealing my new pineapple on the counter with knives smilealways pomeranian
celebration @ trishtrashers @ iamramyakrishna and friends
my brothers took it up a notch this year and added money to the
they aren't dusting some traditions never die egghunt
travel easter egg hunts in the courtyard hyatt hyattcanberra hyattaustralia parkhyatt thiscanbe
this and khmernewyear i got sick with a fever didn't celebrate but glad i visited grandparents amp saw th
happy easter zervis bunnies happyeaster ss bunny bunnies family
next thing you know i'll find out the bunny isn't real eitherhappyeaster
let's open our hearts to the great love peace kindness compassion empathy spirituality oneness
our flower easter dresses flowers dresses dogsofig dog pupper
such a fun day thanks sis for this pic we forgot to take a family picture familia
now that is over the dog gets his treat
happenings around maldives at atmosphere kanifushi maldives
i love putting together seasonal gift baskets for my children here's some simple basket inspo
great activity @ howshammill last week we had a great time read more about this and other literacy ideas
good night have a blessed week sleep bedtime ackybreakyadalberto bunny night @
recap of granada 's holy week in images in spain
free download of a perception of sin by juliet cromwell happyeaster iartg
anti gravity easter cake baking fdbloggers lbloggers lakeland
hey everyone check out our anime special
thousands turn out for easterfest in downtown la losangeles
cantata no 4 by the great js bach he composed this cantata for service
some great lamb wine and food pairing tips from the ever reliable @ winematcher
spent most of weekend eating baked camembert i feel good about it recipe on my
basket for adults ashley edmonds sex
relaxed easter monday can't wait to see my little furball again next week lovemyfurball relax
little witches in finland cast good spells before
@ antirogue yum that looks good happy
pardon me but how come all of a sudden the dramatis personae at became rabbits and eggs instead of jesuschrist
thank you very much @ primalsanctuary have an epic peace and love blessedbe vision namaste iam swagking
@ qweturadio @ dorahmanya you too monday
big smiles in watamu this weekend the conditions have been amazing for kitesurfing
is christianity's least favorite twin child
i wish i could show you when you are lonely or in darkness the astonishing light of your own being hafiz
heather calley @ hcalley hoppy easter 2017 lovelovelove momlife lovebeingamom
the latest isalvos weekly thanks to @ salarmycm @ salarmynorth @ sagrandhaven salvationarmy
round 2 somuchdessert leftovers myfamilyisthebest @ cresskill new jersey
easter sunday village lifesuch a lovely day ss villagelife
pretty sure i'm half crystallised inside now thanks to cadbury and the other @ ltskermit evilkermit
why did the go to the danceto do the bunny hop 1966 riddles jokes
our easter sunday dinner sunday dinner @ madera california
obama and family attend easter service at historic va church
the conscious edit @ consciousedit staying in this @ truecostmovie is a movie night tip for anyone who
prettiest easter flowers
how is your easter sunday i hope you enjoy it
who ate too much chocolate eggs chocoholic chocolate
follow amp rt to win over 60 of fabulous hardback books in our eggtastic giveaway tampcs
monday irrigation painted eggs ham egg dish
the most adorable easter bunny everrr son adorable
and just like that weekend is over and it's backtowork tomorrow boo
happy easter once again everyone lt333
easter bakes from 2014 love looking at old photos bakes
happy easter my friends get your card @ happyeaster
are you having great were open as usual tomorrow 95 carpets rugs bargains
random drawing for you fags can help me name her if ya want
it's 1158 so i can still say this happy easter
this is my wife @ tarasahara doing an easter egg hunt at 32 best wife ever never too
nike air force 1 high sl qs pearl pink is now availablelink
guest blog light up your with these tech gift ideas for your loved ones
how about an bankholiday read try my bestseller crime fiction collection from ni @ solsticepublish
daily 75 happy easter everyday dailies gif ui aftereffects 2d egg egghunt2017 search
the joy of being christian lourdes2017 resurrexitsicutdixit carmel702 hcpt @ les
snoopy and woodstock wish you a happy easter snoopy cakepops
have fun in this holiday monday mondaymorning holiday peonies floweroftheday
happy easter berlin neuklln breakfast coffee coffeetime @ berlin germany
complaints that watership down was on yesterday and was frightening for kids it's been show every yearbritishproblems complain
wind up your celebration with the most amazing songsofresurrection press play
a sweet celebration of easter season treats
@ nro a mediatation after
continuing my series of unconventional events today i've had pancakes for breakfast pancakeday
amazing finish of of our easter festival thank you @ dubfire nordstern festival
happy twitterafterdark ngot rt @ adultzoneonly @ xxxfuncouple3 @ 702freaks @ badmrw0lf @ somilfysquad
@ newsontv3 it was really usual mountains of garbage borla nationwide nationwide surprise w ppl chill
hello you lonely little slice o key lime piemidnightsnack
so much love for this human perfect holiday weekend of smiles and laughs friends love fam weekend
good food good setting good friends no need for chocolate eggs or bunnies sunday
beyonce amp huh mama on cuties
the joy of being christian hcpt carmel702 resurrexitsicutdixit lourdes2017 @ les
real looking duck eggs from @ toyrifiktoys giveaway
nyc costume spectacle meets elegant tradition from the 1870s when the city's elite paraded in sunday best
jesus wasn't white happy
tune into @ kxlu889 live right now and here tonights @ blaqkennedy special 889 losangeles
enjoy this second day of easter spring flowers luxuryflowers eventstyling
this is what my daughter thought was a 'good' dinner last night parenting motherdaughter happy
the second day of i start with coffee and htmlcss website webdesign webdesigner
the latest copeau thanks to @ clasicaliberal @ breizh06 @ uplib macron
heisrisen just ask joseph fiennesadmit it you have been thinking of that movie all day risen christianmoviesrock heisalive
lifeandstyle hygge kind were you inspired for or by a random act of kindness this easter
the latest the art amp design daily artwords
i forgot to post this yesterday hope you all a nice easter to those who celebrate ittomorrow back to normal
waiting waiting for the our inroom pool to fill up holiday break luxe life relax
today is the last chance to take part in our easter duck race and hunt for clues in the trail bottle feedi
mad max mustering team moree australia mustering
big mob over the gil gil mustering australia moree
gettin all religious out here on the moree plains moree snapsydney sun sunsalute
happy easter we hope everyone is having a beautiful bank holiday monday bankholidaymonday
going on a long journey this download ballerina to entertain the smalls in the car
uk two large supermarket chains wont stock christian egg but do carry halal ones bbcnews skynews marr
the latest the find it handmade daily thanks to @ itastepaint @ katskloset ad
pic sent to us by a happy customer hope you enjoyed it ps like the chilli jam thanks porkpie
bon iver 29 strafford apts live via @ youtube kerry bankholiday carefree life
athletics rt greatrun why your chocolate could be great for endurance
jesus the tormented at the church in bashiqa a village 20km from mosul recently liberated from is peacemarch17
resurrection sunday celebration service 2017 celebrate christianity christian
conflicted but festive
@ snohaalegra dontexplain erlee @ downtown santa monica
happy to everyone i'm feeling blessings and abundance performanceart musicians
happy monday from everyone at met
resurrection sunday celebration service 2017 celebrate christianity christian
i love putting together seasonal gift baskets for my children here's some simple basket inspo
drivers face 40km of gridlock
5 sweet facts you didn't know about
@ agrutledge there truly was an miracle in arkansas the planned mass judicialmurder is no longer imminent
a tasty surprise for easter chcolate chocolateegg ganache @ siskochocolate
francesca battistelli's dedication to you he is risen even here on acelebrationofmusic now playing is
today cameronosbornetfl ubergate revelations continue corruption
good luck with the hangovers today shouter's hope you've had a cracking easter shoutabout
impatient us parents ruin egg hunt event for children
washout britains barmy weather continues as now
over 1kg of chocolate ingested an overnight stay in emergency and a big ass bill that face says guilty amp sorry
table decs for vintage rabbit eggcup garden flowers reuse repurpose relove
resurrection sunday celebration service 2017 celebrate christianity christian
stunning sunset over bendigo is a fitting end to a brilliant weekend great weather fantastic events and heaps of family time
wmv wildlife with ashley renee bondage clips4sale via @ clips4sale roleplay please rt xoxox
a classic and also my breakfast sugar is good for creativity right amwriting chocolate
happy everyone very clever marketing mcdonalds takeaway ux
6 bizarre easter traditions from around the world @ niumeofficial niume interesting
my balls are painted and i'm hiding in a park
@ thisisusliving @ aungierdanger i was given a box of cremeeggs for i think it's safe to say i'm cremeegg
it's today see you in the triangle from 11 for themed activities entertainment amp workshops for your littl
super easy icecream recipes perfect for monday
put the spring into your gardening projects with my 7 step guide ideal for nationalgardeningweek
are these the oldest eggs in leeds come see them for yourself @ leedscitymuseum @ leedsmuseums
follow and retweet for your chance to win a lindt chocolate hampertampc's apply
get cracking with recycling this and recycle the cardboard boxes that your eggs come in recycle4easter
we are all still enjoying celebrations it's a special family time amp loads of decorated eggs
we hope you all had a great sunday and enjoy your liein today
it was certainly all the fun of the fair at the festivalofantiques peterborough @ eofearena on goodfriday amp
happy easter monday dogfriendly vacation holiday hottub somerset lavenderhillholidays
good morning cardiff today is the last day of our deals so check out what we've got on offer we're open until 6pm cardiff deals
such a pity to hear @ bbcradio2 pause for thought repeat the nonsense that the word has somehow disappeared from our chocolate eggs
today 630pm @ boychoir709 bethanyunitedchurch @ townofcarbonear music @ nltweet @ great day for a drive
after easter dopo pasquadinneround pastiera napoli pasqua casatiello naples excursion
goodmorning monday let's go on enjoying the bankholiday blessings amp
is over but those extras can stick around for a while in the shops the pantry and
don't talk about chocolate given away talk about net chocolate given away
10 morning miles offsets the 5 eggs consumed yesterday right ukrunchat @ ukrunchat devon
get your pizza fix today at our @ fstonehbourarm or dover restaurants beat those 'back to work blues' with a treat @ follieskent
check out happyeaster @ teespring summer2017 teespring teesjobshour
i forgot to say happy easter yesterday
oped if you celebrate dont be a hypocrite and stand with israel jerusalemonline
@ vixenwetblast competition time follow like amp rt to be in with a chance to win this eggcellent prize
love this little toothless terror yes i'm red he made me have a dance off nephew
slowfood now stories via @ lekkerbec @ simplybrekkyau @ plainstosee chocolate
we're open today 124 so come in and shop our latest arrivals across all 3 floorsrouletteclothing
@ graceyjr glad to hear you had a great weekend we hope you took a few gin trinkets or treasures away with you
please don't give rabbits as an present animals are a responsibility not a gift animalrights
what did the say to the carrotits been nice gnawing you 2002 riddles jokes puns
not sure what to do this monday check our latest issue for some great streetphotography inspiration
from the monday ku'leryhaikupoetrybirdsdeath
up bath dressed coffee baby under control laura's gone back to bed suspected sugar overdose headspinning
poet in the woods peacetime turkey france politics referendum korea threat war uncertainty
good morning everyone have a great day luxuryholidaylodge sleeps12 happymonday holiday vacation
today's the last chance to enter our competition guess how eggs are in this london shot to win a free h
have a very happy easter and a great easter bank holiday liverpool independent coffee
spend more time on the golf course without leaving home mondaymotivation goal
it was warm enough for a tshirt earlierand now it's hailingberlin osterfeuer
8 miles across the south downs and then eastbourne seafront sussex wellbeing happy
residents are having a relaxing monday after a busy weekend even the easter bunny has got his feet up
how is your break going
why can't every monday be a bank holidayiclothing bankholiday chilled
the easter hunt by festusanderson @ allpoetry poetry bunny
happy easter to all merlin fans merlin
better plot deeper characters bigger themes and more memorable dialogue why on earth is less popular than christmas
if your road has left you hopeless maybe you should have an honest conversation about jesus and the hope he gives
good lady has excelled herself again bankholiday cake baking cooking nomnom
happy easter monday enjoy the day enjoy happyday happy bunny velikonoce
happy easter milf goddess legs heels adult amateur bigboobs redhead sexy southerncharms bbw
sunday progress i know it's monday but feels like sunday wip bunny darkart
today is easter monday in eastern christianity and the first day of the bright week
he's more than enough for me sunday
he's going to kill me when he's 18 but when i seen the ears i had to have them bunny
i know it's almost over butwhat has been around longer
real life picture of jesus escaping the tomb somebodyoncetoldme
race smashed easter saved deaddrop exercise running
preparing for a serious detox with oreos peeps
great way to end the easter weekend with man fly manflu
happy easter fijnepaasdagen we offer sale for our photo frames with althabetphotography
happy easter thinking of the ressurection while eating sweets catholic holiday
anyone else have an easter hangover today art illustration bunny pink
st andrew square edinburgh looked amazing in the saturday morning sunshine spring cherryblossom
remember to visit and use discount code 'egg20' for 20 off any purchase sales
not only does my @ cvspharmacy not have candy on sale but they're also selling christmas candy at full price outrageous fail
we've had a really nice a bit of work a bit of house stuff the company of cats but mostly relaxing sadly not in much sun
here's the video link 2017 2017 jaypcoolreal jazz family fun
time for a little chocolate treat well it is easter chocolate
my chocolate easter bunny charm rainbowsixsiege
video message he is risen bringing hope jesus christ jesussaves hope
come to the water lourdes2017 resurrexitsicutdixit hcpt carmel702 @ les sanctuaires
we dont have to miss the true meaning of easter and we dont have to miss jesus church faith
i love putting together seasonal gift baskets for my children here's some simple basket inspo
watch living hope kids on vimeo jesus cute
at what point after easter does it become not ok to have chocolate for breakfast lunch and dinner chocolate nom
christians in nigeria killed during celebration by fulani militants christianpersecution jesussaves
ladies faffing this afternoon thecommittee springfair @ furness abbey
great fun amp productive passover regularweekend for us diverse amp proud christian
it's monday enjoy 40 savings on books amp sermons today only save now
lovely day again at @ longleat with my boys marvellousmonsters annualpassholder
the latest the midstate mills biscuit buzz thanks to @ kevinandamanda @ addapinch @ thenovicechef oreo
