modern ski bum adapts to a housing crisis via sacramento
action selenagomez wtf cumming mcallen webcamgirls
devilishly good double chocolate cake w vanilla buttercream icing @ leahsaysviewspictwittercom71vn1czekc
news groupboard deviled jello eggs with cool whip why not mix it up with a bit of cream cheese
news groupboard sweet smoky and packed full of flavor this slow cooker bbq beef brisket recipe is a
news groupboard rainbow jello easter eggs
rp @ theprepguy we're expanding check out this post for a major announcement entertainment drinks
news groupboard jello easter eggs are a fun and easy jigglers treat for kids
news groupboard jalapeno popper deviled eggs
news groupboard gruyere mushroom amp caramelized onion bites with sauted crimini mushrooms balsamic ca
news groupboard puffy tacos my favorite way to eat tacos only 5 ingredients hamburger taco seaso
thanjai sand is the one which gave for whole tn but today in cauveri water is not running only sand trucks are running think
news groupboard bacon burger bites
we're expanding check out this post for a major announcement entertainment drinks decor work
news groupboard chili lime shrimp cups appetizer recipe via inspired taste the best easy party appet
news groupboard creative easter food ideas
whitechimes be right there altonbrown rt science
news groupboard pie crust at its most basic is only four ingredients here's how to master them s
news groupboard caramel apple grapes are the perfect snack grapes dipped in caramel and then in nuts
news groupboard guacamole deviled eggs
breakfast goals by yakunindonesia good morning happy peopledessert desserts yum
news groupboard these deviled eggs are made with sour cream instead of mayonnaise topped with bacon a
finally able to relax work was long youknewitwascoming
news groupboard fresh plump scallops call for little more than a quick grill and light glaze
news groupboard bacon jalapeno deviled eggs are delicious and add a kick to the traditional spring su
news groupboard how to make mozzarella sticks better than the snack bar's on food52
watch on periscope 360 cam getting firewood cooking golive periscopetv
twist travel magazine
news groupboard these skyhigh popovers might make you believe in magic it's not magic it's a popove
news groupboard homemade harry potter butterbeer microwave cake in a mug easy recipe that's perfect
check of this welsh shop gt beer spirits butchers cheese dairy wales
sexchats sister casting blonde boobs anna ass webcammodel
healthy 4 all how frequently do you find yourself craving carbohydrates like pasta rice tortillas or po
fresh grilled chickenandstrawberry cobb salad to brighten up your plate recipe here gtgt
shanea's favourite foodies w posts frm @ ofpeopleplaces @ metaguidetw @ scoreboise ttot
we're expanding check out this post for a major announcement entertainment drinks decor work
how to know five and drink to relieve pain
hot dog de wheels @ harryscafedw harryscafedw hotdog harryscafeinstameetup hotdogs yum inst
what are sustainable cities like esg susty solar waste ev design water conservation
went vegan for lent think i did t right vegan vegetarian glutenfree govegan organic healthy raw
while everyone was hunting for chocolate eggs i went for the good stuff eastersunday easter dinner wine
i ate lobster from shogun bistro recipe cooking recipes healthy cook health yummy
dominos this is really interesting want to know more look at dominos suffolk restaurant
homemade grilled chicken parmesan with feta cheese and spaghetti recipe cooking recipes
enter cool kitchen points for a chance to win 5000 in points sweepstakes lunch via @ sywsweeps
easter eggs and gingerbread in the form of colored easter rabbit by anjelagr source500px
easter eggs by rckey source500px
6 to consume after a weekend junk amp alcohol binge
food is the universal social lubricant that brings people together nomnom blog
seabit the seattle met breakfast taco list seattle
whipped up some healthy smoothies in my new living well with montel blender
topgolf the ultimate in golf games and fun
squid ink blue crab pasta at recess room pasta crab
food coma ss grillin happyeaster homemade colorful @ huntridge district
live on periscope greek margarita cooking golive periscopetv
nude full sex man and woman
sexdate boyfriend lakewood vienna facialhairgt
cute wideopen soi sexappeal womenatwork
when you forget to buy ingredients this book is here for you
put your spring pasta pants on
how can you have an economicrecovery when 1 in five children are on stamps
get 20 in free from caviar delivery hungry promo code chicago sf
new blog posthow meal planning can save you time amp money cooking meals
he brought us banana bread and a bottle of wine so im chill with him theimportantthings wine
news @ amp drink enjoy your zucchini in this simpletomake sweet tender lemon poppy seed zucchini bread
is it ever the wrong moment for a yummy burger cooking healthy
win free products coupons for lightlife amp nasoya products via @ mrsdchastain's giveaway
watch on periscope spanikopita fresh out of oven cooking golive periscopetv
please rt recipes getfitmarch yogurt half full meals and bhel
homemade grilled chicken cheesy skillet potatoes and monster artichokes easter dinner recipe
homemade spicy blue cheese smoked gouda burger recipe cooking recipes healthy cook
please rt recipes quinoa coconut flour einkorn banana bread sugar free dairy free
please rt recipes beginner's spaghetti bolognese
i ate a lobster roll at neptune oyster in boston ma recipe cooking recipes healthy
please rt recipes parades community table 11 quick and easy pork chop recipes
homemade mint pesto pasta with spring peas and green garlic recipe cooking recipes
please rt recipes dessert homemade houmous
homemade made some delicious nachos tonight aren't they pretty recipe cooking recipes
i ate southern baptist biscuits and gravy recipe cooking recipes healthy cook
i ate bacon curry fries courtesy of h4l1 via in reddit delicious lunch gourmet dinner
homemade easter feast lamb on the spit courtesy of telepaphone via in reddit delicious lunch
veggie recipes how to make fried brussels sprouts via @ kitchenhandle
junk food and sunshine the other day alyssaahhoo halfmoon junkfood fatlife
red meat is carcinogenic she said as she started her 2nd bottle of red wine vegan meatlover science
cunni nakedgirls love badajoz debutante twerk virginity blackpussy
lick ice cream icecream lick desserts @ lick honest ice creams
i am hungry for food so i think i will eat some of it
today's happy highlight happy easter recipe on my blog healthy smoothies carrot easter spring
check restaurant mcdonalds address 37 london rd n lowestoft mcdonalds restaurant suffolk
the latest chef marisa's foodporn thanks to @ bellezas01 @ stmarys97 @ deantejohnson4
the heart foundation should stop lying to us nomnom blog
the unconventional guide to being a great fitness entrepreneur nomnom blog
modern ski bum adapts to a housing crisis via sacramento
action selenagomez wtf cumming mcallen webcamgirls
devilishly good double chocolate cake w vanilla buttercream icing @ leahsaysviewspictwittercom71vn1czekc
news groupboard deviled jello eggs with cool whip why not mix it up with a bit of cream cheese
news groupboard sweet smoky and packed full of flavor this slow cooker bbq beef brisket recipe is a
news groupboard rainbow jello easter eggs
rp @ theprepguy we're expanding check out this post for a major announcement entertainment drinks
news groupboard jello easter eggs are a fun and easy jigglers treat for kids
news groupboard jalapeno popper deviled eggs
news groupboard gruyere mushroom amp caramelized onion bites with sauted crimini mushrooms balsamic ca
news groupboard puffy tacos my favorite way to eat tacos only 5 ingredients hamburger taco seaso
thanjai sand is the one which gave for whole tn but today in cauveri water is not running only sand trucks are running think
news groupboard bacon burger bites
we're expanding check out this post for a major announcement entertainment drinks decor work
news groupboard chili lime shrimp cups appetizer recipe via inspired taste the best easy party appet
news groupboard creative easter food ideas
whitechimes be right there altonbrown rt science
news groupboard pie crust at its most basic is only four ingredients here's how to master them s
news groupboard caramel apple grapes are the perfect snack grapes dipped in caramel and then in nuts
news groupboard guacamole deviled eggs
breakfast goals by yakunindonesia good morning happy peopledessert desserts yum
news groupboard these deviled eggs are made with sour cream instead of mayonnaise topped with bacon a
finally able to relax work was long youknewitwascoming
news groupboard fresh plump scallops call for little more than a quick grill and light glaze
news groupboard bacon jalapeno deviled eggs are delicious and add a kick to the traditional spring su
news groupboard how to make mozzarella sticks better than the snack bar's on food52
watch on periscope 360 cam getting firewood cooking golive periscopetv
twist travel magazine
news groupboard these skyhigh popovers might make you believe in magic it's not magic it's a popove
news groupboard homemade harry potter butterbeer microwave cake in a mug easy recipe that's perfect
check of this welsh shop gt beer spirits butchers cheese dairy wales
sexchats sister casting blonde boobs anna ass webcammodel
healthy 4 all how frequently do you find yourself craving carbohydrates like pasta rice tortillas or po
fresh grilled chickenandstrawberry cobb salad to brighten up your plate recipe here gtgt
shanea's favourite foodies w posts frm @ ofpeopleplaces @ metaguidetw @ scoreboise ttot
we're expanding check out this post for a major announcement entertainment drinks decor work
how to know five and drink to relieve pain
hot dog de wheels @ harryscafedw harryscafedw hotdog harryscafeinstameetup hotdogs yum inst
what are sustainable cities like esg susty solar waste ev design water conservation
went vegan for lent think i did t right vegan vegetarian glutenfree govegan organic healthy raw
while everyone was hunting for chocolate eggs i went for the good stuff eastersunday easter dinner wine
i ate lobster from shogun bistro recipe cooking recipes healthy cook health yummy
dominos this is really interesting want to know more look at dominos suffolk restaurant
homemade grilled chicken parmesan with feta cheese and spaghetti recipe cooking recipes
enter cool kitchen points for a chance to win 5000 in points sweepstakes lunch via @ sywsweeps
easter eggs and gingerbread in the form of colored easter rabbit by anjelagr source500px
easter eggs by rckey source500px
6 to consume after a weekend junk amp alcohol binge
food is the universal social lubricant that brings people together nomnom blog
seabit the seattle met breakfast taco list seattle
whipped up some healthy smoothies in my new living well with montel blender
topgolf the ultimate in golf games and fun
squid ink blue crab pasta at recess room pasta crab
food coma ss grillin happyeaster homemade colorful @ huntridge district
live on periscope greek margarita cooking golive periscopetv
nude full sex man and woman
sexdate boyfriend lakewood vienna facialhairgt
cute wideopen soi sexappeal womenatwork
when you forget to buy ingredients this book is here for you
put your spring pasta pants on
how can you have an economicrecovery when 1 in five children are on stamps
get 20 in free from caviar delivery hungry promo code chicago sf
new blog posthow meal planning can save you time amp money cooking meals
he brought us banana bread and a bottle of wine so im chill with him theimportantthings wine
nourish yourself your body and soul will be forever grateful love soul body dinner
new blog post about our visit to gourmet factory shops
the latest the food and gardening daily thanks to @ jfkplus50 @ twobritsabroad review
this was our lunch on wednesday we have a canteen that serves fresh baked bread nan japanese
we're hiring click to apply cashiers at airport airportjobs travelhospitality
you want some food late dinner japanese restaurant kuliner bandung parisvanjava jawabarat
these are the days of our lives fortheloveofthegame hustleisreal doitforyou
wow factor these triple chocolate chewy cookies and milk were made for each other move over oreo's and
introducing our best bites membership site and weekly meal plan service cooking re
get 20 off entire ticket with the purchase of 25 or more
grilling with the kids in alameda grill love spring asparagus
damn lamb flare ups turned out perfect though grilling bbq deals recipes discounts summer
special tomato basil beef lasagna can be enjoyed now at our sabeen restaurant only idr 100000let's try it
sichuan pork wontons chao shou cooking
the heart foundation should stop lying to us nomnom blog
annual easter picnic alltheladies familyfunday family friends fun picnic easter
5 spices to boost your metabolism nutrition health
are you interested in urbanfarming gt fruits vegetables
looks familiar d'oh haha simpsons thesimpsons homersimpson doughnuts donuts
oldguy beauty cams action romance niceass ffm
lets hit 200 subs baking cookies cupcakes 4 subs freesub social wishlist twitchclips @ sintillagames
easter feast we deserve it
foodfamous faces from the world of iron chef reveal where they ge
orchard road is 'kind of boring' singapore news amp top stories the straits times
speedy pepper this is really interesting want to know more look at speedy pepper meal delivery
wokeuptothis 2 boxes full of mangoes from ap fruit yummy seasonal hdr instafood
9 smartfood white cheddar flavored popcorn 85 ounce smartfood white gifts
please rt recipes eggless cutout sugar cookies eggless sugar cookies
pornolatino rose circumcised porno helsingborg latina cute movie
please rt recipes salmon cobb salad with spinach and feta
please rt recipes fruitcheese dip
please rt recipes fall harvest chopped salad with apple maple vinaigrette
please rt recipes dessert homemade vegan pasta recipe homemade lasagna sheets recipe how to
please rt recipes cooking delicious cook recipe chocolate chip microwave cookies
please rt recipes cooking delicious cook recipe pecan pie muffin everyday food with sarah
please rt recipes cooking delicious cook recipe chocolate chip microwave cookies
30 layer pastel mille crepe cake for easter came out beautifully baking cooking recipes cake desserts
vanilla bean and bourbon cake with buttercream and white chocolate ganache happy easter baking cooking
speckled egg cake chocolate cake with mint swiss meringue buttercream baking cooking recipes cake
life is short eat cookies spoonfeed thebakedbear icecream
please rt recipes cooking delicious cook recipe thick ampamp chunky tomato sauce from scratch
my easter cake chocolate cake with vanilla italian merengue buttercream baking cooking recipes cake
my super easy cheesecake recipe was a hit baking cooking recipes cake desserts win cookies recipe
a simple red velvet cake for easter baking cooking recipes cake desserts win cookies recipe cakes
i made a thing for easter baking cooking recipes cake desserts win cookies recipe cakes cupcakes
i made a few batches of cookies for easter they aren't fancy but they were amazing baking cooking
please rt recipes cooking delicious cook recipe sundried tomato mushroom and spinach tofu
coffee paleo butter coffee creamer coffee
watch on periscope greek margarita cooking golive periscopetv
denver is food heaven check out our colorado map for finds denver travel
new blog post on the dim sum restaurant the great seafood harbor inc in artesia ca link in my bio
the forli punjab lesbians streetfuck enjoy internet
it's time to move on from italy there are great dishes and great people i will definitely try pallott' casc' e ove grazie mille
angers butthole saliva pakistani backroom dicksuckinggt
news excellent click for original link serves 4 time 30 minutes 20 m prep 10 m cook ingredients
from the archives 4 ingredient pepperoni pizza rolls easymeals recipes
happyeaster my friends enjoy the good and the time with your family
please rt recipes grilled limeteriyaki shrimp
happyeaster my friends enjoy the good and the time with your family
please rt recipes dessert charlie bigham's pies as good as homemade
how to eat like a local in italyincluding one specialty inspired by a seductive dance travel
please rt recipes cooking delicious cook recipe green lasagna rolls
please rt recipes cooking delicious cook recipe nobake crispy chocolate peanut butter balls
my asparagus risotto would make you weep nomnom i knocked this one outta the
please rt recipes cooking delicious cook recipe green lasagna rolls
please rt recipes cooking delicious cook recipe spanish and french basque country food
just a sampler but always have to make it look pretty shrimp
please rt recipes cooking delicious cook recipe spanish and french basque country food
enter cool kitchen points for a chance to win 5000 in points sweepstakes lunch via @ sywsweeps
automatic posting for blogger blogspot blog nuestravictoriaeslapaz for thought a kosher slaughter
ffm hairypussy russian rosadita webcamadulti reality columbus
news groupboard mongolian beef pf chang's copycat easy to make and better than the real thing
news groupboard ham amp cheese pastry if you like ham amp cheese sandwiches you will definitely like thi
please rt recipes have your cake and eat it too with mrs crimble's
please rt recipes dessert chocolate dipped oreo cookies
please rt recipes dessert lemon verbena custards
please rt recipes dessert lassy buns amp hot dog and baked bean casserole
please rt recipes dessert everything you've ever wanted to know about cotton candy
please rt recipes dessert lemon basil seared scallop pasta
healthy 4 all 20 deliciousampeasy oat recipes for energy boostampsharp mind
ounce by ounce nutritious costs up to 10 times more than junk fooddiet nutrition fitness
lawmaker's childhood experience drives new mexico's 'lunch shaming' ban children school the salt @ npr
nice pictures of caps cafe must see cafe caps store cafe
please rt recipes cooking delicious cook recipe slow cooker zucchini e fagioli soup with
hoppy easter y'all hapoy sundayfunday pink donuts yummy
please rt recipes cooking delicious cook recipe the real spaghetti carbonara
set of four vintage metal poker card themed serving display trays 19 via @ ebay gaming
please rt recipes cooking delicious cook recipe meal plan monday 46
please rt recipes cooking delicious cook recipe snowman affogato
homemadei made a baloney sandwich recipe cooking recipes healthy cook health
girlfriend got me a nice little assortment of hot sauces for my birthday spicy hot delicious
please rt recipes cooking delicious cook recipe slow cooker zucchini e fagioli soup with
for high performing entrepreneurs nomnom blog
why nutrition is the new black nomnom blog
stop eating your paycheck personalfinance budget frugal sidehustle cheap millennials save money debt
hoppy easter y'all happy sundayfunday pink donuts
quick amp easy toddler friendly meals salmon amp asparagus tagliatelle style classicposts
vintage baking pineapple upside down cake baking cake
tattooe cams masterbation damnnearnaked groningen milano thot
love this crazy ladygopro mom instagood photo mom love sly aslyfilm
get 10 for free for postmates delivery with promocode scedi coupon code promo invite hungry phil
national cheeseball dayapril 17th 2017 yum yummy amazing nationalcheeseballday
this is what i call news worthy of a monday morning criticism
this is my life i'm always still hungry
number of new and beverage products rebounded in 2016 learn more
oasis txdomestictourism texas restaurant @ the oasis restaraunt and bar
here are some great colon cleansing foods what would you add cleanse detox cleansing plantbased nutrition
a tower of parmesan garlic fries with truffle oil and aoili dipping sauce cooking gourmet
foodporn rt markdickenson bbq pulled chicken amp gouda panini sandwich foodporn
the heart foundation should stop lying to us nomnom blog
farmersmarket san jose downtown farmers market cc artist @ beckmannsbakery @ medinafarms @ smallbeesco @ hamlowranches @ jandmibarra @ me
6 reasons to love babyled weaning weaning babyled babyledweaning tips parenting
the fda has issued more than 13 related recalls in the last 7 days the recalls were related to undeclar
digitalpayments co @ paytm has rolled out wallet on its app meant for corporates to issue taxfree mealcoupons to their employees
foodporn rt markdickenson bbq pulled chicken amp gouda panini sandwich foodporn
@ joyceduboise rt @ thatbaldchick tips for healthy eating in a busy world healthy @ trainerfood diet
on the third day i made a perfect manhattan pie pie
news groupboard if youre looking for a quick and incredibly tasty way to cook up your asparagus you
news groupboard dutch babies with lemon curd and blueberries
i ate a lobster roll at neptune oyster in boston ma recipes cooking delicious
homemade mint pesto pasta with spring peas and green garlic recipes cooking
homemade made some delicious nachos tonight aren't they pretty recipes cooking
i ate southern baptist biscuits and gravy recipes cooking delicious
homemade french onion soup time lapse recipes cooking delicious
i ate a bacon egg and cheeseburger recipes cooking delicious
dark chocolate is the way to go darkchocolate cocoa chocolate sweets sugar dessert
can increasing your protein help you lose weight diet weightloss wellness
what to eat when you have a cold or flu health nutrition
gorgeous waffles with hot chocolate sauce gtgt recipe yummy cooking
convert excerpt only rss to full rss feed happy easter latina bloggers the new
butternut squash amp chilli soup recipe soup fdbloggers lbloggers
we share recipes and pictures of for
indian cuisine is one of the healthiest in the world focusing on fresh amp seasonal @ sunitanar @ financialxpress
girlfriends cam love analplay taylorswift vibrating london
news groupboard a recipe for roman stuffed dates at the inn at the crossroads a website madly devoted
new location set for 'feeding sd' food distribution yankton daily press
four foods you've been peeling incorrectly
potato roses came out okay but the muffin tin definitely would have helped
the we eat its impact on environments amp bodies event in townsville at james cook university ft james
the latest cooking in with stephanie thanks to @ mit1953 @ bonedbroth @ tnpasha recipes
had a wonderful weekend full of family friends and relaxing in these last hours with
@ speakerryan you are not christian jesus would puke at your rhetoric goplies fuckyou shelter cleanwater
recipes reddit livebroadcasting homemade honeylemon chiffon pie rfood
farming preschool would teach kids how to grow their own
this selfdriving robot developed by apple and google alum can deliver right to
20 ways to eat more protein for breakfast recipes from the kitchn yes feedly
for those sick of people telling you dairy is good check out this article vegan vegetarian glutenfree
mrw someone describes the process of eating crawfish vegan vegetarian glutenfree govegan organic
the importance of working one thing at a time nomnom blog
orchard road is 'kind of boring' singapore news amp top stories the straits times
delicious and nutritious chickpea avocado mash sandwich
hybrid fruit and vegetables revolutionising our meal times from pineappleflavo
me when steakhouses don't get at you strong enough with the side orders as i am a grownass man who requires nouris
evansville spex vaughan strip worldofdance
enjoy and drinks at the arvada tavern arvadaco parkplaceoldetown
craving an ahi tuna burger @ forsythebrian 101coffeeshop losangeles hollywood larestaurants
guess how happy i am i didn't burn biscuitsi think that's a first walle
help syria amp donate to your fave charity war hunger famine children refugees vidoftheday vid
hope you all had a great easter cookie chick bunny
5 sandwich ideas for your beach lunch buffet vegan recipes healthy cooking animalrights
help syria amp donate to your fave charity war hunger famine children refugees vidoftheday vid
i couldn't find anyone cooking easter dinner so i had to order take out
please rt recipes homemade toaster strudels
devilishly good double chocolate cake w vanilla buttercream icing @ leahsaysviewspictwittercom71vn1czekc
please rt recipes slow cooker creamy garlic mashed potatoes
the secrete to gravy is to add flour to cold water and whisk it into the drippings cooking easterdinner
please rt recipes nobake chocolate mousse pie
please rt recipes our favorite lemonade desserts
please rt recipes dessert apple amp blackberry rice
please rt recipes cooking delicious cook recipe game day snacks gluten free fried ravioli
inside farm burger a farmto table experience to remember atlanta
elaeagnus latifolia fruits on the old wood @ 500px popular
inside farm burger a farmto table experience to remember atlanta
please rt recipes cooking delicious cook recipe butterscotch toffee blondies
please rt recipes cooking delicious cook recipe rustic cayenne spiced cherry and almond tart
please rt recipes cooking delicious cook recipe 7 japanese desserts from tasty japan
the latest gina's spicy tidbits thanks to @ theefj @ andresfuentes79 @ digitalmcoach recipes
yasss it's time for a great show aj hastingshungry af
for boys porn platform sex
please rt recipes cooking delicious cook recipe puff pockets 4 ways
porn sex free preview sexvideo
watch on periscope greek feast cooking golive periscopetv
repost @ trujimmyjammchicken on the q tonight marinated 24 hours with a little help from portugallo sauces bbq
please rt recipes cooking delicious cook recipe puff pockets 4 ways
this pr campaign showed america who puts the on the table
brooklyn brands tries to make matzo trendy the matzo project offers matzo and m
live on periscope greek feast cooking golive periscopetv
lunchtime bbq steamboat not buffet thanks for the treat telvinchang
made welsh cakes this afternoon vegan tryingtosavetheworld
news groupboard known as 'cozze al vino bianco' in italian mussels in white wine is a light and refre
news groupboard zucchini scrumbled eggs a one skillet meal that is light fluffy and delicious
casper college to repurpose leftover campus food for senior citizen dinner casper startribune online
interesting daily finds via wines pinot noir maule valley chilensis reserva 2015 10 wine spectator vino
14 caf desserts you can make at home londoncafe desserts cafe
50 healthy recipes to get you ready for summer
you dont have to cook fancy just good from fresh ingredientsmondaymotivation successmantra
problem solved what to do when you have diabetes and celiac together nomnom blog
hungry get 5 off with justeat promo referral code free toronto montreal calgary to yyc ottawa
paleo diet ebook download diet weightloss fitness health fatloss nutrition healthy workout fit
do any of you plan entire trips around
malteser amp honeycomb cheesecake recipe recipeblog fdbloggers lbloggers
please rt recipes cooking delicious cook recipe gozo deli casheese a giveaway
happy birthday if today's your lucky day hbd cake birthdaycake
the perfect pie crust makes for the perfect dinner time winetime
pierogi dumplings from poland street food of london
how to help in a choking emergency buy dechoker home safety choking restaurant
please rt recipes cooking delicious cook recipe coffee with milk and walnuts cake
private tour of alberobello's trulli with wine tasting apulia wine
simple fruit crumble with oatmeal streusel topping chefstep recipes yummy zang
please rt recipes cooking delicious cook recipe wishing you tons of holiday fun your friends at
please rt recipes cooking delicious cook recipe pineapple loaf cake
please rt recipes cooking delicious cook recipe saffron marzipan cookies
what you are not being told the problems of our and medical systems and poor science corporategreed
great holiday recipe crab cake mini's baking cooking holidayrecipe read more
sexyass vasteras northampton bestsquirt barrie gape blackwomen
german wurst is actually the best munchies germany
postmates is a garbage food service 3hours of waiting only to have them never drop of the food and still charge @ postmates chicago
news groupboard hawaiian cheesecake salad comes together so simply with fresh tropical fruit and a ric
news groupboard crispy bacon wrap soft and juicy sausage if you are a bacon lover you would love thi
the 1 veggie base you need for 5 easy meals all week @ eatingwell mealprep nutrition health
how i feel right now easter fat
hahaha last year i made 34000 with 4 jobs 10000 went to tuition the rest rent amp transithahaha oakland
please rt recipes slowfried lemon amp oregano potatoes
please rt recipes dessert how to make brown butter
easter spread clubmedsandpiperbay clubmed go easter winelife @ club med
easter brunch 2017 curacao korsou island zest brunch easter @ zest jan
please rt recipes dessert no bake chocolate cheesecake recipe
please rt recipes dessert peanut butter streusal muffins recipe peanut butter muffins recipe
please rt recipes dessert broccoli salad with honey yogurt dressing
please rt recipes dessert vegan black pepper mac and cheese with potato carrot cheese sauce
balls cougars nipples bigbutt guy glamore
do you know caps cafe it's food expert from port melbourne cafe store cafe caps
every summer has its own story this summer nothing is going to hold me backicecream
all you chicken hearts be quiet
please rt recipes cooking delicious cook recipe red bell pepper stir fry
please rt recipes cooking delicious cook recipe ham amp038 cheese pierogis
please rt recipes cooking delicious cook recipe white chocolate and cranberry shortbread
vietnam a great place for experiencing new types of and new ways to get pick pocketed you've got to have it to these guys skilful
saturday bread on easter sunday bread baking breakfast recipe homemade cheese yummy bakery
please rt recipes cooking delicious cook recipe mini lemon poppy seed doughnuts
glad local favorite is getting promotion spicy hot delicious yummy dinner dirty
please rt recipes cooking delicious cook recipe winter vegetable chicken noodle soup with asiago
time poor health conscious peak performers nomnom blog
attend the leadership series with @ kabirjeet @ burgersinghs on 19th april and know future outlook on the sector
while you are in panauti don't forget to try this old newari food call sapumhichhanepal panauti community
never a dull moment in hong kong hongkong inspiration art culture
family fun and fitness with aqua aerobics family fitness travel
this drink right here stushinthebush vegan iamricardowilliams family love jamaica connected
where's the best cooking class in chiang rai we found it for you thailand travel
holiday tucker redgumbbq love it morningtonpeninsula redhill lovelife redgumbbq @
kitchen tips best method of batter frying video tips recipe
cats playing kitten crazy petsmart pet poodlepaw fluff shrimp poland uk japan via @ youtube
how about a little easter treat nomnom eattogrow dessert easterbunny bulking bulk
must have ingredients for healthy and low calorie meals
made some jumbo sized crab and spicy mayo onigiri noms japanese onigiri susi
news groupboard this caramel popcorn is so addicting we couldn't stop eating it
news groupboard hilarious japanese toilet candy
join the delaware north team see our latest job opening here airportjobs
inside pussy old asian women porn
burrito from posporo @ hole in the wall century city mall 1010
eat an alkaline diet to improve health and fight disease health body nutrients diet
orchard road is 'kind of boring' singapore news amp top stories the straits times
homemade vanilla cupcakes 2159 x 2159 desserts sweet recipe cake yum yummy icecream chocolate
first time making sushi any improvementsfeedback as an aspiring sushi chef sushi japanese
can ur erp software comply to regulations laid for safetysagex3 does for your industry
problem solved what to do when you have diabetes and celiac together nomnom blog
pistachio bread pudding sourdoughsunday sourdough ovenspring bread tasty bbga breadatthebeach natc
weeknight recipes how to make easy chicken gyros via @ kitchenhandle
veggie recipes how to make fried brussels sprouts via @ kitchenhandle
walmart greeter says he was fired after turkey wandered into store feedly
crush your late night cravings the healthy way via @ sparkpeople diet snack
mdpifoods new special issue nonthermal modification of structure and functionality
please rt recipes recipes you need to try right now
please rt recipes cooking delicious cook recipe international greece and other countries
get 10 for free via postmates delivery with promocode scedi coupon code promo invite hungry phoe
central coast wine the varieties regions and more cooking wine
please rt recipes homemade chicken nuggets
please rt recipes sausage and pepper hot pockets
please rt recipes diy vanilla extract with a free cute printable label
please rt recipes dessert gingerbread madeleines
what are you craving today homecooking fresh homechef
when in portobello get a happy donut @ femalebloggerrt @ bloggerbees
please rt recipes cooking delicious cook recipe gozo deli casheese a giveaway
thetimes of israel posts over 1000 inmates are expected to stop taking
please rt recipes cooking delicious cook recipe the blue vesper martini shaken not stirred
please rt recipes cooking delicious cook recipe low carb sweeteners the best amp038 how to use
please rt recipes cooking delicious cook recipe southwestern honey bbq chicken quinoa salad
time poor health conscious peak performers nomnom blog
this is what i was tweeting about easter omfg whatisthat cherryyumyumcake vomit getoutofthekitchen
brussels sex berlin gape washington boobies camshow
when becomes your drug of choice fitness4her addiction
love to feature your travel ampor adventure lifestyle business site
what are you craving today homecooking fresh homechef
we allll need a day we can say thisdontjudgemepuppies exercise lol relax
please rt recipes fig and coconut tart with pistachios and mint
please rt recipes dessert berry burrata and almond salad
haven't posted any in awhile so i just wanna let y'all know i'm still eating i need to
when the sister made ramen mashaallah japanesefood japanesecuisine @ sargodha
please rt recipes dessert carrot cake cookies with caramel cream cheese frosting
please rt recipes dessert coconut raspberry bread
please rt recipes dessert iced pumpkin cookies
please rt recipes dessert we tried it to save you some heartache and heartburn coffiest
please rt recipes dessert music that makes us want a beer
college girls fuck fest for healthy sex
homemade banana and carrot cakes for my partner's birthday recipes cooking
homemade steakfrites with lemon herb butter recipes cooking delicious
nikki russian threesome upskirts babe escorts panties suckinggtgtgtgt
all the vegan at jeremy's beer and boardgames event saturday lasagne nori rolls shepherd's pie noodle
an easter pizza grilled chicken roasted peppers mozzarella and basil pizza yummy love dinner
homemade marinated shrimp and lamb chops on the grill recipes cooking delicious
homemade smoked fresh ham with cream soda glaze gas grill recipes cooking
please rt recipes cooking delicious cook recipe pumpkin cookies with butterscotch and chocolate
@ netcatnews join our fb group 1800goodfood
please rt recipes cooking delicious cook recipe cheesy baked mac amp038 cheese to go
@ johnmoss1508 join our fb group 1800goodfood
please rt recipes cooking delicious cook recipe gluten free angel food cake everyday food
@ southlanarklass join our fb group 1800goodfood
shortenings market industry analysis and forecast by 2025
@ japanitalyme join our fb group 1800goodfood
yummy duck confit pasta at the b side lido plaza pasta thebside penampang sabah sabahchats
one meal organization providing free food to those in need wpmi local 15 news
uk cam4 pornoshack badalona vallejo fashion burbank cumshowgt
twerk sext ultimate pintogrande datingadvice fire webcamlesbianas
local eat local cooking class instructor
please rt recipes slowcooked barbecue beef
please rt recipes dessert chocchip banana bread
please rt recipes dessert capsicum chutney bell pepper chutney
easter day celebration with my bestfriend with lots of prayer early morning travel fun selfie
today's happy highlight buckwheat amp spelt flour donuts for spring on my blog amp youtube vegan dessert
do you know caps cafe it's store expert from port melbourne cafe cafe caps store
please rt recipes cooking delicious cook recipe honey balsamic and lemon brussels sprout
please rt recipes cooking delicious cook recipe spicy chicken meatballs and grilled cheese
please rt recipes cooking delicious cook recipe alice vs the train or but first oysters
vegan club sandwich from native foods cafe in los angeles vegan
please rt recipes cooking delicious cook recipe brown sugar caramel oatmeal cookie peach crisp
find the best deal package from @ astonrasuna on @ gofoodjakarta idr 125000 net complete with ice tea coke hotel
please rt recipes cooking delicious cook recipe divvies dairyfree brownie cookie sandwich
coffee in bed and omelette by alenamaslova source500px
camshow exhibition please teenamateur gorgeous afterdark stockholm yummy
veggie recipes how to make fried brussels sprouts via @ kitchenhandle
summer salad recipes how to make layered deviled egg pasta salad via @ kitchenhandle
please rt recipes cooking delicious cook recipe baked chicken verde chimichanga
easter recipes how to make italian easter cookies via @ kitchenhandle
my love for wasuka cheese will never fade snack yummy nomnom cheese taysbakers wasukaroll sweet
weeknight recipes how to make easy chicken gyros via @ kitchenhandle
how starts at 60 can change a generation to evolve and create movements nomnom blog
day 2 last one there are lots of things that are very different from american culture
sweets oberhausen malmo trio hentai newbie realamatureporn underwear
we always offer a takeaway food service straight to your home or office from the morning until night hotel delivery yummy
usa embassy launches socialmedia contest in china to promote tourism
the scranmedia daily with @ councilrecovery @ sszama @ wesocialite travel
cinnamon roll smokies recipes cinnamonroll testcricket thekitchen cutter microwaveoven
my first attempt to cook pancit cabagan of ilagan haha not bad for a first timer
36 restaurants the rich and famous love
i definitely got my pie face on sofull japan no regrets
best these asian roasted brussels sprouts will change your life one bite and you'll see why this easy
casale monferrato famous cookies cooking amp market day italy ttot
late night drunken use of a baguette sharp cheddar with parmesan it didn't suck grilledcheese yum
a new san francisco coffee shop is staffed entirely by refugees
day in black old parmesan scallop raw black art artist artistic artgallery artwork cooking
can paralyzed men have sex for healthy sex
simply saynoto wastage amp contribute towards a higher causeevery grain mattersitbeginswithme
visit wheat fields being harvested travel pakistan golive @ periscopetv part2
just watched fat sick amp nearly dead its seriously my best film fat
banana flower hanoi vietnam bananaflower shopping fresh market eat delicious
check out my latest work on @ shutterstock photo photography
spend some fun filled time in our unique canopies before you head out for the beach fun goa beach
weeknight recipes how to make easy chicken gyros via @ kitchenhandle
veggie recipes how to make fried brussels sprouts via @ kitchenhandle
summer salad recipes how to make layered deviled egg pasta salad via @ kitchenhandle
news groupboard classic bulgarian meatball soup supa topcheta a hearty vegetable and meatball soup
want to work in boise id view our latest opening airportjobs travelhospitality
who is the best anal pornstar porn pics
i ate the hogzilla at pig nic in virginia beach va recipes cooking delicious
foodferry nonmenu as well as nonmetro fooddelivery startup
the latest the great gift ideas daily thanks to @ bucklj @ jhsupplies @ mareluxjewelry recipes
so what's it really like at dinner by heston blumenthal gastronomy
coffee blocks grass fed butter and organic coconut oil coffee box of 8 coffee
receive great vegan recipes weekly by subscribing to my emailing list click on the link gt
how we choose our own food issues nomnom blog
10 crazy marketing decisions by cocacola toptenz
yuzu and ginger bread crust cheesecake cheesecake dessert yuzu
this chart tells you everything you need to know about eggs via @ thisisinsider
the latest the thailand daily review
a16z podcast the future of you by @ a16z on soundcloud np agriculture thefuture
please rt recipes how to make veggies the star of your dish
please rt recipes basic shortbread cookies recipe eggless recipe
please rt recipes easy skillet vegetable lasagna
please rt recipes the stack with leerdammer
please rt recipes dessert grape amp pecan chicken salad
the latest oro valley moms journal thanks to @ michaelpierce27 @ debra012 @ sajidhunani cooking
yup tuna salad tuna fish salad vegetables @ rossini cafecircular quay
eat well travel often calamay of candon ilocos sur travel
new zealand growers hail country of origin labelling uturnlabeling countryoforigin nz
please rt recipes cooking delicious cook recipe pasta with sundried tomato sauce and
please rt recipes cooking delicious cook recipe cheddar corn fritters
pst touching fashion pool orgies greensboro creampie behind
please rt recipes cooking delicious cook recipe pasta with sundried tomato sauce and
please rt recipes cooking delicious cook recipe turtle brownie cheesecake
tasty lunch time in the philippines steemit vegans vegan veganism philippines vegetarian
when an omni on rdebateavegan gets downvotes for being hostile vegan vegetarian glutenfree govegan
awesome speedy pepper can be found at united kingdom places website delivery speedy pepper meal
thepinkbook a guide on 'safe amp nutritious at home' for awareness to common citizens download free copy
please rt recipes cooking delicious cook recipe cheesy baked mac amp038 cheese to go
ranking the worlds toughest outdoor sports via sacramento
um @ andreakbrooks i just saw your instastory and now my tummy is grumbling while i'm in bed about to go to sleep hearties yummy
lobster titslive fitgirl assgape xxx cougar culito chat
yummiest and healthiest yong tau fu at @ mallkcs lg flooryongtaufu healthyfood mallkcs mall shopping
just be churros to yourself happiness in ever bite @ churrerialalola churros vscocam
one of the reasons i taipei the good food you can find here taipei favecity @
lazy lasagna because god forbid you have to actually work for your carbs humor pinterest
local local localthaifood pattayafood pattayastagram thai thailand trip holiday
super useful cotton carry pouch with every lunch bag check my new listing lunch handmade
please rt recipes cooking delicious cook recipe cauliflower tots
slow cooker fig amp tomatoes relish with african spices recipe experiment makingitupasigo
please rt recipes cooking delicious cook recipe black bottom coconut cream pie
great night on the patio @ rockndoughpizza good food good atmosphere good service we'll definitely be back
please rt recipes cooking delicious cook recipe japanese cheese cake
veggie recipes how to make fried brussels sprouts via @ kitchenhandle
please rt recipes cooking delicious cook recipe japanese cheese cake
easter recipes how to make italian easter cookies via @ kitchenhandle
one pot roasted garlic chili mac and cheese
peruvianstyle floun via @ seriouseats
my first attempt at a five spice flourless chocolate cake with a tempered chocolate top cooking
please rt recipes methi thepla recipe
@ travelvisions on periscope 1 hot date best street food in mexico on easter travel ama @ perisc
please rt recipes dessert slow cooker beef stroganoff
please rt recipes dessert almost famous amos chocolate chips cookies
please rt recipes dessert garlic parmesan knots
please rt recipes dessert cook with confidence zuppa toscana soup
please rt recipes dessert lemon poppy seed pancakes
nice pictures of caps cafe must see store cafe caps cafe
please rt recipes cooking delicious cook recipe pina colada cupcakes
i ate cheese soup from a german themed restaurant recipes cooking delicious
please rt recipes cooking delicious cook recipe lowcarb slow cooker mushroom lover's pot
please rt recipes cooking delicious cook recipe cheesy meatballs and shells casserole
please rt recipes cooking delicious cook recipe slow cooker eggnog 4 ways
please rt recipes cooking delicious cook recipe roasted butternut green curry soup with
why you should caramelize your food nomnom blog
ddvkkr today your pickcontestalert contest poll ipl ipl2017 ipl10 cricket iplfantasy gautamgambhir dd amikkr
brassica oleracea by gavin the photographer fineart
how to start a wine collection cooking wine
news groupboard spicy korean chicken amazing and super yummy chicken with spicy korean marinade so
news groupboard italian zabaglione with biscotti crumble is a great dessert recipe for a dinner party
news groupboard chocolate lasagna a super easy irresistible chocolate layered dessert topped with a
8 delicious vegan easter recipes everyone at your table can enjoy healthyeating
veg weekend special 2223 april restaurant hotel saturday sunday weekend dinner special discounts
collection of simple tests to detect common adulterants using household ingredients download free copy here
sweet potatodessert photography sweet healthyfood healthy sweetpotato nutrition delicious filipino
food gt desserts amp sweetsgt pineapple coconut carrot cake with sweetene
potato leek soup delicious homecooking cooking soup
non veg weekend specialrestaurant hotel saturday sunday weekend dinner special discounts drink
if i can make my moms dish then i can do anything momsdish momsrecipe familyrecipe anythingispossible
how we choose our own food issues nomnom blog
limited downside for wheat my article in @ businessline for your thoughts
best pizzas in delhi and where to get them india travel
6 reasons to love babyled weaning weaning babyled babyledweaning tips parenting
non veg weekend special restaurant hotel saturday sunday weekend dinner special discounts drink
bdsm fuckinghard xart lisbon schooluniform teenporn pussyeating
get 50 off on faasos finest today at faasos bhopal
i like mine a mix of tuna and salmon for my pokebowl
detroit red top pizza first attempt oc 4048x3036 yummy follow
devilishly good double chocolate cake w vanilla buttercream icing @ leahsaysviewspictwittercom71vn1czekc
science and nutrition you are what you ate vegan recipes healthy cooking animalrights
share your birthday with metro bakery and get 20 discount
mini coconut ricotta pancakes with strawberry syrup baking recipes yum
all you need to know about the governments proposed bill on portions in restaurants
the latest a cooks review thanks to @ nishu472 @ diazrealtor @ vakhtangioi3sk restaurants
nafdac to sensitize outlets over poisonous short details see full details
thecoffeeshop the latest the grande latte' thanks to jongegeesten pennytrvlwriter coffee
yasss it's time for a great show prodigymariobigmac singin
i just cooked scrambled eggs meal
eastermonday @ jeremiahadie family and fun fiesta 8am
@ dearmansoor on periscope visit wheat fields being harvested travel pakistan golive @ periscopetv part3
happy middle eastern happyeaster jesus god holiday holidays family friends
my black magic chocolate cake recipe @ tastewant cake recipe love chocolate
the women empowerment space nomnom blog
need food sos bring me pizza and watch tv with me and bring me kittens kittens essentials
jefford on monday wine stories vino winelover winetasting winelovers terroir vin cellar winecellar
thecoffeeshop the latest the grande latte' thanks to jongegeesten pennytrvlwriter coffee
the latest the grande latte' thanks to @ jongegeesten @ pennytrvlwriter coffee
the face you make when you see your food coming in a restaurant bowness dogsoftwitter
what to consider when deciding what to spend on @ summertomato nutrition
knowing the pulse of a place is by experiencing the local cuisine at the woods wayanad taste
escortmilano pennsylvania delinquent boca banging maturegent autos sunderland
please rt recipes cooking delicious cook recipe kentucky hot brown
please rt recipes easy atta cake recipe eggless whole wheat tutti frutti cake recipe
please rt recipes cooking delicious cook recipe grilled margarita steak
please rt recipes highquality meat straight to your doorstep with butcherbox special offer and
recipes reddit livebroadcasting homemade made simple breakfast rfood
recipes reddit livebroadcasting homemade baklava i made for easter rfood
please rt recipes 4 tips for healthy cooking that saves energy
please rt recipes cooking delicious cook recipe kentucky hot brown
please rt recipes frosted rainbow cutout cookies
please rt recipes cooking delicious cook recipe beer brat sliders presented by
please rt recipes dessert lowsugar and wholewheat pumpkin banana bread
sweet diabetes isnt abt no to sugar but to abrupt blood sugar peak few small portions of refined sugar or bulk of complex sugar is ok
i saw the great british baking show got inspired to try baking and made scones for the first timeand the jam
finally perfected macarons baking cooking recipes cake desserts win cookies recipe cakes cupcakes
please rt recipes cooking delicious cook recipe zesty lime chicken and black bean rice
please rt recipes cooking delicious cook recipe zesty lime chicken and black bean rice
take a culinary cooking adventure with world recipes easy to follow on video visit us at
fitness it is a 24hour diet transformation make your body a fatburning machine
amp craft weekend dunfermline @ kingsgatecentre april 29th amp 30th gtgt
sex galleries anal mature woman
please rt recipes cooking delicious cook recipe hidden veggie mac amp cheese
please rt recipes cooking delicious cook recipe belgian endive tuna salad with kale avocado
please rt recipes cooking delicious cook recipe international france paris rue des martyrs
please rt recipes cooking delicious cook recipe international france paris rue des martyrs
@ djbluewolf join our fb group 1800goodfood
please rt recipes shrimp scampi with linguine
please rt recipes dessert quinoabuckwheat crackers with pumpkin
news one meal organization providing free food to those in need wpmi local 15 news wpmi local 15 news
news ne iowa food bank wants to fix 2 million more meals waterloo cedar falls courier waterloo cedar
please rt recipes dessert red curry tempeh summer rolls
please rt recipes dessert poached egg with bacon tomato and avocado on a bagel
please rt recipes dessert fruit skewers recipe party fruit kebabs recipe
please rt recipes dessert buttery brussels sprouts amp pasta
please rt recipes dessert marinated pork tenderloin
lifehack makes rotten banana edible again reuse
how likely are you to try something new food that you havent try before poll twitterpoll
always on the go for meetings carry handful of nuts to avoid unnecessary munching followed by regretfit workout diet life 98fit
please rt recipes cooking delicious cook recipe mini chicken meatballs with crispy potatoes and
please rt recipes cooking delicious cook recipe mai tai mocktail
please rt recipes cooking delicious cook recipe chili cheese grilled and stuffed bell peppers
food near port melbourne caps cafe is the clear choice cafe store cafe caps
please rt recipes cooking delicious cook recipe easiest nobake cake in the world
today piggies greedy portland usa @ the peoples' pig
this week finding inspiration cooking wine
please rt recipes cooking delicious cook recipe sweet smoky peppered baked bacon
what's your favorite restaurant in baltimore inner harbor traveltips ttot
650 vegan tofu curry from don don in melbourne vegan vegetarian glutenfree govegan organic healthy
vegan easter bunny dropped by vegan vegetarian glutenfree govegan organic healthy raw recipe health
please rt recipes cooking delicious cook recipe awesomely easy swiss fondue
burgos beautiful uncircumcised eroticmassage milf outdoor toulon hawaii
eat low sodium to protect fr cvd highbloodpressure lowsalt seniors wellness mediterranean diet
monday's food special 1095 burger amp brew amp trivia tonight woodstock beer alpharetta burgers trivia
breakfast lemper sticky rice filled with spiced chicken black tea homemade
bbc news should zambia ban imports could this protect and help local farmers and entrepreneurs
is there a growing divide between economy business amp first or has it always been that way wine airline
threesome anal pornstars brazzers pee hiddencam billings
loveporn hotsex bluray fuenlabrada chatmycam hardcore
vintage baking pineapple upside down cake baking cake
things to do in savannah girl scouts founder juliette gor family fitness travel
food for life 5 foods you should never eat click here healthcare
nixon crazy gaming nova lakewood chile escort
high end chefs spotlight real food and inspirational feature chef william smith @ chefwill1994 with strawberrr
too lazy to chew now get the super tasty manchow soup at only pizza zone surat vesu you'll love to share
the vegetarian guide to san francisco vegan recipes healthy cooking animalrights
the winner of the mealkit market wont be a meal kit company at all vc us investment innovation
girlfriend sextrip venice prettyfeet asscheeks who fuckingmachines
what's up in party land thanks to @ fundsforngos @ yoonballoon1 @ delincolon recipes
ricotta white bean dip with roasted tomatoes yummy
in vancouvers chinatown gentrification and collide chinatownyvr history tradition chinese culture
pressure cooker cilantro lime chicken taco salad vegan recipes healthy cooking animalrights
will @ amazons retail foray end bigbaskets reign via @ aditg insightsthatinspire greyhoundstandpoint
delicious salted caramel truffles yummy recipe delicious salted caramel
presentation art tiramisu desert present by fruit vegetable art on facebook saini food
back to the family tradition there is no easter without lasagna yummy pasta
was do hot last night i had to resort to sitting in my pants worse things in life wine fire
10 cities that serve the worlds best street
how to eat for your body type nomnom blog
visit your farmer's markets and eatlocal nomnom blog
these are bamboo wormssome people eat them raw other prefer them friedwould you eat them at all tstlss
the story of yoga xi water amp krishna yoga guru india pakistan kalki sergei
@ jetairways every experience in any flight needs to at least meet expectations if you do exceed why is that not sustained travel
the latest the 4nim4l xbox music food thanks to @ ladygeeke @ fntsticrcipes @ gpipes24 recipe
get 10 for free via postmates delivery with promocode scedi coupon code promo invite hungry atla
smoked salmon and blood orange brunch yummy
cost analysis jennnifer love hewitt nude
how can you have an economicrecovery when 1 in five children are on stamps
join the delaware north team see our latest job opening here sportsjobs gameday
thelastjedi hey i lost weight by following a low carb diet for a week it was fairly strict and i rt
thelastjedi detox diet is a loose term which may include everything from water fasting to juice rt
enjoy your favorite and delicious ras malai with quice quice products mashroobepakistan refreshing
please rt recipes crock pot chicken philly cheesesteak sandwiches
please rt recipes cherry lemonade recipe fresh cherry juice recipe
please rt recipes brie apple and cranberry grilled cheese
please rt recipes vegan pizza dip with vegan mozzarella cream amp herbed mushrooms
late night taco truck in da hood eggdrp
please rt recipes dessert british bangers with buttermilk and chive mash
how can you have an economicrecovery when 1 in five children are on stamps
please rt recipes cooking delicious cook recipe avocado amp red onion tart
lotuspangsuankaewhotellannastylemrtourismchiangmaithailandinternational2017ticket300baht18april2017at07
please rt recipes cooking delicious cook recipe mumbai mast tomato pulao
enter cool kitchen points for a chance to win 5000 in points sweepstakes lunch via @ sywsweeps
please rt recipes cooking delicious cook recipe an easier way to get a dessert tour ticket
hotmilf manchester clothed upskirts orgy sports
please rt recipes cooking delicious cook recipe banana amp038 oat breakfast biscuits a
inside pussy porn in the bedroom
taiya has cute rice bowl rice japan japanesefood vine cute cooljapan
please rt recipes cooking delicious cook recipe brazilian truffles brigadieros 4 ways
video heels beer gamer swimming beautifulboobs sexy german
please rt recipes cooking delicious cook recipe brazilian truffles brigadieros 4 ways
since we are obsessed we wanted to share our top spots for a nice meal enjoy
fish curry w capsicum amp basil tw recipe yum nom
3 musthave urbanfarming tools that cost less than 100gt tech
travel and the global rise of urban food experiences via @ landlopers travel
home made pasta night tonight the 17th and it's free theflyingfox katoomba bluemountains
footjob uncensored phatass twink porno
restaurant mcdonalds phone number 44 1502 518025 mcdonalds suffolk restaurant
truck stolen from food nonprofit in pleasant hill nbc bay area
please rt recipes cooking delicious cook recipe pumpkin cake with cream cheese frosting
please rt recipes cooking delicious cook recipe avocado amp red onion tart
please rt recipes cooking delicious cook recipe chicken liver pat with raspberry jam
please rt recipes cooking delicious cook recipe amazing sprouts
would you like to have your own slice find your with eat360app
please rt recipes cooking delicious cook recipe thoughts ampamp sweets
'feed your head' probably not with these kind of mushrooms mushrooms japan @
knickerbocker glory last night at isleofglencoe amazing
please rt recipes chicken and garlic potatoes casserole
the jewish food society wants to save the recipes of grandmas everywhere
back to reality @ ilovecornwalluk trip was amazing beaches hills friends sightseeing fun relaxing
please rt recipes dessert red pepper pesto meatballs in a mean tomato sauce
what's in a foragers breakfast delicious vegan high in nutrients and pesticides free
store near port melbourne caps cafe is the clear choice cafe caps store cafe
please rt recipes cooking delicious cook recipe gluten free veggie burritos and guacamole
finally successful lemon meringue pie baking cooking recipes cake desserts win cookies recipe cakes
please rt recipes cooking delicious cook recipe traffic and income report march 2016
please rt recipes cooking delicious cook recipe perfect baked salmon with lentils and
jack in the box featureme fun liveme ochoagangster
oil used for frying in one round becomes toxicpoisonous and should not be reusedunless it is ghee ayurveda street hazards chef
please rt recipes cooking delicious cook recipe chicken cordon bleu pastry bites
stack of sweet pancakes with strawberry and honey by kseniavski source500px
inflationmarch wpi inflation at 57 vs 655 in feb inflation at 312 vs
please rt recipes cooking delicious cook recipe gluten free veggie burritos and guacamole
becoming conscious of what we need to do when it comes to our health nomnom blog
the waste regulations northern ireland 2015 recycling
@ guscasualstyle is nasi campur also popular in your country
thelastjedi energy is the life force in the universe and prevalent everywhere around us in chinese it rt
a table full of happiness koreanfood koreanchicken yum yummy
news groupboard vegan diet sarah elizabeth richards
news groupboard mediterranean diet not a diet but a healthy living lifestyle
i also should try mandi too
news groupboard harry potter honeydukes candy shop 2 piece set chocolate frog amp bottle of pumpkin
wpi inflationmarch wpi inflation at 57 vs 655 in feb inflation at 312 vs 269epicresearchvisit
10 foods to eat if you have acid reflux health
most extreme asian food in la challenge asian la
oh and this 'chikki kulfi' @ indiabistrofl throwback desserts summer mumbai thane
health benefits of oatseatclean cleanse organic detox
ready for pasquettabbq barbeque everydaycarry pasquetta grill meet fork superman
back to reality @ ilovecornwalluk trip was amazing beaches hills friends sightseeing fun relaxing
cookies r a life saver cookies otaku panda f4f retweeet
these are the best restaurants to eat at whilst the suns out in birmingham
behold this is baked rassogulla sweets dessert bangalisweet yummy yummylicious 100sanj
eaten yourself silly this weekend well let's get outside and charleston in the spring sunshine easter
what to pin to pinterest in april includes top tips for interiors
julife how to start a blog health seo archiv
forget about breakfast at tiffany's we do breakfast at industrial coffee works lekker
butternut squash amp chilli soup recipe soup fdbloggers lbloggers
share meals with your family nomnom blog
savoury pies made in greece visitgreece travel ttot source visitgreecegr
burger experts @ honestburgers open their cambridge site today newopening burgers
great food at @ peartreecafebar highly recommended cardiff
gentlemen have your wits about you my love of food is too vast to spot a shiny engagement ring hehe
what meal will you be cooking up today would love to know hungry nomnom
bring me the potato let's get cooking yummy cooking healthy cook
easter bank holiday eggs benedict eggsbenedict breakfast
meeting a new client or welcoming a new team member a guide to best business lunches around kings x
londres 17abr extrainternational 286 sabor latino gtgt
savoury pies made in greece visitgreece travel ttot
what's penang like first impressions of a malaysian island asia chickenrice malaysia
even you can become a cook according to alton brown chef cook @ esquire
for the that you need to survive prepperprocucts prepping prepare
al jameel international trading co is one of our exhibitor in foodex saudi exhibition 2017 expand your business t
tea and coffee served on airplanes can give you e coli the epa found that 12 p
the latest the bergamo daily thanks to @ ciclismosg @ pressgiochi @ sporradyosucom bergamo
greatfind your with eat360app
sore head @ mrcroquewich grilledcheese is the perfect hangover cure 123pm today streetfood cardiff
young phoebe makes a giant chicken nugget cute
i don't always visit my parents but when i do i'm hungry and it's around dinner time parents
thelastjedi while social media is full of mealprep ideas and recipes to help you lose weight beware of rt
thelastjedi diabetes can be treated and often cured with exercise that removes fat from muscles and rt
thelastjedi answer 1 of 4 hi arriving at epm next week does anyone know if you can get sugar free rt
changing my eating habits
delinquent texas boulder face vibrating girlsfucking
4 amazing nourish bowls
the latest visit croatia thanks to @ msrotti @ vanai @ heerlijkheiddeh travel
mumbai food cooking up a storm in alibaug
whats the deal with the health food isle nomnom blog
unlikely combinations make the best tasting food bingsu x tteokbokki spice level 3
que squirting datingtips asian javfull athens addme
perfect read in this scorching heat origins of icecream by @ virsanghvi author writer articles brunch
@ theedanimagic @ galwayfood thanks daniand congrats on the book itsall happening local cuirt festival
party pornostar tease huntsville flexible vagina nakedwebcam
cereals for breakfast anyone here's for you ad cerealconcario
news groupboard the most amazing chocolate cake is here i call this my matilda cake because i swear i
get 20 in free from caviar delivery hungry promo code losangeles la
hot cross bun french toast puts an irresistible spin on a holiday tradition frenchtoast
get diet tips from dietitian just send your queries related to health and diet to englishmathrubhumi @ gmailcom
nakedgirlscam californian flashcam drink fresno milfsex forum
the perfect monday bowl cauliflower rice carne asada bowl the post cauliflo
plant snacks cassava crunch seasalt 5 oz snacks chips glutenfree health via @ onestoppaleoshop
didyouknow according to nutritional researches eggs contains zero percent sugar
news groupboard chinese orange chicken recipe
news groupboard lets talk about cheese
join the delaware north team see our latest job opening here airportjobs
the latest the daily dish thanks to @ calvinisawesome @ recipe2make @ loveitalianlife recipes
april 17 is national cheeseball daycheese appetizer crackers snack tasty eat hungry delish yum
closeup image of cherries on a wooden surface cherries photography
do we have to sign a contract ukbiz legal print finance yorkshire housing
new postmy authentic thai food experience at songkran festival at @ renaissancemum
living peacefully in interesting times by consciously raw spirituality health
choose mobile pizza catering in sydney for a better value for money drinks
fat doesn't come by d brain wch keepson processin ur pain amp you gain lifeisagame eat calories eating life understand
best5star 5star taste please the foodie platform travel
thecoffeeshop the latest the grande latte'
brunch time try these steamed eggs and sausages brunch breakfast eggs
red velvet cheesecake baking cakes dessert recipe
cumtribute phatass analplay tiny unload blowjob horny
desire the primary mover of success nomnom blog
store renovationstandardrenovation standard renovation reform design store lifestyle interior w
swiggy online ordering tips and tricks
years ago i had a lifechanging revelation after reading everything tastes better crumbed by @ itsdaveoneil
internationalseo for business with maria johnsen multilingualseo seoexpert
key lime cheesecake baking cakes dessert recipe
@ gingmama2 join our fb group 1800goodfood
taking my greens with me greensonthego greensmoothie organic wellbeing wellness
chester drink @ chesterfdl @ sazlaa26 amp mother
the latest the grande latte'
the latest the daily tweeter thanks to @ grubstreet recipes
food not bombs chillin @ claudialicious6 @ foodnetwork @ foodandwine
spinach balls for easter monday lets be differentsoofoodies fresh homemade
christmas tree brownies recipe via @ youtube christmas xmas holidays baking brownies
please rt recipes snickerdoodle apple cake
please rt recipes cooking delicious cook recipe oil cakes with fine herbs
please rt recipes mushroom sauced turkey tenderloins
please rt recipes coconut bread buns
please rt recipes dessert fruit salad with sweet lime dressing
the latest food recipes thanks to @ deemaheshwari @ emathiemer @ ripplemeister indianvegrecipes
please rt recipes cooking delicious cook recipe chewy healthy granola bars reader favorite
please rt recipes cooking delicious cook recipe oil cakes with fine herbs
please rt recipes cooking delicious cook recipe white tea ampamp lemon cookies amp124 vegan
learn how the deliveroo was born through the words of its founder delivery london
please rt recipes cooking delicious cook recipe smoked gouda corn chowder
please rt recipes cooking delicious cook recipe chicken amp veggie stirfry
how to best make a green smoothie nomnom blog
were as focused on building great relationships with our clients and customers as we are on serving amazing
this is pretty cool map at national gallery of scotland showing locations of farms and producers for the cafes n
tahoe tails adoptable pets in south lake tahoe via sacramento
7 ways you can grow food in spaces you never imagined possible garden gardening smallspaces
please rt recipes cooking delicious cook recipe buttermilk rum cakes with olive oil gelato
please rt recipes cooking delicious cook recipe pulled bbq spaghetti squash
please rt recipes cooking delicious cook recipe tastemade rewind dance in the new year with us
please rt recipes cooking delicious cook recipe frankfurt germany a fairytale christmas 1st in
freeamateurpornvideos 18years please syracuse bulge golden
an italian company uses videoconferencing to teach people around the globe about italian and wine
our fabulous terrace is now open we are looking forward to the good weather so we can show off our new menu and lovely furniture
please rt recipes cooking delicious cook recipe super seed chocolate protein bites
please rt recipes cooking delicious cook recipe cluck 'n moo grilled meatloaf
please rt recipes cooking delicious cook recipe buttermilk rum cakes with olive oil gelato
please rt recipes cooking delicious cook recipe heirloom tomato and asparagus salad
please rt recipes cooking delicious cook recipe lamb chops with orange rice
please rt recipes cooking delicious cook recipe shrimp toast
please rt recipes cooking delicious cook recipe tastemade rewind dance in the new year with us
poverty is never a choice we must guarantee every american a basic income provide basic housing healthcare amp education
please rt recipes cooking delicious cook recipe crock pot pecan pie
please rt recipes cooking delicious cook recipe roasted broccoli and bacon crustless quiche
orange county could teach la a few things about food halls eater la
toledo amateurporn maker love schwerin privatepics some
how to turn bread bowl into pleasing pizza creation recipe
the latest the fossil fool thanks to @ energiewendeger 9news
vegetarian recipe k via @ seriouseats
easy lemon pepper pork chops cook kitchen
say whaaaaaaat nathanshotdogs brooklyn @ graham ave avenue of puerto rico
teenage oriental gay asian asianbeauty inside fashiongt
some of the delicious meals my family and i enjoyed on our cruise on the @ cruisenorwegian escape easter week
please rt recipes giveaway of the week 250 shopping spree to thrive market
pictures from beautiful southern illinois travel pics via @ combatsportlife travel hiking
please rt recipes dessert mediterranean roasted sweet potato amp farro salad
the truth about caramelizing onions organic health cooking
please rt recipes dessert baby corn pulao with garlic baby corn kids lunch box ideas 4
17 asparagus recipes to put a little spring in your step organic health cooking
1980s design is backand much more palatable organic health cooking
mmmm amazing lasagna @ jonnytaylor1 you are in for a treat mmm italian
please rt recipes dessert besan ka halwa recipe gram flour halwa recipe
the truth about caramelizing onions organic health cooking
1980s design is backand much more palatable organic health cooking
enter to win foodie travel gift certificates here giveaway travel
17 asparagus recipes to put a little spring in your step organic health cooking
please rt recipes dessert egg pancake roll with sausage and chicken floss 2015
please rt recipes dessert hoisin tofu mushroom stir fry with from scratch vegan hoisin sauce
in the kitchen with haylee lacroix health
from the archives easy to make brownie fromourkitchen
please rt recipes cooking delicious cook recipe mama harris' kitchen's top 10 recipes for 2016
caps cafe this is really interesting want to know more look at caps cafe cafe store
please rt recipes cooking delicious cook recipe chili con carne cheesy bombs
please rt recipes cooking delicious cook recipe friday finds 82815
can you recommend anyone for this job houseperson hospitality fishcamp ca
we're hiring read about our latest job opening here sous chef at little caesars arena
please rt recipes cooking delicious cook recipe whiteface lodge in lake placid ny
please rt recipes cooking delicious cook recipe one bowl nutella brownie tart
please rt recipes cooking delicious cook recipe classic hamburger
please rt recipes cooking delicious cook recipe cucumber tomato amp onion salad
please rt recipes cooking delicious cook recipe char siu pork ribs
please rt recipes cooking delicious cook recipe appleblackberry cheesecake tart
article discussion the true human diet paleo diet glutenfree health recipes recipe healthy
please rt recipes cooking delicious cook recipe fresh strawberry cream cheese pound cake
please rt recipes cooking delicious cook recipe vegetable lentil soup recipe
nice days lunchtime arquapetrarca giogiove picoftheday holiday sunnyday son
@ solange0547 on periscope moufletas celebrating the end of passover the jewish moroccan way
bbq ribs at 12 bones asheville after a fun weekendit's time to be back on program
