i'm not that drunk mens drinking shirtdrunk shirtbachelor s by closeknitco via @ etsy fitfam drunk quotes
paleohacks cookbook recipe review gt diet fitness healthy workingout winning bodybuilding motivation
listen to our @ spotify athletes playlist workout tracks selected by all the guests on our show
listen to our @ spotify athletes playlist workout tracks selected by all the guests on our show
booty girls fuck on top
it's a coffee and baileys type of morning sunday funday hang by closeknitco via @ etsy fitfam fit workout
come and join our familyquickfirekickboxingfitness @ gmailcomfatloss fatburn fitness workout weightless
are you going to the today make time for your goals and no more excuses fitness health workout
walk 500 miles at 3000 feet flightattendant
our official youtube channel provides free fitness and nutrition advice check it out here fatloss weig
here are 4 ways to find the perfect personal trainer training
let's get brunched up brunch tank top brunch brunch shirt by closeknitco via @ etsy fit fitfam easter
cowgirl adelaide hotbabe girlfriends taboo whores fetish
@ therealmcbride happy easter thx for keeping all of us guys in line with your fitness tips fitness fitover40
mr llgh gym time day 5the real mr llghgainz gay muscleguy hotguys malemodels
losing weight amp loving every moment of it motivation weightloss inspire
eilat art secretary facesitting pussycloseup publicsex caiunanet
like and share if you want thiswomen breathable three piece yoga outfit set3990
fitgirl fitfam toptagsworkoutclotgrd fit fitness workout model fitspo
chocolate covered strawberries noworries diet workout @ itsjustrossb not healthy
happyeaster bar peeps edm bpm coachella iconic duo sxmelectro mellogang @ mallorylynne @ ridanaser
mena the hello olive suck vantaa wellington shemale
happy easter from your friends at gonetrainingfitness workout excercise fitfam lifestyle
it's a coffee and baileys type of morning sunday funday hang by closeknitco via @ etsy easter fitfam fit
we're proud to announce that we are finally live @ wolfleticapparel wolf wolfletic
amateursexvideo teenporn orgasms twins live dress totalporn firstgt
44 off proform 505 cst treadmill treadmill health fitness workout running
fetish raw ezhotporn bangkok take geelong debutante
squats then shots gym clothes workout tank top cute womens by closeknitco via @ etsy fit fitness workout
power of the pussy 18wheeler hardworker lovemyjob lean fit healthy tone
best friends pizza and wine shirt pizza shirt wine shirt be by closeknitco via @ etsy fit fitfam pizza
personaltrainer wish i had someone that would help me or guide me into a fit life fit help chicago dadlife dadbod diet
gym bunny happy easter funday sunday bunnies ss ss funday muscleup
2499 mypre lemon and lime 500g cardio goalsetting motivation fitfam
some days you just don't feel like having any veggies
going to the at 4 30 am or 6i need a
take your pants out of the gym and styling for everyday look
40 off lifespan tr1200i folding treadmill health fitness workout running
time to work off all that amasing food healthyandhappy goodlife justlift
the design of the functional amp personal training areas design project render photo functional pt
the design of the functional amp personal training areas design project render photo
bout to get some time in
pegboarding by @ danbailey9 fitness fitspo bodybuilding fitspiration cardio ripped fitandheal getfit
do it firstly for yourself but this helps too lol fitness fit workout healthy
gym company looking for equipment
sex pictures male anal douche
undress italy year bending assfuck elche bradford
top bags no reserve lot of 3 nike gray silver backpack drawstring bag training sack
euro wetboobs erection with
fitow is a patent pending revolutionary fitness towel @ wowoinc fitness fitow health indiegogo
i didn't need to walk today anyway legday squats deadlift lift legs nopainnogain
arm baby sleep lifts youliftbro babygirl sleepingbaby
le p'tit bout instagram instapic instadaily instanimal nice photo fitness fit
can't sleepso he finds an empty gym let playtime commence nightworkouts emptygym
putting the 360 gym routine into action edit by platepictures at goshow weightlifting fitness
finish off your long weekend with a good gym sesh fitness health results goals success longweekend
what are your thoughts on fitnessblender workout programs fitfam instafitness fitnessfreak health healthylife instafit fitness
first blog post is up detox healthiersam healthy fitness motivation weightloss holidayweight blog
happy easter one more daygrand launch 41717 supplments
sex pictures naked tan girlsfucking
@ wabagrill i love the bottle now i can drink my bcaas while i lift amp not carry a large shaker cup around the gym
man life is more than a 95 you gotta get out there and really love and live your life life live concur goals smart true fight
i miss my bros know that i'm doing my best to see you guys soon love you guys acn fitness residualincome
underwear blonde groupsex undresses tattooe webcam anonymous
@ luckychick121 ha sundaynight workout and the is finally empty moreforme easter food got me a little sluggish fam fun allday
pppppppssssstttt you there you can follow our instagram account here fitness advice fatloss weightlos
i'm not that drunkcinco de mayo shirttaco shirtdrunk shirt by closeknitco via @ etsy easter drunk fitfam
wie2017 rochester pulsating naughtymilf dick
easter sunday at the gym where did everyone go zombie apocalypse health fitness easter eastersunday
clean funny pics amp humor google the abdominal snowman abs workout
fan in coma after violence at argentine soccer match buenos aires reuters an fitness workout health
i'm not that drunk mens drinking shirtdrunk shirtbachelor s by closeknitco via @ etsy fitfam drunk quotes
paleohacks cookbook recipe review gt diet fitness healthy workingout winning bodybuilding motivation
listen to our @ spotify athletes playlist workout tracks selected by all the guests on our show
listen to our @ spotify athletes playlist workout tracks selected by all the guests on our show
booty girls fuck on top
it's a coffee and baileys type of morning sunday funday hang by closeknitco via @ etsy fitfam fit workout
come and join our familyquickfirekickboxingfitness @ gmailcomfatloss fatburn fitness workout weightless
are you going to the today make time for your goals and no more excuses fitness health workout
walk 500 miles at 3000 feet flightattendant
our official youtube channel provides free fitness and nutrition advice check it out here fatloss weig
here are 4 ways to find the perfect personal trainer training
let's get brunched up brunch tank top brunch brunch shirt by closeknitco via @ etsy fit fitfam easter
cowgirl adelaide hotbabe girlfriends taboo whores fetish
@ therealmcbride happy easter thx for keeping all of us guys in line with your fitness tips fitness fitover40
mr llgh gym time day 5the real mr llghgainz gay muscleguy hotguys malemodels
losing weight amp loving every moment of it motivation weightloss inspire
eilat art secretary facesitting pussycloseup publicsex caiunanet
like and share if you want thiswomen breathable three piece yoga outfit set3990
fitgirl fitfam toptagsworkoutclotgrd fit fitness workout model fitspo
chocolate covered strawberries noworries diet workout @ itsjustrossb not healthy
happyeaster bar peeps edm bpm coachella iconic duo sxmelectro mellogang @ mallorylynne @ ridanaser
mena the hello olive suck vantaa wellington shemale
happy easter from your friends at gonetrainingfitness workout excercise fitfam lifestyle
it's a coffee and baileys type of morning sunday funday hang by closeknitco via @ etsy easter fitfam fit
we're proud to announce that we are finally live @ wolfleticapparel wolf wolfletic
amateursexvideo teenporn orgasms twins live dress totalporn firstgt
44 off proform 505 cst treadmill treadmill health fitness workout running
fetish raw ezhotporn bangkok take geelong debutante
squats then shots gym clothes workout tank top cute womens by closeknitco via @ etsy fit fitness workout
power of the pussy 18wheeler hardworker lovemyjob lean fit healthy tone
best friends pizza and wine shirt pizza shirt wine shirt be by closeknitco via @ etsy fit fitfam pizza
personaltrainer wish i had someone that would help me or guide me into a fit life fit help chicago dadlife dadbod diet
gym bunny happy easter funday sunday bunnies ss ss funday muscleup
2499 mypre lemon and lime 500g cardio goalsetting motivation fitfam
some days you just don't feel like having any veggies
going to the at 4 30 am or 6i need a
take your pants out of the gym and styling for everyday look
40 off lifespan tr1200i folding treadmill health fitness workout running
time to work off all that amasing food healthyandhappy goodlife justlift
the design of the functional amp personal training areas design project render photo functional pt
the design of the functional amp personal training areas design project render photo
bout to get some time in
pegboarding by @ danbailey9 fitness fitspo bodybuilding fitspiration cardio ripped fitandheal getfit
do it firstly for yourself but this helps too lol fitness fit workout healthy
gym company looking for equipment
sex pictures male anal douche
undress italy year bending assfuck elche bradford
top bags no reserve lot of 3 nike gray silver backpack drawstring bag training sack
euro wetboobs erection with
fitow is a patent pending revolutionary fitness towel @ wowoinc fitness fitow health indiegogo
i didn't need to walk today anyway legday squats deadlift lift legs nopainnogain
arm baby sleep lifts youliftbro babygirl sleepingbaby
le p'tit bout instagram instapic instadaily instanimal nice photo fitness fit
can't sleepso he finds an empty gym let playtime commence nightworkouts emptygym
putting the 360 gym routine into action edit by platepictures at goshow weightlifting fitness
finish off your long weekend with a good gym sesh fitness health results goals success longweekend
what are your thoughts on fitnessblender workout programs fitfam instafitness fitnessfreak health healthylife instafit fitness
first blog post is up detox healthiersam healthy fitness motivation weightloss holidayweight blog
happy easter one more daygrand launch 41717 supplments
sex pictures naked tan girlsfucking
@ wabagrill i love the bottle now i can drink my bcaas while i lift amp not carry a large shaker cup around the gym
man life is more than a 95 you gotta get out there and really love and live your life life live concur goals smart true fight
i miss my bros know that i'm doing my best to see you guys soon love you guys acn fitness residualincome
underwear blonde groupsex undresses tattooe webcam anonymous
@ luckychick121 ha sundaynight workout and the is finally empty moreforme easter food got me a little sluggish fam fun allday
pppppppssssstttt you there you can follow our instagram account here fitness advice fatloss weightlos
i'm not that drunkcinco de mayo shirttaco shirtdrunk shirt by closeknitco via @ etsy easter drunk fitfam
wie2017 rochester pulsating naughtymilf dick
easter sunday at the gym where did everyone go zombie apocalypse health fitness easter eastersunday
clean funny pics amp humor google the abdominal snowman abs workout
submissive blackpussy suckgirlspy cocks stockings
amazing stuff from @ insanelabz get 20 off your order with code jrob20 insanelabz teaminsanelabz gains
late night cash from the other nightwork
pre easter fun sweat session @ studio4victoria athlete train holiday pushyourself easterweekend
check out this quick morning workout and repeat as necessary homefitness fit health
work gym house me sunday picofday fitness body bodybuilding instago men
yourpornvideos chica boulder venice bbwdating cam4 brazilian
i don't trust anyone who doesn't like yoga pizza or puppies by closeknitco via @ etsy yoga diet healthy
bonnjonesyou can check our new collection of jakets love fashion fitness fitnessmotivation womens
this is not obsession i call it dedication fitness workout lifestyle adidas
feeling these spring days gorgeous bright turban headbands in store now turquoise here gt
thick ssbbw helsingborg saskatoon epic workout retweetgt
mr llgh gym time day 5gainz gay muscleguy hotguys malemodels malephotography
top bags runetz purple sack bag drawstring backpack for men amp women travel bag
booty lingerie amateurvideos rimming tape heart
madeinafricaregrann from @ coscanino king of the jump ropes jumprope exercise
you don't have to be a a beast to stay fit
oh my poor birdie you had gone through a lot coreexercises painfulsunday you surely deserve good food
mr llgh gym time day 5gainz gay muscleguy hotguys malemodels malephotography
resisted chocolate all day and now i'm eating apple chutney with popadoms crazyeating healthyeating nochocolate late night munch
tankersley uk coordinator gym coordinator fixed term 6 month contract duties in work trainer job
your hardcore muscle lifestyle on blast workout weightlifting bodybuilding
@ myzonemoves mz3 hr strap works well across brands in the am i falling in love with hr chest straps all ov
mr llgh gym time day 5gainz gay muscleguy hotguys malemodels malephotography
gratitude paves the way for abundance shop our top at love fashion yoga
awesome 2017 bling for her fitness workout bikini npc exercise
fan in coma after violence at argentine soccer match buenos aires reuters an fitness workout health
i'm not that drunk mens drinking shirtdrunk shirtbachelor s by closeknitco via @ etsy fitfam drunk quotes
paleohacks cookbook recipe review gt diet fitness healthy workingout winning bodybuilding motivation
listen to our @ spotify athletes playlist workout tracks selected by all the guests on our show
listen to our @ spotify athletes playlist workout tracks selected by all the guests on our show
booty girls fuck on top
it's a coffee and baileys type of morning sunday funday hang by closeknitco via @ etsy fitfam fit workout
come and join our familyquickfirekickboxingfitness @ gmailcomfatloss fatburn fitness workout weightless
are you going to the today make time for your goals and no more excuses fitness health workout
walk 500 miles at 3000 feet flightattendant
our official youtube channel provides free fitness and nutrition advice check it out here fatloss weig
here are 4 ways to find the perfect personal trainer training
let's get brunched up brunch tank top brunch brunch shirt by closeknitco via @ etsy fit fitfam easter
cowgirl adelaide hotbabe girlfriends taboo whores fetish
@ therealmcbride happy easter thx for keeping all of us guys in line with your fitness tips fitness fitover40
mr llgh gym time day 5the real mr llghgainz gay muscleguy hotguys malemodels
losing weight amp loving every moment of it motivation weightloss inspire
eilat art secretary facesitting pussycloseup publicsex caiunanet
like and share if you want thiswomen breathable three piece yoga outfit set3990
fitgirl fitfam toptagsworkoutclotgrd fit fitness workout model fitspo
chocolate covered strawberries noworries diet workout @ itsjustrossb not healthy
happyeaster bar peeps edm bpm coachella iconic duo sxmelectro mellogang @ mallorylynne @ ridanaser
mena the hello olive suck vantaa wellington shemale
happy easter from your friends at gonetrainingfitness workout excercise fitfam lifestyle
it's a coffee and baileys type of morning sunday funday hang by closeknitco via @ etsy easter fitfam fit
we're proud to announce that we are finally live @ wolfleticapparel wolf wolfletic
amateursexvideo teenporn orgasms twins live dress totalporn firstgt
44 off proform 505 cst treadmill treadmill health fitness workout running
fetish raw ezhotporn bangkok take geelong debutante
squats then shots gym clothes workout tank top cute womens by closeknitco via @ etsy fit fitness workout
power of the pussy 18wheeler hardworker lovemyjob lean fit healthy tone
best friends pizza and wine shirt pizza shirt wine shirt be by closeknitco via @ etsy fit fitfam pizza
personaltrainer wish i had someone that would help me or guide me into a fit life fit help chicago dadlife dadbod diet
gym bunny happy easter funday sunday bunnies ss ss funday muscleup
2499 mypre lemon and lime 500g cardio goalsetting motivation fitfam
some days you just don't feel like having any veggies
going to the at 4 30 am or 6i need a
take your pants out of the gym and styling for everyday look
40 off lifespan tr1200i folding treadmill health fitness workout running
time to work off all that amasing food healthyandhappy goodlife justlift
the design of the functional amp personal training areas design project render photo functional pt
the design of the functional amp personal training areas design project render photo
bout to get some time in
pegboarding by @ danbailey9 fitness fitspo bodybuilding fitspiration cardio ripped fitandheal getfit
do it firstly for yourself but this helps too lol fitness fit workout healthy
gym company looking for equipment
sex pictures male anal douche
undress italy year bending assfuck elche bradford
top bags no reserve lot of 3 nike gray silver backpack drawstring bag training sack
euro wetboobs erection with
fitow is a patent pending revolutionary fitness towel @ wowoinc fitness fitow health indiegogo
my macros left me room for curry cashews yum fitfam fitness nutrition healthyeating healthylifestyle
girlkik candids nudeteens tongue
pornfree smile hairy africa clearwater readhead nakedgirlscam
ast sports science whey protein isolate fruit punch 2 lbs 908 g health fitnessmodel sports
exercise equipment sale clickgt weightlifting crosstrainer treadmill
athletic xtreme german creatine 60 servings health fitnessmodel sports healthy
athea supplements athea sleep amp stress 60 caps health fitnessmodel sports healthy
mj doin workout raoulsalim workout basketball fashion
ast sports science whey protein isolate mocha cappuccino 2 lbs 908 g health fitnessmodel sports
ast sports science whey protein isolate double rich chocolate 2 lbs 908 g health fitnessmodel
ast sports science whey protein isolate creamy vanilla 2 lbs 908 g health fitnessmodel sports
ast sports science multi pro32x 100 caplets health fitnessmodel sports healthy
ast sports science multi 32x 200 caplets health fitnessmodel sports healthy
ast sports science micronized creatine monohydrate 1000 g 22 lbs health fitnessmodel sports
aps nutrition isomorph 28 vanilla ice cream 2 lbs health fitnessmodel sports healthy
milfporn group hairyporn freecams
just some sunday pitching mlb baseball pitching workout
upskirts doggy nonporn pornstar safada fingering
check out our fanpage bodybuilding abs muscle workout
is it bad that i eat milk chocolate sea salt caramel during my rest period while working out chocolate caramel
my back monday workout fitness healthy @ neo fitness
1 doctor shares why you don't fitness workout lifestyle getfit befit fitbody
load up on shrooms with these fitness workout lifestyle getfit befit fitbody
pro training for all sports and every type of athlete scottsdale triathlete bikelife cycling ridelife
after using the gym regularly for a while mild annoyances can become extremely irritating
dmv hentai bdsm party verybig cam fetishweekend page
achieve more at core24 health fitness not just a gym so much more health body
this is the fully charged fitness and activewear gear for penn relayscat 4816j amp 4820 order now for penns apr
happy easter @ thebarbieblank transformation motivation beastmode nutrition
submissive blackpussy suckgirlspy cocks stockings
amazing stuff from @ insanelabz get 20 off your order with code jrob20 insanelabz teaminsanelabz gains
late night cash from the other nightwork
pre easter fun sweat session @ studio4victoria athlete train holiday pushyourself easterweekend
check out this quick morning workout and repeat as necessary homefitness fit health
work gym house me sunday picofday fitness body bodybuilding instago men
yourpornvideos chica boulder venice bbwdating cam4 brazilian
i don't trust anyone who doesn't like yoga pizza or puppies by closeknitco via @ etsy yoga diet healthy
bonnjonesyou can check our new collection of jakets love fashion fitness fitnessmotivation womens
this is not obsession i call it dedication fitness workout lifestyle adidas
feeling these spring days gorgeous bright turban headbands in store now turquoise here gt
thick ssbbw helsingborg saskatoon epic workout retweetgt
mr llgh gym time day 5gainz gay muscleguy hotguys malemodels malephotography
top bags runetz purple sack bag drawstring backpack for men amp women travel bag
booty lingerie amateurvideos rimming tape heart
madeinafricaregrann from @ coscanino king of the jump ropes jumprope exercise
you don't have to be a a beast to stay fit
oh my poor birdie you had gone through a lot coreexercises painfulsunday you surely deserve good food
mr llgh gym time day 5gainz gay muscleguy hotguys malemodels malephotography
resisted chocolate all day and now i'm eating apple chutney with popadoms crazyeating healthyeating nochocolate late night munch
tankersley uk coordinator gym coordinator fixed term 6 month contract duties in work trainer job
your hardcore muscle lifestyle on blast workout weightlifting bodybuilding
@ myzonemoves mz3 hr strap works well across brands in the am i falling in love with hr chest straps all ov
mr llgh gym time day 5gainz gay muscleguy hotguys malemodels malephotography
gratitude paves the way for abundance shop our top at love fashion yoga
awesome 2017 bling for her fitness workout bikini npc exercise
fan in coma after violence at argentine soccer match buenos aires reuters an fitness workout health
i'm not that drunk mens drinking shirtdrunk shirtbachelor s by closeknitco via @ etsy fitfam drunk quotes
paleohacks cookbook recipe review gt diet fitness healthy workingout winning bodybuilding motivation
listen to our @ spotify athletes playlist workout tracks selected by all the guests on our show
listen to our @ spotify athletes playlist workout tracks selected by all the guests on our show
booty girls fuck on top
it's a coffee and baileys type of morning sunday funday hang by closeknitco via @ etsy fitfam fit workout
come and join our familyquickfirekickboxingfitness @ gmailcomfatloss fatburn fitness workout weightless
are you going to the today make time for your goals and no more excuses fitness health workout
walk 500 miles at 3000 feet flightattendant
our official youtube channel provides free fitness and nutrition advice check it out here fatloss weig
here are 4 ways to find the perfect personal trainer training
let's get brunched up brunch tank top brunch brunch shirt by closeknitco via @ etsy fit fitfam easter
cowgirl adelaide hotbabe girlfriends taboo whores fetish
@ therealmcbride happy easter thx for keeping all of us guys in line with your fitness tips fitness fitover40
mr llgh gym time day 5the real mr llghgainz gay muscleguy hotguys malemodels
our new video discussion fitness fit motivation workout bodybuilding healthy fitfam
diets for obese men the big man plan to lose weight gt diet fitness healthy workingout winning bo
if only the gym pump could stay forever fitness pump life
morning @ aryaoffl bro it's lats at today mmddddlctworkout mondaymotivation hav a fantastic week ahe
top bags new jordan 23 logo black amp red backpack bookbag laptop bag 9a1223023
teacher porn sexypussy
hard work amp patience health fitness fit dedication fitspo workout motivation healthy strong
thomas plays for celtics a day after sister's death reuters boston celtics fitness workout health
always make time to stretch to prevent injuries stretch splits training
milton keynes uk fitnessgym instructor milton keynes the can be an intimidating work trainer job
uppsala wiggle arnhem stepmom brunettes nicebooty stockings
don't you dare hit that snooze button tomorrow join my cycling class at 530am it'll make that easter dessert wo
pussy squert sex pictures
how big should a healthy fitness workout lifestyle getfit befit fitbody
what lee hersh of the food blog fitness workout lifestyle getfit befit
best bag vintage adidas blue red gloss duffle bags retro sports
ladies that have moved on to gg after completing bb strongcurves fitfam instafitness fitnessfreak health healthylife instafit
i search of meal prep ideas fitfam instafitness fitnessfreak health healthylife instafit fitnessaddict active eatclean twelv
help with stubborn back fat fitfam instafitness fitnessfreak health healthylife instafit fitnessaddict active eatclean twelv
follow the link in my pinned tweet for some super awesome alterego fitness apparel you'll get 10 off your order fitness gains
best is a quiet one monday asweataday sleevelessdenims functionalstrengthtraining
heavy video footjob auckland mix jewels amateurcam yesilyurtescortgt
sex videos sex with fat older women
earn money and get known in the fitness industry as one of our unchainedmuscle sponsored athletes
earn money and get known in the fitness industry as one of our unchainedmuscle sponsored athletes
earn money and get known in the fitness industry as one of our unchainedmuscle sponsored athletes
earn money and get known in the fitness industry as one of our unchainedmuscle sponsored athletes
earn money and get known in the fitness industry as one of our unchainedmuscle sponsored athletes
no matter how hard you work you should be healthy everyday goodmorning health
interesting that it's as simple as eating these kind of fruits mealprep
it's time to break some hearts again bringing my best package to stage ever @ wbff fitfam fitspo fitness
break down you fitness goals into steps make it easier for yourself the journey is worth it workout
36 off weslo cadence r 52 treadmill health fitness workout running
my macros left me room for curry cashews yum fitfam fitness nutrition healthyeating healthylifestyle
girlkik candids nudeteens tongue
pornfree smile hairy africa clearwater readhead nakedgirlscam
ast sports science whey protein isolate fruit punch 2 lbs 908 g health fitnessmodel sports
exercise equipment sale clickgt weightlifting crosstrainer treadmill
athletic xtreme german creatine 60 servings health fitnessmodel sports healthy
athea supplements athea sleep amp stress 60 caps health fitnessmodel sports healthy
mj doin workout raoulsalim workout basketball fashion
ast sports science whey protein isolate mocha cappuccino 2 lbs 908 g health fitnessmodel sports
ast sports science whey protein isolate double rich chocolate 2 lbs 908 g health fitnessmodel
ast sports science whey protein isolate creamy vanilla 2 lbs 908 g health fitnessmodel sports
ast sports science multi pro32x 100 caplets health fitnessmodel sports healthy
ast sports science multi 32x 200 caplets health fitnessmodel sports healthy
ast sports science micronized creatine monohydrate 1000 g 22 lbs health fitnessmodel sports
aps nutrition isomorph 28 vanilla ice cream 2 lbs health fitnessmodel sports healthy
milfporn group hairyporn freecams
just some sunday pitching mlb baseball pitching workout
upskirts doggy nonporn pornstar safada fingering
check out our fanpage bodybuilding abs muscle workout
is it bad that i eat milk chocolate sea salt caramel during my rest period while working out chocolate caramel
my back monday workout fitness healthy @ neo fitness
1 doctor shares why you don't fitness workout lifestyle getfit befit fitbody
load up on shrooms with these fitness workout lifestyle getfit befit fitbody
pro training for all sports and every type of athlete scottsdale triathlete bikelife cycling ridelife
after using the gym regularly for a while mild annoyances can become extremely irritating
dmv hentai bdsm party verybig cam fetishweekend page
achieve more at core24 health fitness not just a gym so much more health body
this is the fully charged fitness and activewear gear for penn relayscat 4816j amp 4820 order now for penns apr
happy easter @ thebarbieblank transformation motivation beastmode nutrition
submissive blackpussy suckgirlspy cocks stockings
amazing stuff from @ insanelabz get 20 off your order with code jrob20 insanelabz teaminsanelabz gains
late night cash from the other nightwork
pre easter fun sweat session @ studio4victoria athlete train holiday pushyourself easterweekend
check out this quick morning workout and repeat as necessary homefitness fit health
work gym house me sunday picofday fitness body bodybuilding instago men
yourpornvideos chica boulder venice bbwdating cam4 brazilian
work it out gympact is an app pays you for working out and punishes you for days missed exercise health lifehacks
question on @ quora should i do both martial arts and gym i do martial arts five days a week martialart
instructor porn magic movies free sex videos
a daily multivitamin reduces the chances of getting sick teamast muscle
it's my fault i can only study on campusexercise only at read in coffeeshoprelax fully at beachbut i can pray anywhere
gang bbw hiddencams boulder lezporn texas
take your control achieve and maintain your natural weight and health gt diet fitness healthy workingo
worshipleaders thong party analsex
the easter weather has been stunning for the long weekend at bondi beach sydney australia tan sunshine
ramizporn bodybuilder ottawa yogapants spycam exeter
sex movie movies sex home
myon fitness is indias premier online nutrition supplement storefitness motivation nutrition supplements
filipin cairns dick sexygirl marseille
cumshot exhibition gateshead wetboobs nakedgirlweb crawley brownskin balls
exgirlfriend nudecam goddessworship
fill your mind with god's love while you workoutaudio listen amp download now
fill your mind with god's love while you workoutaudio listen amp download now
fill your mind with god's love while you workoutaudio listen amp download now
fill your mind with god's love while you workoutaudio listen amp download now
fill your mind with god's love while you workoutaudio listen amp download now
fill your mind with god's love while you workoutaudio listen amp download now
fill your mind with god's love while you workoutaudio listen amp download now
fill your mind with god's love while you workoutaudio listen amp download now
our new video discussion fitness fit motivation workout bodybuilding healthy fitfam
diets for obese men the big man plan to lose weight gt diet fitness healthy workingout winning bo
if only the gym pump could stay forever fitness pump life
morning @ aryaoffl bro it's lats at today mmddddlctworkout mondaymotivation hav a fantastic week ahe
top bags new jordan 23 logo black amp red backpack bookbag laptop bag 9a1223023
teacher porn sexypussy
hard work amp patience health fitness fit dedication fitspo workout motivation healthy strong
thomas plays for celtics a day after sister's death reuters boston celtics fitness workout health
always make time to stretch to prevent injuries stretch splits training
milton keynes uk fitnessgym instructor milton keynes the can be an intimidating work trainer job
uppsala wiggle arnhem stepmom brunettes nicebooty stockings
don't you dare hit that snooze button tomorrow join my cycling class at 530am it'll make that easter dessert wo
pussy squert sex pictures
how big should a healthy fitness workout lifestyle getfit befit fitbody
what lee hersh of the food blog fitness workout lifestyle getfit befit
best bag vintage adidas blue red gloss duffle bags retro sports
ladies that have moved on to gg after completing bb strongcurves fitfam instafitness fitnessfreak health healthylife instafit
i search of meal prep ideas fitfam instafitness fitnessfreak health healthylife instafit fitnessaddict active eatclean twelv
help with stubborn back fat fitfam instafitness fitnessfreak health healthylife instafit fitnessaddict active eatclean twelv
follow the link in my pinned tweet for some super awesome alterego fitness apparel you'll get 10 off your order fitness gains
best is a quiet one monday asweataday sleevelessdenims functionalstrengthtraining
heavy video footjob auckland mix jewels amateurcam yesilyurtescortgt
sex videos sex with fat older women
earn money and get known in the fitness industry as one of our unchainedmuscle sponsored athletes
earn money and get known in the fitness industry as one of our unchainedmuscle sponsored athletes
earn money and get known in the fitness industry as one of our unchainedmuscle sponsored athletes
earn money and get known in the fitness industry as one of our unchainedmuscle sponsored athletes
earn money and get known in the fitness industry as one of our unchainedmuscle sponsored athletes
no matter how hard you work you should be healthy everyday goodmorning health
interesting that it's as simple as eating these kind of fruits mealprep
it's time to break some hearts again bringing my best package to stage ever @ wbff fitfam fitspo fitness
break down you fitness goals into steps make it easier for yourself the journey is worth it workout
36 off weslo cadence r 52 treadmill health fitness workout running
my macros left me room for curry cashews yum fitfam fitness nutrition healthyeating healthylifestyle
girlkik candids nudeteens tongue
pornfree smile hairy africa clearwater readhead nakedgirlscam
ast sports science whey protein isolate fruit punch 2 lbs 908 g health fitnessmodel sports
exercise equipment sale clickgt weightlifting crosstrainer treadmill
athletic xtreme german creatine 60 servings health fitnessmodel sports healthy
athea supplements athea sleep amp stress 60 caps health fitnessmodel sports healthy
mj doin workout raoulsalim workout basketball fashion
pain is acceptablequitting is notmonday fitness traintoinsane proactive
swag mode ready for the run winters fitness hairdo running fashion workout french luxury
new videos up link in bio bodybuilding youtube bodybuildingmotivation youtubers muscle fitnessmotivation
room cumshots toulon facebook albacete lesbians instagood
bganal massivetits humor cleaning tits
i'm so sore from yesterday's legday workout rt if you're sore from your workout health fitness
doing my sunday thang bodybuilder crosfitter lift wod fitlife fitness training
top bags marlboro adventure team bag sporting
happy easter @ thebarbieblank transformation motivation beastmode nutrition
the fitpadfitness website will be launching tonight like retweet amp comment for a chance to win a free fitpad
looking to hit a pr this week can't wait to get this week started muscleegg pr
'there is no beast mode just be a beast' @ jeffloagz nbm igogym
sale ends today 15 off chanel rarr rarrdesigns fit fitness fitchicks cheerleading
working the lats a little with some pulldowns trying to maintain that spread fitness
the cult of @ gymshark athleisure fashion yoga athleisure
why on every rest day from the gym i feel less productive rest powerlifting train hard
she loves to workout but not only in the take a look at her private website for xxx videos @
happy easter @ thebarbieblank transformation motivation beastmode nutrition
working out with my gym mateactually he is a jazz singerworkout workingout mate jazz singer
gym is my new boyfriendshop @ bae fitness workout exercise fit
sex pics sexy philepino small girles video
repping my home state on the t there in here working my biceps as i em with the flex
weslo cadence g 59 treadmill health fitness workout running
36 off weslo cadence r 52 treadmill health fitness workout running
bodybuilding versus powerlifting what do you all think is better fitness weightloss fatloss fitfam swole lift
three months from now you will thank yourselffitness health healthy body ardeecity s3fitnesstudio
work it out gympact is an app pays you for working out and punishes you for days missed exercise health lifehacks
question on @ quora should i do both martial arts and gym i do martial arts five days a week martialart
instructor porn magic movies free sex videos
a daily multivitamin reduces the chances of getting sick teamast muscle
it's my fault i can only study on campusexercise only at read in coffeeshoprelax fully at beachbut i can pray anywhere
gang bbw hiddencams boulder lezporn texas
take your control achieve and maintain your natural weight and health gt diet fitness healthy workingo
worshipleaders thong party analsex
the easter weather has been stunning for the long weekend at bondi beach sydney australia tan sunshine
ramizporn bodybuilder ottawa yogapants spycam exeter
sex movie movies sex home
myon fitness is indias premier online nutrition supplement storefitness motivation nutrition supplements
filipin cairns dick sexygirl marseille
cumshot exhibition gateshead wetboobs nakedgirlweb crawley brownskin balls
exgirlfriend nudecam goddessworship
fill your mind with god's love while you workoutaudio listen amp download now
fill your mind with god's love while you workoutaudio listen amp download now
fill your mind with god's love while you workoutaudio listen amp download now
fill your mind with god's love while you workoutaudio listen amp download now
fill your mind with god's love while you workoutaudio listen amp download now
fill your mind with god's love while you workoutaudio listen amp download now
fill your mind with god's love while you workoutaudio listen amp download now
fill your mind with god's love while you workoutaudio listen amp download now
our new video discussion fitness fit motivation workout bodybuilding healthy fitfam
diets for obese men the big man plan to lose weight gt diet fitness healthy workingout winning bo
if only the gym pump could stay forever fitness pump life
morning @ aryaoffl bro it's lats at today mmddddlctworkout mondaymotivation hav a fantastic week ahe
top bags new jordan 23 logo black amp red backpack bookbag laptop bag 9a1223023
teacher porn sexypussy
hard work amp patience health fitness fit dedication fitspo workout motivation healthy strong
thomas plays for celtics a day after sister's death reuters boston celtics fitness workout health
always make time to stretch to prevent injuries stretch splits training
milton keynes uk fitnessgym instructor milton keynes the can be an intimidating work trainer job
uppsala wiggle arnhem stepmom brunettes nicebooty stockings
don't you dare hit that snooze button tomorrow join my cycling class at 530am it'll make that easter dessert wo
pussy squert sex pictures
how big should a healthy fitness workout lifestyle getfit befit fitbody
what lee hersh of the food blog fitness workout lifestyle getfit befit
best bag vintage adidas blue red gloss duffle bags retro sports
rib eye with mashed potatoes and mac n cheese fit fitness fitfam lift lifting
patrick races into fitness space huntington herald dispatch roanoke times patrick fitness workout health
254 songs 16 hours amp 39 minutes now on motivational hiphop workout playlist on spotify fitness
these gym belles aren't dumb belles getting our fitness on motherdaughtertime
don't worrybe happy healthy health fitness fit fitfam love my family food
@ jeremybuendia looking crazy aestheticaesthetics fitness gains fitness fit
teacher porn youtube hot sexy luffy and nami foucking
calorie shifting a healthy way to lose weight fast gt diet fitness healthy workingout winning bodyb
linda stories cumshow johanna xmen rub oilgtgtgt
great shape on orlando maldonado muscleworship muscles bodybuilder flexing posing ripped shredded
practice doesn't make perfect practice makes permanence every day you're getting better motivation
oralsex spain montana mesa glowgirl oxnard cheating only
network sarah vandella superhero anal redhubbrazzersnetwork anal
workout ball fail rt lol fail ball fall workout funny
thought about going to the to burn off the easter weight maybe tomorrow p
it's april 17 2017 at 0930am good morning people followers fans mrx mma
pain is acceptablequitting is notmonday fitness traintoinsane proactive
swag mode ready for the run winters fitness hairdo running fashion workout french luxury
new videos up link in bio bodybuilding youtube bodybuildingmotivation youtubers muscle fitnessmotivation
room cumshots toulon facebook albacete lesbians instagood
bganal massivetits humor cleaning tits
i'm so sore from yesterday's legday workout rt if you're sore from your workout health fitness
doing my sunday thang bodybuilder crosfitter lift wod fitlife fitness training
top bags marlboro adventure team bag sporting
happy easter @ thebarbieblank transformation motivation beastmode nutrition
the fitpadfitness website will be launching tonight like retweet amp comment for a chance to win a free fitpad
looking to hit a pr this week can't wait to get this week started muscleegg pr
'there is no beast mode just be a beast' @ jeffloagz nbm igogym
sale ends today 15 off chanel rarr rarrdesigns fit fitness fitchicks cheerleading
working the lats a little with some pulldowns trying to maintain that spread fitness
the cult of @ gymshark athleisure fashion yoga athleisure
why on every rest day from the gym i feel less productive rest powerlifting train hard
she loves to workout but not only in the take a look at her private website for xxx videos @
happy easter @ thebarbieblank transformation motivation beastmode nutrition
working out with my gym mateactually he is a jazz singerworkout workingout mate jazz singer
gym is my new boyfriendshop @ bae fitness workout exercise fit
sex pics sexy philepino small girles video
repping my home state on the t there in here working my biceps as i em with the flex
weslo cadence g 59 treadmill health fitness workout running
36 off weslo cadence r 52 treadmill health fitness workout running
bodybuilding versus powerlifting what do you all think is better fitness weightloss fatloss fitfam swole lift
three months from now you will thank yourselffitness health healthy body ardeecity s3fitnesstudio
work it out gympact is an app pays you for working out and punishes you for days missed exercise health lifehacks
question on @ quora should i do both martial arts and gym i do martial arts five days a week martialart
instructor porn magic movies free sex videos
a daily multivitamin reduces the chances of getting sick teamast muscle
it's my fault i can only study on campusexercise only at read in coffeeshoprelax fully at beachbut i can pray anywhere
gang bbw hiddencams boulder lezporn texas
take your control achieve and maintain your natural weight and health gt diet fitness healthy workingo
worshipleaders thong party analsex
the easter weather has been stunning for the long weekend at bondi beach sydney australia tan sunshine
ramizporn bodybuilder ottawa yogapants spycam exeter
sex movie movies sex home
myon fitness is indias premier online nutrition supplement storefitness motivation nutrition supplements
filipin cairns dick sexygirl marseille
1stperformance text messaging system personaltrainer fitness poweredby @ smsmasterminds
2018 games torch relay to begin in november seoul reuters the torch relay for fitness workout health
come join michelle tomorrow at 915 for body sculpt at go yoga amp fitness yoga bootcamp cardio fitness
with quitting comes regret with pain comes results nnoregrets workout health
top bags 20 sports carry on travel duffle bag black adjustable strap new with tag
loving this vintage style floral headband style up hair for yoga festival fashion
the old springville gym basketball springville hoosierhysteria springvillehornets indiana
girls sri lankan beauty girl nude
3d sex games trial porn tube
muscle latest oldvsyoung cock videos cumonass pantyhoselegs
sex movie free porn mother daughter experiment
goodmorning monday i really need a coffee peasetry to go to technomusic
makebetterchoicesmealprep on eastersunday can be healthy supplements workout ss muscle
makebetterchoicesmealprep on eastersunday can be healthy supplements workout
upskirts body balls riding cousin afghan beads
boise curvy xvidio belfast celebs birminghamescort workingout maturestudents
irwin is planning on going ketotic next week no carbs babycannabis tokerware fitness cardio seagull
free access all easter weekend free stratforduponavon warwickshire
best way to increase cardio and upper body strength quickly fitfam instafitness fitnessfreak health healthylife instafit fitne
yay or nay selected @ elliegonsalves fitness workout weightloss fit diet
some of the nicest workout leggings you will get to get to feel anyplace
new insulin cleanse lose weight in 2 weeks fitness tips diet
start your week well monday is dayworkout fitness
thanks for following me on twitter check out our facebook page fitness health fatloss bodybuilding pow
it's april 17 2017 at 0600am good morning remember your amazing do something that counts today ocr fitness funday
rib eye with mashed potatoes and mac n cheese fit fitness fitfam lift lifting
patrick races into fitness space huntington herald dispatch roanoke times patrick fitness workout health
254 songs 16 hours amp 39 minutes now on motivational hiphop workout playlist on spotify fitness
these gym belles aren't dumb belles getting our fitness on motherdaughtertime
don't worrybe happy healthy health fitness fit fitfam love my family food
@ jeremybuendia looking crazy aestheticaesthetics fitness gains fitness fit
teacher porn youtube hot sexy luffy and nami foucking
calorie shifting a healthy way to lose weight fast gt diet fitness healthy workingout winning bodyb
linda stories cumshow johanna xmen rub oilgtgtgt
great shape on orlando maldonado muscleworship muscles bodybuilder flexing posing ripped shredded
practice doesn't make perfect practice makes permanence every day you're getting better motivation
oralsex spain montana mesa glowgirl oxnard cheating only
network sarah vandella superhero anal redhubbrazzersnetwork anal
workout ball fail rt lol fail ball fall workout funny
thought about going to the to burn off the easter weight maybe tomorrow p
it's april 17 2017 at 0930am good morning people followers fans mrx mma
pain is acceptablequitting is notmonday fitness traintoinsane proactive
swag mode ready for the run winters fitness hairdo running fashion workout french luxury
new videos up link in bio bodybuilding youtube bodybuildingmotivation youtubers muscle fitnessmotivation
room cumshots toulon facebook albacete lesbians instagood
bganal massivetits humor cleaning tits
i'm so sore from yesterday's legday workout rt if you're sore from your workout health fitness
doing my sunday thang bodybuilder crosfitter lift wod fitlife fitness training
top bags marlboro adventure team bag sporting
happy easter @ thebarbieblank transformation motivation beastmode nutrition
the fitpadfitness website will be launching tonight like retweet amp comment for a chance to win a free fitpad
looking to hit a pr this week can't wait to get this week started muscleegg pr
'there is no beast mode just be a beast' @ jeffloagz nbm igogym
sale ends today 15 off chanel rarr rarrdesigns fit fitness fitchicks cheerleading
working the lats a little with some pulldowns trying to maintain that spread fitness
the cult of @ gymshark athleisure fashion yoga athleisure
why on every rest day from the gym i feel less productive rest powerlifting train hard
she loves to workout but not only in the take a look at her private website for xxx videos @
happy easter @ thebarbieblank transformation motivation beastmode nutrition
working out with my gym mateactually he is a jazz singerworkout workingout mate jazz singer
gym is my new boyfriendshop @ bae fitness workout exercise fit
sex pics sexy philepino small girles video
quick vlog video this week playoffs work standox
cleansing diet definition gt diet fitness healthy workingout winning bodybuilding motivation grindi
another towel selfiesunday selfie from af lockerroom fitness weightlifting
let us go to the sports insanity workout running yoga pants fishnet gigihadid kendall
spex fiction celebrities gaziemirescort evansville upskirts greygt
im in that top 20 amp w this summer glow im rey ride right past all 19 of yall summerbody summerglow tan
too tough to kill legday legpress quads squats deadlift monday mondaymotivation
discover isagenix launching in the uk soondistributors amp networkers neededsee my profile integrity
build muscle lose fat @ acmitchelle like share subscribe fitness
irwin's been working on his traps latelytokerware fitness cardio lifting seagull ambassador work
my sunday workout routine is brutal and tough love fighting through every week but it's getting easier even with increased weight
indians candids uncut showers sea motherinlaw ring
good morning let's get this travel weary unfit flabby body back into good working order teamwork health fitness discipline
stayswolsportsapparel stayswolbodybuilding motivation grinding hardwork fitness
stayswolsportsapparel stayswolbodybuilding motivation grinding hardwork fitness
stayswolsportsapparel stayswolbodybuilding motivation grinding hardwork fitness
stayswolsportsapparel stayswolbodybuilding motivation grinding hardwork fitness
blowjob asianlovelies ink fetish sexual topeka
massive chest routine complete workoutfitness fit chest desi bollywood mumbai india vancouver
how growing fitness trainers can increase client retention fitness free download
teacher nude nude girl rough fight video
how going to the gym can help to stay fit and healthy health fitness
1stperformance text messaging system personaltrainer fitness poweredby @ smsmasterminds
2018 games torch relay to begin in november seoul reuters the torch relay for fitness workout health
come join michelle tomorrow at 915 for body sculpt at go yoga amp fitness yoga bootcamp cardio fitness
with quitting comes regret with pain comes results nnoregrets workout health
top bags 20 sports carry on travel duffle bag black adjustable strap new with tag
loving this vintage style floral headband style up hair for yoga festival fashion
the old springville gym basketball springville hoosierhysteria springvillehornets indiana
girls sri lankan beauty girl nude
3d sex games trial porn tube
muscle latest oldvsyoung cock videos cumonass pantyhoselegs
sex movie free porn mother daughter experiment
goodmorning monday i really need a coffee peasetry to go to technomusic
makebetterchoicesmealprep on eastersunday can be healthy supplements workout ss muscle
makebetterchoicesmealprep on eastersunday can be healthy supplements workout
upskirts body balls riding cousin afghan beads
boise curvy xvidio belfast celebs birminghamescort workingout maturestudents
irwin is planning on going ketotic next week no carbs babycannabis tokerware fitness cardio seagull
free access all easter weekend free stratforduponavon warwickshire
best way to increase cardio and upper body strength quickly fitfam instafitness fitnessfreak health healthylife instafit fitne
yay or nay selected @ elliegonsalves fitness workout weightloss fit diet
some of the nicest workout leggings you will get to get to feel anyplace
new insulin cleanse lose weight in 2 weeks fitness tips diet
start your week well monday is dayworkout fitness
thanks for following me on twitter check out our facebook page fitness health fatloss bodybuilding pow
it's april 17 2017 at 0600am good morning remember your amazing do something that counts today ocr fitness funday
rib eye with mashed potatoes and mac n cheese fit fitness fitfam lift lifting
patrick races into fitness space huntington herald dispatch roanoke times patrick fitness workout health
254 songs 16 hours amp 39 minutes now on motivational hiphop workout playlist on spotify fitness
these gym belles aren't dumb belles getting our fitness on motherdaughtertime
don't worrybe happy healthy health fitness fit fitfam love my family food
@ jeremybuendia looking crazy aestheticaesthetics fitness gains fitness fit
teacher porn youtube hot sexy luffy and nami foucking
calorie shifting a healthy way to lose weight fast gt diet fitness healthy workingout winning bodyb
linda stories cumshow johanna xmen rub oilgtgtgt
great shape on orlando maldonado muscleworship muscles bodybuilder flexing posing ripped shredded
practice doesn't make perfect practice makes permanence every day you're getting better motivation
oralsex spain montana mesa glowgirl oxnard cheating only
network sarah vandella superhero anal redhubbrazzersnetwork anal
workout ball fail rt lol fail ball fall workout funny
thought about going to the to burn off the easter weight maybe tomorrow p
it's april 17 2017 at 0930am good morning people followers fans mrx mma
pain is acceptablequitting is notmonday fitness traintoinsane proactive
swag mode ready for the run winters fitness hairdo running fashion workout french luxury
new videos up link in bio bodybuilding youtube bodybuildingmotivation youtubers muscle fitnessmotivation
room cumshots toulon facebook albacete lesbians instagood
bganal massivetits humor cleaning tits
happy easter monday fitness fit workout motivation bodybuilding fitfam fitspo
mondays biceps bankholiday earlybird justtrain bikini comp prep militarygym trainhard diet
2am wideawake monday morning i guess i'll knock out a very early workout maybe meditate amp then get a
exercise equipment sale clickgt weightlifting crosstrainer treadmill
prosupps no3 driveshop @ musclemantra preworkout fitness strong strength
more photo shoots with this little angel weightlifting exercise fitness fitnessmotivation fun
sex videos little sister anal
turn to physical activity to set free from frustration and inner state of conflict sports outdooractivities dance
photography shot with this little superstar weightlifting exercise fitness fitnessmotivation fun
an incredible american health opportunity is heading to the uksee my profile and get involved zigziglar mlm
lets do this again how often do you go to the gym repeat bfrpro workout training
xterra fitness tr66 treadmill health fitness workout running
best bag new tommy hilfiger duffle bags harbor point bags white red navy khaki nwt
modeling torrance bodybuilder showpussy lol aunty
fitpro affiliate programme promote our instructor personaltrainer courses to your followers and earn
gym time no chocolate for me maybe a cheeky hot cross buns later healthy
like mother like daughter fitness outdoorgym health mum kids cute motivation
goals @ calumvonmoger lifestyle shredded aesthetic aesthetics life muscle
back session part 2 wth markbxxteamzander zanderfitness bodybuilding motivation
the more fitness tips you can implement in your life the better your results fitness report
asian cooking so tasty and healthy asianfoot foot nutrition fitness personaltrainer vitamin workout
a simple way to warm up before lifting weights fitness
don't call it a dream call it a plan believe visualise limitless success happiness fitfam fitness quote
stimulating workout to get your whole body pumping jedi style homegym noweights fit
get a free 1life card get 3 free days use of the amp classes plus get extra benefits
get a free 1life card get 3 free days use of the amp classes plus get extra benefits
get a free 1life card get 3 free days use of the amp classes plus get extra benefits
get a free 1life card get 3 free days use of the amp classes plus get extra benefits
get a free 1life card get 3 free days use of the amp classes plus get extra benefits
get a free 1life card get 3 free days use of the amp classes plus get extra benefits
get a free 1life card get 3 free days use of the amp classes plus get extra benefits
get a free 1life card get 3 free days use of the amp classes plus get extra benefits
get a free 1life card get 3 free days use of the amp classes plus get extra benefits
get a free 1life card get 3 free days use of the amp classes plus get extra benefits
get a free 1life card get 3 free days use of the amp classes plus get extra benefits
get a free 1life card get 3 free days use of the amp classes plus get extra benefits
get a free 1life card get 3 free days use of the amp classes plus get extra benefits
get a free 1life card get 3 free days use of the amp classes plus get extra benefits
get a free 1life card get 3 free days use of the amp classes plus get extra benefits
get a free 1life card get 3 free days use of the amp classes plus get extra benefits
get a free 1life card get 3 free days use of the amp classes plus get extra benefits
get a free 1life card get 3 free days use of the amp classes plus get extra benefits
get a free 1life card get 3 free days use of the amp classes plus get extra benefits
get a free 1life card get 3 free days use of the amp classes plus get extra benefits
get a free 1life card get 3 free days use of the amp classes plus get extra benefits
get a free 1life card get 3 free days use of the amp classes plus get extra benefits
get a free 1life card get 3 free days use of the amp classes plus get extra benefits
get a free 1life card get 3 free days use of the amp classes plus get extra benefits
get a free 1life card get 3 free days use of the amp classes plus get extra benefits
get a free 1life card get 3 free days use of the amp classes plus get extra benefits
get a free 1life card get 3 free days use of the amp classes plus get extra benefits
get a free 1life card get 3 free days use of the amp classes plus get extra benefits
get a free 1life card get 3 free days use of the amp classes plus get extra benefits
get a free 1life card get 3 free days use of the amp classes plus get extra benefits
thanks for following me on twitter you can check out our youtube channel for more fitness advice fitness
quick vlog video this week playoffs work standox
cleansing diet definition gt diet fitness healthy workingout winning bodybuilding motivation grindi
another towel selfiesunday selfie from af lockerroom fitness weightlifting
let us go to the sports insanity workout running yoga pants fishnet gigihadid kendall
spex fiction celebrities gaziemirescort evansville upskirts greygt
im in that top 20 amp w this summer glow im rey ride right past all 19 of yall summerbody summerglow tan
too tough to kill legday legpress quads squats deadlift monday mondaymotivation
discover isagenix launching in the uk soondistributors amp networkers neededsee my profile integrity
build muscle lose fat @ acmitchelle like share subscribe fitness
irwin's been working on his traps latelytokerware fitness cardio lifting seagull ambassador work
my sunday workout routine is brutal and tough love fighting through every week but it's getting easier even with increased weight
indians candids uncut showers sea motherinlaw ring
good morning let's get this travel weary unfit flabby body back into good working order teamwork health fitness discipline
stayswolsportsapparel stayswolbodybuilding motivation grinding hardwork fitness
stayswolsportsapparel stayswolbodybuilding motivation grinding hardwork fitness
stayswolsportsapparel stayswolbodybuilding motivation grinding hardwork fitness
stayswolsportsapparel stayswolbodybuilding motivation grinding hardwork fitness
blowjob asianlovelies ink fetish sexual topeka
massive chest routine complete workoutfitness fit chest desi bollywood mumbai india vancouver
how growing fitness trainers can increase client retention fitness free download
teacher nude nude girl rough fight video
how going to the gym can help to stay fit and healthy health fitness
1stperformance text messaging system personaltrainer fitness poweredby @ smsmasterminds
3am on monday morning just knocked out a quick workout fitness what i should be doing is sleeping aww
and yes looks like even i can have enough of getting my photos taken no really it's true
bank holiday na fam its still chest day fitfam igfitfam igfit
great fun with this bunch of crazy happy ones weightlifting exercise fitness fitnessmotivation fun
you know you've had a good workout wheni literally hate doms gains fitness fitfam diet guysthatlift abs follow me
i'm now ready for that workouti need a big sweat on fitness fitfam backday
privatepictures pissing salem vietnamese tattoo vagina oakville sweetcams
a premium supplement stacks for men blackwolf workout bodybuilding fitness
shop amp get the curves you want waisttrain fitness workout goals fitfam
lifestyle diet fitness how to get broader shoulders 3 ways to get broad shoulders without using weights
looking at the weight like is that it lol mindset willpower workout fitness muscles
pornsensor erotic solo vagina done cams alone
why do i feel like i need to take a shit everytime i train calves legday
hot girl getting horny while some strangers taking care of her pussy ass and boobs @
healthy weight loss with paleo diet gt diet fitness healthy workingout winning bodybuilding motivati
daily health amp fitness dose health fitness fit abs motivation workout
myon fitness is indias premier online nutrition supplement storefitness motivation nutrition supplements
happy easter monday fitness fit workout motivation bodybuilding fitfam fitspo
mondays biceps bankholiday earlybird justtrain bikini comp prep militarygym trainhard diet
2am wideawake monday morning i guess i'll knock out a very early workout maybe meditate amp then get a
exercise equipment sale clickgt weightlifting crosstrainer treadmill
prosupps no3 driveshop @ musclemantra preworkout fitness strong strength
more photo shoots with this little angel weightlifting exercise fitness fitnessmotivation fun
sex videos little sister anal
turn to physical activity to set free from frustration and inner state of conflict sports outdooractivities dance
photography shot with this little superstar weightlifting exercise fitness fitnessmotivation fun
an incredible american health opportunity is heading to the uksee my profile and get involved zigziglar mlm
lets do this again how often do you go to the gym repeat bfrpro workout training
xterra fitness tr66 treadmill health fitness workout running
best bag new tommy hilfiger duffle bags harbor point bags white red navy khaki nwt
modeling torrance bodybuilder showpussy lol aunty
fitpro affiliate programme promote our instructor personaltrainer courses to your followers and earn
gym time no chocolate for me maybe a cheeky hot cross buns later healthy
like mother like daughter fitness outdoorgym health mum kids cute motivation
goals @ calumvonmoger lifestyle shredded aesthetic aesthetics life muscle
back session part 2 wth markbxxteamzander zanderfitness bodybuilding motivation
the more fitness tips you can implement in your life the better your results fitness report
asian cooking so tasty and healthy asianfoot foot nutrition fitness personaltrainer vitamin workout
a simple way to warm up before lifting weights fitness
don't call it a dream call it a plan believe visualise limitless success happiness fitfam fitness quote
stimulating workout to get your whole body pumping jedi style homegym noweights fit
get a free 1life card get 3 free days use of the amp classes plus get extra benefits
get a free 1life card get 3 free days use of the amp classes plus get extra benefits
get a free 1life card get 3 free days use of the amp classes plus get extra benefits
get a free 1life card get 3 free days use of the amp classes plus get extra benefits
get a free 1life card get 3 free days use of the amp classes plus get extra benefits
get a free 1life card get 3 free days use of the amp classes plus get extra benefits
get a free 1life card get 3 free days use of the amp classes plus get extra benefits
get a free 1life card get 3 free days use of the amp classes plus get extra benefits
get a free 1life card get 3 free days use of the amp classes plus get extra benefits
get a free 1life card get 3 free days use of the amp classes plus get extra benefits
get a free 1life card get 3 free days use of the amp classes plus get extra benefits
get a free 1life card get 3 free days use of the amp classes plus get extra benefits
get a free 1life card get 3 free days use of the amp classes plus get extra benefits
get a free 1life card get 3 free days use of the amp classes plus get extra benefits
get a free 1life card get 3 free days use of the amp classes plus get extra benefits
get a free 1life card get 3 free days use of the amp classes plus get extra benefits
get a free 1life card get 3 free days use of the amp classes plus get extra benefits
get a free 1life card get 3 free days use of the amp classes plus get extra benefits
get a free 1life card get 3 free days use of the amp classes plus get extra benefits
get a free 1life card get 3 free days use of the amp classes plus get extra benefits
get a free 1life card get 3 free days use of the amp classes plus get extra benefits
get a free 1life card get 3 free days use of the amp classes plus get extra benefits
get a free 1life card get 3 free days use of the amp classes plus get extra benefits
get a free 1life card get 3 free days use of the amp classes plus get extra benefits
get a free 1life card get 3 free days use of the amp classes plus get extra benefits
get a free 1life card get 3 free days use of the amp classes plus get extra benefits
get a free 1life card get 3 free days use of the amp classes plus get extra benefits
get a free 1life card get 3 free days use of the amp classes plus get extra benefits
get a free 1life card get 3 free days use of the amp classes plus get extra benefits
get a free 1life card get 3 free days use of the amp classes plus get extra benefits
fresh after @ parmishverma @ mhonemusic
top bags dd dc shoes skateboard duffel bag luggage black discontinued rare dd
be the best at what you doworkout workoutmotivation exercise fitness
what time is open today @ teesactive billog forum tia
breakfast then legs day today
complement your hard work in the with a healthy eating lifestyle fitness health fit
when everyone in the is on their break between sets at the same time don't tell the outsiders we're all just sitting around
gym and run done time to swim swim swimmer swimming zoggs tri trilife trigirl
eastermonday consists of good movies amp relaxing before going back to work the mora backtothegrind and most of all training health
good morning london guyanese weekend fun sun morning motivation fitness fit
easter special from trimx exercise fatloss beachbody see the link in the image
who's off to the today which workout will you be doing
trending amazing boho fashion and yoga accessories here gt super cute headbands comfy hair
motivationalmonday enjoy this beautiful easter monday have a great week everyone getyourresults durham
time to hit the gym fitness bankholiday mondaymotivation selfie superman
bankholiday amp im up early amp off to the this is a significant change justkeepspinning canigoinmypyjamas xxx
rowing time exercise fit fitness health healthy rowing rudern asics
why opioid addicts are intentionally overdosing on loperamide imodium health fitness yoga bodybuilding
why opioid addicts are intentionally overdosing on loperamide imodium health fitness yoga bodybuilding
why opioid addicts are intentionally overdosing on loperamide imodium health fitness yoga bodybuilding
i haven't been to the gym since my last body conditioning class and pilates today may be difficult pilates
why opioid addicts are intentionally overdosing on loperamide imodium health fitness yoga bodybuilding
why opioid addicts are intentionally overdosing on loperamide imodium health fitness yoga bodybuilding
why opioid addicts are intentionally overdosing on loperamide imodium health fitness yoga bodybuilding
why opioid addicts are intentionally overdosing on loperamide imodium health fitness yoga bodybuilding
stevenage uk sales and gym membershipfree parking due to the high volume of app work trainer job
why opioid addicts are intentionally overdosing on loperamide imodium health fitness yoga bodybuilding
why opioid addicts are intentionally overdosing on loperamide imodium health fitness yoga bodybuilding
satisfy the fashion diva in you with the best fitness garments from clothescheck at
home health aide training complex modified diets gt diet fitness healthy workingout winning bodybui
you training hard enough gains muscle bodybuilding
bunnies @ realkatedavies @ jennatofficial come support my amazing friends new activewear brand @ heroicalife lt3 womensupportingwomen
todays fitness classes are 1000am boxercise and 1100am yoga also the gym is open until 600pm bath teamymca
lets do this again how often do you go to the gym repeat bfrpro workout training
fitness youtubers that don't vlog fitfam instafitness fitnessfreak health healthylife instafit fitnessaddict active eatclean
what are the ways that you recovered from losing motivation fitfam instafitness fitnessfreak health healthylife instafit fitne
cardio round 2gains workout fat2fit obesetobeast lifting jacked preworkout
no time to hit the i bring the gym to you fitness nottingham
nice view before a solid workout session tgim instagram instagood hdrpics
begin your week on a positive note wellness fatloss
it may be a bank holiday but i'll be getting my mondaymotivation on down the carrying on my fitnessjourney y
do you like fitness sports join us on facebook too
fitness tip 31 butt kicks exercise evolvefitnesswellness
vitamins that boost testosterone exercisephysiology vitamins click gt
thanks for following me on twitter you can visit our official website here fitness health fatloss bodybu
goodmorning fitfam what are we training in the this morning
visit my personal training facebook page by clicking facebook training coach fitness health
it looks like apple is trying to make a selfdriving car
just a little 'umph needed to get back on track after this long weekend zonefitness zonemotivation
leg day at and i need to be careful groin strain as long as i don't run i'm ok
3am on monday morning just knocked out a quick workout fitness what i should be doing is sleeping aww
and yes looks like even i can have enough of getting my photos taken no really it's true
bank holiday na fam its still chest day fitfam igfitfam igfit
great fun with this bunch of crazy happy ones weightlifting exercise fitness fitnessmotivation fun
you know you've had a good workout wheni literally hate doms gains fitness fitfam diet guysthatlift abs follow me
i'm now ready for that workouti need a big sweat on fitness fitfam backday
privatepictures pissing salem vietnamese tattoo vagina oakville sweetcams
a premium supplement stacks for men blackwolf workout bodybuilding fitness
ready to hit the go for a run or just not worry anymore no more discomfort
ready to hit the go for a run or just not worry anymore no more discomfort
motivation fitness tips healthy selfie passion success vision need to make a positive changejoi
moshi moshi tokyo are ready for drifting fitness fitnessmotivation like life
daily health amp fitness dose health fitness fit abs motivation workout
we learn to move amp move to learn at second home nursery with our sports sessions amp activities eyfs
popular 8 cap barbell color coated hex ltlt fitness workout getfit befit fitbody
popular 9 cabales women's 3pack ltlt fitness workout getfit befit fitbody
you are amazing we want you to stay that way join s3 fitness to move look feel and play better chestertweets
well after a few days off today it's back to the training healthyeating
thicc girls stay winning goals fitness
adaptations and influences that affect muscle growth part2 teamast muscle
your kind of guyretweet if he issee more at muscle gay fit sexy
italy carporn student crawley mouthful makergt
titsout prince warrington inpussy saskatoon sexe lesbian gateshead
time to get moving again kickboxing abstraining amp after that family stuff show em kickboxmatch that'll make them leave again
gym special offer 1 per to go for all ntt membershipnot yet a member then contact us for more details
starting the week the right wayin the as there are only 11 weeks until @ yorkracecourse thanks for the reminder @ bernicelowry
been doing bike rides an long dog walks for couple weeks warmup the proper graft starts today gym an swim every night summer
teacher porn about to fuck
think i know why my back hurts a lot tight hamstrings ideas on how to stretch these bad boys highly welcome having to skip the today
porn galleries xxxfree video
we're a new breed of for the health and fitness conscious who are prepared for a challenge and strive for ta
get your equipment for the workout you have always dreamed of mma mixedmartialarts health follow
a hightech gymnasium was inaugurated at @ tulasintschool on 12th april 2017 fitness
closed today but back to normal tomorrow bankholidaymonday boxing
5 awesome variations of kickboxing fitness workout
pro crossfit coaches want you to learn these moves crossfit training workout
very true mondaymotivation @ marcusgymlife @ pfitnewcastle @ ctfletcherisymf @ bradleymartyn @ schwarzenegger
check out our fanpage bodybuilding abs muscle workout
trendy and affordable wear for women at gym clothes check at
don't just sit around go and conquer your fear fear peoples motivation
so easter is over what's your plan to burn off those easter eggs and easter dinners easterweekend
fresh after @ parmishverma @ mhonemusic
top bags dd dc shoes skateboard duffel bag luggage black discontinued rare dd
be the best at what you doworkout workoutmotivation exercise fitness
what time is open today @ teesactive billog forum tia
breakfast then legs day today
complement your hard work in the with a healthy eating lifestyle fitness health fit
when everyone in the is on their break between sets at the same time don't tell the outsiders we're all just sitting around
gym and run done time to swim swim swimmer swimming zoggs tri trilife trigirl
eastermonday consists of good movies amp relaxing before going back to work the mora backtothegrind and most of all training health
good morning london guyanese weekend fun sun morning motivation fitness fit
easter special from trimx exercise fatloss beachbody see the link in the image
who's off to the today which workout will you be doing
trending amazing boho fashion and yoga accessories here gt super cute headbands comfy hair
motivationalmonday enjoy this beautiful easter monday have a great week everyone getyourresults durham
time to hit the gym fitness bankholiday mondaymotivation selfie superman
bankholiday amp im up early amp off to the this is a significant change justkeepspinning canigoinmypyjamas xxx
rowing time exercise fit fitness health healthy rowing rudern asics
why opioid addicts are intentionally overdosing on loperamide imodium health fitness yoga bodybuilding
why opioid addicts are intentionally overdosing on loperamide imodium health fitness yoga bodybuilding
why opioid addicts are intentionally overdosing on loperamide imodium health fitness yoga bodybuilding
i haven't been to the gym since my last body conditioning class and pilates today may be difficult pilates
why opioid addicts are intentionally overdosing on loperamide imodium health fitness yoga bodybuilding
why opioid addicts are intentionally overdosing on loperamide imodium health fitness yoga bodybuilding
why opioid addicts are intentionally overdosing on loperamide imodium health fitness yoga bodybuilding
why opioid addicts are intentionally overdosing on loperamide imodium health fitness yoga bodybuilding
stevenage uk sales and gym membershipfree parking due to the high volume of app work trainer job
why opioid addicts are intentionally overdosing on loperamide imodium health fitness yoga bodybuilding
why opioid addicts are intentionally overdosing on loperamide imodium health fitness yoga bodybuilding
satisfy the fashion diva in you with the best fitness garments from clothescheck at
here at @ bkboulders coworkers go for a set of pullups rather than that extra cup of coffee coworking
no pain no gain shut up and trainworkout fitness health healthy body s3firnesstudio ardeecity
the one place that never let's me down and always makes me feel good the fitfam
hitting the gym on a bank holiday monday week two begins of my workout plan monday session workout cheatday
amazing 10day mind amp body detox no equipment workouts meal plans fitness classes
7 foods for shrinking fibroids naturally gt diet fitness healthy workingout winning bodybuilding mot
and cardio for today done weightloss weights fit eatclean cleaneating
ketoos bcaa morning mix and weight loss formula bodybuilding keto fitness then off to the
the only thing that's going to sort me out today is a damn good gym session wakemeup fitness
video are you eating toxic levels of sugar sweets diet bodybuilding fitness yoga health diabetes
video are you eating toxic levels of sugar sweets diet bodybuilding fitness yoga health diabetes
video are you eating toxic levels of sugar sweets diet bodybuilding fitness yoga health diabetes
video are you eating toxic levels of sugar sweets diet bodybuilding fitness yoga health diabetes
giving back to everyday problems bodybuilding strenght
video are you eating toxic levels of sugar sweets diet bodybuilding fitness yoga health diabetes
benefits of hitting the gym in the morning having the hole place for myself earlybird
video are you eating toxic levels of sugar sweets diet bodybuilding fitness yoga health diabetes
video are you eating toxic levels of sugar sweets diet bodybuilding fitness yoga health diabetes
video are you eating toxic levels of sugar sweets diet bodybuilding fitness yoga health diabetes
video are you eating toxic levels of sugar sweets diet bodybuilding fitness yoga health diabetes
give us a like on facebook and keep up to date fitness martialarts
drawstring bag exclusive to @ redbubble space yoga
gaining weight is hard but it's one of the goals i have bring it 2017 exercise fitness motivated
my client being awesome and all thatcapetown
boxing for fitness thursday evenings at xtreme gyms boxing
clothes sex free bisexual porn
trending cutest headband light grey hairgoals hairaccessories yoga fashion hair
clothes sex free bisexual porn
custom kings ladies crop top in white thekingisback training trainhard traininsane
strength of mind motivation monday fitfam instafitness beastmode instafit
isagenix is launching in the uk soon an incredible health wellness and nutrition success story fit
sixth june destroyed sport hoodie in burgundy shop sixthjune aesthetics gains
excuses dont burn calories liveloveprosper aravit workout bicepsbodybuilder muscleman bodybuilding physique
weight training busting the myths fitness motivation inspiration fit workout
glasgow uk instructor part time temporary advert gym instructor part time temporary work trainer job
prison exercise equipment in lisburn prison machines lisburn
ready to hit the go for a run or just not worry anymore no more discomfort
ready to hit the go for a run or just not worry anymore no more discomfort
gym is my new boyfriendshop @ boyfriend fitness workout exercise bodybuilder
stateofdating virgin amateurpussy australian amateurvideos bukkake
train insane or remain the sameworkout fitness motivation health lifestyle
@ oldironworksgym open today maldon essex
target muscle for today at the gym trapezius musclebuilding
3 months in my personal best lost about 12 pounds need to lose another 16 if i can do so can anyone struggling with weight
absences fitness atmosphere new ways to track schools washington times fitness workout health
doing full body workout's every second day will maximise your strength and ensure no loss in power you only need 3 sessions a week
ready to hit the go for a run or just not worry anymore no more discomfort
ready to hit the go for a run or just not worry anymore no more discomfort
saturdaysex fingerfuck analsex squirting feet escortvip verona fucked
best clothes online for women amp men at 25 off @ alanicofficial
at eternal vibrance we love hiit workouts check out how it may help you to stay youthful lt3 detox
aimed for 2hr with pace hope for marathon in 7 days controlled hayfever @ asthmauk asthmaandexercise
back to healthy active lifestyle fitness sport healthy universitasbrawijaya
new the importance of stretching fitness tips diet
is now live amp taking orders come take a look amp get 10 off your first order fitness
selected @ juliagilas fitness workout weightloss fit diet
bob mentioned to scooby to drop in any time all about timing golf tips art fun yoga artist golf
cheap yet effective workout and diet plans at fitness fatloss bodybuilding powerlifting
ready to hit the go for a run or just not worry anymore no more discomfort
ready to hit the go for a run or just not worry anymore no more discomfort
motivation fitness tips healthy selfie passion success vision need to make a positive changejoi
moshi moshi tokyo are ready for drifting fitness fitnessmotivation like life
daily health amp fitness dose health fitness fit abs motivation workout
we learn to move amp move to learn at second home nursery with our sports sessions amp activities eyfs
popular 8 cap barbell color coated hex ltlt fitness workout getfit befit fitbody
popular 9 cabales women's 3pack ltlt fitness workout getfit befit fitbody
you are amazing we want you to stay that way join s3 fitness to move look feel and play better chestertweets
well after a few days off today it's back to the training healthyeating
thicc girls stay winning goals fitness
adaptations and influences that affect muscle growth part2 teamast muscle
crushed so many carbs last nite is gonna be epic today travel is gonna be a bitch though boston marathon is happening later
come in the with a goal training for fun will lead you nowhere bodybuilding
the never changes girls looking at their reflections and the boys peacocking
fear makes the world small be courageous and live without boundaries w @ rachelpinkham fitness hwhl
back at it missed my second home
up at 6am to get back into the haven't been motivated and healthy it shows today that changes motivation healthyliving
alright prepare na for a night grind beastmode
daily discussion 17 april 2017 fitfam instafitness fitnessfreak health healthylife instafit fitnessaddict active eatclean tw
easter bank holiday morning gym done dirtydozen fitness
cowgirl swingersnight brescia mast live hardfuck
nutrition you can trust bodybuilding body weights protein nutrition fitness
hamilton uk personal trainers hamilton here at the we run things a bit differentl work trainer job
back home looking forward to hitting the again this week limited my caffeine intake last week and i hope to continue trying
put in work while they sleep nature basketball park rec trees outdoors workout
when your diet is going really well loool banter weightloss weight excercise
don't be mad at the results you get by the work you never put in grind motivation goals hardwork
go to the busy busy morning so far while you are lyingin someone else is getting their summerbody
she loves to workout but not only in the take a look at her private website for xxx videos @
fortheloveofpantyhose nakedgirls tit vibrators uncensored pussygt
the latest bench press blog news thanks to @ grisdalelucy @ allezogcnice @ yourfitboxes fitness
celebs murcia dando xxx duisburg austria reallesbianexposed
bdsm sexi publicnudity deepthroat soccer ugly bukkake
about to go down bank holiday bodycombat time to teach loveit life
sex pics sexy talk videos
post gym leg sessions having this amazing breakfast at @ coiasglasgow with lots of water and green tea workout
lets do this again how often do you go to the gym repeat bfrpro workout training
miixr features nonslip magnetic motor coupling for improved userexperience preorder discount up to 35
free informative fitness and nutrition articles at blog advice fatloss bodybuilding powerlifting
the bodyweight leg workout for endurance bodyweight body beach workout fit strong home
it's bankholidaymonday so where else would i be
this is why we work out what about you bankholiday nottingham beeston
lil bit of close range hands and elbows workout squats crossfit health fitness
massageseduction wetpussy workout fiction singapore
sporting my @ hartzak gym top d fort time i've managed to wear it and loving it gay bristol bear beard
a move i love to throw into a workout poweragility amp balance try it fitness workout london exercise
our trainers work hard at training you mondaymotivation neverskipmonday start the week strong samreedhigoel
after all those easter eggs it's time to hit the gym ss fitness fitnessmodel
find some mondaymotivation with one of our epic workout playlists health fitness
the latest the three towns daily machine
all work no play making most of sunshine tennis and awaits need to reboot before i push on with more website projects
crossfit flooring blocks 100x100 crossfit crossftportugal crossfitfrance1699
being sore is progress doms
the gym is closed bankholidaymonday dontpanic
back day my favourite training day mondaymotivation
with @ mmogz in metamorphosis for @ outtheremag muscle summer
vallejo greatbigboobs hostel emosex amateur fetish hardcoreporno
the sweet touches by the most lovely peeps that make this homely easter monday weights training girls
7 great gifts that will get people moving reading gifts fitness
are you struggling to lose that extra bit of weight bblogger blog
lil bit of clinch work workout squats crossfit health fitness fitnessmodel
sometimes you have those days that completely reset you and pick you upyesterday did that for me
gape graz instagood swedish amateur colombian
shavenpussy plymouth milano amateur closeup mena bellevue
heavy arms day training fitness at @ corpusspa in istanbul
how i feel at the gym boom doomguy doom gamingislife finaldoom doom2 doom3 doom2016
chile novinha erotic turku amateurpornvideo police goddesses
help me this bunny is struggling through a @ paulkatami kettlebell workout right now
5 useful tips on how to gain weight fast gt diet fitness healthy workingout winning bodybuilding mot
why is fitbox the best thing for goersat
it took a lot to drag myself here this morning cardio weightloss
1 space left for group pt session on weds amp fri eves get fit while having fun fitness wiltshire devizes
your gift and talent means nothing until your share it with someone happyeaster hustle inspiration life
got chocolate leftover from easterweekend smash a sesh and swap it for chocolate liquidrecovery instead
start of a new week amp time to get back to the amp a weightloss personaltrainer @ miskinhealth miskinhealth
just finished editing new video some outfit ideas ootd
food for the soulfitness dailymotivation motivationdubai instahealth muscle
a just flew in my window as i pulled up the the gym needless to say i ran fast af maybe i won't do cardio today after all fit
bros first bench competition since 2004 no result but that needed to get done until next timegood try 185kg t
run lift squat repeat bankholidayweekend fit run workout
cuminpussy xxx girlsongirls game assworship sexobject turk
fitness girl photoshoot photostudio studio model fitness fit beautifulwoman blackandwhite
top bags 20 sports carry on travel duffle bag black gray with adjustable strap new
thanks steve @ crossfitdc crossfit wod gainz trainingdirty swole transformation
6 things men will do for a bigger package thepenilizer bodybuilding
great arms amp abs workout @ barrysbootcamp weho with seth workout training la weho
part of the grillafitness crew @ glynnrobertspt @ grillafitness supplements burnbullets training
check out our fanpage bodybuilding abs muscle workout
chipotle chicken skewers protein gains cleaneating nutrition
you wont transform your body in 1 week imagine yourself in 6 months nottingham
summer workout plan to lose weight and diet guide fitness
and never stop working towards your goals strong believe love life
1699 hansampalice large yoga mat bag cheap exercise enjoy yoga life marchmadness shopping
coming to play and app stores this week martialarts dojo karate bjj
yes as you can tell i desperately needed to hit the want to get all sawft and shit wwe
no racing so working hard in the gym tigergym pl season 2017 sport motorsport
personal training offer expires today personaltrainer personaltraining weightloss food fitness
take the first step by taking our free health assessment on our website stronger
treadmill tune sissythatwalk rupaul rupaulsdragrace motivation fitness fit
you only fail when you stop trying life bpi bpisports teambpi fitness love instagram
apparently the best way to get over doms is with exercise exercise pt training squats deadlift reps
bombshell casting page redhead hardcorevideos bdsm murcia
try my westcoastswing dance move @ nicksnightclub dallas mondaymotivation fitness music fun subscribe
you only fail when you stop trying fitfam fitaz instafitness beastmode instafit fitnessaddict
new postmaximize your valuable time with compound lifts fitness mondayblogs girlswholift musclemonday
sometimes we all need a cheat dayfitfam fitness fit
gym done on a bank holiday monday tryingtogetfit bankholiday
sometimes we all need a cheat dayfitfam fitness fit
sometimes we all need a cheat dayfitfam fitness fit
6 ways canceling my membership helped me loseweight faster healthyhabits via @ elitedaily
motivational phonecase designed and printed to order motivation
summer workout plan to lose weight and diet guide
never stop fighting for your dream boxing fight fitness fitnessgoals fitnessmodel bodybuilding
8 everyday activities that totally count as exercise burn baby burncalories that fitness workout health
filme pickedup fetishwear dating teenager hooker
stayswolsportsapparel stayswolbodybuilding motivation grinding hardwork fitness
stayswolsportsapparel stayswolbodybuilding motivation grinding hardwork fitness
dirty southampton classroom share bleach oralsex
stayswolsportsapparel stayswolbodybuilding motivation grinding hardwork fitness
stayswolsportsapparel stayswolbodybuilding motivation grinding hardwork fitness
happy easter use easter10 for an extra 10 off train trainhard
stayswolsportsapparel stayswolbodybuilding motivation grinding hardwork fitness
vacations off training on feel the power squats monday training workout
happy easter use easter10 for an extra 10 off train trainhard
stayswolsportsapparel stayswolbodybuilding motivation grinding hardwork fitness
have the passion take the action and magic will happen @ ashleygalvinyoga yoga fitness fitnessmodel
stayswolsportsapparel stayswolbodybuilding motivation grinding hardwork fitness
stayswolsportsapparel stayswolbodybuilding motivation grinding hardwork fitness
happy easter use easter10 for an extra 10 off train trainhard
time to lose all the weight i've been putting on the few last months years fatass
sisterhood houston davenport teen lesbianxxx pics worshipteam mature
best song ever to come on in the gym so motivating especially on leg day @ cher cher believe legs
happy easter use easter10 for an extra 10 off train trainhard
what are your favorite machines to use at the
you dont need fancy equipment just get out amp move waisttrain fitness workout goals fitfam motivation
i didn't change i just found myself fitness fitnessgoals fitnessmodel bodybuilding fit
follow the fastest growing apparel brand unchainedmuscle on instagram hardcore fit
get your sexiest body ever yoga yogaclasses yogaposes fitness weightloss
get your sexiest body ever yoga yogaclasses yogaposes fitness weightloss
my brother's the best trainer burlington newjersey mealprep life training coaching free signup
blonde calgary carsforsale cams bikini escort xhamster
here i talk about how the key to improving a lagging body part muscle setbyset
real mother to be support her child @ laurasykorayoga fitness fitnessmodel sporting
2 sessions today done boxing fitness weightloss diet running run nike healthyeating fit motivation inspiration work
girls booty ass sexy
