gochicagobulls playoffs @ nba @ nbatv @ espnnba congratulations to my team home city team @ chicagobulls
gordon hayward and the jazz have upset potential but timing isn't on their side the clippers will win in 6
rockets live bet 45 120 600 to win 500
bulls jimmy butler shock topseeded celtics despite isaiah thomas' big basketball chicagobulls
draymond green steve kerr talk warriors' game 1 win vs blazers basketball goldenstatewarriors
bulls celtics tnt if your traveling head on swivel i am sure your transporting precocious cargo get them little futures home safe
the bulls get the w in an emotional game 1 in boston bulls
playoffs201617 east 1strnd g1 chi bulls 106102 bos celtics series 10 ft tdgarden gobulls bullsnation
trade rumors latest news buzz as deadline nears
the rockets having the crowd be a sea of red but then they wear black jerseys
zepcook find the best kitchentested recipes videos healthy meals party menus and cooking techniques from top cooks playoff bracke
every game has been possession for possession
we temporarily replaced hd w abscbn sportsaction hd nba sd w abscbn sports amp action sd and btv with abscbn sports amp action sd
depart from evil and do good seek peace and pursue it scripture inspirational god nfl mlb ncaa
patrick beverley is like an annoying mosquito hovering around your ear he is a topfive defensive guard
new single called kobe is coming kobe
i'm really sad about this thunderrockets 1st round matchup no matter what happens i'll be super disappointed tnt
you are the one @ isaiahthomas sos el 1 celtics isaiahthomas bostonceltics @ td garden
lillard takes green's trash talk 'as a challenge'
tix 2 sec 10316 tickets game 2 cleveland cavaliers cavs vs indiana pacers 417
facebook live shooting victim remembered as 'good man' nets
tix basketball 3 e ticket indiana pacers vs cleveland cavaliers game 4 club level section 109
tix boston celtics chicago bulls round 1 game 1 mint ticket 41617 2017 stub
westbrook 15 pts 5 assist 5 boardsharden 16 pts 4 assists 4 boardsmvps mvps thunderup rockets skynba
why the cleveland cavaliers will win the nba title
lillard takes green's trash talk 'as a challenge'
ticket tix boston celtics chicago bulls round 1 game 1 mint tickets 41617 2017 nba stub
nba playoffs video dwyane wade comes up with nothing but rim on highflying breakaway dunk attempt scnottop10
al horford's 1987 not enough in game 1 loss al horford bos
i bet taylorswift andor wizkhalifa would be all for an team in pittsburgh
russell westbrook is a beast but you already knew that right okcvshou
bulls celtics tnt if your lucky family friends and fun easter
russ knocks in his second triple of the night on nbaontnt
kd russ and harden were on the same team and couldn't beat lebron that's crazy
pittsburgh nashville montreal or tampabay which city would be the better choice for an eastern conference expansion team
bulls steal home court on great 2nd half by jimmy butler bulls celtics
westbrook and harden going at it
beyond halfway on regular season stat audit truly amazing to see how much offense advanced amp defense declined leaguewide in 201617
what an effort by ripcity we're down but not out dubnation
bulls celtics tnt i hope your all having a good easter safe full and warm
sportsevents tickets nba eastern conference quarterfinals chicago bulls 4 423
sportsevents angeles clippers vs utah jazz game 2 nba playoffs
this season's mvp aka james harden is putting in work right now
lmao at salty celtics fans about to catch this fade from the bulls setting a record for first round exists
both westbrook amp harden with 12 pts 4 reb and 4 ast thunder rockets
playoffs video dwyane wade comes up with nothing but rim on highflying breakaway dunk attempt scnottop10
i think i can drop 20 on james harden okcvshou
poll in more trouble right now
houston hardens vs oklahoma city westbrooks
beard show em who the real mvp is
if you love sports amp music like we doplease follow nfl nhl mlb mls ncaa uefa icc wnba pga nascar reggae hiphop rock
harden vs westbrook
champion kenny anderson portland trailblazers basketball jersey youth medium ym
cards 201617 prizm basketball jimmy butler gold prizm explosion 810 chicago bulls
adidas nba authentic chicago bulls christmas 201617 game shorts size l 2
vintage youth boys shawn marion 31 phoenix suns adidas jersey xl basketball
cards card 200304 topps lebron james cleveland cavaliers 221 cardstunning
supreme ny x denver nuggets throwback jersey size medium basketball
sports goods mens hat new era cleveland cavaliers black 9fifty adjustable snapback cap
kobebryant 201516 panini revolution kobe bryant sunburst parallel 0975 rare hit kobe lakers
basketball michael jordan 200102 topps tcc crowning moments inserts cm4 wizards bulls
allen iverson 76ers black suit 2002 mcdonalds bobblehead basketball
patty mills matthew dellavedova score nba playoff wins with
cavaliers authentic adidas lebron james original cleveland cavaliers jersey men's l 2
bulls celtics tnt he is on one in the second harden
final @ chicagobulls 106 celtics 102 tp @ jimmybutler w 30 points 9 rebounds and 3 assists bullsnation
spurs 199798 fleer basketball cards complete set 1350 timduncan god shammgod rc
1993 1994 topps finest refractors shaquilleoneal orlandomagic 3 basketbal card cards
trailblazers vintage trail blazers sports specialties script snapback hat hip hop portland
magic men's adidas orlandomagic nba 100 cotton ss tshirt size l bargains forsale
spurs gospursgo 201516 panini black gold tim duncan tony parker dual sick patch 25 5clr spurs timduncan
cards kawhi leonard 2016 totally certified the mighty sp san antonio spurs
apparel souvenirs miamiheat mitchell and ness athreads snapback cap new with tags ebay auction
basketball 201617 select basketball 2 dwight howard atlanta hawks cards
derrickrose bulls chicago bulls derrick rose home jersey adidas basketball men's size small 1 collectibles
shaq vtg champion orlando magic shaquille o'neal jersey shirt black 48 usa i94 shaquilleoneal
golden state warriors use fourthquarter surge to beat portland trai
westbrook 200809 topps cosigners rookie autographs 104 russellwestbrook thunder auction
card huge lot dwyane wade cards inserts short print sp deal sale
harden looks effortless taking it to the rack mvp
chicagobulls adidas nba authentic chicago bulls christmas 201617 game shorts size l 2
apparel souvenirs nba newyork knicks champion away jersey patrick ewing 33 size l44 vtg 90s auction
@ eliassports any idea of what school has the most players in this years playoffs ku has quite a few i know @ espnnba
playoffsfinal bulls 1 106102 0 celticsbutler 30p 9r lopez 14p 11r portis 19p 9rhorford 19
avery bradley suffers significant hamstring strain
draymond green defends the rim for the kiatopplay
jimmy butler on tonight's chicagobulls win amp bportistime stepping up
i said this before the the chicago bulls have a good chance of defeating celtics in first round
final trailblazer 109 @ warriors 121 tp @ money23green w 19 points 12 rebounds and 9 assists dubnation
that's continuation in my book it's the
bulls celtics tnt feeling each other out defines this first half perfectly
we miss your very colorful sideline commentating craigrip
weighted allaround scores for every one of the 486 players this season top three @ stephencurry30
free 2nd half play coming up in okc @ houston game checkin at half time for 2nd half play
nba commish says allstar game will stay in north carolina for now
sunday shootaround parity defines the east playoffs
beverley steals it from westbrook for the breakaway dunk
if @ trvisxx was an player he would be @ patbev21 alwayslit runasone
lillard takes green's trash talk 'as a challenge'
prayers go out to isiah thomas amp todd heap for the passing of their loved ones nfl sports
200304 topps chrome lebronjames bgs 95 and 9 allstar
gochicagobulls playoffs @ nba @ nbatv @ espnnba congratulations to my team home city team @ chicagobulls
gordon hayward and the jazz have upset potential but timing isn't on their side the clippers will win in 6
rockets live bet 45 120 600 to win 500
bulls jimmy butler shock topseeded celtics despite isaiah thomas' big basketball chicagobulls
draymond green steve kerr talk warriors' game 1 win vs blazers basketball goldenstatewarriors
bulls celtics tnt if your traveling head on swivel i am sure your transporting precocious cargo get them little futures home safe
the bulls get the w in an emotional game 1 in boston bulls
playoffs201617 east 1strnd g1 chi bulls 106102 bos celtics series 10 ft tdgarden gobulls bullsnation
trade rumors latest news buzz as deadline nears
the rockets having the crowd be a sea of red but then they wear black jerseys
zepcook find the best kitchentested recipes videos healthy meals party menus and cooking techniques from top cooks playoff bracke
every game has been possession for possession
we temporarily replaced hd w abscbn sportsaction hd nba sd w abscbn sports amp action sd and btv with abscbn sports amp action sd
depart from evil and do good seek peace and pursue it scripture inspirational god nfl mlb ncaa
patrick beverley is like an annoying mosquito hovering around your ear he is a topfive defensive guard
new single called kobe is coming kobe
i'm really sad about this thunderrockets 1st round matchup no matter what happens i'll be super disappointed tnt
you are the one @ isaiahthomas sos el 1 celtics isaiahthomas bostonceltics @ td garden
lillard takes green's trash talk 'as a challenge'
tix 2 sec 10316 tickets game 2 cleveland cavaliers cavs vs indiana pacers 417
facebook live shooting victim remembered as 'good man' nets
tix basketball 3 e ticket indiana pacers vs cleveland cavaliers game 4 club level section 109
tix boston celtics chicago bulls round 1 game 1 mint ticket 41617 2017 stub
westbrook 15 pts 5 assist 5 boardsharden 16 pts 4 assists 4 boardsmvps mvps thunderup rockets skynba
why the cleveland cavaliers will win the nba title
lillard takes green's trash talk 'as a challenge'
ticket tix boston celtics chicago bulls round 1 game 1 mint tickets 41617 2017 nba stub
nba playoffs video dwyane wade comes up with nothing but rim on highflying breakaway dunk attempt scnottop10
al horford's 1987 not enough in game 1 loss al horford bos
i bet taylorswift andor wizkhalifa would be all for an team in pittsburgh
russell westbrook is a beast but you already knew that right okcvshou
bulls celtics tnt if your lucky family friends and fun easter
russ knocks in his second triple of the night on nbaontnt
kd russ and harden were on the same team and couldn't beat lebron that's crazy
pittsburgh nashville montreal or tampabay which city would be the better choice for an eastern conference expansion team
bulls steal home court on great 2nd half by jimmy butler bulls celtics
westbrook and harden going at it
beyond halfway on regular season stat audit truly amazing to see how much offense advanced amp defense declined leaguewide in 201617
what an effort by ripcity we're down but not out dubnation
bulls celtics tnt i hope your all having a good easter safe full and warm
sportsevents tickets nba eastern conference quarterfinals chicago bulls 4 423
sportsevents angeles clippers vs utah jazz game 2 nba playoffs
this season's mvp aka james harden is putting in work right now
lmao at salty celtics fans about to catch this fade from the bulls setting a record for first round exists
both westbrook amp harden with 12 pts 4 reb and 4 ast thunder rockets
playoffs video dwyane wade comes up with nothing but rim on highflying breakaway dunk attempt scnottop10
i think i can drop 20 on james harden okcvshou
why charles tryna send kenny to bulldogs
nba playoffs watch oklahoma city thunder vs houston rockets game 1 live stream
andredrummond 201112 panini past and present 2012 draft pick redemptions 9
demarderozan 10 toronto raptors adidas net number tshirt red nba allstar
2013 panini court kings gallery of stars jerseys prime 26 dwyanewade miami heat
basketball shoe nike lebron 12 palmer low prm premium lebronold arnold miami nights size 95
butler bulls rally to beat celtics 10194 in series opener yahoo sports yahoo
kawhi leonard 2015 select silver refractor gem mint 10 star spurs card hot
cards jamesharden 201415 panini flawless game used patch 20 mint 95 card
a look back at clint capela with the and1 shot rockets
ernie chuck kenny and shaq are the greatest crew ever them i could listen to them during the game too
westbrook vs harden lindo duelo playoffs
watch hardens defense compared to westbrooks there should be no conversation russ is mvp 1280thezone
chuck attended the church of the today
shaq with the assist of the night
projection for 2nd half of houvsokc rockets 06 to win from pregame projection
playoffsnba live broadcast straight oklahoma city thunder vs houston rockets
atlanta hawks vs washington wizards playoffs full game1 apr 16 2017
1415 totally certified 53 lebronjames jersey patch 10 gold bgs 95 gem mint
2016 mock draft complete 1stround predictions for top prospects and more
via @ bballref last time 2 players had a td on same day in postseason may 2003 duncan amp kidd okcvshou
charles barkley telling kenny smith to go for some tea at bulldogs @ bulldogsbaratl in atlanta is hilariousgoogle it
capela throws it up and in with gibson riding his back
charles barkley tried to call kenny low key homo sending him to bulldogsyall peep how he turned around lol tnt
nba por 109 vs gs 121 via @ espn app warriors
why does charles barkley keep talking about bulldogs he must really wanna go okcvshou
201213 panini flawless kawhi leonard rc 1516 replay auto autograph ed 11
ticket 1 tickets sat 422 wash wizards @ atl hawks game 3 section 119 amp cnn parking
baseketball 2009 10 panini certified blaster box stephen curry jamesharden rc's
tix 1 ticket mon 424 wash wizards @ atl hawks game 4 section 119 amp cnn parking tickets
rockets adidas crazylight boost 25 playoff jamesharden black red scarlet b39253 130
0417 watch heat vs hornets playoff game 1 online live
mvp okcthunder russellwestbrook legend historymaker nobody like him
@ houstonrockets have too much offense for the @ okcthunder @ russwest44 is the only true threat vs @ jharden13 gordon williams clint ariza
3 consecutive seasons nba breaks attendance recordsmwish the same could be said about the players @ shaq
@ celtics vs @ bulls end of game 1 @ jimmybutler ices it celtics bulls cubprod
williams fades and hits
turbocharge your dfs game with the plan that's right for you check out all our new features amp plan details
mi temps 5954 houston westbrook 15pts 6rbs 5pasharden 18pts 4rbs 4pas
charles barkley gives his pregame celticsbulls prediction
happy easter alt from our kobe 11 easter instapost @ kobebryant is my fav player and imo he has the best on co
@ zachwerenski @ geraldmoody1560 @ iamrapaport hockey va skinnyjeanification this dude took a puckto the grill a
the cove nba show will be dropping tommorow afternoon around lunch time breaking down the first games of the nba playoffs
at ht pts in the paint @ houstonrockets 42 @ okcthunder 21 yikes houvsokc what happened to adam thunderup rockets
is it just me or does @ thejetontnt sound like dikembe mutombo right now @ nbaontnt lemonandhoneytea
kenny up there sounding like dikembe mutumbo halftime
lmao charles and kenny too funny
hahaha not bulldogslol
a valiant effort by isaiah thomas under difficult circumstances celtics fall in game one news boston
butler bulls rally to beat celtics 10194 in series opener yahoo sports
jimmy butler shines as bulls grab 106102 win over celtics in game 1 bulls chicago
celtics wrap jimmy butler bulls edge c's 106102 in emotional game 1 celtics
cards 201213 panini innovation stained glass 37 damian lillard portland trailblazers
vintage trailblazers sports specialties script snapback hat hip hop portland
sports goods pro standard cleveland cavaliers leather strapback hat champion 84 lebron
kevin durant's message to isaiah thomas the family is behind you
houston was 498 this season when leading after 3 quartersokcvshou thunderup rockets
good lord the thunder look horrendous without westbrook not a surprise butgoodness okcvshou
okc gonna miss around and get swept
2017nbaplayoffs time you pass andreroberson stevenadams will help forcing jamesharden to poor shooting long strides defense
is james harden showing the world why he should be mvp of the nba olajuwon did the same thing to david robinson
jimmybutlers 30 points propels bulls to game1 victory apr 1617 repostqueen
@ patbev21 is a game changer gets slept on til he drops 19 on you @ houstonrockets @ okcthunder rockets thunderup
wire nhl playoffs wild blue jackets on verge of being swept out of contention
harden put kanter on skates rockets houvokc playoffs
chuck todd just wants harden and westbrook to agree on the inherent morality of bipartisanship won't anyone play by the rules
it's funny that your mvp is not going to make it out of the first round 42 all for naught mvp mvpbuzz westbrook
harden putting okc defenders on skates lookatthatmango
everybody ain't steph ain't klay play ball move the ball learn the game damn wit these fuckin 3s
whoa harden just served somebody sliced and diced kanter rockets
patrickbeverley hitting russellwestbrook again hehe nightmare most hated man hardcore defense 2017nbaplayoffs
patrick beverley's deal with the devilall of the bottles amp cans in his shopping cart for a game 1 jump shot
mix it jhard mix it thunderup rockets @ reggiemillertnt @ kevinharlan @ nbaontnt @ daldridgetnt
am i the only one who doesn't think this okcvshou series is going long the difference in talent among the role players is enormous
nba isaiah thomas may fly home for sister's funeral game 2 status unknown
i absolutely hate the schedule no need for three days between games especially when teams aren't
8 chi 10610 1 @ celtics 102 @ alhorford 19pts7reb8ast1trey22ft813fg celtics 2017nbaplayoffs debut
after lacrosse nhl amp the flipping over to the yankees now is like going to the library during finals ssshhhh
patrick beverly and james harden are getting it done rockets
beverley has it going on nbaontnt
when the celtics lose and your crush isn't gonna be in homeroom tomorrow
still going to pick the mvp after this first game most likely smh
2 did not know that takeaways from opening weekend of 1 celtics can't rebound 2 the has official motor oil
could kobe bryant join tnts inside the
baseketball adidas jamesharden vol 1 all stars bw0549 813 forsale onsale
it's not some bullshit culture change
western 4x1 @ trailblazers @ laclippers 4x2 @ utahjazz @ houstonrockets 4x2 @ okcthunder @ spurs 41 @ memgrizz
this the type of series doug mcdermott should flourish in knock down shooter okc
i uploaded a new episode weekly sports podcast 41617 on spreaker passpodcast peda sports
@ flydre21 is carrying this thunder team right now just saying he is killing it everyone else needs to step up their game playoffs
charles barkley is uncomfortable with isaiah thomas emotional state after the loss of his youngest sister that's a big problem wow
adams with the ultimate assist westbrooksrevenge
can't help but wonder what craig sager would be pulling off today okcvshou
houston went 5110 this season in games in which they held at least a 10 point lead inrockets thunderup okcvshou
i really miss watching shawn kemp gary payton and detlef schrempf battling the likes of michael jordan and karl malone seattle
nba steven adams almost murdered patrick beverly with this pick
8 chi 106 10 1 @ celtics 102averybradley 14pts4trey3reb2ast3stlitsnotluck boston celtics
@ houstonrockets now have their largest lead of the game over the @ okcthunder ahead 8370 with 237 remaining in the 3rd livescore
@ okcthunder @ houstonrockets @ russwest44 @ jharden13 this game is full of amazing talent with two former teammates in the same game
chance for up to 3500 in pro basketball tickets and points play instantwingame via @ sywsweeps
i finally get it the @ nyknicks is a d league team now that is what we are good at just watch the
patrick beverley gets layed out with a hard screen by steven adams tnt
patrick beverley gets dropped by adams before roberson knocks down his 4th three
0416 for avery bradley paul pierce was quite a piece of work
future mavericks the 20 top free agents in the nba in 2017 dallas news blog news followus
funny repost basketball funny dance cam at basketball game gt plz rt
tnt rockets thunder happy easter every body
also nothing beats the playoffs so good
tnt rockets thunder i will just let the days play me this week
james harden vince il 1 round contro russell westbrook 3779 contro 22117 e 9 palle perse
so how do those triple doubles translate into the playoffs westbrook okcvshou
80 in the playoffsrockets 70
tnt rockets thunder 8 games two day you know i am over it it really wasn't that much because of my madness run
baseketball 201415 excalibur basketball knight court 8 jamesharden rockets
james harden wins 1st round of the battle of mvps vs russell westbrook 3779 vs 22117 and 9to
229156 60 on picks126 plays of the week5739 plays of the dayplayoffs 89
westbrook is playing with house money win he's a god loose he doesn't have help thaendofdabench okcvshou
please take notes he played until he couldn't see stanleycupplayoffs2017 gt
after a rough 1st quarter harden really did turn it around especially in the 3rd and 4th quarter rockets runasone
not a big harden fanbut he be stylin on the court rockets playoffs realrecognizereal
denver nuggets throw 50x60 official nba dropdown basketball
vintage milwaukee bucks basketball nba truckers hat 1980's 1970's adjustable
after surveying the pacific ocean @ russwest44 pebble in hand says mighty tight fit to get this pebble in that pond brickhouse
cards lamarcus aldridge 200607 bowman chrome rookie 116 rc portland trailblazers
6239 turnovers25russell westbrook @ nballaccess
forget the typical 3rd qtr meltdown the okcthunder had a 2nd half meltdown not a good omen for the okcvshou series
tnt rockets thunder you did you put up jamesharden honorable beverley cappela nene good game houston
dallas mavericks 2011 nba champions basketball photo wall plaque decor picture
michael jordan chicago bulls mitchell amp ness throwback jersey size 56 basketball
cards michael jordan 199899 flair showcase 6021000 chicago bulls
sports dwyane wade topps 52 style comic on card auto49 autograph 34 card 2006
adidas mens washington wizards basketball gray graphic tee shirt xl basketball
dwyanewade deals 200304 topps 225 dwyane wade miami heat rc rookie basketball card
kobebryant kobe bryant collection 130 different w 1 'd 47 inserts promos artist proof kobe lakers
showtime for the beard rockets runasone
lakers new york knicks 17 jeremylin rhythm fashion size 52 xl jerseys ebay auction
apparel souvenirs adidas newyork knicks full zip reflective jacket mens sz m auction
westbrook 6x 200809 upper deck russellwestbrook 11 rookie lot sp team rc okc thunder auction
card dwyane wade 200304 topps pristine rc rookie refractor 1999 cards chicago bulls
jeremi lin official charlotte hornets 2016 swingman jersey mens small basketball
magic nba adidas orlandomagic stitched jersey 7 redick polyester white size xl bargains forsale
chicagobulls michael jordan chicago bulls mitchell amp ness throwback jersey size 56
knicks cards lot of 14 hoops 19901991 cardsnew york knicks card deals
basketball 0506 sweet shot dwight howard signature shots acetate autograph 5175
ticket playoffs game 5 utah jazz v la clippers @ staple center on april 252017 t
houston rockets new era nba hwc logoman blackout 9fifty snapback cap basketball
too much star power as bulls take game 1 from topseeded boston bulls chicago
derrickrose bulls derrick rose chicago bulls bobblehead 50th anniversary 20152016 sga nib new collectibles
@ tjmcconnell dude was a lot better than the numbers show and even those were pretty good sixers
the latest the kobe bryant daily thanks to @ centershikennba
0417 how teams with the best regular season records have
basketball michael jordan 1994 ud collector's choice card 23 michaeljordan
ouch if westbrook can't score thunder will bore
basketball brand new nba kevindurant 1970s supersonic alt hg white jersey stitched size l
gabrielle union trolls husband dwyane wade after missing dunk
adidas deron williams utah jazz navy baby blue swingman jersey szl away dwill
james harden is proving why he's this years mvp tonight okcvshou
cavaliers cleveland cavaliers adidas 2016 nba finals champions locker room tee tshirt
the @ houstonrockets proving that it takes a great team to win not just a great player harden is making okc his bitch though
cards card 201213 panini prizm 201 kyrie irving bgs 95 cleveland cavaliers rc rookie card
d'antoni amp donovan are wired on nbaontnt
bulls speak following game 1 win
rajonrondo rajon rondo 200607 topps chrome rc rookie google sports
spurs gospursgo tim duncan lot of 19 different basketball timduncan
harden steady blazing okcvshou playoffs
lol ok whos says that russell westbrook is mvp teamleonard gospursgo playoffs thunder rockets
should've left westbrook in to collect that 10th turnover and complete the triple double mvp rockets thunder
who will be nba kiamvp this year rt for everyone to participate
tnt rockets thunder thunder is competitive toe to toe in the first just got left behind in the third quarter
intel's crybaby lebron is here to fake cry his way through the playoffs
wire mlb 2017 how to watch boston red sox patriots' day start time tv streaming
kobe bryant receives big post career job offer
follow live scores and stats from euroleague and ligaendesa copaacb with
enjoy and follow @ sportrevival @ therealrevt @ dmvkell1 we talk nfl nhl mlb dmv sports amp more
karl anthony towns minnesota timberwolves adidas youth jersey swingman size l
baseketball 200910 bowman 48 104 jamesharden rookie 2009 bgs 95 forsale onsale
jimmy butler @ chicagobulls steal game 1 from @ celtics in emotional boston garden
kawhi leonard spurs 110 3 color jersey custom design handmade card 280 basketball
hey @ nbaontnt if you're sending people home because you can't understand a word they say what's shaq still doing there
guess who is missing out on some easy mlb fanduel on dm if you want some
jrue's the knicks best bet at getting a proven player would be a great get and drafting monktatum would only add
wrong strategy to have big men come out and guard @ jharden13 dude took them to school mvp p
which team should be in panic mode tell @ plankshowamp @ stinkingenius187799onfoxlisten
twitter forgot how the thunder were picked anywhere from 6th to 5th while everyone had the rockets missing or coming in 8th lol
30 winner 2 of the postseasonhouston rockets 114 run in huge 30 picks20 in
icymi russell westbrook has a strong message for james harden read more @ inquisitrsports thunderup rockets
thunder's steven adams levels rockets' patrick beverley with a devastating screen that had to hurt
trail blazers won't shy away from draymond green's trash talk dubnation
10 reasons why kevin durant will never win an nba championship dubnation
201112 gold standard stars 149 relic lamarcusaldridge blazers allstars
cj mccollum scored at will against the nba's best defense dubnation
draymond green and the warriors rejected the blazers' best effort in game 1 dubnation
harden is the real mvp
topsports via cbs sports nba playoffs celtics do nothing to quiet skepticism about their playoff
stephen curry 201415 allnba first team refractor allstar
the washwizards warriors chicagobulls amp houstonrockets each go up 10 in today's action
thunder lose get humiliated 1 word describes this gm fuck okcvshou getrusshelp
thunder lose get humiliated time for a well deserved @ cryingjordan @ dirsamike @ ionakiarra okcvshou
playoffs 121109 blazers serie 10wizards 114107 hawks 10celtics 102106 bulls 01rockets 11887 thunder 10
don't rob @ jharden13 of another mvp @ espnnba rockets50
sportsevents tickets nba eastern conference quarterfinals chicago bulls 3 421
200708 exquisite collection deron williams jersey jazz mavericks 25 k3220
four teams finished below 201617 salary floor nets
four teams finished below 201617 salary floor wolves
if chuck phil jackson george karl and larry brown would all go to an island somewhere the would be better
make it count jamesharden13 ryan anderson houstonrockets @ houston
wire nba playoffs celtics do nothing to quiet skepticism about their playoff formula
wire isaiah thomas earns even more admirers on a night when he deserved a victory too
harden dominates in game 1 win
cards derrick rose 200809 topps hardwood rookie auto numbered 3369 bgs gem mint 10
listen to speeding through the nba playoffs with eric millegan at or on stitcher
a 31pt beatdown on the @ okcthunder did not see that coming that @ chicagobulls w though i had a hunch that would happen yesterday
harden has 37 points rockets rout thunder westbrook 11887
we're going to be in cleveland and washington dc for the conference finals chuck
harden has 37 points rockets rout thunder westbrook 11887 apr 16 2017 houston ap james harden
3 things we learned sunday from the 2017 playoffs
3 things we learned sunday from the 2017 nba playoffs james harden and the rockets were unstoppable against
0417 the playoffs are here
did an rule oversight rob the celtics of playoff homecourt
sunday shootaround parity defines the nba east playoffs
@ chicagobulls @ bullskickass @ csnbulls @ thekapman @ waddleandsilvy @ binoysamthomas jimmy g one of the best 2way play
lamarcusaldridge 201617 select basketball case 12xbox player break 5 allstars
200910 upper deck stephen curry bgs 95 gem mint rookie sp allstar
199899 skybox premium 255 dirk nowitzki rookie rc basketball
2016 nba mock draft complete 1stround predictions for top prospects and more
the story of vs mvp candidate on okcvshou beverleywiththestraps
playoffs continue monday join the fun in firefan marveluniverse league
lakers new york knicks 17 jeremylin rhythm fashion size 52 xl jerseys ebay auction
herb simon paul george wants a winning team and it's our job to get him one dfs
kevin knox turned down 14m offer from team in china dfs
harden outshines westbrook in rockets' victory
little guy isaiah thomas shows big heart in playoff opener
four oc attorneys disbarred by the state clippers lac
never going to be able to truly determine who is the best ever game and players change far too much over the years
@ awfulannouncing charles barkley iq is zero btw brainless charles bulls with zero chance to win won @ thejakekaplan
loving that @ rajonrondo stat line and that doubledouble effort by brook plus bobby freakin' portis
click listen share repeat steph curry for mvp
how a 1990s rap label helped inspire the wizards' turnaround
what we learned from okc warriors rout opening day of nba playoffs
cards card 200809 press pass derrick rose 29 memphis tigers chicago bulls new york knicks basketball
my goodness send the 1st round back to five game series
what a great way to kick off the playoffs campaign bullsnation
cjdame not enough condolences isaiah cavs lucky same ole clipsraptors okc done spurswizards roll beard
only one game but @ jharden13 seems to have the edge over @ russwest44 i would wait afttr series to give mvp but advantage jh 13
todays final results 4320 nhl22 mlb01
@ nba2k bet virtual currency on 2k80 off for 3 hoursbeam on @ xbox @ playbazzzzzzzzz running with a health
the playoffs are set for the spring league myleague 2k17 moneyleague
201617 panini absolute heroes materials chrispaul 14 nm mem 08149 allstar
cards michael jordan chicago bulls russia ace spades playing card rare oddball card
phoenix suns majestic youth team gameface 20 tshirt orange nba basketball
carmelo anthony amp baron davis mini action basketball figures new carmeloanthony
nike nba allstar jersey jermaine o' neal 7 east indiana pacers sewn retro sz 3xl
basketball 199697 fleer metal michael jordan decade of excellence rare foil sp 1960
198192 denver nuggets nba basketball hardwood classics 4 team logo patch
tony romo dallas mavericks sga tshirt 41117 vs nuggets last game of season
cavaliers lebron james cleveland cavaliers swingman jersey home alternate men size med
chicago bulls mitchell amp ness authentic black 199697 shorts l basketball
cards san antonio spurs 2 card lot tim duncan david robinson spurs
dwighthoward deals dwight howard 200910 bowman 48 certified authentic autographs 48adh rockets
shoe lining way of wade wow 2 low diablo sz11 basketball
new era philadelphia 76ers women's royal preferred pick 9twenty adjustable hat
dwighthoward dwight howard game worn 1225 jersey card his number 12 with orlando
dwyanewade deals 1213 dwyane wade panini innovation innovators red foil insert 15 bulls
breaks down tonight's slate in the rotoql dfs podcast
sports mall brandan wright dallas mavericks undistributed nib bobblehead suns warriors unc
chicagobulls nwot nike throwback chicago bulls warm up jacketjersey xxl sewn letters
basketball miami heat hat snapback goods forsale
sports goods kevindurant kd bobblehead golden state warriors sga champions
best shoe nike airjordan retro 1 melo pe size 95 332550026 basketball
dwyanewade 1213 dwyane wade panini innovation innovators red foil insert 15 bulls
basketball 2009 panini season update 182 dwight howard orlando magic nba allstar team card
basketball nike zoom kd 9 kevindurant 843392 010 black white shoes men size 8 new
westbrook russellwestbrook 20082009 topps chrome rookie rc 184 hot card okc thunder thunder auction
apparel souvenirs nwt mitchell amp ness nba newyork knicks patrick ewing 33 xxl jersey georgetown auction
kiamvp who will be the mvp this yearrt james hardenlike russell westbro
porvsgsw just wait warriors soon will become worriors amp will be lucky to pass clippers amp definitely they're not going to finals
mane it hurt me so deep so ion even try to think about it plus i'm barely getting sleep all this pain i been suffering from it
it's obvious @ cavs finished 2nd on purpose they will avoid all tough matchups in the east conf cavs lebronjames
@ johnwall is so quick he ran right out of my phone's 4x3 size instagram highlight thatsquick wizards
throwback swingman basketball jersey michael jordan 23 chicago bulls white men's
201516 certified mirror green klay thompson bgs 9 mint 5 emerald allstar
beverley harden carry rockets to rout of thundergtgtgtgtgt ltltltltlt rockets thunderup okcvshou tmmqb
thank u god for teaching me to always look upward for my help when trouble comes my way nfl
thank u god for teaching me to always look upward for my help when trouble comes my way nfl
i guess the ball didn't feel the same way friendzone nofriends
@ bleacherreport rocked
barkley 'uncomfortable' with star crying
harden outshines westbrook in rockets' victory
bobby portis plays the game of his life in game 1 win over celtics
until today the last time the wizards hosted a game 1 on their home floor was 1979 in the nba finals holy hell that's really sad
the latest the daily magistrate befullyinformed
thunder go down 10 in embarrassing fashion lose 11887 in houston thunder okcthunder
a day after sister's death boston celtics rally around isaiah thomas
3 things we learned sunday from the 2017 nba playoffs
union complains to nba about phil jackson's comments on carmelo anthony new york times
warriors beat blazers with '121' espn shows 'mcgee's' hustle saves and earns the warriors points over blazers
cards david robinson san antonio spurs 198990 hoops sealed 138 rc z 108
majestic george gervin san antonio spurs player name and number tshirt sporting
sport goods majestic george gervin san antonio spurs player name and number tshirt
majestic george gervin san antonio spurs player name and number tshirt nba
game 1bulls vs celtics 106102 10butler 30p 9r 3arobin 14p 11rwade 11p 5r 6aportis 19p
jeremylin houston rockets majestic brand jeremy lin tshirt size xl basketball
al horford brad stevens more talk isaiah thomas' game 1 after basketball
al horford brad stevens more talk isaiah thomas' game 1 after basketball
al horford brad stevens more talk isaiah thomas' game 1 after basketball
cards card 200910 topps gold 33 derrick rose bulls ser17722009 basketball
netsdaily offseason report no 1 nets
why the lakers are most encouraged by brandon ingram's growth clippers lac
art gallery video mffl dubnation knicks lakeshow bullsnation celtics thund
new tonight top 5 plays of the night 041617
sneaker deals nike air jordan 1 retro high og bred sz mns 16 555088 001 basketball
sneaker deals nike air jordan trainer i 1 low blackgym redwhite 845403001 men's sz 11
netsdaily offseason report no 1 nets
cards card shawn kemp 199900 spx prolifics insert cleveland cavaliers basketball
vintage 1990 portland trailblazers champions shirt sz large 5050 thin basketball
cavaliers nba mitchell amp ness selvage denim snapback hat cleveland cavaliers
kobebryant 201617 panini aficionado 13 kobe bryant power surge insert awesome kobe lakers
responds to fanmade jeremy lin flagrant foul video with
basketball 2009 upper deck michael jordan legacy gold hof edition 100 card set nobox
westbrook 201314 panini gold standard russellwestbrook thunder gold metal k9 thunder auction
card dwayne wade topps rookie cards 225 deal sale
trailblazers vintage 1990 portland trail blazers champions shirt sz large 5050 thin
basketball bulls adidas chicago bulls derrickrose adidas red jersey men's large
sports mall authentic reebok dirk nowitzki dallas mavericks jersey size 52
basketball 2003 upper deck legends dwight howard beckett mint 9 cards
basketball miami heat champions nba basketball jersey alonzo mourning men's medium goods forsale
bulls card 199596 fleer jam session diecut d13 michael jordan chicago bulls card
apparel souvenirs miamiheat champions basketball jersey alonzo mourning men's medium ebay auction
derrickrose bulls adidas chicago bulls derrick rose adidas red jersey nba men's large collectibles
sporting buzz dallas texas mavericks nba basketball lanyard style wristlet key chain new
chicagobulls vintage champion nba chicago bulls basketball replica shorts jordan size xl
basketball 3 200708 topps chrome kevindurant rookie rc warriors lot of 3 rare
collectible buzz ben wallace detroit pistons authentic jersey by reebok blue red youth large
basketball ben wallace detroit pistons authentic jersey by reebok blue red youth large
sporting goods ben wallace detroit pistons authentic jersey by reebok blue red youth large
portland trail blazers center jusuf nurkic out for game 1 thecourtcave basketball
201112 limited kawhi leonard auto rc redemption bgs xrc spurs rookie allstar
nbpa speaks out on phil jacksons comments on melo basketballinsiders
jazz center rudy gobert hopeful to return during clippers series basketballinsiders
westbrook harden friendship on hold during series basketballinsiders
damian lillard takes greens trash talk as challenge basketballinsiders
devin booker revolution rookie card devinbooker phoenixsuns sportsmemorabilia
chef harden doesn't do salads it's straight fettuccine when he's in the kitchen rockets
birthdays are of satan birthday truth facts bible wakeup mondaymotivation sin satan lit damn
draft 2016 latest 1stround projections and top
cards 201617 donruss optic the elite series blue prizm refractor 4 derrick rose 0549
deron williams 200607 ultra retro lucky 14 gold medallion 173 bgs gem mint 95
harden 37s 9a 7r russ 22s 11r 7akazanan 11887 ile rockets
lebronjames 200304 bowman chrome bgs 95 invet now sp rc ring 4 allstar
harden rockets blow past thunder in game 1 via @ bleacherreport app
rockets 200910 bowman 48 104 jamesharden rookie 2009 bgs 95 bargains deals
crocodiles in orange county csuf student researcher shakes up fossil history clippers lac
the latest kantarellrecept thanks to @ socialinmesa @ djpaycheckdmc @ joeyguse mlb
at rotations with bullish on game 1 of the first round chicagobulls celtics
instagram post by apr 17 2017 at 321am utc nationalbasketballassociation
playoffs wrap bucks bulls grab game 1 upsets
isaiah thomas boston celtics adidas initial landmark tshirt green nba ebay giftideas
dallas mavericks iron on embroidered patch basketball nba hoops patches logo
cards 199697 sp inside info in25 michael jordan chicago bulls basketball card
sports mall dallas mavericks iron on embroidered patch basketball nba hoops patches logo
arvydas sabonis portland trailblazers nba limited edition bobblehead 20002001
cards card 201617 donruss optic the elite series blue prizm refractor 4 derrick rose 0549
mitchell amp ness philadelphia 76ers adjustable hat nba basketball
basketball 198889 michael jordan psa 8 fleer allstar 120 nice michaeljordan
all sports betting w bitcoin rt btc win casino sports gt lt gambling football nfl
vintage champion nba chicago bulls basketball replica shorts jordan size xl
sporting buzz dallas mavericks iron on embroidered patch basketball nba hoops patches logo
kobebryant 201415 playbook kobe bryant game used jumbo patch jersey booklet 6599 lakers kobe lakers
milwaukee bucks majestic conference leader long sleeve tshirt nba basketball
basketball 10 dwight howard 201617 2017 panini player of the day hawks cards
chicagobulls chicago bulls vintage sweatshirt toddler 2 jog togs usa shirt jordan child kids
apparel souvenirs newyork knicks mitchell amp ness aqua chenille snapback adjustable hat nba auction
westbrook 2008 russellwestbrook topps chrome orange refractor psa gem mint 10 499 made thunder auction
vintage authentic stephon marbury minnesota timberwolves starter jersey 48 sewn
we dont believe your busted sport takes podcast championsleague elimanning nfl nhl playoffs stlouis
basketball nike kd kevindurant viii nsw lifestyle men's shoe
lakers new york knicks 17 jeremylin rhythm fashion size 52 xl jerseys ebay auction
monday is up vip2 in nhlplayoffs nhl 4816 75both 5sregular club3 selectionsincl two 3 bb2 nhl
201213 past and present kawhi leonard rc autograph san antonio spurs auto allstar
201617 donruss optic klay thompson the champ is here blue 2949 warriors allstar
toronto milwaukee 1925 alt oran 193
shoe nike airjordan 2011 size 75 red 7 8 2010 2009 basketball shoes retro d wade
200506 chrispaul press pass auto rc 50 signed rookie pp clippers usa hof wf
allstars carmelo anthony mitchell amp ness denver nuggets tshirt basketball
cp3 bestseller nike airjordan 13 xiii retro cp3 size 12 chrispaul player edition
when @ spalding is your only friend @ nbamemes russellwestbrook
tix 2nd row vip courtside playoff game 4 indiana pacerscleveland cavaliers 42317
tix basketball 2nd row vip courtside playoff game 4 indiana pacerscleveland cavaliers 42317
daily bulletin brandon ingram finds drive to improve for lakers lakeshow
@ isaiahthomasbr my heart goes out to the thomas family i will have you and your family in prayer isaiahthomas my heart is crying
it's only right for isaiah thomas to win an nba championship in order to ease the pain of losing a sibling but too bad nba is rigged
james harden or russell westbrook who should be named the nba mvp sacramento bee
dirk nowitzki 201617 optic court kings holo red prizms 99 sp basketball
here's a wake up call to the nba playoffs
jeremylin 201617 limited jeremy lin 625 gold parallel card 76 brooklyn nets basketball
200304 topps chrome lebronjames rookie card 111 psa 10 gem mint allstar
kobe bryant los angeles lakers 24 basketball jersey lakeshow ad
rockets 201617 donruss jamesharden gold court kings press proof bargains deals
andre iguodala hobby vr golf bobblehead golden state warriors nba sga limited
as the playoffs are on here's another replug on how the best offenses in the league function a datavisual s
sex offender's list cheerleader naked
stay out my kitchen rp @ nba gameone playoffs houston oklahomacity
allstars stephencurry bobblehead golden state warriors 2015 final champions trophy
allstars 201516 clear vision basketball atlanta hawks lot 9 cards al horford millsap
golden state warriors dancing warriors dancing
rockets trounce the thunder in game 1 houstonrockets oklahomacitythunder
pierre dorion speaks basketball canadian basketball toronto raptors raptors
portis plays the game of his life in game 1 win over celtics
2015 panini national convention vip party emerald wave klay thompson bgs 95 5
2012 13 panini gold standard kawhi leonard rc jersey auto rpa spurs allstar
201213 anthonydavis brilliance magic numbers rookie insert 3 kentucky allstar
f5indians tt o45giants u75rangers f5307u
@ patstothers can you guess how many nba championships did michael jordan win with the chicago bulls michaeljordon bulls
tnt says goodbye to the lakers' season in hilarious gone fishin' graphic lakers
lebron james alters freethrow shooting technique with help from kyle korver cavaliers
coachella 2017 lorde debuts new song 'homemade dynamite' at coachella set clippers lac
rockets jumbotron operator throwing shade at westbrook via rnba basketball
@ footysupertips my requestabet landed last night
nba jam love this gameretrogaming
what we learned from okc warriors rout opening day of nba playoffs
201314 lebronjames stat line jersey innovation jersey 11 006125 no 17
jeremylin brooklyn nets hoodiesweater jeremy lin fan favorite basketball
lakers brooklyn nets hoodiesweater jeremylin fan favorite ebay auction
201617 select deron williams tie dye game used 3 color patch 0125 mavs sick
cards 200910 playoff contenders 36 derrick rose auto psadna bulls basketball card
warriors win game 1 over the portland trail blazers the break down via @ yousefhattar dubnation ripcity
match review domination and upsets greet sports betting fansread the latest playoffs post highlights here
rockets nike zoom run the one pe jamesharden size 9 adidas vol 1 bargains deals
programme de la nuit pacers cavs 01grizzlies pacers 01
the latest the fm cycle daily thanks to @ getnewsales @ valerioreda @ aaacreditguide mlb
golden state warriors irked by bucks victory celebration
love the game makes a case for russell westbrook to be the mvp russ4mvp russellwestbrook
responds to fanmade jeremy lin flagrant foul video with
most unpopular raptor basketball canadian basketball toronto raptors raptors
another great day of playoff basketball i had the wizards warriors bulls amp thunder winning rockets
washington wizards johnwall bobblehead allstars
pau gasol 200304 spx winning materials dual 2 color relic game jersey sp 20
baller behind harden and beverley rockets hammer thunder in game 1 blowout
draymond green 201415 panini luxe patch warriors logo 10 wow invest sp
3 things we learned sunday from the 2017 playoffs
eastern 1 celtics 01 bulls 82 cavs 10 pacers 73raptors 01 bucks 64 wizards 10 hawks 5
western 1 warriors 10 blazers 82 spurs 10 grizzlies 73 rockets 10 okc 64 clippers 01 jazz 5
note all packages include all picks mlb they are named only for when they expire get started now
201617 optic kylelowry sn 1 of 5 allstar allstars
another pixar amp nba mashup sure why not disney pixar ratatouille remy jamesharden
best shoes kobe 9 ix gumbo all star size 12 free shipping bryant
201516 panini flawless patch autographs padw dwyanewade miami heat auto card
kobe shoes nike kobe 11 elite low black space ice 822675001 htm fade to black ftb prelude
indiana pacers at cleveland cavaliers on monday night in the live stream betting tips
indiana pacers at cleveland cavaliers on monday night in the live stream betting tips
indiana pacers at cleveland cavaliers on monday night in the live stream betting tips
dwighthoward deals dwight howard hawks 201617 hoops basketball card 117 rockets
basketball michael jordan custom basketball card unc tar heels chicago bulls hof
dwighthoward dwight howard hawks 201617 hoops basketball card 117 rockets
sports goods cleveland cavaliers 2016 champions lebron newspaper bobblehead bobble new
allen iverson philadelphia 76ers mitchell amp ness name amp number tshirt nba
collectible buzz mitchell amp ness detroit pistons knit hat nba
card dwyane wade 2003 topps chrome black refractor rookie 115 serial 458500 psa 9
sports mall dallas mavericks mitchell amp ness wool solid 2 adjustable snapback hat nba
kobebryant 199697 fleer series 2 203 kobe bryant rc kobe lakers
basketball dwight howard 200809 topps jersey card tbkr12 orlando magic losangeles lakers
basketball mitchell amp ness detroit pistons knit hat nba
westbrook 2008 press pass insider insight ii6 russellwestbrook thunder auction
cavaliers cleveland cavaliers majestic current logo tech patch pullover hoodie nba
sporting buzz dallas mavericks mitchell amp ness wool solid 2 adjustable snapback hat nba
apparel souvenirs newyork knicks mitchell amp ness block and blur crew fleece sweatshirt nba auction
will the @ houstonrockets sweep the @ okcthunder in the 1st round mvpbuzz mvprace
200304 sp authentic sp signatures lebronjames rc auto bgs 959 allstar
do people actually buy anta shoes now because of klay thompson
carmelo anthony 15 denver nuggets mitchell amp ness jersey hardwood classics
nike air jordan 1 retro high cp3 chrispaul pe 332550402 8 12 allstar
cp3 bestseller new jordan men's cp3ix ae basketball shoes size 10 style 833909303
top shoes airjordan cp3 iv 4 chrispaul size 13 black varsity purple blue 428821001
tix pacers vs cavs game 2 row 1 behind cavs bench ticket basketball
tix basketball pacers vs cavs game 2 row 1 behind cavs bench tickets
huge dirk nowitzki 150 card all different lot a mavericks w topps basketball
baller hawks' millsap ready to match morris wiz with 'mma' style
how teams with the best regular season records have done in the playoffs
nba playoffs two ways to look at warriors surviving blazers' best game 1 punch
john wall sets frenetic pace for washington wizards in playoff opener
sportsevents tickets nba eastern conference first round washington wizards 2 4
sportsevents tickets nba eastern conference quarterfinals chicago bulls 3 421
hawks' millsap ready to match morris wiz with 'mma' style washington ap atlanta forward paul millsap got
rockets adidas jamesharden vol 1 pk gila monster us sz 15 salmon pink b39494 boost nmd
who is luol deng's girlfriend wife wags
who is luol deng's girlfriend wife wags
i liked a @ youtube video tryouts for crossemup 2x rep 2k17
kobe bryant flying dunk over snake pit basketball slamdunk
beverley shines in rockets game one win gtgtgt
phoenix suns pro player starter nba jacket size large basketball
cards clyde drexler portland trailblazers panini luxe collection card 0235 card
mitchell amp ness chicago bulls black seasoned pro mesh buttonup shirt basketball
cavaliers cleveland cavaliers lebron james jersey rising stars men's xl rare
juan dixon washington wizards bobblehead chevy chase bank sga world sports
sacramento kings long sleeve golf shirt black large adidas men's basketball
spurs 200506 topps first row dual jersey timduncan and timduncan 88140
new mitchell and ness brooklyn nets nba super stripe fitted cap hat nwt 7 58
kobebryant new sz 10 mens nike kobe xi elite low dark grey mango shoes 20000 822675 078 kobe lakers
basketball buzz adidas houston rockets dwight howard jersey men's xl forsale onsale
sporting card 201516 panini hoops 218 solomon hill indiana pacers nm single
dwighthoward deals nba adidas houston rockets dwight howard jersey men's xl rockets
dwighthoward nba adidas houston rockets dwight howard jersey men's xl rockets
hdtalk turkey's president erdogan warns opposition not to question referendum result
2005 new official san antonio spurs medallion coin book duncanparkerginobili
sporting goods chicago bulls derrickrose swingman 2012 christmas jersey
basketball bulls chicago bulls derrickrose swingman 2012 christmas jersey buzz
basketball dwight howard hawks 201617 hoops basketball card 117 cards
derrickrose bulls chicago bulls derrick rose nba swingman 2012 christmas jersey collectibles
westbrook russellwestbrook oklahoma city thunder men's 2016 blue christmas day jersey thunder auction
chicagobulls mitchell amp ness chicago bulls black seasoned pro mesh buttonup shirt
basketball michael jordan fleer rookie memorabilia game used floor card chicago bulls
spurs gospursgo 200506 topps first row dual jersey tim duncan and tim duncan 88140 timduncan
basketball 200708 topps chrome kevindurant 131 rookie rc bgs 10 pristine wow warriors
the best of james harden's recordbreaking regular season as his houston rockets start their
2016 nba mock draft complete 1stround predictions for top prospects and more
why the cleveland cavaliers will win the nba title
nba draft 2016 latest 1stround projections and top prospects' stock watch
could kobe bryant join tnt's inside the
commish says allstar game will stay in north carolina for
allstars johnwall washington wizards 2010 rated rookie card donruss rc basketball le
washington wizards gametime magazine playoffs 2017 johnwall bradley beal allstars
best shoes nike kobe xi 11 fundamental mens shoe size 11 new 836183100 white black
hdtalk mike pence tells north korea us patience has run out after missile test world
james harden or russell westbrook who should be named the nba mvp sacramento bee
pega primero rockets al thunder deportes
8sports talk fearless playoff predictions
rockets 200910 prestige 203 jamesharden rookie card bgs bccg 10 bargains deals
2 tix western conferencesan antonio spurs417 sec128 row6 seats8 51500 p
the game new flavor is ruled by guards and wings
most underrated back courts in the @ damelillard and @ cjmccollum and @ johnwall and @ bradleybeal beastsoftheeast
jeremylin 201617 limited jeremy lin 625 gold parallel card 76 brooklyn nets basketball
cavaliers pacersbucks 10 raptorsbulls celticswizards hawkseast playoffs
happy birthday kevin porterbullets dcfamily
playoff warriors e rockets show colpo bulls a boston
san antonio spurs new era starry cap original 9fifty adjustable hat sporting buzz
spurs timduncan 201314 select stars purple 1299
dwighthoward deals dwight howard rookie jersey 2004 bowman signature 9791000 orlando magic rockets
spurs gospursgo tim duncan 201314 select stars purple 1299 timduncan
chicagobulls vintage authentic champion chicago bulls michael jordan jersey 7210 stitched
warriors portlandspurs 10 memphisjazz clippersrockets okcwest playoffs
apparel souvenirs newyork knicks new era boost hook 9twenty adjustable hat black nba auction
houston rockets oklahoma city thunder 118 87 harden rockets
new mitchell amp ness charlotte hornets muggsy bogues large teal tshirt basketball
philadelphia 76ers new era action 2tone 9fifty adjustable hat nba basketball
chris bosh toronto raptors mcfarlane figure basketball
washington wizards new era action 2tone 9fifty adjustable hat nba basketball
new era portland trailblazers adjustable hat nba basketball
new era minnesota timberwolves adjustable hat nba basketball
cards 198182 topps george gervin 37 san antonio spurs eastern michigan hof
milwaukee bucks new era starry cap original 9fifty adjustable hat nba basketball
dwighthoward dwight howard rookie jersey 2004 bowman signature 9791000 orlando magic
sport goods san antonio spurs new era trick snapback 9fifty adjustable hat
basketball dwight howard rookie jersey 2004 bowman signature 9791000 orlando magic
basketball nike kd 8 kevindurant wolf grey metallic silver gum sole 749375 002 men's 10
san antonio spurs new era mark backer original fit 9fifty adjustable basketball
kobebryant kobe bryant rc lot of 3 1 9697 ex20002 9697 topps finest kobe lakers
trailblazers new era portland trail blazers adjustable hat nba sales discount
magic vintage orlandomagic shaquille o'neal champion jersey size 36 bargains forsale
sports mall dallas mavericks new era starry cap original 9fifty adjustable hat nba
westbrook russellwestbrook 2016 donruss blue prizm parallel 145 serial d 3649 thunder thunder auction
basketball new lot 2 miami heat store court culture retro large tshirts goods forsale
sporting buzz dallas mavericks new era starry cap original 9fifty adjustable hat nba
nba draft 2016 latest 1stround projections and top prospects' stock watch
raptors 905 release t basketball canadian basketball toronto raptors raptors
chris paul blasts female referee after loss this might not be for her
a to z stephen curry on how he has changed basketball
cj mccollum admits telling draymond green to do some calf raises after missed dunk attempt
the best plays of the night with an imposing block at 1
johnwall signed adidas crazy 1 florist pack sz 95 allstars
chrisbosh 201516 panini absolute nba stars jersey patch prime d 1925 heat
allstars chrisbosh 201516 panini absolute stars jersey patch prime d 1925 heat
new shoes ds nike lebron james lj 14 xiv 'time to shine' size 9 jordan retro royal air mvp
search warrants in prince's death to be unsealed monday clippers lac
201617 panini contenders draft picks 3 andredrummond nmmt allstars
isaiahthomas 201617 panini donruss basketball jersey kings 4 game used celtic
basketball shoe new nike lebron james zoom witness men basketball sneakers size 12 color blue
20132014 panini elite draymond green auto 'd 75 turn of the century warriors
best shoes mens nike kobe xi alt basketball shoes tumbled grey 880463 079 xii sz 14 new
kobe shoes nike kobe 8 christmas preowned size 9 lakers
200304 exquisite collection dwyanewade rookie patch bgs 85auto pristine 10
easter sunday gunfire across nyc leaves one dead five wounded nets
201617 select basketball demarderozan concourse white prizm raptors 66149
201415 national treasures kylelowry4899 base card toronto raptors allstars
april 17 the staten island ferry hero fireman and bernies brai nets
lakers 201617 limited jeremylin 625 gold parallel card 76 brooklyn nets ebay auction
giraffe mom and calf in good health following birth nets
nba playoffs 2017 grizzlies in deep trouble if spurs bench keeps dominating
nba playoffs 2017 live scores game 1 highlights updates live blog news followus
litechnews nba trade rumors heat up video
201415 flawless dual diamond lebronjames kyrie irving jersey patch 0810 cavs
201415 donruss basketball game threads jersey dirk nowitzki basketball
litechnews former nba player charles oakley arrested arrested video
playoff schedule 2016 game times tv and livestream
the latest the gaming daily thanks to @ shchukinanatel1 @ ravagetalon @ yasajunaedi15 xboxone
kobe bryant receives big postnba career job offer
cards 1986 87 fleer 76 johnny moore psa 9 mint san antonio spurs spurs
westbrook 200809 topps chrome russel westbrook rookie mintpretty nice center for a psa 9 thunder auction
whoever wins the series between rockets and thunder series the mvp will must be on the winning team beast of beard
toronto raptors youth mouthguard basketball
dwighthoward deals 201415 court kings performance art super prime patch dwight howard true 11 rockets
dwighthoward 201415 court kings performance art super prime patch dwight howard true 11
collectible buzz new era detroit pistons heathered gray team micro 9twenty adjustable hat
basketball new era detroit pistons heathered gray team micro 9twenty adjustable hat
kobebryant kobe bryant kevin durant kyrie irving auto 201516 limited trios gold 1 of 3 kobe lakers
mavericks vs thunder playoff results 2016 oklahoma city
basketball 201415 court kings performance art super prime patch dwight howard true 11
basketball nike air zoom kevindurant kd viii 8 home 405 white navy photo blue v 749375 144
sporting goods new era detroit pistons heathered gray team micro 9twenty adjustable hat
derrickrose bulls derrick rose sp authentic autoautograph 2 clr jersey rookie rc 299 bgs 9 collectibles
sunday shootaround parity defines the nba east playoffs
children with autism play basketball with legends usabasketball nikebasketball adidashoops sportscenter
children with autism play basketball with legends usabasketball nikebasketball adidashoops sportscenter
children with autism play basketball with legends usabasketball nikebasketball adidashoops
children with autism play basketball with legends usabasketball nikebasketball adidashoops sportscenter
children with autism play basketball with legends usabasketball nikebasketball adidashoops sportscenter
children with autism play basketball with legends usabasketball nikebasketball adidashoops sportscenter
children with autism play basketball with legends usabasketball nikebasketball adidashoops sportscenter
children with autism play basketball with legends usabasketball nikebasketball adidashoops sportscenter
children with autism play basketball with legends usabasketball nikebasketball adidashoops sportscenter
children with autism play basketball with legends usabasketball nikebasketball adidashoops sportscenter
children with autism play basketball with legends usabasketball nikebasketball adidashoops sportscenter
why the cleveland cavaliers will win the title
@ tragicanon nicely donecc @ gracekwizera @ muloem @ solorug @ thesuspekt92 mvpbuzz hehe
nba playoff schedule 2016 game times tv and livestream coverage for sunday
sw 121109 portlandceltics 102106 chicago houston 11887 oklahomawizards 114107 atlanta
post game 1 thoughts game 2 adjustments houston vs okc rockets okcthunder
0417 grizzlies vs spurs 2016 playoffs game time tv
new with tags chicago bulls authentic hardwood classic shorts adult xl bullsnation
johnwall washington wizards 2010 rated rookie card donruss rc basketball nba le
james harden surclasse russell westbrook thunder oklahomacity rockets houston playoffs
intel presenta sus repeticiones 360 con crying lebron james playoffs
20162017 revolution draymond green base lot of 4 golden state warriors allstar
best shoes new nike air zoom huarache 2k4 sz 12 kobe bryant wolf greybluewht 308475002
chrisbosh 200304 topps mark of excellence rc autograph auto allstars
jimmy butler surprend les celtics bulls chicago celtics boston playoffs
cards jamesharden 1314 national treasures jersey x factor 99 card bestseller
200304 upper deck rookie exclusives dwyanewade rc 5 miami heat guard allstar
kobe shoes nike hyperlive andre iguodala pe warriors curry hyperrev kobe 1 2 draymond green
new shoes new nike lebron james zoom witness men basketball sneakers size 12 color blue
basketball shoe ds nike lebron james lj 14 xiv 'time to shine' size 9 jordan retro royal air mvp
chandler parsons grizzlies 201617 hoops basketball card 83 basketball
john wall avec brio face aux hawks wizards washington hawks atlanta playoffs
nba trade rumors latest news buzz as deadline nears
@ eandrewhoffman when are we going to get new season veterans and motivator players ea @ easportsnba
@ anthonyvslater if he set that screen for anyone besides steph that's an illegal screen should have been called
get in on the and nhl action open an account today at
best sportsbook bet on mlb nhl soccer futbol open your account today
hdtalk two due in court in relation to assault on two garda in finglas ireland
jeremylin yeezy yeezy 350 boost oxford tan 10 health
get started for free dfs draftkings fanduel dailyfantasy
pega primero rockets al thunder
pega primero rockets al thunder
what percent of twitter's revenue stream is from hashflagsiamgroot kwk i60 ff8 gru dm3 bgt ipl bhm
draft 2016 latest 1stround projections and top
could kobe bryant join tnts inside the
team usa toronto raptors vintage champion shorts lot basketball
nba washington wizards pro standard nba creamblue snapback adjustable hat
basketball 1993 topps finest michael jordan graded bgs 95 gem mint michaeljordan
the nba playoffs are here
dwyanewade deals 200304 sp signature edition auto parallel rc dwyane wade d 25 bgs auto 9
dwyanewade 200304 sp signature edition auto parallel rc dwyane wade d 25 bgs auto
westbrook 200809 bowman chrome russellwestbrook refractor 50 rookie bgs 95 auto 10 gem thunder auction
basketball new nike kd kevindurant 8 se what the sz 95 men 845896 999 basketball 200
nba live mobile video coming tomorrow youtube
rockets dismantled thunderup in their first game final score 11887
great game of draymondgreen 19pts12rbds9ass5blocks amp kevindurant 32pts10rbds warriors 1 0 blazers
grizzlies vs spurs 2016 playoffs game time tv schedule
frozenbk kdurant over 245pt150gains 0625rtamp soutiensuivitteamparieur parionssport
this move is illegal in every state except texas mvp
playoff schedule 2016 game times tv and livestream coverage for sunday
on valide harden over 35 points 350 05 teamparieur parionssport
trade rumors latest news buzz as deadline nears
201617 select dirk nowitzki 30k points autograph diecut 10 very rare basketball
nwt adidas nba washington wizards swingman road red jersey johnwall sz small
best shoes nike kobe xi 11 id mamba day blackgoldclear blue sz 9 865773991
new shoes nike air max lebron vii 7 nfw white varsity red 383578161 size 85 new in box
kobe shoes nike zoom kobe vii 7 great white shark obsidian grey current blue 488371401 13
john walls oneman takeover set the frenetic pace for the washington wizards as they outran the atlanta hawks
basketball shoe mens nike lebron james xi 11 lowtop dark grayorange basketball shoes size 13 us
201617 donruss optic all stars draymond green 30 gsw warriors allstar
jeremylin sports illustrated jeremy lin cover feb 20 2012 knicks nets no label basketball
2003 upper deck 1 lebronjames rookie psa graded nmmt allstar
kylelowry 201617 select basketball case 12xbox player break 3 allstars
tim duncan and tony parker spurs with inserts basketball
queens lawmaker to push for state funding of planned parenthood nets
pierre dorion speaks basketball canadian basketball toronto raptors raptors
cards 200910 jamesharden rookie lot 13 cards topps panini prestige upper deck draft
@ dwyanewade @ itsgabrielleu dwade i need this workout regimen tryna get that sliced amp diced look
nba play off ganador cleveland cavaliers
james harden vs russell westbrook playoff skema
@ buckinboston bostons sports family feels isaiah thomas pain
go go @ washwizards @ mgortat @ johnwall first game was superb ilovethisgame
johnwall drops a playoff careerhigh 32 points amp dishes out 14 assists to lead washwizards over atlanta in
tryouts for crossemup 2x rep 2k17 via @ youtube
lol celtics thought bulls was just gonna give them have the win
nba playoffs 2017 live scores game 1 highlights updates live blog
panini prizm mosaic red refractor 28 card lot russell westbrook kawhi leonard
20 questions playoffs kobes last game and more
lakers sports illustrated jeremylin cover feb 20 2012 knicks nets no label ebay auction
nba playoff schedule 2016 game times tv and livestream
rockets 200910 topps chrome 99 jamesharden rc oklahoma city thunder bargains
durant e green trascinano i warriors portland sgambetta boston durant e green trascinano i
nba playoff scores 2016 paul george and the pacers are making the raptors
ipad pro artist illustrates allstars
@ stephenasmith stating the obvious mlb baseball is only sport where size of field varies by location nfl nhl soccer
@ celtics' fans showed their support to thomas
game day preview rap basketball canadian basketball toronto raptors raptors
@ alanhahn @ hdumpty39 stating the obvious mlb baseball is only sport where size of field varies by location nfl nhl soccer
james harden for mvpteamharden jamesharden 13 mvp @ rocket's
sports goods reebok cleveland cavaliers darius miles jersey sz 52 retro forsale
basketball buzz reebok cleveland cavaliers darius miles jersey sz 52 retro deal
san antonio spurs newborn amp infant raglan fullzip coverall sleeper sporting buzz
kobebryant kobe bryant 49card lot basketball cards la lakers excellent condition kobe lakers
sport goods san antonio spurs newborn amp infant raglan fullzip coverall sleeper
baseball authentic nba newyork knicks carmeloanthony jersey free shipping onsale discount
nice milwaukee bucks vintage bango distressed logo tshirt basketball
san antonio spurs newborn amp infant raglan fullzip coverall sleeper nba basketball
dunc'd on massive 2 hour pod on all 8 game 1s twitternbashow end of indcle nosn
@ espngreeny @ chriscanty99 stating the obvious mlb baseball is only sport where size of field varies by location nfl nhl soccer
knicks authentic nba newyork knicks carmeloanthony jersey free shipping offers deals
basketball 199697 upper deck view points michael jordan insert 4 michaeljordan
apparel souvenirs authentic nba newyork knicks carmelo anthony jersey free shipping auction
westbrook 2008 press pass primetime players pt5 russellwestbrook thunder auction
indiana pacers mens nba lightweight fashion hoody new 8000 tags pick sz basketball
the nba playoffs are here
portland trailblazers black carmichael track jacket basketball
nba houston rockets steve francis 3 classic throwback swingman men jersey
dirk nowitzki 41 dallas mavericks nba basketball adidas jersey sz 56 basketball
cards 200910 bowman 48 104 james harden rc oklahoma city thunder card
trailblazers portland trail blazers black carmichael track jacket sales discount
cards 200910 bowman 48 104 james harden rc oklahoma city thunder basketball
what we learned from okc warriors rout opening day of nba playoffs
days until the season begins weready
russellwestbrook patrickbeverley fight's coming @ micahpeters sports jamesharden rockets thunder okc
nba playoffs 2017 live scores game 1 highlights updates live blog
begins guess which team will win we prepared special theme basketball for u come download and enjoy it
kawhi leonard san antonio spurs adidas women's fashion replica jersey nba
the players association defending carmelo anthony is pitiful @ benmaller
the latest the imam mehdi is not a warrior imammehdiisnotawarrior daily thanks to @ jestineocampo @ dipahmad
best trades at nba deadline were those not made
avery bradley suffers significant hamstring strain
recap james harden and the houston rockets def the okc thunder 118 87 via @ espn okcvshou
five thoughts on the nba playoffs so far
raptors will never be basketball canadian basketball toronto raptors raptors
2003 2004 topps chrome lebronjames cleveland cavaliers 111 basketball card
200910 bowman 48 blue 106 stephen curry rc 7271948 rookie gs warriors rare
199899 stadium club 202 dirk nowitzki rookie rc basketball
draymondgreen doesnt respect noahvonleh or damianlillard by haleyoshaughnessy goldenstatewarriors abc
condolences to isaiah thomas and his family
five thoughts on the playoffs so far
@ sheaserrano new nickname for pat beverley thepurge
houstonrockets defeat okc 11887 behind jharden13's 37 points 7 rebounds and 9 assists
isaiah thomas leads boston with a gamehigh 33 points his second career 30 point playoff game in the loss
the latest the jazz daily thanks to @ sportshuboz @ franpebu @ jamiebreiwick jazz
nba responds to fanmade jeremy lin flagrant foul video with cold hard stats
sunday shootaround parity defines the nba east playoffs
coachella 2017 kendrick lamar delivers a knockout as sunday's headliner clippers lac
sportsevents tickets nba eastern conference first round washington wizards 2 4
rockets jamesharden 12 national treasures material and autograph to 4949 11 mvp
gotta get passed rd 1 to get the he's good but look at what @ isaiahthomas did for boston
carmelo anthony backed by nbpa after phil jackson comments knicks nyk
lakers news larry nance jr plans to take 'son' ivica zubac to soccer game lakers
201213 panini past and present anthonydavis rc lot treads rise 'n' shine allstar
201617 panini court kings aurora 11 klay thompson rare sp case hit warriors allstar
day after sister's death thomas plays for celts bostonceltics isaiahthomas
san antonio spurs 201617 donruss team set kawhi leonard tony parker pau gasol allstar
playoffs two ways to look at warriors surviving blazers' best game 1 punch
the africa game is back
wizards bulls warriors y rockets se adelantan
im so excited for the playoffs to start
short sleeve player performance name and tee basketball
sneaker deals nike zoom kobe vii 7 system purplegold yin and yang lakers 488371501 sz
sneaker deals mens air jordan retro 3 iii wool dark grey sail 854263004 basketball
check out nba mitchell amp ness indiana pacers 30 george mcginnis sewn jersey mens 60 indianapacers jersey
sneaker deals reebok question men's sz 12 wbox 10th anniversary edition iverson jordan
sb nation silver screen and roll finding the silver linings of the lakers disappointing season lakeshow
la daily news inside the lakers how lakers corey brewer helped young players with lakeshow
fansided hoops habit what does the future hold for brandon ingram lakeshow
fox sports what does the future hold for brandon ingram lakeshow
celticsisaiah thomas personal will play in tuesday's game vs chicago @ isaiahthomas2
plenty of rams potentially switching positions in 2017 nfl cfb mlb losangelesrams
i'm dripping like a faucet amp a pocket full of making big moves bwa
@ csnma dumps longtime wizards color analyst philchenier @ csnwizards
lamarcusaldridge 20 card lot trail blazers allstars
adidas stephen curry golden state warriors women's replica jersey royal blue
topsports via cbs sports ufc champ jose aldo on fight culture 'the money is what matters today' brian
topsports via cbs sports nba playoffs pacers aren't 2013 warriors but they're in a similar spot vs
russell westbrook was horrible last night
proballmetrics kelly oubre knee doesn't practice monday draftkings fanduel fantasy dfs lineups fant
proballmetrics jason smith knee doesn't practice monday draftkings fanduel fantasy dfs lineups fant
proballmetrics isaiah thomas personal plans to play tuesday draftkings fanduel fantasy dfs lineups
tim duncan showed up on spurs shootaround today via rnba basketball
wire fantasy baseball today podcast talking weekend eric thames james paxton
isaiah thomas pg bos is probable tuesday vs chi personal draftkings fanduel dfs proballmetrics
wire ufc champ jose aldo on fight culture 'the money is what matters today'
wire nba playoffs pacers aren't 2013 warriors but they're in a similar spot vs cavs
300 michael jordan 84 draft gold 2003 lebronjames rookie gem mint 10 lot allstar
jeremylin yeezy adidas yeezy boost 350 v2 black copper sz105 w pacsun receipt by1605
rockets jamesharden rockets 201617 hoops basketball card 116 bargains deals
