neon drops pet sack etsy guineapig hedgehog ferret sugarglider pets petbed handmade rat epiconetsy
curls for the dogs biceps animal pet dog
please rt have you seen jack missing lost pet in murray ut 84107
please rt have you seen csongi tsongi missing lost pet in pearland tx 77584
pet sex free porn blooper premature
bday laika love oes old english sheep dog pet animal lover bday birthday like4like
please rt found pet in jacksonville fl 32207 seeking owner
shower part 2cat catsofinstagram pet persiancat shower longweekend
please rt have you seen ivy missing lost pet in phoenix az 85008
me timereticulatedpython retic python albinoretic whitephase reptiles snake pet petstagram reptile
9 tips for keeping your pet safe in snow winter dogcare
pug lovers tshirt pug lovers tshirt 3570 by wonderful12345 pet
click like and leave a comment if you want to go to harvard as well or oxfordwebcomic comic manga anime
lets play an exciting game of will my hermit crab ever pick an appropriate sized shell hermitcrab crab
video cat portrait painting ginger 'monty' 10x12 catportrait petportrait cat pet painting
lost pet alert milford ct 06460 rey dsh cat pet lostpet
pet owners pawgeant sunday 611 get registered part of proceeds go to patriots and paws veterans pawgeant
pet owners pawgeant sunday 611 get registered part of proceeds go to @ patriotsandpaws veterans pawgeant
please rt have you seen sherry missing lost pet in houston tx 77053
please rt have you seen luna missing lost pet in garland tx 75041
please rt have you seen blacky missing lost pet in irving tx 75061
what'cha staring atbeardeddragon reptile pet cute small baby staringcontest lol
dog food online uk there is no such thing as part freedom pure dog food pet
mind blowing facts you never knew about funniest hilarious pet
isn't my hamster adorablehamster pet animal hamster collection
please rt have you seen dude missing lost pet in denver co 80205
please rt have you seen tew t taylor missing lost pet in morrison co 80465
dog portrait painting of 'zsa zsa' 12x16ins dogportrait petportrait dog pet poodle painting
neon drops pet sack etsy guineapig hedgehog ferret sugarglider pets petbed handmade rat epiconetsy
curls for the dogs biceps animal pet dog
please rt have you seen jack missing lost pet in murray ut 84107
please rt have you seen csongi tsongi missing lost pet in pearland tx 77584
pet sex free porn blooper premature
bday laika love oes old english sheep dog pet animal lover bday birthday like4like
please rt found pet in jacksonville fl 32207 seeking owner
shower part 2cat catsofinstagram pet persiancat shower longweekend
please rt have you seen ivy missing lost pet in phoenix az 85008
me timereticulatedpython retic python albinoretic whitephase reptiles snake pet petstagram reptile
9 tips for keeping your pet safe in snow winter dogcare
pug lovers tshirt pug lovers tshirt 3570 by wonderful12345 pet
click like and leave a comment if you want to go to harvard as well or oxfordwebcomic comic manga anime
lets play an exciting game of will my hermit crab ever pick an appropriate sized shell hermitcrab crab
video cat portrait painting ginger 'monty' 10x12 catportrait petportrait cat pet painting
lost pet alert milford ct 06460 rey dsh cat pet lostpet
pet owners pawgeant sunday 611 get registered part of proceeds go to patriots and paws veterans pawgeant
pet owners pawgeant sunday 611 get registered part of proceeds go to @ patriotsandpaws veterans pawgeant
please rt have you seen sherry missing lost pet in houston tx 77053
please rt have you seen luna missing lost pet in garland tx 75041
please rt have you seen blacky missing lost pet in irving tx 75061
what'cha staring atbeardeddragon reptile pet cute small baby staringcontest lol
dog food online uk there is no such thing as part freedom pure dog food pet
mind blowing facts you never knew about funniest hilarious pet
isn't my hamster adorablehamster pet animal hamster collection
please rt have you seen dude missing lost pet in denver co 80205
she's chilling here but my 13 year old cat is very spunkycat kitten meow pet kitty catlover
please rt have you seen cagney missing lost pet in coloradosprings co 80909
my little muffin man pug dog pet
feeding time salmonpinkbirdeater juvie tarantula lasiodoraparahybana pet
i'm brad please adopt me i'll be a wonderful pet cat portsmouth virginia cats tuxies adoptme
toby out n' about in the wind elhermanito dog doglover toby tobyrocks pet
please rt have you seen ellie missing lost pet in minneapolis mn 55414
introduction to pet insurance pet insurance
please rt have you seen mrs b missing lost pet in avondale az 85392
toby winding elhermanito dog doglover toby tobyrocks pet margaraestahappy familytime
please rt have you seen rosie missing lost pet in universitypla wa 98467
please rt have you seen roose missing lost pet in columbus oh 43202
video dog portrait painting dachshund 'herman' 12x10ins dogs cute pet portrait art pet drawing dachshund
good dog food brand happiness is working with jack lemmon pure dog food pet
neon drops pet sack etsy guineapig hedgehog ferret sugarglider pets petbed handmade rat epiconetsy
curls for the dogs biceps animal pet dog
please rt have you seen jack missing lost pet in murray ut 84107
please rt have you seen csongi tsongi missing lost pet in pearland tx 77584
pet sex free porn blooper premature
bday laika love oes old english sheep dog pet animal lover bday birthday like4like
please rt found pet in jacksonville fl 32207 seeking owner
shower part 2cat catsofinstagram pet persiancat shower longweekend
please rt have you seen ivy missing lost pet in phoenix az 85008
me timereticulatedpython retic python albinoretic whitephase reptiles snake pet petstagram reptile
9 tips for keeping your pet safe in snow winter dogcare
pug lovers tshirt pug lovers tshirt 3570 by wonderful12345 pet
click like and leave a comment if you want to go to harvard as well or oxfordwebcomic comic manga anime
lets play an exciting game of will my hermit crab ever pick an appropriate sized shell hermitcrab crab
video cat portrait painting ginger 'monty' 10x12 catportrait petportrait cat pet painting
lost pet alert milford ct 06460 rey dsh cat pet lostpet
deciding whether or not to get pet insurance pet insurance
please rt have you seen buzz missing lost pet in spring tx 77373
sexy anal videos pet sex free
the cuteness is killing me poppy pet cute
this image newampsold on shutterstock pet puppy kitten chat gatos stretching silvercats cat kids cute
pet wearable news gopher otcqb goph reports on two day field test of the guardian orb pet tracking technology
please rt have you seen sif missing lost pet in streamwood il 60107
prince meesuah the handicapped toypoodle who owns every chair he sees dog pet animals
please rt have you seen harley missing lost pet in cleveland oh 44113
pet wearables that monitor health pet lover geek pettech
maybe fluffy is hungry againdexterthemonster pet dogslife
make your own dog food hatred is blind as well as love @ dogsbfuk pure dog food pet
video dog portrait painting 'annie' 10x8 dogportrait petportrait dog pet drawing
isn't my hamster adorablehamster pet animal hamster collection
please rt found pet in lasvegas nv 89107 seeking owner
please rt have you seen mimi engle missing lost pet in columbus oh 43224
1st time in industrylatest international offers at pp hdpe lldpe ldpe pvc ps pet eva amp abs
1st time in industrylatest international offers at pp hdpe lldpe ldpe pvc ps pet eva amp abs
please rt have you seen kranky missing lost pet in losangeles ca 90016
please rt found pet in roseville ca 95678 seeking owner
please rt have you seen lucky missing lost pet in glendale ca 91204
pug lovers baby bodysuit pug lovers baby bodysuit 1895 by wonderful12345 pet
dogs dog adopt nyc rescue pets animals vegan adopt adoptdontshop pet animal dogsoftwitter our story
she's chilling here but my 13 year old cat is very spunkycat kitten meow pet kitty catlover
please rt have you seen cagney missing lost pet in coloradosprings co 80909
my little muffin man pug dog pet
feeding time salmonpinkbirdeater juvie tarantula lasiodoraparahybana pet
i'm brad please adopt me i'll be a wonderful pet cat portsmouth virginia cats tuxies adoptme
toby out n' about in the wind elhermanito dog doglover toby tobyrocks pet
please rt have you seen ellie missing lost pet in minneapolis mn 55414
introduction to pet insurance pet insurance
please rt have you seen mrs b missing lost pet in avondale az 85392
toby winding elhermanito dog doglover toby tobyrocks pet margaraestahappy familytime
please rt have you seen rosie missing lost pet in universitypla wa 98467
please rt have you seen roose missing lost pet in columbus oh 43202
video dog portrait painting dachshund 'herman' 12x10ins dogs cute pet portrait art pet drawing dachshund
good dog food brand happiness is working with jack lemmon pure dog food pet
groom your family pet with the easy to use deshedding comb get it now and receive 20 off
about your pets health pet life complete joint coat amp health care for
our puppy is still cute vicyuwono pet petlove petlover germanshepherdcute
please rt found pet in chicago il 60639 seeking owner
naked porn hub pet sex
pet sets dog cat ruffle hat amp collar aqua purple rose buds handmade cr custom made
ring obsession over poll's hair ring obsessed obsession hand art pet doghair
pet ruffle collar dog cat browncopperaqua handmade crochet by bren b exclusive
pet ruffle collar dog cat browncopperaqua handmade crochet by bren b just for you
best natural dog food for puppies hunger is the best pickle pure dog food pet
pet ruffle collar dog cat peachwhite small handmade crochet by bren b be inspired
custom made pet dog cat hat shark attack crochet by bren by handcraf consider now
check out the tour amp win 25 visa gc ya middlegrade paranormal supernatural mystery pet @ dianemoatauthor
please rt have you seen lucy magoosy missing lost pet in spring tx 77373
video dog portrait painting 'baxter' 10x12ins dogs cute pet portrait art pet painting
please rt have you seen pepperoni missing lost pet in coloradosprings co 80903
sagan and loki @ saganandloki watch our pet butterfly playlist homeschool stem
please rt found pet in houston tx 77004 seeking owner
please rt found pet in brea ca 92821 seeking owner
we totally love this idea via twitter
pug lovers poster pug lovers poster 1045 by wonderful12345 pet
deciding whether or not to get pet insurance pet insurance
please rt have you seen buzz missing lost pet in spring tx 77373
sexy anal videos pet sex free
the cuteness is killing me poppy pet cute
this image newampsold on shutterstock pet puppy kitten chat gatos stretching silvercats cat kids cute
pet wearable news gopher otcqb goph reports on two day field test of the guardian orb pet tracking technology
please rt have you seen sif missing lost pet in streamwood il 60107
prince meesuah the handicapped toypoodle who owns every chair he sees dog pet animals
please rt have you seen harley missing lost pet in cleveland oh 44113
pet wearables that monitor health pet lover geek pettech
maybe fluffy is hungry againdexterthemonster pet dogslife
make your own dog food hatred is blind as well as love @ dogsbfuk pure dog food pet
video dog portrait painting 'annie' 10x8 dogportrait petportrait dog pet drawing
isn't my hamster adorablehamster pet animal hamster collection
please rt found pet in lasvegas nv 89107 seeking owner
please rt have you seen mimi engle missing lost pet in columbus oh 43224
1st time in industrylatest international offers at pp hdpe lldpe ldpe pvc ps pet eva amp abs
1st time in industrylatest international offers at pp hdpe lldpe ldpe pvc ps pet eva amp abs
please rt have you seen kranky missing lost pet in losangeles ca 90016
please rt found pet in roseville ca 95678 seeking owner
5 benefits of hiring a professional dog trainer spot dog training pet professionals daycare nyc
please rt have you seen zeegy missing lost pet in oklahomacity ok 73135
have you lost your pet dont worry download our useful petguardianapp to find your lostpet available at
cats playing kitten crazy petsmart pet poodlepaw fluff shrimp food poland uk japan via @ youtube
and then i realized my origins and it was okanimals animal pet socialenvy shopstemdesigns dog cat do
dog portrait painting of german shepherd 10x12ins dogportrait petportrait dog pet painting
my boy tuna he is risen tuna cat feline pussy kitty kittycat pussycat caturday pet
productivity creativity boosts are among benefits of pets in the workplace data infographic in post pet
natural dog food for small breed peace begins with a smile pure dog food pet
peoplepets this is teamwork via twitter
pug lovers computer sleeve pug lovers computer sleeve 3345 by wonderful12345 pet
1st time in industrylatest international offers at pp hdpe lldpe ldpe pvc ps pet eva amp abs
1st time in industrylatest international offers at pp hdpe lldpe ldpe pvc ps pet eva amp abs
1st time in industrylatest international offers at pp hdpe lldpe ldpe pvc ps pet eva amp abs
1st time in industrylatest international offers at pp hdpe lldpe ldpe pvc ps pet eva amp abs
1st time in industrylatest international offers at pp hdpe lldpe ldpe pvc ps pet eva amp abs
1st time in industrylatest international offers at pp hdpe lldpe ldpe pvc ps pet eva amp abs
please rt have you seen lady missing lost pet in minneapolis mn 55412
please rt have you seen rex missing lost pet in jacksonville fl 32204
please rt have you seen thirsty missing lost pet in longbeach ca 90813
please rt have you seen chico missing lost pet in chicago il 60629
groom your family pet with the easy to use deshedding comb get it now and receive 20 off
about your pets health pet life complete joint coat amp health care for
our puppy is still cute vicyuwono pet petlove petlover germanshepherdcute
please rt found pet in chicago il 60639 seeking owner
naked porn hub pet sex
pet sets dog cat ruffle hat amp collar aqua purple rose buds handmade cr custom made
ring obsession over poll's hair ring obsessed obsession hand art pet doghair
pet ruffle collar dog cat browncopperaqua handmade crochet by bren b exclusive
pet ruffle collar dog cat browncopperaqua handmade crochet by bren b just for you
best natural dog food for puppies hunger is the best pickle pure dog food pet
pet ruffle collar dog cat peachwhite small handmade crochet by bren b be inspired
custom made pet dog cat hat shark attack crochet by bren by handcraf consider now
check out the tour amp win 25 visa gc ya middlegrade paranormal supernatural mystery pet @ dianemoatauthor
please rt have you seen lucy magoosy missing lost pet in spring tx 77373
video dog portrait painting 'baxter' 10x12ins dogs cute pet portrait art pet painting
please rt have you seen pepperoni missing lost pet in coloradosprings co 80903
please rt have you seen autumn missing lost pet in sacramento ca 95817
are you a pet lover wants to buy petsthen post your requirement and search from the large collection @
look out o waiting for leftovers haha pet cat
stuck in the mudjackrussell jackrussellterrier jrt dogsofinstagram dogstagram dogoftheday dog pets pet
please rt have you seen loki missing lost pet in oklahomacity ok 73118
please rt have you seen oreo missing lost pet in westcovina ca 91790
best premium dog food brands sunday school don't make you cool forever pure dog food pet
please rt have you seen kali wags missing lost pet in coloradosprings co 80910
laboratory n a room used for scientific work apprenderingls pet
pet slave pic gallery bully porn game
pet slave pic gallery bully porn game
pug lovers stainless steel water bottle pug lovers stainless steel water bottle 2450 by wonderful12345 pet
fnafoc sfm animals by maroon five nightcore collab show more
video dog portrait painting 'buffy' 10x12ins dogportrait petportrait dog pet painting puppy
5 benefits of hiring a professional dog trainer spot dog training pet professionals daycare nyc
please rt have you seen zeegy missing lost pet in oklahomacity ok 73135
have you lost your pet dont worry download our useful petguardianapp to find your lostpet available at
cats playing kitten crazy petsmart pet poodlepaw fluff shrimp food poland uk japan via @ youtube
and then i realized my origins and it was okanimals animal pet socialenvy shopstemdesigns dog cat do
dog portrait painting of german shepherd 10x12ins dogportrait petportrait dog pet painting
my boy tuna he is risen tuna cat feline pussy kitty kittycat pussycat caturday pet
productivity creativity boosts are among benefits of pets in the workplace data infographic in post pet
natural dog food for small breed peace begins with a smile pure dog food pet
peoplepets this is teamwork via twitter
pug lovers computer sleeve pug lovers computer sleeve 3345 by wonderful12345 pet
1st time in industrylatest international offers at pp hdpe lldpe ldpe pvc ps pet eva amp abs
1st time in industrylatest international offers at pp hdpe lldpe ldpe pvc ps pet eva amp abs
1st time in industrylatest international offers at pp hdpe lldpe ldpe pvc ps pet eva amp abs
1st time in industrylatest international offers at pp hdpe lldpe ldpe pvc ps pet eva amp abs
1st time in industrylatest international offers at pp hdpe lldpe ldpe pvc ps pet eva amp abs
1st time in industrylatest international offers at pp hdpe lldpe ldpe pvc ps pet eva amp abs
please rt have you seen lady missing lost pet in minneapolis mn 55412
video dog portrait painting forrest 10x12 dogportrait petportrait dog pet painting
pet porn hot hard core tenjou tenge porn
baggie and me great time lovely dog baggie pet petlove friends
common pet diseases pet commondiseases
please rt have you seen pelusa missing lost pet in bakersfield ca 93313
my pet teenage toddler ninja turtles they are so cute whenever they see me they pop
please rt have you seen junior perez missing lost pet in austin tx 78721
please rt have you seen pearl missing lost pet in losangeles ca 90046
best and healthiest dog food the best interpreter of the law is custom pure dog food pet
pet pussy naked brothers nat
pug lovers throw blanket pug lovers throw blanket 8925 by wonderful12345 pet
terrier in a bucket under the sundog flash nikon scottish bokeh white animal pet hanging innocent
46 416 pet exposure may reduce allergy and obesity
please rt have you seen sachi missing lost pet in fullerton ca 92832
isn't my hamster adorablehamster pet animal hamster collection
look at my baby obsessed with avocado and dates rat ratsofinstagram ratstagram ratsofig pet petsagra
please rt found pet in chicago il 60634 seeking owner
video dogs portrait painting pitbulls pyro and rogue 10x14 dogportrait petportrait dog pet painting
this dog smh letsgetarkansason pitbulls pet dogstagram @ little rock arkansas
huzzah love rt licentious rough praise disport pet gaiety frolic
are you a pet lover wants to buy petsthen post your requirement and search from the large collection @
look out o waiting for leftovers haha pet cat
stuck in the mudjackrussell jackrussellterrier jrt dogsofinstagram dogstagram dogoftheday dog pets pet
please rt have you seen loki missing lost pet in oklahomacity ok 73118
please rt have you seen oreo missing lost pet in westcovina ca 91790
best premium dog food brands sunday school don't make you cool forever pure dog food pet
please rt have you seen kali wags missing lost pet in coloradosprings co 80910
laboratory n a room used for scientific work apprenderingls pet
pet slave pic gallery bully porn game
pet slave pic gallery bully porn game
pug lovers stainless steel water bottle pug lovers stainless steel water bottle 2450 by wonderful12345 pet
fnafoc sfm animals by maroon five nightcore collab show more
video dog portrait painting 'buffy' 10x12ins dogportrait petportrait dog pet painting puppy
5 benefits of hiring a professional dog trainer spot dog training pet professionals daycare nyc
please rt have you seen zeegy missing lost pet in oklahomacity ok 73135
have you lost your pet dont worry download our useful petguardianapp to find your lostpet available at
please rt found pet in sacramento ca 95815 seeking owner
video dog portrait painting labrador river 12x10 dogportrait petportrait dog pet painting
daily video news feedstock mtnaphtha ethylene propylene styrene edc vcm pta megget more videos
hello kitty pet dog clinic and baby doll doctor toys play show
please rt have you seen kitkit missing lost pet in longbeach ca 90815
like if you are excitedpet
my poor doggy is incredibly sick i hope he gets better in time for his birthday stressed dog pet furbrother worried sicknote sad
very young amateur pet sex free
please rt have you seen maggie missing lost pet in seattle wa 98168
mouse tshirt mouse tshirt 1895 by mvvgrey pet
dog stores online even god lends a hand to honest boldness pure dog food pet
cockatoo searches house for fun cockatoos bird birds wildlife pet pets cute adorable fun
please rt have you seen luna missing lost pet in garland tx 75041
please rt have you seen tew t taylor missing lost pet in morrison co 80465
never loose your pets again dotgps indiegogo crowdfunding pet gps dogs technews
please rt have you seen luna missing lost pet in houston tx 77015
it's totally photoshopped bunny bunnies bunnyfun rabbit rabbits cuteanimal cuteanimals pet pets
the size of that neck bella bear on her way home pet pets petstagram dog dogs
video dog portrait painting forrest 10x12 dogportrait petportrait dog pet painting
pet porn hot hard core tenjou tenge porn
baggie and me great time lovely dog baggie pet petlove friends
common pet diseases pet commondiseases
please rt have you seen pelusa missing lost pet in bakersfield ca 93313
my pet teenage toddler ninja turtles they are so cute whenever they see me they pop
please rt have you seen junior perez missing lost pet in austin tx 78721
please rt have you seen pearl missing lost pet in losangeles ca 90046
best and healthiest dog food the best interpreter of the law is custom pure dog food pet
pet pussy naked brothers nat
pug lovers throw blanket pug lovers throw blanket 8925 by wonderful12345 pet
terrier in a bucket under the sundog flash nikon scottish bokeh white animal pet hanging innocent
46 416 pet exposure may reduce allergy and obesity
please rt have you seen sachi missing lost pet in fullerton ca 92832
isn't my hamster adorablehamster pet animal hamster collection
look at my baby obsessed with avocado and dates rat ratsofinstagram ratstagram ratsofig pet petsagra
please rt found pet in chicago il 60634 seeking owner
video dogs portrait painting pitbulls pyro and rogue 10x14 dogportrait petportrait dog pet painting
this dog smh letsgetarkansason pitbulls pet dogstagram @ little rock arkansas
huzzah love rt licentious rough praise disport pet gaiety frolic
are you a pet lover wants to buy petsthen post your requirement and search from the large collection @
look out o waiting for leftovers haha pet cat
stuck in the mudjackrussell jackrussellterrier jrt dogsofinstagram dogstagram dogoftheday dog pets pet
please rt have you seen loki missing lost pet in oklahomacity ok 73118
please rt have you seen oreo missing lost pet in westcovina ca 91790
best premium dog food brands sunday school don't make you cool forever pure dog food pet
video dog portrait painting retriever annabel 8x10 dogportrait petportrait dog pet drawing
adopt a cat denver adopt pet ut
mouse water bottle mouse water bottle 2320 by mvvgrey pet
please rt have you seen jack missing lost pet in surprise az 85374
pet porn hot hard core jaibait fucked
beautyful naked uae girls pics pet sex free
highest rated dry dog food it's always too early to quit @ pawsandprada pure dog food pet
please rt found pet in riverside ca 92508 seeking owner
deciding whether or not to get pet insurance pet insurance
golden retriever on film 500px popular animals pet
oh just take a look at thisfind a huge range of products for your furry royalspet adorable
sweet dreams dog pet bnw shadow sweetdreams love mexico cdmx instafollow instagood
adopt a cat emily adopt pet ftlaud
dimitri is 12 this year and surrounded by baby girls that want to play with himcat kitten meow pet kitty
please rt found pet in sacramento ca 95815 seeking owner
video dog portrait painting labrador river 12x10 dogportrait petportrait dog pet painting
daily video news feedstock mtnaphtha ethylene propylene styrene edc vcm pta megget more videos
hello kitty pet dog clinic and baby doll doctor toys play show
please rt have you seen kitkit missing lost pet in longbeach ca 90815
like if you are excitedpet
my poor doggy is incredibly sick i hope he gets better in time for his birthday stressed dog pet furbrother worried sicknote sad
very young amateur pet sex free
please rt have you seen maggie missing lost pet in seattle wa 98168
mouse tshirt mouse tshirt 1895 by mvvgrey pet
dog stores online even god lends a hand to honest boldness pure dog food pet
cockatoo searches house for fun cockatoos bird birds wildlife pet pets cute adorable fun
please rt have you seen luna missing lost pet in garland tx 75041
please rt have you seen tew t taylor missing lost pet in morrison co 80465
never loose your pets again dotgps indiegogo crowdfunding pet gps dogs technews
please rt have you seen luna missing lost pet in houston tx 77015
it's totally photoshopped bunny bunnies bunnyfun rabbit rabbits cuteanimal cuteanimals pet pets
the size of that neck bella bear on her way home pet pets petstagram dog dogs
video dog portrait painting forrest 10x12 dogportrait petportrait dog pet painting
pet porn hot hard core tenjou tenge porn
baggie and me great time lovely dog baggie pet petlove friends
common pet diseases pet commondiseases
please rt have you seen pelusa missing lost pet in bakersfield ca 93313
my pet teenage toddler ninja turtles they are so cute whenever they see me they pop
please rt have you seen junior perez missing lost pet in austin tx 78721
please rt have you seen pearl missing lost pet in losangeles ca 90046
best and healthiest dog food the best interpreter of the law is custom pure dog food pet
pet pussy naked brothers nat
pug lovers throw blanket pug lovers throw blanket 8925 by wonderful12345 pet
terrier in a bucket under the sundog flash nikon scottish bokeh white animal pet hanging innocent
46 416 pet exposure may reduce allergy and obesity
please rt have you seen sachi missing lost pet in fullerton ca 92832
isn't my hamster adorablehamster pet animal hamster collection
look at my baby obsessed with avocado and dates rat ratsofinstagram ratstagram ratsofig pet petsagra
please rt found pet in chicago il 60634 seeking owner
video dogs portrait painting pitbulls pyro and rogue 10x14 dogportrait petportrait dog pet painting
this dog smh letsgetarkansason pitbulls pet dogstagram @ little rock arkansas
huzzah love rt licentious rough praise disport pet gaiety frolic
are you a pet lover wants to buy petsthen post your requirement and search from the large collection @
look out o waiting for leftovers haha pet cat
stuck in the mudjackrussell jackrussellterrier jrt dogsofinstagram dogstagram dogoftheday dog pets pet
please rt have you seen loki missing lost pet in oklahomacity ok 73118
petplan looking for a uk care plan for your pet
mondaymayhem miss hybrid @ misshybrid and masie @ masiedee mistress pet strapon boing boing
columbia mo usa supervisor small animal emergency and critical care position will oversee t vet job pet
pupjoy supports great usa based pet organizations and people who do good for dogs
1st time in industryone click watch petglobal offers amp indian bazaar ratesend mail pet @ polymerbazaarcom
planning to get a pet bird soon i should get
pug lovers wall decal pug lovers wall decal 1895 by wonderful12345 pet
video dog portrait painting 'chico' 10x12ins dogs cute pet portrait art pet painting
pet adorable bright cat feeding bowl
best puppy food for labs my mom obviously had a problem @ ukdogracing pure dog food pet
pet natura petz life's an itch allergy all types respiratory asthma bro
adopt a dog ginger adopt pet ut
petstock flea free raised dog bed large 112x69x22cm pet
please rt have you seen cyndil kittens missing lost pet in westsacramento ca 95691
pet buddy's line spring style double diner pet bowl black iron base 8 ounces
how to troll your cat rt troll cat funny cat pet
gymnastics dog rt cute cute funny pet dog funny dog pet dog
when animals have a camera funny video rt cute fail funny cat pet animal dog pictu
patrizia in birdland rt birdland animal food funny restaurant pet funny
dog nightmares rt pet animal nightmares dog sleepwalking funny
when a character from harry potter become a cat rt pet harry movie cat kitten funny p
not lazy i'm indy rt cute food pet adorable funny cat dog
goober the baby goat gets stuck rt dog pet funny goober baby puppy
me me me me me i'm heeere needy much attention needy pet dog cute snapchat
pet talks how does a puppy master the outside world clanimal @ cutepuppygifs
please rt have you seen boobie missing lost pet in foresthills ny 11375
video dog portrait painting retriever annabel 8x10 dogportrait petportrait dog pet drawing
adopt a cat denver adopt pet ut
mouse water bottle mouse water bottle 2320 by mvvgrey pet
please rt have you seen jack missing lost pet in surprise az 85374
pet porn hot hard core jaibait fucked
beautyful naked uae girls pics pet sex free
highest rated dry dog food it's always too early to quit @ pawsandprada pure dog food pet
please rt found pet in riverside ca 92508 seeking owner
deciding whether or not to get pet insurance pet insurance
golden retriever on film 500px popular animals pet
oh just take a look at thisfind a huge range of products for your furry royalspet adorable
sweet dreams dog pet bnw shadow sweetdreams love mexico cdmx instafollow instagood
adopt a cat emily adopt pet ftlaud
dimitri is 12 this year and surrounded by baby girls that want to play with himcat kitten meow pet kitty
please rt found pet in sacramento ca 95815 seeking owner
video dog portrait painting labrador river 12x10 dogportrait petportrait dog pet painting
daily video news feedstock mtnaphtha ethylene propylene styrene edc vcm pta megget more videos
hello kitty pet dog clinic and baby doll doctor toys play show
please rt have you seen kitkit missing lost pet in longbeach ca 90815
like if you are excitedpet
my poor doggy is incredibly sick i hope he gets better in time for his birthday stressed dog pet furbrother worried sicknote sad
very young amateur pet sex free
please rt have you seen maggie missing lost pet in seattle wa 98168
mouse tshirt mouse tshirt 1895 by mvvgrey pet
dog stores online even god lends a hand to honest boldness pure dog food pet
cockatoo searches house for fun cockatoos bird birds wildlife pet pets cute adorable fun
please rt have you seen luna missing lost pet in garland tx 75041
please rt have you seen tew t taylor missing lost pet in morrison co 80465
never loose your pets again dotgps indiegogo crowdfunding pet gps dogs technews
please rt have you seen luna missing lost pet in houston tx 77015
it's totally photoshopped bunny bunnies bunnyfun rabbit rabbits cuteanimal cuteanimals pet pets
the size of that neck bella bear on her way home pet pets petstagram dog dogs
video dog portrait painting forrest 10x12 dogportrait petportrait dog pet painting
pet porn hot hard core tenjou tenge porn
baggie and me great time lovely dog baggie pet petlove friends
common pet diseases pet commondiseases
please rt have you seen pelusa missing lost pet in bakersfield ca 93313
my pet teenage toddler ninja turtles they are so cute whenever they see me they pop
please rt have you seen junior perez missing lost pet in austin tx 78721
please rt have you seen pearl missing lost pet in losangeles ca 90046
best and healthiest dog food the best interpreter of the law is custom pure dog food pet
pet pussy naked brothers nat
pug lovers throw blanket pug lovers throw blanket 8925 by wonderful12345 pet
terrier in a bucket under the sundog flash nikon scottish bokeh white animal pet hanging innocent
46 416 pet exposure may reduce allergy and obesity
please rt have you seen sachi missing lost pet in fullerton ca 92832
isn't my hamster adorablehamster pet animal hamster collection
look at my baby obsessed with avocado and dates rat ratsofinstagram ratstagram ratsofig pet petsagra
please rt found pet in chicago il 60634 seeking owner
video dogs portrait painting pitbulls pyro and rogue 10x14 dogportrait petportrait dog pet painting
this dog smh letsgetarkansason pitbulls pet dogstagram @ little rock arkansas
mouse bath mat mouse bath mat 2635 by mvvgrey pet
isn't my hamster adorablehamster pet animal hamster collection
video dog portrait painting cocker spaniel fishing 10x12 dogportrait petportrait dog pet painting
pet friendly shelter planning information can be found at cats cat dogs dog pet
please rt have you seen princess missing lost pet in joliet il 60435
best food for french bulldog wisdom is always an overmatch for strength pure dog food pet
please rt have you seen baby girl missing lost pet in houston tx 77041
peoplepets mewow via twitter farm
this image newampsold on shutterstock pet puppy kitten chat gatos adorable silvercats cat kids cute
happy birthday dear jangu thanks for being with us pet birthday
petplan looking for a uk care plan for your pet
mondaymayhem miss hybrid @ misshybrid and masie @ masiedee mistress pet strapon boing boing
columbia mo usa supervisor small animal emergency and critical care position will oversee t vet job pet
pupjoy supports great usa based pet organizations and people who do good for dogs
1st time in industryone click watch petglobal offers amp indian bazaar ratesend mail pet @ polymerbazaarcom
planning to get a pet bird soon i should get
pug lovers wall decal pug lovers wall decal 1895 by wonderful12345 pet
video dog portrait painting 'chico' 10x12ins dogs cute pet portrait art pet painting
pet adorable bright cat feeding bowl
best puppy food for labs my mom obviously had a problem @ ukdogracing pure dog food pet
pet natura petz life's an itch allergy all types respiratory asthma bro
adopt a dog ginger adopt pet ut
petstock flea free raised dog bed large 112x69x22cm pet
please rt have you seen cyndil kittens missing lost pet in westsacramento ca 95691
pet buddy's line spring style double diner pet bowl black iron base 8 ounces
how to troll your cat rt troll cat funny cat pet
gymnastics dog rt cute cute funny pet dog funny dog pet dog
when animals have a camera funny video rt cute fail funny cat pet animal dog pictu
patrizia in birdland rt birdland animal food funny restaurant pet funny
dog nightmares rt pet animal nightmares dog sleepwalking funny
when a character from harry potter become a cat rt pet harry movie cat kitten funny p
not lazy i'm indy rt cute food pet adorable funny cat dog
goober the baby goat gets stuck rt dog pet funny goober baby puppy
me me me me me i'm heeere needy much attention needy pet dog cute snapchat
pet talks how does a puppy master the outside world clanimal @ cutepuppygifs
please rt have you seen boobie missing lost pet in foresthills ny 11375
video dog portrait painting retriever annabel 8x10 dogportrait petportrait dog pet drawing
adopt a cat denver adopt pet ut
mouse water bottle mouse water bottle 2320 by mvvgrey pet
please rt have you seen jack missing lost pet in surprise az 85374
pet porn hot hard core jaibait fucked
beautyful naked uae girls pics pet sex free
highest rated dry dog food it's always too early to quit @ pawsandprada pure dog food pet
please rt found pet in riverside ca 92508 seeking owner
deciding whether or not to get pet insurance pet insurance
golden retriever on film 500px popular animals pet
oh just take a look at thisfind a huge range of products for your furry royalspet adorable
sweet dreams dog pet bnw shadow sweetdreams love mexico cdmx instafollow instagood
adopt a cat emily adopt pet ftlaud
dimitri is 12 this year and surrounded by baby girls that want to play with himcat kitten meow pet kitty
please rt found pet in sacramento ca 95815 seeking owner
video dog portrait painting labrador river 12x10 dogportrait petportrait dog pet painting
daily video news feedstock mtnaphtha ethylene propylene styrene edc vcm pta megget more videos
hello kitty pet dog clinic and baby doll doctor toys play show
please rt have you seen kitkit missing lost pet in longbeach ca 90815
like if you are excitedpet
my poor doggy is incredibly sick i hope he gets better in time for his birthday stressed dog pet furbrother worried sicknote sad
very young amateur pet sex free
please rt have you seen maggie missing lost pet in seattle wa 98168
mouse tshirt mouse tshirt 1895 by mvvgrey pet
dog stores online even god lends a hand to honest boldness pure dog food pet
cockatoo searches house for fun cockatoos bird birds wildlife pet pets cute adorable fun
please rt have you seen luna missing lost pet in garland tx 75041
please rt have you seen tew t taylor missing lost pet in morrison co 80465
never loose your pets again dotgps indiegogo crowdfunding pet gps dogs technews
please rt have you seen luna missing lost pet in houston tx 77015
it's totally photoshopped bunny bunnies bunnyfun rabbit rabbits cuteanimal cuteanimals pet pets
the size of that neck bella bear on her way home pet pets petstagram dog dogs
video dog portrait painting forrest 10x12 dogportrait petportrait dog pet painting
pet porn hot hard core tenjou tenge porn
baggie and me great time lovely dog baggie pet petlove friends
common pet diseases pet commondiseases
please rt have you seen pelusa missing lost pet in bakersfield ca 93313
my pet teenage toddler ninja turtles they are so cute whenever they see me they pop
please rt have you seen junior perez missing lost pet in austin tx 78721
please rt have you seen pearl missing lost pet in losangeles ca 90046
best and healthiest dog food the best interpreter of the law is custom pure dog food pet
isn't my hamster adorablehamster pet animal hamster collection
wellturn pet training products pet610 anatomy new products welcome to purchase
pug lovers watches pug lovers watches 5020 by wonderful12345 pet
cumming ga usa veterinary technician we maintain high support staff to doctor ratio in or animal job pet
with neo photo people pet petlovers instagram followme igfollow offday @ kuching
the week pet goat saves arkansas family from fire a family in poinsett county arkansas is crediting
pets accessories online we aren't cool and never will be @ unownedpup pure dog food pet
video dog portrait painting french bulldog oreo 10x12 dogportrait petportrait dog pet drawing
please rt have you seen tank missing lost pet in losangeles ca 90039
man walking type4 rt intheclassof mortal pet supportedby backpackin
mouse bath mat mouse bath mat 2635 by mvvgrey pet
isn't my hamster adorablehamster pet animal hamster collection
video dog portrait painting cocker spaniel fishing 10x12 dogportrait petportrait dog pet painting
pet friendly shelter planning information can be found at cats cat dogs dog pet
please rt have you seen princess missing lost pet in joliet il 60435
best food for french bulldog wisdom is always an overmatch for strength pure dog food pet
please rt have you seen baby girl missing lost pet in houston tx 77041
peoplepets mewow via twitter farm
this image newampsold on shutterstock pet puppy kitten chat gatos adorable silvercats cat kids cute
happy birthday dear jangu thanks for being with us pet birthday
petplan looking for a uk care plan for your pet
mondaymayhem miss hybrid @ misshybrid and masie @ masiedee mistress pet strapon boing boing
columbia mo usa supervisor small animal emergency and critical care position will oversee t vet job pet
pupjoy supports great usa based pet organizations and people who do good for dogs
1st time in industryone click watch petglobal offers amp indian bazaar ratesend mail pet @ polymerbazaarcom
planning to get a pet bird soon i should get
pug lovers wall decal pug lovers wall decal 1895 by wonderful12345 pet
video dog portrait painting 'chico' 10x12ins dogs cute pet portrait art pet painting
pet adorable bright cat feeding bowl
best puppy food for labs my mom obviously had a problem @ ukdogracing pure dog food pet
pet natura petz life's an itch allergy all types respiratory asthma bro
adopt a dog ginger adopt pet ut
petstock flea free raised dog bed large 112x69x22cm pet
please rt have you seen cyndil kittens missing lost pet in westsacramento ca 95691
pet buddy's line spring style double diner pet bowl black iron base 8 ounces
how to troll your cat rt troll cat funny cat pet
gymnastics dog rt cute cute funny pet dog funny dog pet dog
when animals have a camera funny video rt cute fail funny cat pet animal dog pictu
patrizia in birdland rt birdland animal food funny restaurant pet funny
dog nightmares rt pet animal nightmares dog sleepwalking funny
when a character from harry potter become a cat rt pet harry movie cat kitten funny p
not lazy i'm indy rt cute food pet adorable funny cat dog
goober the baby goat gets stuck rt dog pet funny goober baby puppy
me me me me me i'm heeere needy much attention needy pet dog cute snapchat
pet talks how does a puppy master the outside world clanimal @ cutepuppygifs
please rt have you seen boobie missing lost pet in foresthills ny 11375
video dog portrait painting retriever annabel 8x10 dogportrait petportrait dog pet drawing
adopt a cat denver adopt pet ut
mouse water bottle mouse water bottle 2320 by mvvgrey pet
please rt have you seen jack missing lost pet in surprise az 85374
pet porn hot hard core jaibait fucked
beautyful naked uae girls pics pet sex free
highest rated dry dog food it's always too early to quit @ pawsandprada pure dog food pet
please rt found pet in riverside ca 92508 seeking owner
deciding whether or not to get pet insurance pet insurance
golden retriever on film 500px popular animals pet
oh just take a look at thisfind a huge range of products for your furry royalspet adorable
sweet dreams dog pet bnw shadow sweetdreams love mexico cdmx instafollow instagood
adopt a cat emily adopt pet ftlaud
dimitri is 12 this year and surrounded by baby girls that want to play with himcat kitten meow pet kitty
please rt found pet in sacramento ca 95815 seeking owner
video dog portrait painting labrador river 12x10 dogportrait petportrait dog pet painting
daily video news feedstock mtnaphtha ethylene propylene styrene edc vcm pta megget more videos
hello kitty pet dog clinic and baby doll doctor toys play show
please rt have you seen kitkit missing lost pet in longbeach ca 90815
like if you are excitedpet
my poor doggy is incredibly sick i hope he gets better in time for his birthday stressed dog pet furbrother worried sicknote sad
very young amateur pet sex free
please rt have you seen maggie missing lost pet in seattle wa 98168
mouse tshirt mouse tshirt 1895 by mvvgrey pet
dog stores online even god lends a hand to honest boldness pure dog food pet
cockatoo searches house for fun cockatoos bird birds wildlife pet pets cute adorable fun
please rt have you seen luna missing lost pet in garland tx 75041
please rt have you seen tew t taylor missing lost pet in morrison co 80465
never loose your pets again dotgps indiegogo crowdfunding pet gps dogs technews
please rt have you seen luna missing lost pet in houston tx 77015
pug lovers receiving blanket pug lovers receiving blanket 4460 by wonderful12345 pet
she stole my place sphynxcat sphynx cat pet bedtime sleep sleepy myspot saying london
protect your pet and ensure to keep their microchip details uptodate checkyourchip
pet girl sex movie naked college girls gallery
@ infinitememsltd make bespoke tributes to special pets with clay memorials that can be combined with pet ashes
the best dog food for pitbulls let every man be true and every god a liar pure dog food pet
video dog portrait painting cocker spaniel lilly 10x12 dogportrait petportrait dog pet painting
astoreplus great winter sweatshirt coat for dog clothes puppy warm hoodie cats jumpsuit soft cozy pet
pets cost owners 3500 in the first year via @ mailonline pet
iphone 6 6 plus leather sleeve paw iphone6 iphone6plus iphone6sleeve iphone6cover dog dogs pet
isn't my hamster adorablehamster pet animal hamster collection
wellturn pet training products pet610 anatomy new products welcome to purchase
pug lovers watches pug lovers watches 5020 by wonderful12345 pet
cumming ga usa veterinary technician we maintain high support staff to doctor ratio in or animal job pet
with neo photo people pet petlovers instagram followme igfollow offday @ kuching
the week pet goat saves arkansas family from fire a family in poinsett county arkansas is crediting
pets accessories online we aren't cool and never will be @ unownedpup pure dog food pet
video dog portrait painting french bulldog oreo 10x12 dogportrait petportrait dog pet drawing
please rt have you seen tank missing lost pet in losangeles ca 90039
man walking type4 rt intheclassof mortal pet supportedby backpackin
mouse bath mat mouse bath mat 2635 by mvvgrey pet
isn't my hamster adorablehamster pet animal hamster collection
video dog portrait painting cocker spaniel fishing 10x12 dogportrait petportrait dog pet painting
pet friendly shelter planning information can be found at cats cat dogs dog pet
please rt have you seen princess missing lost pet in joliet il 60435
best food for french bulldog wisdom is always an overmatch for strength pure dog food pet
please rt have you seen baby girl missing lost pet in houston tx 77041
peoplepets mewow via twitter farm
this image newampsold on shutterstock pet puppy kitten chat gatos adorable silvercats cat kids cute
happy birthday dear jangu thanks for being with us pet birthday
petplan looking for a uk care plan for your pet
mondaymayhem miss hybrid @ misshybrid and masie @ masiedee mistress pet strapon boing boing
columbia mo usa supervisor small animal emergency and critical care position will oversee t vet job pet
pupjoy supports great usa based pet organizations and people who do good for dogs
1st time in industryone click watch petglobal offers amp indian bazaar ratesend mail pet @ polymerbazaarcom
planning to get a pet bird soon i should get
pug lovers wall decal pug lovers wall decal 1895 by wonderful12345 pet
video dog portrait painting 'chico' 10x12ins dogs cute pet portrait art pet painting
pet adorable bright cat feeding bowl
best puppy food for labs my mom obviously had a problem @ ukdogracing pure dog food pet
pet natura petz life's an itch allergy all types respiratory asthma bro
adopt a dog ginger adopt pet ut
petstock flea free raised dog bed large 112x69x22cm pet
please rt have you seen cyndil kittens missing lost pet in westsacramento ca 95691
pet buddy's line spring style double diner pet bowl black iron base 8 ounces
how to troll your cat rt troll cat funny cat pet
gymnastics dog rt cute cute funny pet dog funny dog pet dog
when animals have a camera funny video rt cute fail funny cat pet animal dog pictu
patrizia in birdland rt birdland animal food funny restaurant pet funny
dog nightmares rt pet animal nightmares dog sleepwalking funny
when a character from harry potter become a cat rt pet harry movie cat kitten funny p
not lazy i'm indy rt cute food pet adorable funny cat dog
goober the baby goat gets stuck rt dog pet funny goober baby puppy
me me me me me i'm heeere needy much attention needy pet dog cute snapchat
pet talks how does a puppy master the outside world clanimal @ cutepuppygifs
please rt have you seen boobie missing lost pet in foresthills ny 11375
video dog portrait painting retriever annabel 8x10 dogportrait petportrait dog pet drawing
adopt a cat denver adopt pet ut
mouse water bottle mouse water bottle 2320 by mvvgrey pet
please rt have you seen jack missing lost pet in surprise az 85374
pet porn hot hard core jaibait fucked
beautyful naked uae girls pics pet sex free
highest rated dry dog food it's always too early to quit @ pawsandprada pure dog food pet
please rt found pet in riverside ca 92508 seeking owner
shelter pets project alex twotone coffee mug shelter pets project alex twotone coffee mug 2335 by pet
adopt a cat denver adopt pet ut
pixie is 10 years oldcat kitten meow pet kitty catlover animallover feline
isn't my hamster adorablehamster pet animal hamster collection
global pet food marketdriver demand for vitamin amp protein products region north ame
5 friday for clayton county dogs @ youcaring dogsoftwitter animalrescue furbaby medicalfund spayandneuter pet
the australian pet rat has a solid colour stripe on the belly or a colour marking there that corresponds to markings on top
brands of dog food if i am through learning i am through pure dog food pet
reposting @ darwinismsblogdogs do speak but only to those who know how to listen orhan pamuk quotes dogs
video dog portraits oil painting chloe amp pig 10x14 petportrait dog pet painting
get in touch with us for some free nutritionaladvice on providing your pet with the best diet visit
cutest dog world dancing youtube girls cute aww adorable lovely dance pet dogs nice omg socute wow
hi im charlotte a team leader here at pca pet services
using pet as motivational workout partner motivational workout exercise
ty4rt @ eolianas amp @ quinncenation amp @ billmillermd on having a pet fox wildlife dogs 918
pug lovers receiving blanket pug lovers receiving blanket 4460 by wonderful12345 pet
she stole my place sphynxcat sphynx cat pet bedtime sleep sleepy myspot saying london
protect your pet and ensure to keep their microchip details uptodate checkyourchip
pet girl sex movie naked college girls gallery
@ infinitememsltd make bespoke tributes to special pets with clay memorials that can be combined with pet ashes
the best dog food for pitbulls let every man be true and every god a liar pure dog food pet
video dog portrait painting cocker spaniel lilly 10x12 dogportrait petportrait dog pet painting
astoreplus great winter sweatshirt coat for dog clothes puppy warm hoodie cats jumpsuit soft cozy pet
pets cost owners 3500 in the first year via @ mailonline pet
iphone 6 6 plus leather sleeve paw iphone6 iphone6plus iphone6sleeve iphone6cover dog dogs pet
isn't my hamster adorablehamster pet animal hamster collection
wellturn pet training products pet610 anatomy new products welcome to purchase
pug lovers watches pug lovers watches 5020 by wonderful12345 pet
cumming ga usa veterinary technician we maintain high support staff to doctor ratio in or animal job pet
with neo photo people pet petlovers instagram followme igfollow offday @ kuching
the week pet goat saves arkansas family from fire a family in poinsett county arkansas is crediting
pets accessories online we aren't cool and never will be @ unownedpup pure dog food pet
video dog portrait painting french bulldog oreo 10x12 dogportrait petportrait dog pet drawing
please rt have you seen tank missing lost pet in losangeles ca 90039
man walking type4 rt intheclassof mortal pet supportedby backpackin
mouse bath mat mouse bath mat 2635 by mvvgrey pet
isn't my hamster adorablehamster pet animal hamster collection
video dog portrait painting cocker spaniel fishing 10x12 dogportrait petportrait dog pet painting
pet friendly shelter planning information can be found at cats cat dogs dog pet
please rt have you seen princess missing lost pet in joliet il 60435
best food for french bulldog wisdom is always an overmatch for strength pure dog food pet
please rt have you seen baby girl missing lost pet in houston tx 77041
peoplepets mewow via twitter farm
this image newampsold on shutterstock pet puppy kitten chat gatos adorable silvercats cat kids cute
happy birthday dear jangu thanks for being with us pet birthday
petplan looking for a uk care plan for your pet
mondaymayhem miss hybrid @ misshybrid and masie @ masiedee mistress pet strapon boing boing
columbia mo usa supervisor small animal emergency and critical care position will oversee t vet job pet
pupjoy supports great usa based pet organizations and people who do good for dogs
1st time in industryone click watch petglobal offers amp indian bazaar ratesend mail pet @ polymerbazaarcom
planning to get a pet bird soon i should get
pug lovers wall decal pug lovers wall decal 1895 by wonderful12345 pet
video dog portrait painting 'chico' 10x12ins dogs cute pet portrait art pet painting
pet adorable bright cat feeding bowl
best puppy food for labs my mom obviously had a problem @ ukdogracing pure dog food pet
pet natura petz life's an itch allergy all types respiratory asthma bro
adopt a dog ginger adopt pet ut
petstock flea free raised dog bed large 112x69x22cm pet
please rt have you seen cyndil kittens missing lost pet in westsacramento ca 95691
lolly lt3 cat cats catstagram pet pets animal animals petstagram catsofinstagram
isn't my hamster adorablehamster pet animal hamster collection
lolly he doesn't like to be photographed cat cats catstagram pet pets animal
video dog portrait painting boxer roxy 10x12 dogportrait petportrait dog pet painting
cheapest dog food do you have to have a reason for loving pure dog food pet
alphabetical order n the same order as the letters of the alphabet cambridgeenglish pet
petfact dogs have sweat glands in between their paws fact pet
pet slave pic gallery sleeping anal teens
how one mom's post about itchiness during pregnancy might have saved her baby's life farm pet bunny bit
pet your pussy mexicana pussy
isn't my hamster adorablehamster pet animal hamster collection
isn't my hamster adorablehamster pet animal hamster collection
novel environmental protection sealed cream jar is a thick wall pet cream jar which has better physical impact
20 pet websites every petowner needs to know doglovers
video dog portrait painting 'barney' 16x20ins dogs cute pet portrait art pet painting
lets get closer pet montytheboxer boxers instaboxer boxergram
custom made pet dog cat hat shark attack crochet by bren by handcraf shop now
pet ruffle collar dog cat dark pink tiny handmade crochet by bren by h take a look
marnie loves our new dog daughter bruno love dog pet chowpei
fred henrique filhodamichelly dogs petsofinstagram pet brasil cao cachorro
instagram meet crystal my new lionhead rabbitpet rabbit bunny lionheadbunny cute loveher
isn't my hamster adorablehamster pet animal hamster collection
best dog food for skin allergies independence is happiness pure dog food pet
joyful pooches frolic in special pond pooches dogs dog pet pets oasis fun cute adorable random
pet sex xxx pregnant coeds pics
the easter bunny came to see smudgey pet love bunny
join this year's comedy pet photography awards pet photography
join this year's comedy pet photography awards pet photography
join this year's comedy pet photography awards pet photography
join this year's comedy pet photography awards pet photography
join this year's comedy pet photography awards pet photography
join this year's comedy pet photography awards pet photography
join this year's comedy pet photography awards pet photography
join this year's comedy pet photography awards pet photography
join this year's comedy pet photography awards pet photography
join this year's comedy pet photography awards pet photography
join this year's comedy pet photography awards pet photography
join this year's comedy pet photography awards pet photography
join this year's comedy pet photography awards pet photography
leopard you pet mei purr throw pillow leopard you pet mei purr throw pillow 3955 by hgmdigitalarts pet
@ thecorpusjuris receipt didn't indicate which fund money will be deposited in rtc usually at least 3 receipts will
airvets pet relocation is a leading pet shipping company offering pet transportation services
about your pets health pet life complete joint coat amp health care for
video dog portrait painting bulldog sophie amp yorky rose 10x12 dogportrait petportrait dog pet painting
we have been providing reliable pet transportation and pet moving services professionally
peoplepets icymi via twitter farm
erie pa usa veterinary technician looking for experienced veterinary technician to provide e vet job pet
reading is funcat pet love bookstagram catsofinstagram
reading is funcat pet love bookstagram catsofinstagram
pet girl sex movie anel sex free
my wee pal tango cat cutie pet love catsofinstagram
natural dog food for senior dog i grew up in a navy family pure dog food pet
prettiness todaysesther esther cat catstagram catsofinstagram catofinstagram catsofig petsofig pet
new best friends so cute cat catlove bunny rabbit rabbitlove dwarf pet animal
palaminos square wall clock palaminos square wall clock 3345 by interiordecorating pet
video dog portrait painting 'maggie' amp 'winston' 12x16 dogportrait petportrait dog pet painting
please rt have you seen monster missing lost pet in northhighlands ca 95660
catching cookies 500px popular animals pet
don't forget if you've collected loads of easter eggs this year gt chocolate is poisonous to your pet
nowplaying on amazing 80's radio domino dancing by pet shop boys listen to more 80s hits here 80smusic
10 signs you like dogs more than people pupjoy toys dog pet dognews
please rt found pet in katy tx 77449 seeking owner
iams weight control dog food i've never stopped learning @ lisab7us pure dog food pet
learning how to jump @ bibishasha dog doggy pup puppy cute yoga yogi pets animals pet dogsitting
live youtube enjoy happy easter ww3 angle grinder chainsaws x 5 vs156 eggsbunny 3chicks pet sunshine
video dog portrait painting scottish terrier alfie 16x20 dogportrait petportrait dog pet painting
shelter pets project alex twotone coffee mug shelter pets project alex twotone coffee mug 2335 by pet
adopt a cat denver adopt pet ut
pixie is 10 years oldcat kitten meow pet kitty catlover animallover feline
global pet food marketdriver demand for vitamin amp protein products region north ame
5 friday for clayton county dogs @ youcaring dogsoftwitter animalrescue furbaby medicalfund spayandneuter pet
the australian pet rat has a solid colour stripe on the belly or a colour marking there that corresponds to markings on top
brands of dog food if i am through learning i am through pure dog food pet
check out our new pet preparedness blog
white scottish terrier silhouettes pattern duvet cover white scottish terrier silhouettes pattern duvet cover pet
pet ruffle collar dog cat peachwhite small handmade crochet by bren b dog lovers
dog portrait painting of boxer 14x18 dogportrait petportrait dog pet painting
please rt have you seen mia missing lost pet in elkgrove ca 95758
this image new on shutterstock pet puppy kitten chat gatos tabbycats silvercats cat kids sniffing
when your pet needs surgery youre bound to worry make sure your pet is in capable
look at the shape of mirta looking out the back window stretched out like the queen of sheba pet dog
the 'devil' cat catsofinstagram whiskers cat pet staring issues
please rt have you seen henny missing lost pet in statenisland ny 10304
please rt have you seen kitty missing lost pet in phoenix az 85022
adopt a dog bodie adopt pet ut
our lazy ass cat ourcat cat pet petlover animals cats ilovecats
@ thepetreader discover what you pet is really thinking over 35 years of tarot reading experience
my chef cat cats sineriancats catsagram catstagram instagood kitten kitty kittens pet
royal canin yorkie food happiness is no laughing matter @ harveydoguk pure dog food pet
the struggle continues cute adorable pet petsofinstagram pets cuddly animals
my new babies axolotl mexicanwalkingfish salamander fish lizard cute pet animal baby
please rt have you seen malone missing lost pet in losangeles ca 90026
isn't my hamsters adorablehamster pet animal hamster collection
incrediblepet adorable cat kitten pets kitty kittens
please rt have you seen rex missing lost pet in houston tx 77009
common pet diseases pet commondiseases
1st time in industrylatest international offers at pp hdpe lldpe ldpe pvc ps pet eva amp abs
1st time in industrylatest international offers at pp hdpe lldpe ldpe pvc ps pet eva amp abs
1st time in industrylatest international offers at pp hdpe lldpe ldpe pvc ps pet eva amp abs
1st time in industrylatest international offers at pp hdpe lldpe ldpe pvc ps pet eva amp abs
1st time in industrylatest international offers at pp hdpe lldpe ldpe pvc ps pet eva amp abs
1st time in industrylatest international offers at pp hdpe lldpe ldpe pvc ps pet eva amp abs
1st time in industrylatest international offers at pp hdpe lldpe ldpe pvc ps pet eva amp abs
video dog portrait painting retriever jeb 10x12 dogportrait petportrait dog pet drawing
for a cat who's too afraid to come and cuddle he's a good poser cat animals pet
pet owner perceptions of veterinary hospitals has shifted reports recent @ aahahealthypet survey learn more
please rt have you seen rocket missing lost pet in chulavista ca 91915
playtime zazu lovemydog perro pet lasmejoresmascotas fun adivertirse @ ronda
this is whisper she's 13cat kitten meow pet kitty catlover animallover feline
using pet as motivational workout partner motivational workout exercise
a squirrel is this ice cream shop's most loyal customer farm pet bunny
please rt have you seen bo missing lost pet in phoenix az 85020
please rt have you seen teddy bearpug life missing lost pet in chulavista ca 91911
easter parade fashion @ amischrager dog dogs pet pets love animal good poodle westie video lovedogs
shadow joins finn for a little nap under my desk pet dog
wingdog soul pup by @ justjjwriting a mustread pet memoir grab your copy today rrbc
he's so pretty my shimini cat cute pet mine animal
leeds uk veterinary care assistant an exciting opportunity for an animal lover has become a vet job pet
toy poodle puppy wireless computer keyboard toy poodle puppy wireless computer keyboard 5195 by ritmoboxer pet
pet ruffle collar dog cat peachwhite small handmade crochet by bren b shop now
pet ruffle collar dog cat light pink tiny handmade crochet by bren by be inspired
pet ruffle collar dog cat graypurple small handmade crochet by bren b best ever
pet ruffle collar dog cat dark pink tiny handmade crochet by bren by h inquire now
pet ruffle collar dog cat browncopperaqua handmade crochet by bren b dog lovers
isn't my hamster adorablehamster pet animal hamster collection
please share amp donate to help puppy lucy via @ youcaring dogsoftwitter animalrescue furbaby pet medicalfund
pet ruffle collar dog cat dark pink tiny handmade crochet by bren by h pet people
i adopted my tilly and mylo exactly a year ago today from @ celiahammond the time has gone so fast adoptdontshop
strawberry rhubarb sangria is exactly what your thursday needs farm pet bunny
please rt have you seen daisy missing lost pet in indianapolis in 46235
best dog food for yorkshire terriers god's gifts put man's best dreams to shame pure dog food pet
