i'm watching prison break telfieapp @ foxtv @ prisonbreak
@ adelsteinpaul you are amazing in every thing you do privatepractice girlfriendsguidetodivorce
so i still have the final break to watch but i fucking teared up on the last episode
camiseta wanted for prison break michael scofield e lincoln burrows
i've just watched episode s05e02 of prison break
binging hardcore on this almost done with season 1 prison break dominic
i've just watched episode s05e02 of prison break
the vp in this show is how i imagine farright conservatives view hillary as a murderous corporate shill with gang of hitmen
tbag is such a dick i hate him
we're doing this tomorrow wig the break out is on god bless issa bout time
i've just watched episode s04e02 of prison break
411s tv renewal predictions agents of shield upgraded izombie on the bubble agentsofshield izombie
411s tv renewal predictions agents of shield upgraded izombie on the bubble agentsofshield izombie
on 3x05 wish my mans would break out of this prison already
sucre comin in clutch phew issa team
achievements i lost my key i break in into my own room thanks
i unlocked the sticker @ telfieapp telfieapp
i'm watching prison break telfieapp @ foxtv @ prisonbreak
@ adelsteinpaul you are amazing in every thing you do privatepractice girlfriendsguidetodivorce
so i still have the final break to watch but i fucking teared up on the last episode
camiseta wanted for prison break michael scofield e lincoln burrows
i've just watched episode s05e02 of prison break
binging hardcore on this almost done with season 1 prison break dominic
i've just watched episode s05e02 of prison break
the vp in this show is how i imagine farright conservatives view hillary as a murderous corporate shill with gang of hitmen
tbag is such a dick i hate him
we're doing this tomorrow wig the break out is on god bless issa bout time
i've just watched episode s04e02 of prison break
411s tv renewal predictions agents of shield upgraded izombie on the bubble agentsofshield izombie
411s tv renewal predictions agents of shield upgraded izombie on the bubble agentsofshield izombie
on 3x05 wish my mans would break out of this prison already
@ jbergkampvevo you do know this is a clip from the tv show and not related in any way right
i've just watched episode s03e08 of prison break
catching up on and saw that @ rickyune is on the cast interesting you better not die sir or i ri
i've just watched episode s01e18 of prison break
rewatching from season 1 because it's the best thing to do on a sunday
achievements i lost my key i break in into my own room thanks
i unlocked the sticker @ telfieapp telfieapp
i'm watching prison break telfieapp @ foxtv @ prisonbreak
@ adelsteinpaul you are amazing in every thing you do privatepractice girlfriendsguidetodivorce
so i still have the final break to watch but i fucking teared up on the last episode
camiseta wanted for prison break michael scofield e lincoln burrows
i've just watched episode s05e02 of prison break
binging hardcore on this almost done with season 1 prison break dominic
i've just watched episode s05e02 of prison break
the vp in this show is how i imagine farright conservatives view hillary as a murderous corporate shill with gang of hitmen
tbag is such a dick i hate him
i've just watched episode s03e05 of prison break
i've just watched episode s03e04 of prison break
prison break on fox is sooooo good
i love watching the new season of
ion even remember how scholfield died to understand wtf is goin' on this season
finally watching @ prisonbreak s05 e01 ogygia on @ hulu @ foxtv tv action drama fox
i've just watched episode s04e03 of prison break
me when trying to figure out scofield's plan
michael @ everyone who tries to join his escape plans
3rd paragraph down i divorced one of the shooters fails to free six prison inmates
@ jbergkampvevo you do know this is a clip from the tv show and not related in any way right
i've just watched episode s03e08 of prison break
catching up on and saw that @ rickyune is on the cast interesting you better not die sir or i ri
i've just watched episode s01e18 of prison break
rewatching from season 1 because it's the best thing to do on a sunday
achievements i lost my key i break in into my own room thanks
i unlocked the sticker @ telfieapp telfieapp
i'm watching prison break telfieapp @ foxtv @ prisonbreak
@ adelsteinpaul you are amazing in every thing you do privatepractice girlfriendsguidetodivorce
so i still have the final break to watch but i fucking teared up on the last episode
camiseta wanted for prison break michael scofield e lincoln burrows
@ rockmonddunbar wishing everyday was tuesday
i've just watched episode s01e20 of prison break
michael crying cause he thinks sara is dead nah my chest
finally started new season of tonight it's tv's fast amp furious unabashedly over the top so fun gang's back together
i've just watched episode s01e16 of prison break
@ prisonbreak this show is interesting with the new season you got us he ain't dead fo real
season 3 of prison break is so bad rl depressed about it
i've just watched episode s03e05 of prison break
i've just watched episode s03e04 of prison break
prison break on fox is sooooo good
i love watching the new season of
ion even remember how scholfield died to understand wtf is goin' on this season
finally watching @ prisonbreak s05 e01 ogygia on @ hulu @ foxtv tv action drama fox
i've just watched episode s04e03 of prison break
me when trying to figure out scofield's plan
michael @ everyone who tries to join his escape plans
3rd paragraph down i divorced one of the shooters fails to free six prison inmates
@ jbergkampvevo you do know this is a clip from the tv show and not related in any way right
i've just watched episode s03e08 of prison break
catching up on and saw that @ rickyune is on the cast interesting you better not die sir or i ri
i've just watched episode s01e18 of prison break
watching @ prisonbreak season 5 episode 2 the best show right now
it's funny how she tells paul it's exactly what they did to lincoln as if paul had nothing to do with it
i've just watched episode s01e21 of prison break
we are all waiting for this moment @ prisonbreak
@ hellorobincooks @ mollymoon hubby bleubrie perfect sunday wind down
paul kellerman's phone calls are as creepy as ever and i love it
i gotta be up so early tomorrow and yet i keep hitting next episode i'm in too deep
@ rockmonddunbar wishing everyday was tuesday
i've just watched episode s01e20 of prison break
michael crying cause he thinks sara is dead nah my chest
finally started new season of tonight it's tv's fast amp furious unabashedly over the top so fun gang's back together
i've just watched episode s01e16 of prison break
@ prisonbreak this show is interesting with the new season you got us he ain't dead fo real
season 3 of prison break is so bad rl depressed about it
first then mst3kthereturn and tonight veep it's been a good week for tv revivals amp premieres
i just caught up with prison break and my heart is about to explode
why is prison break so damn good i need answers
i've just watched episode s00e08 of prison break
watching @ prisonbreak season 5 episode 2 the best show right now
it's funny how she tells paul it's exactly what they did to lincoln as if paul had nothing to do with it
i've just watched episode s01e21 of prison break
we are all waiting for this moment @ prisonbreak
@ hellorobincooks @ mollymoon hubby bleubrie perfect sunday wind down
paul kellerman's phone calls are as creepy as ever and i love it
i gotta be up so early tomorrow and yet i keep hitting next episode i'm in too deep
@ rockmonddunbar wishing everyday was tuesday
i've just watched episode s02e03 of prison break
been binge watching on i actually like sarah on here than twd n colony lol s3 almost catching up
i've just watched episode s01e17 of prison break
i've just watched episode s01e22 of prison break
first then mst3kthereturn and tonight veep it's been a good week for tv revivals amp premieres
i just caught up with prison break and my heart is about to explode
why is prison break so damn good i need answers
i've just watched episode s00e08 of prison break
watching @ prisonbreak season 5 episode 2 the best show right now
it's funny how she tells paul it's exactly what they did to lincoln as if paul had nothing to do with it
i've just watched episode s01e21 of prison break
we are all waiting for this moment @ prisonbreak
i've just watched episode s05e02 of prison break
i've just watched episode s00e09 of prison break
when cnote saw lincoln again
watching @ prisonbreak s05 e02 kaniel outis on @ hulu @ foxtv tv action drama fox escape
finished thegetdown now we bouta smash through 80 epds of
you've never known anxiety until you've watched prison break
i've just watched episode s02e03 of prison break
been binge watching on i actually like sarah on here than twd n colony lol s3 almost catching up
i've just watched episode s01e17 of prison break
i've just watched episode s01e22 of prison break
the warriors blew a 31 lead in the nba finals with a unanimous mvp and coach of the year
michael left sara to start a vending machine company @ pbwritersroom @ prisonbreak @ paultscheuring
i'm watching prison break telfieapp @ foxtv @ prisonbreak s4e5 on @ netflix tv
whaaaaaat there's a custom emoji i'm using that hashtag for every tweet now
s5 e2 i don't like when that girl does things for money
i'm watching prison break telfieapp @ foxtv @ prisonbreak
i've just watched episode s02e04 of prison break
i've just watched episode s05e02 of prison break
i've just watched episode s00e09 of prison break
when cnote saw lincoln again
watching @ prisonbreak s05 e02 kaniel outis on @ hulu @ foxtv tv action drama fox escape
finished thegetdown now we bouta smash through 80 epds of
you've never known anxiety until you've watched prison break
i've just watched episode s02e03 of prison break
i've just watched episode s02e05 of prison break
i've just watched episode s04e11 of prison break
if you don't love her the way michael loves sara do you even like her
i hate it when you try to fake sickness to get sent to the infirmary in prison then get beaten up due to your isis connection
i just watched prison break s01e01 pilot
the warriors blew a 31 lead in the nba finals with a unanimous mvp and coach of the year
michael left sara to start a vending machine company @ pbwritersroom @ prisonbreak @ paultscheuring
i'm watching prison break telfieapp @ foxtv @ prisonbreak s4e5 on @ netflix tv
whaaaaaat there's a custom emoji i'm using that hashtag for every tweet now
s5 e2 i don't like when that girl does things for money
i'm watching prison break telfieapp @ foxtv @ prisonbreak
i've just watched episode s02e04 of prison break
i've just watched episode s05e02 of prison break
i've just watched episode s00e09 of prison break
when cnote saw lincoln again
watching @ prisonbreak s05 e02 kaniel outis on @ hulu @ foxtv tv action drama fox escape
just 2 episodes and watching again and again @ prisonbreak
okay there's no way this goes on for three more seasons without them getting caught
well the hairs gone said i'd do it for mel to help raise money for her treatment melaniesmissiontolive
nobody does photography better than sisivisage stateofmind29aprilregrann
i've just watched episode s02e05 of prison break
i've just watched episode s04e11 of prison break
if you don't love her the way michael loves sara do you even like her
i hate it when you try to fake sickness to get sent to the infirmary in prison then get beaten up due to your isis connection
i just watched prison break s01e01 pilot
the warriors blew a 31 lead in the nba finals with a unanimous mvp and coach of the year
michael left sara to start a vending machine company @ pbwritersroom @ prisonbreak @ paultscheuring
i'm watching prison break telfieapp @ foxtv @ prisonbreak s4e5 on @ netflix tv
whaaaaaat there's a custom emoji i'm using that hashtag for every tweet now
s5 e2 i don't like when that girl does things for money
i'm watching prison break telfieapp @ foxtv @ prisonbreak
i've just watched episode s02e04 of prison break
i've just watched episode s05e02 of prison break
i've just watched episode s00e09 of prison break
when cnote saw lincoln again
i wanna order a pizza michael scofield
i've just watched episode s02e06 of prison break
i've just watched episode s01e09 of prison break
i swear i didn't think could get any more terrifying until they located it in yemen
just 2 episodes and watching again and again @ prisonbreak
okay there's no way this goes on for three more seasons without them getting caught
well the hairs gone said i'd do it for mel to help raise money for her treatment melaniesmissiontolive
nobody does photography better than sisivisage stateofmind29aprilregrann
i've just watched episode s02e05 of prison break
is the only tv show which could match the intensity of game of thrones
finally caught up on prison break and i'm hooked again @ prisonbreak
i wanna order a pizza michael scofield
i've just watched episode s02e06 of prison break
i've just watched episode s01e09 of prison break
i swear i didn't think could get any more terrifying until they located it in yemen
just 2 episodes and watching again and again @ prisonbreak
okay there's no way this goes on for three more seasons without them getting caught
stayed up late last night to watch final homeland amp return of amazing sameoldfaces takesmeback teabag in both
is the only tv show which could match the intensity of game of thrones
finally caught up on prison break and i'm hooked again @ prisonbreak
i wanna order a pizza michael scofield
i've just watched episode s02e06 of prison break
lincoln digging micheal's coffin and crying while helding his suit closer to his chest
a true fan won't be able to have pizza without thinking of michael scofield and his precious family
time for some more let's do this @ prisonbreak @ netflixuk
do none of lincolns shirts have buttons on the top half
the escape is on allnew continues tonight at 9pm
hackread inmates caught hacking into ohio correctional facility network system hacking security
it's crazy how much planning has gone into this escape
i've just watched episode s04e20 of prison break
and why do i have this feeling that jacob is an enemy
been used to hourlong episodes of tv series so 40mins every ep is such a cliffhanger for me michael is full of surprises
inmates caught hacking into ohio correctional facility network system hacking security
preview when the lights go dark season 5 ep 3tomorrow
i don't want to wish the day away but i can't wait for 9 tonight already
i've just watched episode s05e02 of prison break
decided to see what 8 will be like sipping my rich vanilla coffee from zanzibar i'll fill you in later easter noworries
y'all mind if i praise god jim @ theartofkewlnes melroseec2017
episode 2 of tonight my excitement level is real
it is even too early to continue on this eishplease wen is the next episode of
when you're so into prison break that youre waiting to see micheal scofield or lincoln burrows on the news addiction
i've just watched s02e10 of prison break
so unpredictable galiiiiiiiing
we got to preview a clip from isolation w the100's @ iamavgeropoulos amp dominic purcell very cool
dominic purcell amp wentworth miller give us the scoop on their return
@ prisonbreak i made this origami crane for you follow me please
the first episode of is so damn amazing oh yes
i've just watched episode s05e01 of prison break
find the sheik of light amp i will be freemichaelllllllllllll what does it meani want you to be free now
the face people make when i say i love mondays faces race monday growing
does anyone have a link where i can watch season5 please
prison break is the only think i look forward to watch on monday nights now
