as of 1000 am psei 761140 down 1824 points or 024 percent pseiupdate psei
here's exactly how much a bad credit score will cost homebuyers @ themotleyfool
lt gttrade forex indices commodities and using bitcoin blockchain broker
gold prices rise as north korea tensions keep markets on edge all finance xauusd united states
mbt dividend stock russia's largest wireless cell phone telecommunications pro dividends passiveincome
the richest man in all of asia is aggressively preparing for collapse economy preppertalk investing
traders your about to make the best decision of your financial future check this ai trading software gt
alberta oil opportunity moves the world market finance
the importance of revenue growth in selecting winning investments investing dividend stockanalysis
forget trump or north korea the market may just be struggling because of tax day
5 favorite stock funds for any market
rules for picking when intraday trading investor
china's ant financial raises offer for moneygram to 12 billion forex training
china's lander sports scraps plans to buy stake in southampton forex training
stocks dollar under pressure after soft us data forex training
each domain name listed is for sale forex fx broker brokers trade trading investment bank money
start now for free with value investing our portfolio 40339 valueinvesting
business industries massive trading options video course 35 hours video amp special reports
derivatives careers no bull investing investing 101 for financial freedom video series
obhands pntv they are expecting final approval this week cannabis
boeing bags 22 billion navy contract @ themotleyfool ba
want to be a millionaire increase your 401k contributions @ themotleyfool
take a look at mytradingbuddy great trading education blog with cool stuff for forex futures amp more gt
csrc to nip stock split trend in bud
asia stocks dollar under pressure after soft us data reuters reuters asia
rating the ceos of warren buffett's stocks rating the
hog trading journal for big short swingtrade learn entry trade management amp exit strategy gtgt
hog trading journal for big short swingtrade learn entry trade management amp exit strategy gtgt
oil down slightly in subdued trade after failed north korean missile test forex training
stocks dollar under pressure after soft us data forex training
when truth becomes irrelevant what remains is power forex
blackberry fair value is closer to 10 now could be 20 longterm bbry investing
take a look at @ mytradingbuddy great trading education blog with cool stuff for forex futures amp more gt
take a look at @ mytradingbuddy great trading education blog with cool stuff for forex futures amp more gt
take a look at @ mytradingbuddy great trading education blog with cool stuff for forex futures amp more gt
the latest the health rocket daily thanks to @ smithchrist123 @ annieeisenhauer @ bingbingblog foodie
rating the ceos of warrenbuffett's stocks @ themotleyfool brka brkb ibm ko wfc cost axp khc
americans plan to retire later @ themotleyfool retirement personalfinance money work
the latest the global economic meltdown thanks to @ odekeet @ thehereafter @ investingolaf investing
us technical charts potpourri spy sp500 usdollar bonds investing trading
the flipside of high yield stocks
exercise your consumer power buy a cleaner tomorrow today
deutsche post dhl group it's time to go long as the company remains discounted vs peers fdx
learntotrade forex futures amp options markets from top global trading educators listed here gtgtgt
5 top smallcap stock picks @ themotleyfool kbh bldr eth rdc nwbi
moneygram and ant financial enter into amended merger agreement united states nasdaq 100 components
mjna michael vodicka on marijuana canadian cannabis trading amp investing amp more marijuanastocks hemp
do you have news to share get it published you will reach decision makers achiev
bp oil well continues spilling in alaska an out of control oil well on alaskas nort
us allies weigh options after north korea's missile test cnbc trump
april 17 2017 as of 935 am psei 761892 down 1072 points or 014 percent psei opened at 761544 pseiupdate psei
this is how long it could take for united to recover from its pr disaster stockmarket investing ual qqq
ual this is how long it could take for united to recover from its pr disaster stockmarket investing qqq
fwd your account requires immediate attention pm investing
who holds the power in todays oil market oil stockmarket investing commodities
uso who holds the power in todays oil market oil xle spy stockmarket investing commodities qqq f
the latest the nicholas fainlight finance daily thanks @ br12essentials @ atd @ whistleirl
the 2836 rule how it affects your mortgage approval @ themotleyfool
as of 1000 am psei 761140 down 1824 points or 024 percent pseiupdate psei
here's exactly how much a bad credit score will cost homebuyers @ themotleyfool
lt gttrade forex indices commodities and using bitcoin blockchain broker
gold prices rise as north korea tensions keep markets on edge all finance xauusd united states
mbt dividend stock russia's largest wireless cell phone telecommunications pro dividends passiveincome
the richest man in all of asia is aggressively preparing for collapse economy preppertalk investing
traders your about to make the best decision of your financial future check this ai trading software gt
alberta oil opportunity moves the world market finance
the importance of revenue growth in selecting winning investments investing dividend stockanalysis
forget trump or north korea the market may just be struggling because of tax day
5 favorite stock funds for any market
rules for picking when intraday trading investor
china's ant financial raises offer for moneygram to 12 billion forex training
china's lander sports scraps plans to buy stake in southampton forex training
stocks dollar under pressure after soft us data forex training
each domain name listed is for sale forex fx broker brokers trade trading investment bank money
start now for free with value investing our portfolio 40339 valueinvesting
business industries massive trading options video course 35 hours video amp special reports
derivatives careers no bull investing investing 101 for financial freedom video series
obhands pntv they are expecting final approval this week cannabis
boeing bags 22 billion navy contract @ themotleyfool ba
want to be a millionaire increase your 401k contributions @ themotleyfool
take a look at mytradingbuddy great trading education blog with cool stuff for forex futures amp more gt
csrc to nip stock split trend in bud
asia stocks dollar under pressure after soft us data reuters reuters asia
rating the ceos of warren buffett's stocks rating the
hog trading journal for big short swingtrade learn entry trade management amp exit strategy gtgt
hog trading journal for big short swingtrade learn entry trade management amp exit strategy gtgt
oil down slightly in subdued trade after failed north korean missile test forex training
stocks dollar under pressure after soft us data forex training
when truth becomes irrelevant what remains is power forex
blackberry fair value is closer to 10 now could be 20 longterm bbry investing
take a look at @ mytradingbuddy great trading education blog with cool stuff for forex futures amp more gt
take a look at @ mytradingbuddy great trading education blog with cool stuff for forex futures amp more gt
take a look at @ mytradingbuddy great trading education blog with cool stuff for forex futures amp more gt
the latest the health rocket daily thanks to @ smithchrist123 @ annieeisenhauer @ bingbingblog foodie
rating the ceos of warrenbuffett's stocks @ themotleyfool brka brkb ibm ko wfc cost axp khc
americans plan to retire later @ themotleyfool retirement personalfinance money work
the latest the global economic meltdown thanks to @ odekeet @ thehereafter @ investingolaf investing
us technical charts potpourri spy sp500 usdollar bonds investing trading
the flipside of high yield stocks
exercise your consumer power buy a cleaner tomorrow today
deutsche post dhl group it's time to go long as the company remains discounted vs peers fdx
learntotrade forex futures amp options markets from top global trading educators listed here gtgtgt
5 top smallcap stock picks @ themotleyfool kbh bldr eth rdc nwbi
moneygram and ant financial enter into amended merger agreement united states nasdaq 100 components
mjna michael vodicka on marijuana canadian cannabis trading amp investing amp more marijuanastocks hemp
do you have news to share get it published you will reach decision makers achiev
bp oil well continues spilling in alaska an out of control oil well on alaskas nort
us allies weigh options after north korea's missile test cnbc trump
april 17 2017 as of 935 am psei 761892 down 1072 points or 014 percent psei opened at 761544 pseiupdate psei
this is how long it could take for united to recover from its pr disaster stockmarket investing ual qqq
ual this is how long it could take for united to recover from its pr disaster stockmarket investing qqq
fwd your account requires immediate attention pm investing
trendfollow signals xlf daily etf tradingsignal tradingview
girlsonstocks forget trump or north korea the market may just be struggling because of tax day investing
2go group inc grows consolidated net income by 24 to p134 billion in 2016 from p108 billion psei
iremit partners with omnipay inc to provide multiple currency wallets in prepaid card psei
dividend champion plans their climb tgt investing
tesla is building a pickup and a semitruck following up on earlier tweets indicating
trump tops other presidents in golfing getaways forex
are you bullish or bearish on microsoft start trading msft with bitcoin 151 leverage cool gif
why market crashes are the best time to buy mobpsychology
swing trading simple charts public apr 16 spy vix usoil wtic gld gdx slv dxy vix more
forex strategies and indicators for only 7 foreignexchange financialservices money
hog trading journal for big short swingtrade learn entry trade management amp exit strategy gtgt
start daytrading with this ai trading software that finds the most statistically profitable trades gtgt
start daytrading with this ai trading software that finds the most statistically profitable trades gtgt
zacks analysts expect accenture plc acn to post 151 eps
120 earnings per share expected for dineequity inc din this quarter
zacks brokerages anticipate life storage inc lsi to announce 127 earnings per share
15877 million in sales expected for dineequity inc din this quarter
investing stockmarket nanostockanalysis blackberry fair value is closer to 10 now could be 20 lon
chinese gdp 69 vs 68 forecast all finance china
chinese retail sales 109 vs 96 forecast all finance china
are you bullish or bearish on cocacola start trading ko with bitcoin 151 leverage cool gif
should we be worried about korea or just buy abx paas taho ego history
here are the 5 added to the us marijuana index weednews weedbiz stockmarket
want to be a millionaire increase your 401k contributions @ themotleyfool
climb wall of worry all the way to alltime high
sp500 market internals at technical crossroads spy trading risk spy investing
stock trading system the momentum of now trading spy vrx espr cs uis
the latest the nicholas fainlight finance daily thanks @ br12essentials @ atd @ whistleirl
the 2836 rule how it affects your mortgage approval @ themotleyfool
as of 1000 am psei 761140 down 1824 points or 024 percent pseiupdate psei
here's exactly how much a bad credit score will cost homebuyers @ themotleyfool
lt gttrade forex indices commodities and using bitcoin blockchain broker
gold prices rise as north korea tensions keep markets on edge all finance xauusd united states
mbt dividend stock russia's largest wireless cell phone telecommunications pro dividends passiveincome
the richest man in all of asia is aggressively preparing for collapse economy preppertalk investing
traders your about to make the best decision of your financial future check this ai trading software gt
alberta oil opportunity moves the world market finance
the importance of revenue growth in selecting winning investments investing dividend stockanalysis
forget trump or north korea the market may just be struggling because of tax day
5 favorite stock funds for any market
rules for picking when intraday trading investor
china's ant financial raises offer for moneygram to 12 billion forex training
china's lander sports scraps plans to buy stake in southampton forex training
stocks dollar under pressure after soft us data forex training
each domain name listed is for sale forex fx broker brokers trade trading investment bank money
start now for free with value investing our portfolio 40339 valueinvesting
business industries massive trading options video course 35 hours video amp special reports
derivatives careers no bull investing investing 101 for financial freedom video series
obhands pntv they are expecting final approval this week cannabis
boeing bags 22 billion navy contract @ themotleyfool ba
want to be a millionaire increase your 401k contributions @ themotleyfool
take a look at mytradingbuddy great trading education blog with cool stuff for forex futures amp more gt
csrc to nip stock split trend in bud
asia stocks dollar under pressure after soft us data reuters reuters asia
rating the ceos of warren buffett's stocks rating the
hog trading journal for big short swingtrade learn entry trade management amp exit strategy gtgt
hog trading journal for big short swingtrade learn entry trade management amp exit strategy gtgt
oil down slightly in subdued trade after failed north korean missile test forex training
united airlines' pr disaster was totally avoidable thanks to private jets @ themotleyfool dal ual
asia stocks dollar under pressure after soft us data reuters reuters asia
paul craig roberts it has become embarrassing to be an american
banking regulator urges lenders to control risks all finance
@ fxsstocksen we look forward to seeing china markets pick up translates into uptick for fine art market art
news tax day united airlines earnings samsung galaxy s8 released
stockwatch watch out for these in trade today
chinas economy grows 69 continuing its steady rise shanghai
my 6000 mistake learn 6 hidden facts about live forex futures tradingroom 's gt
herd psychology states that time to buy is when crowd panics
zacks analysts expect kansas city southern ksu will post quarterly sales of 60319 million
analysts set lazard ltd laz price target at 4520
189 billion in sales expected for casey's general stores inc casy this quarter
analysts anticipate casey's general stores inc casy will post earnings of 087 per share
zacks brokerages expect mastercard inc ma will announce quarterly sales of 264 billion
litechnews stocks tumble as banks industrials take broad losses optimum wallstreet
countertrend signals xlb daily etf tradingsignal tradingview
are you bullish or bearish on visa start trading v with bitcoin 151 leverage cool gif
loss avoidance must be the cornerstone of your investment philosophy seth klarman investing via @ ronbeaubien
what taxes will you pay in retirement @ themotleyfool
high paying dividend are vanishing amp pensioners being forced to speculate
chinese fixed asset investment 92 vs 88 forecast all finance china
mustweed bc landlords want ban on marijuana plants in rentals and stratas amp cannabis
mustweed oroville council wants to amend rules to include all marijuana amp cannabis
mustweed marijuana store expected to make history in downtown talkeetna amp8 amp cannabis
mustweed marijuana store expected to make history in downtown talkeetna amp cannabis
traders of forex options futures check the free resource library amp download free educational ebooks
traders of forex options futures check the free resource library amp download free educational ebooks
traders of forex options futures check the free resource library amp download free educational ebooks
traders of forex options futures check the free resource library amp download free educational ebooks
make smarter investments by mastering this simple ratio @ daviladamian money men
as of 1030 am psei 761029 down 1935 points or 025 percent pseiupdate psei
several banking energy property stocks rated 'buy' manila bulletin psei pse
are you bullish or bearish on intel start trading intc with bitcoin 151 leverage cool gif
opening bell top cues that changed your market while you were sleeping tips bse
walmart strikes back amzn wmt investing
chinese a shares could rise but we feel russian make for a better investment
investing nanostockanalysis stockmarket walmart strikes back
morning report apac investors await key chinese data all finance ftse 100 united kingdom united
investors should purchase like they purchase groceries not like they purchase perfume bengraham
long options trading idea on nflx ahead of earnings 17 apr here on our mtbanalysis mag gt
how will gold fare in a negativeinterest environment trading investing
trendfollow signals xlf daily etf tradingsignal tradingview
brokerages anticipate united technologies co utx to post 139 earnings per share
american tower corp amt expected to announce earnings of 150 per share
nifty future to open down 28 points at 9151 dynamic levels tip india
buy phillips 66 investing psx caseyhoerth dividendideas saexclusive psx wlst
elroy's elliott wave weekly gld spy slv ung sh tbt tlt ugaz iau agq sso voo sds
tech viewkeep an eye on marksans pharma once above 60can move to 90100stoploss 50cmp 56 tips bse
hard landing fears for china overblown china is a great long term buy investing trading
fa center when it comes to retirement a dream isnt a plan most people dream about
press digest british business april 17 april 17 the following are the top stories
retweeted dukascopy news en @ fxsfinanceenretail investors cool on shortselling of shares all
triple penny under the radar pick 4 the vip list 50 per month click
retail investors cool on shortselling of shares all finance
usdjpy sags in asia trading commodities all finance united kingdom australia japan nikkei 225
is netflix nflx setting up for a long ahead of earnings 17 apr get analysis amp option play here gtgt
is netflix nflx setting up for a long ahead of earnings 17 apr get analysis amp option play here gtgt
video explaining our app your true pocket trading buddy cool tools for fx futures options traders gt
are you bullish or bearish on microsoft start trading msft with bitcoin 151 leverage cool gif
buy glenmark pharmaceuticals target rs 922 siddharth bhamre tips bse
buy ncc ltd with a target of rs 97 kunal bothra tips bse
buy bank of baroda target rs 185 motilal oswal securities tips bse
sell hindalco industries target rs 168 siddharth bhamre tips bse
buy hindustan petroleum corporation target rs 588 motilal oswal securities tips bse
want to be a millionaire increase your 401k contributions @ themotleyfool
chinese gdp 69 vs 68 forecast forex training
chinese industrial production 76 vs 63 forecast forex training
chinese retail sales 109 vs 96 forecast forex training
chinese fixed asset investment 92 vs 88 forecast forex training
ssh big moves comingwallstreet money trump cash
up to expirysell relinfra apr futures @ 557562stop loss 573target 548549 tips bse
nike in the garden portfolio jnj msft o t tgt nke investing
are you bullish or bearish on volkswagen start trading vow3 with bitcoin 151 leverage cool gif
13 daysbuy gsplabove 1725for target of 180stop loss at 168 tips bse
swing trading and active investing course april 2428 swingtrading
today is not the day better work
3 stocks to hold for the next 50 years investing trading
key words dan rather on trump dropping bombs doesnt make one presidential
swing trading and active investing course april 2428 swingtrading
the policy of being too cautious is the greatest risk of all forex
bp's leaking alaska well stops spraying crude oil still emitting gas officials forex training
china's ant financial raises offer for moneygram to 12 billion forex training
investing stockmarket nanostockanalysis dividend stocks for the pullback
stocks in news ioc cipla nestle indian hume pipe reliance power tips bse
dividend stocks for the pullback psx skt ups investing
17th april strategybuy niftysl 9100 tgt 9200 9225sell nifty above 9200sl 9250 tgt 9150buy bank niftysl 21400 tgt 21750 tips
hard landing fears for china overblown china is a great long term buy investing trading
as of 1100 am psei 760779 down 2185 points or 029 percent pseiupdate psei
market indices to remain traded on the choppy note amrapali aadya trading amp investments all finance
are you trading otc mmj institutional technical analysis hemp amp owcp gtgt thank
5 best telecom 2017 with high dividends cnslstock ctlstock ftrstock hotsto
changing my flight reservations tlt xlu spy qqq dia sh iwm tza sso tna voo sds ivv
stocks down bonds amp gold up stockmarket wallstreet nyse trading investing finance tlt intc bac
hubspot inc hubs given average rating of buy by analysts
avoid this agora financial get rich quick cannabis penny stock scheme cannabis
1990 srna is a sleeping giant probably some of cannabis
lt gttrade forex indices commodities and using bitcoin blockchain broker
stockwatch watch out for these in trade today @ heeraal gets you the stock watch list
why trump's weakdollar policy threatens stock markets tips bse
expert take nifty may decline to 9000 but dips to attract buyers tips bse
top stocks in focus on monday 17 april 2017 tips bse
need2know seven things you must know to start your day on dstreet tips bse
ltlt my top pick for low cost stock trading education trading dji ccl len bbby
found 11 investment articles for your to read at via money budget bonds economy willemtait @ willemtait
high paying dividend are vanishing amp pensioners being forced to speculate
jc penney supports our case that retail is on life support but not dead amzn cost gnc kss
equities exchange the forex joustar system highly accurate pip generator 70 pipsday
litechnews us stock indexes close higher wednesday health trump
asian shares retreat after north korea's failed missile test all finance united states japan nikkei
xlk socially trending now check out why at books
chinese stocks decline as concern over north korea persists bloomberg chinese
zacks analysts anticipate mcdonald's co mcd to post 132 earnings per share
first majestic silver corp ag receives 1425 consensus pt from analysts
equifax inc efx expected to post earnings of 141 per share
india nifty business weekly bearish engulfing in anoverbought area details
buy srf target rs 1740 kunal bothra tips bse
market live nifty opens below 9150 sensex flat dr reddy's gains sun pharma down
news china's economy grew 69 in the first quarter
slammdunk sets off major correction in banking where to next analysis on 11 by @ tradingsafely1 gt
slammdunk sets off major correction in banking where to next analysis on 11 by @ tradingsafely1 gt
this week in solar @ themotleyfool tsla spwr csiq jks hqcl vslr run
i hope everyone had an amazing weekend cant wait to see what the market has in store for monday pennystocks otc stockmarket
identify high probability trading opportunities in stocks futures amp forex forex futures options finance
receive actionable markets analysis trading ideas amp plans to your inbox for forex options futures gt
receive actionable markets analysis trading ideas amp plans to your inbox for forex options futures gt
receive actionable markets analysis trading ideas amp plans to your inbox for forex options futures gt
receive actionable markets analysis trading ideas amp plans to your inbox for forex options futures gt
5 stock market rules from the pros stockmarket
gold gains in asia after solid china gdp korean tensions all finance united kingdom united states
crude falls in asia on korea tension china gdp a bright spot all finance ftse 100 sampp 500 index
the richest man in all of asia is aggressively preparing for collapse economy
nifty can shed 30 points at opening maximus securities tip india
mustweed weed scientist takes over as frederick countys new agriculture amp cannabis
mustweed someone should explain marijuana prohibition to john kelly amp cannabis
mustweed 3 marijuana stocks you can still buy without too much fear amp cannabis
shiny new things best of the best at new york auto show for automotive fans and indu
foreign affairs chair 'shut down' banks that do business with north korea rep ed
see how you can predict the future of forex futures amp markets with advanced trading tools amp indicators
socialmedia feeds that matter all in one place for earnings nasdaq nyse spx ftse options amp more gtgt
socialmedia feeds that matter all in one place for earnings nasdaq nyse spx ftse options amp more gtgt
several banking energy property stocks rated 'buy' manila bulletin psei pse
pboc sets yuan parity rate at 68785 against dollar all finance china
as of 1130 am psei 759052 down 3912 points or 051 percent pseiupdate psei
trump ties china currency decision to help with north korea tips bse
'buy' or 'sell' ideas from experts for monday 17 april 2017 tips bse
nifty outlook corrective activities likely to continue but downside remains capped tips bse
when is the best time to buy
debt industries done deal investor websites
are you bullish or bearish on intel start trading intc with bitcoin 151 leverage cool gif
management exchange learn to wholesale real estate
are you bullish or bearish on ford start trading f with bitcoin 151 leverage cool gif
pick of week buy glenmark @ 888866 for target of 995 stoploss 840 tips bse
girlsonstocks china's ant financial raises offer for moneygram to 12 bln investing
own one of the finest caribbean addresses barbados
own one of the finest caribbean addresses barbados
own one of the finest caribbean addresses barbados
see how you can predict the future of forex futures amp markets with advanced trading tools amp indicators
press digest british business april 17 april 17 the following are the top stories
the healthcare needs of the rural united states regarding the april 12 frontpage ar
monday morning cup of coffee industry trade groups tell senate how to fix financial re
check the @ tradezer0 showcase page commission free trading amp shorts on us equities amp etfs gtgt
f nyse video analysis amp forecast with important trading levels for week 17apr gt
f nyse video analysis amp forecast with important trading levels for week 17apr gt
asian shares weaker as korea tensions outweigh china gdp all finance united states
analog devices inc adi receives consensus recommendation of buy from brokerages
financial planning matters to all tweets via @ timothysykes
sensex nifty an update 17th april2017
litechnews stocks shake off disappointing jobs report and negative news
alert allianz trading mode changed to buy at prediction based on automated news analytics
peculiar in top 10 among 33 ibd sectors 2 have a negative ytd return banks 7 and sampls 107 sector rotation is 1 reason
like us on facebook at or see our nasdaq blog at via earnings @ willemtait cash
the latest i want to work at akamai thanks to @ boosasai @ aasaanpay @ makulkarni1977 boycottsnapchat
otcmktsetfm electric car company creates jobs in america
investing stockmarket nanostockanalysis ibm earnings preview still no revenue growth but playing t
hey traders increase your win rate amp join this options trading room by @ keeneonmarket's top team gtgt
are you bullish or bearish on cisco start trading c with bitcoin 151 leverage cool gif
as of 1200 noon market recess psei 758778 down 4186 points or 055 percent pseiupdate psei
dear investors look forward to a welcome correction in market
survey reveals the majority of americans are saving for retirement all wrong
lt gttrade forex indices commodities and using bitcoin blockchain broker
are you bullish or bearish on visa start trading v with bitcoin 151 leverage cool gif
major relief for delta corp merger plans of its key mkt daman with gujarat denied by authoritiesnifty equity equities
free download free trial mc fractal studies for popular forex and futures
careers industries action forex signals reliable amp accurate forex trading signals
axon @ marklitwin heres my secret weaponstay long and great things will comeall signals activated trading
forex amp futures traders our trading software page lists only best to get you ahead in the markets gt
index trend and in action april 17 2017
dividend stocks for the pullback seeking alpha news
chinese stocks decline as concern over north korea persists bloomberg news
girlsonstocks china's startups are changing and that has major global implications investing
the wall street journal randal quarles said to be tapped for top fed regulatory post
clay death owcp owc pharmaceutical research corp this is our week it is going to be
mariosmack owcp owc pharmaceutical research corp for those of you who haven't bought yet think
jtrade mmex mmex resources corporation are you the ihangout police now or something
feller investors hangout mvp's just throwing this out there if anybody is
jtrade orrv mccusker holding corp lot of eyes coming here soon
otcmktsetfmconsumer power makes the decision electric cars for tomorrow
trading this stock trading software analyzes millions of trades while you sleep to find the
litechnews us stock indexes close higher wednesday health trump
asian shares retreat after north korea's failed missile test all finance united states japan nikkei
xlk socially trending now check out why at books
chinese stocks decline as concern over north korea persists bloomberg chinese
zacks analysts anticipate mcdonald's co mcd to post 132 earnings per share
first majestic silver corp ag receives 1425 consensus pt from analysts
equifax inc efx expected to post earnings of 141 per share
buy srf target rs 1740 kunal bothra tips bse
market live nifty opens below 9150 sensex flat dr reddy's gains sun pharma down
news china's economy grew 69 in the first quarter
slammdunk sets off major correction in banking where to next analysis on 11 by @ tradingsafely1 gt
slammdunk sets off major correction in banking where to next analysis on 11 by @ tradingsafely1 gt
this week in solar @ themotleyfool tsla spwr csiq jks hqcl vslr run
i hope everyone had an amazing weekend cant wait to see what the market has in store for monday pennystocks otc stockmarket
identify high probability trading opportunities in stocks futures amp forex forex futures options finance
receive actionable markets analysis trading ideas amp plans to your inbox for forex options futures gt
receive actionable markets analysis trading ideas amp plans to your inbox for forex options futures gt
receive actionable markets analysis trading ideas amp plans to your inbox for forex options futures gt
apple inc is pushing ahead with testing selfdriving cars @ themotleyfool aapl
ndev received a new alertsee why at msez penny pennystocks pinksheet otc otcbb stock 18
most forex amp brokers offer roughly the same spreads we list those that have better customer service gtgt
hurry buynow lenovo thinkpad notebooks starting @ 35900 overstock excessinventory deal excess2sell
indonesian trade balance 123b vs 120b forecast forex training
hurry buynow lenovo thinkpad notebooks starting @ 35900 overstock excessinventory deal excess2sell
chinese stocks down at open all finance
aldarmomentum accelerated technicalanalysis trading analysis stockmarket
in the news ioc cipla nestle indian hume pipe reliance power
traders get 30 day free trial of this swingtrading software designed by institutional traders
traders get 30 day free trial of this swingtrading software designed by institutional traders
aldarmomentum accelerated currency technicalanalysis shares trading analysis investments
so china has a new aircraft carrier so what @ themotleyfool ba lmt hii
chinese industrial production 76 vs 63 forecast forex training
las vegas strip's new growth driver parking fees @ themotleyfool czr mgm
mustweed indore man arrested with ganja worth rs 2 lakh free press jou amp cannabis
mustweed medical marijuana firm cann group backed by canadas aurora amp cannabis
mustweed trumps likely drugcontrol director is an antimarijuana hardl amp cannabis
mustweed gain the mathematical advantage in the marijuana industry amp cannabis
mustweed comedy camping and cannabis yes please amp cannabis
@ babbarmridul @ prakharsahay @ mygovindia @ pmoindia @ narendramodi @ mlkhattar @ nitingadkari make india
our online daily newspaper aggregates the news that matters to traders trading forex amp much more gtgtgt
latest fundamental analysis by @ tradezer0 for amzn with an eye on its twitch streaming platform gtgtgt
latest fundamental analysis by @ tradezer0 for amzn with an eye on its twitch streaming platform gtgtgt
stock market is so quiet its like purgatory trading tradingpsychology tradingtips shares
dcb bank slips nearly 7 after q4 results tips bse
google new app launch drags just dial info edge shares down too tips bse
high pe stocks can deliver big too tips bse
china's economy grows 69 in first quarter of 2017 govt tips bse
sensex nifty start on a negative note sun pharma asian paints top losers tips bse
chinese stocks down at open tips bse
tokyo stocks open lower on north korea jitters tips bse
straddles spreads options what's your call tips bse
npa window closing banks face a big hit tips bse
tribunal junks appeal against bse decision to delist firm tips bse
66 of americans don't understand this crucial financial concept @ themotleyfool heretohelp
nifty below 9150sensex flat today share market news update 17 april 2017 bse sensex ni
shares weaker as north korea france worry world markets abscbn news psei pse
which will remain in focus for today17 apr 2017get details click here
leadership equities how to fix your own credit in 15 30 days
derivatives debt slingshot options trading signals systems amp strategies
industries economics dividend stocks rock
johnson amp johnson steady and predictable investing dividend stockanalysis jnj seek
fda says no to incy zts snaps up nvet mdxg on the move eurpln united kingdom denmark
promising future high pe can deliver big too read on etmarketstopstory
promising future high pe can deliver big too read on etmarketstopstory
stock futures tipsequity research lab nifty report 17 april 2017 bse sensex nifty
girlsonstocks slack an upstart in messaging now faces giant tech rivals investing
take a look at our great trading education blog with cool stuff for forex futures psychology amp more gtgt
fiddly sheepwolf's 100000000 journey uncle sam is about to roll a joint with all those
jaxdawson ntek nanotech entertainment inc truly sad sorry you feel that way jax
934 million in sales expected for farmland partners inc fpi this quarter
china's graft watchdog investigates senior inspector in drive to tackle internal rot all finance
zacks investment research upgrades independence realty trust inc irt to hold
wow this new fno entrant baby looks so good for 242 indianbank whats cooking banks market
how cisco could win big from india's smart cities @ themotleyfool csco
virtually debt free companies can anybody go bankrupt while debtfree nifty
8 great warren buffett business quotes lt read nasdaq nyse startup investor
get actionable markets analysis trading ideas amp plans to your inbox for fx options futures amp moregt
neural network trading software for futures forex amp etfs with predictive macd stochastic rsi gtgt
neural network trading software for futures forex amp etfs with predictive macd stochastic rsi gtgt
neural network trading software for futures forex amp etfs with predictive macd stochastic rsi gtgt
neural network trading software for futures forex amp etfs with predictive macd stochastic rsi gtgt
investor relations consulting cervitude startups business smallbiz entrepreneurship ipo wallstreet
investor relations consulting cervitude startups business smallbiz entrepreneurship ipo wallstreet
investor relations consulting cervitude startups business smallbiz entrepreneurship ipo wallstreet
the latest the spaceevent llc daily thanks to @ theflynews investing
keep track of stocks in after hours afterhours
sensex trading marginally lower on weak global cues commodities all finance united states japan
futures movers oil prices push lower on us supply and as investors cash in on recent gains
foreign brokerages cut target on infosys whats next tips bse
value of rbi exposure in us bonds at year's low tips bse
nifty is headed for correction time to book profits tips bse
thank you mr trump your dollar comment has ensured niftys bottom remains capped tips bse
indiabulls real estate hits fresh 52week high as board considers proposal for restructuring of business tips bse
investing stockmarket nanostockanalysis avoid exxon for the time being
tech call buy hdfc @ 1491 for target of 1523 stoploss 1480 tips bse
instant alerts on our android app for exclusive trading ideas amp plans for fx options futures amp more
lg display co ltd lpl stock rating upgraded by zacks investment research
littelfuse inc lfus stock rating upgraded by zacks investment research
stocks dollar under pressure after soft us data via @ reuters spx nasdaq stockmarket tradingwisdom
are you ready to be more start trading with bitcoin today up to 2001 leverage forex es spy qqq
the latest the finance daily thanks to @ familysearch6 @ tcno2017 @ chavezkenney
non us traders amp trade nyse amp nasdaq commission free trading with this specialist equities broker gt
non us traders amp trade nyse amp nasdaq commission free trading with this specialist equities broker gt
high pe stocks can deliver big too economic times news
how to use options investing without gambling
fifteen stocks in focus on monday 17 april 2017 economic times news
girlsonstocks oped the australian dollar is trapped and there's little sign of a change investing
will dlf follow indiabulls realestate footsteps to create wealth for shareholdersnifty equity equities
lt gttrade forex indices commodities and using bitcoin blockchain broker
the making of coffee can portfolio my attempt investing
reasons for cheer amid the stock market churn via @ ft stockmarket tradingwisdom tradingstrategies nasdaq
facebook shareholders propose reports on 'fake news' pay equality sampp 500 index nasdaq 100 components
get the 5 top tips for trading turbulent markets in 2017 must read for traders of forex indexes gtgt
neural network trading software for futures forex amp etfs with predictive macd stochastic rsi gtgt
get the 5 top tips for trading turbulent markets in 2017 must read for traders of forex indexes gtgt
get the 5 top tips for trading turbulent markets in 2017 must read for traders of forex indexes gtgt
get the 5 top tips for trading turbulent markets in 2017 must read for traders of forex indexes gtgt
it was so cold today i saw a stockbroker with his hands in his own pocketsforex
stevet bible monday in the octave of easter reading 1 acts
bilo selhi owcp owc pharmaceutical research corp completely agree just blocked
tnc26 owcp owc pharmaceutical research corp ok let's get him ban on this board because he's
taiwan fall slightly us keeps country on currency monitoring list
insperity inc nsp expected to post quarterly sales of 88591 million
sucampo pharmaceuticals inc scmp expected to post quarterly sales of 5347 million
3 things to watch in the stock market this week @ themotleyfool dji gspc jnj nflx axp stockmarket
are you bullish or bearish on volkswagen start trading vow3 with bitcoin 151 leverage cool gif
start your long game to financial security today finance
swingtrading alert service for serious options traders entry price profit targets amp management plan gt
in pics 5 that look favourably poised for buying calls milanvaishnav
as of 150 pm psei 759379 down 3585 points or 047 percent pseiupdate psei
buzzingstock indian hume pipe rises 4 on order win worth rs 177 crore pipe
dr reddy's labs jumps 3 on completion of usfda audit at srikakulam plant
in pics 5 that look favourably poised for buying calls @ milanvaishnav
major money managers have a grim outlook for us stockmarket investment blockchain @ spark10india
improve your trading gt aggregation site pulls in lots of socialmedia feeds for earnings amp more gt
general electric company ge earns buy rating from credit suisse group ag
textrons txt buy rating reiterated at credit suisse group ag
first connecticut bancorp inc fbnk to release earnings on tuesday
pultegroup inc phm short interest update
in the news ioc cipla nestle indian hume pipe reliance power
hot off the press accountants view is out investing
dollar under pressure after soft us datafor more details
shares weaker as north korea france worry world markets abscbn news psei pse
home vehicle loans save the day for nbfcs tips bse
jyothy laboratories surges 14 as henkel may get time to buy 26 stake in company tips bse
mutual funds bought into dmart itc hindalco dumped ril hdfc in march tips bse
dr reddy's labs jumps 3 on completion of usfda audit at srikakulam plant tips bse
mustweed dhs secretary john kelly marijuana is not a factor in the amp cannabis
mustweed akron considers where to allow medical marijuana businesses ak amp cannabis
whether your trading forex gold oil check mytradingbuddy online daily newspaper to stay in the loop
leadership equities your lawn care business marketing plan
realestate finance business credit no personal credit and no personal guarantee
fa center when it comes to retirement a dream isnt a plan most people dream about
the healthcare needs of the rural united states regarding the april 12 frontpage arti
girlsonstocks chinas infrastructure spending is a boon to consumer businesses says yum china investing
financial select sector spdr fund xlf sees significant decrease in short interest united kingdom
a screen of nigeria with a discounted pricetobookvalue and returnonequity has zen abl ubn uba fbn in the leed by the latter
whether your trading forex gold oil check @ mytradingbuddy online daily newspaper to stay in the loop
whether your trading forex gold oil check @ mytradingbuddy online daily newspaper to stay in the loop
whether your trading forex gold oil check @ mytradingbuddy online daily newspaper to stay in the loop
5 things you didn't know about advanced micro devices ibm intc amd nvda urbn sftbf
our 10 top investment tips for today at via willemtait @ willemtait budget gdp nyse ipo invest data
hot 2016 presidential debate that's those whining crying libtards at work if
hot 2016 presidential debate it's lonely in that little naive bubble you live
traders get 30 day free trial of swingtrading software that comes with complete training amp mentoring free
does a discounted bookvalue alongside a high returnonequity have any significance for a price movement in nigeria
a complete guide to volume price analysis trading technicalanalysis spy
what is gst how is it different from now decoding the indirect tax regime sensex gst tax
whether your trading forex commodities futures the best brokers for you on mytradingbuddy gtgt
buzzingstock dr reddy's lab gains 3 on no observations from usfda for srikakulam plant
trump attends easter service with family near maralago new york post trump
whether your trading forex commodities futures the best brokers for you on @ mytradingbuddy gtgt
whether your trading forex commodities futures the best brokers for you on @ mytradingbuddy gtgt
whether your trading forex commodities futures the best brokers for you on @ mytradingbuddy gtgt
1 us airline never overbooks its flights @ themotleyfool ual jblu @ jetblue always my airline of choice
social pr news inform them now ir pr press business bloomberg media motleyfool wsj socialstartnow
china's graft watchdog investigates senior inspector in drive to tackle internal rot all finance
zacks investment research upgrades independence realty trust inc irt to hold
wow this new fno entrant baby looks so good for 242 indianbank whats cooking banks market
how cisco could win big from india's smart cities @ themotleyfool csco
virtually debt free companies can anybody go bankrupt while debtfree nifty
many feared buried as hopes dim after sri lanka garbage dump landslide forex training
the latest social equities thanks to @ pwilke @ mmjtrader @ equijohn investing
vp pence speaking near the dmz delivers strong message to northkorea business investing china tech
litechnews stocks react to trumps progrowth policies video
support amp resistance get commodity sensex trading tips with high accuracy by experts click
buzzingstock gujarat apollo industries rises 7 on buyback approval stockmarket
chinese firm ups bid for us transfer service jack ma president trump must work wit
china head for year's biggest drop as korea risks linger @ business @ markets @ frostyhk
the healthcare needs of the rural united states regarding the april 12 frontpage artic
are you bullish or bearish on ford start trading f with bitcoin 151 leverage cool gif
bonds are history investing in quality is the way to go today
she's more attractive than my broker trading investment
overview of the stock market each trading day stockmarket
sell cit group inc del cit target 4172 266 trading investing
dr reddy's labs jumps over 3
view the latest stock groups on otc watch orcreate your own group daytrader daytrading socialmedia
been looking at ways to make some money in the long run anybody know anything about stocks or a way to make legal money money
traders meet holly the trade ideas investment discovery engine start daytrading with ai today gtgt
traders meet holly the trade ideas investment discovery engine start daytrading with ai today gtgt
this weeks free webinars by @ pbrat40plus gtgt learn elliottwave rules amp observations for swingtrading gtgt
sales leadership golden penny stock is 47 mthly recurring commissions
entrepreneurship sales best trading signals services
hottest topics in the finance industry are equities or what people like to call it
when is the best time to buy
investing stockmarket nanostockanalysis unsustainable dividend growth at kohl's
on watch car do htz m spy tlt
the new place to chat about otc over 10000 live chats messaging watch any stock forums cool features
institutional analysis amp signals for wfc usb and 9 other bankingsector by @ tradingsafely1 gtgtheregtgt
rating the ceos of warren buffett's stocks motley fool news
6 ways to buy for free or very cheap investing
china stocks head for year's biggest drop as korea risks linger bloomberg
high pe stocks can deliver big too economic times economic times high pe stocks
20 top investing books to read this year
ended last week on a great note expecting this week to be even betterforex forextrader forextrading fxtrader
set signals and make money daytrading forex options
are you bullish or bearish on snapchat start trading snap with bitcoin 151 leverage cool gif
institutional analysis amp signals for bbt sti and 9 other bankingsector by @ tradingsafely1 gtgtheregtgt
institutional analysis amp signals for bbt sti and 9 other bankingsector by @ tradingsafely1 gtgtheregtgt
the wall street journal alibaba unit battles for moneygram upping offer to around 12 billion
news nasdaq omx globenewswire india advantage fund ltd factsheet dear sir
bounty429 ntek nanotech entertainment inc wow its pretty obvious who flipped out of ntek
karosin ntek nanotech entertainment inc you speak exactly the same as the bashers on ihub
karosin ntek nanotech entertainment inc i understand your angle on this company but you
tnc26 owcp owc pharmaceutical research corp those two are the sameand i glow and boiler
have no fear all is wellstockmarket stocktips stockexchange unitedairlines
edenred unspon ednmy rating increased to hold at zacks investment research all finance united states
cidara therapeutics inc cdtx stock rating upgraded by zacks investment research all finance united
lt gttrade forex indices commodities and using bitcoin blockchain broker
sexy beat boring bonds suggested strategy trading investing
exclusive @ mytradingbuddy discount on this hitech ai trading software 20 off your order total here gtgt
trump's caddy the new yorker trump
the western union company wu stock rating reaffirmed by royal bank of canada
centennial resource development inc cdev rating lowered to sell at zacks investment research
coty inc coty rating increased to hold at zacks investment research
tadawullisted banking fell on sunday after news of a 4 billion lawsuit against 10 saudi firms and banks
are you bullish or bearish on netflix start trading nflx with bitcoin 151 leverage cool gif
big traders have big market influence personalfinance
it's april 17 2017 at 0200pm does anyone have any interesting financial tech stories to share
start now for free with value investing our portfolio 40339 valueinvesting
in pics 5 that look favourably poised for buying calls milanvaishnav
as of 150 pm psei 759379 down 3585 points or 047 percent pseiupdate psei
buzzingstock indian hume pipe rises 4 on order win worth rs 177 crore pipe
dr reddy's labs jumps 3 on completion of usfda audit at srikakulam plant
in pics 5 that look favourably poised for buying calls @ milanvaishnav
major money managers have a grim outlook for us stockmarket investment blockchain @ spark10india
improve your trading gt aggregation site pulls in lots of socialmedia feeds for earnings amp more gt
dollar under pressure after soft us data news economy
dolly khannas latest pick is a small textile firm 7 things you should know tips bse
rates down should fund managers charge so high tips bse
tcs likely to report weak numbers in q4 earnings retain margin guidance tips bse
new security framework for mobile payments soon tips bse
taiwan lower at close of trade taiwan weighted down 017
as of 240 pm psei 759016 down 3948 points or 052 percent pseiupdate psei
derivatives selfcoaching program for market traders
finance trading master plan send your commissions into overdrive
finance outsourcing worldwide jewelry manufacturersindex
mustweed the martha stewart of marijuana edibles the new yorker amp cannabis
mustweed no bail for alleged ganja traffickers netted in police sting s amp cannabis
mustweed ottawa doctor pioneers use of cannabis to help opioid addicts amp cannabis
mustweed the martha stewart of marijuana edibles the new yorker amp cannabis
mustweed marijuana and medical marijuana the new york times amp cannabis
walt disney co dis short interest up 147 in march
indian shares little changed as investors focus on company results all finance
exercise your consumer power buy a cleaner tomorrow today
branded multi purpose kits in but limited for rates inbox or whatsapp at 917087579889
bmo capital markets analysts give halliburton company hal a 6700 price target
credit suisse group ag analysts give parkerhannifin corp ph a 16900 price target
credit suisse group ag reiterates 7300 price target for banco de chile bch
credit suisse group ag analysts give illinois tool works inc itw a 13500 price target
westpark capital analysts give digital ally inc dgly a 900 price target
nustar energy lp ns earns hold rating from fbr amp co
roth capital reiterates 6500 price target for rsp permian inc rspp
piper jaffray companies analysts give coach inc coh a 4300 price target
jefferies group llc reiterates 2600 price target for horizon pharma plc hznp
buy hampr block hrb target 2370 085 trading investing
are you bullish or bearish on tesla start trading tsla with bitcoin 151 leverage cool gif
sensex trades marginally lower telecom witness selling
these two will perform well for years to come under president trump
here are two top investment ideas for the year all finance xauusd
pres trump gives generals more freedom to make decisions in isis fight business investing tech maga
wintrust financial corp wtfc to release quarterly earnings on tuesday
united financial bancorp inc ubnk set to announce quarterly earnings on tuesday
endeavour silver corps edr outperform rating reiterated at raymond james financial inc
bill gross slow credit growth means little or no gain in
investing nanostockanalysis stockmarket cliffs mother of all stocks
united air removes couple traveling to wedding from plane business investing united @ united family
many feared buried as hopes dim after sri lanka garbage dump landslide forex training
the latest social equities thanks to @ pwilke @ mmjtrader @ equijohn investing
vp pence speaking near the dmz delivers strong message to northkorea business investing china tech
litechnews stocks react to trumps progrowth policies video
support amp resistance get commodity sensex trading tips with high accuracy by experts click
buzzingstock gujarat apollo industries rises 7 on buyback approval stockmarket
chinese firm ups bid for us transfer service jack ma president trump must work wit
china head for year's biggest drop as korea risks linger @ business @ markets @ frostyhk
the healthcare needs of the rural united states regarding the april 12 frontpage artic
are you bullish or bearish on ford start trading f with bitcoin 151 leverage cool gif
bonds are history investing in quality is the way to go today
she's more attractive than my broker trading investment
overview of the stock market each trading day stockmarket
sell cit group inc del cit target 4172 266 trading investing
dr reddy's labs jumps over 3
view the latest stock groups on otc watch orcreate your own group daytrader daytrading socialmedia
the top 10 to invest in gold for 2k16
two set to soar under president trump
what are recommended for intraday trading for 18th april 2017 in india by rkglobal
are you bullish or bearish on apple start trading aapl with bitcoin 151 leverage cool gif
new trading amp advanced charting platform with high quality trading tools for forex futures traders gt
f amp hmc autosector video analysis with important trading levels for week 17 apr gt
f amp hmc autosector video analysis with important trading levels for week 17 apr gt
biggest credit movers 14april17 market bonds futures forex
fitbit inc fit short interest update
two set to soar under president trump
infineon underperforming by 5096 last 365 days at prediction based on automated news analytics
infineon current trading mode is buy at prediction based on automated news analytics
top holding update bpmc 68 in 4 months signal 121516 biotech biotechnology stockmarket trading
alert commerzbank trading mode changed to buy at prediction based on automated news analytics
japanese stocks eke out gains in holidaythinned trade yahoo finance japanese
stock market today investor's business daily investor's business daily stock
china stocks head for year's biggest drop as korea risks linger bloomberg
how about some biotech for growth investment fundamental analysis on omer amp ions by @ tradezer0 gtgtgt
finance market pullback nothing to worry about all finance united states sampp 500 index dow jones 30
are you bullish or bearish on cisco start trading c with bitcoin 151 leverage cool gif
japanese stocks eke out gains in holidaythinned trade yahoo finance news
yuan depreciation has cut into chinas foreign reserves market bonds futures forex
are you bullish or bearish on the sampp 500 start trading with bitcoin 201 leverage spy es esf
are you bullish or bearish on amazon start trading amzn with bitcoin 151 leverage cool gif
investing stockmarket nanostockanalysis pboc sets yuan parity rate at 68785 against dollar
specialist equities broker on our site offers commission free orders on nyse amp nasdaq gtgt
news nasdaq omx globenewswire changes in substantial shareholdingstallinn
news nasdaq omx globenewswire nasdaq baltic investor calendar week
news nasdaq omx globenewswire soft tissue repair market estimated to reach
news nasdaq omx globenewswire nasdaq baltic investor calendar week
news nasdaq omx globenewswire nasdaq baltic investor calendar week
un child abuse scandal is latest in history of sex crimes committed by
has trump lost control of the pentagon forex
why broad consumer appeal is key to growth at duluth holdings
sri lankan rupee firm on foreign bank dlr sales stocks fall all finance
gwph and vape marijuana institutional technical analysis amp charts by @ tradingsafely1 heregtgtgt
your diversification has to fit your situation and goals finance
gwph and vape marijuana institutional technical analysis amp charts by @ tradingsafely1 heregtgtgt
lexington realty trust lxp downgraded by zacks investment research
mattersight corp matr cut to sell at zacks investment research
investing in time inc market bonds futures forex
exhausted up trend trgp wpz pdfs dxpe eca ezpw tpl
exhausted up trend exar xcra meli cgnx incy payc nmih torm sbcp ravn ingn veev cy gkos
exhausted up trend momo mbly lfl tal crcm zltq hska cort glpg prcp idxx stm elos gsit
wanna know my favorite way to end a holiday weekend news that'll pay for more days off evsv bugbounty
all time winners full listgnca hees gbt nyld boja lm ctrv nm
all time winners full listbldr ncbs cbm dcp asgn kerx pgem foe inva qiwi flow epzm trmb
all time winners full listgtna gtn cai llnw crto nxst ppsi fngn yndx trex bntc cel mt alks
all time winners full listtrtn hci czz invn hri hubs gbx baba linc cuda bcc grbk anw pgnx
advantage of stock trading
all time winners full listloxo sqns rdn enlc swir osb tse blue evk bcrx i ks ypf on adsk
industries exchange thought provoking thoughts book
careers make money buying and selling gold
sales economics the ultimate joint venture package
alliance select foods international inc improves profitability in 2016 psei
all time winners full listwb arco ttph bzun mtor salt csii meso aamc gnbc enva vsar uri wrn
all time winners full listcara trox vedl edn crbp sxe sgms gogl bldp true kro avxs cveo hpj
all time winners full listcwei kem cc ren aaoi wix amd zyne nbev gol sb sblk mgi neff neot
mustweed questions answers about north dakota and medical marijuana wa amp cannabis
mustweed oregon hemp commission proposal passes muster blue mountain ea amp cannabis
taiwan shares lower at close of trade taiwan weighted down 017 forex training
check the tradezer0 showcase page commission free trading amp shorts on us equities amp etfs gtgt
intraday gt 1 of 3 exclusive live trading boards with 17 scanners amp interactive charts gtgt
check the @ tradezer0 showcase page commission free trading amp shorts on us equities amp etfs gtgt
check the @ tradezer0 showcase page commission free trading amp shorts on us equities amp etfs gtgt
check the @ tradezer0 showcase page commission free trading amp shorts on us equities amp etfs gtgt
spy take away all that you know about market behavior n realize the shift occurred weeks agoit just wan't too evident invest
steel stimulus drive china's strongest economic growth since 2015 forex training
trump has activated his calls for gld and other precious metal stocks wonder why tradeideas investing
this landmark marijuana bill would move cannabis to schedule iii @ themotleyfool
spy has been prepping for 220225 for a few weeks the @ potus shine is fading and other catalysts provide some rising volatility
buy delta corp with a target of rs 187 rahul randeria tips bse
sell jsw steel target rs 186 reliance securities tips bse
buy idfc target rs 64 kunal bothra tips bse
buy steel authority of india target rs 67 rahul randeria tips bse
buy apollo tyres target rs 240 kunal bothra tips bse
buy power grid corporation of india with a target of rs 215 rahul randeria tips bse
briefvanfund urban investment and development sees fy 2017 q1 net loss to be 3 mln yuan to 5 mln yuan
spx for the week 17 apr 2017 trading money
the healthcare needs of the rural united states regarding the april 12 frontpage arti
weyerhaeusers wy buy rating reiterated at bmo capital markets
indian wpi 570 vs 598 forecast forex training
china's economy grew 69 in the first quarter chinese firm brings jobs to the us
patty hearst or mr spock forex
jon ossoff rides antitrump wave to potential upset in republican georgia the guardian
market updates from @ icmcapital investors shift to safehaven assets forex
these two will perform well for years to come under president trump
news chinese giant ups bid for us firm that does mexico money transfers
ndev focuses on mmj health insurance click here
csiq nasdaq technical outlook week 17apr new look hot video analysis with predictive indicators gtgt
learn how to differentiate good buy signals from speculative by institutional traders gtgt
learn how to differentiate good buy signals from speculative by institutional traders gtgt
tsunami bomb a rival for nuclear weapons bbc terrorism
briefzhongrun resources investment sees q1 2017 net loss to be 3039 mln yuan all finance china
april 17 2017 psei closed at 758853 down 4111 points or 054 percent pseiupdate psei
bmo capital markets reiterates hold rating for electronic arts inc ea
kennametal inc kmt rating lowered to hold at zacks investment research
hasbro inc has stock rating reaffirmed by bmo capital markets
pier 1 imports inc pir stock rating reaffirmed by oppenheimer holdings inc
usdjpy sets eye on 10800 all finance forex jpy usd united kingdom united states japan nikkei 225
fibonacci levels for trading freaky maths forex traders learn from real examples here gtgtgtgt
banking and energy will soar to multiyear new highs under president trump
realestate finance start your own daycare system
exchange realestate direct selling for extra cash partner with huge brands
these two will perform well for years to come under president trump
chinese a shares could rise but we feel russian make for a better investment
press digest british business april 17 april 17 the following are the top storie
japanese stocks eke out gains in holidaythinned trade yahoo finance japanese
fro amp nat two great tanker worth taking a closer look at
fibonacci levels for trading freaky maths forex traders learn from real examples here gtgtgtgt
fibonacci levels for trading freaky maths forex traders learn from real examples here gtgtgtgt
crown holdings inc cck scheduled to post earnings on wednesday
core laboratories clb to release earnings on wednesday
zacks investment research upgrades catalent inc ctlt to buy
zacks investment research upgrades choice hotels international inc chh to buy
amn healthcare services inc amn downgraded by zacks investment research
gartners it buy rating reaffirmed at credit suisse group ag
scotiabank reaffirms hold rating for delek us holdings inc dk
cliffs mother of all stocks seeking alpha news
chinese stocks down at open economic times news
want to trade then first understand how the masses operate
these two will perform well for years to come under president trump
chinese a shares could rise but we feel russian make for a better investment
lego legopirates 4195 queen ann's revenge afol legobricks collectiblelego collectibletoys toys sp500
eonsede outperforming by 901 last 365 days at prediction based on automated news analytics
eonsede current trading mode is sell at prediction based on automated news analytics
get ahead when trading forex futures oil gold amp more this software page lists high quality provider
get ahead when trading forex futures oil gold amp more this software page lists high quality providers
get ahead when trading forex futures oil gold amp more this software page lists high quality providers
get ahead when trading forex futures oil gold amp more this software page lists high quality providers
missed this aapl story from @ financialtimes foxconn seeks apples backing for toshiba chip bid
bonds are history investing in quality is the way to go today
investing stockmarket nanostockanalysis trading vix update shortterm worries longterm upside
imperial oil ltd imo lifted to outperform at raymond james financial inc canada
are you bullish or bearish on gopro start trading gpro with bitcoin 151 leverage cool gif
former ubs chairman the eu was a great idea but it has been ridden to
sap se sap rating reiterated by royal bank of canada
zacks investment research downgrades rmr group inc rmr to hold
pampa energia sa pam rating increased to strongbuy at zacks investment research
medidata solutions inc mdso stock rating lowered by zacks investment research
just turning upsidemck vod ew thc oran
just turning upsideudr nvs bfr regn shpg pinc ste infy eqr nnn omf hrb dcm chl
just turning upsideyy atr colm bce bud mdrx srcl bpy myl gnl tsn nwsa fe nws pfgc tph so
are you bullish or bearish on the nasdaq 100 start trading with bitcoin 201 leverage qqq nq
just turning upsideau el leg vwr etr exr deo duk via xray ilmn aep vfc cxp ed gsk mdt
gluttonous investing why less is more in the investment world valueinvesting
just turning upsidepcty cern sfm chd fbhs coh stz iff data achc itcb cci mik clx cl hlf
just turning upsidealny phi wuba vips amt dhi eocc bti rci cce tup kmb cot hrtx stzb gold
lt gttrade forex indices commodities and using bitcoin blockchain broker
shares weaker as north korea france worry world markets abscbn news psei pse
just turning upside as of april 15 2017
are you bullish or bearish on google start trading goog with bitcoin 151 leverage cool gif
cathay general bancorp caty to release quarterly earnings on wednesday
brandywine realty trust bdn to release earnings on wednesday
comprehensive review amp forecast of the sampp 500 nasdaq bonds amp gold business
falling aggressivelyclsd sigm ufab myok endp tphs fsm educ pfin asfi hqcl pso hk scwx fi
invitation presentation and conference call hoist finance first quarter 2017 report
falling aggressivelysrc vygr rdhl evgn amsc enoc jakk abtl too anf wmlp wpg xone mcf lpsn f
falling aggressivelysale amswa oaks rcii cuz taho sif pcom wvvi ntwk aes pco hmhc rdnt rell
the latest collanews aggregator vj thanks to @ vjusagui @ vjchetta @ ioannmaria investing
find stocks reaching key technical indicators each trading day technicals
us defense stocks easily outperform the broader market marketwatch marketwatch
betting on big topline growth in march quarter keep an eye on these @ iamrahuloberoi
are you bullish or bearish on netflix start trading nflx with bitcoin 151 leverage cool gif
week long rtsi 107190 rr 15 tp112300 sl 106120 indexes amp commodities on tradingview
deals of the daymergers and acquisitions all finance sampp 500 index nikkei 225 components nasdaq 100
are you bullish or bearish on the sampp 500 start trading with bitcoin 201 leverage spy es esf
snapchat denies its ceo labeled india as 'poor' is facebook turning into snapchat snap
ubqu the word is out just picked number 1 gt msrt vape cnab
amazon amp its twitch streaming platform will take amzn to the next level analysis by @ tradezer0
amazon amp its twitch streaming platform will take amzn to the next level analysis by @ tradezer0
institutional technical analysis perspective on 4 otc mmj gt eaph owcp mcig hemp gtgt
indonesia lower at close of trade idx composite index down 070
man accused of assaulting woman at trump rally says president to blame fox news trump
verastem inc vstm coverage initiated at oppenheimer holdings inc
zalando se zlndy rating increased to hold at zacks investment research
alphabet inc goog position maintained by american national insurance co tx
walt disney co dis position lowered by first commonwealth financial corp pa
bridgeworth llc invests 286000 in facebook inc fb
overview on zain ksa q1 2017 read more here tasi tadawul saudi
morning agenda the hotel industry vs airbnb investing trading
lufthansa underperforming by 240 last 365 days at prediction based on automated news analytics
lufthansa current trading mode is buy at prediction based on automated news analytics
chinese economic data beats across the board after record credit injection
news snapchat denies its ceo labeled india as 'poor'
the days financial data summary money markets investing personalfinance
snyderslance inc announces ceo transition and reports preliminary first quarter 2017 financial results
investing stockmarket nanostockanalysis the sampp 500 in week 2 of april 2017
are you trading nyse nasdaq amp etfs trade for free with this great broker listed on our website gtgt
indusind bank projected to post solid q4 growth but may see slight drop in nim tips bse
india plans stake sales worth 54 bn in seven staterun firms tips bse
3 things that affect when you should apply for social security
by day bali by evening trading and investing it's an odd schedule but it works living
union bankshares corp ubsh scheduled to post earnings on wednesday
textron inc txt to release earnings on wednesday
trends affecting stocks and the stock market trends
shares weaker as north korea france worry world markets abscbn news psei pse
the wall street journal pence warns north korea not to test trump
are you bullish or bearish on twitter start trading twtr with bitcoin 151 leverage cool gif
entrepreneurship quality binary option signals
forget the rally the crowd is holding cash
floor amp decor holdings announces launch of ipodetails retail
amd at a tipping point intc nvda amd stockmarket investing stockpicking nyse nasdaq
this trading software analyzes millions of trades while you sleep to find the profitable opportunities gtgt
learn top swingtrading strategy in free ebook using trading journal of 3 traded at the same time
learn top swingtrading strategy in free ebook using trading journal of 3 traded at the same time
fantastic opportunity remarkable premium domain for sale dictionary words great domai
weekly best performing stocks april 17 2017 storified at trading investing
materials 34 housing 27 transports 23financials 22 tech 19 industrials 17 biotech more @
key commodities nat gas 48 steel 31 copper 3 silver 02 us oil 01 gold 14 more @
@ nileshshah68 do fmentals materbanking loan groth @ historic lowamp banknifty @ all time hi banks nifty @ etnowlive @ nikunjdalmia
weekly markets emgmkts 29 smallcap 13 europe 11 largecap 1 oil 01 bonds 0 euro 0 more @
say what wyoming considering a bill to penalize utilities that use solar power @ themotleyfool
weekly smallcap trend acat tgh crr twi mtw cara gnbc fsam lyts osir gldd lrn xxia more @
core laboratories clb downgraded by zacks investment research to sell
clearwater paper corp clw raised to hold at zacks investment research
tableau software inc data rating reiterated by jefferies group llc
centurylink inc ctl raised to hold at zacks investment research
diageo plc deo raised to hold at zacks investment research
calpine co cpn given new 1400 price target at deutsche bank ag
weekly midcap trend mktx gef msa mdp ufs vly ter ash pol ori bc idti uthr tkr cnk rol @
weekly midcap performance ati mktx gef nvr msa mdp amd ufs slgn vly pkg ter ash pol more @
weekly sampp500 trend stx uri wynn phm rcl mu glw shw vrtx flr dow dd nsc klac adi fdx @
arry not expecting fireworks the next few days do anticipate above 90 by next week if macd cross confirms 12mth
two stocks to accumulate over next six months aum all finance
weekly sampp500 performance stx uri wynn phm rcl wdc dhi mu csx avgo glw shw nvda vrtx more @
trader's idea flow short snap and long okta seekingalpha trading shortsale aapl tsla
weekly nasdaq100 performance stx wdc mu csx mxim avgo nvda vrtx ebay yhoo adi lvnta more @
weekly sampp100 trend dow dd fdx msft cat foxa gd pcln cmcsa hal intc ups mrk usb emr @
these 4 stock trading rules could make or lose you thousands are you following them
chicago moves to approve gun ranges swhc rgr 2a
earnings bank of america goldman sachs and morgan stanley report this week news binary
tenet healthcare community health systems plunge after hca holdings issues revenue earnings warning
trading profits technicalanalysistechnical analysis of the financial markets
dollar dips gold gains on global risks us stocks bounce reuters reuters dollar
us stocks climb as earnings season ramps up fox business schaeffers research u
mortgage rates trend downward again today @ themotleyfool
jeffrey lord why i compared trump to mlk trump
boeing's stock gives the dow the biggest boost after plan to cut 'hundreds' of more jobs all finance sampp
gold gains as geopolitical jitters persist all finance united states
how about some biotech for growth investment fundamental analysis on omer amp ions by @ tradezer0 gtgtgt
new edition of our mtbanalysis magazine analysis amp trading ideas on forex futures options amp moregt
how about some biotech for growth investment fundamental analysis on omer amp ions by @ tradezer0 gtgtgt
how about some biotech for growth investment fundamental analysis on omer amp ions by @ tradezer0 gtgtgt
how about some biotech for growth investment fundamental analysis on omer amp ions by @ tradezer0 gtgtgt
how about some biotech for growth investment fundamental analysis on omer amp ions by @ tradezer0 gtgtgt
how about some biotech for growth investment fundamental analysis on omer amp ions by @ tradezer0 gtgtgt
careers the sba loan easystep 123 kit software full premium gold program
entrepreneurship management business credit no personal credit and no personal guarantee
the coming french revolution forex
study barron's 400 value thorugh chartmill's study
financialbuzz news corp to report fiscal 2017 third quarter earnings market tcot
once postelection wall street darlings bank stocks have hit a wall only trump can get them going again
siml s new marketing team already establishing preorders otc
volatility 411 041717 market bonds futures forex
inflation an xray view of the components market bonds futures forex
nvda up 36 to 9888 after bullish cycle setup options trading
goldman sachs group inc boosts shire plc shpg price target to 21400
axalta coating systems ltd axta given new 6500 price target at citigroup inc
jefferies group llc boosts ritchie bros auctioneers inc rba price target to 13000
rosenblatt securities boosts cbs co cbs price target to 4000
instinet raises mohawk industries inc mhk price target to 12500
keefe bruyette amp woods boosts jpmorgan chase amp co jpm price target to 4700
axovant sciences ltd axon pt raised to 3300 at oppenheimer holdings inc
ubs ag reiterates neutral rating for harleydavidson inc hog
signal trader tradingcopy our forex operations french elections amp softer
amp autos are they pointing to problems cams weekly view from the c
xlf banks are suddenly scaling back lending and wall street isn't sure what to make of it spy stockmarket
nvda over 99 there isnt much resistance but that means they either trap over 99 dont breakor go near 100 tradeideas investing
big printin adi chip shot market bonds futures forex
nvda if this reaches 100 today i gotta hand it to nvda for being the most manipulated stock ive ever witnessed trade investing
spy with a decadelong holding period just onethird of outperform the market as a whole eddy elfenbein dia djia qqq iwm t
market extra sec reportedly investigating hedge fund that promised no losses
market update 41717 tick higher to begin first big earnings week retail sales fall @ lplresearch @ lpl
boeing's stock gives the dow the biggest boost after plan to cut 'hundreds' of more jobs
acgx confirms record quarter and increases 2017 projections to over 18000000 pennystocks dayrading
for spx day traders only spx looks like it's ready for big break stay tuned spx spx spy trading
a simple day trading strategyprb via @ youtube trading options success daytrading aapl fb gm gs f
snapchat denies ceo's dismissal of 'poor' india business shares
amd who would ever thought this fat spoiled mentalcase would be an important topic no different with gs
find your prey with free live alpha predator scanner amp strategy get unlimted access here gtgtgt
pot up 08 to 1668 cycle setup alert options markets
5 facts you didn't know about dividends @ themotleyfool dividends investing money finance stockmarket
for spx day traders only add to short positions at sp2341 use 10 point stop loss sp2351 spx spx spy trading
stocks slip as korean tensions persist philippine star psei pse
northview apartment reit a hidden gem all finance canada
us stockswall st rises with earnings in spotlight all finance united states switzerland 20 index sampp
has crude oil put in a bottom or is this a fake rall investing
eyeing gold top 3 to buy now abx au auy nem kgc rgld ego gg fnv btg @ themotleyfool
girlsonstocks monitors criticize turkey referendum erdogan denounces 'crusader mentality' investing
has crude oil put in a bottom or is this a fake rall investing
