how'd that work out for ya worldwar3 northkorea moab remember rememberwaco
@ julianassange hi julian thanks for your sympathy with the people despite your horrible personal situation best wishes
condolences to the striken innocent people of allah curse on the alqaeda and its associated allies downwithus downwithwahabism
@ veslozohan @ ddonfon @ chahuapa @ dancohen3000 @ raniakhalek yes they do always have
stop the killing call on the un to investigate and prosecute those responsible for war crimes in act now gt
explosion kills evacuees in bus convoy near aleppo via @ mailonline suicidebomber
syrian civil war map live map of the syrian civil war
there was no revolution or rebels or fighting in when assad regime committed these despicable crimes against
us missile attack on crossed all red lines
disguised car bomb kills dozens in syria
livingonchi fifthcolumnnews 32017 will libya become the new now that russian forces have arrived
@ mreillysmith @ realdonaldtrump what about the babies that are getting their limbs torn off by bombs in will
putting a human face to suffering in weva bartlett usmilitary falseflag gasattack regimechange israel
@ unicef the shia victims were fleeing villages alqaeda rebels have besieged for 2 years many women and chi
offering free food for starving children so that they could be killed by a suicide bomber is beyond despicable
humanitarian bulletin of the russian centre for reconciliation in the syrian arab republic april 16 2017
trump isn't sure what to do next on syria congress has some ideas washington post
in iraq amp elsewhere unesco is coleading efforts to tackle antiquities trafficking by extremist groups
us missile attack on crossed all red lines
those poor children aren't naked enough to attract the attention of pedophiles in washington dc
uniteblue i was a dem till hope and change turned into thousands of war crimes yemen maddow revolution
boycott al qaeda news @ cnn we don't want your proterror propaganda flooding msm
assads britishborn wife asmaalassad faces calls 2b stripped ofher uk citizenship via @ telegraphnews
how'd that work out for ya worldwar3 northkorea moab remember rememberwaco
@ julianassange hi julian thanks for your sympathy with the people despite your horrible personal situation best wishes
condolences to the striken innocent people of allah curse on the alqaeda and its associated allies downwithus downwithwahabism
@ veslozohan @ ddonfon @ chahuapa @ dancohen3000 @ raniakhalek yes they do always have
stop the killing call on the un to investigate and prosecute those responsible for war crimes in act now gt
explosion kills evacuees in bus convoy near aleppo via @ mailonline suicidebomber
syrian civil war map live map of the syrian civil war
there was no revolution or rebels or fighting in when assad regime committed these despicable crimes against
us missile attack on crossed all red lines
disguised car bomb kills dozens in syria
livingonchi fifthcolumnnews 32017 will libya become the new now that russian forces have arrived
@ mreillysmith @ realdonaldtrump what about the babies that are getting their limbs torn off by bombs in will
putting a human face to suffering in weva bartlett usmilitary falseflag gasattack regimechange israel
@ unicef the shia victims were fleeing villages alqaeda rebels have besieged for 2 years many women and chi
offering free food for starving children so that they could be killed by a suicide bomber is beyond despicable
humanitarian bulletin of the russian centre for reconciliation in the syrian arab republic april 16 2017
out of 47 major editorials on trump's syria strikes only one opposed media more proof that the us
's civil war russia bombing the hell out of the radical islamists
@ mmflint fuck uu backed regime change in with hillary amp soros amp were upset trumpdidn't kill any
when the time peaks at its darkest moments thats when the light occurs egypt yemen somalia afghanistan pakistan islam musa
the team visited kamal rehabilitation house for women and children the youngest patients in this facility is 7 mon
when aq groups in come off sounding like human rights monitors
banging the drums of war ahram weekly russia usa trump assad putin waronterrorism
wcc condemns car bomb attack on civilians in syria @ sightmagazine wcc
@ decades20161 @ partisangirl no she can't that'd be against national security
the latest top it off world news thanks to @ phpress @ wsscherk
no more western interventionlibya iraq palestine yemencdnpoli uspoli ukpoli auspol nzpol
200 civilians mostly girls kidnapped by tahrir alsham amid aleppo fuahkafraya evacuation deal
poor people they were killed just in were running away from the wari am cryingwhy the world doesn't help alabedbanaap15th
attack against and the region speaking up new eastern outlook
how putin will win in he has already put the us to shame
exobama officials start to admit spinelessobama 'left a more dangerous world' isis nkorea iran
@ rubyhamad because in west russia they're only jihadists when fighting against them otherwise they are freedomfighters ingsoc
the first casualty of war is the truth
mass evacuation in syria postponed after blast news24
@ karennrcs @ karennrcs car explosion near busses of civilians evacuated from shia towns fua and kefarya towards aleppo
evacuations postponed day after blast that killed 120
poc pod 5 is out we talk gorsuch the nuclear option and trumprussia and much more
cabal scumbag and treasonous failure @ barackobama lied about and sarin gas what a surprise arrestobama
documented evidence of assad war crimes undeniable amp includes police photos of 6k people executed by gov
potus is going to end up taking us to war simply because he takes childish delight in seeing explosions and tanks nowar northkorea
christians will always be in declared archbishop selwanor boutros alnemeh goodfriday
@ sandlogger @ freemediahub assad proxies bombing shelling beseiging destroying russia supplier
jimmy dore presents @ evakbartlett on
just what is trump trying to do in
erdogan follows slim referendum win with warnings to opponents @ bpolitics twitterkurds religiousminorities
turkeyreferendum result is it good or bad for kurds in the long runturkey twitterkurds sdf ypg ypj pkk kurdistan
lib dems argue for stripping dual citizen asma alassad of british citizenship assadmustgo
'we are being lied to'
@ ap @ vp wud u pls also visit nkorea missile tst failedampnobody killeddie yet r being killeddisplace evry day vpvisitsyria
us assessment on russia in a 'strategic blunder'
uniteblue i'm not a russiantroll i was a democrat till obama dropped 100000 bombs in 7 countries yemen
@ msnbc unitedairlines' abuse of airlines nopassengerrights policy mttrs no attn 2
did the usa bomb an unused airfield in jets shown from 50'sus strike on alshayrat airfield just for show
night was ending on a high note now this stuff really got me messed upmay allaah protect us safety is a blessing cleveland
disgusting terroristloving @ cnn supporting the imperialist war on
the latest the friends 4 daily thanks to @ bushmillsvassar jerusalem
assad jets dropping phosphr bombs on latamine in hama suburb hamah
religious war russian intervention is massive game changer
woman held after encounter in lahore went to for training
bana nayirah what's the difference
@ michaelhallida4 make him ambassador to
horrific onslaught on aramaic christian community at hands of western backed moderate terrorists easter
irusa's creative director speak on was the year i joined irusaread the full blog on relieflab
i hate weekend nights with no @ cnn or @ msnbc news it's not like news only happens on weekday nights russiagate northkorea
us embassy summons 3monthold over terrorism misses the funny side iran ksa
jailed fatah leader urges solidarity with hunger striking palestine prisoners iran
epl liverpool top west bromwich 10 iran ksa usa uk
nba playoffs cavaliers edge past pacers 109108 iran ksa usa uk
us seeking to rule the world by addiction to war military spending iran ksa
obese indian baby has doctors perplexed iran ksa usa uk
1000s take part in antisaudi protests in yemens sanaa iran ksa usa uk
debate deadly bus attack in syria iran ksa usa uk
sign up for our free campaign news letter @ news stories and videos from syria
one week left french election 'too close to call' iran ksa usa uk
9 things the media refuses to tell you about bombing watch
facebook removes 30000 promarinelepen accounts but isis accounts nah leave them alone trump
if you watch one thing today watch this firstresponders netflix
raqqa isis ypg a second air raid on the city of raqqa
@ maltoozian @ partisangirl @ chiiium lovely theory that doesn't hold 'water' regime change
breaking northkorea is @ potus bayofpigs the deepstate will get northkorea if they can't get remember the future danger
raqqa isis ypg an air raid by coalition aircraft over the city of raqqa
lib dems argue for stripping dual citizen asma alassad of british citizenship assadmustgo
my thoughts on and trump alqaeda centralintelligenceagency
national security council report fails to evidence justification for us bombing of
syrias first lady smiles her way through hubbys bloody civil war basharalassad
the airstrikes added nearly 5 billion to the value of these stocks
angry syrian army speeds up preparations for west aleppo offensive
war 'at least 68 children among 126 killed' in bus bombing explosion targeted buses carrying evacuees from besieged syrian towns
@ alexfeduk @ landdestroyer gives them a 389 batting average and where the f did the other 36 land
unbearable thoughts on horrendous attack against children in haunting
just prove msm is not abt truth but abt propaganda
assad amp iran1siege amp bombardment 2 forced displacement 3 loot properties blacklistirgc iranoutofsyria
iran must be expelled from so blacklistirgc irgc iranoutofsyria
@ firstmuslim greedy israel steals palestinian land amp now wants to steal land amp oiluk amp trump puts
@ awakealert greedy israel steals palestinian land amp now wants to steal land amp oiluk amp trump put
video daraathe free syrian army's multiple enemies in daraa amp the regime's coordination with daesh
@ pscaarabspr that's speculation without foundation it merits no consideration
heroessyria civil defence white helmets mayday rescue @ maydayrescue 18h18 hours ago if you only
rouhani blatantly attributes mass killing of innocent ppl of khan sheikhoun blacklistirgc iranoutofsyria
attack on syrian airbase warns aggressors that days of appeasement r over blacklistirgc iranoutofsyria
iran's crimes in is part of bigger plan to take over the middle east blacklistirgc
death by chemical weapons idlib @
iran in the irgc are present in assads shayrat airfield blacklistirgc
what's happening in abd how media covers it is truly the best example of worthy and unworthy victims the
iran dont care for civilians death in they are aiding assad in the genocide blacklistirgc
killing innocents in is result of iranian support for the syrian regime blacklistirgc iranoutofsyria
so us is supporting these moderate rebels while fighting isis and fighting assad who are all fighting each other w
iran spend billions in war to propup assad blacklisturgc
iran must be expelled from so blacklistirgc irgc iranoutofsyria
the facts behind iran's involvement in blacklistirgc
it is so clear assad without the supports iran cannot ruling blacklistirgc iranoutofsyria
iran must be expelled from so blacklistirgc irgc iranoutofsyria
iran send bil of in weapons amp millions troops into to prop up innocent blood blacklistirgc
iran cannot be part of the solution the irgc is part of the problem in blacklistirgc iranoutofsyria
22 trumprebels tell why trump the fakechristian encouraged jihadists to attack women and children on bus
this is what happened to by assad forces and irans militias iranoutofsyria blacklistirgc
trumps america wowie if we are the laughing stock and the bombing on both amp afghanistan were to appease
iran brutalizing aleppo executing most atrocious war crimes in blacklistirgc
iran the only gov with russia condemming usa airstrike on shayrat airbase blacklistirgc
in the irgc wants to keep assad in powerblacklistirgc
@ shipman96 fact is this the us is far more a danger to the world the regardless of the regime
presence and extensive casualties of iranian irgc in blacklistirgc
saddest part of the war is how many people's opinions oninterest in events depends solely upon their religious denomination
prorebel sources claim rebels took over entire manshiyya neigborhood in sw of daraa city
syrian army retakes control of strategic town in hama province iran yemen iraq
hamideh abbasali 1st iranian female to win world karate championships medal iran
steve bannon vs jared kushner iran yemen iraq
auxilia in development and women's empowerment cooperation in by fannicanelles via @ c0nvey
68 children among 126 ppl killed in saturday's bomb attack on buses carrying evacuees from besieged towns
auxilia in development and women's empowerment cooperation in by fannicanelles via @ c0nvey
unicef urges support for syrian children unicef anthonylake
@ drmz13 @ austintice @ freeaustintice mt @ drmz13 1680 days since @ austintice's last tweet please pray for him t
within last 24 hours @ modrussia has held 7 humanitarian events in 3373 syrian citizens have received
retweeted partisangirl @ partisangirlhow isreal treats christians vs how under assad treats
@ drmz13 mt @ drmz13 freeaustinticefreealiothmanfreebasselfreerazanfreeahmedfreefatherpaolo
the same rule wont apply on assads forces in which have gone way more brute since march 15 2011 pti af
night fifty of dprk and operations has begun with encouraging communications with regional parties on the korean peninsula
bus bombing conducted by terrorists not syrian government no red lines by
got it good war @ antiwarcom warmachine militaryindustrialcomplex middleeast iran iraq afganistan
is out ff @ abbiefs @ malcolmite @ arabthomness
@ jobouk jesus was crucified once again this easter but few noticed fuakefraya
retweeted partisangirl @ partisangirl rebels explains why they attacked buses full of evacuating
the latest philippine human rights monitor migrants
has any major media taken the time to present to its audience the character of the war the assad regime and putin
daesh flees from rawa in iraq to together with families
us nato warcrimes dirtywar medialies regimechange resistance in in one book by @ timand2037
soldiers wrote in army's bulletthe war is for menfuahkafrayamassacre isis
us missile strikes on by dollars of saudi arabia
@ matthewjdonovan @ ryanduff11 @ tulsigabbard it's not you're swallowing amp repeating propaganda independt journalist
obama funding rebels costing displacment of millions death amp the destruction of syria isis
presidential candidate malinda to putin and trump on syria the dead don't blink boys
turkey syria marine le pen your monday briefing new york times
rebels lured children with potato chips when many gathered they blew them to pieces fuahkafrayamassacre
us security adviser time to talk 'tough' with russia over rferl
trump's missile strike on syria was illegal under us int'l law law professorvideotrump
where are claimants of human rights in via @ whatsupic
trump attacks starts ww3 via @ youtube
us report on idlib attack misinterprets evidence politically motivated professorvideousa
speaking of government using chemical agents on its own people @ presssec maga hypocrisy
the latest the anna smithchasseuil daily thanks to @ markorusso69 @ kimvie @ wolfinthewilds gpusa
mass evacuation in postponed after blast kills 80 children
dozens of children dead in bombing
dozens of children dead in evacuees bombing kafraya suicidecarbombing fuaa
strike poverty not @ realdonaldtrump
syrian army retakes strategic town from rebels near hama city rferl
@ time me amp theresistance right now after reading womenshealth women trumprussia trumprussiainvestigation
the shocking massacre us backed rebels of kafriya and alfu'ah fknjew owned media will not show moab
@ clemire3 ccot is trumps national security team trustworthy maga politics
in damascus water cuts crumbling sewage systems pose serious health risks via @ unicef wash publichealth
sustainable clean heating system with abu yaseen he is not an engineer assad is the world's biggest poll
death toll in bomb attack on evacuees rises to 112
proven northkorea cant get it up and putin cant shoot any down
intricate incense burner from late c13th
must watch video war and how us intervention empowered alqaeda
don't pay attention to media coverage of the tech being used in today's wars will be secret for 20 yrs wiki internet
breaking forces liberated manshiyya neighborhood in daraa after 2 months of nonstop clashes
sad to see all the human crisis around the worldwhere is the so called unitednations
happy independence day
@ lovelotzlhendz3 @ rtcom no al the chemical weapon from the rebel iraq falseflag foua kafraya aleppo
killed while trying to escape heartbreaking
via @ scdaleppo aleppo a woman and her two children were wounded by airstrike on sumaria village overnight
tahrir alsham hts claims intense russian airstrikes in khan sheikhoun terrormonitor
us vp pence warns n korea all options are on the table in dmz visit iraq ksa
client change can cause the start of uprisings revolution rebellion refugeecrisis
results missile attack to syria by trump more crimes by terrorists 120 people of shia die fuakefraya
what happens in is way to complex dealing with russia and us new administration and the rest of the world watching
tahrir alsham hts claims intense russian airstrikes in khan sheikhoun terrormonitor
a convoy of families who'd already known so much suffering now the survivors must bear a new terrible loss
it's saudi arabia tunisia turkey russia and jordan yet they function in iraq and yemen
@ pontifex condemns deadly attack on bus convoy
don't get me wrong i did not comment on bus attack because i am speechless speechless after 6 years of seeing children killed
@ jamelaaisha one would have a heart of stone not to be outraged and horrified one would have to be not human if
sen john mccain meets with iranian dissidents relocated to albania usa
donaldtrump uk stranglely quiet as terrorist outrage leaves 68 kids dead oh yes they support islamist rebel scum against assad
the massive elephant in the room update on 911 afghanistan iraq libya deepstate neocons pnac
multiple airstrikes on daraa city as progov forces try to push back rebels in the mansheya neighborhood
i think if you support assad you forgo your right to call erdogan an authoritarian turkeyreferendum
'sixtyeight children among dead' of suicide bombing attack in
army retakes strategic town from rebels near hama city
what you write when you missed six years of asasd killing children in his torture chambers barrel bombing and gas
story of iran's revolutionnary guards irgc blacklistirgc iran iranoutofsyria
iran spends 1520 billion dollars per year to help assad regime in blacklistirgc iranoutofsyria
vikram maurya wishes a very happy 71st independence day to all the people of long live syria god bles
the latest the egyptian revolution daily thanks to @ dan4liberty @ lindafmanuel @ humanguardians egypt
erdogan says resumption of death penalty could be up for referendum next turkey eu nato
russian officer says isis amp alnusrah launched a mass offense against as @ realdonaldtrump delivered usa airstrike coincidence
mass evacuation in to proceed after deadly blast
homs regime airstrikes kill 1 wound 10 in houla region
news iran iran is a bigger threat than and northkorea combined
popefrancis at easter mass attack 'ignoble' iranoutofsyria iran
iran must be expelled from so blacklistirgc irgc iranoutofsyria blacklistirgc
usa syria attack comments 'vintage assad' state departmentvideousa
people fleeing besieged cities in were killed when their bus convoy was blown up buzzfeed news
but terrorists didn't have their citizenship revoked europe uk
@ partisangirl the donald and daughter should if anything help clean that up
for all the lost human bombattack childrenofsyria
dennis kucinich questions white houses gasattack narrative audio and video from @ truthdig @ jimmydore
@ murtazageonews also does assad against he goes to the extend of using chemical weapons any word @ natsecjeff
@ partisangirl beyond repair
perspectivejulian rpckeverified account @ julianroepcke 11h11 hours agothe kremlin regime used the
iran spend billions in war to propup assad blacklisturgc
killing innocents in is result of iranian support for the syrian regime blacklistirgc iranoutofsyria
perspectivejulian rpckeverified account @ julianroepcke 11h11 hours agoalso kafrzita and
war and crisis in will contine as long as the iranian regime is not evicted from blacklistirgc
iran has committed 70000 frontline troops to slaughter syrian civilians blacklistirgc iranoutofsyria
the irgc will never stop spreading their terror unless they are evicted from blacklistirgc iran
i like my tax dollars to go to terrorist groups that blow up and behead children intentionally
regime forces captured tall bzam in north of suran town opposition factions lost all areas gained
us security adviser time to talk 'tough' with russia over
iran using parts of as base from where it spreads terrorism in the me blacklistirgc iranoutofsyriapictwittercomeugav2brw6
who will talk about irans war crimes in blacklistirgc
the main reason for igniting war in iraq yemen amp its continuation is the irgc iran blacklistirgc
iran is dumping petrol on flames to expand their terrorism expel them from blacklistirgc
us vice president pence puts nkorea on notice cites strike
may wrecks chance of peace with lets killer assad survive @ borisjohnson
iran spends 1520 billion dollars per year to help assad regime in blacklistirgc iranoutofsyria
iran beats qatar to book asian senior championships final berth iran yemen iraq
rescue operations continue in sri lanka dump collapse iran yemen iraq
bahrain backs iranarab dialog mediated by kuwait iran yemen iraq
france to tighten security on election day iran yemen iraq
this is what happened to by assad forces and irans militias iranoutofsyria blacklistirgc
@ behzadmoezi fsa news video recap what is russia doing in
iran brutalizing aleppo executing most atrocious war crimes in blacklistirgc
join us at our monthly meeting tomorrow night full agenda incl amnestyagm turkey withrefugees iwelcome refugees humanrights
pence puts northkorea on notice not to test us resolve citing strike
iran the only gov with russia condemming usa airstrike on shayrat airbase blacklistirgc
here the original cia us armed and backed moderate afghanistan rebel same story just name place changed
these syrians were finally being evacuated to safety when the car bomb went off la times
perspectivejulian rpckeverified account @ julianroepcke 17h17 hours agofootage from inside lataminah
trump isnt sure what to do next on congress has some ideas
the child asked what is the mission of unthe father replied turning homes to tents @ cnni @ un
secretary @ benjarlath of ukinusa british embassy retweets the lies and propaganda of @ samsusa
iran dont care for civilians death in they are aiding assad in the genocide blacklistirgc
deathtoll from suicidebombing in aleppo on sat is now 126 ppl bombingsyria trumpdistraction
story of iran's revolutionnary guards irgc blacklistirgc iran iranoutofsyria
iran spends 1520 billion dollars per year to help assad regime in blacklistirgc iranoutofsyria
@ militarymaps @ melisaraimmo @ docpakistan @ sayedridha @ watanisy @ mig29 @ politemaps @ gjoene battle for
popefrancis at easter mass attack 'ignoble' iranoutofsyria iran
iran must be expelled from so blacklistirgc irgc iranoutofsyria blacklistirgc
america keeps bombing amp afghanistanisrael is still oppressing the palestinian peoplebut guess who's the bad guyerdogan
pence warns northkorea of us resolve shown in afghanistan strikes @ juminism
children 'lured with crisps' in syria by suicide bomber children lured crisps suicide bomber
mass evacuations postponed in after 126 killed
a deadly bomb attack on a crowded bus convoy outside aleppo in the deadliest such incident in in almost a y
the mothers of the martyrs are cooking meals for saa on the occasion of the independenceday saasalute
ironic how the us condemns the attacks of terrorists yet supports and funds them through the rebels
has never had a civilwar it has only been named that by the us warmongers
our new collection follow up for me manalajaj melano rome russia mydubai abudhabi romaksausa
our new collection follow up for me manalajaj melano rome russia mydubai abudhabi
pence era of strategic patience with northkorea has ended warns of us resolve shown in afghan strikes
retweeted fort russ news @ fortrussnewsfort russ moscow rejects repetition of iraqi scenario in
syrian army targeting al qaeda militants in souran and tell bizam northern hama
the middle east dealing with a heartless world middleeast
there are some odd opinions about
video saandf amp allies secured souran hama
pence era of strategic patience with northkorea has ended warns of us resolve shown in afghan strike
pence era of strategic patience with northkorea has ended warns of us resolve shown in afghan strike
@ maajidnawaz @ lbc 22so should i amp thousands of other brits who disbelieve us lies also be arrestedbbcworld russia
russia says plans a meeting with us and un on in geneva agencies via @ reuters
turkey yemen russia says plans a meeting with us and un on in geneva agencies
iran news us russia says plans a meeting with us and un on in geneva agencies
egypt france italy russia says plans a meeting with us and un on in geneva agencies
iran news russia says plans a meeting with us and un on in geneva agencies
news iran russia says plans a meeting with us and un on in geneva agencies
russian mp balks at boris johnson's invite to fight terror in syria together via @ sputnikint terrorism
saudi @ ksrelief sends emergency aid 2 more than 5200 families n khanshaykhun saudipeacesponsor standwith
the king speaks saudi king salman informed russia his kingdom wants the syrian president out of office
iran's crimes in is part of bigger plan to take over the middle east blacklistirgc
hey we have our own country hatin douchebags herelets deport all of em to leave em with
@ rjszczerba @ realdonaldtrump difference is @ potus took action moab
@ sputnikint @ realdonaldtrump i agree @ realdonaldtrump could keep two promises by forming a usasyriarussia coalit
i demand bombs to be dropped over fsa syrian rebels heads for this crimemondaymotivation bostonmarathon
this mirrors the trend in lack of solid central leadership means groups devolve from global to local aspir
billions stolen from iran ppl funds terrorism in corbyn blacklistirgc
syrian rebels jai publish ids of assad regime and foreign fighters killed in the clashes going on in damascus
good evening from rondo cafe and restaurant in damascus
isisdaesh does chemical attacks again in mosul iraq assad trump marine2017 le pen macron exit
terrorist group plotting to carry out chemical attack on army in eastern damascus
to stop the export of terrorism and islamic extremism revolutionaryguards must be blacklisted iran
centcom apr 16 military airstrikes continue against isis terrorists in and iraq 21 in syria 12 in iraq
calls for assad's wife to lose uk citizenship @ cnni
youth live in d grave amp regime send billions exporting terrorism amp yemen amp iraq blacklistirgc yemen
@ putinrfeng @ potus get your fuc head straight and end this horror like grown men with responsibilities
with the hope of peace and comfort for children in standwithsyria assadmustgo blacklistirgc
