star wars empire at war 63 off amazon deals discounts games sales
public cloud services easily scale to meet your rapidly changing computing demands it
star wars empire at war 63 off amazon deals discounts games sales
star wars empire at war 63 off amazon deals discounts games sales
star wars empire at war 63 off amazon deals discounts games sales
lynk amp co unveils its second take on a shareable car
wozniak apple google and facebook will be bigger in 2075 android ios windows
7 steps to bring you closer to your own podcast news aws startup
the crazyhard technical challenges of robots delivering falafel robot
emulate the golden age of the macintosh thanks to the internet archive retro
australia internet federal court in sydney has ordered websites to be blocked
posts by susan dolan internet
images disappear with width100 when trying to make images responsive internet question howto
beautiful soup can't find the first tag xml internet question howto
get substring everything before and after certain characters internet question howto
sendsms not crashing or sending from emulator internet question howto
looking for a regex for uk postcode internet question howto
html registration form insertion into a database error internet question howto
why isn't my json data showing up in angularjs internet question howto
is c broken with rounding statements internet question howto
rails checkbox not working with remember me for authlogic internet question howto
nexys 4 ddr seven segment select constraint file internet question howto
ggplot2 coordtrans keeping scales the same internet question howto
use addkeylistener in a class to listen keys from another class internet question howto
c11 does decltype12 declare an xvalue or a prvalue internet question howto
using google sheets as a data source for chartjs internet question howto
how to stop rest of code from executing nodejs internet question howto
swift using data model class structures in initialization routine in viewcontroller internet question h
using mysql to prepend product names from a specific product category internet question howto
how to save data from spinner to firebase internet question howto
firebase authentication results in error code authnetworkrequestfailed reactnative internet ques
patent troll with an internet drink mixer and a nonexistent office could be in trouble gadget
the latest denaihati network thanks to @ wisefreeman @ carnine9 malaysia
there are 7 people in the world who hold the key to the internet web
parenting 101 driving apps empower teensgive parents peace of mind @ wbirnews family safety @ life360
the latest normoe the backyard guy news thanks to @ socialinchicago @ rasward2 @ mutasaamun marketing
@ techgeekrebel hahah this is brilliant hack roadsign sanfrancisco science bigdata mobile innovation awesome
@ eduardbulai edward appreciate the follow looks like i can learn from your quality posts thanks for sharing iot
new regular review how do you increase productivity while making your pc more secure security
bbq in bubank coworking cowork freetrialday screenwriter startups themusement writers coders
the core in smart traffic signals hybrid ai amp iot in transportation
lynk amp co unveils its second take on a shareable car
world what country are you nomading from what's the time difference and what hours do you prefer to work
chance the rapper is having a very stevie wonder birthday rap superstar joyful
a latino is called to help the techsun rise in arizona news
it stories tales confession banking madness on to pittsburgh again before i begin i want to thank
secure email service lavabit relaunches citing need for security in postsnowden world
these robots could help nasa find alien life nasa
there was a weird thing in last night's japanese nintendo direct gadget
bbc news rise of the robots what advances mean for workers artificialintelligence robots
is china really abandoning north korea v nnovate
cryptocurrency explainer everything you need to know bitcoin
the new owners of milan promise to build the future but could it be worse v nnovate
why major artists like ludacris and dj jazzy jeff are going indie on distribution v nnovate
police suspect kills elderly victim on facebook live manhunt continues cbs news v nnovate
rue21 in west fargo to close as retailer enters bankruptcy inforum v nnovate
society is violence v nnovate
snapchat doing damage control after its ceo allegedly said the app is 'only for rich people' needs leaders
nsa exploits reveal the world of 1984 is here
chance the rapper is having a very stevie wonder birthday rap superstar joyful
have trouble managing global currencies watch how @ pitneybowes can help craftsmenofcommerce ecomm pbemp
the 13 things we learned from this years star wars celebration news
a murder in cleveland was broadcast on facebook live news
the bernie sanders show us senator bernie sanders
the latest eone daily thanks to @ toneaye @ normative smb
apple to design selfdriving cars autonomous
obama apple seek tech detente at cybersecurity summit national travel finance
potus obama joins twitter business insider travel entertainment finance
buying a tablet how about 20 off fire hd 8 tablet with alexa at amazon gadget ipad easter gift
your entrepreneur questions answered entrepreneur success
star wars empire at war 63 off amazon deals discounts games sales
public cloud services easily scale to meet your rapidly changing computing demands it
star wars empire at war 63 off amazon deals discounts games sales
star wars empire at war 63 off amazon deals discounts games sales
star wars empire at war 63 off amazon deals discounts games sales
lynk amp co unveils its second take on a shareable car
wozniak apple google and facebook will be bigger in 2075 android ios windows
7 steps to bring you closer to your own podcast news aws startup
the crazyhard technical challenges of robots delivering falafel robot
emulate the golden age of the macintosh thanks to the internet archive retro
australia internet federal court in sydney has ordered websites to be blocked
posts by susan dolan internet
images disappear with width100 when trying to make images responsive internet question howto
beautiful soup can't find the first tag xml internet question howto
get substring everything before and after certain characters internet question howto
sendsms not crashing or sending from emulator internet question howto
looking for a regex for uk postcode internet question howto
html registration form insertion into a database error internet question howto
why isn't my json data showing up in angularjs internet question howto
is c broken with rounding statements internet question howto
rails checkbox not working with remember me for authlogic internet question howto
nexys 4 ddr seven segment select constraint file internet question howto
ggplot2 coordtrans keeping scales the same internet question howto
use addkeylistener in a class to listen keys from another class internet question howto
c11 does decltype12 declare an xvalue or a prvalue internet question howto
using google sheets as a data source for chartjs internet question howto
how to stop rest of code from executing nodejs internet question howto
swift using data model class structures in initialization routine in viewcontroller internet question h
using mysql to prepend product names from a specific product category internet question howto
how to save data from spinner to firebase internet question howto
firebase authentication results in error code authnetworkrequestfailed reactnative internet ques
patent troll with an internet drink mixer and a nonexistent office could be in trouble gadget
the latest denaihati network thanks to @ wisefreeman @ carnine9 malaysia
trump tweetrages at marchers demanding tax returns news aws startup
a murder in cleveland was broadcast on facebook live news rt
the latest the burning bush bugle thanks to @ globalcitizenln @ soccermom1517 @ thehopsbride p2
wearable looks very different in 2017 sxsw sxsw2017 bestofsxsw
facebook livestreams a murder and must now face itself socialmedia apps
the latest wolf scott's computer tech thanks to @ aiposter @ jaconrad news
nintendo reveals joycon battery grips and new gadgets ces2017 innovation electronics
bitcoin digital currency how does it work
parallel processing in r with h2o internet question howto
sqlplus store select query variable and reuse the variable again internet question howto
nodejs using passport is it albe to customize the temporary value which saved by serialize function in
how is the following unix command interpreted internet question howto
python 'pip' has no attribute 'main' internet question howto
opening a basic math input control internet question howto
how to read n records from a file using python script where n is the user input in a php page internet q
json data blinking on refresh function to avoid drawing new data every time internet question howto
call fullcalendar by passing date from another website page odoo v10 internet question howto
jwt with angularjs not storing token internet question howto
is there any way i can convert varchar2 to seconds internet question howto
swift detecting a change in a textfield from a xib file internet question howto
perl read file from specified line thru the end internet question howto
how to debug an opengl compute shader internet question howto
why does npm shrinkwrap replace a version designation with a url for the from field internet question h
c does gcc provide extended macrofunction like countof the size of an array internet question how
fft on accelerometer data spike at 0 internet question howto
how to track a c struct member in the xcode debugger to see when it becomes nan internet question howto
get a value from firebase and update it with the current value 1 internet question howto
firebase not adding some values internet question howto
managing data with realm and firebase internet question howto
apple will begin replacing fourth generation ipads brought in for service with an ipad air 2
3novices new plant species found in eastern ghats april 17 2017 at 0755am news hyderabad onlinemedia
walletcodes now in the ph serving smartsun mobile numbers to your steam wallet apps mobile walletcodes
facebook livestreams a murder and must now face itself sitesetup wired
facebook livestreams a murder and must now face itself geek
microsoft will reveal project scorpio xbox gadgets ces2017 innovation electronics
facebook livestreams a murder and must now face itself marketing success
want to work at loma linda university health system we're hiring in lomalinda ca click for details iot
gotenna series b fuels vision to make gadgets ces2017 innovation electronics
as southeast asias tech funding sinks the search is on for a new identity asia
gadgetjakcom smart ring r3 hot sale in mobile phone touch panel as h
do you embrace technology in your house kids babytech parenting peaceofmind
world rise of the robots what advances mean for workers education entrepreneur
martin boehm on preparing students for jobs that dont exist yet in @ timeshighered ai robots
mixed reality mr will be most important of 2017 via @ thenextweb
facebook livestreams a murder and must now face itself entrepreneur digital wired
russia has these robots supposedly for space travel but they are training them to shoot guns robotics ai
domain name for blogger and tumblr free setup gws online gh news
lynk amp co unveils its second take on a shareable car
ants mastered sustainable agriculture 30 million years ago tcnn futuretech
successful people building each other they motivate inspire and push each other marketing teamwork
4 collaboration on dev smm education entrepreneur and social good obsessed w helping others succeed
how to find cybersecurity vulnerabilities across your environment security cybersec innovation
4 me d i love this game dpc xbox ps4 gaming videogames gamedev indiedev ebay retrogaming
4 me d i love this game dpc xbox ps4 gaming videogames gamedev indiedev ebay retrogaming
common challenges facing https and ssl people are not really talking about
robophobia is real heres how scientists are working to make people more comfortable with robots
common challenges facing https and ssl people are not really talking about
common challenges facing https and ssl people are not really talking about
common challenges facing https and ssl people are not really talking about
common challenges facing https and ssl people are not really talking about
common challenges facing https and ssl people are not really talking about
common challenges facing https and ssl people are not really talking about
common challenges facing https and ssl people are not really talking about
common challenges facing https and ssl people are not really talking about
if you don't have a degree not to fear jobs thanks @ fastcompany
facebook livestreams a murder and must now face itself
the 13 things we learned from this years star wars celebration news
a chip revolution will bring better vr sooner than you think vr
a chip revolution will bring better vr sooner than you think vr
the countries most and least likely to be affected by automation
get your steam codes using your smartsun number at gamer dota2 dota gamedev games iot
news summary walmart launches new startup incubator as e commerce war with amazon heats up
wow64context contextflags data member values internet question howto
how to use activex dll inside an atl project internet question howto
need explanation for json parsing in swift code internet question howto
how to check if something is available in one collection before inserting into another collection in mongo
android app automatically downgrade version internet question howto
unable to instantiate activity chronometer android studio internet question howto
click functions requiring more than one click sometimes animate cc internet question howto
android avoid calling single tap twice for double tap without using onsingletapconfirmed internet questi
wordpress curl error 77 error setting certificate verify locations internet question howto
css not being applied to print internet question howto
passing value and get value within one page internet question howto
add permanent shaded rectangle with select box corners in plotly r internet question howto
how to have happy employees without increasing the bottom line biz startups
@ starsailorlive is a tv video audio ambience sleep timer tempamphumidity air quality indiegogo electronics
walmart launches new startup incubator as e commerce war with amazon heats up
news summary walmart launches new startup incubator as e commerce war with amazon heats up
summary walmart launches new startup incubator as e commerce war with amazon heats up
this robotic fish is destined for underwater exploration and tcnn futuretech
posted by @ growthhackers growthhacking digital 4 reasons to replace your lead forms with messaging and
podcast hear @ boblarrive talk about new @ aiimintl research on sharepoint in this episode ecm
the rock transforms into pikachu for easter and it's a lot harder than it looks
world looking for a rain sensor for a prototype education entrepreneur
are you focused on smartcities i want to have a conversation follow me so i can follow back please iot
perhaps the most unusual playstation 4 controller ever made kotaku australia
update how edge computing and serverless deliver scalable machine learning services
xbox has sony ps4 pro just poached xbox scorpio's quantum break 2 sequel daily star daily star has sony
microsoft says it's already patched flaws exposed in leak of nsa hacks
summer camp 2016 summercamp2016 summercamp camp code design program
microsoft confirms just a handful of windows phones will get windows 10 creators update
heres what the hackintosh community wants in the new modular mac pro
robert taylor internet and computer pioneer dies aged 85
the rock transforms into pikachu for easter and it's a lot harder than it looks
insert or update in one query api and php internet question howto
how to inject request scoped bean internet question howto
letter 'l''l' suffixed to a number for 'long' type internet question howto
php how to open word in browser like pdf internet question howto
optimize ensemble weights with for loop internet question howto
how to make random algorithm more efficient internet question howto
how do i return a value from a rest api get request internet question howto
perform operations with runtime defined number of bytes in the middle of memory loaded binary data interne
failed to install into xamarin forms internet question howto
is there potential for xss when interpreting json strings to javascript objects in browsers internet que
firebase login with facebook how to get larger profile image javascript internet question howto
iphoneonly app having ui issues on ipad internet question howto
what benefits are there to use kafka connect to write to s3 from kafka internet question howto
is aws cognito's generated cookies url safe internet question howto
in his new book the new urban crisis author richard florida shows how cities can survive an uncertain
how to send temporary photos videos on instagram which get deleted automatically business entrepreneur
how to send temporary photos videos on instagram which get deleted automatically business entrepreneur
how to send temporary photos videos on instagram which get deleted automatically business entrepreneur
amazing robot little fact bring on the a i science bigdata mobile innovation awesome startups
46 more digital leaders say ai adoption will increase in next 40 months
htc u ultra review what went wrong
solar storms are doing something weird to our atmosphere
how you can install windows 10 in your computer without having a microsoft account
how you can install windows 10 in your computer without having a microsoft account
how you can install windows 10 in your computer without having a microsoft account
how you can install windows 10 in your computer without having a microsoft account
how you can install windows 10 in your computer without having a microsoft account
how you can install windows 10 in your computer without having a microsoft account
how you can install windows 10 in your computer without having a microsoft account
how you can install windows 10 in your computer without having a microsoft account
how you can install windows 10 in your computer without having a microsoft account
lynk amp co shows first pics of volvodeveloped 03 sedan prototype news
how can i get my div the same height as my previous div sibling internet question howto
using strcpy to copy a string to a member of a structure via the pointer operator internet question howto
javascriptangularjshtml how to call ngsubmit from javascript from another program internet question h
how to query postgres index via django internet question howto
can i show animation until my activity loads internet question howto
why does symfony look for addwooklyexercise instead of addweeklyexercise internet question howto
how to read data from post parameter in wicket internet question howto
jenkins plugin how to create multiple pages for displaying report internet question howto
unable to create new remote session appium internet question howto
move code from cdont to cdosys internet question howto
gauge dial in obiee 11g cannot be displayed internet question howto
how to disable enter when autocomplete option not selected google maps searchbox internet question howto
star wars celebration is over but these costumes will live forever cosplayers cosplay
star wars celebration is over but these costumes will live forever
top in cloud microsoft power bi embedded see more
top cloud and games microsoft power bi embedded see more
star wars celebration is over but these costumes will live forever
brief ant financial raises bid for moneygram to 12b the deal may still fail asia
video how to split equity among cofounders asia
a slack for bots now they have their own hangout to talk to each other asia
giveaway enter to win a trip to disrupt ny2017 tcdisrupt tc news smm startup
star wars celebration is over but these costumes will live forever
star wars celebration is over but these costumes will live forever innovation
top from cloud experts neil mills on twitter rt amp like this tweet amp em see more
top from cloud experts neil mills on twitter rt amp like this tweet amp em see more
renishaw robot assists seeg surgery in wales tcnn futuretech hightech
nsa exploits reveal the world of 1984 is here technology
7 tricks to free up space on your iphone cnet vrai777 v mobile
cog breaking out see some indepth analysis on heaven
htc u with snapdragon 835 touchsensitive frame surfaces in first image
joining the fight against climate change would help this industry thrive future futurism ai
posted by @ growthhackers growthhacking digital keywordgraphics the secret to creating shareable conte
suddenly everyone is obsessed with robots via @ themoneygame ai machinelearning money
internet and computing pioneer robert taylor dies
how edge computing and serverless deliver scalable machine learning services business
a latino is called to help the techsun rise in arizona business
@ vrhuman @ oculusmedium doesn't matter how 'cool' the @ oculus is until @ facebook rescinds their fascist 're
great profile on dean kamen and our partner @ unhmanchester's new biotech initiative here in mht highered
perhaps the most unusual playstation 4 controller ever made kotaku australia
china firstquarter gdp grows faster than expected 69 percent steel output hits record reuters v
intel's crybaby lebron is here to fake cry his way through the nba playoffs v nnovate
china car dilemma beijing wants electric buyers want suvs v nnovate
how edge computing and serverless deliver scalable machine learning services v nnovate
taxes from a to z 2017 y is for your rights as a taxpayer v nnovate
the sales are coming except they aren't v nnovate
chinese economy grows 69 in first quarter v nnovate
the rock transforms into pikachu for easter and it's a lot harder than it looks v nnovate
whispers in the office sales managers are the worst v nnovate
the long and misunderstood history of hormone replacement therapy v nnovate
united airlines boots more customers more stories go viral maybe that's just how it's going to be now
a latino is called to help the techsun rise in arizona v nnovate
selling facebook's mark zuckerberg cnbc v nnovate
fugitive mexican exgovernor arrested for graft awaits extradition nasdaq v nnovate
in afghanistan trump aide promises coordinated response to enemies nasdaq v nnovate
the entrepreneur's road to the diamond mine v nnovate
chance the rapper is having a very stevie wonder birthday v nnovate
how hypr takes the guesswork out of social influencer marketing v nnovate
new york educators fear losing a coding whiz v nnovate
2pcs fitbit flex charger eveshine replacement usb charger cable for amazon
women in nyc tech carol barash of story2 via @ alleywatch andthecity
wish we had a restart buttonmondaymorning mondayfeeling mondayblues monday goodmorning
resident evil 7 for free lt3 it works great dretrogaming horrorgames ebay
thats a lot of cell phones plenty of room for your new technologygo get em science mobile
life church introduces vr bible study in youversion app vr clippings bibleapp
stephen curry gives up iphone for chinese competitor cnet
should companies outsource analytics bigdata
how you can install windows 10 in your computer without having a microsoft account
how you can install windows 10 in your computer without having a microsoft account
how you can install windows 10 in your computer without having a microsoft account
how you can install windows 10 in your computer without having a microsoft account
how you can install windows 10 in your computer without having a microsoft account
how you can install windows 10 in your computer without having a microsoft account
which programming languages are you focused on learning now devops
how you can install windows 10 in your computer without having a microsoft account
how you can install windows 10 in your computer without having a microsoft account
how you can install windows 10 in your computer without having a microsoft account
last week in tech ubers version of hell and flipkarts us14 billion funding china business
this expressionchecking foam mask is changing the face of vr
graphene sees more light with silicon carbide substrate tcnn futuretech hightech
the latest the breakfast 20 daily thanks to @ nancyduarte @ tolsen blockchain
vertical textview with shadow effectandroiddev gamedev indiedev programming devs blog
examining people's pre tech startup careers via @ hellometric startups
facebook issues statement after murder suspect shares video of shooting in cleveland
solar storms are doing something weird to our atmosphere
solar storms are doing something weird to our atmosphere
solar storms are doing something weird to our atmosphere
microsoft patches windows vulnerabilities exposed in latest shadow brokers release cloud
facebook issues statement after murder suspect shares video of shooting in cleveland
@ cnet strong effort by @ nintendo to get ahead in the consolewarslet's hope they can walkthewalk gaming sonyvsmicrosoftvsnintendo
solar storms are doing something weird to our atmosphere
google app for food delivery home services launched in india
microsoft azure vs amazon aws comparison between two cloud computing giants know here startups
@ qvegas this month 1970 the postal strike protest labor humanrights siliconvalley
posted by @ growthhackers growthhacking digital why modern sales software should double your team's pro
fitness wearable often has high margin error fitbit garmin jawbone 4x
i supported the end of low battery on @ thunderclapit @ fitcaze iphones kickstarter
astronomy picture of the day 20170416 scifi science space
perhaps the most unusual playstation 4 controller ever made kotaku australia
meet siliconvalley's food chief devouring freemarket farmtotable goodies amp talent to serve the gods @ ozy
facebook issues statement after murder suspect shares video of shooting in cleveland
the latest nababan news thanks to @ plongarussia @ sokratisg intel
facebook issues statement after murder suspect shares video of shooting in cleveland hotnews news
facebook streams a murder and must now face itself hotnews news
android tab layout with swipeable viewsandroiddev gamedev indiedev programming devs blog
ibbi plans fasttracking resolution for startups news
iitians set up startup to wash carsbikes news
berlin startup offers a year with no money worries news
volley easy fast networking for androidandroiddev gamedev indiedev programming devs blog
the latest science policy monitor thanks to @ veraguseva20171 @ reparopconline @ katieschwartz
gamer memes on which is your favorite combination gamer gaming esports meme
tech we're using the apps that make keeping up with soccer easier news
'the last jedi' to reveal more about rey's parents news aws startup
hi @ spinlableipzig thanks for connecting let's collaboratestartup business
@ nasscom @ nasscomstartups sggsccatalyst 20 is here startups apply at fintech sggsc
outstanding deal on this 128gb sandisk microsd card for your nintendoswitch gaming bargain nintendo
hired the art of algorithms how automation is affecting creativity innovation
stop blaming the industry for the worldsproblems via techcrunch blaming the
winter camp 2016 wintercamp2016 wintercamp camp code design program
how the people of the future will view the robots of today mobile
clear colorless coffee promises not to stain your teeth
art and music looks like nothing will be spared in the coming ai revolution machinelearning creativity
slack grew mostly by word of mouth which is unusual for corporate software startup sf siliconvalley
big fuel savings from autonomous vehicles business
techinsider a chinese mall built a massive slide so you don't have to use escalators
perhaps the most unusual playstation 4 controller ever made kotaku australia
digrio cybersecurity industry must adopt that utilizes dataanalytics and by
posted by @ growthhackers growthhacking digital the 7 best podcast promotion strategies and how to use
the key to business success in 2014 entrepreneur business success marketing startup
best reviewed drone cameras in 2017drones brings us nearer to inaccessible landscapes and habitats
yes breaking the orthodox business consulting we are a brand you can count on let's collaborate
insta360 air 360 degree vr camera for android unboxing review innotovation ces consumer
edible crispr could replace antibiotics
virools new vertical video exchange opens vertical video ad inventory to over 150 dsps
pcgamer @ dnrcrew @ nightrts dawn of war 3 trailer meets the voice actors by
'mazegenerator' by razimantv generate mazes of different shapes dev programming cpp
fashion finance just some verticals that make newyork a hotbed for startups parlayme entrepreneurs
carplay coming to 2017 honda accord macnn android google
top reasons why every business needs a blog jbklutse social news australia ghana
'fuzzbunch' by fuzzbunch nsa finest tool dev programming python
smart bandages will use 5g data to track your health
best messaging app wechat why it's cool apps london resources wechat
gamer memes on let me start with christopher columbus gamer gaming esports
things that make ya go hmmm nature environmenteyes biology edtech
fastrackreflex pros amp cons click here @ fastrack fastrackreflex fastrack fitness
poor indians bring snapchat to its knees rating down to 1 star on the app store peoplepower
the mobile edge is out augmentedreality ar stories via @ vrodomagazin @ theappygamer @ comunemortale mobile
pcgamer @ dnrcrew @ nightrts the bright life of the msx japan's underdog pc gaming
is unicorn the same in every language these nonus cos are valued at 1b or more
pcgamer @ dnrcrew @ nightrts corsair m65 pro rgb optical gaming mouse is on sale for 40
go back in time with the internet archives collection of macintosh programs from the 1980s
smart bandages will use 5g data to track your health feedly
perhaps the most unusual playstation 4 controller ever made kotaku australia
finnish museum commits to playing a 1000 year long gif to the bitter end credit @ thenextweb gif history
spring camp 2017 springcamp2017 springcamp camp code design program
posted by @ growthhackers growthhacking digital how to build a high performing growth team
the latest fastercapital blog
toxic cult of genius has parallels in philosophy @ qz
this is not what space looks like via @ youtube science space physics eampm astronomy
internetofthings and other planets is out contents from @ adriansingh23 @ foiaz @ thomasmehlhorn iot
@ bettshow inspire creativity w the right teamsstudy groups using ai lrnchat
green digest is out featuring @ bengeman @ annecmulkern @ elizabethcase renewable
is everything fintechfinserv finlit blockchain bitcoin banking bank financial
a chevy bolt gets you there but you'll need a smartphone for navigation
techgt facebook livefacebook issues statement after murder suspect gt
check out here top 10 bigdata webdev mobileapp blogs thanks to @ stevefritz
omg now i hate snapchat the truth is written in this article like the bible believe it feedly
wellknown silicon valley tech firm set to open calgary office nenshi business yyc alberta economy
a meaningful session with our md which made startup a sensible title in the growing society startups
the fate of the furious tops the force awakens for worldwide premiere record
kid's model of martian mini farm wins startrek competition innovation future vc
clear colorless coffee promises not to stain your teeth news smallbiz
stephen curry gives up iphone for chinese competitor news aws start
the age of rudeness feedly
querying previously cached resources internet question howto
how to handle scroll and zoom event for fixedpositioned element internet question howto
what is the difference between linq and ef syntax internet question howto
inverse predictions with caffe internet question howto
changing the destination ip address in the http request header using python internet question howto
know if remote notification has been expanded to see actions ios 10 internet question howto
how to insert digits between two consecutive digits of a number in java internet question howto
how to split list of strings into two columns and append it to a spire pdf in c internet question howto
what is the meaning of xs md lg in css flexbox system internet question howto
paint stroke not covering all the side in android internet question howto
spring boot auto reconnect to postgresql using jdbctemplate and multiple datasources internet question h
android how to send sms with particular sim in dual sim mobiles internet question howto
jquery is not working without alert internet question howto
android thread created by syncadapter internet question howto
how to use plain password as login with oauth internet question howto
using angular 2 focus on next input field with enter key press internet question howto
win batch scripting extract substring from string internet question howto
error while looking for tld file for internet question ho
ios tableviewcell contain collectionviewcell internet question howto
how to change less property by using different param internet question howto
jmeter json path extractor conditional selection internet question howto
snapchat ceo evan speigels alleged antiindia remark here are details from the lawsuit india
send form to mail via php without page refresh and fields cleared internet question howto
police searching for this man who allegedly posted a murder live on facebook gadgets
how cloud migration can boost your business cloud business iot saas
what are the positive sides of microsoft support 18503666203
participated in the colorado space grant consortium's 2017 robotics challenge future science
ue wonderboom bluetooth speaker giveaway @ realsoundguys giveaway
why mobile first may already be outdated mobile webdev
posted by @ growthhackers growthhacking digital 28 ecommerce conversion rate optimization steps guaran
startup uses biometrics to tailor music for good nights sleep
new social news facebook issues statement after murder suspect shares video of shooting in cleveland
turkey's electoral board confirms erdogan's victory in contested referendum finance
ue wonderboom bluetooth speaker international giveaway win music enter gt
ashe by kane young dribbble design webdesign ux ui graphic digital visual
verge jeep says the grand cherokee trackhawk is the fastest suv ever
ai programs exhibit racial and gender biases research reveals
have fun with us this summer with various tech classes summercamp camp code design program
wanna help out with @ bsidesaustin 2017 become a volunteer today infosec atx fun
world stunning drops in solar and wind costs turn global power market upside down education entrepreneur
posted by @ growthhackers growthhacking digital the complete guide to facebook ad types
google hire could lay bare your entire search history for employers
what do investors care more about startups bigdata cloud defstar5 vc
toyota launches kirobo mini a palmsized robot funding startup vc
wearable or microchip implants what's your take for the future
the latest the bao tran daily thanks to @ iamtokool @ atf13atf @ mdrashelhossei1
tvos 11 to bring multiuser support pictureinpicture to appletv applenews tvos
today's giants can become a mere shadow of themselves @ cnbc
if the iphone and galaxy s7 had a phone baby here's what it would look like news
stress levels are higher on average for constant checkers than for those who engage with less frequently
43 million was found in a nigerian apartment and everyone made the same joke
43 million was found in a nigerian apartment and everyone made the same joke
the latest the rasahi daily lumia edition thanks to @ asifhus47167893 @ masklayer gadget
43 million was found in a nigerian apartment and everyone made the same joke corruption
@ karkinosbc i agree i believe the solution lies in maturing morally as a society as there will probably never be
the latest randomredhotmarketingblend thanks to @ aircide @ betsyhcohen @ kenyatexasc innovation
innovative ride on suitcase great for weary travellersvideo invention
practical internet of things security 2016 iot iot
10 worldrenowned entrepreneurs reveal their business secrets startup smallbiz
this momproof notebook has a fingerprint sensor on the side the verge momnews moms notebooks
43 million was found in a nigerian apartment and everyone made the same joke
43 million was found in a nigerian apartment and everyone made the same joke
the latest one minute into the future thanks to @ aakashshaw12 @ thomasnhale @ iamstartacus disruptive
heard of @ hiredhq each week 3000 companies make dev software design job offers check them out
youtube has a hidden dark mode here's how to turn it on @ cnet news videomarketing marketing
refugees to learn coding amp be part of workforce remotely digitalnxt
google hire could lay bare your entire search history for employers via rtechnology new trends
samsung galaxy s8 s8 india launch on april 19 everything you need to know digit in india
samsung galaxy c9 pro c7 pro and c5 pro 128gb variants spotted the mobile indian in india
2017 hyundai xcent facelift vs 2014 hyundai xcent old vs new indian autos blog blog in india
check out dodi as @ sxsw recap that covers how ericsson is achieving change through teamericsson
htc u ocean flagship leaked looks similar to the u ultra nametechname mobile
changes to h1b visa policy could have a chilling effect on the industry
this indian app is getting 1star reviews because its name is similar to snapchat
posted by @ growthhackers growthhacking digital how to build a backend system spending 0 without cod
natural gas is leaking from city pipes but spotting leaks is getting easier
the internet of thieves ai iot cybersecurity cloud ml bigdata digital databiz
@ uaeiic amp uaeindia business council sign agreement to facilitate trade amp investment inc collaboration
7 new technologies to be excited about by @ joelesina
practical internet of things security 2016 iot
solar works lock haven express hgi solar
cto @ amitbens talks context in bots via @ customerthink article @ bobthompson ai cx engaging customers w
@ proreplica @ geekvk welcome to the it retweet group itrtg it welcometweet
deleting even values in a linked list internet question howto
htmltableextract doesn't work internet question howto
check null condition in where clause internet question howto
jquery slidetoggle automatic internet question howto
uinavigationcontroller extension to set rightbarbuttonitem in swift 3 internet question howto
for loop condition breaking async function inside internet question howto
what are the disadvantages of restful web services over soap web services internet question howto
android recyclerview gridview item not showing properly internet question howto
how can i use find to find documents in db for logged in user internet question howto
rogue drones targeted by new specialist squad in the uk
php string not getting concatenate internet question howto
error in subject registration internet question howto
can not push on git on android studio internet question howto
connection to tfsapi from javascript client internet question howto
why is object not defined internet question howto
how to get count of listview elements internet question howto
issue with h2 migration from wso2 esb 481 to 500 internet question howto
from more productive slack habits to nailing job interviews this weeks top leadership stories
the latest iot daily news iiot internetofthings ittweetsuk business cloud m2m innovate startup iot
this indian app is getting 1star reviews because its name is similar to snapchat
companies move to sanfrancisco @ salesforce tower
@ twitter @ support i been thinking any plans for an edit option on these tweets wishlist tweetsmarter
artificial intelligence ai means the end of privacy as we know it future science
do the pros of containerisation outweigh their cons cloudcomputing it
the latest the digidaily news thanks to @ jcsouffront @ charleshtweet @ redlineminds ux
the changing fintech landscape in asiapacific and its security implications infosec cybersecurity news
the latest future of jobs thanks to @ stevebursley @ miningtoday @ thejoker41201 ai
rogue drones targeted by new specialist squad in the uk
rogue drones targeted by new specialist squad in the uk dubai digital inbound advertising marketing
a bit of tcp review this afternoon ccnp route study networking
nba star andre iguodala says magic leap will disrupt life news aws s
vp pence speaking near the dmz delivers strong message to northkorea business stocks investing china
startup essential tech tools for 2016 by @ abhishekshah tools
indians angry with snapchat are taking it out on snapdeal quartz
43 million was found in a nigerian apartment and everyone made the same joke bet
how to use armlinuxgcc cross compile gmock internet question howto
setting cookie for custom tile urls in google maps android sdk internet question howto
zoom at center of image as origin with layout transform internet question howto
how can i load below columns into ssis internet question howto
merge commit in detached state internet question howto
something about requesturlpipe internet question howto
phone is locked then notification sound is not created in android phone internet question howto
php date extension configm4 not found internet question howto
ngnix subdirectory with relative url configuration internet question howto
how onbackpressed works when back to the one activtiy to fragmentactivity internet question howto
context issue in recyclerview internet question howto
how to get each month last date in php year will change according to cuurent date internet question how
how to use regexpexec in typescript internet question howto
how can i register a username in firebase internet question howto
why is homography needed in object recognition problems internet question howto
laravel login screen if not logged in errornbh internet question howto
obtain current row from button click internet question howto
uwp how can i attach an image to an inkcanvas internet question howto
some eigrp fundementals for your monday ccnp route study networking
clear colorless coffee promises not to stain your teeth via @ mashable news smallbiz
a screenshot20160205214758
smart contact lenses that can zoom and record video contacts
43 million was found in a nigerian apartment and everyone made the same joke bet
more than 8 million people in the us have mental health problems yes and it starts at the top
don't pay attention to media coverage of syria the being used in today's wars will be secret for 20 yrs wiki internet
how ai can change locks in cybersecurity ai ml startup startups infosec security news blockchain
12 best websites to watch horror films online without downloading 2017 free tricks tips
43 million was found in a nigerian apartment and everyone made the same joke bet
posted by @ growthhackers growthhacking digital 4 reasons to replace your lead forms with messaging and
can honeypots actually catch attackers come check out the honeyanything guide by @ claushoumann
8 digitalmarketing tips for bootstrapped startupsdigitalmarketing startups marketingtips business
a chip revolution will bring better vr sooner than you think via @ wired vr ai iot digital
veridoc secures acceptance into ibm program utilising blockchain to secure documents @ veridoclimited
alibabas ant financial may have won the bidding war for moneygram after upping its offer to 12b pakistan
rogue drones targeted by new specialist squad in the uk
posted by @ thenextweb web digital earn serious project management stripes with certification to match
glibc 214 not found jenkins android gradle build while updating sdk amp build tools internet question h
1001 by logo machine dribbble design webdesign ux ui graphic digital vis
check if all textboxes have values internet question howto
what happened if provisioning profiles are deleted of live app internet question howto
how to know either binary digit is one or zero when a number is in decimal c internet question howto
radiant visage is antiaging combo is already advocated internet question howto
how to set eclipse cdt to index resolve std files internet question howto
receive google autocomplete results in local language internet question howto
install serf 139138121 on suse is failing with same error pointer to incomplete type internet
optimize profit based on different treatments to all the stores in r internet question howto
java issue reading from text file and saving data into a arraylist of objects internet question howto
aspnet core controller is refreshed in every http request from javascript internet question howto
take character from a specific position to last swift 3 internet question howto
'dataframe' object is not callable how to tackle internet question howto
regex do not match if starts with a character internet question howto
swift return value in setter internet question howto
r loop using different functions depending on previous output internet question howto
run string of python script inside a function error in return internet question howto
rubymine can't load file projects after running git clean internet question howto
how to redirect site to https and http using htaccess for specific file and folder internet question how
how to save dlib object detection chips properly internet question howto
find most favorite products from a large table on sql server internet question howto
face detection and scaling with imageview not working due to scaling objetive c internet question howto
your current session has been expired magento2 internet question howto
toddlers who use touchscreens sleep less study says
guest blog light up your easter with these gift ideas for your loved ones
cyber surfers uninstalled snapdeals app instead of snapchat india
moto c moto c plus and moto z2 force leaked in videos report india
toddlers who use touchscreens sleep less study says
toddlers who use touchscreens sleep less study says
toddlers who use touchscreens sleep less study says
blockchainiot based management of shared resources between trustless parties iot
blockchainiot based management of shared resources between trustless parties opensource
the latest open source tools for web developers opensource
spacexs next hyperloop contest will focus on one element speed
my passport ssd western digital announced new ssd line via techhgeeks
rogue drones targeted by new specialist squad in the uk
it was all fun and games when you heard that nokia is back but you didn't factor in this mobile
my passport ssd western digital announced new ssd line techhgeeks
this new 'perfect' battery has experts stumped science education
how one man built his own iphone out of spare parts bgr vrai777 v mobile
jjrc h31 the best beginner's quadcopter review gadgets gizmos
the latest the rapplabs daily thanks to @ andrewmilne @ russellmarsh @ virorum wiredclassic
the best way to clean your camera lenspen dslr kit review youtube
how to coil your own charging cords news aws startup
man sues grindr after 1100 strangers show up at his home workplace for sex fox 59 google news
xiaomi confirms dual rear cameras curved screen and 6gb ram for the mi 6 more images surface
posted by @ growthhackers growthhacking digital what is a growth master
if you cant sell early adopters on the future fast enough there is little chance of commercial success
6 ai cybersecurity startups keeping you safe news
1001 startup ideas cloud optimization services news
factors triggering the shift to chatbots read bot ai
find out how amr technology is revolutionising the business electricity market energy
6 ai cybersecurity startups keeping you safe news
1001 startup ideas cloud optimization services news
alibabas ant financial may have won the bidding war for moneygram after upping its offer to 12b
remebering one of the giants via @ guardiantech robert taylor internet and computer pioneer dies at 85 blog
21 travel apps that can make your journeys easier and more fun via @ wanderingeds travel
are edible bubbles the future of packaged water news aws startup
the latest gadget boy tech paper thanks to @ shafiqmustapa @ ayoessien @ yalnajjar
china car dilemma beijing wants electric buyers want suvs science
hundreds evacuated after deadly sri lanka dump collapse science
verge googles alphago ai will face its biggest challenge yet next month
lynk amp co 03 concept sedan peeks out ahead of shanghai motor show news
mark create flowcharts amp diagrams in seconds powered by ai
tapcart turn your shopify store into a native iphone app
elk know how much things cost on your trips quickly
maninayton on why it is a bad idea to blow up a satellite part 3 in the space debris trilogy check it out
the latest the techsansar daily thanks to @ sachinkarki @ thecloudfactory @ rukhgrg twitch
3 generations of iot in 2017 wearables data fintech ai cybersecurity bigdata innovation datascience
ant financial hikes moneygram offer by 36 percent to outbid euronet
wozniak's world in 2075 'bigger' apple google facebook and we'll be living in deserts
shapeshifting laptop tablets
chrome and firefox phishing attack uses domains identical to known safe sites via @ wordfence chrome firefox
great common sense article by @ wireduk ai machinelearning
ranked the 13 most popular netflix original shows
show off c @ johanhedberg education science chemistry
augmentedreality glasses apple's plan to kill the iphone the australian vrai777 v mobile
hunting for mexicos mass graves with machine learning
straight from the cia surveillance privacy democracy people security
a lovely name beginning with 'net'startup brand cyber digital internet nets portfolio network
iot bringing the new definition of smarthome
robot being trained to shoot guns is not a terminator insists russian deputy prime minister
i need a good video editing laptop that isn't made by appleany suggestions would be kindly appreciatedfilmmaking
posted by @ growthhackers growthhacking digital 7 fundamental contentmarketing frameworks
kobe university paves way for 50 pv cell efficiency
ls industrial systems to build 39mw solar plant with 14mwh battery
toshiba develops compact pv inverter for residential use
@ cschveninger like so many things in
we are in tamale researching educational standards for a project supported by @ indigotrust radio podcast
microsoft starts blocking updates for windows 7 and 81 on new cpus jbklutse social news australia ghana
the latest talk confidence daily thanks to @ missvertonghen @ moniquehohnberg confidence
an introduction to zabbix opensource
cleveland man who posted murder video on facebook still at large
toddlers who use touchscreens sleep less study says
big data machine learning and internet of things ai iot
alibabas ant financial may have won the bidding war for moneygram after upping its offer to 12b
7 new technologies to be excited about by @ joelesina
news latest android 712 coming to xperia x concept users this week
can an iphone survive a 100foot fall in a chocolate bunny cnet
codriver chris keeps your phone out of your hands in the car roadshow smartphone crowdfunding
i hate you goodreads i really really hate you
prices of ssds and dram will crash in 2019 gartner predicts @ gartnerinc news
oppo r11 image leak shows dual 16mp rear cameras teknogadyet oppo
17 teens take us inside the world of snapchat streaks where friendships live or die
pcgamer @ dnrcrew @ nightrts windows 7 and 81 will no longer update on kaby lake and ryzen pcs
join us onairnow with whitesquare adapting original club mix
pcgamer @ dnrcrew @ nightrts gskill's new trident z ddr4 ram overclocks to 4500mhz
the latest digital disruption daily d 3 thanks to @ elongwilliam @ amanciobouza @ markovanzwam bigdata
what is 5g and why should you care
dont wait until its too late to invest in mobile m2m
posted by @ growthhackers growthhacking digital check out our ama with arun mani thearunmani managing
if only there were some way to reduce recruitment costs and screening time oh wait there is hrtech
iot and business @ nqminds is laying the foundation for a truly smartcity vid
how could your organisation use blockchain
17 teens take us inside the world of snapchat streaks where friendships live or die via @ digg news
check out our new offerings to respond to consumerled demands for innovation momentum
new early cautioning framework utilizes artificialintelligenceai
appdate get your vehicle back on the road in no time with first c jbklutse social news australia ghana
embrace the benefits of container
1 trillion this is going to be the biggest tech company of all ai amazon
news latest the people folder in google photos is missing for
just imagine the ski chalet of the future futurepredictions
the uk tech start ups daily is out stories via @ stacktalent @ tomkimber @ feelaliveuk brexit
the latest the bill stehr daily blockchain
gamer memes on harlem shake is back buy now while you still gamer gaming
roboteam is building a 10000strong robot army for your home robots robotics kickstarter
daily wif hot girls get water ballooned prank wars hiphop music interviews extremesports cars
bigger apple google facebook will exist in 2075 steve wozniak economic times
jacqueline fernandez puts her money in juice making startup news
berlin startup offers a year with no money worries news
soundprospect news for pros is out stories via @ jaineshshah84 @ deeeelo @ drtechnologi social
excellent readstartups who made it big through crowdfunding startup bigdata
the latest leanentrepreneur leanstartup thanks to @ amaltson @ trvanes @ myfrenchstartup ai
cleveland man who posted murder video on facebook still at large
17 teens take us inside the world of snapchat streaks where friendships live or die
world help improve the open street map data for your area with the streetcomplete app education entrepren
world moving to bulgaria for less income tax education entrepreneur
via horse at fukushima daiichi hidden crisis radiocative jan 2017 leak security
this nyc startup just raised 12m to liberate you from automatic payments via @ alleywatch email
the lochness monster has been captured on sonar by an underwater robot robotics
uk driving tests to include sat nav skills from december
reddit rejects 81 of all piracy takedown notices
@ euandavis avp spoke to @ personneltoday on how ai will lead to creation of new jobs amp boost business
11 reasons the samsung galaxy s8 is better than the apple iphone 7 for business
shake an iphone and recover accidentally deleted email startup funding apple vc
as we change the world in turn with tech the world then changes us an evolving cycle science bigdata
ubereats is entering indias crowded food delivery market this quarter
how augmented reality is already improving worker performance ar
resident evil 7 for free lt3 it works great dretrogaming horrorgames ebay
@ wsj the rise of the smartcity safer healthier amp more efficient smartmobility iot
what would be the most effective roles for ai in your enterprise chatbots data
what's next for artificialintelligence and machinelearning bigdata on top news
essential skills for becoming a successful iosapp developer appdev
in time for tomorrow it's what we need to implement after the long weekend ase motivation eastermonday
if you go to google amp enter do a barrel roll the entire page will rotate completely
the 2018 volkswagen golf lineup is one big happy family news aws st
ubereats is entering indias crowded food delivery market this quarter
obviously follow tips my issue us interests have previously hacked apple per reportstips aside
the latest story of pen thanks to @ ericasantunes review
particularly true for entrepreneur startup life newbeginnings
arch by andrew baygulov dribbble design webdesign ux ui graphic digital
dodowip by joshua gille dribbble design webdesign ux ui graphic digital
disney chicks by jerrod maruyama dribbble design webdesign ux ui graphic
posted by @ thenextweb web digital ubereats is entering india's crowded food delivery market this quarte
the latest workplacerevolution thanks to @ hockeycafe blockchain
horse i do think that all that metal will help shield workers in that environment fukushima engineer law
new tech talk6 like share youtube @ youtube @ youtubeindia @ ytcreatorsindia
the influential @ melindagates has a new mission more women in please genderequality womeninstem
prusnick press room daily is out stories via jp @ txbluegoose @ betramobet @ horseinrain innovation
uk driving tests will require sat navs from december
the latest the cloud computing start ups daily thanks to @ timextenderdwa @ northalley startups
they can be a layer of protection or a hacker's way in cia computers hackers data
elon musk 100 tesla gigafactories could power the entire worldtech news innovation
i have not used these in a while @ apple
era of the intelligent insurer is here technology vision 2017 accenture insurance blog
5 innovative tools for meetings and events
the latest iosdev news by @ alexamovil thanks to @ dagostin @ iosacademie @ invasivecode iosdev
the latest the semiconductor amp daily thanks to @ swarmiq crispr intelfreed
gamer memes on jack with bat is her husband gamer gaming esports meme
australia next mining boom in australia will be driven by tech metals for renewable energy and technologies
australia australias central bank is studying blockchain technology
australia these five trends are shaping technology development in australia
australia technology news australia goes antiprivacy today starts storing all user metadata
australia vodafone partners with cebit australia to showcase the latest in iot technology
australia nbn of australia trials nokia universal ngpon fibre technology
australia australia says it's ready to supply uranium to india
australia qut creative enterprise australia launches australias first creative tech accelerator
brand marketing in the marvel universe
american crime showrunner john ridley im not worried about how people are going to respond
superhero showdown where does the marvel versus dc debate stand right now
posted by @ growthhackers growthhacking digital how to lower your customer acquisition cost and grow roi
salesforces marc benioff on the power of values
posted by @ growthhackers growthhacking digital chris pool moot on 4chan explains why canvas shut down
the next serial might be a podcast from tinder or spotify
should ceos like oprah and mark cuban run for president
do with a real a 5 pencil what you do with 100 pencil with ilapis and much more
marvel rules the universe
how panera bread uses tech to get your bread bowl to you even faster
ikeas big bet on meatballs
announcing the united states of innovation 2017
how colourpop is putting a new face on the online cosmetics business
the recommender what execs from boll amp branch cuyana and foodstirs are loving right now
up to 11601 off on the iphone 7 amp 7plus via techhgeeks
trump's 'aggressive' tweets are 'trouble' says north korea news aws
twitter now supports twofactor authentication apps heres how to secure your account
really the @ mojgovuk have nothing better to do just install mobile and rf jambs in prisons drones
updatehow to bypass icloud activation lock on iphone in ios 10
synchronize the ui thread with a service an async task internet question howto
how to use underscore's partials in metalsmith internet question howto
how tester can verify both register and login user are same without having database access internet quest
wordpress loginphp becoming blank internet question howto
why the leading 4bytes data missing when sending raw bytes data to a tap device internet question howto
does declaring a namespace twice have any impact internet question howto
eleminate loop in numpy proper brodcasting internet question howto
how to seperate ' testa 10' and 'test' in python internet question howto
function in ajax done is undefined internet question howto
can we count the number of code review comments in gerrit internet question howto
how to append the length after found 0 internet question howto
giant robot duel is a go fight begins august future
mayavi not working in canopy and making the python kernel crash on osx internet question howto
fetch wordpress posts and order by metakey's id internet question howto
how to change dynamically adding element text using id internet question howto
grails 223 dependency issue not resolving internet question howto
javaioeofexception end of input at line 1 column 1 path in android retrofit internet question howto
mt4 alpha 32bit bitmap object internet question howto
how to create single tar file with multiple tar file internet question howto
custom remote valdaition without mvc reference in datamodel class internet question howto
how to convert an mvc 4 project into aws lambda function internet question howto
show log file in browser without making a copy of the file duplicate internet question howto
biological twins ivf treatment news from mississippi turns out to be a hoax
startup medcon onlinefor medical videoconferencing or telemedicine consulting medtech medicine health marketing branding
update what does the far side of the moon look like seoexpert
update finland's green party and nuclear power really seoexpert
sketchy drawings depict bezelless iphone 8 with home button camera and speaker integrated behind screen
india's attempt to go cashless is turning food vouchers digital
the latest digistu digistu thanks to @ indiatodaytech @ mashi777 @ whatsappnews
the latest the globe daily thanks to @ marconovanta @ djbalinha cabelos
machinelearning in finance 4 ways cfos can unlock valuefintech ai bigdata strategy digital ml
india's attempt to go cashless is turning food vouchers digital
the latest rehak gaming corner thanks to @ listhingsco @ twin1994ma @ freezeh nintendo
find how iot can help combat the environmental issues digital
our new logo keen on your feedback drtechlove gadgets gadget instagadget smarttech
up to 11601 off on the iphone 7 amp 7plus via @ techhgeeks
this company's top executive was paid a whopping 40 million last year mobile startups news haber mobil
india's attempt to go cashless is turning food vouchers digital innovation
india's attempt to go cashless is turning food vouchers digital
india's attempt to go cashless is turning food vouchers digital
this company's top executive was paid a whopping 40 million last year digital news startup
india's attempt to go cashless is turning food vouchers digital demonetization india
india's attempt to go cashless is turning food vouchers digital mobile
vr communication startup raises 139 million usd in series a ar @ plutovr
playstation store ps4 update horizon zero dawn dominates
the latest @ markwcsi thanks to @ getitonvinyl @ amcarwyn @ iamtheeminx ai
@ mellowboards are you guys considering an indian kickstart with your product startup business
what is techbody balance finding a healthy balance between amp the physical world
galaxy s8 iphone 7 plus google pixel oneplus 3t speeds tested cars
10 brilliant uses of 3d in graphic design art
aaa is planning for a future where we dont own carsstarting with a carshare
after a dark past bostons urban renewal agency is building a citizenled city for the future
india's attempt to go cashless is turning food vouchers digital
when you create an ai but it can be tricked by a picture of noodles algorithms arent perfect
posted by @ growthhackers growthhacking digital the definitive guide to guest blogging
startups how early stage startups can compete with giants in attracting talent by @ scedeio
can you recommend anyone for this job in munich mobilesecurity comptia servers hiring
capture spurs second wave of ecm adoption governance infogov
how to make your company machinelearning readyai bigdata fintech marketing iot
the latest pete nickel daily thanks to @ markosavic @ startupchat @ pablopanache iot
contextual inputs by hayden bleasel dribbble design webdesign ux ui graphic
up to 11601 off on the iphone 7 amp 7plus techhgeeks apple flipkart
india's attempt to go cashless is turning food vouchers digital via
india's attempt to go cashless is turning food vouchers digital
alibabas ant financial may have won the bidding war for moneygram after upping its offer to 12b feedly
hillarious quote found before it's lunch again startup life startups business
can we develop a machine which is conscious to itself startup founder entrepreneur ceo physics code ai iot bigdata uxdesign
galaxy s8 iphone 7 plus google pixel oneplus 3t speeds tested cars
10 brilliant uses of 3d in graphic design art
can machine learning deliver omnichannelmachinelearning ai fintech bigdata ml retail cx
a siliconvalley program is matching young lowerincome workers with employers eager to diversify their ranks
if education and dt get you excited see how you can get involved @ mtlupstarts' new venture this thursday
fromreceivingupdatesonoldwindows8chan
iphone 8's new fingerprint sensor may be on the fritz cnet
top 5 disney attractions that should be movies video cnet
verizons wear24 arrives may 11 to take on lg watch sport and samsung gear s3 dubai digital inbound adve
autocomplete lynk and co previews 03 concept sedan video roadshow
at five pounds the gtx 1050 ti gaming laptop is light and powerful dubai digital inbound advertising m
how to level your refrigerator cnet
backups are like unprotected sex news
furious indians are leaving snapchat onestar reviews in the app store because they'r innovation success
these farout animals fascinate and amuse scientists cnet
clever homemade baby stroller fits under an airplane seat cnet
machinelearning driving innovation at amazon paypal uses ml to reduce fraud ai fintech marketing retail
trump tweets recommendation for book with blank pages cnet
what's facebook's next plan to take over the world the 359 ep 211 cnet
developer tools startup wercker has been acquired by oracle news
superheroes take the stress out of new
techcrunchs firstquarter tech earnings season prop bets google
pokmon makeup is here and it's just as cute as you'd expect
google makes fashion image searches more like pinterest google
windows 10 creators update lets administrators take away some user options
new manytoothed clingfish discovered with help of digital scans science
highresolution imaging with conventional microscopes
nasa team explores using lisa pathfinder as 'comet crumb' detector science
researchers working toward indoor location detection
4 questions your website must answer to generate sales leads
the iot amp home monitoring daily news is out stories via @ cbundy711 @ pappaofnigp @ yoyoyoooo iot
reminder you have until tomorrow to lower your tax bill with ira contributions hotnews news
how running a marathon puts your body through hell hotnews news
don't throw money at your bad habits hotnews news
whatsapp is testing a feature to make changing numbers easier thank goodness
what would an apple macpad pro actually look like freecodecamp
ubers neverending pr disaster the atlantic
why do major american corporations struggle in china china
the latest randomredhotmarketingblend thanks to @ usouthflorida @ iotblinkr @ toneo1st innovation
today's news on internet of things is out socialmedia
today's best deals anova sousvide anker audio civilization vi and more
@ purattitude welcome to the it retweet group itrtg it welcometweet
scientists discover that the atmosphere of mars is full of metal
techcrunchs firstquarter tech earnings season prop bets amazon
5 questions we want facebook to answer at f8 appsandsoftware
a new study uncovered this terrifying fact about the way we drive accidents distracteddriving driving
'stronger privacy laws could save advertising from itself' digital via @ wired
jaguar rerun app overlays track performance data on gopro vidoes via @ roadshow auto
embracing a digital future with @ delltechit's all about software amp clouddigitaltransformation cio ceo
pokmon makeup is here and it's just as cute as you'd expect
origin's new 15inch gaming laptop starts at 999
i'm gonna go with my mac is having internet connection issues slow
the saddest facebook live video is 20 people kissing a car
in the nearest future your 10yr old will pass a small iq test of a tech company and will start a earning salaries for life talents
techcrunchs firstquarter tech earnings season prop bets news
furious indians are leaving snapchat onestar reviews in the app store because they're mad at the ceo
google reaches 78 million settlement in its android antitrust case in russia
hot of the presses seeking solomon is outedtech edu education stories via @ rizzrazz @ hennigdavid k12
windows 10 creators update lets administrators take away some user options
3 awesome exercises for handling rejection biz startups
scientists discover that the atmosphere of mars is full of metal news
researchers find that social media can make you happier or miserable entrepreneur
8 key ecommerce trends coming out of china ecommerce china
oh the irony of the world stupid comesinallshapes bravenewworld
@ mkbhd make a vdeo of it they'll hear you @ mkbhd youtuber
developer tools startup wercker has been acquired by oracle news
today's best deals anova sousvide anker audio civilization vi and more design
one of many things biz needs to focus on for success acumen of staff pwc's chairman @ bobmoritz has more
origin's new 15inch gaming laptop starts at 999 news
plenty of jedi at the star wars celebration futurism science gadgets wonderful
reminder you have until tomorrow to lower your tax bill with ira contributions
don't throw money at your bad habits
this week we feature our bayonet spinning chinese linguist matthew bayonetspinning
the latest tnt news tweetinator thanks to @ nbj914 @ bhaggs ai cloud
google photos can now stabilize all your shaky phone camera videos tcnn futuretech
open educational courseware startup lumen learning lands 37m and inks deal with follett news
today's best deals anova sousvide anker audio civilization vi and more
this ai is starting to predict heart attacks faster than doctors @ ibtimesuk
seems like they're a little late to the party you'd think a datadriven org like @ nielsen would've jumped in a lo
windows 10 creators update lets administrators take away some user options
superheroes take the stress out of new
windows 10 creators update lets administrators take away some user options
