other than oil and camel dung saudis main export is
germany could have prevented attack had they listened to moroccan intelligence
cartel gunmen open fire on crowd in mexican resort town acapulco ccot pjnet drugtrade
utt throwback thursday mainstream medias support for
the juan pablo rvaladez daily is out readme stories via @ mantraraya cine
unlikely animal best friends
almost every incidence in the world is indirectly sponsored by house of saud
members of the house of saud should be tried for treason amp fried chief architects of
uk warned of very significant risk of isis attack
act of kindness results in brutal murder of compassionate british student in jerusalem
main threat to world is saudiarabia global sponsor of
fear blood and animalistic behavior is surging through these pages @ authorbrandied
fear blood and animalistic behavior is surging through these pages @ authorbrandied
time to scare the children happyeaster sundayfunday vintage @ san francisco
time to scare the children happyeaster sundayfunday vintage @ san francisco
suspects of paris charlie hebdo attack have been arrested and identified oldpost retweet
sex ofenders in my area porn
@ geertwilderspvv on attack by muslim in ottawa
orlando house shooting victim tied to past funding
saudi states they are committed to war on then start from inside and dismantle house of saud
abbott interview will now dominate today's news cycle turnbull starts hunting for quick announcement
new global drugcartels isis amp alqaeda found something far deadlier than amp far more profitable ugh
obama failed legacy trump building the wall strikes again
police mombasa hold man suspected suspect
cpm stands with supporters wants army to be punished for tying stonepelter to the vehicle
main threat to world is saudiarabia global sponsor of
@ palwatch to fifa penalize palestinian football association for glorification
porn download movie sexy
turkey trkei pres erdogan is congratulated by syrian group ahrar al sham for victory in referendum
how come it is only muslim who turn to muslim man answers this
remember our 30 year ally mubarak of egypt kicked out by our cia to install group muslimbrotherhood
perfect storm trump erdogan yongun endofworldstuff sinkingship
the us fascist government spreading and chaos around the world
netanyahu echoes pmw report on danger of pa glorification
@ hrtlandusa @ foxnews @ dakotameyer fox news amp trump are perfect advertising for isis and americans are falling fo
@ hrtlandusa @ foxnews @ dakotameyer the holy trinity trump foxnews isis they all motivate the other in perfect
notice the words christian attack weren't used they did however assume it was an islamic terror attac
michael savage i blame dianne feinstein for the attack in paris 010915
porn naked hipster videos
other than oil and camel dung saudis main export is
germany could have prevented attack had they listened to moroccan intelligence
cartel gunmen open fire on crowd in mexican resort town acapulco ccot pjnet drugtrade
utt throwback thursday mainstream medias support for
the juan pablo rvaladez daily is out readme stories via @ mantraraya cine
unlikely animal best friends
almost every incidence in the world is indirectly sponsored by house of saud
members of the house of saud should be tried for treason amp fried chief architects of
uk warned of very significant risk of isis attack
act of kindness results in brutal murder of compassionate british student in jerusalem
main threat to world is saudiarabia global sponsor of
fear blood and animalistic behavior is surging through these pages @ authorbrandied
fear blood and animalistic behavior is surging through these pages @ authorbrandied
time to scare the children happyeaster sundayfunday vintage @ san francisco
time to scare the children happyeaster sundayfunday vintage @ san francisco
suspects of paris charlie hebdo attack have been arrested and identified oldpost retweet
sex ofenders in my area porn
@ geertwilderspvv on attack by muslim in ottawa
orlando house shooting victim tied to past funding
saudi states they are committed to war on then start from inside and dismantle house of saud
abbott interview will now dominate today's news cycle turnbull starts hunting for quick announcement
new global drugcartels isis amp alqaeda found something far deadlier than amp far more profitable ugh
obama failed legacy trump building the wall strikes again
police mombasa hold man suspected suspect
cpm stands with supporters wants army to be punished for tying stonepelter to the vehicle
main threat to world is saudiarabia global sponsor of
@ palwatch to fifa penalize palestinian football association for glorification
porn download movie sexy
turkey trkei pres erdogan is congratulated by syrian group ahrar al sham for victory in referendum
how come it is only muslim who turn to muslim man answers this
remember our 30 year ally mubarak of egypt kicked out by our cia to install group muslimbrotherhood
perfect storm trump erdogan yongun endofworldstuff sinkingship
the us fascist government spreading and chaos around the world
netanyahu echoes pmw report on danger of pa glorification
@ hrtlandusa @ foxnews @ dakotameyer fox news amp trump are perfect advertising for isis and americans are falling fo
@ hrtlandusa @ foxnews @ dakotameyer the holy trinity trump foxnews isis they all motivate the other in perfect
notice the words christian attack weren't used they did however assume it was an islamic terror attac
michael savage i blame dianne feinstein for the attack in paris 010915
porn naked hipster videos
maajidnawaz is and trump the new normal bofvoices thinking big
nice attack demonstrates longpromoted jihad tactic
you got that right islam is sworn to wage war and on unbelievers some ppl can see thru msm lies and
military benefit women's bible siteelite of the world unite say us amp pakistan
other than oil and camel dung saudis main export is
germany could have prevented attack had they listened to moroccan intelligence
cartel gunmen open fire on crowd in mexican resort town acapulco ccot pjnet drugtrade
utt throwback thursday mainstream medias support for
the juan pablo rvaladez daily is out readme stories via @ mantraraya cine
unlikely animal best friends
almost every incidence in the world is indirectly sponsored by house of saud
members of the house of saud should be tried for treason amp fried chief architects of
uk warned of very significant risk of isis attack
act of kindness results in brutal murder of compassionate british student in jerusalem
main threat to world is saudiarabia global sponsor of
fear blood and animalistic behavior is surging through these pages @ authorbrandied
fear blood and animalistic behavior is surging through these pages @ authorbrandied
time to scare the children happyeaster sundayfunday vintage @ san francisco
time to scare the children happyeaster sundayfunday vintage @ san francisco
suspects of paris charlie hebdo attack have been arrested and identified oldpost retweet
sex ofenders in my area porn
@ geertwilderspvv on attack by muslim in ottawa
orlando house shooting victim tied to past funding
saudi states they are committed to war on then start from inside and dismantle house of saud
abbott interview will now dominate today's news cycle turnbull starts hunting for quick announcement
new global drugcartels isis amp alqaeda found something far deadlier than amp far more profitable ugh
obama failed legacy trump building the wall strikes again
police mombasa hold man suspected suspect
cpm stands with supporters wants army to be punished for tying stonepelter to the vehicle
main threat to world is saudiarabia global sponsor of
@ palwatch to fifa penalize palestinian football association for glorification
porn download movie sexy
turkey trkei pres erdogan is congratulated by syrian group ahrar al sham for victory in referendum
how come it is only muslim who turn to muslim man answers this
remember our 30 year ally mubarak of egypt kicked out by our cia to install group muslimbrotherhood
perfect storm trump erdogan yongun endofworldstuff sinkingship
the us fascist government spreading and chaos around the world
netanyahu echoes pmw report on danger of pa glorification
@ hrtlandusa @ foxnews @ dakotameyer fox news amp trump are perfect advertising for isis and americans are falling fo
@ hrtlandusa @ foxnews @ dakotameyer the holy trinity trump foxnews isis they all motivate the other in perfect
the muslimbrotherhood is a organization
news summary im cadre depleted operatives inducting relatives into
more evidence that mcmaster shares obama views on islam and
cair in damage control after designation ties to muslimbrotherhood
colombia at mon 17 apr 2017 023408 0000 attack event has been observed in departmento de valle del cauca colombia
maajidnawaz is and trump the new normal bofvoices thinking big
nice attack demonstrates longpromoted jihad tactic
you got that right islam is sworn to wage war and on unbelievers some ppl can see thru msm lies and
military benefit women's bible siteelite of the world unite say us amp pakistan
other than oil and camel dung saudis main export is
germany could have prevented attack had they listened to moroccan intelligence
cartel gunmen open fire on crowd in mexican resort town acapulco ccot pjnet drugtrade
utt throwback thursday mainstream medias support for
the juan pablo rvaladez daily is out readme stories via @ mantraraya cine
unlikely animal best friends
almost every incidence in the world is indirectly sponsored by house of saud
members of the house of saud should be tried for treason amp fried chief architects of
uk warned of very significant risk of isis attack
act of kindness results in brutal murder of compassionate british student in jerusalem
main threat to world is saudiarabia global sponsor of
fear blood and animalistic behavior is surging through these pages @ authorbrandied
fear blood and animalistic behavior is surging through these pages @ authorbrandied
time to scare the children happyeaster sundayfunday vintage @ san francisco
time to scare the children happyeaster sundayfunday vintage @ san francisco
suspects of paris charlie hebdo attack have been arrested and identified oldpost retweet
sex ofenders in my area porn
@ geertwilderspvv on attack by muslim in ottawa
orlando house shooting victim tied to past funding
saudi states they are committed to war on then start from inside and dismantle house of saud
abbott interview will now dominate today's news cycle turnbull starts hunting for quick announcement
new global drugcartels isis amp alqaeda found something far deadlier than amp far more profitable ugh
obama failed legacy trump building the wall strikes again
police mombasa hold man suspected suspect
cpm stands with supporters wants army to be punished for tying stonepelter to the vehicle
main threat to world is saudiarabia global sponsor of
@ palwatch to fifa penalize palestinian football association for glorification
porn download movie sexy
turkey trkei pres erdogan is congratulated by syrian group ahrar al sham for victory in referendum
how come it is only muslim who turn to muslim man answers this
my deep condolences to all the families of the victims of this actionour heartsampprayers go out to you and your family cleveland
@ spectatorindex that list is very telling indeed will turkey go down the route the eu need to worry amp w
i love mondayrepost from @ ekosekosaputra pakaw pakawmerch independent mind movement
religious wars out of control surge of attacks in europe confirm this
preparing yourself for the unthinkable twitter
the muslimbrotherhood is a organization
news summary im cadre depleted operatives inducting relatives into
more evidence that mcmaster shares obama views on islam and
cair in damage control after designation ties to muslimbrotherhood
colombia at mon 17 apr 2017 023408 0000 attack event has been observed in departmento de valle del cauca colombia
maajidnawaz is and trump the new normal bofvoices thinking big
nice attack demonstrates longpromoted jihad tactic
you got that right islam is sworn to wage war and on unbelievers some ppl can see thru msm lies and
military benefit women's bible siteelite of the world unite say us amp pakistan
germany could have prevented attack had they listened to moroccan intelligence
cartel gunmen open fire on crowd in mexican resort town acapulco ccot pjnet drugtrade
utt throwback thursday mainstream medias support for
the juan pablo rvaladez daily is out readme stories via @ mantraraya cine
unlikely animal best friends
almost every incidence in the world is indirectly sponsored by house of saud
members of the house of saud should be tried for treason amp fried chief architects of
uk warned of very significant risk of isis attack
act of kindness results in brutal murder of compassionate british student in jerusalem
main threat to world is saudiarabia global sponsor of
fear blood and animalistic behavior is surging through these pages @ authorbrandied
fear blood and animalistic behavior is surging through these pages @ authorbrandied
time to scare the children happyeaster sundayfunday vintage @ san francisco
time to scare the children happyeaster sundayfunday vintage @ san francisco
suspects of paris charlie hebdo attack have been arrested and identified oldpost retweet
sex ofenders in my area porn
@ geertwilderspvv on attack by muslim in ottawa
orlando house shooting victim tied to past funding
saudi states they are committed to war on then start from inside and dismantle house of saud
abbott interview will now dominate today's news cycle turnbull starts hunting for quick announcement
new global drugcartels isis amp alqaeda found something far deadlier than amp far more profitable ugh
obama failed legacy trump building the wall strikes again
police mombasa hold man suspected suspect
govt only fighting in kashmir it has 2also fight wahabi propaganda amp showcase rights abuse in pak on no
@ scottmgreer was marvellous to see group antifa being physically schooled in berkeley hoping for the same
@ joyceanelay @ paultarkwright championing fraud amp is what british establishment is champion at let the wor
yazidi children beheaded by isis muslim with axes
ninja clown monster todosloscortos minicortos cortos fb1 cortometrajes
my deep condolences to all the families of the victims of this actionour heartsampprayers go out to you and your family cleveland
@ spectatorindex that list is very telling indeed will turkey go down the route the eu need to worry amp w
i love mondayrepost from @ ekosekosaputra pakaw pakawmerch independent mind movement
religious wars out of control surge of attacks in europe confirm this
preparing yourself for the unthinkable twitter
the muslimbrotherhood is a organization
news summary im cadre depleted operatives inducting relatives into
more evidence that mcmaster shares obama views on islam and
cair in damage control after designation ties to muslimbrotherhood
colombia at mon 17 apr 2017 023408 0000 attack event has been observed in departmento de valle del cauca colombia
maajidnawaz is and trump the new normal bofvoices thinking big
nice attack demonstrates longpromoted jihad tactic
you got that right islam is sworn to wage war and on unbelievers some ppl can see thru msm lies and
military benefit women's bible siteelite of the world unite say us amp pakistan
germany could have prevented attack had they listened to moroccan intelligence
cartel gunmen open fire on crowd in mexican resort town acapulco ccot pjnet drugtrade
utt throwback thursday mainstream medias support for
the juan pablo rvaladez daily is out readme stories via @ mantraraya cine
unlikely animal best friends
almost every incidence in the world is indirectly sponsored by house of saud
members of the house of saud should be tried for treason amp fried chief architects of
uk warned of very significant risk of isis attack
act of kindness results in brutal murder of compassionate british student in jerusalem
main threat to world is saudiarabia global sponsor of
fear blood and animalistic behavior is surging through these pages @ authorbrandied
fear blood and animalistic behavior is surging through these pages @ authorbrandied
time to scare the children happyeaster sundayfunday vintage @ san francisco
time to scare the children happyeaster sundayfunday vintage @ san francisco
suspects of paris charlie hebdo attack have been arrested and identified oldpost retweet
sex ofenders in my area porn
@ geertwilderspvv on attack by muslim in ottawa
orlando house shooting victim tied to past funding
apartheid israel the empire files inside the hotbeds of israeli settler via @ youtube
@ ajamubaraka @ cookrobertl whenever there's a war on anything ppl at the top profit from the suffering amp death
100 video proof of radical muslim training camps in america bill o'reilly
govt only fighting in kashmir it has 2also fight wahabi propaganda amp showcase rights abuse in pak on no
@ scottmgreer was marvellous to see group antifa being physically schooled in berkeley hoping for the same
@ joyceanelay @ paultarkwright championing fraud amp is what british establishment is champion at let the wor
yazidi children beheaded by isis muslim with axes
ninja clown monster todosloscortos minicortos cortos fb1 cortometrajes
my deep condolences to all the families of the victims of this actionour heartsampprayers go out to you and your family cleveland
@ spectatorindex that list is very telling indeed will turkey go down the route the eu need to worry amp w
i love mondayrepost from @ ekosekosaputra pakaw pakawmerch independent mind movement
religious wars out of control surge of attacks in europe confirm this
preparing yourself for the unthinkable twitter
the muslimbrotherhood is a organization
news summary im cadre depleted operatives inducting relatives into
more evidence that mcmaster shares obama views on islam and
cair in damage control after designation ties to muslimbrotherhood
colombia at mon 17 apr 2017 023408 0000 attack event has been observed in departmento de valle del cauca colombia
maajidnawaz is and trump the new normal bofvoices thinking big
nice attack demonstrates longpromoted jihad tactic
you got that right islam is sworn to wage war and on unbelievers some ppl can see thru msm lies and
military benefit women's bible siteelite of the world unite say us amp pakistan
germany could have prevented attack had they listened to moroccan intelligence
cartel gunmen open fire on crowd in mexican resort town acapulco ccot pjnet drugtrade
utt throwback thursday mainstream medias support for
the juan pablo rvaladez daily is out readme stories via @ mantraraya cine
unlikely animal best friends
almost every incidence in the world is indirectly sponsored by house of saud
members of the house of saud should be tried for treason amp fried chief architects of
uk warned of very significant risk of isis attack
act of kindness results in brutal murder of compassionate british student in jerusalem
main threat to world is saudiarabia global sponsor of
fear blood and animalistic behavior is surging through these pages @ authorbrandied
fear blood and animalistic behavior is surging through these pages @ authorbrandied
time to scare the children happyeaster sundayfunday vintage @ san francisco
time to scare the children happyeaster sundayfunday vintage @ san francisco
suspects of paris charlie hebdo attack have been arrested and identified oldpost retweet
heart racing amp intense suspense in these books from @ caroleparkes1 be prepared to scream
daniel greenfield a week of diversity and
apartheid israel the empire files inside the hotbeds of israeli settler via @ youtube
@ ajamubaraka @ cookrobertl whenever there's a war on anything ppl at the top profit from the suffering amp death
100 video proof of radical muslim training camps in america bill o'reilly
govt only fighting in kashmir it has 2also fight wahabi propaganda amp showcase rights abuse in pak on no
@ scottmgreer was marvellous to see group antifa being physically schooled in berkeley hoping for the same
@ joyceanelay @ paultarkwright championing fraud amp is what british establishment is champion at let the wor
yazidi children beheaded by isis muslim with axes
ninja clown monster todosloscortos minicortos cortos fb1 cortometrajes
my deep condolences to all the families of the victims of this actionour heartsampprayers go out to you and your family cleveland
@ spectatorindex that list is very telling indeed will turkey go down the route the eu need to worry amp w
i love mondayrepost from @ ekosekosaputra pakaw pakawmerch independent mind movement
religious wars out of control surge of attacks in europe confirm this
preparing yourself for the unthinkable twitter
the muslimbrotherhood is a organization
news summary im cadre depleted operatives inducting relatives into
more evidence that mcmaster shares obama views on islam and
cair in damage control after designation ties to muslimbrotherhood
colombia at mon 17 apr 2017 023408 0000 attack event has been observed in departmento de valle del cauca colombia
maajidnawaz is and trump the new normal bofvoices thinking big
nice attack demonstrates longpromoted jihad tactic
you got that right islam is sworn to wage war and on unbelievers some ppl can see thru msm lies and
military benefit women's bible siteelite of the world unite say us amp pakistan
germany could have prevented attack had they listened to moroccan intelligence
cartel gunmen open fire on crowd in mexican resort town acapulco ccot pjnet drugtrade
utt throwback thursday mainstream medias support for
the juan pablo rvaladez daily is out readme stories via @ mantraraya cine
unlikely animal best friends
almost every incidence in the world is indirectly sponsored by house of saud
members of the house of saud should be tried for treason amp fried chief architects of
uk warned of very significant risk of isis attack
act of kindness results in brutal murder of compassionate british student in jerusalem
kenya's daily nation reports most wanted suspect fatuma mohamed found dead
how the discovery of two lost ships solved an arctic mystery via @ natgeo erebus shipwreck
heart racing amp intense suspense in these books from @ caroleparkes1 be prepared to scream
daniel greenfield a week of diversity and
apartheid israel the empire files inside the hotbeds of israeli settler via @ youtube
@ ajamubaraka @ cookrobertl whenever there's a war on anything ppl at the top profit from the suffering amp death
100 video proof of radical muslim training camps in america bill o'reilly
govt only fighting in kashmir it has 2also fight wahabi propaganda amp showcase rights abuse in pak on no
@ scottmgreer was marvellous to see group antifa being physically schooled in berkeley hoping for the same
@ joyceanelay @ paultarkwright championing fraud amp is what british establishment is champion at let the wor
yazidi children beheaded by isis muslim with axes
ninja clown monster todosloscortos minicortos cortos fb1 cortometrajes
my deep condolences to all the families of the victims of this actionour heartsampprayers go out to you and your family cleveland
@ spectatorindex that list is very telling indeed will turkey go down the route the eu need to worry amp w
i love mondayrepost from @ ekosekosaputra pakaw pakawmerch independent mind movement
religious wars out of control surge of attacks in europe confirm this
preparing yourself for the unthinkable twitter
the muslimbrotherhood is a organization
news summary im cadre depleted operatives inducting relatives into
more evidence that mcmaster shares obama views on islam and
cair in damage control after designation ties to muslimbrotherhood
colombia at mon 17 apr 2017 023408 0000 attack event has been observed in departmento de valle del cauca colombia
maajidnawaz is and trump the new normal bofvoices thinking big
nice attack demonstrates longpromoted jihad tactic
you got that right islam is sworn to wage war and on unbelievers some ppl can see thru msm lies and
military benefit women's bible siteelite of the world unite say us amp pakistan
germany could have prevented attack had they listened to moroccan intelligence
cartel gunmen open fire on crowd in mexican resort town acapulco ccot pjnet drugtrade
utt throwback thursday mainstream medias support for
the juan pablo rvaladez daily is out readme stories via @ mantraraya cine
unlikely animal best friends
almost every incidence in the world is indirectly sponsored by house of saud
kenya's daily nation reports most wanted suspect fatuma mohamed found dead
how the discovery of two lost ships solved an arctic mystery via @ natgeo erebus shipwreck
heart racing amp intense suspense in these books from @ caroleparkes1 be prepared to scream
daniel greenfield a week of diversity and
apartheid israel the empire files inside the hotbeds of israeli settler via @ youtube
@ ajamubaraka @ cookrobertl whenever there's a war on anything ppl at the top profit from the suffering amp death
100 video proof of radical muslim training camps in america bill o'reilly
govt only fighting in kashmir it has 2also fight wahabi propaganda amp showcase rights abuse in pak on no
@ scottmgreer was marvellous to see group antifa being physically schooled in berkeley hoping for the same
@ joyceanelay @ paultarkwright championing fraud amp is what british establishment is champion at let the wor
yazidi children beheaded by isis muslim with axes
ninja clown monster todosloscortos minicortos cortos fb1 cortometrajes
my deep condolences to all the families of the victims of this actionour heartsampprayers go out to you and your family cleveland
@ spectatorindex that list is very telling indeed will turkey go down the route the eu need to worry amp w
i love mondayrepost from @ ekosekosaputra pakaw pakawmerch independent mind movement
religious wars out of control surge of attacks in europe confirm this
preparing yourself for the unthinkable twitter
the muslimbrotherhood is a organization
news summary im cadre depleted operatives inducting relatives into
more evidence that mcmaster shares obama views on islam and
cair in damage control after designation ties to muslimbrotherhood
colombia at mon 17 apr 2017 023408 0000 attack event has been observed in departmento de valle del cauca colombia
maajidnawaz is and trump the new normal bofvoices thinking big
nice attack demonstrates longpromoted jihad tactic
you got that right islam is sworn to wage war and on unbelievers some ppl can see thru msm lies and
military benefit women's bible siteelite of the world unite say us amp pakistan
germany could have prevented attack had they listened to moroccan intelligence
cartel gunmen open fire on crowd in mexican resort town acapulco ccot pjnet drugtrade
utt throwback thursday mainstream medias support for
the juan pablo rvaladez daily is out readme stories via @ mantraraya cine
unlikely animal best friends
five suspects arrested amid combing operation in lahoreisis taliban pakistan
from a stronger counterinfiltration grid to seeking women security indianarmy is stepping up to bolster anti
london attack victim returns to utah
saudiarabia is the epicenter of the house of saud must fall
from ca to israel author lela gilbert on
religious wars out of control surge of attacks in europe confirm this
erdogan say his new power will keep turkey safe from but erdogan is
experts warn may be using religious visa to enter usa
kenya's daily nation reports most wanted suspect fatuma mohamed found dead
how the discovery of two lost ships solved an arctic mystery via @ natgeo erebus shipwreck
heart racing amp intense suspense in these books from @ caroleparkes1 be prepared to scream
daniel greenfield a week of diversity and
apartheid israel the empire files inside the hotbeds of israeli settler via @ youtube
@ ajamubaraka @ cookrobertl whenever there's a war on anything ppl at the top profit from the suffering amp death
100 video proof of radical muslim training camps in america bill o'reilly
govt only fighting in kashmir it has 2also fight wahabi propaganda amp showcase rights abuse in pak on no
@ scottmgreer was marvellous to see group antifa being physically schooled in berkeley hoping for the same
@ joyceanelay @ paultarkwright championing fraud amp is what british establishment is champion at let the wor
yazidi children beheaded by isis muslim with axes
ninja clown monster todosloscortos minicortos cortos fb1 cortometrajes
my deep condolences to all the families of the victims of this actionour heartsampprayers go out to you and your family cleveland
@ spectatorindex that list is very telling indeed will turkey go down the route the eu need to worry amp w
i love mondayrepost from @ ekosekosaputra pakaw pakawmerch independent mind movement
religious wars out of control surge of attacks in europe confirm this
preparing yourself for the unthinkable twitter
the muslimbrotherhood is a organization
news summary im cadre depleted operatives inducting relatives into
more evidence that mcmaster shares obama views on islam and
cair in damage control after designation ties to muslimbrotherhood
colombia at mon 17 apr 2017 023408 0000 attack event has been observed in departmento de valle del cauca colombia
maajidnawaz is and trump the new normal bofvoices thinking big
nice attack demonstrates longpromoted jihad tactic
you got that right islam is sworn to wage war and on unbelievers some ppl can see thru msm lies and
military benefit women's bible siteelite of the world unite say us amp pakistan
five suspects arrested amid combing operation in lahoreisis taliban pakistan
from a stronger counterinfiltration grid to seeking women security indianarmy is stepping up to bolster anti
london attack victim returns to utah
from ca to israel author lela gilbert on
erdogan say his new power will keep turkey safe from but erdogan is
experts warn may be using religious visa to enter usa
kenya's daily nation reports most wanted suspect fatuma mohamed found dead
how the discovery of two lost ships solved an arctic mystery via @ natgeo erebus shipwreck
heart racing amp intense suspense in these books from @ caroleparkes1 be prepared to scream
daniel greenfield a week of diversity and
apartheid israel the empire files inside the hotbeds of israeli settler via @ youtube
@ ajamubaraka @ cookrobertl whenever there's a war on anything ppl at the top profit from the suffering amp death
100 video proof of radical muslim training camps in america bill o'reilly
govt only fighting in kashmir it has 2also fight wahabi propaganda amp showcase rights abuse in pak on no
@ scottmgreer was marvellous to see group antifa being physically schooled in berkeley hoping for the same
@ joyceanelay @ paultarkwright championing fraud amp is what british establishment is champion at let the wor
yazidi children beheaded by isis muslim with axes
ninja clown monster todosloscortos minicortos cortos fb1 cortometrajes
my deep condolences to all the families of the victims of this actionour heartsampprayers go out to you and your family cleveland
@ spectatorindex that list is very telling indeed will turkey go down the route the eu need to worry amp w
i love mondayrepost from @ ekosekosaputra pakaw pakawmerch independent mind movement
religious wars out of control surge of attacks in europe confirm this
preparing yourself for the unthinkable twitter
the muslimbrotherhood is a organization
news summary im cadre depleted operatives inducting relatives into
more evidence that mcmaster shares obama views on islam and
cair in damage control after designation ties to muslimbrotherhood
colombia at mon 17 apr 2017 023408 0000 attack event has been observed in departmento de valle del cauca colombia
maajidnawaz is and trump the new normal bofvoices thinking big
nice attack demonstrates longpromoted jihad tactic
you got that right islam is sworn to wage war and on unbelievers some ppl can see thru msm lies and
military benefit women's bible siteelite of the world unite say us amp pakistan
clowin' on these niggas because they knew i was it refrenceit itclown moonboyz
right time frdefinitive action onkashmirforces humiliatedpoliticians afraid of point statements @ abdullahkabaapkaun
maryamrajavi there is no doubt that iranian regime is d source of war amp crisis around d region
five suspects arrested amid combing operation in lahoreisis taliban pakistan
from a stronger counterinfiltration grid to seeking women security indianarmy is stepping up to bolster anti
london attack victim returns to utah
from ca to israel author lela gilbert on
erdogan say his new power will keep turkey safe from but erdogan is
experts warn may be using religious visa to enter usa
kenya's daily nation reports most wanted suspect fatuma mohamed found dead
how the discovery of two lost ships solved an arctic mystery via @ natgeo erebus shipwreck
heart racing amp intense suspense in these books from @ caroleparkes1 be prepared to scream
daniel greenfield a week of diversity and
apartheid israel the empire files inside the hotbeds of israeli settler via @ youtube
@ ajamubaraka @ cookrobertl whenever there's a war on anything ppl at the top profit from the suffering amp death
100 video proof of radical muslim training camps in america bill o'reilly
govt only fighting in kashmir it has 2also fight wahabi propaganda amp showcase rights abuse in pak on no
@ scottmgreer was marvellous to see group antifa being physically schooled in berkeley hoping for the same
@ joyceanelay @ paultarkwright championing fraud amp is what british establishment is champion at let the wor
yazidi children beheaded by isis muslim with axes
ninja clown monster todosloscortos minicortos cortos fb1 cortometrajes
my deep condolences to all the families of the victims of this actionour heartsampprayers go out to you and your family cleveland
@ spectatorindex that list is very telling indeed will turkey go down the route the eu need to worry amp w
i love mondayrepost from @ ekosekosaputra pakaw pakawmerch independent mind movement
religious wars out of control surge of attacks in europe confirm this
preparing yourself for the unthinkable twitter
the muslimbrotherhood is a organization
news summary im cadre depleted operatives inducting relatives into
more evidence that mcmaster shares obama views on islam and
cair in damage control after designation ties to muslimbrotherhood
colombia at mon 17 apr 2017 023408 0000 attack event has been observed in departmento de valle del cauca colombia
maajidnawaz is and trump the new normal bofvoices thinking big
nice attack demonstrates longpromoted jihad tactic
finally in one volume rt if you love mesupernatural darkfiction horror
clowin' on these niggas because they knew i was it refrenceit itclown moonboyz
right time frdefinitive action onkashmirforces humiliatedpoliticians afraid of point statements @ abdullahkabaapkaun
maryamrajavi there is no doubt that iranian regime is d source of war amp crisis around d region
five suspects arrested amid combing operation in lahoreisis taliban pakistan
from a stronger counterinfiltration grid to seeking women security indianarmy is stepping up to bolster anti
london attack victim returns to utah
from ca to israel author lela gilbert on
erdogan say his new power will keep turkey safe from but erdogan is
experts warn may be using religious visa to enter usa
kenya's daily nation reports most wanted suspect fatuma mohamed found dead
how the discovery of two lost ships solved an arctic mystery via @ natgeo erebus shipwreck
heart racing amp intense suspense in these books from @ caroleparkes1 be prepared to scream
daniel greenfield a week of diversity and
apartheid israel the empire files inside the hotbeds of israeli settler via @ youtube
@ ajamubaraka @ cookrobertl whenever there's a war on anything ppl at the top profit from the suffering amp death
100 video proof of radical muslim training camps in america bill o'reilly
govt only fighting in kashmir it has 2also fight wahabi propaganda amp showcase rights abuse in pak on no
@ scottmgreer was marvellous to see group antifa being physically schooled in berkeley hoping for the same
@ joyceanelay @ paultarkwright championing fraud amp is what british establishment is champion at let the wor
yazidi children beheaded by isis muslim with axes
ninja clown monster todosloscortos minicortos cortos fb1 cortometrajes
my deep condolences to all the families of the victims of this actionour heartsampprayers go out to you and your family cleveland
@ spectatorindex that list is very telling indeed will turkey go down the route the eu need to worry amp w
i love mondayrepost from @ ekosekosaputra pakaw pakawmerch independent mind movement
religious wars out of control surge of attacks in europe confirm this
preparing yourself for the unthinkable twitter
the muslimbrotherhood is a organization
news summary im cadre depleted operatives inducting relatives into
more evidence that mcmaster shares obama views on islam and
germany could have prevented attack had they listened to moroccan intelligence
all schools in naushera closed for the time being as ceasefire violation by pakistan continues in the area
us cia built the cave complex for alqaeda that @ potus destroyed with moab all
@ thecoureur i was more thinking how creepy they looked i've got a irrational aversion to puppets as well
the us fascist government spreading and chaos around the world
czechs take in a dozen refugees but no more interior minister milan chovanec eu asylum invasion
finally in one volume rt if you love mesupernatural darkfiction horror
clowin' on these niggas because they knew i was it refrenceit itclown moonboyz
right time frdefinitive action onkashmirforces humiliatedpoliticians afraid of point statements @ abdullahkabaapkaun
maryamrajavi there is no doubt that iranian regime is d source of war amp crisis around d region
five suspects arrested amid combing operation in lahoreisis taliban pakistan
from a stronger counterinfiltration grid to seeking women security indianarmy is stepping up to bolster anti
london attack victim returns to utah
from ca to israel author lela gilbert on
erdogan say his new power will keep turkey safe from but erdogan is
experts warn may be using religious visa to enter usa
kenya's daily nation reports most wanted suspect fatuma mohamed found dead
how the discovery of two lost ships solved an arctic mystery via @ natgeo erebus shipwreck
heart racing amp intense suspense in these books from @ caroleparkes1 be prepared to scream
daniel greenfield a week of diversity and
apartheid israel the empire files inside the hotbeds of israeli settler via @ youtube
@ ajamubaraka @ cookrobertl whenever there's a war on anything ppl at the top profit from the suffering amp death
100 video proof of radical muslim training camps in america bill o'reilly
govt only fighting in kashmir it has 2also fight wahabi propaganda amp showcase rights abuse in pak on no
@ scottmgreer was marvellous to see group antifa being physically schooled in berkeley hoping for the same
@ joyceanelay @ paultarkwright championing fraud amp is what british establishment is champion at let the wor
yazidi children beheaded by isis muslim with axes
ninja clown monster todosloscortos minicortos cortos fb1 cortometrajes
my deep condolences to all the families of the victims of this actionour heartsampprayers go out to you and your family cleveland
@ spectatorindex that list is very telling indeed will turkey go down the route the eu need to worry amp w
i love mondayrepost from @ ekosekosaputra pakaw pakawmerch independent mind movement
religious wars out of control surge of attacks in europe confirm this
preparing yourself for the unthinkable twitter
isis trains 600 to attack europe
saudiarabia is trying to use fake news to state they are committed to the war on
@ foxnews @ dakotameyer fox news is free advertising pour isis amp trump is free motivation for joining isis isis
@ foxnews @ dakotameyer fox news is free advertising pour isis amp trump is free motivation for joining isis isis
@ foxnews fox news is free advertising pour isis amp trump is free motivation for joining isis isis foxnews trump fear kill
@ foxnews @ sebgorka fox news is free advertising pour isis amp trump is free motivation for joining isis isis
@ foxnews @ realdonaldtrump fox news is free advertising pour isis amp trump is free motivation for joining isis isis
@ dave67david @ submedia our as in allied western neocolonial deepstate roguestate international law br
@ hrtlandusa @ foxnews @ dakotameyer fox news is free advertising pour isis amp trump is free motivation for joining i
saudiarabia is the epicenter of the house of saud must fall
cleveland serial killer @ wews is a muslim probably terrorist attack muslimban
muslim at a new jersey school calls 3 percenters
lahore four suspects arrested for their involvement in attacksread more
is the war on a a fraud did the neocon s create this war
ctinglobal rt securityaffairs ek rising in the threat landscape while sundown ek drops
ctinglobal rt securityaffairs malwageddon ek rising in the threat landscape while sundown ek drops
ctinglobal rt securityaffairs malwarebytes trustwave ek rising in the threat landscape while sundown ek drops
ctinglobal rt securityaffairs malwaremustdie odisseus ek rising in the threat landscape while sundown ek drops
ek rising in the threat landscape while sundown ek drops
trump inspires islamicstate says muslim cia chief
@ malwageddon ek rising in the threat landscape while sundown ek drops
@ malwarebytes @ trustwave ek rising in the threat landscape while sundown ek drops
@ malwaremustdie @ odisseus ek rising in the threat landscape while sundown ek drops
ek rising in the threat landscape while sundown ek dropstechnology security news
israel's threat to annihilate lebanon is an act of intended to intimidate amp bully a civilian population bds
germany could have prevented attack had they listened to moroccan intelligence
germany could have prevented attack had they listened to moroccan intelligence
all schools in naushera closed for the time being as ceasefire violation by pakistan continues in the area
us cia built the cave complex for alqaeda that @ potus destroyed with moab all
want to stop iran 's squad cut off their finances irgc blacklistirgc
bokoharam amp death of christians
@ iddympangachuma @ noorabdul @ lemutuz @ banatha2008 @ mtanzanianews @ mariastsehai @ hpolepole is a is demeaning and betrayal
sweden truck driver denied request for a sunni muslim lawyer
enjoy easter monday bankholidaymonday with free stories of horror scifi
@ jamieglazov police may never know motive of london isis
un ops intelligence officers has been fighting against corruption and thank you @ potus @ realdonaldtrump for your help maga spies
sharia councils and sexualabuse in britain @ gatestoneinst muslims violence barbarism pckills
@ libyaliberty erdogan the euphratesshield wasnt our last operation but firstwe will continue to struggle against
nice airport evacuated now
knowledge is power site3guiltless acts 1 good for all help 2 taught as ok ideology 3 all do so ok lewd
pmw calls on us gov to deny entry to supporter jibril rajoub this week
erdogan the euphratesshield wasnt our last operation but firstwe will continue to struggle against
