spring has sprung which means baseball season has arrived what are your favorite spring activities
directions to my games on wednesdaytake a left at larry's chicken spring inn go about 2 blockshmmumpire
tune in to @ espndallas1033 at 440pm today @ nadeler will talk @ rangers mentalhealth namiwalksdallas
madbum 2007 bowman sterling madison bumgarner rookie autograph auto graded card bgs 95
mlb tix 4 miami marlins vs losangeles angels 0527 @ sec221 ticket tickets
mlb baltimore orioles snapback hat nwtlogo 7
mlb boston redsox dustin pedroia mlb baseball jersey sewn white size xxl 52 new
mlb major league baseball boston redsox color patch apparel
mlb souvenirs rick porcello bobble head sga fenway park redsox
souvenirs philadelphia phillies majestic vneck retro 80s jersey m mlb womens 6072 fan apparel
mlb men's majestic collection navy amp red boston redsox jacket size l
mlb stephen strasburg washington nationals 2012 bobblehead limited ed new in box
buzz texas rangers yu darvish texas heat promo tshirt l mlb auction deals
and god said 'let there be lights on all the fields and the earth bring forth grass and let spring bring forth ga
memorabilia dutch ulrich 1927 philadelphia phillies 4x6 colorized print sporting onsale
cards evan longoria 2017 topps series 1 jackie robinson day jrd4 tampa bay rays
0411fanduel mlbearly onlyfeel free to usedfs sportsfantasybaseball dailyfantasy tampa
mlb yankees 2000 ny yankees team signed world series jsa z33760 19 sigs derek jeter
wil myers joins padres history books with cycle monday mlb nlwest sandiegopadres
mlb cards bo jackson mint kansas city royals raiders rookie card rc 1987 topps 170 gem
tix ticket 18 tickets texas rangers vs kansas city royals 42217 globe life park
check out speed radar velocity detector tennis soccer golf train ball tripod gun via @ ebay
is in full swing make sure you're getting out there and smacking 'em around while you can winter's only 9 months away
mlb cards baltimore orioles 2017 diamond kings baseball 6box half case break 9 card
mlb mlb philadelphia phillies new era adjustable youth hat cap sales discount
major league boston redsox color patch collectibles buzz
mlb kansas city royals shirt tshirt kc womens sz xl xxl 2xl mlb genuine merch
@ reds gave me a amp don't know who from
biggest fastball velocity gains and losses fangraphs
mlb cards 1979 dwight evans boston redsox vendor cards rare team issue psa 9 pop 1
i takes a lot of equipment to do this i can't wait 651sports stpaul stagnes
goodwillyum you are the shit my friend the idea of team fitted gear is def my fav
mlb authentic majestic losangeles angels anaheim 22 home jersey mens 48 xl
mlb brand new 47 franchise mlb baltimore orioles bird baseball fitted cap size xl
mlb 2016 hallmark mlb boston redsox christmas ornament collectibles
tigerspics @ comericapark @ detroittigersrr @ mlb getting ready for agame letsplay2
fantasy 10 bullpens that merit a closer look mlb
sporting goods san francisco giants majestic polyester jersey shirt youth size xl
mlb ernie banks chicago cubs signed official national league onsale discount
mlb indians 2008 tristar projections orange autographs autographed 297 michaelbrantley auto
baseball with lunch today cilantro tortilla soup daily cream of asparagus soup vegan amp buffalo chicken wrap yegdt
mlb tix 2 green monster tickets new york yankees vs boston redsox fenway park 42717
mlb colorado rockies premier jacket size large discount onsale
sliding shorts with cup give protection for the boys
mlb tix tickets baltimore orioles vs boston redsox sunday 423 ticket
wool dryer balls deep purple flower gift set of 4 ecofrie alittlegreenbeeshop
mlb men's mlb genuine merchandise true fan colorado rockies baseball jersey shirt m
mlb san francisco sf giants 2017 opening day calendar by atampt new sga 410
join us on facebook live 6pm et every day freepicks mitchwins basketball
mlb vintage 1979 nilon brothers stadium plastic cup philadelphia phillies pete rose
for you cranksamantha gocards cardinalsnation dividedhome stl
mlb indians majestic mlb cleveland indians grady sizemore 24 jersey men m white
mlb chicago whitesox winter hat sga 4817 deal shopping
back at dwyer stadium today where the notre dame fighting irish are opening their home schedule vs lyndonville
mlb majestic big amp tall baltimore orioles replica jersey black 5xl
tix tickets 4 miami marlins vs oakland athletics 0614 @ sec23f ticket mlb
mlb cincinnati reds all time hit king pete rose signed pinstripe hat 4256
atlanta braves new ballpark lights up proav by @ marketscale
grading the pitches 2016 al starters changeups sports
mlb vintage 1970's plastic baseball 4 team logo cup cleveland indians comet star f
mlb nib losangeles angels sga 52016 mike trout wall catch action figure statue
mlb indians 2016 immaculate michaelbrantley purple insert 25 cleveland indians
right now @ macys statestreet @ cubs schwarber @ mlb @ danbernstein cubbies chicago @ waddleandsilvy
girls nude pics petite teen sex clip
cards card 1993 topps curt schilling philadelphia phillies 421 card topseller auction
mlb authentic majestic la angels anaheim 22 home jersey mens 48 xl
basic high school sophomore rhp shane spencer hsbaseball pitcher basic
a park is the one place where a man's wife doesn't mind his getting excited over somebody else's curves
souvenirs vintage '78 711 plastic cup philadelphia phillies mike schmidt slurpee fan apparel
mlb cards 1975 topps 223 robin yount milwaukee brewers rookie card
sports derekjeter 1999 topps chrome early road to the hall er2 mlb
tickets mlb 2 aisle ticket cubs vs new york mets september 13 2017 wrigley field 205 t
anyone know what the first phase of pitching is if so what the most important aspect of it is injuryprevention video tonight
mlb new fanatics southpaw chicago whitesox reverseapal baseball plush toy
mlb cards 2017 panini diamond kings oakland athletics half case team break 6boxes 2
mlb rare vintage 80s losangeles angels anaheim authentic rawings jersey mens 44 l
l mlb cards 2017 topps tribute baseball 4box half case break2 milwaukee brewers card
mlb majestic mlb st louis cardinals busch stadium tshirt red adult size m
cards 2015 bowman bcaparo adrian rondon tampa bay rays auto autograph baseball card
mlb new oakland a's athletics boys of summer 1969 tshirt medium m hunter fingers
anchor bay angles 10u team won their first tourney this past weekend in teamtriton gearcustom authentic
the importance of learning how to slide in baseball
did you guys catch the 2nd episode of the crosstownrivalspodcast
hailstate star brent rooker hits his stride
mlb cards card cincinnati reds 2016 bowman's best full case 8x index team break
mlb cal ripken jr hand painted 8 x 10 baltimore orioles
mlb cards oakland athletics 2017 diamond kings baseball 6box half case break 9
mlb vintage newyork mets cliff engel sweater small
mlb bryce harper hand painted 8 x 10 washington nationals
mlb jj hardy baltimore orioles mlb baseball jersey mens xl new without tags
mlb twins enterprise kansas city royals bobblehead brand new in package nice
mlb cards jim palmer 2017 topps gypsy queen missing nameplate 317 baltimore orioles ssp
mlb cards 2017 topps gypsy queen stephen strasburg washington nationals no name plate var
keio making a late push with 2 outs ardsley lead is now 4 2 2 on and 2 out
major league baseball is just like the mafia the herd
mlb detroittigers vintage 1970's plastic baseball 4 team logo detroit tigers cup comet star f
sports goods mens vtg 80s mlb baltimore orioles logo 7 mesh tshirt jersey small
mlb tix 2chicago cubs vs philadelphia phillies bleacher ticket 050417 120 pm tickets
mlb cards 1982 topps 201 george brett kansas city royals hall of famer mint vintage card
keep has teamed up with mlb to bring you team charms keepcollective ikeephappy mlb see link in m
mlb 2013 topps gold parallel you pick choose complete your set
eric longenhagen prospects chat extended spring edition sports
milan g was determined to find the golden wiffle ball his hard work paid off congrats milan have a blast at the
mlb detroittigers detroit tigers justin verlander baseball jersey youth l large baseball shirt
mlb vintage san francisco giants tshirt sporting goods
frank baumann boston redsox chicago white sox cubs signed ml baseball coa
i'm so ready to go to my first game if the season cardinals nationals conflicted
mlb cards amos otis 1983 topps opc signed autographed card 75 kansas city royals
mlb baltimore orioles bird vinyl banner sign street stadium adam jones chris davis
mlb vintage 1994 colorado rockies fridge magnet rubber mlb baseball white purple
photos mlb releases new mother's father's day hats via @ darrenrovell
cards 1970 topps reggie jackson oakland athletics 140 card card
mlb cards trevor story 2017 topps gypsy queen purple parallel 250 colorado rockies
alltime top 30 career bases
mlb yankees bernie williams paul o'neill derek jeter triple signed bat mlb ny yanks
what did the glove say to the ball catch ya later badjokes smplife @
central notes martinez reds hughes thames news mosaesports sportswear
central notes martinez reds hughes thames mlb
mlb medium vtg 1993 men's colorado rockies baseball mlb inaugural season tshirt
tickets mlb 2 miami marlins vs new york mets 0415 @ sec216 ticket tix
the list stadiums with the most home games
mlb indians 2015 national treasures leather amp lumber michaelbrantley auto 96
mlb cards 1969 topps 440 willie mccovey san francisco giants baseball card card
kipnis chisenhall nearing return to lineup mlb
opening day has arrived welcome to @ marlinscleve djlslive openingnight clevelander
mlb cards stan musial 1942 st louis cardinals signature photo card plutograph serial 200
mlb tix 2 tickets new york yankees at los angeles angels of anaheim rookie of the year
mlb ty glory beanie baby 1998 colorado rockies all star game wvip lanyardcd holder
mlb collectibles mlb texas rangers sports dangle earrings spring gift
mlb cards 2017 topps 34a bryce harper washington nationals
drhs baseball vs highland 4pmgraphic created by @ erickgamez99 great work erick legit work @ ggilbert8
buzz mlb texas rangers baseball sports dangle earrings spring baseball gift
sports derekjeter 2007 topps turkey red sp ad back card 95 new york yankees mlb
mlb cards chris carter milwaukee brewers 2017 topps baseball 170 league leaders home runs
mlb memorabilia new trea turner bobblehead sga 512 2017 may 12 mlb washington nationals
mlb detroittigers baseball uniform detroit tigers siza 36 appears not worn
i love packing my folding back chair in the car that means baseball is here soccer
love come in tonight for legendary food and don't miss a pitch nationalvscardinals @ bobbaumhower
collectible buzz mlb philadelphia phillies sports dangle earrings spring gift
mlb oakland a's athletics satin starter jacket medium
mlb cards san francisco giants 2016 bowman chrome vending case 4x index 1 crd team break a
aidan's playing for more than a pennant romance
mlb new oakland a's athletics boys of summer 1969 t shirt medium m hunter fingers
mlb chicago cubs ernie banks replica statue sga july 26 2014 mlb bestseller
authentic russell athletic barry bonds san francisco giants sf jersey 48 xl mlb
tickets 2 ticket minnesota twins vs baltimore orioles 76 target field minneapolis
mlb memorabilia 2007 world series game 4 full ticket psa 3 vg boston redsox colorado rockies
mlb tickets 2 or 4 ticket 41917 new york yankees vs chicago white sox sect 111
fan catches a baseball 454 games in a row rt gay creepy news stupid funny fa
cards card 2017 topps heritage julio urias high 477 sp card losangeles dodgers
tix 2 front row aisle washington nationals tickets vs st louis cardinals 41217
two managers are making some unconventional bullpen decisions mlb
want to be perfect train with us sportperformancetraining anysport retweet
sports 1993 bowman derekjeter 511 baseball card psa 9 l @ @ k mlb
mlb tix 2 aisle ticket cubs vs new york mets september 14 2017 wrigley field 205
phillies game last night phillies philly philliesvsmets
mlb cards manny machado rc baltimore orioles bowman's best rookie card baseball o's
mlb tix new york yankees vs cincinnati reds tickets 072617 bronx ticket
mlb cards baltimore orioles 2016 bowman chrome vending 12box full case break 2 card
mlb indians 2016 topps heritage cleveland indians baseball card 253 michaelbrantley
mlb chicago cubs majestic authentic collection baseball dugout jacket kids youth m
mlb vtg 90's starter diamond collection tampa devil rays ss warm up pullover rare
tribe jays fish home openers on news mosaesports sportswear
mizuno 2017 bgs free shipping link in bio @ miami florida
evoshield protective wrist guardroyalsmall
mlb memorabilia stephen strasburg washington nationals 2012 bobblehead limited ed new in box
power rankings champs assume top spot news mosaesports sportswear
great one once again congratulations champions mlbchampions2016 chicagocubs
this makes me feel old on this day 28 years ago ken griffey jr hit his very first mlb homer jr
@ mlb @ noahsyndergaard why is different and great
cardinals goods st louis cardinals miniature 1998 play by play shopping
mlb very rare washington nationals thomas jefferson bobblehead
mlb bobblehead bobble head mascot nodder new york yankees pin stripes 1988 cracked
nba vintage original 1990s newyork knicks nba twins enterprise snapback hat cap nwt onsale discount
mlb vintage newyork mets mike piazza majestic jersey youth medium free usa shipping
tix phillies preferred parking pass 42617 miami marlins at phillies ticket
mlb david ortiz signed jersey boston redsox jersey with coa
@ netherlanders in netherlands clearly cia gone too far
usa today ranks the 100 most powerful people in baseball mlb
the jersey is ready for the 2017 @ bluejays seasonletsrise bluejays toronto canadasteam canada
mlb 2012 historic autographs champions harry hooper 2022 ha auto boston redsox
test your softball knowledge with gary episode 22 who won the championship in a league of their own
sports goods brand new 47 franchise mlb baltimore orioles bird fitted cap size xl
cards card jake thompson philadelphia phillies 2017 topps 344 rookie card
tix 18 ticket texas rangers vs kansas city royals 42217 globe life park
offseason in review texas rangers mlb
mlb majestic mlb cleveland indians grady sizemore 24 baseball jersey men m white
who thinks @ tweetparney is ready for tonight @ gosquirrels game rva via @ rfmtoday
tickets mlb new york mets vs miami marlins ticket 050617 flushing tix
apparel 1x large mens losangeles angels 27 mike trout jersey nwt mlb
mlb mens 1x san francisco giants 8 hunter pence jersey sporting goods
west michigan white caps tickets for 41317 @ 635 pm first resident caller at 6167841636 can have them
a throwback for nationalpetday features me and barney t walker junior all suited up for
oakland a's to remove tarps from upper deck
find the full article in our website wac
brockmire on wednesday on @ ifc have you caught this macon filmed show yet georgiafilm
mlb cards 1946 orig cuban reyes del deporte baseball card mort cooper st louis cardinals
cal league timely offense lead quakes to win over the 66ers strong
yankees dodgers red sox cubs top forbes' list of most valuable mlb mlb
you have to have a lot of little boy in you to play baseball for a living roy campanella quote dodgers
mlb ty wigginton 23 baltimore orioles xl tee shirt new orange t
exciting history of baseball history
high and inside out bill veeck integrates @ baseballmag
madbum 2016 bowman platinum ice 92 madison bumgarner giants pitcher
it's finally homeopener day woohoo lexi is ready for the game @ bluejays letsrise toronto bluejays
mlb mlb losangeles angels 27 mike trout po retro grey jersey men l new nice
a statistical measure of the quality of a pitchers raw stuff
go get em boys @ tigers tigers detroit whosyourtiger mlb michigan
home opener @ indians letsgotribe indians tribetown cleveland ouryear
mlb starter vintage losangeles dodgers jacket men's size large vtg stitched coat
dig the threads specialevent uniforms unveiled mlb
check out oakland athletics eric chavez costume card upper deck baseball oaklandathletics
mlb cards 2016 topps full boston redsox team set bogaerts betts pedroia david ortiz 36
mlb san diego padres road gray majestic mlb men's official jersey
jason's back in an all new episode podcast thorragnarok @ flipboard thedarktower xboxone
mlb memorabilia youth boys washington nationals embroidered baseball jersey size l
mlb kansas city royals shirt tshirt lot boys youth medium 1012 george brett top
mlb red sox activate pomeranz for season debut drew pomeranz bos
mlb cards david dahl 17 card lot rookie and prospect cards colorado rockies card
daily doseofjohnnyc at destinchamber talking nwfraidernation raidersyouknow softball amp and
mlb progressive field home of the cleveland indians sporting goods
mlb chase utley philadelphia phillies youth jersey sales discount
2017 @ rawlilngssports pro label game day wood bats available nowclick here to see the full lineup
mlb rockies 2013 topps heritage baseball chrome card of carlos gonzalez 693999
mlb 1x large mens la angels 27 mike trout jersey nwt
excited for the start of season and catching many home @ gosquirrels games in the rva
ticket tix 2chicago cubs vs milwaukee brewers tickets 041917 wed @ wrigley field
justinverlander 30 th anniversary 19872017 1987 topps 2017 topps pitcher
nba vintage newyork knicks stephon marbury basketball jersey men's xl reebok onsale discount
mlb mlb philadelphia phillies baseball sports dangle earrings spring baseball gift
yet another beautiful day for baseball newbalance
new majestic mlb san francisco giants orange blank jersey style tshirt mens xl mlb
authentic russell athletic barry bonds san francisco giants sf jersey 44 l creme mlb
mlb tickets new york yankees vs cincinnati reds ticket 072617 bronx tix
l l mlb cards milwaukee brewers 12 case 5box live break 2015 topps supreme bonus card
that'll work if you snag one during national foul ball week may 1621 make sure to rt it for chance to win a gif
mlb collectibles vintage 1978 711 plastic cup texas rangers mike hargrove slurpee
mlb memorabilia boston redsox set 0f 3 official yearbooks 2004 2007 2013 world series
mlb nike team mlb newyork yankees derek jeter 2 throwback baseball jersey mens xl
mlb mitchell amp ness chicago whitesox team colors home stretch henley shirt
a little off target but new velocity high 73mph this is after a pitcher's med ball workout atta boy ben
sport louisville slugger select 715 8 baseball bat 32in24oz
mlb cards oakland a's athletics 400 card lot 1982later 11 autographs marck mcgwire
cards chihwei hu 2016 bowman draft tampa bay rays 1 jumbo case player break
mlb colorado rockies sga elmer fudd ear flaps hat snapback new and never worn
madbum 2017 gypsy queen glassworks chrome box topper madison bumgarner 128150 giants
mlb tix 2 boston red sox vs tampa bay rays 4162017 easter sunday 135pm grandstand 30
mlb cards 19701980 lot of milwaukee brewers topps baseball cards 57 cards
cards card 1971 topps card 166 joe hoerner philadelphia phillies ex
phillies' slugger hits home run for disabled child rt cool ryan awesome run k
mlb collectibles vintage 1970's plastic 4 team logo cup texas rangers comet star f
heading to the game tonight enter our 99th pitch contest for a chance to win 99k more
is for the leisurely afternoons of summer and for the unchanging dreams
sport louisville slugger vapor bbcor baseball bat 3330 bbva153 new in wrapper
mlb cards 1971 topps baseball card 108 john cumberland san francisco giants ex card
wil myers joins padres history books with cycle monday mlb nlwest
apparel mike trout majestic losangeles angels of anaheim tank top mlb mlb
just about everyone agrees games are too long for the modern audience false @ npratc
ask anything and expect everything mlb podcast
mlb cards 1999 topps tek a amp b set pick your team card deals
go knights we are ready holycross knights weareknights
mlb cards cleveland indians 2016 bowman draft jumbo 4box 12 case break indians card
mlb san francisco giants promo 3 peat tshirt size xl sporting goods
@ jasonklemm6 @ ncsa @ jasonklemm6 meet your headrecruitingcoach @ coachdowncsa best of luck amp congratulations
collectible buzz rare 1958 san francisco giants 1st year pocket schedule ruben gomez
fan apparel chicago whitesox tshirt size xl mlb american league souvenirs
mlb new era nwt philadelphia phillies youth 39thirty cap hat fitted stretchfit sales discount
i believe @ mlb allstar voting starts next week it seems to get earlier each season
mlb cards hof plaque postcard signed jim palmer baltimore orioles card
losangeles dodgers stadium personalized print mlb pls retweet
mlb mickey mantle mitchell amp ness 1951 newyork yankees jersey size 54xxl nwt rare
cards texas rangers 2016 bowman draft jumbo 4box 12 case break card auction
mlb newyork mets heavy gauge car and truck 3d magnet jacob degrom matt harvey
mlb boston redsox hat nwttwins enterprise
tix tickets 2 or 4 ticket 41717 new york yankees vs chicago white sox sect 129
mlb tix chicago cubs ticket for 080417 vs washington nationals tickets
get free shipping on all bat and glove orders over 199shop now
espn sportscenter's not top ten 041516
collectibles lot of 26 vintage autographs 1 photo 1977 chicago whitesox al kaline
spangler ashley an exploration statistics
douglas county programs enter home stretch lithiasprings newmanchester alexander chapelhill
collectible buzz nwt mlb san francisco giants authentic majestic jersey men xl sewn 115
20170411 a samsung lions store in shinsegae dept store daegu korea whereisdaegu
mlb tickets 14 miami marlins @ pittsburgh pirates ticket 61117 sec 130 row h pnc park
mlb tampa bay rays kevin kiermaier gold glove back to back bobblehead
edwards went 6 and 23rds loccisano closed it out
mlb cards ryan zimmerman washington nationals 2016 topps baseball card 45
tix chicago cubs tickets for 080417 vs washington nationals mlb ticket
nba 47 brand newyork knicks adjustable strapback onsale discount
mlb kansas city royals slugger mascot bank new
mlb newyork mets opened starting lineps lot of 12 figures lot 1
cards card 1961 topps robin roberts philadelphia phillies 20 card
collectible buzz philadelphia phillies greg luzinski tshirt cooperstown collection sz s
welcome @ jasonklemm6 to @ ncsa '19 5'11 155lbs ncsaathlete check out his profile
l mlb cards 2013 fathead tradeables baseball 7 ryan braun milwaukee brewers mlb card
historic moment no matter who you root for
mlb cards heath quinn 2016 bowman draft san francisco giants 1 jumbo case player break
baseball pitching analysis force vector during pitch @ movementf1rst mlb pitching pitchinganalysis
view mlb debuts 2017 special event uniforms allstar featured majorleaguebaseball
cards card 1972 topps steve garvey 686 losangeles dodgers baseball card psa 8 nmmt
mlb vintage design 47 brand mlb boston redsox baseball zip up sweatshirt mens s
opening day 2017 go tribe cle clevelandindians progressivefield homeopener @
img academy starter tyler ahearn img hsbaseball
now champs cubs just as hungry
ain't like football you can't make up no trick plays
mlb cards 2017 honus bonus fantasy pick from list 1250 card deals
mlb rockies 2013 topps gypsy queen carlos gonzalez rockies in person autograph with coa
mlb vintage 1947 cincinnati reds crosley field official score card deals
cards 1961 topps 371 bill skowron newyork yankees card mlb card
yankees jersey 90s new york yankees jersey cotton medium flannel throwback pro player shirt
fan apparel new fanatics southpaw chicago whitesox reverseapal plush toy
baseball football sports cards invest in fun collecting
tix 16 tickets miami marlins vs arizona diamondbacks 63 marlins ballpark
mlb cards colorado rockies 2016 bowman chrome jumbo vending full case 12x team break 9
links to new york yankees websites newyork yankees mlb websites
tuesday night pitching info for mlb dfs draftkings fanduel fantasybaseball giants diamondbacks
attention all detroit tigers fans their game today is a great time to take your partner out to a ball game game
mlb mens vtg 80s mlb baltimore orioles logo 7 baseball mesh tshirt jersey small
mlb indians 2015 finest cleveland indians baseball card 33 michaelbrantley
mlb cards 1964 topps baseball original color negative dave morehead redsox card
homeopener cleveland indians rolltribe tribeopener tribe windians is it game time yet
apparel majestic losangeles angels anaheim therma base full zip red jacket 2xl hoodie
collectibles buzz vintage 1994 colorado rockies fridge magnet rubber mlb white purple
mlb losangeles dodgers backpack sga new in plastic
cards 1964 topps newyork yankees lot 6 cards 164206259281299344
angels cards 2011 topps update series us175 mike trout losangeles angels rc card
miguel sanos little adjustment could mean big things sports
tix 4 tickets chicago whitesox royals 92417 guaranteed rate field
mlb cards milwaukee brewers 2box 2016 topps amp bowman chrome index card case break live
bill's blackboard defensive runs saved brian kenny amp bill ripken debate drs on mlb tonight
mlb st louis cardinals majestic therma base hoodie m grey sweatshirt authentic s l
team outing today to the @ ridersbaseball game springtime workflow
mlb tix 4 tickets texas rangers vs boston redsox 7417 globe life park ticket
mlb philadelphia phillies mitchell amp ness jacket men's medium cooperstown collection
mlb philadelphia phillies majestic vneck retro 80s jersey m mlb baseball womens 6072
cardinals goods st louis cardinals red deluxe laser cut mirrored license plate tag
mlb indians vintage 1970's plastic 4 team logo cup cleveland indians comet star f
mlb nationals 2010 bowman chrome rookie autographs blue refractor 205 stephen strasburg auto
now champs cubs just as hungry mlb
mlb cards 1983 mlb slidetransparency team set 10 kansas city royals george brett aikens
mlb ichiro suzuki cards lot of 20 including rookie card marlins
feeling a bit down after work so i created this to cheer myself up letsrise bluejays openingday
mlb cleveland indians xl sweatshirt sporting goods
top mlb dfs building blocks for tuesday mlb
kipnis chisenhall nearing return to lineup
oh sweat how i have missed you multitasking highheat listeningtothekillers
mlb yankees 1998 fleer sports illustrated world series fever derek jeter card 65
giants' posey 'doing good' after struck in head by pitch
ticket tix 2 aisle tickets chicago cubs vs la dodgers april 13 2017 wrigley field 205
mlb cards 1954 topps baseball card 116 steve bilko st louis cardinals authentic
san francisco giants jersey with rare cursive design xl mlb
apparel souvenirs pete rose 14 cincinnati reds stitch po gray jersey men l tags new
it was a beautiful weekend to wish rocky amp the @ wilmbluerocks a happy 25th bday visitwilm travelwithkids
mlb cards 1963 topps card 217 joe christopher newyork mets ungraded card
the @ bluejays boys are back in town first home game of the season no tix but will be watching tonight spring bluejays
mlb danbury mint 2013 new york yankees helicopter ornament sports buzz
mlb mlb vintage san diego padres jersey size men's l48 euc
history of baseball card trading cardtrading
mlb vintage boston redsox painters hat
braves place matt kemp on 10day dl promote johan camargo news mosaesports sportswear
is a poetic complex and subtle play of courage fear good luck mistakes patience about fate and sober selfesteem
cards card 1993 pinnacle mike piazza losangeles dodgers 252 baseball rookie card
season is here are u prepared @ barefoot79 shares her simple trick 30seconds parenting sports kids
felix trout duel in epic 14pitch atbat compete hardworkpaysoff
mlb men's san francisco giants black jersey button front size large
mlb tix 2 aisle tickets cubs vs philadelphia phillies may 1 2017 wrigley field 205
sporting goods new starter colorado rockies nylon dugout jacket coat sz m
mlb memorabilia bryce harper hand painted 8 x 10 washington nationals
mlb newyork yankees baby sippy cups 2 pack 5 oz spill proof cup bpa free
the dodgers and cubs continue their series on wednesday night gtgt
today sheldonhirsch book hot hands draft hype amp dimaggios streak @ suz8 sex secrets amp
mlb indians 2016 panini diamond kings baseball base set cards pick from card 's 1185
home opener win a pair of jays tickets food and drink happening ballpark menu bluejays win beer wingspecials @ tsnsports
sports goods majestic mlb washington nationals therma base jacket sz 4x blue
mlb pete rose cincinnati reds 1969 gray flannel buttonup jersey 100th anniversary
ardsley hangs on for the w to improve to 3 1
mlb tix 2 front row aisle washington nationals ticket vs st louis cardinals 41217
@ mikepetriello can't you use @ mlb @ mlbatbat app keep it low or have a ear piece in i've done it mlb
mlb cards oakland athletics jose canseco 1988 art card
today on bbre w @ realcolebair 433p @ jimcallismlb talks cubsfreezone wintwins @ kxel1540
v baseball is at @ bostontrinity for a 330 game perfect day for a ball game gogatorsbms @ brimmerandmay
is it more gimmicky than creative maybe but i toast the effort beer
mlb brewers 2017 honus bonus fantasy milestone one of one pick from list
giants sanfrancisco graffiti bus mission orange tag @ mission district san
mlb yankees derek jeter signed mlb with steiner coa
everyone has limits you just have to learn what your own limits are amp deal with them accordingly nolan ryan mlb rangers
mlb cards 1973 topps charley fox san francisco giants 252 nrmt card
collectible buzz majestic therma base philadelphia phillies pullover boys medium 1012
wil myers joins padres history books with cycle monday san diego padres mlb
mlb redsox dave boo ferris signed baseball
statcast spotlight 5 players to watch mlb
mlb nwt men's san diego padres road to the show tshirt minor league system size xxl
mlb cards bryce harper 2015 topps update sabermetrics variation washington nationals
frankie belarge knocks in a big insurance run in bottom of 6th ardsley 4 keio 0
cards newyork yankees 2016 bowman's best full case 8x team break mlb card
sporting goods nike team mlb newyork yankees derek jeter 2 throwback jersey mens xl
mlb detroittigers new detroit tigers baseball cap tigres deals
cards card 1966 topps 170 cookie rojas psa 8 philadelphia phillies card topseller auction
mlb san diego padres puzzle enjoy coca cola butterfly clutch pin badge button
mlb authentic milwaukee brewers cool base home white jersey 44 deals bargains
original autograph johnny bench autographed vintage nl l coleman cincinnati reds
someone created a wikipedia article about chris o'grady baseball help expand it
mlb cards josh hader 2016 bowman draft milwaukee brewers 1 jumbo case player break
