spring has sprung which means baseball season has arrived what are your favorite spring activities
please rt recipes cooking delicious cook recipe gluten free artisan bread recipe
directions to my games on wednesdaytake a left at larry's chicken spring inn go about 2 blockshmmumpire
tune in to @ espndallas1033 at 440pm today @ nadeler will talk @ rangers mentalhealth namiwalksdallas
happy birthday to my son @ kevinchilin that boi leveled up i'm dumb proud
news excellent click for original post serves 6 time 615 15 m prep 6 h cook ingredients ingred
8 ways to spice up tuna salad vegan recipes healthy cooking animalrights
these little peep birdie nests are so cute and yummy to eat treats kids
madbum 2007 bowman sterling madison bumgarner rookie autograph auto graded card bgs 95
happy birthday @ mileposts
mlb tix 4 miami marlins vs losangeles angels 0527 @ sec221 ticket tickets
mlb baltimore orioles snapback hat nwtlogo 7
head on over for some goodies bakesale newmanu
mlb boston redsox dustin pedroia mlb baseball jersey sewn white size xxl 52 new
happy birthday sehun oppaexolindonesiaterimakasihexohappysehundayindonesiaforsehun
please rt recipes cooking delicious cook recipe pumpkin oatmeal anytime squares vegan
get ready for with diy peep pops
mlb major league baseball boston redsox color patch apparel
nowplaying church bells carrie underwooddownload our app music hotcountry rt
mlb souvenirs rick porcello bobble head sga fenway park redsox
great friend @ scottthepainter coming to @ thegroveaz sun morning you don't want to miss 600am 745 90
@ maxcarterxxx happy birthday max
instead of the sheep today i stopped to say hello to the cows drivehome rural
can you recommend anyone for this job in stpaul mn airportjobs travelhospitality
souvenirs philadelphia phillies majestic vneck retro 80s jersey m mlb womens 6072 fan apparel
mlb men's majestic collection navy amp red boston redsox jacket size l
@ alliesealey on periscope country songs music acoutic
please rt recipes cooking delicious cook recipe vegan potato salad
mlb stephen strasburg washington nationals 2012 bobblehead limited ed new in box
we're loving our band new personalised easter bunny bookmark tuesdaymotivation
buzz texas rangers yu darvish texas heat promo tshirt l mlb auction deals
@ whteverrachwant @ allyveros happy birthday beauty
and god said 'let there be lights on all the fields and the earth bring forth grass and let spring bring forth ga
memorabilia dutch ulrich 1927 philadelphia phillies 4x6 colorized print sporting onsale
looking forward 2 taking this little radgie @ megsxxo out for her birthday tonight to see grease at the @ southendtheatre grease birthday
come on out this saturday and support a great group of boys and a great cause osoyoos bbq fundraiser
@ ninjasexparty @ shan0817 take me to this for me birthday
we celebrated my motherinlaw's 90th birthday today she said waitrose had given her a bottle of prosciutto i said that was unusual
cards evan longoria 2017 topps series 1 jackie robinson day jrd4 tampa bay rays
0411fanduel mlbearly onlyfeel free to usedfs sportsfantasybaseball dailyfantasy tampa
mlb yankees 2000 ny yankees team signed world series jsa z33760 19 sigs derek jeter
we're hiring click to apply food service assistant days sugarland texas job jobs
it's almost summer check out part one of our concert guide series musicfestival
wil myers joins padres history books with cycle monday mlb nlwest sandiegopadres
mlb cards bo jackson mint kansas city royals raiders rookie card rc 1987 topps 170 gem
little marshmallow chicks in the making
please rt recipes the skinny on lowcarb diets
strawberry chicken salad student recipes cook kitchen
tix ticket 18 tickets texas rangers vs kansas city royals 42217 globe life park
looking forward to the wkndbankhol birthdaynight tigertiger shots friends
check out speed radar velocity detector tennis soccer golf train ball tripod gun via @ ebay
mission2everycountry has been to vaduz lichtenstein 124th still 71 more to go need people to back me u
nowplaying bobby russell saturday morning confusion
choice architecture 'extremeness' aversion and the mesmeric if overused power of caramelised
are you for relief catering staff this easterwe have lots available call 0151 364 3307 reliefstaff
is in full swing make sure you're getting out there and smacking 'em around while you can winter's only 9 months away
recipe lemon pepper ovenbaked wings recipes from the kitchn
have you made plans for easter brunch hopland campovida mimosa eggsbenedict biscuitsandgravy
mlb cards baltimore orioles 2017 diamond kings baseball 6box half case break 9 card
mlb mlb philadelphia phillies new era adjustable youth hat cap sales discount
major league boston redsox color patch collectibles buzz
@ caseydeliberto happy birthday bud
nowplaying john schneider you're the last thing i needed
getting you easter ready sunday dress boutique style blessed repost @ that
mlb kansas city royals shirt tshirt kc womens sz xl xxl 2xl mlb genuine merch
@ reds gave me a amp don't know who from
biggest fastball velocity gains and losses fangraphs
@ faosdgs fao global forum on food security and nutrition via @ afriharvesters nutrition agric
mlb cards 1979 dwight evans boston redsox vendor cards rare team issue psa 9 pop 1
i takes a lot of equipment to do this i can't wait 651sports stpaul stagnes
one box of jelly wobbling its way to @ dunsleyhall jelly port cheese dunsleyhall yorkshire
goodwillyum you are the shit my friend the idea of team fitted gear is def my fav
new post lemon and dill braised potatoes and leeks with mozzarella healthy vegetarian
totally free easter images for your social media happyeaster
this makes me wanna cry omghappy birthday dodie amp congratulations hope to see you in manila soon love you
mlb authentic majestic losangeles angels anaheim 22 home jersey mens 48 xl
housewife classics with sir fexus cdxx now live at @ streamersupport @ retweettwitch
nowplaying earl thomas conley love out loud
on our blog diy decoration projects from @ wineandglue @ delightnoted @ designmom and more
shoutout to madness for being the greatest bestfriend and for making me cry on my birthday i love you @ sincereiymadz
nowplaying ray price i won't mention it again
mlb brand new 47 franchise mlb baltimore orioles bird baseball fitted cap size xl
ramathuba we can reassure you that we have committed staff that should be a disaster 10 more doctors will be available
mlb 2016 hallmark mlb boston redsox christmas ornament collectibles
tigerspics @ comericapark @ detroittigersrr @ mlb getting ready for agame letsplay2
nowplaying confederate railroad when you leave that waygo back
happy birthday to the mmking allison love your crazy self and miss you so so much
fantasy 10 bullpens that merit a closer look mlb
sporting goods san francisco giants majestic polyester jersey shirt youth size xl
mlb ernie banks chicago cubs signed official national league onsale discount
here's a cover of i want to dance with you by @ georgestrait
mlb indians 2008 tristar projections orange autographs autographed 297 michaelbrantley auto
20 off everything use voucher code cracking20 at checkout
baby grapes by bobster1987 source500px
baseball with lunch today cilantro tortilla soup daily cream of asparagus soup vegan amp buffalo chicken wrap yegdt
easy sugarfree chocolate cheesecakes for
happy birthday bryce dominique
all those savory elements are more than up for the hot wok assault singaporefood hotwok
9 adorable bunny butt desserts that you and your kids will love by
10 adorable and delicious diy treats for recipes
mlb tix 2 green monster tickets new york yankees vs boston redsox fenway park 42717
mlb colorado rockies premier jacket size large discount onsale
best food for french bulldog puppy begin to be now what you will be hereafter pure dog pet
@ abetterkid @ tauhidchappell @ dooezer @ ashleyrparker aw man this is so perfect i want to wrap it up and give it as
poppyseed pasta sugar makosteszta hungarianfood spain instagram this posta made me
happy birthday you piece of garbage i miss you man before you get too old you should come see me love yuh puntan
nowplaying ernest tubb walking the floor over you
sliding shorts with cup give protection for the boys
please rt recipes cooking delicious cook recipe jamaican cheese muffins
mlb tix tickets baltimore orioles vs boston redsox sunday 423 ticket
happy birthday boo i haven't seen you in years but you're still so beautiful
are you the best artist in your submit music now for coast2coast hottest in the nation mixtape at
story 18 of the easter story challenge 2017 is easter magic for arrow and cutie arrow cutie
please rt recipes cooking delicious cook recipe smoothie bowl ideas
happy birthday @ yys3 i love you
wool dryer balls deep purple flower gift set of 4 ecofrie alittlegreenbeeshop
the rising @ therisingmusic the rising update thanks to our early pledgers
mlb men's mlb genuine merchandise true fan colorado rockies baseball jersey shirt m
mlb san francisco sf giants 2017 opening day calendar by atampt new sga 410
join us on facebook live 6pm et every day freepicks mitchwins basketball
mlb vintage 1979 nilon brothers stadium plastic cup philadelphia phillies pete rose
for you cranksamantha gocards cardinalsnation dividedhome stl
mlb indians majestic mlb cleveland indians grady sizemore 24 jersey men m white
unblock access to youtube n your country anonymous anonymous email access unblock anonym
happy birthday @ jschrader98
the latest the hog touring rides daily thanks to @ sturgisrally @ cthog @ thorntonah motorcycle
i am live now playing niamh lynn i'm missing you come listen at
fricassee has made my day spicy tunisianfood fuckthediet tunisia tunis
mlb chicago whitesox winter hat sga 4817 deal shopping
please rt recipes rustic apple cranberry pie
7 brach's easter candy tiny jelly beans bird eggs 075 ouncepack of 5 gifts
back at dwyer stadium today where the notre dame fighting irish are opening their home schedule vs lyndonville
c c cannon music nashcountry newsingle its too late now available various sites
nowplaying stephanie quayle with winnebago newartist
nowplaying my maria by brooks amp dunn listen on stream
whos hungry watch tv on @ plutotv ch 621 for @ bourdain @ kincommunity @ tastemade and more nomnom
mlb majestic big amp tall baltimore orioles replica jersey black 5xl
news excellent click here for original post serves 4 time 40 m 20 m prep 20 m cook ingredients
tix tickets 4 miami marlins vs oakland athletics 0614 @ sec23f ticket mlb
catch @ recklesskelly 9 may 2017 @ motorcomh music hall durham nc rocknroll visitgtgt
for when i lost my way there are four words left to say god gave me you blakesheldon iloveyoutimothy
dean brody countrymusic male vocalist singer musihothits listen
mlb cincinnati reds all time hit king pete rose signed pinstripe hat 4256
found this on ig katiematecka found recipes cooking delicious
atlanta braves new ballpark lights up proav by @ marketscale
jersey shore metallic liquid lipstick currentlywearing2000
hi ottawa mary had a little lamb for dinner last chance to order local organic lamb before the
japan centre looking for for japanese
grading the pitches 2016 al starters changeups sports
we will only be open saturday during your longweekend for if you want a movie or book to hang out with
please rt recipes enchilada elbow bake
@ clementj64 happy birthday to my favorite canadian youtuber
@ kieranalleyne happy birthday
passovereaster week events and cancellations pittsburgh pa pennsylvania realestate
mlb vintage 1970's plastic baseball 4 team logo cup cleveland indians comet star f
mlb nib losangeles angels sga 52016 mike trout wall catch action figure statue
mlb indians 2016 immaculate michaelbrantley purple insert 25 cleveland indians
happy birthday to one of the best girls i knowthank u for always being there for me love amp miss u hope u had an a
skid steer demolition gone wrong rt stupid wtf fail demolition rednecks funny
the russian government approved amendments to the state program of agricultural development feedly
crab stuffed ham rolls for enter to win a wholefoodsmarket giftcard sponsored giveaway
at your local coop don't forget we're closed easter sunday @ coopukfood
nowplaying hillbilly fire jeff danedownload our app music hotcountry rt
right now @ macys statestreet @ cubs schwarber @ mlb @ danbernstein cubbies chicago @ waddleandsilvy
girls nude pics petite teen sex clip
cards card 1993 topps curt schilling philadelphia phillies 421 card topseller auction
mlb authentic majestic la angels anaheim 22 home jersey mens 48 xl
basic high school sophomore rhp shane spencer hsbaseball pitcher basic
dallas smith countrymusic male vocalist singer musihothits listen
we are interested in finding people bringing socialgood into the world from every and every sector
a park is the one place where a man's wife doesn't mind his getting excited over somebody else's curves
souvenirs vintage '78 711 plastic cup philadelphia phillies mike schmidt slurpee fan apparel
i am live now playing eileen carey good bad girl come listen at
nowplaying rachael turner with hurts don't it newartist
size location and content demands does not matter for @ agriacademy early adopters in and agribusiness
love pop soul jazz amp 'cause that's what we play broadcasting on short wavesatellite amp radio stations across the globe
6 singleserve super bowl recipe faves appetizers featured
nowplaying crystal gayle half the way
the latest the keep it hot daily thanks to @ vocalpoint recipes
mlb cards 1975 topps 223 robin yount milwaukee brewers rookie card
sports derekjeter 1999 topps chrome early road to the hall er2 mlb
tickets mlb 2 aisle ticket cubs vs new york mets september 13 2017 wrigley field 205 t
anyone know what the first phase of pitching is if so what the most important aspect of it is injuryprevention video tonight
50 off enter springfling @ checkoutmontgomery chambray napkins napkins tablescape tabletrends sale
mlb new fanatics southpaw chicago whitesox reverseapal baseball plush toy
there's only one perfect candy and if you disagree you are wrong eggs bunnies
mlb cards 2017 panini diamond kings oakland athletics half case team break 6boxes 2
@ willtudor1 happy birthday will
birthday boys birthday results in a trip to kiddi hospital with our eldest
mlb rare vintage 80s losangeles angels anaheim authentic rawings jersey mens 44 l
girls in booty shorts fuck erotica strip club
l mlb cards 2017 topps tribute baseball 4box half case break2 milwaukee brewers card
freshly baked classic apple cinnamon cake baking apple cake
@ jubypeacock great to meet you please listen to i can feel her heart beatin inside of mine music
mlb majestic mlb st louis cardinals busch stadium tshirt red adult size m
cards 2015 bowman bcaparo adrian rondon tampa bay rays auto autograph baseball card
mlb new oakland a's athletics boys of summer 1969 tshirt medium m hunter fingers
anchor bay angles 10u team won their first tourney this past weekend in teamtriton gearcustom authentic
the importance of learning how to slide in baseball
did you guys catch the 2nd episode of the crosstownrivalspodcast
nailed milfpussy sloppy dates blowjob licking realsex
who opened the jellybeans agh never shop for early big risk of empty baskets at this rate yum c
hailstate star brent rooker hits his stride
windsor child's chairs antique set of four vintage decor homedecor antiques gotvintage
please rt recipes cooking delicious cook recipe puffy tacos how to make puffy taco shells
mlb cards card cincinnati reds 2016 bowman's best full case 8x index team break
mlb cal ripken jr hand painted 8 x 10 baltimore orioles
popular on @ 500px crispy roasts from the grill by dar1930 500px popular
great tshirt shop clickgt rockstar hardrock reggae blues jazz folk
nowplaying tracy lawrence i see it now
mlb cards oakland athletics 2017 diamond kings baseball 6box half case break 9
mlb vintage newyork mets cliff engel sweater small
please rt recipes cooking delicious cook recipe rotini pasta 4 ways
mlb bryce harper hand painted 8 x 10 washington nationals
gift idea a shakin' it gift card the lucky recipient can use it whenever not just at easter amp pick their very own fave flavour
enjoy your with easter eggciting discounted powerful generators click here or
is that a yamaka or an easter bonnet ur wearing nationalpetday passover
post track feed fast session big appetite
what to cook for easter brunch and dinner whether you're hosting a postchurch midday meal or a celebra
girls in booty shorts fuck teen glasses sex
the easter bunny has arrived at gigi's cupcakes call and order your easter sweet treats today sweets
sheila hart inc is having a egghunt for tag a friend who would want to join inthe winner will be announ
happy birthday youngin @ retroville
exploring asheville asheville vegan downtown
come color eggs with us tomorrow evening spring annexofmarion
yum can't wait for nirvana wine festival
mlb jj hardy baltimore orioles mlb baseball jersey mens xl new without tags
what to cook for easter brunch and dinner
mlb twins enterprise kansas city royals bobblehead brand new in package nice
perspectives @ droart abbaziasantamariadelbosco sicily photography monument
girl barcelona porn movie male naked pictures
looking for something to do this weekend here's what you could be getting up to via @ timeout leeds
time when i'm constantly thinking pastels i want to eat you heisrisen
mlb cards jim palmer 2017 topps gypsy queen missing nameplate 317 baltimore orioles ssp
want to work at delaware north we're hiring in newboston mi click for details hospitality veterans
these little rose bush planters were just too adorable to resist rose bunny chick
mlb cards 2017 topps gypsy queen stephen strasburg washington nationals no name plate var
have you ordered there's still time let our chefs take care of dinner this weekend fredericton
be the hands and feet of jesus this saturday during outreaches in our community learn more and sign up
keio making a late push with 2 outs ardsley lead is now 4 2 2 on and 2 out
major league baseball is just like the mafia the herd
mlb detroittigers vintage 1970's plastic baseball 4 team logo detroit tigers cup comet star f
sports goods mens vtg 80s mlb baltimore orioles logo 7 mesh tshirt jersey small
usa breaking news click here cooking and cookbooks mushrooms mushrooms on to
enjoying a double cheeseburger deluxe for lunch yum instafood tagsforlikes yummy amazing i
if corporate university for your and agribusiness is your priority then @ agriacademy can sort it out for
watch this exclusive video premiere battle lines by @ marcumstewart music
6 reasons to love babyled weaning weaning babyled babyledweaning tips parenting
mlb tix 2chicago cubs vs philadelphia phillies bleacher ticket 050417 120 pm tickets
mlb cards 1982 topps 201 george brett kansas city royals hall of famer mint vintage card
i wanna hear raindrops fallin down on an old tin roof i wanna find a front porch rail and prop up my travelin' boots
please rt recipes cooking delicious cook recipe you've been cooking spaghetti squash all
keep has teamed up with mlb to bring you team charms keepcollective ikeephappy mlb see link in m
time to go workout i have swimsuits to fit into my birthday will be here before i know it
junior youth club tomorrow s4s seeds seeds4success mere merewiltshire youthwork junioryouthclub
mlb 2013 topps gold parallel you pick choose complete your set
happy birthday babe omg 1year and half now huh meet soon pls 25 more like 16 year old @ stammerintreble
otd 1953 hank williams 'you cheatin' heart was no1 here's why the original king of country music
nowplaying kenny rogers she believes in me
eric longenhagen prospects chat extended spring edition sports
make sure you pick up your repeat prescription before the bankholiday weekend
@ katieeschmidtt happy birthday hotstuff i miss you and hope you have a great one
milan g was determined to find the golden wiffle ball his hard work paid off congrats milan have a blast at the
please rt recipes cooking delicious cook recipe white chocolate pretzel peanut butter
mlb detroittigers detroit tigers justin verlander baseball jersey youth l large baseball shirt
please rt recipes dessert smothered tuscan garlic chicken
mlb vintage san francisco giants tshirt sporting goods
please rt recipes cooking delicious cook recipe cured meat sushi
our 10 mostpinned spring recipes vegan recipes healthy cooking animalrights
nowplaying navy and grey by crete boom listen on stream
if not for you joey feek
visit our facebook page for the recipe blackwalnut recipe
frank baumann boston redsox chicago white sox cubs signed ml baseball coa
i'm so ready to go to my first game if the season cardinals nationals conflicted
jeff pappin on innovating through vertical expert networks amphow @ allfoodexperts paves the way to this model in
mlb cards amos otis 1983 topps opc signed autographed card 75 kansas city royals
the perfect way to truly know and understand a place you are visiting is to try its
nowplaying i cried all the way to the altar by patsy cline listen on stream
mlb baltimore orioles bird vinyl banner sign street stadium adam jones chris davis
mlb vintage 1994 colorado rockies fridge magnet rubber mlb baseball white purple
photos mlb releases new mother's father's day hats via @ darrenrovell
cards 1970 topps reggie jackson oakland athletics 140 card card
mlb cards trevor story 2017 topps gypsy queen purple parallel 250 colorado rockies
orange cool drink of lemonade with slices of orange and mandarin in a transparent bowl with ice by mylt3empkl so
@ shannonwalshx happy birthday shannon
i just won 1255 on my third spin of the day happy freakin birthday to me an awesome end to an awesome work vac
alltime top 30 career bases
mlb yankees bernie williams paul o'neill derek jeter triple signed bat mlb ny yanks
kick up your egg design a few notches eggcellent eggs vangogh
@ davidbanner wish you a very happy birthday
happy birthday grandma miss you so much angel
what did the glove say to the ball catch ya later badjokes smplife @
please rt recipes cooking delicious cook recipe s'mores kabobs l megan mitchell
10 diy decorations my craftily ever after
nowplaying patsy cline she's got you
central notes martinez reds hughes thames news mosaesports sportswear
happy birthday @ itskelli
central notes martinez reds hughes thames mlb
mlb medium vtg 1993 men's colorado rockies baseball mlb inaugural season tshirt
@ bigjohn35 happy birthday bra
sounds like a good birthday
tickets mlb 2 miami marlins vs new york mets 0415 @ sec216 ticket tix
i ate a smoked half rack with deviled egg potato salad and applesauce i love local bbq
sitting on the deck with daisy dog dogs pets farm farmlife friends f4f
planning an brunch try this recipe for ham cheese amp spinach puffs
the kitchen at atomic brings fine dining and bar food to fremont east vegan recipes healthy cooking ani
happy birthday @ halimau labyuu
why is panera worth 75 billion because it made food a tech business via @ postdispatchbiz tech business
ctyau drunken driver ran red light in selden crash suffolk cops say road ltd asx2000
the list stadiums with the most home games
mlb indians 2015 national treasures leather amp lumber michaelbrantley auto 96
mlb cards 1969 topps 440 willie mccovey san francisco giants baseball card card
kipnis chisenhall nearing return to lineup mlb
@ ovtcast happy birthday
opening day has arrived welcome to @ marlinscleve djlslive openingnight clevelander
mlb cards stan musial 1942 st louis cardinals signature photo card plutograph serial 200
natural amp allergy free easter candy choices natural candy allergyfree gtgt
mlb tix 2 tickets new york yankees at los angeles angels of anaheim rookie of the year
mlb ty glory beanie baby 1998 colorado rockies all star game wvip lanyardcd holder
mlb collectibles mlb texas rangers sports dangle earrings spring gift
no yolk @ mainlys open all for diy garden tools ornaments fairy houses and seating electrical applia
youknowwhat may is my birthday month
discover the best place to go shopping tripping and sightseeing in spain visit gran va
flowers and chocolate all in one florist flowers chocolate
the latest the chef daily thanks to @ juliansc22 @ ofsrow @ refrihosteleria chef
mlb cards 2017 topps 34a bryce harper washington nationals
dreaming of the loooong weekend excited timeoff rest
happy birthday daga sending height dejk enjoy ur day and god bless always thankyou sa lahat lamonayon at
drhs baseball vs highland 4pmgraphic created by @ erickgamez99 great work erick legit work @ ggilbert8
fake @ flotus ruined at wh she has chiefofstaff amp socialsecretary idk why she is not working impeach
nowplaying brooks ampamp dunn that ain't no way to go
buzz mlb texas rangers baseball sports dangle earrings spring baseball gift
@ nivrga hey beautiful eli my fellow aries happy belated birthday darling
sports derekjeter 2007 topps turkey red sp ad back card 95 new york yankees mlb
mlb cards chris carter milwaukee brewers 2017 topps baseball 170 league leaders home runs
mlb memorabilia new trea turner bobblehead sga 512 2017 may 12 mlb washington nationals
mlb detroittigers baseball uniform detroit tigers siza 36 appears not worn
nowplaying george strait living and living well
dt talked to manning 8 days ago manning invited him to his kid's birthday party that's kind of cool
i love packing my folding back chair in the car that means baseball is here soccer
love come in tonight for legendary food and don't miss a pitch nationalvscardinals @ bobbaumhower
a cheese easter eggs is a thing that actually exists
collectible buzz mlb philadelphia phillies sports dangle earrings spring gift
mlb oakland a's athletics satin starter jacket medium
chris jameson airplane mode official lyric video airplanemode iphone
mlb cards san francisco giants 2016 bowman chrome vending case 4x index 1 crd team break a
aidan's playing for more than a pennant romance
mlb new oakland a's athletics boys of summer 1969 t shirt medium m hunter fingers
nowplaying sweethearts of the rodeo since i found you
mlb chicago cubs ernie banks replica statue sga july 26 2014 mlb bestseller
authentic russell athletic barry bonds san francisco giants sf jersey 48 xl mlb
2 years ago today i began writing discovered look at how much we both have grownhappy birthday simon hope yo
tickets 2 ticket minnesota twins vs baltimore orioles 76 target field minneapolis
handmade kitchen dish cloths pastels white purple pink green wash cloth cotton shabby crochet set of 3
how to make dad's awesome crock of pork recipe
tanya marie harris @ tmharrismusic treat me like your girlfriend 418 rock usa
mlb memorabilia 2007 world series game 4 full ticket psa 3 vg boston redsox colorado rockies
sunny skies forecast for our dino egg hunt on sun april 16th join us for our annual candyfree event
@ ashleyokbyee happy birthday
giveaway head over to our insta page @ magpieontherun to find out how you can win this luxury hamper cre
5 the classic cravebox 30 count variety assortment bundle of snacks gifts
blog post eat your nuts fitness health
mlb tickets 2 or 4 ticket 41917 new york yankees vs chicago white sox sect 111
fan catches a baseball 454 games in a row rt gay creepy news stupid funny fa
cards card 2017 topps heritage julio urias high 477 sp card losangeles dodgers
please rt recipes cooking delicious cook recipe chocolate covered cinnamon sugar pretzels
teen fucked deelishis pussy pics
an amazing 3 courses 2195 this easter sunday @ cheznousbistros food
vintage china cake dinner plate floral pattern gold accents 9 12 imperial imperial
happy birthday bish hope you have the best day ever amp wish i could celebrate with you miss ya tons
prepped so far desserts and canap starters main to follow culinarygenius @ jadeadderley
tix 2 front row aisle washington nationals tickets vs st louis cardinals 41217
just had a cheeky cream egg before i head to the gym cream eggs is what love about easter creamegg chocolate
check out what to cook for easter brunch and dinner
home alone tonight feat karen fairchild luke bryan
newrelease 7 if not for you zinepak if not for you zinepak joey feek artist 3 release date
two managers are making some unconventional bullpen decisions mlb
partial sectioning peeling i love them oranges thecookingcult
@ mansruinl1 easter weekend friday saturday sundaytables available from 10001512361398mansruin
trust me it tasted as good as it looks acaibowl fruit
want to be perfect train with us sportperformancetraining anysport retweet
sports 1993 bowman derekjeter 511 baseball card psa 9 l @ @ k mlb
mlb tix 2 aisle ticket cubs vs new york mets september 14 2017 wrigley field 205
today's story of the day is easter happiness moneydoesntalwaysbuyhappiness
phillies game last night phillies philly philliesvsmets
is everyone looking forward to the easter weekend send us your easter coffee snaps coffee
mlb cards manny machado rc baltimore orioles bowman's best rookie card baseball o's
@ crackerbarrel how about the symbolism of resurrecting the career of bradswife justiceforbradswife
me if you could go anywhere in the world for your 30th birthday where would you go @ aseantoofarr new zealand denmark denny's
get to see my parents this friday and its jeff's birthday
nowplaying garth brooks what's she doing now
i'm mexican but i think mexican food tends yo exaggerate yes i hate mole mexicanfood
who could forget about the amazing that comes along with summer and camping hamont poutine delicious
mlb tix new york yankees vs cincinnati reds tickets 072617 bronx ticket
mlb cards baltimore orioles 2016 bowman chrome vending 12box full case break 2 card
check out nut butters kitchen paper indian food and escaping the mundane nomnom blog
great eve @ londonbeachgolf total surprise at the amazing food @ terryttg @ salesfrienduk
nowplaying michelle wright young country
hori mother of biscuits i totally forgot abt sehun's birthday wtf i was too busy huhuhu happysehunday
please rt recipes dessert homemade marinara sauce
always you and me mike smith
twitterbakealong choice is yours as long as your bake has some association with @ kuskus1 @ robcallen
mlb indians 2016 topps heritage cleveland indians baseball card 253 michaelbrantley
birthday celebration vip flyer clubs amp parties
an amazing 3 courses 2195 this easter sunday @ cheznousbistros easter
music blake shelton do you remember music join us and submit your music
join 4 people right now at maryhill cabernet franc 6 winewoot cheers recipes cooking entertainment
nowplaying born to lose by ted daffan's texans listen on stream
mlb chicago cubs majestic authentic collection baseball dugout jacket kids youth m
check out vintage de mcnicol clarksburg w virginia floral dinner plate 10 country chic via @ ebay
things i want for my birthdayoverwatchkingdom hearts 25 and 15 for the ps4
mlb vtg 90's starter diamond collection tampa devil rays ss warm up pullover rare
happy 17th birthday to this mess who saves me from awkward youth group parties @ taylorr0411 iguessshesfunny
tribe jays fish home openers on news mosaesports sportswear
gord bamford countrymusic male vocalist singer musihothits listen
mizuno 2017 bgs free shipping link in bio @ miami florida
music tip stanford road @ ukstanford americana folk roots uk
fact are just as cleanif not cleanerthan restaurants yum eatfromatruck streetfood
evoshield protective wrist guardroyalsmall
please rt recipes cooking delicious cook recipe spaghetti squash ribs
how to dye your easter eggs with natural dyes deltaliving ad
the making of the meal kit love hearing abt the opsmanufacturing behind @ blueapron startup vc
mlb memorabilia stephen strasburg washington nationals 2012 bobblehead limited ed new in box
power rankings champs assume top spot news mosaesports sportswear
great one once again congratulations champions mlbchampions2016 chicagocubs
@ abigailedgexox happy birthdayxxx
nowplaying crash and burn thomas rhettdownload our app music hotcountry rt
birthday books that make students smile are reasons i lovemyschoolday
repost @ dustinfinn with @ repostappicecream @ serendipity3nyc strawberryfields
@ darylburns24 happy birthday
made some pesto from the sorrel in my garden that has sprung to life who's tried sorrel i love it's lemony zing
like our caramel truffles for mrs b makes caramel cream eggs hop on over artisan
crispy roasts from the grill by dar1930 source500px
this makes me feel old on this day 28 years ago ken griffey jr hit his very first mlb homer jr
nowplaying alabama mountain music
newest range of stationery sets now avail in my etsyshop beautiful pink floral design weddinghour crafthour
@ mlb @ noahsyndergaard why is different and great
grab some cinnamon buns and head to this fun event
easter is around the corner make sure to check out our dedicated page for events amp offers from gfi member
cardinals goods st louis cardinals miniature 1998 play by play shopping
nowplaying camptown ladies by kenny rogers listen on stream
im not really that good a guy besides its not like im lying romance
biggs harleydavidson this saturday april 15 see you there d harleydavidson rsb ronshumate
high valley countrymusic male vocalist singer musihothits listen
off to a movie with the birthday girl
mlb very rare washington nationals thomas jefferson bobblehead
@ slumberlanduk win competition this would be a yummy treat for us all my family love easter do you like
time for cakelast year my boyfriend got the one cake from portal for his birthday you can
this vegan chocolate orange and almond olive oil cake is always a a favorite at the dinner table
we are preparing for our kids and teens made beautiful eggs to decorate the school starttalken
mlb bobblehead bobble head mascot nodder new york yankees pin stripes 1988 cracked
armenia is a country with rich culinary traditions with every region possessing its own food tradition and history
slow fish comes to genovaitaly yummy
nba vintage original 1990s newyork knicks nba twins enterprise snapback hat cap nwt onsale discount
headed to mammothmountian this weekend it's springbreak and where's my valium
oh forget chocolate eggs you need slices of @ lambtonjackson smokedsalmon click to order
mlb vintage newyork mets mike piazza majestic jersey youth medium free usa shipping
tix phillies preferred parking pass 42617 miami marlins at phillies ticket
nowplaying that's my kind of night luke bryandownload our app music hotcountry rt
this 3yearold refused to have a birthday party unless it was poopthemed
mlb david ortiz signed jersey boston redsox jersey with coa
did anyone give up alcohol for lent we'll see you for these this weekend @ solihullhour solihullhour
nowplaying a guy walks into a bar tyler farrdownload our app music hotcountry rt
we're crowdfunding our new album find out more newmusic folk
happy birthday otoyan my precious baby boy ilysm
discover learn amp interact with wineries winemaps today's wine news and reviews wine vino winel
@ netherlanders in netherlands clearly cia gone too far
recipes reddit livebroadcasting homemade 9 hour slow smoked beef ribs with home made rub and bbq sauce
@ nvbinder happy birthday
usa today ranks the 100 most powerful people in baseball mlb
we hope you have a nice day out on easter monday handbags lena 2995
the jersey is ready for the 2017 @ bluejays seasonletsrise bluejays toronto canadasteam canada
mlb 2012 historic autographs champions harry hooper 2022 ha auto boston redsox
test your softball knowledge with gary episode 22 who won the championship in a league of their own
girl barcelona porn movie anderson sex scene
cuminpussy bbwla assfuck flexible list hardfuck latinapornmovies
sports goods brand new 47 franchise mlb baltimore orioles bird fitted cap size xl
@ rendcollective we've got an video that we'd love for you to watch amp share thanks itsallaboutjesus
cards card jake thompson philadelphia phillies 2017 topps 344 rookie card
tix 18 ticket texas rangers vs kansas city royals 42217 globe life park
please rt recipes chinese cabbage salad
offseason in review texas rangers mlb
mlb majestic mlb cleveland indians grady sizemore 24 baseball jersey men m white
who thinks @ tweetparney is ready for tonight @ gosquirrels game rva via @ rfmtoday
happy birthday to the one who used to make me happy and also the one who used to make me sad happy birthday sincerely a creepy stalker
tickets mlb new york mets vs miami marlins ticket 050617 flushing tix
who else loves this easter themed @ lindt wrap wrap advertising
please rt recipes cooking delicious cook recipe crispy shiitakes shiitake bacon house arrest
anything that comes out of kafe k is made with the finest quality ingredients organic natural
apparel 1x large mens losangeles angels 27 mike trout jersey nwt mlb
mlb mens 1x san francisco giants 8 hunter pence jersey sporting goods
such a busy moring finally home need food and a nap lol what to do first duh tiredspoonie
fun @ pleasurebeach nickelodeonland this blackpool bpb we are eggcited for this easter
west michigan white caps tickets for 41317 @ 635 pm first resident caller at 6167841636 can have them
20 off selected orlakiely bags as part of kilkenny shops easter sale sale
baby bokchoy and fullsize bokchoy produce asianfood @ global food ashburn
lisa mchughno one needs to know live onrte radio1 on the late late show next friday lisalive
@ wfpwafrica @ wfpchief @ wfp life without nothing can be accomplished africa is rich but hw do we measure o
a throwback for nationalpetday features me and barney t walker junior all suited up for
oakland a's to remove tarps from upper deck
find the full article in our website wac
brockmire on wednesday on @ ifc have you caught this macon filmed show yet georgiafilm
the latest wewochro digital exchange news thanks to @ uaeexchange
there is a with tesla dna with @ eresidents
omg shame on america for letting badhombres run the
mlb cards 1946 orig cuban reyes del deporte baseball card mort cooper st louis cardinals
mouthwatering goat cheese cheesecakerecipe recipe cook
come amp seecorner of 103rd amp book in south naperville holyweek naperville
nowplaying stephan hogan with girls love love songs newartist
cal league timely offense lead quakes to win over the 66ers strong
yankees dodgers red sox cubs top forbes' list of most valuable mlb mlb
please rt recipes dessert tropical green smoothie
@ ikyledion happy birthday to the most vibrant soul and beautiful voice i know
you have to have a lot of little boy in you to play baseball for a living roy campanella quote dodgers
mlb ty wigginton 23 baltimore orioles xl tee shirt new orange t
what makes a brand truly irresistible marketing
exciting history of baseball history
buck owen's gravesite along with family rest well buck bakersfield california buckowens grave cemetery
high and inside out bill veeck integrates @ baseballmag
spiritual love faith when you can't see what's in store passover inspiration via @ nnpwlight
38 mins left for her birthday
@ airiannaashley we getting ramen rn ramen porn
happy birthday @ 4leafchlover
hop on down to great bear golf club for our easter brunch greatbeargolfclub brunch
madbum 2016 bowman platinum ice 92 madison bumgarner giants pitcher
remember that broccoli salad your grandmother used to make well this isn't it
it's finally homeopener day woohoo lexi is ready for the game @ bluejays letsrise toronto bluejays
2 days to goexcited na ko mag birthday
mlb mlb losangeles angels 27 mike trout po retro grey jersey men l new nice
a statistical measure of the quality of a pitchers raw stuff
go get em boys @ tigers tigers detroit whosyourtiger mlb michigan
home opener @ indians letsgotribe indians tribetown cleveland ouryear
check out this 15minute afternoon gozo walk from @ gozoholidayhome click here gt
nothing could be as eggciting as volunteering at join our fab team @ bethanyct to help us illuminate the
all of our scotch creme egg halves went in one day don't worry if you missed out we'll have plenty more in for sa
mlb starter vintage losangeles dodgers jacket men's size large vtg stitched coat
how the cdc stops foodborne illness from spreading recipe dining guides eatery
nowplaying dwight yokam i sang dixie
chinese street snack deemed a hit in nyc chinesefood
@ hooliarose happy birthday julia
surreal party on elm street everyone's invited music unsigned guitar song nashville bluegrass new
dig the threads specialevent uniforms unveiled mlb
check out oakland athletics eric chavez costume card upper deck baseball oaklandathletics
mlb cards 2016 topps full boston redsox team set bogaerts betts pedroia david ortiz 36
mlb san diego padres road gray majestic mlb men's official jersey
feelgood country track that will make you think of someone special listen gt
cool paint your own from @ toyrifiktoys for your activity giveaway
jason's back in an all new episode podcast thorragnarok @ flipboard thedarktower xboxone
nowplaying drink to that all night jerrod niemanndownload our app music hotcountry rt
mlb memorabilia youth boys washington nationals embroidered baseball jersey size l
nowplaying strong will hogedownload our app music hotcountry rt
when you're in business you need to protect your share work clothing uk
happy birthday neyna @ ainafqh may allah bless u with loves eternal happiness and good songs x saya sentiasa merinduimu
happy birthday @ elissasimone have a great dayyyy
triple ice cream colored 85x11 continuous line drawing art arts
@ alkhwaledn happy birthday noufa loveyou
@ freelitorg @ ny1 i loved this fun free mystery shortread by @ madmcewen @ kingsriverlife
brunch and easter go together like eggs and toast try these brunch spots
mlb kansas city royals shirt tshirt lot boys youth medium 1012 george brett top
mlb red sox activate pomeranz for season debut drew pomeranz bos
@ hoopersbrews @ chokablokuk @ niceguysmovieuk rtampf i'd love to win this prize @ tweetjoanneb @ roisinmcguckin
mlb cards david dahl 17 card lot rookie and prospect cards colorado rockies card
daily doseofjohnnyc at destinchamber talking nwfraidernation raidersyouknow softball amp and
mlb progressive field home of the cleveland indians sporting goods
mlb chase utley philadelphia phillies youth jersey sales discount
nowplaying caroline jones with tough guys newartist
2017 @ rawlilngssports pro label game day wood bats available nowclick here to see the full lineup
mlb rockies 2013 topps heritage baseball chrome card of carlos gonzalez 693999
check out how to lose weight by never dieting ever again nomnom blog
the latest the sharlenethomas daily ad
@ wusehukn @ globalerpe ding dong this is for you happy birthday happysehunday
firecracker shrimp 60 second recipevideo chinese
healthy 4 all crockpotbakedpotatoes
@ alexcdouglas happy birthday @ alexcdouglas
mlb 1x large mens la angels 27 mike trout jersey nwt
excited for the start of season and catching many home @ gosquirrels games in the rva
how to make a sushi bowl vegan recipes healthy cooking animalrights
boots beers and trucks now on vmr radio music
ticket tix 2chicago cubs vs milwaukee brewers tickets 041917 wed @ wrigley field
buy a 6 basket fill it up amp get 25 off instore amp online order w overnight shipping to get it by
nowplaying bellamy brothers lovers live longer
what to consider when deciding what to spend on @ summertomato nutrition
justinverlander 30 th anniversary 19872017 1987 topps 2017 topps pitcher
nba vintage newyork knicks stephon marbury basketball jersey men's xl reebok onsale discount
mlb mlb philadelphia phillies baseball sports dangle earrings spring baseball gift
yet another beautiful day for baseball newbalance
omg did i miss @ fangirljeanne's birthday happy birthday girl
new majestic mlb san francisco giants orange blank jersey style tshirt mens xl mlb
authentic russell athletic barry bonds san francisco giants sf jersey 44 l creme mlb
mlb tickets new york yankees vs cincinnati reds ticket 072617 bronx tix
ep108 bestof the podcast features artist @ iamjordanaaron vancouver music podernfamily
l l mlb cards milwaukee brewers 12 case 5box live break 2015 topps supreme bonus card
that'll work if you snag one during national foul ball week may 1621 make sure to rt it for chance to win a gif
@ heyorca christina here i'll be enjoying sedona amp grand canyon this orcachat
here are three great recipes perfect for easter salads salads
united distributors names pete moraitakis president vino winelover winetasting winelovers terroir vin
nowplaying on dustin lynch titre hell of a night rock nancy heartcountry
30 tasty ways to cut calories
mlb collectibles vintage 1978 711 plastic cup texas rangers mike hargrove slurpee
please rt recipes cooking delicious cook recipe chipotle garlic cheddar mini beer loaves
mlb memorabilia boston redsox set 0f 3 official yearbooks 2004 2007 2013 world series
mlb nike team mlb newyork yankees derek jeter 2 throwback baseball jersey mens xl
nowplaying on corey nolen titre following the song rock nancy heartcountry
mlb mitchell amp ness chicago whitesox team colors home stretch henley shirt
a little off target but new velocity high 73mph this is after a pitcher's med ball workout atta boy ben
sport louisville slugger select 715 8 baseball bat 32in24oz
these chocolate flavoured spoons are an interesting take on an treat yum freshstrawberry events
omg perfectly disgraceful to this man and
@ playoverwatch thanks blizzard for my birthday present
i'm not looking forward to my birthday i wanna stay 18 forever
mlb cards oakland a's athletics 400 card lot 1982later 11 autographs marck mcgwire
looking for some ideas for the rest of the holidays take a look at our guide for some 'eggcellent' ideas
please continue going here daily and listening to play all songs thank you so much @ summerfranklin
happy birthday sehun happysehunday
cards chihwei hu 2016 bowman draft tampa bay rays 1 jumbo case player break
mlb colorado rockies sga elmer fudd ear flaps hat snapback new and never worn
take notes you're gonna want this recipe this week cucina cook cooking pasta freshpasta
madbum 2017 gypsy queen glassworks chrome box topper madison bumgarner 128150 giants
please rt recipes dessert fudgy white chocolate brownies
@ rogerfhaddad join our fb group 1800goodfood
roasted chestnuts in april chestnut chestnuts roastedchestnuts springtime
mlb tix 2 boston red sox vs tampa bay rays 4162017 easter sunday 135pm grandstand 30
mlb cards 19701980 lot of milwaukee brewers topps baseball cards 57 cards
cost analysis chat cam adult
easter sunday menu at the duke of buckingham call 02392294491 southsea pub sunday lunch eggs
@ ljasurveyors join our fb group 1800goodfood
adorable chickie amp bunny baskets are ready to fill with candies and books get 'em today
happy birthday @ raquelr77135239
girls sex lesbien sex tips
boston an egg may last a day but a book may last a lifetime love angus amp doc
cards card 1971 topps card 166 joe hoerner philadelphia phillies ex
please rt recipes dessert sooji potato pancakes recipes finger food recipes for babies
@ edwardvolturi on periscope welcome to a simple hilbillymeals burgers cook teach
phillies' slugger hits home run for disabled child rt cool ryan awesome run k
it's sehun's birthday and all those nasty ones are ruining it
i hickory smoked some pork today cheers to tecate for the motivation homemade recipes
diy basket for kids using recycled items so pretty kidscrafts
happy birthday jules see ya soon @ julianna1221
check out get a fresh start by signing the heart foundation petition nomnom blog
can't wait to see this amazing 70 cm chocolate egg in tso restaurant on this special occasion
mlb collectibles vintage 1970's plastic 4 team logo cup texas rangers comet star f
stevie wonder happy birthday surprise in london stevie wonder surprised at his london concert
heading to the game tonight enter our 99th pitch contest for a chance to win 99k more
is for the leisurely afternoons of summer and for the unchanging dreams
sport louisville slugger vapor bbcor baseball bat 3330 bbva153 new in wrapper
nowplaying chillin' it cole swindelldownload our app music hotcountry rt
please rt recipes cooking delicious cook recipe photo essay cook n scribble los angeles
happy birthday to my absolute fave miss you lots @ robc11
please rt recipes dessert messy mondays how to get your kids to eat meat
please rt recipes cooking delicious cook recipe mocha oatmeal
@ wavyemma happy birthday you queen i hope you have a wonderful day
@ uranometrlas wha tht efkcu today is your bday ohmy god happy birthday nerd aaahhh have a lot of fun today
helping out for at the kamloopsfoodbank with stan bailey and angie heinze rickchapman
chocolate has some amazing scientifically proven benefits nutrition
this saturday 415 we're having a free egghunt at the family sports dome in centennial more info at
our annual easter egg hunt is this sunday 25pm see below come 'n join us for a super fun day rosscarbery
mlb cards 1971 topps baseball card 108 john cumberland san francisco giants ex card
ready for easter can't decide which is my favorite crochet crochettoys bunny duck elephant
wil myers joins padres history books with cycle monday mlb nlwest
happy birthday dick head love you loads hope you've had a sick day @ amberwooding
alright it was @ sahilbabu106 who implemented this i just bundled it recipe blogs
we are open as usual over easter weekend so come along and join in with our eggciting easter activities
apparel mike trout majestic losangeles angels of anaheim tank top mlb mlb
nowplaying fire autumn hilldownload our app music hotcountry rt
teen fucked drunk mygf nude
happy birthday to the man keep ballin out this year and get yourself a ring @ josiahsoto11
just about everyone agrees games are too long for the modern audience false @ npratc
join us after sunrise service for easter breakfastholyweek churchtime churchflow churchfam churchl
please rt recipes mini chocolate mampm cookies
happy birthday to the man has himself @ duftonjohn hope you've had a belter day
ask anything and expect everything mlb podcast
hot from the oven hotcrossbuns because it wouldn't be without them baking holidays spring
so happy this morning big shout out to radio who already add rich man poor man your support is amazing
@ heatherfro depends on your definition of there's a lot of nominal stations but few play anything but pop music
this is a post with post type link fun
mlb cards 1999 topps tek a amp b set pick your team card deals
go knights we are ready holycross knights weareknights
cream cheese frosting recipe foodie dessert
golden streets of glory dolly parton
mlb cards cleveland indians 2016 bowman draft jumbo 4box 12 case break indians card
happy birthday babes i'm so so lucky to have you in my life thanks for all the memories and looking forward to al
mlb san francisco giants promo 3 peat tshirt size xl sporting goods
traveltuesday planned your trip to liverpool this some of the top spots on the sightseeing
nowplaying home on christmas day by cyndi lauper listen on stream
@ jasonklemm6 @ ncsa @ jasonklemm6 meet your headrecruitingcoach @ coachdowncsa best of luck amp congratulations
collectible buzz rare 1958 san francisco giants 1st year pocket schedule ruben gomez
fan apparel chicago whitesox tshirt size xl mlb american league souvenirs
@ jerzeyguy78 ps4 today that's a promise happy birthday by the way
mlb new era nwt philadelphia phillies youth 39thirty cap hat fitted stretchfit sales discount
i believe @ mlb allstar voting starts next week it seems to get earlier each season
easter book have you ever wondered what happened in heaven on good friday free greatreads god
pom pom egg painting craft for kids crafts and worksheets for preschooltoddler and kinderg
peaks my interest but beer pairs with everything so craftbeer beer chocolate
we've made it safely over the border to macedonia amp to number 12 the journey goes on
mlb cards hof plaque postcard signed jim palmer baltimore orioles card
@ kingxpanna happy birthday rahman stay blessed
losangeles dodgers stadium personalized print mlb pls retweet
nowplaying nitty gritty dirt band stand a little rain
@ athomemag oooh that's an egg'stremely egg'cellent hamper win
truly it's better if i don't dancedollyparton keithurban nashville songwriter taylorswift newmusic
america has the most embarrassing horrible reputation and these trump people and companies and making our
come ride the train and enjoy easter eggstravaganza activities too we open @ 10 am today activities
mlb mickey mantle mitchell amp ness 1951 newyork yankees jersey size 54xxl nwt rare
cards texas rangers 2016 bowman draft jumbo 4box 12 case break card auction
mlb newyork mets heavy gauge car and truck 3d magnet jacob degrom matt harvey
incredible performance by @ deltarae at @ us995 studio today @ bigmachine they're going to be big thanks for everyth
easy easter crafts washcloth bunny deltaliving ad
nowplaying do you wish it was me jason aldeandownload our app music hotcountry rt
watching this just made my day the struggle @ gearsofwar chocolatelancer
mlb boston redsox hat nwttwins enterprise
nowplaying the great escape by ilse delange listen on stream
please rt recipes cooking delicious cook recipe celery soup with lemon and basil
@ leighanippardd happy birthday babyyy
in love with the super cute @ pumpstbakery chocolate chickens for
nowplaying patty loveless i try to think about elvis
masses interrupted pastors arrested allegations of forced conversions plight of indias christians
tix tickets 2 or 4 ticket 41717 new york yankees vs chicago white sox sect 129
we are open for business over goodfriday from 11am to 9pm saturday from 10am to 9pm easter sunday and monday from 11am to 7pm
mlb tix chicago cubs ticket for 080417 vs washington nationals tickets
our spring sugar cookies perfect for easter baskets icedsugarcookies shoplocal prairieville srsweets
get free shipping on all bat and glove orders over 199shop now
10 of the best restaurants in lyon chosen by the experts
nowplaying one piece at a time johnny cashdownload our app music hotcountry rt
espn sportscenter's not top ten 041516
search teen beach birthday party
we've got two workshops waiting for you after the holidays natural hair care amp intro to gardening book no
collectibles lot of 26 vintage autographs 1 photo 1977 chicago whitesox al kaline
spangler ashley an exploration statistics
holiday ideas for budding actors book the @ brewhouselive @ actiontrack showbuild 13 apr 9am4pm 25 ages 7 taunton halfterm
douglas county programs enter home stretch lithiasprings newmanchester alexander chapelhill
collectible buzz nwt mlb san francisco giants authentic majestic jersey men xl sewn 115
@ itsbrittnicole we've got an video that we'd love for you to watch amp share thanks itsallaboutjesus
nowplaying true love ways by tommy cash listen on stream
20170411 a samsung lions store in shinsegae dept store daegu korea whereisdaegu
girls fuck petite girls fuck
@ imnotscottysire can you just be nice and give me a break my birthday is on thursday plz
mlb tickets 14 miami marlins @ pittsburgh pirates ticket 61117 sec 130 row h pnc park
women naked cam girls xxx
mlb tampa bay rays kevin kiermaier gold glove back to back bobblehead
gifts for easter with a difference via @ tobyandroo kidstoys kidsgifts pocketmoney kidsfun subbox
edwards went 6 and 23rds loccisano closed it out
easter is just round the corner and if youre looking for a new dress weve got deals for you savings
stock up on personalized presents just in time for shop kids gifts now to save big during bogo 75 off
music tip ducky medlock @ duckymedlockep lamppost usa
mlb cards ryan zimmerman washington nationals 2016 topps baseball card 45
nowplaying travis tritt country club
happy birthday chongaa hope you have a good one @ giljulie
tix chicago cubs tickets for 080417 vs washington nationals mlb ticket
nba 47 brand newyork knicks adjustable strapback onsale discount
what's on your menu tonightmenu dinner rosemary whitelivinginspiration whiteliving greatthingswillbeserved
i don't eat fast but i can't live without pizzarepostrestaurant pizza livelovefood
saw this new real looking duck eggs from @ toyrifiktoys great 4 egghunt giveaway
best homemade carrot cake better than your grandmother's easter recipes
mlb kansas city royals slugger mascot bank new
these mini oreo cheesecakes make a perfect dessert for any time of year recipes cooking
tim hicks slide over audio only via @ youtube to more rock'n
mlb newyork mets opened starting lineps lot of 12 figures lot 1
@ 31dover oh wow yes please rt thanks 31dover win
cards card 1961 topps robin roberts philadelphia phillies 20 card
collectible buzz philadelphia phillies greg luzinski tshirt cooperstown collection sz s
nowplaying tim mcgraw last dollar fly away
please rt recipes dessert ginger kuzhambu recipe inji kuzhambu recipe without coconut
read my new blog about bananabread and please tell me how to not burn them help baking
nowplaying trace adkins this aint no thinking thing
@ duvalay @ cadburyuk 12daysofeaster eggcellent hope the easter bunny hops over my way this win
@ kmoody1909 omg i'm sry a day late but happy belated birthday gf hope it was a good one
welcome @ jasonklemm6 to @ ncsa '19 5'11 155lbs ncsaathlete check out his profile
l mlb cards 2013 fathead tradeables baseball 7 ryan braun milwaukee brewers mlb card
freeshipping on 100 food products order @ grocerydealsno1 for tuesday meals recipe coupon code
nowplaying trent harmon trent harmondownload our app music hotcountry rt
historic moment no matter who you root for
mlb cards heath quinn 2016 bowman draft san francisco giants 1 jumbo case player break
please rt recipes cooking delicious cook recipe easy condiments 2 from foodnetwork
please rt recipes cooking delicious cook recipe meal in a dish comforting chili macaroni
baseball pitching analysis force vector during pitch @ movementf1rst mlb pitching pitchinganalysis
@ united can't afford customerservice blunders right now called to ask abt club access for a birthday trip and dropped my call
hint what clothing item you wear the most in warmer weather egghunt jeans menswear win giveaway
view mlb debuts 2017 special event uniforms allstar featured majorleaguebaseball
cards card 1972 topps steve garvey 686 losangeles dodgers baseball card psa 8 nmmt
@ lenahtroy beautiful happy birthday
mlb vintage design 47 brand mlb boston redsox baseball zip up sweatshirt mens s
ass cumontits livesex dresing8085http
opening day 2017 go tribe cle clevelandindians progressivefield homeopener @
img academy starter tyler ahearn img hsbaseball
looking for something to do this easter why not check out this article from @ journalupdate for inspiration
now champs cubs just as hungry
happy birthday to my favourite sister @ icecreamlola boom
ain't like football you can't make up no trick plays
@ nashgrier yesterday was my birthday and all i wanted was a tweet from you
mlb cards 2017 honus bonus fantasy pick from list 1250 card deals
mlb rockies 2013 topps gypsy queen carlos gonzalez rockies in person autograph with coa
mlb vintage 1947 cincinnati reds crosley field official score card deals
cards 1961 topps 371 bill skowron newyork yankees card mlb card
@ realdonaldtrump how shameful that you wouldn't attend the event at the @ whitehouse or an egg event more golf on the taxpayers
i'm a workaholic i'm working on my birthday
yankees jersey 90s new york yankees jersey cotton medium flannel throwback pro player shirt
nowplaying the fighter keith urbandownload our app music hotcountry rt
fan apparel new fanatics southpaw chicago whitesox reverseapal plush toy
baseball football sports cards invest in fun collecting
so much color this time of year winnipeg shoplocal flowers
brett young brett young
tix 16 tickets miami marlins vs arizona diamondbacks 63 marlins ballpark
@ kirstiealley hope your going out is part of a terrific happy birthday
resurrectionseries starts easter sunday 416 join us @ 730 900 amp 1030am services demandsaresponse
we made hot cross balls for easter head over to our facebook to find out how
come and enter our easter egg hunt competition can you spot the eggs powerflow dorset wiltshire
edible chopsticks are such a fantastic idea how about edible forks next questions vancityeats
beautiful love song dear companion by john rankin breaking music record bluegrass guitar nashville
mlb cards colorado rockies 2016 bowman chrome jumbo vending full case 12x team break 9
nowplaying johnny cash one piece at a time
the latest toys r tweeters too thanks to @ kritterkondo
links to new york yankees websites newyork yankees mlb websites
please rt recipes dessert fig clafoutis low gi
fine art prints and originals perfect for any or indeed drinkie art
alex ekubo clocked 31 yesterday and his girlfriend american model fancy acholonu was around to celebrate his
grand ole opry tonight very excited to see @ keithurban and @ homefreeguys myspringofsketching
what plantswhat pollinator flowering crab with honey bee going mad pollen organic for insects
the latest the tina daily thanks to @ tomatom @ mycaribbeanfood @ kristenashley68 recipe
@ crisisbryant happy birthday
happy birthday @ mmirihai
good friday is only 3 days away who will you invite lifecentre hoperises myottawa igersottawa
tuesday night pitching info for mlb dfs draftkings fanduel fantasybaseball giants diamondbacks
lmfaooooooooo what a fucking joke usa is cause for concern if your anyother syria iraq nr korea
nowplaying free light of the day by neal casal listen on stream
attention all detroit tigers fans their game today is a great time to take your partner out to a ball game game
it's not too late to decorate for easter with these 10 minute diy decor ideas celebrate hickselite
hop in to the garden room and stock up for easter enjoy 25 off all bunnies
mlb mens vtg 80s mlb baltimore orioles logo 7 baseball mesh tshirt jersey small
please rt recipes cooking delicious cook recipe 50 deliciously healthy lowcarb and
old montana homestead or just an old shackwinifred montanamontana rural abandoned building
don't diet dull stick with us hairydieters and eat good food not rabbit food dietdelicious recipes
mlb indians 2015 finest cleveland indians baseball card 33 michaelbrantley
mlb cards 1964 topps baseball original color negative dave morehead redsox card
mr misunderstood eric church
which oil is the best choice for today's trends via @ fooddive
homeopener cleveland indians rolltribe tribeopener tribe windians is it game time yet
apparel majestic losangeles angels anaheim therma base full zip red jacket 2xl hoodie
happy birthday @ marissahuerta2 hope you have a great day imy and ily
19 things picky eaters can't get away with buzzfood
birthday wishes girl project for after effects
news groupboard german chocolate cheesecake
nice to see david coming back for more livemusic openmic acoustic guitar vocals
@ aexweis34 happy birthday alex
60 easy easter crafts decor crafts diy
collectibles buzz vintage 1994 colorado rockies fridge magnet rubber mlb white purple
@ worldoffaz join our fb group 1800goodfood
mlb losangeles dodgers backpack sga new in plastic
someone is eyeing my lunchdog bestfriend lunch healthyliving fitness fitspo
join the delaware north team see our latest job opening here hospitality boston ma veterans hiring
cards 1964 topps newyork yankees lot 6 cards 164206259281299344
in the 1830s the british astronomer john herschel used a solar collector box to cook during an expedition to africa
the latest the food daily thanks to @ johnsduke @ ghbusinessonli1 @ sherrygo health
stop by the @ santabarbaracc west campus lawn tomorrow 915 2pm drinks info fun sbccstudyabroad
busy on join the giant egg hunt in common wood tylers green 18 april
enter to win foodie travel gift certificates here giveaway travel
angels cards 2011 topps update series us175 mike trout losangeles angels rc card
nowplaying route 66 by blues road listen on stream
miguel sanos little adjustment could mean big things sports
bowl over the bunny amp win eggs this easter break at @ amfhollywood bury
have friendsfamily you want to invite to service but don't know how try one of these beautiful free ecar
here are some reasons for you to prefer organic foodorganic tigernuts enviroment health
tix 4 tickets chicago whitesox royals 92417 guaranteed rate field
are you interested in urbanfarming gt fruits vegetables
looking at the forecast like lindsaycountry105 snowbunnies
dora friends 3 piece toddler bedding set with bonus matching pillow case bedroom sets
mlb cards milwaukee brewers 2box 2016 topps amp bowman chrome index card case break live
bill's blackboard defensive runs saved brian kenny amp bill ripken debate drs on mlb tonight
want real comfort try our version of pancakes when grandma whips up some makshoosh life is good
these people are often called as and you can find them anywhere but with their favorite meal
happy birthday kuya charlie @ charliemagnet
yo could you look at my new song divorce indiemusic
girl squirt video sex adventures of the three musketeers
nowplaying chuck wicks with whole damn thing radio edit newartist
mlb st louis cardinals majestic therma base hoodie m grey sweatshirt authentic s l
sweetest lady ever so nice to visit aunt peggy ontheroadagain southhaven
@ ianbell happy birthday belly just reaching your peak i hope pal
a bit more fundraising for the team twirly girlies @ stopdancer strictlytopdancer charity chocolate
a truly inspiring easter ecard blessings
happy birthday cutie you never fail to make me laugh love u sososo much @ evatiger11
team outing today to the @ ridersbaseball game springtime workflow
mlb tix 4 tickets texas rangers vs boston redsox 7417 globe life park ticket
news groupboard banana split cupcakes are a delicious treat to make for a birthday party or any specia
mlb philadelphia phillies mitchell amp ness jacket men's medium cooperstown collection
mlb philadelphia phillies majestic vneck retro 80s jersey m mlb baseball womens 6072
the latest napa valley winery daily thanks to @ melkawines culinarycation
@ quinoquenga happy birthday
new online retailer handpicked rolls out singaporemade artisanal noodles the peak
cardinals goods st louis cardinals red deluxe laser cut mirrored license plate tag
please rt recipes cooking delicious cook recipe glutenfree baking demo and talk at mcclearly
rutin sources health benefits amp side effects
pure amp simple dolly parton
mlb indians vintage 1970's plastic 4 team logo cup cleveland indians comet star f
nowplaying reba mcentire it's your call
sanfrancisco an egg may last a day but a book may last a lifetime woof angus pangus amp doctor spotson
can you recommend anyone for this job in farmington ny hospitality veterans
check out what are the important food questions you should ask yourself part 1 nomnom blog
rock love music and evemcking picture by the amazing @ eppelfotografie
fun times in texas with sweet amandajo1 filmscout cowgirl @ comal texas
sunny midweek motivation bushypark royalparks london lake @ bushy park
mlb nationals 2010 bowman chrome rookie autographs blue refractor 205 stephen strasburg auto
now champs cubs just as hungry mlb
this is for people who ain't from the country like me and me ol famalam norfolk farmersgirl
no filter needed for these scones yummyfood yummy delicious scones
folkcountry waylon jennings
what is fasting fasting is denial of what you have right to fasting therefore is more than and water you can fast anything
mlb cards 1983 mlb slidetransparency team set 10 kansas city royals george brett aikens
mlb ichiro suzuki cards lot of 20 including rookie card marlins
a glam easter table and chance to win a 100 @ lindtcanada prize i'm in lindtgoldbunny chocolate lindt
it also pulls metals out of the body health medicinal
feeling a bit down after work so i created this to cheer myself up letsrise bluejays openingday
please rt recipes cooking delicious cook recipe potato tapenade and egg millefeuilles
the cottage birthday weekend is gunna be full of beer bongs and word slurrin'
nowplaying john schneider what's a memory like you
mlb cleveland indians xl sweatshirt sporting goods
@ shanticedj happy birthday
hector hare cheeky easter egg bonus gift illustration present hare design rapidograph
top mlb dfs building blocks for tuesday mlb
kipnis chisenhall nearing return to lineup
always open for you openinghours online marketplace twinsandmultiples buy
oh sweat how i have missed you multitasking highheat listeningtothekillers
mlb yankees 1998 fleer sports illustrated world series fever derek jeter card 65
is urban farming a waste of time sustainabilitygt
giants' posey 'doing good' after struck in head by pitch
ticket tix 2 aisle tickets chicago cubs vs la dodgers april 13 2017 wrigley field 205
@ dubrovniktimes join our fb group 1800goodfood
spending time at postinnvillage today enjoying the annual egg hunt
is really hard to be on diet when you deal with pizza like this markchmielarz pizza chef kitchen
@ bradlovatt19 i have those all the time good for you yeah next friday it's my birthday you
if i was any i would ignore @ realdonaldtrump tweets usa does not conduct biz through twitter only
nowplaying dwight yoakam fast as you
our sterling cross earrings make a sweet easter gift just 22 barse jewelry cross earrings sale
free spins for easter spins
please rt recipes pumpkin cheesecake snickerdoodles
mlb cards 1954 topps baseball card 116 steve bilko st louis cardinals authentic
@ juliab123 happy birthday hope its a good one
san francisco giants jersey with rare cursive design xl mlb
asked which i came from again earlier today 'i was born here' killed the exotic location comparisons conversation
apparel souvenirs pete rose 14 cincinnati reds stitch po gray jersey men l tags new
brown sugar glazed ham don't sweat the recipe easter approaches be ready
please rt recipes cooking delicious cook recipe international butternut squash noodles
it was a beautiful weekend to wish rocky amp the @ wilmbluerocks a happy 25th bday visitwilm travelwithkids
nieces easter bonnet all finished now for the matching poncho abeautifulabode craft
please rt recipes garlic fried rice and degustabox
come spend with @ islandraptors april 1417th egg hunt amp special events wildlife
mlb cards 1963 topps card 217 joe christopher newyork mets ungraded card
the @ bluejays boys are back in town first home game of the season no tix but will be watching tonight spring bluejays
mlb danbury mint 2013 new york yankees helicopter ornament sports buzz
mlb mlb vintage san diego padres jersey size men's l48 euc
history of baseball card trading cardtrading
this just doesn't surprise me d ts white house cant even organize the egg roll
hello foodies in cotswolds @ petersyard @ stinkingbishop @ cotswoldbutter @ dmordoree perfect end to an meal
flatland pt 2 wrightsville bridge lancaster pa lancaster pa lancastercity
please rt recipes cooking delicious cook recipe the secret to working with tricky phyllo kitchen
happy birthday pretty @ madisonkneu
mlb vintage boston redsox painters hat
nowplaying adam craig with just a phase newartist
braves place matt kemp on 10day dl promote johan camargo news mosaesports sportswear
is a poetic complex and subtle play of courage fear good luck mistakes patience about fate and sober selfesteem
yesterday fly date thank you @ americanair for all your hospitality proudly wearing @ affliction @ harleydavidson
cards card 1993 pinnacle mike piazza losangeles dodgers 252 baseball rookie card
sunset photography quality prints and cards available at
i'm a proagriculture progressive pruitt's policies undermine my faith in our food slate magazine
season is here are u prepared @ barefoot79 shares her simple trick 30seconds parenting sports kids
fantastic vinyl sale from @ musiconvinyl
felix trout duel in epic 14pitch atbat compete hardworkpaysoff
mlb men's san francisco giants black jersey button front size large
@ besterzz happy birthday x
anybody say quesadilla come enjoy some fine food @ slcbrowns quesadilla salad protein quality
mlb tix 2 aisle tickets cubs vs philadelphia phillies may 1 2017 wrigley field 205
@ cvtorbole join our fb group 1800goodfood
gather the whole family including pets for an weekend celebration by the sea at @ outletssc
sporting goods new starter colorado rockies nylon dugout jacket coat sz m
mommy niri chicken parm recipe video pic cook
mlb memorabilia bryce harper hand painted 8 x 10 washington nationals
mlb newyork yankees baby sippy cups 2 pack 5 oz spill proof cup bpa free
i ate lionfish sauteed peppers and fruit salsa recipes cooking delicious
@ emergenzavvf @ monumentsmenfnd @ monumentsmen @ unesco earthquakeitaly fireman at work 4 masterpiece shoring
a definitive power ranking of the best candies on earth
happy birthday beaut @ lucywebbb
want to wish my brother mike gates a happy 62nd birthday today and a day late on national sibling day happy bday
part two of preparations colouringeggs naturaldye redonion @ dublin ireland
steve holy countrymusic male vocalist singer musihothits listen
the dodgers and cubs continue their series on wednesday night gtgt
please rt recipes dessert tomato sauce with butter amp onion
today sheldonhirsch book hot hands draft hype amp dimaggios streak @ suz8 sex secrets amp
back when love was simple bradpaisley musicproducer composer bluegrass romance keithurban newmusic
nowplaying my kinda party jason aldeandownload our app music hotcountry rt
mlb indians 2016 panini diamond kings baseball base set cards pick from card 's 1185
my absolute favorite salad dressing is homemade blue cheese pair it with a pear and some pecans and oh my
home opener win a pair of jays tickets food and drink happening ballpark menu bluejays win beer wingspecials @ tsnsports
6 veggie steak recipes that will make you rethink dinner on the grill parents
nowplaying on canaan smith titre love you like that rock nancy heartcountry
sports goods majestic mlb washington nationals therma base jacket sz 4x blue
the latest free solutions thanks to @ marshallulib @ thimbleandtwig @ mirrortravel cheap
mlb pete rose cincinnati reds 1969 gray flannel buttonup jersey 100th anniversary
i wonder when my geckos birthday is
ginger mexico anal stockholm twins bigass
ardsley hangs on for the w to improve to 3 1
chilling with andywhat tedstoner andywhat stoner comingsoon munchies deliciousfood
mlb tix 2 front row aisle washington nationals ticket vs st louis cardinals 41217
@ mikepetriello can't you use @ mlb @ mlbatbat app keep it low or have a ear piece in i've done it mlb
mlb cards oakland athletics jose canseco 1988 art card
happy birthday little girl love you @ maddsjohnston
today on bbre w @ realcolebair 433p @ jimcallismlb talks cubsfreezone wintwins @ kxel1540
nowplaying little texas first time for everything
@ wattananuk @ danielleftv not real wrong birthday is a fake
want to try a different take on eggs this year check out this tuesdiy with @ poweredbygirls diy
v baseball is at @ bostontrinity for a 330 game perfect day for a ball game gogatorsbms @ brimmerandmay
chris young countrymusic male vocalist singer musihothits listen
new song off the grid songwriter nashville musicpublishing musicproducer unsigned garthbrooks
had one of these years ago for easter d love kinder @ linastores giantkinderegg
3yo can't read a calendar amp i'm not sure stuff will arrive in time may be a tuesday in may at our house momwin
is it more gimmicky than creative maybe but i toast the effort beer
@ smentexo sending happy birthday wishes from armys to our amazing sehun
how to take gorgeous food photos for fashion and lifestyle bloggers
tip dont open the oven to look at the inside peep through the window to prevent hot air escaping
mlb brewers 2017 honus bonus fantasy milestone one of one pick from list
giants sanfrancisco graffiti bus mission orange tag @ mission district san
mlb yankees derek jeter signed mlb with steiner coa
everyone has limits you just have to learn what your own limits are amp deal with them accordingly nolan ryan mlb rangers
join us at bury lodge in beaconsfield on friday 14th april from 230pm for the home's annual hunt
gn and happy birthday you
mlb cards 1973 topps charley fox san francisco giants 252 nrmt card
nowplaying rodney crowell lovin' all night
i've been looking forward to this food at @ bundobustmcr for far too long indian manchester veggie
please rt recipes dessert beef biryani recipe beef dum biryani recipe
nude miss ca naked pics
collectible buzz majestic therma base philadelphia phillies pullover boys medium 1012
wil myers joins padres history books with cycle monday san diego padres mlb
nowplaying garth brooks unanswered prayers
mlb redsox dave boo ferris signed baseball
the girls' disney amp lego easter baskets
@ kfc when can i get some original recipe tenders chicken ideas damn fast good restaurants
statcast spotlight 5 players to watch mlb
mlb nwt men's san diego padres road to the show tshirt minor league system size xxl
@ luvevelynclaire happy birthday you are a wonderful person who i love so much and that has a huge heart i wish you all the best
mlb cards bryce harper 2015 topps update sabermetrics variation washington nationals
diy recycle a golf ball into an easter bunny tuesdaythoughts diy recycling
way to go @ dallassmith music fanforlife
great night at the fc takeover of frankie amp benny's @ hullfcofficial hullandproud coyh
please rt recipes dessert yule log cake recipe buche de noel recipe
easter eggs easter bunnies and easter trophies are perfect gifts you can give out to someone this
frankie belarge knocks in a big insurance run in bottom of 6th ardsley 4 keio 0
this wins all of the ridiculous birthday gifts kpop idols got from their fans
some cute easter bunnies at our last classes of term attleborough toddlers babysigning norfolk
@ h2hayrshire concerning for local olderpeople in need of help getting to eat thanks for your kind support
cards newyork yankees 2016 bowman's best full case 8x team break mlb card
came to town on a harley he calls one eye jackbrought it down from100cross the rr trackcover me
easter egg huntsaturday april 15th 2017 1100am blackhawk parkeaster bunny will be there with a petting zoo
sporting goods nike team mlb newyork yankees derek jeter 2 throwback jersey mens xl
a2 playing a game of kickball after dinner is a fun family tradition we all look forward to sweettalk
mlb detroittigers new detroit tigers baseball cap tigres deals
my new @ forbes piece is a reminder to urbanites that some people like the ruralite
nowplaying the mavericks oh what a thrill
the latest the leandra bateman daily thanks to @ rbuckner @ mgctwest @ 87retweet ad
cards card 1966 topps 170 cookie rojas psa 8 philadelphia phillies card topseller auction
stop by the blog to see how to make confetti eggs for easter traditions
check out why being a fitness entrepreneur makes sense nomnom blog
when you cruise with your friend windows down music blaring arm out the window spring smells in the air feelin' alive
see the passionate way kokozaria kissed first wife in her birthday photos
mlb san diego padres puzzle enjoy coca cola butterfly clutch pin badge button
mlb authentic milwaukee brewers cool base home white jersey 44 deals bargains
how to make ground beef lumpia photo image cook
or city i can help you with the correct attire suits shirts jackets
original autograph johnny bench autographed vintage nl l coleman cincinnati reds
ramathuba our pharmacists are there they are ready to work even our kitchen officials to ensure our patients eat healthy meals
the latest the northern concrete daily thanks to @ leaguewimunis smm
someone created a wikipedia article about chris o'grady baseball help expand it
mlb cards josh hader 2016 bowman draft milwaukee brewers 1 jumbo case player break
download these songs and come rejoice with us on morningpotential church8am etperiscope @ drmchitwood
current office debate coming to work on your birthday or nah what are you turning 5
