goodwillyum you are the shit my friend the idea of team fitted gear is def my fav
ask anything and expect everything mlb podcast
tix 2 front row aisle washington nationals tickets vs st louis cardinals 41217
mlb redsox dave boo ferris signed baseball
mlb tix 2 front row aisle washington nationals ticket vs st louis cardinals 41217
tix 4 tickets chicago whitesox royals 92417 guaranteed rate field
mlb chase utley philadelphia phillies youth jersey sales discount
mlb indians vintage 1970's plastic 4 team logo cup cleveland indians comet star f
mlb yankees bernie williams paul o'neill derek jeter triple signed bat mlb ny yanks
mlb vintage 1970's plastic baseball 4 team logo cup cleveland indians comet star f
go knights we are ready holycross knights weareknights
mlb tix tickets baltimore orioles vs boston redsox sunday 423 ticket
mlb major league baseball boston redsox color patch apparel
mlb authentic majestic losangeles angels anaheim 22 home jersey mens 48 xl
apparel majestic losangeles angels anaheim therma base full zip red jacket 2xl hoodie
mlb indians 2016 immaculate michaelbrantley purple insert 25 cleveland indians
mlb indians 2015 finest cleveland indians baseball card 33 michaelbrantley
check out oakland athletics eric chavez costume card upper deck baseball oaklandathletics
usa today ranks the 100 most powerful people in baseball mlb
usa today ranks the 100 most powerful people in baseball mlb
the list stadiums with the most home games
mlb collectibles vintage 1970's plastic 4 team logo cup texas rangers comet star f
memorabilia dutch ulrich 1927 philadelphia phillies 4x6 colorized print sporting onsale
mlb tickets new york yankees vs cincinnati reds ticket 072617 bronx tix
tickets mlb new york mets vs miami marlins ticket 050617 flushing tix
tix tickets 2 or 4 ticket 41717 new york yankees vs chicago white sox sect 129
mlb 2016 hallmark mlb boston redsox christmas ornament collectibles
20170411 a samsung lions store in shinsegae dept store daegu korea whereisdaegu
a little off target but new velocity high 73mph this is after a pitcher's med ball workout atta boy ben
the dodgers and cubs continue their series on wednesday night gtgt
mlb cards heath quinn 2016 bowman draft san francisco giants 1 jumbo case player break
madbum 2016 bowman platinum ice 92 madison bumgarner giants pitcher
mlb cards 1979 dwight evans boston redsox vendor cards rare team issue psa 9 pop 1
major league boston redsox color patch collectibles buzz
mlb cards jim palmer 2017 topps gypsy queen missing nameplate 317 baltimore orioles ssp
collectible buzz rare 1958 san francisco giants 1st year pocket schedule ruben gomez
mlb medium vtg 1993 men's colorado rockies baseball mlb inaugural season tshirt
mlb cards 2017 panini diamond kings oakland athletics half case team break 6boxes 2
mlb memorabilia bryce harper hand painted 8 x 10 washington nationals
mlb ty wigginton 23 baltimore orioles xl tee shirt new orange t
authentic russell athletic barry bonds san francisco giants sf jersey 44 l creme mlb
mlb cards josh hader 2016 bowman draft milwaukee brewers 1 jumbo case player break
mlb medium vtg 1993 men's colorado rockies baseball mlb inaugural season tshirt
mlb bryce harper hand painted 8 x 10 washington nationals
mlb chicago whitesox winter hat sga 4817 deal shopping
mlb mlb vintage san diego padres jersey size men's l48 euc
mlb newyork mets opened starting lineps lot of 12 figures lot 1
cards card 1966 topps 170 cookie rojas psa 8 philadelphia phillies card topseller auction
mlb cal ripken jr hand painted 8 x 10 baltimore orioles
cards texas rangers 2016 bowman draft jumbo 4box 12 case break card auction
sports 1993 bowman derekjeter 511 baseball card psa 9 l @ @ k mlb
mlb cards amos otis 1983 topps opc signed autographed card 75 kansas city royals
cards newyork yankees 2016 bowman's best full case 8x team break mlb card
mlb san francisco sf giants 2017 opening day calendar by atampt new sga 410
mlb cards cleveland indians 2016 bowman draft jumbo 4box 12 case break indians card
excited for the start of season and catching many home @ gosquirrels games in the rva
is a poetic complex and subtle play of courage fear good luck mistakes patience about fate and sober selfesteem
offseason in review texas rangers mlb
links to new york yankees websites newyork yankees mlb websites
check out speed radar velocity detector tennis soccer golf train ball tripod gun via @ ebay
homeopener cleveland indians rolltribe tribeopener tribe windians is it game time yet
@ netherlanders in netherlands clearly cia gone too far
mlb memorabilia 2007 world series game 4 full ticket psa 3 vg boston redsox colorado rockies
miguel sanos little adjustment could mean big things sports
fan apparel chicago whitesox tshirt size xl mlb american league souvenirs
mlb mlb philadelphia phillies new era adjustable youth hat cap sales discount
ardsley hangs on for the w to improve to 3 1
the importance of learning how to slide in baseball
phillies game last night phillies philly philliesvsmets
keio making a late push with 2 outs ardsley lead is now 4 2 2 on and 2 out
brockmire on wednesday on @ ifc have you caught this macon filmed show yet georgiafilm
mlb cards 1964 topps baseball original color negative dave morehead redsox card
madbum 2017 gypsy queen glassworks chrome box topper madison bumgarner 128150 giants
mlb cards 1946 orig cuban reyes del deporte baseball card mort cooper st louis cardinals
mlb tickets 14 miami marlins @ pittsburgh pirates ticket 61117 sec 130 row h pnc park
mlb colorado rockies premier jacket size large discount onsale
cards card 1972 topps steve garvey 686 losangeles dodgers baseball card psa 8 nmmt
jason's back in an all new episode podcast thorragnarok @ flipboard thedarktower xboxone
cardinals goods st louis cardinals miniature 1998 play by play shopping
major league boston redsox color patch collectibles buzz
mlb cards 2017 topps 34a bryce harper washington nationals
mlb vintage design 47 brand mlb boston redsox baseball zip up sweatshirt mens s
collectible buzz nwt mlb san francisco giants authentic majestic jersey men xl sewn 115
@ mlb @ noahsyndergaard why is different and great
mlb cards 1969 topps 440 willie mccovey san francisco giants baseball card card
mlb memorabilia stephen strasburg washington nationals 2012 bobblehead limited ed new in box
mlb cards david dahl 17 card lot rookie and prospect cards colorado rockies card
mlb cards hof plaque postcard signed jim palmer baltimore orioles card
l mlb cards 2013 fathead tradeables baseball 7 ryan braun milwaukee brewers mlb card
mlb brand new 47 franchise mlb baltimore orioles bird baseball fitted cap size xl
mlb stephen strasburg washington nationals 2012 bobblehead limited ed new in box
cards 1961 topps 371 bill skowron newyork yankees card mlb card
authentic russell athletic barry bonds san francisco giants sf jersey 48 xl mlb
mlb jj hardy baltimore orioles mlb baseball jersey mens xl new without tags
mlb cards 19701980 lot of milwaukee brewers topps baseball cards 57 cards
sports goods brand new 47 franchise mlb baltimore orioles bird fitted cap size xl
mlb new fanatics southpaw chicago whitesox reverseapal baseball plush toy
mlb detroittigers baseball uniform detroit tigers siza 36 appears not worn
mlb san francisco giants promo 3 peat tshirt size xl sporting goods
cards card 1961 topps robin roberts philadelphia phillies 20 card
mlb nwt men's san diego padres road to the show tshirt minor league system size xxl
sports derekjeter 1999 topps chrome early road to the hall er2 mlb
cards evan longoria 2017 topps series 1 jackie robinson day jrd4 tampa bay rays
mlb vintage newyork mets cliff engel sweater small
mlb kansas city royals slugger mascot bank new
mlb cincinnati reds all time hit king pete rose signed pinstripe hat 4256
milan g was determined to find the golden wiffle ball his hard work paid off congrats milan have a blast at the
central notes martinez reds hughes thames mlb
spring has sprung which means baseball season has arrived what are your favorite spring activities
want to be perfect train with us sportperformancetraining anysport retweet
love come in tonight for legendary food and don't miss a pitch nationalvscardinals @ bobbaumhower
love come in tonight for legendary food and don't miss a pitch nationalvscardinals @ bobbaumhower
love come in tonight for legendary food and don't miss a pitch nationalvscardinals @ bobbaumhower
0411fanduel mlbearly onlyfeel free to usedfs sportsfantasybaseball dailyfantasy tampa
aidan's playing for more than a pennant romance
felix trout duel in epic 14pitch atbat compete hardworkpaysoff
yankees dodgers red sox cubs top forbes' list of most valuable mlb mlb
yankees dodgers red sox cubs top forbes' list of most valuable mlb mlb
collectible buzz mlb philadelphia phillies sports dangle earrings spring gift
yankees dodgers red sox cubs top forbes' list of most valuable mlb mlb
nba 47 brand newyork knicks adjustable strapback onsale discount
mlb indians majestic mlb cleveland indians grady sizemore 24 jersey men m white
mlb chicago cubs ernie banks replica statue sga july 26 2014 mlb bestseller
mlb mlb philadelphia phillies baseball sports dangle earrings spring baseball gift
angels cards 2011 topps update series us175 mike trout losangeles angels rc card
fan apparel new fanatics southpaw chicago whitesox reverseapal plush toy
mlb majestic mlb cleveland indians grady sizemore 24 baseball jersey men m white
mlb losangeles dodgers backpack sga new in plastic
mlb 1x large mens la angels 27 mike trout jersey nwt
mlb bobblehead bobble head mascot nodder new york yankees pin stripes 1988 cracked
yet another beautiful day for baseball newbalance
frankie belarge knocks in a big insurance run in bottom of 6th ardsley 4 keio 0
spangler ashley an exploration statistics
keep has teamed up with mlb to bring you team charms keepcollective ikeephappy mlb see link in m
test your softball knowledge with gary episode 22 who won the championship in a league of their own
@ jasonklemm6 @ ncsa @ jasonklemm6 meet your headrecruitingcoach @ coachdowncsa best of luck amp congratulations
sport louisville slugger select 715 8 baseball bat 32in24oz
sport louisville slugger vapor bbcor baseball bat 3330 bbva153 new in wrapper
welcome @ jasonklemm6 to @ ncsa '19 5'11 155lbs ncsaathlete check out his profile
exciting history of baseball history
mlb nationals 2010 bowman chrome rookie autographs blue refractor 205 stephen strasburg auto
now champs cubs just as hungry mlb
historic moment no matter who you root for
now champs cubs just as hungry mlb
now champs cubs just as hungry
fantasy 10 bullpens that merit a closer look mlb
statcast spotlight 5 players to watch mlb
now champs cubs just as hungry mlb
tigerspics @ comericapark @ detroittigersrr @ mlb getting ready for agame letsplay2
frank baumann boston redsox chicago white sox cubs signed ml baseball coa
img academy starter tyler ahearn img hsbaseball
mlb tix 2 aisle ticket cubs vs new york mets september 14 2017 wrigley field 205
ticket tix 2 aisle tickets chicago cubs vs la dodgers april 13 2017 wrigley field 205
central notes martinez reds hughes thames news mosaesports sportswear
mlb indians 2016 panini diamond kings baseball base set cards pick from card 's 1185
cal league timely offense lead quakes to win over the 66ers strong
feeling a bit down after work so i created this to cheer myself up letsrise bluejays openingday
anyone know what the first phase of pitching is if so what the most important aspect of it is injuryprevention video tonight
mlb progressive field home of the cleveland indians sporting goods
for you cranksamantha gocards cardinalsnation dividedhome stl
statcast spotlight 5 players to watch mlb
fantasy 10 bullpens that merit a closer look mlb
buzz mlb texas rangers baseball sports dangle earrings spring baseball gift
tix tickets 4 miami marlins vs oakland athletics 0614 @ sec23f ticket mlb
mlb collectibles mlb texas rangers sports dangle earrings spring gift
mlb mickey mantle mitchell amp ness 1951 newyork yankees jersey size 54xxl nwt rare
mlb philadelphia phillies mitchell amp ness jacket men's medium cooperstown collection
mlb tix new york yankees vs cincinnati reds tickets 072617 bronx ticket
basic high school sophomore rhp shane spencer hsbaseball pitcher basic
ain't like football you can't make up no trick plays
eric longenhagen prospects chat extended spring edition sports
two managers are making some unconventional bullpen decisions mlb
two managers are making some unconventional bullpen decisions mlb
edwards went 6 and 23rds loccisano closed it out
is it more gimmicky than creative maybe but i toast the effort beer
heading to the game tonight enter our 99th pitch contest for a chance to win 99k more
mlb rare vintage 80s losangeles angels anaheim authentic rawings jersey mens 44 l
ardsley hangs on for the w to improve to 3 1
the importance of learning how to slide in baseball
phillies game last night phillies philly philliesvsmets
keio making a late push with 2 outs ardsley lead is now 4 2 2 on and 2 out
brockmire on wednesday on @ ifc have you caught this macon filmed show yet georgiafilm
mlb cards 1964 topps baseball original color negative dave morehead redsox card
madbum 2017 gypsy queen glassworks chrome box topper madison bumgarner 128150 giants
mlb cards 1946 orig cuban reyes del deporte baseball card mort cooper st louis cardinals
mlb tickets 14 miami marlins @ pittsburgh pirates ticket 61117 sec 130 row h pnc park
mlb colorado rockies premier jacket size large discount onsale
cards card 1972 topps steve garvey 686 losangeles dodgers baseball card psa 8 nmmt
jason's back in an all new episode podcast thorragnarok @ flipboard thedarktower xboxone
cardinals goods st louis cardinals miniature 1998 play by play shopping
major league boston redsox color patch collectibles buzz
mlb cards 2017 topps 34a bryce harper washington nationals
mlb vintage design 47 brand mlb boston redsox baseball zip up sweatshirt mens s
collectible buzz nwt mlb san francisco giants authentic majestic jersey men xl sewn 115
@ mlb @ noahsyndergaard why is different and great
mlb cards 1969 topps 440 willie mccovey san francisco giants baseball card card
mlb memorabilia stephen strasburg washington nationals 2012 bobblehead limited ed new in box
mlb cards david dahl 17 card lot rookie and prospect cards colorado rockies card
mlb cards hof plaque postcard signed jim palmer baltimore orioles card
l mlb cards 2013 fathead tradeables baseball 7 ryan braun milwaukee brewers mlb card
mlb brand new 47 franchise mlb baltimore orioles bird baseball fitted cap size xl
mlb stephen strasburg washington nationals 2012 bobblehead limited ed new in box
cards 1961 topps 371 bill skowron newyork yankees card mlb card
authentic russell athletic barry bonds san francisco giants sf jersey 48 xl mlb
mlb jj hardy baltimore orioles mlb baseball jersey mens xl new without tags
mlb cards 19701980 lot of milwaukee brewers topps baseball cards 57 cards
sports goods brand new 47 franchise mlb baltimore orioles bird fitted cap size xl
mlb new fanatics southpaw chicago whitesox reverseapal baseball plush toy
mlb detroittigers baseball uniform detroit tigers siza 36 appears not worn
mlb san francisco giants promo 3 peat tshirt size xl sporting goods
cards card 1961 topps robin roberts philadelphia phillies 20 card
mlb nwt men's san diego padres road to the show tshirt minor league system size xxl
sports derekjeter 1999 topps chrome early road to the hall er2 mlb
cards evan longoria 2017 topps series 1 jackie robinson day jrd4 tampa bay rays
mlb vintage newyork mets cliff engel sweater small
mlb kansas city royals slugger mascot bank new
mlb cincinnati reds all time hit king pete rose signed pinstripe hat 4256
mlb rockies 2013 topps heritage baseball chrome card of carlos gonzalez 693999
mlb cards 2016 topps full boston redsox team set bogaerts betts pedroia david ortiz 36
mlb tix 2 green monster tickets new york yankees vs boston redsox fenway park 42717
tix phillies preferred parking pass 42617 miami marlins at phillies ticket
mlb cards stan musial 1942 st louis cardinals signature photo card plutograph serial 200
mlb cards 1999 topps tek a amp b set pick your team card deals
mlb cards card cincinnati reds 2016 bowman's best full case 8x index team break
mlb colorado rockies sga elmer fudd ear flaps hat snapback new and never worn
mlb nib losangeles angels sga 52016 mike trout wall catch action figure statue
cards card 2017 topps heritage julio urias high 477 sp card losangeles dodgers
souvenirs philadelphia phillies majestic vneck retro 80s jersey m mlb womens 6072 fan apparel
mlb tix 4 miami marlins vs losangeles angels 0527 @ sec221 ticket tickets
directions to my games on wednesdaytake a left at larry's chicken spring inn go about 2 blockshmmumpire
attention all detroit tigers fans their game today is a great time to take your partner out to a ball game game
today on bbre w @ realcolebair 433p @ jimcallismlb talks cubsfreezone wintwins @ kxel1540
mlb detroittigers vintage 1970's plastic baseball 4 team logo detroit tigers cup comet star f
what did the glove say to the ball catch ya later badjokes smplife @
a park is the one place where a man's wife doesn't mind his getting excited over somebody else's curves
today sheldonhirsch book hot hands draft hype amp dimaggios streak @ suz8 sex secrets amp
l l mlb cards milwaukee brewers 12 case 5box live break 2015 topps supreme bonus card
a throwback for nationalpetday features me and barney t walker junior all suited up for
mlb cards baltimore orioles 2016 bowman chrome vending 12box full case break 2 card
mlb cards 2017 topps gypsy queen stephen strasburg washington nationals no name plate var
mlb memorabilia new trea turner bobblehead sga 512 2017 may 12 mlb washington nationals
sporting goods san francisco giants majestic polyester jersey shirt youth size xl
sports goods majestic mlb washington nationals therma base jacket sz 4x blue
mlb mens vtg 80s mlb baltimore orioles logo 7 baseball mesh tshirt jersey small
mlb newyork mets heavy gauge car and truck 3d magnet jacob degrom matt harvey
mlb cards oakland athletics jose canseco 1988 art card
mlb cards 1973 topps charley fox san francisco giants 252 nrmt card
mlb vintage boston redsox painters hat
sports goods mens vtg 80s mlb baltimore orioles logo 7 mesh tshirt jersey small
mlb baltimore orioles bird vinyl banner sign street stadium adam jones chris davis
mlb cards trevor story 2017 topps gypsy queen purple parallel 250 colorado rockies
oh sweat how i have missed you multitasking highheat listeningtothekillers
and god said 'let there be lights on all the fields and the earth bring forth grass and let spring bring forth ga
baseball pitching analysis force vector during pitch @ movementf1rst mlb pitching pitchinganalysis
mlb majestic mlb st louis cardinals busch stadium tshirt red adult size m
go get em boys @ tigers tigers detroit whosyourtiger mlb michigan
mlb vintage 1947 cincinnati reds crosley field official score card deals
new majestic mlb san francisco giants orange blank jersey style tshirt mens xl mlb
mlb san diego padres puzzle enjoy coca cola butterfly clutch pin badge button
mlb cards bo jackson mint kansas city royals raiders rookie card rc 1987 topps 170 gem
mlb very rare washington nationals thomas jefferson bobblehead
home opener @ indians letsgotribe indians tribetown cleveland ouryear
mlb cards milwaukee brewers 2box 2016 topps amp bowman chrome index card case break live
mlb mens 1x san francisco giants 8 hunter pence jersey sporting goods
sports derekjeter 2007 topps turkey red sp ad back card 95 new york yankees mlb
cards card 1993 topps curt schilling philadelphia phillies 421 card topseller auction
dig the threads specialevent uniforms unveiled mlb
wool dryer balls deep purple flower gift set of 4 ecofrie alittlegreenbeeshop
collectible buzz philadelphia phillies greg luzinski tshirt cooperstown collection sz s
mlb philadelphia phillies majestic vneck retro 80s jersey m mlb baseball womens 6072
mlb 2012 historic autographs champions harry hooper 2022 ha auto boston redsox
mlb yankees 2000 ny yankees team signed world series jsa z33760 19 sigs derek jeter
power rankings champs assume top spot news mosaesports sportswear
someone created a wikipedia article about chris o'grady baseball help expand it
tribe jays fish home openers on news mosaesports sportswear
baseball with lunch today cilantro tortilla soup daily cream of asparagus soup vegan amp buffalo chicken wrap yegdt
major league baseball is just like the mafia the herd
top mlb dfs building blocks for tuesday mlb
it was a beautiful weekend to wish rocky amp the @ wilmbluerocks a happy 25th bday visitwilm travelwithkids
losangeles dodgers stadium personalized print mlb pls retweet
bill's blackboard defensive runs saved brian kenny amp bill ripken debate drs on mlb tonight
daily doseofjohnnyc at destinchamber talking nwfraidernation raidersyouknow softball amp and
tickets mlb 2 aisle ticket cubs vs new york mets september 13 2017 wrigley field 205 t
mlb authentic majestic la angels anaheim 22 home jersey mens 48 xl
mlb oakland a's athletics satin starter jacket medium
mlb chicago cubs majestic authentic collection baseball dugout jacket kids youth m
sporting goods nike team mlb newyork yankees derek jeter 2 throwback jersey mens xl
mlb indians 2008 tristar projections orange autographs autographed 297 michaelbrantley auto
apparel mike trout majestic losangeles angels of anaheim tank top mlb mlb
mlb yankees 1998 fleer sports illustrated world series fever derek jeter card 65
mlb oakland a's athletics satin starter jacket medium
mlb nike team mlb newyork yankees derek jeter 2 throwback baseball jersey mens xl
get free shipping on all bat and glove orders over 199shop now
fan catches a baseball 454 games in a row rt gay creepy news stupid funny fa
phillies' slugger hits home run for disabled child rt cool ryan awesome run k
the jersey is ready for the 2017 @ bluejays seasonletsrise bluejays toronto canadasteam canada
you have to have a lot of little boy in you to play baseball for a living roy campanella quote dodgers
mlb tickets 2 or 4 ticket 41917 new york yankees vs chicago white sox sect 111
opening day 2017 go tribe cle clevelandindians progressivefield homeopener @
mlb red sox activate pomeranz for season debut drew pomeranz bos
i takes a lot of equipment to do this i can't wait 651sports stpaul stagnes
great one once again congratulations champions mlbchampions2016 chicagocubs
find the full article in our website wac
mlb 2013 topps gold parallel you pick choose complete your set
mlb rockies 2013 topps gypsy queen carlos gonzalez rockies in person autograph with coa
tix 16 tickets miami marlins vs arizona diamondbacks 63 marlins ballpark
original autograph johnny bench autographed vintage nl l coleman cincinnati reds
everyone has limits you just have to learn what your own limits are amp deal with them accordingly nolan ryan mlb rangers
did you guys catch the 2nd episode of the crosstownrivalspodcast
buzz texas rangers yu darvish texas heat promo tshirt l mlb auction deals
photos mlb releases new mother's father's day hats via @ darrenrovell
mlb collectibles vintage 1978 711 plastic cup texas rangers mike hargrove slurpee
nba vintage original 1990s newyork knicks nba twins enterprise snapback hat cap nwt onsale discount
mlb vintage 1979 nilon brothers stadium plastic cup philadelphia phillies pete rose
mlb starter vintage losangeles dodgers jacket men's size large vtg stitched coat
mlb newyork yankees baby sippy cups 2 pack 5 oz spill proof cup bpa free
mlb tampa bay rays kevin kiermaier gold glove back to back bobblehead
the @ bluejays boys are back in town first home game of the season no tix but will be watching tonight spring bluejays
i believe @ mlb allstar voting starts next week it seems to get earlier each season
wil myers joins padres history books with cycle monday mlb nlwest
@ mikepetriello can't you use @ mlb @ mlbatbat app keep it low or have a ear piece in i've done it mlb
wil myers joins padres history books with cycle monday san diego padres mlb
evoshield protective wrist guardroyalsmall
wil myers joins padres history books with cycle monday mlb nlwest
evoshield protective wrist guardroyalsmall
wil myers joins padres history books with cycle monday mlb nlwest sandiegopadres
exciting history of baseball history
mlb david ortiz signed jersey boston redsox jersey with coa
apparel souvenirs pete rose 14 cincinnati reds stitch po gray jersey men l tags new
mlb ty glory beanie baby 1998 colorado rockies all star game wvip lanyardcd holder
mlb cards 1954 topps baseball card 116 steve bilko st louis cardinals authentic
souvenirs vintage '78 711 plastic cup philadelphia phillies mike schmidt slurpee fan apparel
madbum 2007 bowman sterling madison bumgarner rookie autograph auto graded card bgs 95
tuesday night pitching info for mlb dfs draftkings fanduel fantasybaseball giants diamondbacks
mlb cards 2017 honus bonus fantasy pick from list 1250 card deals
mlb yankees derek jeter signed mlb with steiner coa
mlb men's mlb genuine merchandise true fan colorado rockies baseball jersey shirt m
mlb ernie banks chicago cubs signed official national league onsale discount
giants' posey 'doing good' after struck in head by pitch
this makes me feel old on this day 28 years ago ken griffey jr hit his very first mlb homer jr
drhs baseball vs highland 4pmgraphic created by @ erickgamez99 great work erick legit work @ ggilbert8
oakland a's to remove tarps from upper deck
v baseball is at @ bostontrinity for a 330 game perfect day for a ball game gogatorsbms @ brimmerandmay
espn sportscenter's not top ten 041516
giants sanfrancisco graffiti bus mission orange tag @ mission district san
who thinks @ tweetparney is ready for tonight @ gosquirrels game rva via @ rfmtoday
mlb boston redsox dustin pedroia mlb baseball jersey sewn white size xxl 52 new
tickets 2 ticket minnesota twins vs baltimore orioles 76 target field minneapolis
mlb detroittigers detroit tigers justin verlander baseball jersey youth l large baseball shirt
mlb boston redsox hat nwttwins enterprise
mlb cards oakland athletics 2017 diamond kings baseball 6box half case break 9
mlb cards 1971 topps baseball card 108 john cumberland san francisco giants ex card
mlb cards manny machado rc baltimore orioles bowman's best rookie card baseball o's
mlb cards bryce harper 2015 topps update sabermetrics variation washington nationals
tickets mlb 2 miami marlins vs new york mets 0415 @ sec216 ticket tix
mlb cards 1975 topps 223 robin yount milwaukee brewers rookie card
mlb mitchell amp ness chicago whitesox team colors home stretch henley shirt
mlb st louis cardinals majestic therma base hoodie m grey sweatshirt authentic s l
mlb memorabilia youth boys washington nationals embroidered baseball jersey size l
mlb indians 2016 topps heritage cleveland indians baseball card 253 michaelbrantley
mlb kansas city royals shirt tshirt lot boys youth medium 1012 george brett top
san francisco giants jersey with rare cursive design xl mlb
cards card 1971 topps card 166 joe hoerner philadelphia phillies ex
apparel 1x large mens losangeles angels 27 mike trout jersey nwt mlb
mlb authentic milwaukee brewers cool base home white jersey 44 deals bargains
mlb ichiro suzuki cards lot of 20 including rookie card marlins
mlb baltimore orioles snapback hat nwtlogo 7
cards 2015 bowman bcaparo adrian rondon tampa bay rays auto autograph baseball card
mlb vintage newyork mets mike piazza majestic jersey youth medium free usa shipping
mlb vintage san francisco giants tshirt sporting goods
mlb cards 1982 topps 201 george brett kansas city royals hall of famer mint vintage card
that'll work if you snag one during national foul ball week may 1621 make sure to rt it for chance to win a gif
high and inside out bill veeck integrates @ baseballmag
right now @ macys statestreet @ cubs schwarber @ mlb @ danbernstein cubbies chicago @ waddleandsilvy
mlb tix 2 aisle tickets cubs vs philadelphia phillies may 1 2017 wrigley field 205
tix chicago cubs tickets for 080417 vs washington nationals mlb ticket
mlb tix chicago cubs ticket for 080417 vs washington nationals tickets
it's finally homeopener day woohoo lexi is ready for the game @ bluejays letsrise toronto bluejays
tune in to @ espndallas1033 at 440pm today @ nadeler will talk @ rangers mentalhealth namiwalksdallas
join us on facebook live 6pm et every day freepicks mitchwins basketball
opening day 2017 go tribe cle clevelandindians progressivefield homeopener @
mlb red sox activate pomeranz for season debut drew pomeranz bos
i takes a lot of equipment to do this i can't wait 651sports stpaul stagnes
great one once again congratulations champions mlbchampions2016 chicagocubs
find the full article in our website wac
mlb 2013 topps gold parallel you pick choose complete your set
mlb rockies 2013 topps gypsy queen carlos gonzalez rockies in person autograph with coa
tix 16 tickets miami marlins vs arizona diamondbacks 63 marlins ballpark
original autograph johnny bench autographed vintage nl l coleman cincinnati reds
everyone has limits you just have to learn what your own limits are amp deal with them accordingly nolan ryan mlb rangers
did you guys catch the 2nd episode of the crosstownrivalspodcast
buzz texas rangers yu darvish texas heat promo tshirt l mlb auction deals
photos mlb releases new mother's father's day hats via @ darrenrovell
mlb collectibles vintage 1978 711 plastic cup texas rangers mike hargrove slurpee
nba vintage original 1990s newyork knicks nba twins enterprise snapback hat cap nwt onsale discount
mlb vintage 1979 nilon brothers stadium plastic cup philadelphia phillies pete rose
mlb starter vintage losangeles dodgers jacket men's size large vtg stitched coat
mlb newyork yankees baby sippy cups 2 pack 5 oz spill proof cup bpa free
mlb tampa bay rays kevin kiermaier gold glove back to back bobblehead
the @ bluejays boys are back in town first home game of the season no tix but will be watching tonight spring bluejays
i believe @ mlb allstar voting starts next week it seems to get earlier each season
wil myers joins padres history books with cycle monday mlb nlwest
@ mikepetriello can't you use @ mlb @ mlbatbat app keep it low or have a ear piece in i've done it mlb
wil myers joins padres history books with cycle monday san diego padres mlb
evoshield protective wrist guardroyalsmall
wil myers joins padres history books with cycle monday mlb nlwest
evoshield protective wrist guardroyalsmall
wil myers joins padres history books with cycle monday mlb nlwest sandiegopadres
exciting history of baseball history
mlb david ortiz signed jersey boston redsox jersey with coa
apparel souvenirs pete rose 14 cincinnati reds stitch po gray jersey men l tags new
mlb ty glory beanie baby 1998 colorado rockies all star game wvip lanyardcd holder
mlb cards 1954 topps baseball card 116 steve bilko st louis cardinals authentic
souvenirs vintage '78 711 plastic cup philadelphia phillies mike schmidt slurpee fan apparel
madbum 2007 bowman sterling madison bumgarner rookie autograph auto graded card bgs 95
tuesday night pitching info for mlb dfs draftkings fanduel fantasybaseball giants diamondbacks
mlb cards 2017 honus bonus fantasy pick from list 1250 card deals
mlb yankees derek jeter signed mlb with steiner coa
mlb men's mlb genuine merchandise true fan colorado rockies baseball jersey shirt m
mlb ernie banks chicago cubs signed official national league onsale discount
giants' posey 'doing good' after struck in head by pitch
this makes me feel old on this day 28 years ago ken griffey jr hit his very first mlb homer jr
drhs baseball vs highland 4pmgraphic created by @ erickgamez99 great work erick legit work @ ggilbert8
oakland a's to remove tarps from upper deck
v baseball is at @ bostontrinity for a 330 game perfect day for a ball game gogatorsbms @ brimmerandmay
espn sportscenter's not top ten 041516
giants sanfrancisco graffiti bus mission orange tag @ mission district san
who thinks @ tweetparney is ready for tonight @ gosquirrels game rva via @ rfmtoday
mlb boston redsox dustin pedroia mlb baseball jersey sewn white size xxl 52 new
tickets 2 ticket minnesota twins vs baltimore orioles 76 target field minneapolis
mlb detroittigers detroit tigers justin verlander baseball jersey youth l large baseball shirt
mlb boston redsox hat nwttwins enterprise
mlb cards oakland athletics 2017 diamond kings baseball 6box half case break 9
mlb cards 1971 topps baseball card 108 john cumberland san francisco giants ex card
mlb cards manny machado rc baltimore orioles bowman's best rookie card baseball o's
mlb cards bryce harper 2015 topps update sabermetrics variation washington nationals
tickets mlb 2 miami marlins vs new york mets 0415 @ sec216 ticket tix
mlb cards 1975 topps 223 robin yount milwaukee brewers rookie card
mlb mitchell amp ness chicago whitesox team colors home stretch henley shirt
mlb st louis cardinals majestic therma base hoodie m grey sweatshirt authentic s l
mlb memorabilia youth boys washington nationals embroidered baseball jersey size l
mlb indians 2016 topps heritage cleveland indians baseball card 253 michaelbrantley
mlb kansas city royals shirt tshirt lot boys youth medium 1012 george brett top
san francisco giants jersey with rare cursive design xl mlb
cards card 1971 topps card 166 joe hoerner philadelphia phillies ex
apparel 1x large mens losangeles angels 27 mike trout jersey nwt mlb
mlb authentic milwaukee brewers cool base home white jersey 44 deals bargains
mlb ichiro suzuki cards lot of 20 including rookie card marlins
mlb baltimore orioles snapback hat nwtlogo 7
a statistical measure of the quality of a pitchers raw stuff
alltime top 30 career bases
biggest fastball velocity gains and losses fangraphs
west michigan white caps tickets for 41317 @ 635 pm first resident caller at 6167841636 can have them
2017 @ rawlilngssports pro label game day wood bats available nowclick here to see the full lineup
just about everyone agrees games are too long for the modern audience false @ npratc
hailstate star brent rooker hits his stride
season is here are u prepared @ barefoot79 shares her simple trick 30seconds parenting sports kids
mizuno 2017 bgs free shipping link in bio @ miami florida
atlanta braves new ballpark lights up proav by @ marketscale
mlb twins enterprise kansas city royals bobblehead brand new in package nice
cardinals goods st louis cardinals red deluxe laser cut mirrored license plate tag
home opener win a pair of jays tickets food and drink happening ballpark menu bluejays win beer wingspecials @ tsnsports
mlb cards 1983 mlb slidetransparency team set 10 kansas city royals george brett aikens
cards 1970 topps reggie jackson oakland athletics 140 card card
mlb cards colorado rockies 2016 bowman chrome jumbo vending full case 12x team break 9
mlb detroittigers new detroit tigers baseball cap tigres deals
mlb men's majestic collection navy amp red boston redsox jacket size l
mlb cards oakland a's athletics 400 card lot 1982later 11 autographs marck mcgwire
mlb cards san francisco giants 2016 bowman chrome vending case 4x index 1 crd team break a
cards chihwei hu 2016 bowman draft tampa bay rays 1 jumbo case player break
mlb cards chris carter milwaukee brewers 2017 topps baseball 170 league leaders home runs
mlb cards baltimore orioles 2017 diamond kings baseball 6box half case break 9 card
mlb cards ryan zimmerman washington nationals 2016 topps baseball card 45
cards card jake thompson philadelphia phillies 2017 topps 344 rookie card
mlb majestic big amp tall baltimore orioles replica jersey black 5xl
mlb pete rose cincinnati reds 1969 gray flannel buttonup jersey 100th anniversary
mlb san diego padres road gray majestic mlb men's official jersey
cards 1964 topps newyork yankees lot 6 cards 164206259281299344
mlb men's san francisco giants black jersey button front size large
is in full swing make sure you're getting out there and smacking 'em around while you can winter's only 9 months away
i love packing my folding back chair in the car that means baseball is here soccer
@ reds gave me a amp don't know who from
kipnis chisenhall nearing return to lineup mlb
kipnis chisenhall nearing return to lineup
kipnis chisenhall nearing return to lineup mlb
view mlb debuts 2017 special event uniforms allstar featured majorleaguebaseball
douglas county programs enter home stretch lithiasprings newmanchester alexander chapelhill
braves place matt kemp on 10day dl promote johan camargo news mosaesports sportswear
anchor bay angles 10u team won their first tourney this past weekend in teamtriton gearcustom authentic
mlb new oakland a's athletics boys of summer 1969 tshirt medium m hunter fingers
baseball football sports cards invest in fun collecting
justinverlander 30 th anniversary 19872017 1987 topps 2017 topps pitcher
collectibles lot of 26 vintage autographs 1 photo 1977 chicago whitesox al kaline
yankees jersey 90s new york yankees jersey cotton medium flannel throwback pro player shirt
collectible buzz majestic therma base philadelphia phillies pullover boys medium 1012
nba vintage newyork knicks stephon marbury basketball jersey men's xl reebok onsale discount
mlb new oakland a's athletics boys of summer 1969 t shirt medium m hunter fingers
mlb new era nwt philadelphia phillies youth 39thirty cap hat fitted stretchfit sales discount
mlb vtg 90's starter diamond collection tampa devil rays ss warm up pullover rare
mlb cleveland indians xl sweatshirt sporting goods
l mlb cards 2017 topps tribute baseball 4box half case break2 milwaukee brewers card
tix ticket 18 tickets texas rangers vs kansas city royals 42217 globe life park
tix 18 ticket texas rangers vs kansas city royals 42217 globe life park
mlb memorabilia boston redsox set 0f 3 official yearbooks 2004 2007 2013 world series
is for the leisurely afternoons of summer and for the unchanging dreams
i'm so ready to go to my first game if the season cardinals nationals conflicted
opening day has arrived welcome to @ marlinscleve djlslive openingnight clevelander
grading the pitches 2016 al starters changeups sports
sporting goods new starter colorado rockies nylon dugout jacket coat sz m
collectibles buzz vintage 1994 colorado rockies fridge magnet rubber mlb white purple
mlb vintage 1994 colorado rockies fridge magnet rubber mlb baseball white purple
mlb tix 2chicago cubs vs philadelphia phillies bleacher ticket 050417 120 pm tickets
sliding shorts with cup give protection for the boys
mlb vintage 1994 colorado rockies fridge magnet rubber mlb baseball white purple
ticket tix 2chicago cubs vs milwaukee brewers tickets 041917 wed @ wrigley field
mlb brewers 2017 honus bonus fantasy milestone one of one pick from list
mlb cards 1963 topps card 217 joe christopher newyork mets ungraded card
cards card 1993 pinnacle mike piazza losangeles dodgers 252 baseball rookie card
back at dwyer stadium today where the notre dame fighting irish are opening their home schedule vs lyndonville
girls nude pics petite teen sex clip
history of baseball card trading cardtrading
mlb tix 2 boston red sox vs tampa bay rays 4162017 easter sunday 135pm grandstand 30
mlb danbury mint 2013 new york yankees helicopter ornament sports buzz
team outing today to the @ ridersbaseball game springtime workflow
mlb kansas city royals shirt tshirt kc womens sz xl xxl 2xl mlb genuine merch
mlb tix 4 tickets texas rangers vs boston redsox 7417 globe life park ticket
mlb souvenirs rick porcello bobble head sga fenway park redsox
mlb tix 2 tickets new york yankees at los angeles angels of anaheim rookie of the year
mlb mlb losangeles angels 27 mike trout po retro grey jersey men l new nice
mlb indians 2015 national treasures leather amp lumber michaelbrantley auto 96
