happy birthday @ halimau labyuu
i wonder when my geckos birthday is
youknowwhat may is my birthday month
stevie wonder happy birthday surprise in london stevie wonder surprised at his london concert
gn and happy birthday you
@ jerzeyguy78 ps4 today that's a promise happy birthday by the way
happy birthday neyna @ ainafqh may allah bless u with loves eternal happiness and good songs x saya sentiasa merinduimu
me if you could go anywhere in the world for your 30th birthday where would you go @ aseantoofarr new zealand denmark denny's
happy birthday kuya charlie @ charliemagnet
shoutout to madness for being the greatest bestfriend and for making me cry on my birthday i love you @ sincereiymadz
hori mother of biscuits i totally forgot abt sehun's birthday wtf i was too busy huhuhu happysehunday
happy birthday dick head love you loads hope you've had a sick day @ amberwooding
@ ovtcast happy birthday
omg did i miss @ fangirljeanne's birthday happy birthday girl
happy birthday to my son @ kevinchilin that boi leveled up i'm dumb proud
happy birthday pretty @ madisonkneu
happy birthday bish hope you have the best day ever amp wish i could celebrate with you miss ya tons
happy birthday @ elissasimone have a great dayyyy
@ wusehukn @ globalerpe ding dong this is for you happy birthday happysehunday
happy birthday little girl love you @ maddsjohnston
happy birthday cutie you never fail to make me laugh love u sososo much @ evatiger11
happy birthday to the one who used to make me happy and also the one who used to make me sad happy birthday sincerely a creepy stalker
happy birthday chongaa hope you have a good one @ giljulie
happy birthday otoyan my precious baby boy ilysm
happy birthday daga sending height dejk enjoy ur day and god bless always thankyou sa lahat lamonayon at
off to a movie with the birthday girl
happy birthday sehun happysehunday
newest range of stationery sets now avail in my etsyshop beautiful pink floral design weddinghour crafthour
@ katieeschmidtt happy birthday hotstuff i miss you and hope you have a great one
@ whteverrachwant @ allyveros happy birthday beauty
@ alexcdouglas happy birthday @ alexcdouglas
happy birthday @ marissahuerta2 hope you have a great day imy and ily
i'm not looking forward to my birthday i wanna stay 18 forever
looking forward 2 taking this little radgie @ megsxxo out for her birthday tonight to see grease at the @ southendtheatre grease birthday
happy birthday @ itskelli
the cottage birthday weekend is gunna be full of beer bongs and word slurrin'
@ kmoody1909 omg i'm sry a day late but happy belated birthday gf hope it was a good one
happy birthday jules see ya soon @ julianna1221
@ shannonwalshx happy birthday shannon
@ shanticedj happy birthday
happy birthday babe omg 1year and half now huh meet soon pls 25 more like 16 year old @ stammerintreble
@ darylburns24 happy birthday
happy birthday sehun oppaexolindonesiaterimakasihexohappysehundayindonesiaforsehun
get to see my parents this friday and its jeff's birthday
@ playoverwatch thanks blizzard for my birthday present
current office debate coming to work on your birthday or nah what are you turning 5
happy birthday @ mileposts
this makes me wanna cry omghappy birthday dodie amp congratulations hope to see you in manila soon love you
@ ikyledion happy birthday to the most vibrant soul and beautiful voice i know
this wins all of the ridiculous birthday gifts kpop idols got from their fans
happy birthday to the man keep ballin out this year and get yourself a ring @ josiahsoto11
i just won 1255 on my third spin of the day happy freakin birthday to me an awesome end to an awesome work vac
38 mins left for her birthday
birthday celebration vip flyer clubs amp parties
happy birthday grandma miss you so much angel
@ hooliarose happy birthday julia
@ crisisbryant happy birthday
@ quinoquenga happy birthday
@ wattananuk @ danielleftv not real wrong birthday is a fake
alex ekubo clocked 31 yesterday and his girlfriend american model fancy acholonu was around to celebrate his
time for cakelast year my boyfriend got the one cake from portal for his birthday you can
@ willtudor1 happy birthday will
happy birthday @ raquelr77135239
things i want for my birthdayoverwatchkingdom hearts 25 and 15 for the ps4
@ juliab123 happy birthday hope its a good one
dt talked to manning 8 days ago manning invited him to his kid's birthday party that's kind of cool
happy birthday @ 4leafchlover
@ kingxpanna happy birthday rahman stay blessed
@ ianbell happy birthday belly just reaching your peak i hope pal
@ lenahtroy beautiful happy birthday
2 days to goexcited na ko mag birthday
@ nivrga hey beautiful eli my fellow aries happy belated birthday darling
@ wavyemma happy birthday you queen i hope you have a wonderful day
@ maxcarterxxx happy birthday max
happy birthday to my favourite sister @ icecreamlola boom
we celebrated my motherinlaw's 90th birthday today she said waitrose had given her a bottle of prosciutto i said that was unusual
this 3yearold refused to have a birthday party unless it was poopthemed
@ nashgrier yesterday was my birthday and all i wanted was a tweet from you
@ ashleyokbyee happy birthday
@ nvbinder happy birthday
happy birthday babes i'm so so lucky to have you in my life thanks for all the memories and looking forward to al
happy 17th birthday to this mess who saves me from awkward youth group parties @ taylorr0411 iguessshesfunny
@ ninjasexparty @ shan0817 take me to this for me birthday
@ leighanippardd happy birthday babyyy
@ alkhwaledn happy birthday noufa loveyou
it's sehun's birthday and all those nasty ones are ruining it
@ smentexo sending happy birthday wishes from armys to our amazing sehun
happy birthday youngin @ retroville
want to wish my brother mike gates a happy 62nd birthday today and a day late on national sibling day happy bday
@ abigailedgexox happy birthdayxxx
@ bigjohn35 happy birthday bra
@ besterzz happy birthday x
happy birthday beaut @ lucywebbb
search teen beach birthday party
@ clementj64 happy birthday to my favorite canadian youtuber
time to go workout i have swimsuits to fit into my birthday will be here before i know it
birthday boys birthday results in a trip to kiddi hospital with our eldest
@ imnotscottysire can you just be nice and give me a break my birthday is on thursday plz
sounds like a good birthday
@ davidbanner wish you a very happy birthday
happy birthday to the mmking allison love your crazy self and miss you so so much
see the passionate way kokozaria kissed first wife in her birthday photos
@ kieranalleyne happy birthday
happy birthday to my absolute fave miss you lots @ robc11
happy birthday bryce dominique
@ abetterkid @ tauhidchappell @ dooezer @ ashleyrparker aw man this is so perfect i want to wrap it up and give it as
2 years ago today i began writing discovered look at how much we both have grownhappy birthday simon hope yo
birthday wishes girl project for after effects
@ caseydeliberto happy birthday bud
happy birthday you piece of garbage i miss you man before you get too old you should come see me love yuh puntan
happy birthday @ mmirihai
@ uranometrlas wha tht efkcu today is your bday ohmy god happy birthday nerd aaahhh have a lot of fun today
@ united can't afford customerservice blunders right now called to ask abt club access for a birthday trip and dropped my call
@ luvevelynclaire happy birthday you are a wonderful person who i love so much and that has a huge heart i wish you all the best
birthday books that make students smile are reasons i lovemyschoolday
happy birthday @ yys3 i love you
happy birthday @ jschrader98
@ kirstiealley hope your going out is part of a terrific happy birthday
happy birthday to the man has himself @ duftonjohn hope you've had a belter day
i'm a workaholic i'm working on my birthday
@ aexweis34 happy birthday alex
happy birthday to one of the best girls i knowthank u for always being there for me love amp miss u hope u had an a
happy birthday boo i haven't seen you in years but you're still so beautiful
@ bradlovatt19 i have those all the time good for you yeah next friday it's my birthday you
