women naked cam girls xxx
or city i can help you with the correct attire suits shirts jackets
here's a cover of i want to dance with you by @ georgestrait
are you the best artist in your submit music now for coast2coast hottest in the nation mixtape at
are you the best artist in your submit music now for coast2coast hottest in the nation mixtape at
are you the best artist in your submit music now for coast2coast hottest in the nation mixtape at
are you the best artist in your submit music now for coast2coast hottest in the nation mixtape at
are you the best artist in your submit music now for coast2coast hottest in the nation mixtape at
are you the best artist in your submit music now for coast2coast hottest in the nation mixtape at
are you the best artist in your submit music now for coast2coast hottest in the nation mixtape at
are you the best artist in your submit music now for coast2coast hottest in the nation mixtape at
are you the best artist in your submit music now for coast2coast hottest in the nation mixtape at
are you the best artist in your submit music now for coast2coast hottest in the nation mixtape at
are you the best artist in your submit music now for coast2coast hottest in the nation mixtape at
are you the best artist in your submit music now for coast2coast hottest in the nation mixtape at
nowplaying john schneider you're the last thing i needed
nowplaying drink to that all night jerrod niemanndownload our app music hotcountry rt
came to town on a harley he calls one eye jackbrought it down from100cross the rr trackcover me
sunny midweek motivation bushypark royalparks london lake @ bushy park
lisa mchughno one needs to know live onrte radio1 on the late late show next friday lisalive
nowplaying garth brooks what's she doing now
nowplaying on dustin lynch titre hell of a night rock nancy heartcountry
new song off the grid songwriter nashville musicpublishing musicproducer unsigned garthbrooks
nowplaying on canaan smith titre love you like that rock nancy heartcountry
nowplaying route 66 by blues road listen on stream
nowplaying earl thomas conley love out loud
sunset photography quality prints and cards available at
instead of the sheep today i stopped to say hello to the cows drivehome rural
great tshirt shop clickgt rockstar hardrock reggae blues jazz folk
catch @ recklesskelly 9 may 2017 @ motorcomh music hall durham nc rocknroll visitgtgt
feelgood country track that will make you think of someone special listen gt
please continue going here daily and listening to play all songs thank you so much @ summerfranklin
boots beers and trucks now on vmr radio music
c c cannon music nashcountry newsingle its too late now available various sites
girls in booty shorts fuck teen glasses sex
nowplaying reba mcentire it's your call
nowplaying stephanie quayle with winnebago newartist
mr misunderstood eric church
i wanna hear raindrops fallin down on an old tin roof i wanna find a front porch rail and prop up my travelin' boots
girls in booty shorts fuck erotica strip club
for when i lost my way there are four words left to say god gave me you blakesheldon iloveyoutimothy
nowplaying camptown ladies by kenny rogers listen on stream
nowplaying michelle wright young country
nowplaying ernest tubb walking the floor over you
newrelease 7 if not for you zinepak if not for you zinepak joey feek artist 3 release date
nowplaying strong will hogedownload our app music hotcountry rt
unblock access to youtube n your country anonymous anonymous email access unblock anonym
nowplaying trace adkins this aint no thinking thing
nowplaying i cried all the way to the altar by patsy cline listen on stream
when you cruise with your friend windows down music blaring arm out the window spring smells in the air feelin' alive
nowplaying the fighter keith urbandownload our app music hotcountry rt
nowplaying patty loveless i try to think about elvis
feelgood country track that will make you think of someone special listen gt
love pop soul jazz amp 'cause that's what we play broadcasting on short wavesatellite amp radio stations across the globe
ep108 bestof the podcast features artist @ iamjordanaaron vancouver music podernfamily
so happy this morning big shout out to radio who already add rich man poor man your support is amazing
@ heatherfro depends on your definition of there's a lot of nominal stations but few play anything but pop music
nowplaying confederate railroad when you leave that waygo back
when you're in business you need to protect your share work clothing uk
nowplaying stephan hogan with girls love love songs newartist
nowplaying alabama mountain music
watch this exclusive video premiere battle lines by @ marcumstewart music
nowplaying trent harmon trent harmondownload our app music hotcountry rt
mr misunderstood eric church
buck owen's gravesite along with family rest well buck bakersfield california buckowens grave cemetery
biggs harleydavidson this saturday april 15 see you there d harleydavidson rsb ronshumate
nowplaying brooks ampamp dunn that ain't no way to go
the rising @ therisingmusic the rising update thanks to our early pledgers
feelgood country track that will make you think of someone special listen gt
nowplaying chillin' it cole swindelldownload our app music hotcountry rt
chris jameson airplane mode official lyric video airplanemode iphone
flatland pt 2 wrightsville bridge lancaster pa lancaster pa lancastercity
nowplaying sweethearts of the rodeo since i found you
omg perfectly disgraceful to this man and
perspectives @ droart abbaziasantamariadelbosco sicily photography monument
my new @ forbes piece is a reminder to urbanites that some people like the ruralite
girls sex lesbien sex tips
nude miss ca naked pics
nowplaying john schneider what's a memory like you
sitting on the deck with daisy dog dogs pets farm farmlife friends f4f
teen fucked deelishis pussy pics
golden streets of glory dolly parton
nowplaying my maria by brooks amp dunn listen on stream
old montana homestead or just an old shackwinifred montanamontana rural abandoned building
nowplaying bellamy brothers lovers live longer
yo could you look at my new song divorce indiemusic
teen fucked drunk mygf nude
it's almost summer check out part one of our concert guide series musicfestival
nowplaying george strait living and living well
nowplaying rachael turner with hurts don't it newartist
nowplaying a guy walks into a bar tyler farrdownload our app music hotcountry rt
nowplaying the mavericks oh what a thrill
girl barcelona porn movie anderson sex scene
always you and me mike smith
brett young brett young
nowplaying my kinda party jason aldeandownload our app music hotcountry rt
nowplaying free light of the day by neal casal listen on stream
we're crowdfunding our new album find out more newmusic folk
beautiful love song dear companion by john rankin breaking music record bluegrass guitar nashville
handmade kitchen dish cloths pastels white purple pink green wash cloth cotton shabby crochet set of 3
otd 1953 hank williams 'you cheatin' heart was no1 here's why the original king of country music
rock love music and evemcking picture by the amazing @ eppelfotografie
nowplaying hillbilly fire jeff danedownload our app music hotcountry rt
@ jubypeacock great to meet you please listen to i can feel her heart beatin inside of mine music
we are interested in finding people bringing socialgood into the world from every and every sector
nowplaying navy and grey by crete boom listen on stream
nowplaying adam craig with just a phase newartist
chris young countrymusic male vocalist singer musihothits listen
one box of jelly wobbling its way to @ dunsleyhall jelly port cheese dunsleyhall yorkshire
dallas smith countrymusic male vocalist singer musihothits listen
high valley countrymusic male vocalist singer musihothits listen
girl barcelona porn movie male naked pictures
nowplaying dwight yoakam fast as you
steve holy countrymusic male vocalist singer musihothits listen
gord bamford countrymusic male vocalist singer musihothits listen
dean brody countrymusic male vocalist singer musihothits listen
folkcountry waylon jennings
yesterday fly date thank you @ americanair for all your hospitality proudly wearing @ affliction @ harleydavidson
feelgood country track that will make you think of someone special listen gt
nowplaying johnny cash one piece at a time
check out this 15minute afternoon gozo walk from @ gozoholidayhome click here gt
nowplaying do you wish it was me jason aldeandownload our app music hotcountry rt
nowplaying nitty gritty dirt band stand a little rain
nowplaying on corey nolen titre following the song rock nancy heartcountry
nowplaying caroline jones with tough guys newartist
tim hicks slide over audio only via @ youtube to more rock'n
this is for people who ain't from the country like me and me ol famalam norfolk farmersgirl
music tip ducky medlock @ duckymedlockep lamppost usa
dora friends 3 piece toddler bedding set with bonus matching pillow case bedroom sets
back when love was simple bradpaisley musicproducer composer bluegrass romance keithurban newmusic
nowplaying bobby russell saturday morning confusion
check out vintage de mcnicol clarksburg w virginia floral dinner plate 10 country chic via @ ebay
nowplaying church bells carrie underwooddownload our app music hotcountry rt
nowplaying garth brooks unanswered prayers
nice to see david coming back for more livemusic openmic acoustic guitar vocals
nowplaying one piece at a time johnny cashdownload our app music hotcountry rt
grand ole opry tonight very excited to see @ keithurban and @ homefreeguys myspringofsketching
incredible performance by @ deltarae at @ us995 studio today @ bigmachine they're going to be big thanks for everyth
nowplaying caroline jones with tough guys newartist
vintage china cake dinner plate floral pattern gold accents 9 12 imperial imperial
nowplaying patsy cline she's got you
fun times in texas with sweet amandajo1 filmscout cowgirl @ comal texas
nowplaying rodney crowell lovin' all night
music tip stanford road @ ukstanford americana folk roots uk
feelgood country track that will make you think of someone special listen gt
nowplaying born to lose by ted daffan's texans listen on stream
nowplaying travis tritt country club
america has the most embarrassing horrible reputation and these trump people and companies and making our
nowplaying chuck wicks with whole damn thing radio edit newartist
nowplaying crystal gayle half the way
omg shame on america for letting badhombres run the
nowplaying that's my kind of night luke bryandownload our app music hotcountry rt
jersey shore metallic liquid lipstick currentlywearing2000
nowplaying home on christmas day by cyndi lauper listen on stream
lmfaooooooooo what a fucking joke usa is cause for concern if your anyother syria iraq nr korea
nowplaying tim mcgraw last dollar fly away
girl squirt video sex adventures of the three musketeers
nowplaying crash and burn thomas rhettdownload our app music hotcountry rt
ctyau drunken driver ran red light in selden crash suffolk cops say road ltd asx2000
@ alliesealey on periscope country songs music acoutic
home alone tonight feat karen fairchild luke bryan
tanya marie harris @ tmharrismusic treat me like your girlfriend 418 rock usa
music blake shelton do you remember music join us and submit your music
i am live now playing eileen carey good bad girl come listen at
nowplaying ray price i won't mention it again
if i was any i would ignore @ realdonaldtrump tweets usa does not conduct biz through twitter only
nowplaying true love ways by tommy cash listen on stream
sweetest lady ever so nice to visit aunt peggy ontheroadagain southhaven
if not for you joey feek
mission2everycountry has been to vaduz lichtenstein 124th still 71 more to go need people to back me u
we've made it safely over the border to macedonia amp to number 12 the journey goes on
there is a with tesla dna with @ eresidents
i am live now playing niamh lynn i'm missing you come listen at
nowplaying little texas first time for everything
asked which i came from again earlier today 'i was born here' killed the exotic location comparisons conversation
feelgood country track that will make you think of someone special listen gt
windsor child's chairs antique set of four vintage decor homedecor antiques gotvintage
skid steer demolition gone wrong rt stupid wtf fail demolition rednecks funny
surreal party on elm street everyone's invited music unsigned guitar song nashville bluegrass new
nowplaying kenny rogers she believes in me
way to go @ dallassmith music fanforlife
nowplaying the great escape by ilse delange listen on stream
@ alliesealey on periscope country songs music acoutic
girls fuck petite girls fuck
pure amp simple dolly parton
nowplaying dwight yokam i sang dixie
feelgood country track that will make you think of someone special listen gt
nowplaying fire autumn hilldownload our app music hotcountry rt
truly it's better if i don't dancedollyparton keithurban nashville songwriter taylorswift newmusic
nowplaying tracy lawrence i see it now
