we've got two workshops waiting for you after the holidays natural hair care amp intro to gardening book no
we are open as usual over easter weekend so come along and join in with our eggciting easter activities
we are preparing for our kids and teens made beautiful eggs to decorate the school starttalken
our sterling cross earrings make a sweet easter gift just 22 barse jewelry cross earrings sale
nothing could be as eggciting as volunteering at join our fab team @ bethanyct to help us illuminate the
easter is just round the corner and if youre looking for a new dress weve got deals for you savings
buy a 6 basket fill it up amp get 25 off instore amp online order w overnight shipping to get it by
can't wait to see this amazing 70 cm chocolate egg in tso restaurant on this special occasion
easy easter crafts washcloth bunny deltaliving ad
here are three great recipes perfect for easter salads salads
totally free easter images for your social media happyeaster
the girls' disney amp lego easter baskets
how to dye your easter eggs with natural dyes deltaliving ad
brunch and easter go together like eggs and toast try these brunch spots
looking for some ideas for the rest of the holidays take a look at our guide for some 'eggcellent' ideas
a cheese easter eggs is a thing that actually exists
busy on join the giant egg hunt in common wood tylers green 18 april
enjoy your with easter eggciting discounted powerful generators click here or
the easter bunny has arrived at gigi's cupcakes call and order your easter sweet treats today sweets
20 off selected orlakiely bags as part of kilkenny shops easter sale sale
these chocolate flavoured spoons are an interesting take on an treat yum freshstrawberry events
we're loving our band new personalised easter bunny bookmark tuesdaymotivation
free spins for easter spins
60 easy easter crafts decor crafts diy
bowl over the bunny amp win eggs this easter break at @ amfhollywood bury
all of our scotch creme egg halves went in one day don't worry if you missed out we'll have plenty more in for sa
flowers and chocolate all in one florist flowers chocolate
be the hands and feet of jesus this saturday during outreaches in our community learn more and sign up
looking for something to do this easter why not check out this article from @ journalupdate for inspiration
stop by the blog to see how to make confetti eggs for easter traditions
today's story of the day is easter happiness moneydoesntalwaysbuyhappiness
it's not too late to decorate for easter with these 10 minute diy decor ideas celebrate hickselite
easter sunday menu at the duke of buckingham call 02392294491 southsea pub sunday lunch eggs
want to try a different take on eggs this year check out this tuesdiy with @ poweredbygirls diy
who else loves this easter themed @ lindt wrap wrap advertising
come ride the train and enjoy easter eggstravaganza activities too we open @ 10 am today activities
at your local coop don't forget we're closed easter sunday @ coopukfood
hop in to the garden room and stock up for easter enjoy 25 off all bunnies
a bit more fundraising for the team twirly girlies @ stopdancer strictlytopdancer charity chocolate
our spring sugar cookies perfect for easter baskets icedsugarcookies shoplocal prairieville srsweets
these little rose bush planters were just too adorable to resist rose bunny chick
hot from the oven hotcrossbuns because it wouldn't be without them baking holidays spring
@ slumberlanduk win competition this would be a yummy treat for us all my family love easter do you like
get ready for with diy peep pops
is everyone looking forward to the easter weekend send us your easter coffee snaps coffee
adorable chickie amp bunny baskets are ready to fill with candies and books get 'em today
like our caramel truffles for mrs b makes caramel cream eggs hop on over artisan
a glam easter table and chance to win a 100 @ lindtcanada prize i'm in lindtgoldbunny chocolate lindt
had one of these years ago for easter d love kinder @ linastores giantkinderegg
diy recycle a golf ball into an easter bunny tuesdaythoughts diy recycling
the latest the sharlenethomas daily ad
story 18 of the easter story challenge 2017 is easter magic for arrow and cutie arrow cutie
we are open for business over goodfriday from 11am to 9pm saturday from 10am to 9pm easter sunday and monday from 11am to 7pm
looking for something to do this weekend here's what you could be getting up to via @ timeout leeds
have friendsfamily you want to invite to service but don't know how try one of these beautiful free ecar
have friendsfamily you want to invite to service but don't know how try one of these beautiful free ecar
have friendsfamily you want to invite to service but don't know how try one of these beautiful free ecar
kick up your egg design a few notches eggcellent eggs vangogh
a2 playing a game of kickball after dinner is a fun family tradition we all look forward to sweettalk
saw this new real looking duck eggs from @ toyrifiktoys great 4 egghunt giveaway
looking at the forecast like lindsaycountry105 snowbunnies
@ heyorca christina here i'll be enjoying sedona amp grand canyon this orcachat
50 off enter springfling @ checkoutmontgomery chambray napkins napkins tablescape tabletrends sale
cool paint your own from @ toyrifiktoys for your activity giveaway
fantastic vinyl sale from @ musiconvinyl
we will only be open saturday during your longweekend for if you want a movie or book to hang out with
im not really that good a guy besides its not like im lying romance
hint what clothing item you wear the most in warmer weather egghunt jeans menswear win giveaway
in love with the super cute @ pumpstbakery chocolate chickens for
ramathuba our pharmacists are there they are ready to work even our kitchen officials to ensure our patients eat healthy meals
easter eggs easter bunnies and easter trophies are perfect gifts you can give out to someone this
@ freelitorg @ ny1 i loved this fun free mystery shortread by @ madmcewen @ kingsriverlife
make sure you pick up your repeat prescription before the bankholiday weekend
come spend with @ islandraptors april 1417th egg hunt amp special events wildlife
easter book have you ever wondered what happened in heaven on good friday free greatreads god
a truly inspiring easter ecard blessings
boston an egg may last a day but a book may last a lifetime love angus amp doc
10 adorable and delicious diy treats for recipes
easter is around the corner make sure to check out our dedicated page for events amp offers from gfi member
diy basket for kids using recycled items so pretty kidscrafts
fun @ pleasurebeach nickelodeonland this blackpool bpb we are eggcited for this easter
chocolate has some amazing scientifically proven benefits nutrition
on our blog diy decoration projects from @ wineandglue @ delightnoted @ designmom and more
stock up on personalized presents just in time for shop kids gifts now to save big during bogo 75 off
pom pom egg painting craft for kids crafts and worksheets for preschooltoddler and kinderg
just had a cheeky cream egg before i head to the gym cream eggs is what love about easter creamegg chocolate
ramathuba we can reassure you that we have committed staff that should be a disaster 10 more doctors will be available
masses interrupted pastors arrested allegations of forced conversions plight of indias christians
part two of preparations colouringeggs naturaldye redonion @ dublin ireland
part two of preparations colouringeggs naturaldye redonion @ dublin ireland
are you for relief catering staff this easterwe have lots available call 0151 364 3307 reliefstaff
we made hot cross balls for easter head over to our facebook to find out how
these little peep birdie nests are so cute and yummy to eat treats kids
sheila hart inc is having a egghunt for tag a friend who would want to join inthe winner will be announ
download these songs and come rejoice with us on morningpotential church8am etperiscope @ drmchitwood
join us at bury lodge in beaconsfield on friday 14th april from 230pm for the home's annual hunt
this vegan chocolate orange and almond olive oil cake is always a a favorite at the dinner table
cream cheese frosting recipe foodie dessert
easy sugarfree chocolate cheesecakes for
a definitive power ranking of the best candies on earth
twitterbakealong choice is yours as long as your bake has some association with @ kuskus1 @ robcallen
have you made plans for easter brunch hopland campovida mimosa eggsbenedict biscuitsandgravy
@ realdonaldtrump how shameful that you wouldn't attend the event at the @ whitehouse or an egg event more golf on the taxpayers
grab some cinnamon buns and head to this fun event
hello foodies in cotswolds @ petersyard @ stinkingbishop @ cotswoldbutter @ dmordoree perfect end to an meal
visit our facebook page for the recipe blackwalnut recipe
@ athomemag oooh that's an egg'stremely egg'cellent hamper win
@ 31dover oh wow yes please rt thanks 31dover win
no yolk @ mainlys open all for diy garden tools ornaments fairy houses and seating electrical applia
little marshmallow chicks in the making
@ crackerbarrel how about the symbolism of resurrecting the career of bradswife justiceforbradswife
spiritual love faith when you can't see what's in store passover inspiration via @ nnpwlight
resurrectionseries starts easter sunday 416 join us @ 730 900 amp 1030am services demandsaresponse
we hope you have a nice day out on easter monday handbags lena 2995
giveaway head over to our insta page @ magpieontherun to find out how you can win this luxury hamper cre
looking forward to the wkndbankhol birthdaynight tigertiger shots friends
spending time at postinnvillage today enjoying the annual egg hunt
ready for easter can't decide which is my favorite crochet crochettoys bunny duck elephant
come on out this saturday and support a great group of boys and a great cause osoyoos bbq fundraiser
our annual easter egg hunt is this sunday 25pm see below come 'n join us for a super fun day rosscarbery
helping out for at the kamloopsfoodbank with stan bailey and angie heinze rickchapman
an amazing 3 courses 2195 this easter sunday @ cheznousbistros food
come amp seecorner of 103rd amp book in south naperville holyweek naperville
sunny skies forecast for our dino egg hunt on sun april 16th join us for our annual candyfree event
20 off everything use voucher code cracking20 at checkout
did anyone give up alcohol for lent we'll see you for these this weekend @ solihullhour solihullhour
9 adorable bunny butt desserts that you and your kids will love by
the latest toys r tweeters too thanks to @ kritterkondo
the latest the leandra bateman daily thanks to @ rbuckner @ mgctwest @ 87retweet ad
hi ottawa mary had a little lamb for dinner last chance to order local organic lamb before the
crab stuffed ham rolls for enter to win a wholefoodsmarket giftcard sponsored giveaway
so much color this time of year winnipeg shoplocal flowers
good friday is only 3 days away who will you invite lifecentre hoperises myottawa igersottawa
getting you easter ready sunday dress boutique style blessed repost @ that
a glam easter table and chance to win a 100 @ lindtcanada prize i'm in lindtgoldbunny chocolate lindt
planning an brunch try this recipe for ham cheese amp spinach puffs
@ emergenzavvf @ monumentsmenfnd @ monumentsmen @ unesco earthquakeitaly fireman at work 4 masterpiece shoring
have you ordered there's still time let our chefs take care of dinner this weekend fredericton
who opened the jellybeans agh never shop for early big risk of empty baskets at this rate yum c
download these songs and come rejoice with us on morningpotential church8am etperiscope @ drmchitwood
holiday ideas for budding actors book the @ brewhouselive @ actiontrack showbuild 13 apr 9am4pm 25 ages 7 taunton halfterm
come color eggs with us tomorrow evening spring annexofmarion
sanfrancisco an egg may last a day but a book may last a lifetime woof angus pangus amp doctor spotson
3yo can't read a calendar amp i'm not sure stuff will arrive in time may be a tuesday in may at our house momwin
are you for relief catering staff this easterwe have lots available call 0151 364 3307 reliefstaff
we made hot cross balls for easter head over to our facebook to find out how
these little peep birdie nests are so cute and yummy to eat treats kids
sheila hart inc is having a egghunt for tag a friend who would want to join inthe winner will be announ
passovereaster week events and cancellations pittsburgh pa pennsylvania realestate
this just doesn't surprise me d ts white house cant even organize the egg roll
@ duvalay @ cadburyuk 12daysofeaster eggcellent hope the easter bunny hops over my way this win
this saturday 415 we're having a free egghunt at the family sports dome in centennial more info at
junior youth club tomorrow s4s seeds seeds4success mere merewiltshire youthwork junioryouthclub
gather the whole family including pets for an weekend celebration by the sea at @ outletssc
@ hoopersbrews @ chokablokuk @ niceguysmovieuk rtampf i'd love to win this prize @ tweetjoanneb @ roisinmcguckin
come and enter our easter egg hunt competition can you spot the eggs powerflow dorset wiltshire
the latest the northern concrete daily thanks to @ leaguewimunis smm
is that a yamaka or an easter bonnet ur wearing nationalpetday passover
easter egg huntsaturday april 15th 2017 1100am blackhawk parkeaster bunny will be there with a petting zoo
watching this just made my day the struggle @ gearsofwar chocolatelancer
some cute easter bunnies at our last classes of term attleborough toddlers babysigning norfolk
nieces easter bonnet all finished now for the matching poncho abeautifulabode craft
traveltuesday planned your trip to liverpool this some of the top spots on the sightseeing
gifts for easter with a difference via @ tobyandroo kidstoys kidsgifts pocketmoney kidsfun subbox
a glam easter table and chance to win a 100 @ lindtcanada prize i'm in lindtgoldbunny chocolate lindt
join us after sunrise service for easter breakfastholyweek churchtime churchflow churchfam churchl
@ mansruinl1 easter weekend friday saturday sundaytables available from 10001512361398mansruin
always open for you openinghours online marketplace twinsandmultiples buy
natural amp allergy free easter candy choices natural candy allergyfree gtgt
10 diy decorations my craftily ever after
@ itsbrittnicole we've got an video that we'd love for you to watch amp share thanks itsallaboutjesus
fake @ flotus ruined at wh she has chiefofstaff amp socialsecretary idk why she is not working impeach
hector hare cheeky easter egg bonus gift illustration present hare design rapidograph
@ rendcollective we've got an video that we'd love for you to watch amp share thanks itsallaboutjesus
great friend @ scottthepainter coming to @ thegroveaz sun morning you don't want to miss 600am 745 90
gift idea a shakin' it gift card the lucky recipient can use it whenever not just at easter amp pick their very own fave flavour
dreaming of the loooong weekend excited timeoff rest
hop on down to great bear golf club for our easter brunch greatbeargolfclub brunch
oh forget chocolate eggs you need slices of @ lambtonjackson smokedsalmon click to order
headed to mammothmountian this weekend it's springbreak and where's my valium
there's only one perfect candy and if you disagree you are wrong eggs bunnies
time when i'm constantly thinking pastels i want to eat you heisrisen
