fine art prints and originals perfect for any or indeed drinkie art
what's on your menu tonightmenu dinner rosemary whitelivinginspiration whiteliving greatthingswillbeserved
head on over for some goodies bakesale newmanu
brown sugar glazed ham don't sweat the recipe easter approaches be ready
the kitchen at atomic brings fine dining and bar food to fremont east vegan recipes healthy cooking ani
we're hiring click to apply food service assistant days sugarland texas job jobs
8 ways to spice up tuna salad vegan recipes healthy cooking animalrights
our 10 mostpinned spring recipes vegan recipes healthy cooking animalrights
poppyseed pasta sugar makosteszta hungarianfood spain instagram this posta made me
is really hard to be on diet when you deal with pizza like this markchmielarz pizza chef kitchen
chilling with andywhat tedstoner andywhat stoner comingsoon munchies deliciousfood
the perfect way to truly know and understand a place you are visiting is to try its
6 reasons to love babyled weaning weaning babyled babyledweaning tips parenting
i'm mexican but i think mexican food tends yo exaggerate yes i hate mole mexicanfood
orange cool drink of lemonade with slices of orange and mandarin in a transparent bowl with ice by mylt3empkl so
please rt recipes mini chocolate mampm cookies
please rt recipes cooking delicious cook recipe rotini pasta 4 ways
please rt recipes cooking delicious cook recipe white chocolate pretzel peanut butter
please rt recipes cooking delicious cook recipe photo essay cook n scribble los angeles
please rt recipes dessert homemade marinara sauce
please rt recipes cooking delicious cook recipe mocha oatmeal
the russian government approved amendments to the state program of agricultural development feedly
the latest free solutions thanks to @ marshallulib @ thimbleandtwig @ mirrortravel cheap
please rt recipes cooking delicious cook recipe gluten free artisan bread recipe
please rt recipes dessert smothered tuscan garlic chicken
please rt recipes dessert sooji potato pancakes recipes finger food recipes for babies
please rt recipes cooking delicious cook recipe chocolate covered cinnamon sugar pretzels
please rt recipes cooking delicious cook recipe s'mores kabobs l megan mitchell
please rt recipes dessert tomato sauce with butter amp onion
please rt recipes cooking delicious cook recipe 50 deliciously healthy lowcarb and
please rt recipes dessert ginger kuzhambu recipe inji kuzhambu recipe without coconut
please rt recipes cooking delicious cook recipe glutenfree baking demo and talk at mcclearly
please rt recipes cooking delicious cook recipe smoothie bowl ideas
please rt recipes cooking delicious cook recipe you've been cooking spaghetti squash all
edible chopsticks are such a fantastic idea how about edible forks next questions vancityeats
check out what to cook for easter brunch and dinner
please rt recipes cooking delicious cook recipe meal in a dish comforting chili macaroni
please rt recipes cooking delicious cook recipe crispy shiitakes shiitake bacon house arrest
made some pesto from the sorrel in my garden that has sprung to life who's tried sorrel i love it's lemony zing
how to take gorgeous food photos for fashion and lifestyle bloggers
check out nut butters kitchen paper indian food and escaping the mundane nomnom blog
fact are just as cleanif not cleanerthan restaurants yum eatfromatruck streetfood
alright it was @ sahilbabu106 who implemented this i just bundled it recipe blogs
new post lemon and dill braised potatoes and leeks with mozzarella healthy vegetarian
what is fasting fasting is denial of what you have right to fasting therefore is more than and water you can fast anything
i'm a proagriculture progressive pruitt's policies undermine my faith in our food slate magazine
healthy 4 all crockpotbakedpotatoes
whos hungry watch tv on @ plutotv ch 621 for @ bourdain @ kincommunity @ tastemade and more nomnom
firecracker shrimp 60 second recipevideo chinese
freshly baked classic apple cinnamon cake baking apple cake
10 of the best restaurants in lyon chosen by the experts
what to cook for easter brunch and dinner
the latest the chef daily thanks to @ juliansc22 @ ofsrow @ refrihosteleria chef
triple ice cream colored 85x11 continuous line drawing art arts
best food for french bulldog puppy begin to be now what you will be hereafter pure dog pet
the latest the keep it hot daily thanks to @ vocalpoint recipes
mouthwatering goat cheese cheesecakerecipe recipe cook
yum can't wait for nirvana wine festival
enjoying a double cheeseburger deluxe for lunch yum instafood tagsforlikes yummy amazing i
enter to win foodie travel gift certificates here giveaway travel
want real comfort try our version of pancakes when grandma whips up some makshoosh life is good
news excellent click here for original post serves 4 time 40 m 20 m prep 20 m cook ingredients
news groupboard banana split cupcakes are a delicious treat to make for a birthday party or any specia
exploring asheville asheville vegan downtown
19 things picky eaters can't get away with buzzfood
how the cdc stops foodborne illness from spreading recipe dining guides eatery
jeff pappin on innovating through vertical expert networks amphow @ allfoodexperts paves the way to this model in
recipes reddit livebroadcasting homemade 9 hour slow smoked beef ribs with home made rub and bbq sauce
@ wfpwafrica @ wfpchief @ wfp life without nothing can be accomplished africa is rich but hw do we measure o
these mini oreo cheesecakes make a perfect dessert for any time of year recipes cooking
the latest napa valley winery daily thanks to @ melkawines culinarycation
the latest the hog touring rides daily thanks to @ sturgisrally @ cthog @ thorntonah motorcycle
prepped so far desserts and canap starters main to follow culinarygenius @ jadeadderley
@ faosdgs fao global forum on food security and nutrition via @ afriharvesters nutrition agric
in the 1830s the british astronomer john herschel used a solar collector box to cook during an expedition to africa
in the 1830s the british astronomer john herschel used a solar collector box to cook during an expedition to africa
discover the best place to go shopping tripping and sightseeing in spain visit gran va
stop by the @ santabarbaracc west campus lawn tomorrow 915 2pm drinks info fun sbccstudyabroad
these people are often called as and you can find them anywhere but with their favorite meal
check out why being a fitness entrepreneur makes sense nomnom blog
check out get a fresh start by signing the heart foundation petition nomnom blog
can you recommend anyone for this job in farmington ny hospitality veterans
what to consider when deciding what to spend on @ summertomato nutrition
japan centre looking for for japanese
please rt recipes cooking delicious cook recipe the secret to working with tricky phyllo kitchen
peaks my interest but beer pairs with everything so craftbeer beer chocolate
the latest wewochro digital exchange news thanks to @ uaeexchange
the latest the food daily thanks to @ johnsduke @ ghbusinessonli1 @ sherrygo health
chinese street snack deemed a hit in nyc chinesefood
30 tasty ways to cut calories
who could forget about the amazing that comes along with summer and camping hamont poutine delicious
no filter needed for these scones yummyfood yummy delicious scones
what plantswhat pollinator flowering crab with honey bee going mad pollen organic for insects
news groupboard german chocolate cheesecake
can you recommend anyone for this job in stpaul mn airportjobs travelhospitality
6 veggie steak recipes that will make you rethink dinner on the grill parents
news excellent click for original post serves 6 time 615 15 m prep 6 h cook ingredients ingred
anybody say quesadilla come enjoy some fine food @ slcbrowns quesadilla salad protein quality
is urban farming a waste of time sustainabilitygt
trust me it tasted as good as it looks acaibowl fruit
an amazing 3 courses 2195 this easter sunday @ cheznousbistros easter
join 4 people right now at maryhill cabernet franc 6 winewoot cheers recipes cooking entertainment
united distributors names pete moraitakis president vino winelover winetasting winelovers terroir vin
please rt recipes cooking delicious cook recipe spaghetti squash ribs
please rt recipes cooking delicious cook recipe easy condiments 2 from foodnetwork
please rt recipes cooking delicious cook recipe the secret to working with tricky phyllo kitchen
please rt recipes cooking delicious cook recipe spaghetti squash ribs
please rt recipes cooking delicious cook recipe celery soup with lemon and basil
please rt recipes rustic apple cranberry pie
please rt recipes chinese cabbage salad
please rt recipes cooking delicious cook recipe cured meat sushi
please rt recipes cooking delicious cook recipe jamaican cheese muffins
please rt recipes cooking delicious cook recipe puffy tacos how to make puffy taco shells
please rt recipes cooking delicious cook recipe chipotle garlic cheddar mini beer loaves
please rt recipes the skinny on lowcarb diets
please rt recipes enchilada elbow bake
please rt recipes cooking delicious cook recipe potato tapenade and egg millefeuilles
please rt recipes garlic fried rice and degustabox
housewife classics with sir fexus cdxx now live at @ streamersupport @ retweettwitch
baby bokchoy and fullsize bokchoy produce asianfood @ global food ashburn
please rt recipes cooking delicious cook recipe international butternut squash noodles
please rt recipes dessert yule log cake recipe buche de noel recipe
please rt recipes cooking delicious cook recipe spaghetti squash ribs
please rt recipes cooking delicious cook recipe pumpkin oatmeal anytime squares vegan
please rt recipes cooking delicious cook recipe the secret to working with tricky phyllo kitchen
peaks my interest but beer pairs with everything so craftbeer beer chocolate
the latest wewochro digital exchange news thanks to @ uaeexchange
the latest the food daily thanks to @ johnsduke @ ghbusinessonli1 @ sherrygo health
chinese street snack deemed a hit in nyc chinesefood
30 tasty ways to cut calories
who could forget about the amazing that comes along with summer and camping hamont poutine delicious
no filter needed for these scones yummyfood yummy delicious scones
what plantswhat pollinator flowering crab with honey bee going mad pollen organic for insects
news groupboard german chocolate cheesecake
@ kfc when can i get some original recipe tenders chicken ideas damn fast good restaurants
@ h2hayrshire concerning for local olderpeople in need of help getting to eat thanks for your kind support
usa breaking news click here cooking and cookbooks mushrooms mushrooms on to
read my new blog about bananabread and please tell me how to not burn them help baking
rutin sources health benefits amp side effects
recipe lemon pepper ovenbaked wings recipes from the kitchn
partial sectioning peeling i love them oranges thecookingcult
i've been looking forward to this food at @ bundobustmcr for far too long indian manchester veggie
what to cook for easter brunch and dinner whether you're hosting a postchurch midday meal or a celebra
the latest the tina daily thanks to @ tomatom @ mycaribbeanfood @ kristenashley68 recipe
are you interested in urbanfarming gt fruits vegetables
please rt recipes pumpkin cheesecake snickerdoodles
ginger mexico anal stockholm twins bigass
please rt recipes dessert beef biryani recipe beef dum biryani recipe
please rt recipes dessert messy mondays how to get your kids to eat meat
please rt recipes dessert fudgy white chocolate brownies
please rt recipes dessert tropical green smoothie
please rt recipes cooking delicious cook recipe vegan potato salad
i don't eat fast but i can't live without pizzarepostrestaurant pizza livelovefood
please rt recipes dessert fig clafoutis low gi
post track feed fast session big appetite
how to make a sushi bowl vegan recipes healthy cooking animalrights
my absolute favorite salad dressing is homemade blue cheese pair it with a pear and some pecans and oh my
size location and content demands does not matter for @ agriacademy early adopters in and agribusiness
all those savory elements are more than up for the hot wok assault singaporefood hotwok
join the delaware north team see our latest job opening here hospitality boston ma veterans hiring
anything that comes out of kafe k is made with the finest quality ingredients organic natural
6 singleserve super bowl recipe faves appetizers featured
cost analysis chat cam adult
strawberry chicken salad student recipes cook kitchen
armenia is a country with rich culinary traditions with every region possessing its own food tradition and history
tip dont open the oven to look at the inside peep through the window to prevent hot air escaping
cuminpussy bbwla assfuck flexible list hardfuck latinapornmovies
@ dubrovniktimes join our fb group 1800goodfood
choice architecture 'extremeness' aversion and the mesmeric if overused power of caramelised
discover learn amp interact with wineries winemaps today's wine news and reviews wine vino winel
if corporate university for your and agribusiness is your priority then @ agriacademy can sort it out for
which oil is the best choice for today's trends via @ fooddive
what makes a brand truly irresistible marketing
someone is eyeing my lunchdog bestfriend lunch healthyliving fitness fitspo
fricassee has made my day spicy tunisianfood fuckthediet tunisia tunis
nailed milfpussy sloppy dates blowjob licking realsex
@ worldoffaz join our fb group 1800goodfood
@ ljasurveyors join our fb group 1800goodfood
check out what are the important food questions you should ask yourself part 1 nomnom blog
don't diet dull stick with us hairydieters and eat good food not rabbit food dietdelicious recipes
best homemade carrot cake better than your grandmother's easter recipes
6 reasons to love babyled weaning weaning babyled babyledweaning tips parenting
ass cumontits livesex dresing8085http
such a busy moring finally home need food and a nap lol what to do first duh tiredspoonie
@ rogerfhaddad join our fb group 1800goodfood
crispy roasts from the grill by dar1930 source500px
baby grapes by bobster1987 source500px
@ cvtorbole join our fb group 1800goodfood
remember that broccoli salad your grandmother used to make well this isn't it
why is panera worth 75 billion because it made food a tech business via @ postdispatchbiz tech business
want to work at delaware north we're hiring in newboston mi click for details hospitality veterans
i ate lionfish sauteed peppers and fruit salsa recipes cooking delicious
found this on ig katiematecka found recipes cooking delicious
i ate a smoked half rack with deviled egg potato salad and applesauce i love local bbq
roasted chestnuts in april chestnut chestnuts roastedchestnuts springtime
i hickory smoked some pork today cheers to tecate for the motivation homemade recipes
great eve @ londonbeachgolf total surprise at the amazing food @ terryttg @ salesfrienduk
how to make ground beef lumpia photo image cook
new online retailer handpicked rolls out singaporemade artisanal noodles the peak
@ airiannaashley we getting ramen rn ramen porn
slow fish comes to genovaitaly yummy
here are some reasons for you to prefer organic foodorganic tigernuts enviroment health
repost @ dustinfinn with @ repostappicecream @ serendipity3nyc strawberryfields
the making of the meal kit love hearing abt the opsmanufacturing behind @ blueapron startup vc
freeshipping on 100 food products order @ grocerydealsno1 for tuesday meals recipe coupon code
7 brach's easter candy tiny jelly beans bird eggs 075 ouncepack of 5 gifts
5 the classic cravebox 30 count variety assortment bundle of snacks gifts
@ edwardvolturi on periscope welcome to a simple hilbillymeals burgers cook teach
blog post eat your nuts fitness health
this is a post with post type link fun
mommy niri chicken parm recipe video pic cook
it also pulls metals out of the body health medicinal
how to make dad's awesome crock of pork recipe
check out how to lose weight by never dieting ever again nomnom blog
take notes you're gonna want this recipe this week cucina cook cooking pasta freshpasta
great night at the fc takeover of frankie amp benny's @ hullfcofficial hullandproud coyh
popular on @ 500px crispy roasts from the grill by dar1930 500px popular
