@ thegeoff @ realscientists may have been pared down current concept outlined in feb'17 report
the hunt for the very first stars is taking us back to the moon via @ popmech
the asteroid known as 2014 jo25 was discovered in may 2014 by astronomers in arizona through a project of nasas neo observations program
nasa found 7 earthsized planets and there could be aliens
i got 100 on wmd concerning neuropharmocology on a test 1st block of drugs i knew so sarin used as chemical warf
life beyond earth nasa to reveal findings about ocean worlds in our solar system poll
@ nasa funds el segundo researchers proposed spacejunk solution via @ ladailynews
expedition 50 soyuz ms02 landing
nasa cuts a huge check to underwrite asteroid mining news news
sex nasa your porn collection
@ theodmparty now it is odm whatever happened to nasa
nasa plans major announcement on oceans beyond earth
nasa administrator considers a foremost responsibility to be 'muslim outreach' climate
expedition 50 soyuz ms02 landing
@ benjindolo @ boniamoke @ donsarigo a political analyst and can't figure out the best candidate 4 nasa am in busine
he never stepped on the moonbut fredhayes remembers the adventure aboard apollo13 @ nasa
increasing nasas budget to just 1 of the federal budget could result in a permanent mars colony by 2037 and imme
flight lab the bizarre beautiful new fliers of nasas famed xplane program
@ kbonimtetezi @ benjindolo mteteziwith the kind of mentality of your pple that if it is not mdvd no nasa plse bor
nasa to reveal new findings around ocean worlds beyond earth thisweek via @ techcrunch
@ simbasultan001 why are these nasa sycomphants opposing everything or its cause shez uthamaki
@ tayyabkashan7 @ nasa @ nasalangley commode is too small for the coriolis effect to act
gopro on a drone and fly it into a tornado go myideafirst drone gopro tornado storm weather @ nasa @ noaa @ weatherchannel @ gopro cnn
nasa funds 22 scifi proposals to explore universe
chemistry and biochemistry symposium to feature nasa speaker and poster session mars
nasa to beam gorgeous 4k livestream down to earth
nasa sees tropical cyclone cook strongly affected by wind shear physorg
the thing about nasa spending millions to develop a space pen while the russians used pencils is false btw
thenextweb nasa to beam gorgeous 4k livestream down to earth
nasa to beam gorgeous 4k livestream down to earth
new post nasa amazon to live stream 4k ultra hd video from space for the first time
flashback apollo 13 watch the launch of the illfated nasa mission video
nasa sees tropical cyclone cook strongly affected by wind shear
we are globalnat'l preserved best oscars 4k katebeckinsale @ underworldmovie evolution 1202 @ nasaorion
life beyond earth nasa to reveal findings about ocean worlds in our solar system poll
nasa explains source of bright light in san diego skies
a relatively large nearearth asteroid discovered nearly 3 years ago will fly safely past earth on 419 via @ nasa
not many things get me more excited than the announcement that nasa will be holding a press conference on something they've found out
sabrina pasterski a 23yearold harvard physics student has been called the new einstein she has a standing offer job from nasa
nasa wants you to adopt a small piece of earth in celebration of earth day on april 22 nasa has launched a c
@ stllwithher one web site page for you mister and you have been served
on the fence due to the reaction to marginsci wondering if nasa will bother to show since trump only cut their
adopttheplanet for earthday jaedens piece of earth is 47879 at 612 n 6432 e which one will you get nasa
and soon enough lahat ng faves ko nasa pro leagues na not in the uaap oh lord
@ nasa i met tony with a broken tooth so you better make it a good show coping it is a fierce decision to decide to participate
expect some exciting news regarding 'oceans beyond earth' on thursday from the @ cassinisaturn mission astrobiology
expect some exciting news regarding 'oceans beyond earth' on thursday from the @ cassinisaturn mission astrobiology
earth is the ultimate ocean planet that we know of but our solar system may have by
nasa sees tropical cyclone cook strongly affected by wind shear tech science
nasa astronaut to star in first ultrahighdefinition live stream from space
earth is the ultimate ocean planet that we know of but our solar system may have by
life beyond earth nasa to reveal findings about ocean worlds in our solar system poll
nasa sees tropical cyclone cook strongly affected by wind shear
nasa awards dsi 125k to research creating aerobrakes out of asteroids story via @ thedailycaller @ andrewcfollett
nasa nasa sees tropical cyclone cook strongly affected by wind shear
nasa sees tropical cyclone cook strongly affected by wind sheartechnology security news
@ nasa to reveal new discoveries in news conference on oceans beyond earth by @ etheringtonspace nasa
nasa's next scheduled launch is 420
new technique for designing and manufacturing heat shields under study via @ nasa fb
new technique for designing and manufacturing heat shields under study via @ nasa
watch nasa's first 4k broadcast from space on april 26th
new technique for designing and manufacturing heat shields under study via nasa
new technique for designing and manufacturing heat shields under study via nasa
new technique for designing and manufacturing heat shields under study via nasa
kenyan proverbnasa in no different from jubilee same people same lies
@ benkitilli @ ktnnews @ ktnkenya yes nasa is there to stay ignore isolated tribal protests by some jubilee symphatisers withinktnprime
@ ktnnews @ benkitilli @ ktnkenya it's only possible if they all put their egocentrism down of a nasa win otherwise the jubilee thing kill us
nato nasa swiss army war and human trafiking medical technology crimes 3 via @ youtube
@ kbonimtetezi when anc amp wiper talkthey are rebuked odm is bulldozing nasa @ benjindolo @ skmusyoka @ musaliamudavadi @ wetangulam
@ aeonmag don't believe everything nasa tells u reasonable speculation is the soviets had sex in space they weren't as prudish as yanks
watch nasa's first 4k broadcast from space on april 26th
nasa new technique for designing and manufacturing heat shields under study
new technique for designing and manufacturing heat shields under study
@ nasa i would like information about the black hole that all my job applications are going into
new technique for designing and manufacturing heat shields under study
new technique for designing and manufacturing heat shields under study via nasa
new technique for designing and manufacturing heat shields under study via nasa
@ ktnkenya @ benkitilli @ ktnnews nasa team is mature and am sure they too know a house divided never standsthe one
new technique for designing and manufacturing heat shields under study
recordshattering astronaut to star in first ultrahighdefinition livestream from space via mashable
new technique for designing and manufacturing heat shields under study via nasa
new technique for designing and manufacturing heat shields under study via @ nasa
the shuttle discovery space nasa roadtocelebration roadtrip tonyandtony buddyfilm @
new technique for designing and manufacturing heat shields under study via nasa
i love images of space check this out new technique for designing and manufacturing heat shields under study via
nasa captures spectacular new image of jupiter as it travels close to the earth
new technique for designing and manufacturing heat shields under study via nasa
recordshattering astronaut to star in first ultrahighdefinition livestream from space
flight lab the bizarre beautiful new fliers of nasas famed xplaneprogram
mrs nettletons 6th grade students felt like they were touching the moon last week they were because nasa
new technique for designing and manufacturing heat shields under study via nasa
watch nasa's first 4k broadcast from space on april 26th
recordshattering astronaut to star in first ultrahighdefinition livestream from space via mashable
dorothy vaughan became nasa first african american supervisor hiddenfigures
@ theodmparty what unity when even the saviour nasa is unable to democratically elect a presidential candidate
kreationnext nasa delays super pressure balloon launch due to bad weather read blog
check out our awesome ama with john yembrick socialmedia manager at nasa
@ mrdoob @ github @ nasa very awesome thanks for sending this my way lt3
anc odm and sen agnes zani must understand that such arrogance and attempts to armtwist partners in nasa will not be tolerated
nasa to announce new discoveries of oceans 'beyond earth' thursday
nasa will be making an announcement on oceans beyond earth on thursday can't wait meanwhile here's an
@ romantkachenko specifically this one
nasa image of the day new technique for designing and manufacturing heat shields under study
yes wrangles are there any party nasa will remain together despite albatross on unity concern of principles @ benkitilli @ ktnnews ktnprime
new technique for designing and manufacturing heat shields under study via nasa
@ nasa planetary understanding is as important in scope as space exploration if we understand our planet we know wh
hello flat earth nasa lies adele cover song by amber plaster1280x520 via @ youtube
@ nasa only thing that would make your news org more awesome would be an illustrator to help explain your discoverie
i liked a @ youtube video hello flat earth nasa lies adele cover song by amber plaster1280x520
@ pocketvolcano does she not realize that you can literally see other planets on some nights and nasa has placed actual things on mars
@ nasa @ astrokimbrough looks more like a submarine then a space station
nasa tv to air orbital atk resupply mission launch briefings
nasa tv to air orbital atk resupply mission launch briefings
nasa to announce new discoveries of oceans 'beyond earth' thursday
@ nasajohnson hello to the iss and everyone up there from issaboveks216 in san antoniotx usa
what we expect from nasa's 'oceans beyond earth' news cnet the space agency has found
time to fly away nasa announces mysterious press briefing about 'the search for life beyond earth'
the very center of the rosette nebula measures about 50 lightyears monoceros @ dongoldmanapod nasa
nasas new horizons probe is taking a long nap as it prepares to meet up with a distant icy space rock
admission by odm party that it is responsible for dirty propaganda leaks undermines the credibility of nasa
adopttheplanet for earthday my piece of earth is 22851 at 312 s 15744 e which one will you get nasa
always love what nasa does new worlds a new beyond
great article in the @ dailybreezenews @ sandymazza on branecraft niac 2017 phase ii funding thank you
@ railaodinga @ skmusyoka @ musaliamudavadi @ wetangulam kenyans are eagerly awaiting nasadecides nasa
nasa to announce finding which will inform the search for life beyond earth
nasa to reveal new discoveries in news conference on oceans beyond earth
hawaii maui oahu kauai nasa to announce new discoveries about ocean worlds
@ sxmmo we'd 100 reach mars next 1520 years setting up a 'colony' there though nasa are promising such in that t
just like home nasa's maven finds metals in martian atmosphere
the time scientists thought they saw the real death star nasas unexplainedfiles
nasa live earth from space spacetalk 2017 hdvr subscribe now va @ youtube
nasa to beam gorgeous 4k livestream down to earth
what we expect from nasa's 'oceans beyond earth' news cnet cnet
nasa funds ideas from science fiction geekwire
nasa may have found alien life on ocean world the libertarian republic
what we expect from nasa's 'oceans beyond earth' news cnet
@ dezzy im down lets go @ nasa
cassini weekly image plateaus up close rings saturn
nasa to hold major press conference on 'ocean worlds' in our solar system via rworldnews
