every day is gameday on fantasydraft dailyfantasy nfl mlb nhl pga
updated championship odds from @ 5dimesdubnation 158defendtheland 315gospursgo 850celtics 2250
others try to duplicate others try to impersonate but there is only one and we're just warming up dfs mlb
indiana pacers @ philadelphia 76ers april 10 20 recap video lokol
hornets 75twolves 3okc over 2135suns 35suns over 2195
please vote who is the 20162017 nba mvp
isaiah thomas king of the fourth celtics
harden and the rockets vs westbrook and the thunder might be the best first round playoff matchup this year
open your account and get in on the nhl action at
jared greenberg wizards have a backcourt that's fearless theyve got experience winning in the postseason
nba am casting awards ballots is not easy
james harden thinks wins should be a top factor in the mvp race official bookmakereu
blazers beat spurs on busted play and gregg popovich laughs it off that play was surreal ripcity gospursgo
drop alert new release this week stay tuned mitchellandnesseurope newdrop hologram snapback comingsoon
nba boys 820 jersey basketball
best shoe ds authentic jordan melo 55 low syracuse orange size 115 basketball
cp3 bestseller 2014 jordan cp3 shoes size 11 blue orange paint ball blast neon chrispaul
card 2003 fleer focus agadj dahntay jones 2050 memphis grizzlies auto rookie card
shoe lining way of wade 2 encore fountainbleau size 13 basketball
james harden houston rockets 13 beard tshirt tee brand new htown playoffs
who's your pick for the @ nba mvp this year closeone
top shoes nike jordan flight 45 high max chrispaul gym red obsidian white 524866 601
who do you play in tonight slate @ teeitupbsmith has your answer @ draftshotash @ mrpucks77
nba dallas mavericks dirk nowitzki swingman jersey size xxl by nike basketball
spurs wire alright who had the best reaction
wire richaun holmes dunks while getting knocked out of air by myles turner video
wire richaun holmes dunks while getting knocked out of air by myles turner video
wire richaun holmes dunks while getting knocked out of air by myles turner video
wire richaun holmes dunks while getting knocked out of air by myles turner video
wire richaun holmes dunks while getting knocked out of air by myles turner video
wire richaun holmes dunks while getting knocked out of air by myles turner video
like almost every year we're ready for the playoffs gotta be in it to win it celtics
wire richaun holmes dunks while getting knocked out of air by myles turner video
wire richaun holmes dunks while getting knocked out of air by myles turner video
wire richaun holmes dunks while getting knocked out of air by myles turner video
wire richaun holmes dunks while getting knocked out of air by myles turner video
wire richaun holmes dunks while getting knocked out of air by myles turner video
wire richaun holmes dunks while getting knocked out of air by myles turner video
wire richaun holmes dunks while getting knocked out of air by myles turner video
wire richaun holmes dunks while getting knocked out of air by myles turner video
wire richaun holmes dunks while getting knocked out of air by myles turner video
wire richaun holmes dunks while getting knocked out of air by myles turner video
wire richaun holmes dunks while getting knocked out of air by myles turner video
wire richaun holmes dunks while getting knocked out of air by myles turner video
wire richaun holmes dunks while getting knocked out of air by myles turner video
wire richaun holmes dunks while getting knocked out of air by myles turner video
sports mall vintage dallas mavericks throwback satin starter jacket xl nice
wire richaun holmes dunks while getting knocked out of air by myles turner video
sporting buzz vintage dallas mavericks throwback satin starter jacket xl nice
apparel souvenirs men's adidas originals newyork knicks hoodie large hood sweatshirt sweater l auction
cards kawhi leonard 20122013 upper deck sp authentic rookie 27 25 san antonio spurs
@ bradfatherspeak i believe the heat have to beat the wizards and have either the bulls lost to nets or pacers
kevindurant amp stephcurry both back golden state warriors vs utah jazz highlights reaction dubnation
201617 donruss optic stephen curry dimes holo silver prizm golden state allstar
welcome to the tripledouble era nba stars legends double
lakers s adidas linsanity jeremylin new york knicks blue tshirt basketball asian ebay auction
cards 200910 prestige basketball jamesharden rookie 203 2 card lot card bestseller
201617 allnba picks mvp contenders squeeze curry durant off first team news followus
nba playoffs 2017 known schedule bracket format and dangerous teams bleacher report news followus
last night sixers lost in front of pacers philadelphia sixers indiana pacers
hdtalk great to see seamus coleman up and about as ronald koeman pays him a visit sport
top pick 5 oklahoma city thunder vsminnesota timberwolves go with minnesotatimberwolves 190 make picks
top pick 4 denver nuggets vsdallas mavericks go with over 2125 make picks free
top pick 3 new orleans pelicans vslos angeles lakers go with neworleanspelicans 35 make picks free
top pick 2 new orleans pelicans vslos angeles lakers go with neworleanspelicans 140 make picks free
top pick 1 charlotte hornets vsatlanta hawks go with atlantahawks 340 make picks free
giannis antetokounmpo did something this season no other player ever has ownthefuture
last 2 east seeds amp homecourt in jazzclippers series still in fluxlook playoffpict
please vote harden everyone i have him @ 20mvp @ billsimmons
sport jamal crawford shows off his sick handle vs rockets jamal crawford shows
@ mikeandmike makes rules amp freaks when teams take advantage dont like resting players less gms amp no back 2 b
last 2 east seeds amp homecourt in jazzclippers series still in fluxlook playoffpict
when the turned into a high school cafeteria via @ bleacherreport
can you believe it's getting to the playoffs alreadyi'll be on talksport2 this evening talking and the upcoming postseason
@ nbastore @ nba ikawhi leonard has the 6 most popular jersey in the why replace him w porzingis
climbing the ladder we count down tharealjsimms top 10 dunks of the season gospursgo basketball
wire man who stole tom brady's super bowl jerseys is reportedly a cowboys fan
wire 201617 nba awards season top 5 coach of the year candidates
ranking the best perimeter defenders in 2017 nba draft bleacher report
reebok philadelphia 76ers phila 66' jersey shirt hardwood classics men's size xl
vtg michael jordan chicago bulls magic johnson tshirt xl jersey 90's new tags
cavaliers cleveland cavaliers championship bobbleheads complete set no reserve
the mvp race has been the talk of the town but the fight for dpoy should garner more of your attention
cards card lebron james 200910 bowman '48 14 cleveland cavaliers basketball
begley hornacek doesnt expect melo or kp to play knicks nyknicks
chicagobulls vtg michael jordan chicago bulls magic johnson tshirt xl jersey 90's new tags
turning up the playoff heat on the miami heat desperate day ahead
phoenix wearephx vs sacramento sacramentoproud nba betting odds prediction
games on 4112017thunder @ timberwolves 505pm pst suns @ kings 735pm pst 100 bonus
tuesday video 1 free picks usa 697476 run l4yrs timberwolves rockets 3 mlb picks today
200304 topps chrome lebronjames rc 111very rare rookie of nba's greatest
allstar lot 2 201314 hoops isaiahthomas dreams insert boston celtics basketball
cards lot 3 201314 nba hoops jamesharden houston rockets card bestseller
201617 panini select isaiahthomas it4 die cut yellow refractor 4075 celtics
assorted premium lamarcus aldridge rc lot allstars
klay thompson 201617 select basketball case 12xbox player break 3 allstar
hdtalk screams drowned out by traffic as woman raped and killed under uk motorway bridge
proballmetrics kristaps porzingis rest ruled out for wednesday draftkings fanduel fantasy dfs lineup
tix 2 ticket nba eastern conference first round washington wizards necessary 41
into the bears den nba coach of the year @ bealestbearsfs in this weeks edition of into the bears den
tyler johnson comes up clutch as the heat beat the cavs @ allucanheat1 tyler johnson rose to the occasion in
is this it for melo knicks
a day in the life of a giants jets nfl hopeful
can selfservice loving lead to unsatisfied customers later
nba playoff standings 2017 latest records postseason scenarios and predictions bleacher report
knicks kristaps porzingis back is downgraded to doubtful wednesday 412 vs philadelphia
knicks carmelo anthony back is downgraded to doubtful wednesday 412 vs philadelphia
carmelo anthony sf nyk is out wednesday vs phi sore lower back missed 2g draftkings fanduel dfs prob
lance thomas sf nyk is out wednesday vs phi sore hip missed 10g draftkings fanduel dfs proballmetrics
wire barcelona vs juventus live stream info tv channel time odds prediction how
a day in the life of a giants jets nfl hopeful
can selfservice loving lead to unsatisfied customers later
beyond the paint brisker check out the john brisker feature on beyond the paint friday night at 10pm e
warriors focus on chemistry as stephen curry joins kevin durantg lokol
cards michael jordan 199899 upper deck black diamond 10 chicago bulls card
brand new men's size large nba dallas mavericks gray blue athletic shirt basketball
wire barcelona vs juventus live stream info tv channel time odds prediction how
minnesota timberwolves champion jersey team shorts vintage 1990's youth sz xl
brooklyn nets nba shorts size talla 8s boys basketball
cards lot 4 cards all damian lillard inserts portland trailblazers card
i uploaded a new episode the daily wager 24 tuesday 41117 on spreaker mlb mlb
dwight howard 2004 2005 fleer tradition orlandomagic 221 rookie gem mint 10 card cards
dallasmavs shootaround and tonyromo presser @ nba media press mavs mffl tonyromo
steph lebron top nba's most popular jerseys via @ bleacherreport app warriors
201314 panini hoops stephen curry gold sp base basketball allstar
join us for a pizza pie before heading down to philips arena for hawks last home game against charlotte hornets
200607 bowman chrispaul gold 50 non auto 2nd year los angeles clippers allstar
delong chicago bulls vintage jacket size small basketball
proballmetrics rhba18 no word yet draftkings fanduel fantasy dfs lineups fantasysport mlb makingmoney
sports goods kyrie irving cleveland cavs cavaliers bobblehead 2016 champions trophy new
basketball buzz kyrie irving cleveland cavs cavaliers bobblehead 2016 champions trophy new
i can't tell if it's bad that i kind of want portland to do well these playoffs
cavaliers kyrie irving cleveland cavs cavaliers bobblehead 2016 nba champions trophy new
todays ref assignments nuggets mavericks 8879 oversunders 8284 favsdogs
cards jamesharden panini 2016 card 4 houston rockets free shipping card bestseller
chicagobulls lot dennis rodman nba mini wilson basketball chicago bulls basketball pillow
@ juveneo @ juvemetal32 @ charlesgambino @ dinozola that's why nowadays i rarely watch
loool yoooo fam i was crying this moring when i seen they rested i think lbj did it on purpose still
remain confident ahead of playoffs despite being long shot for no 1 seed via @ bleacherreport
@ juveneo @ juvemetal32 @ charlesgambino @ dinozola i respect that that's how it should be that's nowadays i rarely
@ dallasmavs @ dallascowboys @ mcuban where is david stern when we need him wonder what @ dmorey thoughts on this
hey deandre remember when you should've had a mavs uniform on smh
the @ utahjazz have aced their hayward audition now the ball is in his court via @ kslcom
sports predictions sportslife sports predictions mlb nfl
1230 games 170 days 30 teams 1 schedule see how kpmg's data amp analytics team is helping the
the @ detroitpistons played their final game in @ thepalace last night so much history detroitbasketball
hey @ 22wiggins @ kingjames wasn't ready myteam myteamoftheweek
the new nhl and multi sport @ beckettmedia guides just landed come on down and get yours
sneaker deals air jordan retro 11 xi low unc carolina university blue white 528895106
jeremylin jeremy lin rookie lebron james rookie graded 10 mint free gift jersey basketball
@ ianbegley smart move they should make sure they don't drop any lower in the lottery injury lists are a
baseketball jamesharden 201617 panini prizm sp silver mosaic refractor houston rockets forsale onsale
breaking top 15 most popular jerseys shopem here by via @ c0nvey
kobebryant kobe bryant 200910 bowman '48 36 los angeles lakers kobe lakers
men's 87 nike team sports nba sacramento kings mike bibby 10 stitched jersey xl
clippers rare vintage 1992 authentic champion la clippers danny young 21 game jersey 46 l basketball bargain
portland trailblazers nba long sleeve shirt size 2xl i combine ship basketball
carmel anthony denver nuggets authentic jersey basketball
muggsy bogues 1 with wings charlotte hornets nba men purple crew neck tshirt xl
basketball 1997 upper deck nestles bulls michael jordan ' crunch time ' ct 0540
lebronjames 200304 bowman lebron james 123 rookie card cleveland cavaliers mvp lebron sports
sport goods san antonio spurs warm up jacket jersey shirt youth size medium 810
2 year anniversay sale 25 off last day get started here picks verified @ hwdog
tony romo knocking down jumpers at mavericks practicetonyromo
@ reeltpj calls @ cp3 a 'check stealer' for not making it past the 2nd round of the playoffs and is not a hofer
icymi sixers video henderson 'i tried to hit him before he hit me' plus simmons shooting
last 2 east seeds amp homecourt in jazzclippers series still in fluxlook playoffpict
wire wwe raw raids smackdown roster in superstar shakeup
baller thunder star russell westbrook resting against timberwolves yahoo sports
baller romo's honorary mav day turns spectacle for final home game yahoo sports
thunder star russell westbrook resting against timberwolves thunder okcthunder
hot naked old woman cheerleader naked
rockets jamesharden panini 2016 card 4 houston rockets free shipping bargains deals
malik rose name gm of erie bayhawks sports
lebron james david griffin and the letter that sparked the 31 comeback
chrispaul amp blake griffin 12 card lot allstar
draft notes fultz ball hutchison 2018 sports
thunder star russell westbrook resting against timberwolves yahoo sports sacramentokings kings
romo's honorary mav day turns spectacle for final home game yahoo sports sacramentokings kings
my big board 10 which includes player simulation highlights is available now a must see for fans
only one word can describe tony romo in a mavs jersey goober mavericks @ 975thefanatic
dfs fanduel top daily plays 4112017
latest news russell westbrook won't play vs minnesota timberwolves tonight
wire nba two officiating errors late in fourth quarter favored hawks over cavaliers
check out 201314 panini gold standard mason plumlee sp jersey rc auto denver nuggets freeshipping @ ebay
houston rockets @ los angeles clippers april 10 recap video lokol
check out 201516 court kings tim duncan sp game used jersey san antonio spurs invest @ ebay
authentic adidas brooklyn nets swingman jersey retail 110 jarret jack basketball
my latest piece for @ 110nation pelicans
rajonrondo 201516 panini immaculate rajon rondo base 2899 kings google sports
check out 201213 select zach randolph jersey autograph patch sp memphis grizzlies invest @ ebay
baseball vintage original 1990s newyork knicks nba twins enterprise snapback hat cap nwt onsale discount
knicks vintage original 1990s newyork knicks nba twins enterprise snapback hat cap nwt offers deals
apparel souvenirs zipway nba basketball men's newyork knicks elson shorts black auction
check out where suns are ranked in power rankings before they play their last game of season tuesday night
draft notes fultz ball hutchison 2018 sports
basketball men's nike basketball kevindurant kd 7 global game red shoes size 11
autographs onsale dwayne wade coa signed autographed 8x10 glossy photo miamiheat autograph forsale
men's golden state warriors stephen curry 30 black short sleeves jersey allstar
the best nba hugs of all time
5 nba teams that are falling apart as the postseason nears
romo mavs tribute 'makes you feel special' via @ espn app nfl
guests on today show400 @ brentbeaird acc sec500 @ joshmartinnba tom verducci mlb
last 2 east seeds amp homecourt in jazzclippers series still in fluxlook playoffpict
westbrook to sit for first time this season via @ espn app
crazy uncle more enraged then ever about modern nba via @ wordpressdotcom russellwestbrook tripledouble
2 year anniversay sale 25 off last day get started here picks verified @ hwdog
tony romo knocking down jumpers at mavericks practicetonyromo
@ reeltpj calls @ cp3 a 'check stealer' for not making it past the 2nd round of the playoffs and is not a hofer
icymi sixers video henderson 'i tried to hit him before he hit me' plus simmons shooting
last 2 east seeds amp homecourt in jazzclippers series still in fluxlook playoffpict
wire wwe raw raids smackdown roster in superstar shakeup
baller thunder star russell westbrook resting against timberwolves yahoo sports
baller romo's honorary mav day turns spectacle for final home game yahoo sports
thunder star russell westbrook resting against timberwolves thunder okcthunder
hot naked old woman cheerleader naked
rockets jamesharden panini 2016 card 4 houston rockets free shipping bargains deals
malik rose name gm of erie bayhawks sports
lebron james david griffin and the letter that sparked the 31 comeback
chrispaul amp blake griffin 12 card lot allstar
draft notes fultz ball hutchison 2018 sports
thunder star russell westbrook resting against timberwolves yahoo sports sacramentokings kings
romo's honorary mav day turns spectacle for final home game yahoo sports sacramentokings kings
my big board 10 which includes player simulation highlights is available now a must see for fans
only one word can describe tony romo in a mavs jersey goober mavericks @ 975thefanatic
dfs fanduel top daily plays 4112017
latest news russell westbrook won't play vs minnesota timberwolves tonight
wire nba two officiating errors late in fourth quarter favored hawks over cavaliers
check out 201314 panini gold standard mason plumlee sp jersey rc auto denver nuggets freeshipping @ ebay
houston rockets @ los angeles clippers april 10 recap video lokol
traina thoughts top nba jerseys romo joins the mavs wwe's bullying problem more sports illustrated
the case for kawhi leonard mvp
projecting next season's nba allstars and snubs
@ kingjames i wish i could take a night off for rest but it will cost me a sick day with no pay
wire road to the nba finals the raptors are better than ever but is that good
jeremylin jeremy lin rookie lebron james rookie graded 10 mint free gift jersey basketball
cards 200910 prestige 153 jamesharden houston rockets rookie card bgs 95 card bestseller
my podcast @ the94feetreport will return this week prob friday with a playoff preview special episode w @ ttotambz stay tuned
another mvp debate breaks out @ shesforokc will love this one warriors
watch noahvonleh make a buzzerbeating layup to carry the trailblazers 4140 past the spurs 6120
well no westbrook tonight smart decision for okc
nbagtthunder star russell westbrook is finally taking a night off
first run draftkings dfs lineup optimized
in a strange twist media will decide whether paul george can bank an extra 70 million
topsports via cbs sports road to the nba finals the raptors are better than ever but is that good
apuesta denver nuggets @ dallas mavericks by @ baloncestotap apuestas dallasmavericks
la clippers what blake griffin can do against the utah jazz clippers lac
germany soccer player hurt in blasts near borussia dortmund bus clippers lac
lakers' brandon ingram looks like a future nba star lakers
nba roundtable most improved rookie of the year amp more award winners sportsnetca
retailers can now preorder @ iconaismallstar via their @ gtsdistribution sales reps or web collect thehobby
the uncomfortable dark side of steph curry's stunning rise to stardom stephcurry
basketball 1987 fleer basketball 2 sticker sets amp 2 2nd year michael jordan awesome lot
lebronjames 201213 panini marquee slam dunk legends 1 free ship allstar
shaq 199798 shaquille o'neal wrapper rebound complete set of 4 cards shaquilleoneal
collectible buzz detroit pistons richard hamilton 2004 nba championship majestic xl jersey nice
dwayne bacon not headed back to fsu after signing with agent
magic license plate avertising orlandomagic basketball team plastic blackwhite bargains forsale
baseketball lot 3 201314 nba hoops jamesharden houston rockets forsale onsale
kobebryant 600 michael jordan fleer lebron james rookie card kobe bryant 1st graded 10 lot kobe lakers
dwyanewade deals 201415 panini donruss 16 dwyane wade miami heat basketball card
you miss 100 of the shots you don't take nfl
westbrook russellwestbrook 200809 ud premier jsy autograph bronze rookie card d75 sp thunder auction
201415 panini totally certified platinum red 279 deron williams nets basketball
cards derrick rose 2008 2009 topps chrome bowman chrome mcdonalds rookie lot
trailblazers nike portland trail blazers authentic long sleeve shooting shirt men's 2xl bonzi
spurs 201415 prestige prestigious posts timduncan 6 spurs
basketball miami heat v charlotte hornets game program from march 17 2016 goods forsale
lebronjames 200809 topps basketball treasury lebron james unripped rip card 5 0299 lebron sports
family or franchise jeanie buss' choice was easy @ espnnba family or franchise jeanie buss' choice was easy
orlando magic power rankings roundup the end @ omagicdaily the orlando magic have reached the end of this
sporting goods detroit pistons richard hamilton 2004 nba championship majestic xl jersey basketball
russell westbrook sitting out tonight is a look at my team without me mvp move
agree with all except dpoy leonard gospursgo
records are like rules they're made to be broken russellwestbrook mywanderingthought
tuesday free sports plays from our top cappers nhl mlb
jason terry gives young milwaukee bucks lift on off court yahoo sports yahoo
knicks favorite charles oakley arraigned on assault charge yahoo sports yahoo
stephen curry has nba's bestselling jersey once again yahoo sports yahoo
grizzlies' conley has best season after recordsetting deal yahoo sports yahoo
podcastwho would an title benefit the most this yearadvice w @ saturdayjefflakers failing at tanking
first run fanduel dfs lineup optimized
i'm so ready for the playoffs to startplayoffs mywanderingthought
