is pets day hang out with your fashionable pet dress himher up have a romantic datepetday pet cutepet
just look thats outstandingpet
before you get started know pet services are only profitable when you price them correctly nationalpetday
this week's tag tipin honor of nationalpetday this weeks tag tip is all about moving with a pet there are a
please rt have you seen bisquit missing lost pet in mansfield tx 76063
my golden retriever sully and my wifepicoftheday goldenretriever pet dog petlovers
best food for french bulldog puppy begin to be now what you will be hereafter pure dog food pet
pet slave pic gallery black squirters
blackie feeding timereptiles pic petanimal picoftheday moneyreptilesofinstagram
customfunkopop dog we were comissioned to make via @ youtube pet funko sculpt furbaby ooak funkopop
@ outlawswagger happy nationalpetday my baby and myself bradley lee such a hoot pet swag
celebrate your pet today it's nationalpetday
please rt have you seen gus gus missing lost pet in buffalo ny 14215
adopt a dog meeka adopt pet ut
thanks to @ sarahfenske amp @ riverfronttimes for featuring our pet travel report congrats @ explorestlouis
marla my son @ danielhkwan fur ball cat celebrate nationalpetday catsoftwitter cats @ bestcataward pet cat
video cat portrait painting 'freya' 12x10ins catportrait petportrait cat pet painting
please rt have you seen vaikka missing lost pet in sanantonio tx 78214
the latest the grumpy puppy thanks to @ lostdogrescue nyc pet
please rt have you seen hashie missing lost pet in yonkers ny 10705
@ katiepizzapasta @ anthoninos 2 of top dog friendly dining in stl pet restaurant
@ micaelaricks adorable we are having the cutest pet photo contest to win 't miss to participate
pet flukers hermit crab growth shells small 3pack
mack snow tremper wy male leopard gecko by bhb reptiles 100 lizards pet herps morph reptile herp pets
happy pet day show your pet how much you love petandhomecare phcdoggiedaycare pet dogoftheday furryfriends
happy pet day show your pet how much you love petandhomecare phcdoggiedaycare pet dogoftheday furryfriends
today is national pet day what is your favorite thing to do with your pet pet petday animal
today is nationalpetday give your pet some extra loving today
a dogeatdog deal for online poochsitting service @ roverdotcom @ dogvacay pe pet dog
a dogeatdog deal for online poochsitting service @ roverdotcom @ dogvacay pe pet dog
zooplus looking for one of the uks largest pet retailers
its nationalpetday what kind of pet do you have
'you are a large easter chick' easter guineapig animal pet easterchick chicken cute
nationalpetday today love your pets pets bring happiness to everyone send us a picture of you amp your pet
nationalpetday today love your pets pets bring happiness to everyone send us a picture of you amp your pet
this image new on shutterstock pet puppy kitten chat gatos tabbycats silvercats cat kids garden
looking for healthy ways to look after your pet then sign up for our newsletter petcare
happy national pet day here's to my little baby milo pet
please rt have you seen gus gus missing lost pet in buffalo ny 14215
please rt have you seen neiko missing lost pet in palmbay fl 32907
please rt have you seen rebel missing lost pet in washingtoncourthouse oh 43160
please rt have you seen teddy missing lost pet in oakland ca 94603
brady just loving the creature comforts in life spoiled spoileddog dog pet labrador
when i love the camera i give you my best lookpet montytheboxer boxers instaboxer
its nationalpetday tweet a pic of your pet to enter to win a mystery prize competition
@ cbc pet shakespeare is 20 loves to interact talk and share a morning bowl of yogurt
please rt have you seen trish missing lost pet in bocaraton fl 33433
nice evening stroll with my bestest friend in the whole wide world nationalpetday pet
the cheshire cat is definitely among my favourite animals but my number one pet is the dog dug
please rt have you seen kitty missing lost pet in torrance ca 90503
reunited with my baby chihuahua pet honey ginger home northern actor @ redcar
please rt have you seen dot missing lost pet in fairhope al 36532
please rt have you seen gage missing lost pet in eggharbor nj 08401
we heard it was nationalpetday today and we couldn't resist showing some love to our office pet charlie
happy nationalpetday get your pet needs taken care of at a bbb accredited business research businesses at
happy tuesday map vet marketing online with us irvine ca oc sf la vet local veterinarians directory pet blog pet
our pet shampoo thrixsolene activated with coq10 antibacterial antifungal health pet
happy national pet day pet @ monument avenue historic district
make no mistake pet owners are making purchasing decisions for their furry companions as they would any other fa
love my cuties simba and buddy agnesandorabynicki happy nationalpetday momprenuer pet
rocky pet mascotas cat via instagram @ ncanepa
please rt have you seen princess missing lost pet in miles tx 76861
@ society6 it's nationalpetday wholesale rates on petfriendly easyclean rugs to your stock
please rt have you seen naci missing lost pet in mckeesport pa 15132
please rt have you seen toby missing lost pet in bonneylake wa 98391
happy national pet day furry companions are welcome @ novotelvaughan nationalpetday
geriatric cats cat pet
happy nationalpetday get your pet needs taken care of at a bbb accredited business research businesses at
taking a trip but dont want to leave your pet behind check out these petfriendly hotelsand even a cruise line
it's the best pet in the world my baby nino nationalpetday
nationalpetday i do love this little shit would adopt him a thousand times more @ bdch cat pet batterseadoghome
best brand of dog food my parents are pretty cool people @ fisherbecker pure dog food pet
please rt have you seen ginger missing lost pet in richardson tx 75082
is your pet ill visit @ aquiagarrison animal hospital website to learn about common pet problems stafford
please rt have you seen piper missing lost pet in fonddulac wi 54935
your bond with your pet affects their emotional health @ mindbodygreen
happy nationalpetday get your pet needs taken care of at a bbb accredited business research businesses at
1st time in industryone click watch petglobal offers amp indian bazaar ratesend mail pet @ polymerbazaarcom
1st time in industryone click watch petglobal offers amp indian bazaar ratesend mail pet @ polymerbazaarcom
cuteness overload as canadian pet expo returns to mississauga's @ icpresents dogs cats birds etc welcome
cuteness overload as canadian pet expo returns to mississauga's @ icpresents dogs cats birds etc welcome
happy national pet day to all of our furry scaly slimy and feathered friends here in tallahassee
please rt have you seen rowan missing lost pet in fayetteville ar 72704
teddy amp rory catsofinstagram cute pet gingerkitten tabbycat crazycatlady
sleeping on a toy pet montytheboxer boxers instaboxer boxergram
@ anchortrust we are pet friendly downsizing @ northtyneside give ann or steve a call on 0191 2344512 to be added to our waitinglist
please rt have you seen louie missing lost pet in chattanooga tn 37419
i will chew your shoes bunny bunnies bunnyfun rabbit rabbits cuteanimal cuteanimals pet pets
please rt found pet in portland or 97221 seeking owner
pets are a major part of the home for many of us we found these cool dog bed ideas on betterhomesandgardens pet
as a senior pet parent you want to watch for cognitive dysfunction syndrome our guide can get you started
it's nationalpetday meet chrissy our favorite here at @ imaginesales celebrate your relationship with your
pet fashion is growing faster than we could have imagined petfashion petindustry by
isn't my hamster adorablehamster pet animal hamster collection
isn't my hamster adorablehamster pet animal hamster collection
isn't my hamster adorablehamster pet animal hamster collection
mom is back doglovers doglife dog pet petlovers love dogstagram petstagram @ col roma
please rt have you seen caden missing lost pet in lasvegas nv 89135
please rt have you seen gizmo missing lost pet in syracuse ny 13210
best pet vine compilation 13 2017 bestvines2016 funniestvines
video dog portrait painting lakeland terrier wilson 14x18 dogportrait petportrait dog pet painting
whether you sort out who is actually the pet is or not make sure you wish your pets a happy national pet day
happy nationalpetday do you have a furry friend that deserves the best in pettech techtuesday pet tech
today is nationalpetday grab our pet lovers data to catapult your next directmail emailmarketing
happy nationalpetday get your pet needs taken care of at a bbb accredited business research businesses at
farmers daily is out stories via @ rneilw @ parsonstech @ woodsurefuel farm pet
is pet insurance worth it nationalpetday petday dogslife
introduction to pet insurance pet insurance
please rt have you seen odin missing lost pet in bremerton wa 98337
please rt have you seen binbin missing lost pet in wilmington nc 28403
youtube views generator youtube news pussy pics video music pet dog
combating turnover in the pet care industry advice from cara armour
no one on this earth loves you more than your dog tshirt no one on this earth loves you more than your dog pet
ahh we almost missed nationalpetday we these 2 from @ petnaturals totnes pet painting devon dog
from 2 weeks to 3 months my little gimli happynationalpetsday englishbulldog pet animal puppy nerd lotr
i just got to my parents' place in ottawa and for some reason my mom is babysitting a bird and a rabbit pet
i just got to my parents' place in ottawa and for some reason my mom is babysitting a bird and a rabbit pet
i just got to my parents' place in ottawa and for some reason my mom is babysitting a bird and a rabbit pet
i just got to my parents' place in ottawa and for some reason my mom is babysitting a bird and a rabbit pet
happy international pet day hugo sends his love internationalpetday dog love pet
if only we all had this life of luxury cat rescuecat pet pets ginger gingercat
literally this emoji nationalpetday dog maltesedog cute lol pet torontodogs tongueout pets
and finally my 3rd pet for nationalpetday is my big lump of a doggo bruno our 8 year old rescue shepherd doggo
recent rescue of 14 slow lorises shows what the illegal pet trade really looks like photos via @ onegreenplanet
please rt found pet in sanantonio tx 78230 seeking owner
please rt found pet in pickerington oh 43147 seeking owner
sassy has decided it's cuddle time cat catsofinstagram pet pets
sassy has decided it's cuddle time cat catsofinstagram pet pets
please rt have you seen lucy lu missing lost pet in chicago il 60641
lost pet alert waterbury ct 06706 monte cat pet lostpet
retriever hunt tshirt retriever hunt tshirt 1615 by corydean pet
introducing our noc engineer's handsome pet meet chewy nationalpetday yeg yyc ab
according to @ hyken the pluses of a store pet may outweigh the minuses nationalpetday
video dog portrait painting 'buddy' 10x14ins dogportrait petportrait dog pet painting
what should i feed my puppy love is trembling happiness @ roballison pure dog food pet
@ festrail our hotel your preferred accommodation provider is also porthmadog's most positively petdog
like and share if you agreemeow meme petlovers pet
dogs portrait painting of border collie shelby 10x12 dogportrait petportrait dog pet painting
thanks @ judithgoughfco for your helptactical cat for youarmy ukraine cats war soldier cat freedom pet
please rt have you seen capitan missing lost pet in alhambra ca 91801
april 11th is national pet day what better to show off your pet then with one of our sterling silver pet charms
rescuedlove is the best get your pet bandana april 22 at snye park when you walk4animals with the fmspca 9
1st time in industrylatest international offers at pp hdpe lldpe ldpe pvc ps pet eva amp abs
please rt have you seen kanga missing lost pet in lewiscenter oh 43035
national pet day we love harleysantanna our sweet dog dog nationalpuppyday pet
the best internet pet memes to get you excited for nationalpetday gtgt pets petlove
living together at the frontline positionarmy ukraine cats war soldier cat freedom pet pets
iphone 6 6 plus leather sleeve paw iphone6 iphone6plus iphone6sleeve iphone6cover dog dogs pet
how's this for a tattoo soreal pet tattooartistoftheyear
bayridge dog walker pet cat dog bird rabbit guinea pig hamster amp house sitting service insured bond
in honor of nationalpetday we want to feature your pet on fb amp ig submit by thursday for a chance to be featured on our pages friday
pdsauk pet owners are failing to meetthe health and welfare needs of over millions of animals
please rt have you seen sneakers missing lost pet in portland or 97233
please rt found pet in elpaso tx 79935 seeking owner
doing the homework with my friendme bellatrix cat pet pretty love cute @ lans
happy nationalpetday read tips from our client @ activepaws on how pet care businesses can combat turnover
please rt have you seen avery missing lost pet in sanantonio tx 78254
would you die for your petmp4 720pwebm 360pmp4 360p3gp 240p3gp
only tuesdog dogs dogoftheday dogsofinstagram instadog instagramdogs instagramdog pet
@ unitextiles nationalpetday pet prize giveaway competition cats dogs petdayeveryone lves strippey the h
basket of doggies pups puppy puppies dogs doggies dog doggie cute pet pets
@ unitextiles nationalpetday pet prize giveaway competition cats petday penny thinks she's a branch but if b
the combination of pet restrictions amp victorias low vacancy rate means animals are being surrendered to @ bcspca
nowplaying on amazing 80's radio west end girls by pet shop boys listen to more 80s hits here 80smusic
