you can not just end there i need the rest of the series now @ robertknepper @ rockmonddunbar @ amaurynolasco
can't wait op de new episode from
i can't wait for tonight i'm so excited
i am so pumped for tonights new episode of
@ inbarlavi can't wait tonight to see you in imposters and you were amazing in imposters i hope a second season
when does the new season of start in the uk
michael is waiting a brand new airs tonight at 98c on foxtv season5
meet whip tonight on @ prisonbreak and tweet me questions live i'm doing east and west coast 'cos i love y'all
onlh positive thing about today
sarah via instagram tonight and after the episode my playlist will be available on my facebo
@ prisonbreak @ foxtv they're back wenworth's pic has been my wallpaper for the past 9 years keeping this hope that
i haven't watched any pb sneak peeks it's better this way
binge on netflix and i'm up to date can't believe what i've been missing
i've just watched s01e01 of prison break
@ prisonbreak uh oh can't wait tonight
@ prisonbreak can't wait for tonight's episode
@ prisonbreak yay tuesday has finally arrived more is required
the time between new prison break episodes feels like years @ prisonbreak
'you won't believe what happens tonight on
i've just watched episode s05e01 of prison break
forgot how good prison break is missed these series fox
it's time to break out retweet if you'll be watching tonight on @ foxtv by ruthhill74
@ augustusprew @ prisonbreak thanks for staying up we love you too
the possible way to always break is through underground sewer we are getting out tonight
good news is that brooklyn99 izombie and air tonight then nhlplayoffs tomorrow
@ prisonbreak @ foxtv of course @ foxtv
michael can you get me carrot top's autograph sure wasn't expecting that 5 the hard way @ wentmiller72 @ primatechfiles
@ prisonbreak @ foxtv can't wait to watch it tonite love me some prison break woot woot
@ t0mmytrip0d me too i also just wanted to tweet the crane lol
@ prisonbreak @ foxtv if i wasn't working tonight i would be
'you won't believe what happens tonight on
i've just watched episode s05e01 of prison break
forgot how good prison break is missed these series fox
it's time to break out retweet if you'll be watching tonight on @ foxtv by ruthhill74
they have come a long way since the things got started
@ samanthaaspicer @ prisonbreak i can see it actually right here
catching up with one of my fave box sets tonight season5
more wentworth miller in ep 2 please not nearly enough smouldering going on in ep 1
i'm happy it's tuesday repost prisonbreak with
wentworthmiller looking good so far in season 5 need next episode now
new series of got me hooked already
@ prisonbreak my lifes been a mess ever since you left fallen back to my old ways something you wouldnt tolerat
a new episode of comes on tonight
@ prisonbreak you guys should do a giveaway for a signed origami crane from the lovely cast
i've just watched s01e04 of prison break
sorry catch me up these guys are back in prison
caught up with the new tonighti'm definitely going to have nightmares again
