when is this correction coming then trading
ozrk q1 2017 earnings conference call live @ 1100 am et get the live updates from cc here investing
new analysis amp signals for bankingsector by @ tradingsafely1 gt ms jpm gs gtgtgt
apple accused of threats and lying to regulators in legal dispute with us chipmaker qualcomm
nvda even amd stopped bleeding with spy nailing new lows investing
sqns you have to pull up a 3 year chart to find any resistance on this one freerange
baba looks like a buyable dip in this strong name and a ride up 56 near term gud entry today still waiting for perfect in baba
good morning es spx outlook with dowhow and agenatrader daytrading
maximum price annual average banners co ltd annual average in the japa finance japan research
apple aapl price pattern coordinates chart 1055 amtime price 6da area 62negative events 2sdxsig2 xlt0 3mdxm
when there is a broad selloff and leading are falling it is best to limit exposure to positions in 20 gains or above 5dema
nvda i think we could restest 98's and possible challenge that 9820 zone
sftw trader shortterm recommendation musa murphy usa inc
instagram aims at snapchat with new 'direct' features fb snap stockmarket
7 of the best energy to buy for 2017
nvda holding up alright even as spy dumps new lows every 20 seconds action different vs yesterday but its a relief move is all
gs overbought overvalued crooked pos stock down to 220 today people r sick of this dirty company trade investing tradeideas
market extra why it matters that women are underrepresented among portfolio managers
getting started in chart patterns trading profits technicalanalysis
rso up 25 to 960 cycle setup alert options markets
'it dept detected rs 5400 cr of undisclosed income' all finance forex ftse 100 united kingdom hong
stocks move mostly lower amid geopolitical concerns us commentary all finance ftse 100 united
cirius closes on 40m series a biotech pharma investors @ biospace
frequency thx closes 32m series a biotech pharma investors @ boispace
mbrx doing pretty well considering the market is dropping hard today upside cometh trading investing
watchlist update good morning volatility been awhile stockmarket finance philanthropy daytrading ai
how to day trade shares trading
fbczw unchanged to remain at 812 vol traded 0 ytd 149 yoy 2453 zsezw africa zimbabwe
sftw trader shortterm recommendation bte baytex energy corp
fbczw unchanged to remain at 812 vol traded 0 ytd 149 yoy 2453 zsezw africa zimbabwe
seedzw unchanged to remain at 9450 vol traded 10405 ytd 643 yoy 4538 zsezw africa zimbabwe
wint flying through resistance watching 160 for bigger break out daytrades daytrader
seedzw unchanged to remain at 9450 vol traded 10405 ytd 643 yoy 4538 zsezw africa zimbabwe
stopped out of long trade at sp2339 spx spx spy trading
euro's record losing streak against the yen market bonds futures forex
allergan plc agn receives daily news sentiment score of 020
very favorable news coverage extremely likely to impact alliance holdings gp lp ahgp share price
align technology algn given daily media sentiment score of 020
apollo investment corp ainv earns news impact rating of 011
thomas r lawrence sells 6000 shares of cumberland pharmaceuticals inc cpix stock
research analysts set expectations for statoil asas fy2017 earnings sto
centurylink investment management co continues to hold position in eastman chemical company emn
regal beloit corp rbc position maintained by centurylink investment management co
arrow electronics inc arw position maintained by centurylink investment management co
union bankshares corp has 214000 position in tractor supply company tsco
gulf international bank uk ltd acquires 3450 shares of yahoo inc yhoo
union bankshares corp has 435000 position in markel co mkl
centurylink investment management co has 1774000 stake in cabot corp cbt
gulf international bank uk ltd acquires 3600 shares of csx co csx
gulf international bank uk ltd has 14347 million stake in blackrock inc blk
dow chemical co dow stake held by centurylink investment management co
ubqu is trading up 00025 or 88 from yesterday's close of 00285 to trade amp invest pyds ncty
how to avoid investing failure chuck carnevale investing retirement portfolio
take a look at mytradingbuddy great trading education blog with cool stuff for forex futures amp more gt
5 highyield dividend stocks to buy in april motley fool news
a simple day trading strategyprb via @ youtube trading options success investing aapl fb gs gm tsla
well everyone said they wan't to see more volatility vix markets
sftw trader shortterm recommendation aval grupo aval acciones y valores sa
alliance healthcare aiq 27 services enters into definitive merger agreement transaction would
nvda 9760 next level im watching on upside if this holds tradeideas investing
ubqu is trading up 00025 or 88 from yesterday's close of 00285 to trade amp invest pyds ncty
take a look at mytradingbuddy great trading education blog with cool stuff for forex futures amp more gt
uvxy this top volatility performer is fully capable of 60s with short covering just starting gld gdx jnug trading investing
take a look at @ mytradingbuddy great trading education blog with cool stuff for forex futures amp more gt
learn how to use calmar ratio trading indicator for in traders education article by @ fxtradersedge gtgt
take a look at @ mytradingbuddy great trading education blog with cool stuff for forex futures amp more gt
take a look at @ mytradingbuddy great trading education blog with cool stuff for forex futures amp more gt
take a look at @ mytradingbuddy great trading education blog with cool stuff for forex futures amp more gt
take a look at @ mytradingbuddy great trading education blog with cool stuff for forex futures amp more gt
take a look at @ mytradingbuddy great trading education blog with cool stuff for forex futures amp more gt
take a look at @ mytradingbuddy great trading education blog with cool stuff for forex futures amp more gt
take a look at @ mytradingbuddy great trading education blog with cool stuff for forex futures amp more gt
take a look at @ mytradingbuddy great trading education blog with cool stuff for forex futures amp more gt
take a look at @ mytradingbuddy great trading education blog with cool stuff for forex futures amp more gt
all you need to learn about an instrument is in one place ios android
cde at 939 buy stock market alert sent at 1035 am et to subscribers
dont look now but the 10year bond yield is back at 231 banks thrifts financials rates bonds interestrates
2 huge catalysts reward pot investors leaftopia 411on420 marijuana cannabiz
like our posts get our free email alerts with more daily info invest biotech
toshiba has doubts on ability to stay in business japan nikkei 225 components
the best brokers selected by traders for traders on this broker listing page fx cfds etfs oil gold
gm nyse video analysis amp forecast with important trading zones for week 10 apr gt
the best brokers selected by traders for traders on this broker listing page fx cfds etfs oil gold
the best brokers selected by traders for traders on this broker listing page fx cfds etfs oil gold
the best brokers selected by traders for traders on this broker listing page fx cfds etfs oil gold
the best brokers selected by traders for traders on this broker listing page fx cfds etfs oil gold
the best brokers selected by traders for traders on this broker listing page fx cfds etfs oil gold
the best brokers selected by traders for traders on this broker listing page fx cfds etfs oil gold
the best brokers selected by traders for traders on this broker listing page fx cfds etfs oil gold
the best brokers selected by traders for traders on this broker listing page fx cfds etfs oil gold
qqq completed perfect head forex commodities trading traders join for free
soporte de compreas en nivel forex commodities trading traders join for free
appl forex commodities trading traders join for free
spy held support here so far forex commodities trading traders join for free
finland lower at close of trade omx helsinki 25 down 048
in the money 041117 market bonds futures forex
top gold to open long positions in 2016
spx spy looks like it has started its bounce from its 4hr lwr bb spx spy
marketing careers trading addicts subscription
news the power of apple chipmaker shares hammered over analyst warning
ceczm unchanged to remain at 103 vol traded 0 ytd 1976 yoy 4714 lusezm africa zambia
ceczm unchanged to remain at 103 vol traded 0 ytd 1976 yoy 4714 lusezm africa zambia
two set to soar under president trump
signal close buy sdlp @ 311 with pampl 000 000 shared by opportunity
tech today qualcomm slaps apple back liking caas assessing mule business
learntotrade forex futures amp options markets from top global trading educators listed here gtgtgt
2 top dividend stocks in esports motley fool news
the top 10 to invest in gold for 2k16
ebay inc ebay receives hold rating from piper jaffray companies
nci inc ncit receives buy rating from cowen and company
tesaro inc tsro now covered by analysts at janney montgomery scott
akorn inc akrx given sector perform rating at royal bank of canada
canada goose holdings inc subordinate voting shares goos now covered by analysts at cibc
marriott international inc mar downgraded by goldman sachs group inc
ebays ebay outperform rating reaffirmed at robert w baird
seadrill partners sdlp earning somewhat positive media coverage analysis shows
tfs financial tfsl earns media impact score of 031
randolph co inc has 4907 million stake in portola pharmaceuticals inc ptla
stock traders purchase high volume of bp plc call options bp
midday market djia down 33pts sampp amp nazzy down 8pts amp 25pts respectively oil @ 5299 amp gold surges 1720
moneymakeredge montreal day trading course daytrading futures live trading room
txhd technology trends spur new interest in mobile communication sms txhd
london manpower software merger acquisition analysts say frail apr 2017 growth amp profits
investing nanostockanalysis stockmarket large cap biotech review coming into earnings season part 1
tfx up 09 to 19568 after bullish cycle setup options trading
realestate and construction sector is sole gainer among sampp 500 stocks estate news retail sector
are chip stocks topping out investing tradeideas
new strong sell stocks for april 11th here are 5 stocks added to the zacks rank 5 strong sell list
montreal day trading course daytrading futures live trading room
own one of the finest caribbean addresses barbados
own one of the finest caribbean addresses barbados
own one of the finest caribbean addresses barbados
watching unitedairlines drop faster than overbooked passengers newunitedairlinesmottos always forget
free prize draw win a feelin bullish today cap amp 1 month free access to alphashark tradingroom gtgt
worst performing sectors of 2016 have they bounced back find out here gtgtgtgt
free prize draw win a feelin bullish today cap amp 1 month free access to alphashark tradingroom gtgt v
free prize draw win a feelin bullish today cap amp 1 month free access to alphashark tradingroom gtgt
free prize draw win a feelin bullish today cap amp 1 month free access to alphashark tradingroom gtgt
free prize draw win a feelin bullish today cap amp 1 month free access to alphashark tradingroom gtgt
free prize draw win a feelin bullish today cap amp 1 month free access to alphashark tradingroom gtgt
free prize draw win a feelin bullish today cap amp 1 month free access to alphashark tradingroom gtgt
belgium lower at close of trade bel 20 down 038
therapeuticsmd inc txmd stock chart technical txmd trading investing
these 7 are beating the market ach adbe adi adsk aem agnc aiz
interest rate outlook global growth could push us yields higher market bonds futures forex
is trump the bull in the china shop market bonds futures forex
markets right now banks tech lead declines on wall street all finance xauusd united states sampp 500
matthew lynn's london eye putins russia is too weak to threaten anyone all finance united kingdom
financialbuzz capitala finance corp schedules first quarter 2017 earnings release and conference call
get my free cycle indicator for timing your entries amp exits free webinar forex
apr12 ntpc mahindra holidaysbalrampur chini shree renuka sugars reliance defence and shriram city union finance tips bse
versatile amp predictive trading software for futures fx amp etfs attend live 11 demo amp get 1000 off gt
institutional technical analysis for crudeoil with oilandgas amp xop etf gtgtgt tha
versatile amp predictive trading software for futures fx amp etfs attend live 11 demo amp get 1000 off gt
versatile amp predictive trading software for futures fx amp etfs attend live 11 demo amp get 1000 off gt
versatile amp predictive trading software for futures fx amp etfs attend live 11 demo amp get 1000 off gt
versatile amp predictive trading software for futures fx amp etfs attend live 11 demo amp get 1000 off gt
versatile amp predictive trading software for futures fx amp etfs attend live 11 demo amp get 1000 off gt
versatile amp predictive trading software for futures fx amp etfs attend live 11 demo amp get 1000 off gt
versatile amp predictive trading software for futures fx amp etfs attend live 11 demo amp get 1000 off gt
versatile amp predictive trading software for futures fx amp etfs attend live 11 demo amp get 1000 off gt
versatile amp predictive trading software for futures fx amp etfs attend live 11 demo amp get 1000 off gt
how markets overcame past geopolitical crises via @ bv markets wallstreet
googl and amd are generating big volume as seen on speculatingstocks stock buzz
ibm oversold and at the trend forex commodities trading traders join for fre
gs forming a long wedge forex commodities trading traders join for free
paas forex commodities trading traders join for free
vxx most overbought since the forex commodities trading traders join for fre
market extra wall streets fear gauge touches highest level since just after trump election win
traders have lost billions betting against tesla investor
girlsonstocks snap shares sink after instagram continues assault on snapchat with disappearing investing
two that have digested gains well and settling @ key points to move higher are ntri amp anet bought both market recovering well
heads up macd has crossed down zero on amd see here
spain lower at close of trade ibex 35 down 021
france lower at close of trade cac 40 down 011
netherlands lower at close of trade aex down 015
italy lower at close of trade italy 40 down 033
3 of the worst stock ideas for your money
russia higher at close of trade micex up 034
itmv intema solutions signs strategic partnership tsxvstocks stockmarket daytrading investing profits
inap up 21 to 342 cycle setup alert options markets
the best brokers selected by traders for traders on this broker listing page fx cfds etfs oil gold
the best brokers selected by traders for traders on this broker listing page fx cfds etfs oil gol
a look at pepsico's cash flow investing dividend stockanalysis seekingalpha pep
art cashin and the myth of the good friday market crash
joe scarborough giddy over souring russianus relations says russia is forex
gold spikes to 1275 above key technical level highest since election
saved again sox amd nvda bounce at support same with dji spx the question is where's the beef can they rally or just hold
free year of trade ideas premium service a 1888 value enter to win investing
bottom signal appears about to complete
crestabw unchanged to remain at 13000 vol traded 9180 ytd 156 yoy 1403 bsebw africa
reizzm unchanged to remain at 550 vol traded 0 ytd 000 yoy 3819 lusezm africa zambia
reizzm unchanged to remain at 550 vol traded 0 ytd 000 yoy 3819 lusezm africa zambia
crestabw unchanged to remain at 13000 vol traded 9180 ytd 156 yoy 1403 bsebw africa
2 huge catalysts reward pot investors leaftopia 411on420 marijuana cannabiz
like our posts get our free email alerts with more daily info invest biotech
toshiba has doubts on ability to stay in business japan nikkei 225 components
the best brokers selected by traders for traders on this broker listing page fx cfds etfs oil gold
gm nyse video analysis amp forecast with important trading zones for week 10 apr gt
the best brokers selected by traders for traders on this broker listing page fx cfds etfs oil gold
the best brokers selected by traders for traders on this broker listing page fx cfds etfs oil gold
the best brokers selected by traders for traders on this broker listing page fx cfds etfs oil gold
the best brokers selected by traders for traders on this broker listing page fx cfds etfs oil gold
the best brokers selected by traders for traders on this broker listing page fx cfds etfs oil gold
the best brokers selected by traders for traders on this broker listing page fx cfds etfs oil gold
the best brokers selected by traders for traders on this broker listing page fx cfds etfs oil gold
the best brokers selected by traders for traders on this broker listing page fx cfds etfs oil gold
the best brokers selected by traders for traders on this broker listing page fx cfds etfs oil gold
qqq completed perfect head forex commodities trading traders join for free
soporte de compreas en nivel forex commodities trading traders join for free
appl forex commodities trading traders join for free
spy held support here so far forex commodities trading traders join for free
finland lower at close of trade omx helsinki 25 down 048
in the money 041117 market bonds futures forex
top gold to open long positions in 2016
spx spy looks like it has started its bounce from its 4hr lwr bb spx spy
marketing careers trading addicts subscription
news the power of apple chipmaker shares hammered over analyst warning
ceczm unchanged to remain at 103 vol traded 0 ytd 1976 yoy 4714 lusezm africa zambia
ceczm unchanged to remain at 103 vol traded 0 ytd 1976 yoy 4714 lusezm africa zambia
two set to soar under president trump
signal close buy sdlp @ 311 with pampl 000 000 shared by opportunity
tech today qualcomm slaps apple back liking caas assessing mule business
learntotrade forex futures amp options markets from top global trading educators listed here gtgtgt
2 top dividend stocks in esports motley fool news
the top 10 to invest in gold for 2k16
ebay inc ebay receives hold rating from piper jaffray companies
nci inc ncit receives buy rating from cowen and company
tesaro inc tsro now covered by analysts at janney montgomery scott
investing stockmarket nanostockanalysis bank of america don't sweat the short term
no deals at costco retail investing stockanalysis cashflow @ seekingalpha cost
morocco lower at close of trade moroccan all shares unchanged
financialbuzz tyler technologies schedules first quarter 2017 earnings conference call and webcast ma
pbio a little validation is going a long way for pressure biosciences invest investment stockmarket
pbio a little validation is going a long way for pressure biosciences invest investment stockmarket
baby boom tsunami to drown economypopulationdemographics
fy2017 eps estimates for atlantic capital bancshares inc acbi cut by analyst
pbio a little validation is going a long way for pressure biosciences invest investment stockmarket
pbio a little validation is going a long way for pressure biosciences invest investment stockmarket
by keeping your money in the bank you're actually going backwards on an inflationadjusted basis invest
pbio a little validation is going a long way for pressure biosciences invest investment stockmarket
fact 1 home values always go up fact 2 you can't lose in if you btfd you're welcome investingmadeeasy spx spy djia
pbio a little validation is going a long way for pressure biosciences invest investment stockmarket
pbio a little validation is going a long way for pressure biosciences invest investment stockmarket
pbio a little validation is going a long way for pressure biosciences invest investment stockmarket
pbio a little validation is going a long way for pressure biosciences invest investment stockmarket
economics exchange lawn business success course
pbio a little validation is going a long way for pressure biosciences invest investment stockmarket
pbio a little validation is going a long way for pressure biosciences invest investment stockmarket
pbio a little validation is going a long way for pressure biosciences invest investment stockmarket
pbio a little validation is going a long way for pressure biosciences invest investment stockmarket
pbio a little validation is going a long way for pressure biosciences invest investment stockmarket
earnings per share or free cash flow what's the difference investing stockanalysis
pbio a little validation is going a long way for pressure biosciences invest investment stockmarket
pbio a little validation is going a long way for pressure biosciences invest investment stockmarket
pbio a little validation is going a long way for pressure biosciences invest investment stockmarket
pbio a little validation is going a long way for pressure biosciences invest investment stockmarket
mylan stock drops nearly 2 after fda warning letter about manufacturing facility
this is one of the most relevant articles about amzn now amazon's advertising business rumbles on
if the crowd panics dont think twice but dive in and buy hand over fist
a flying story @ kirbychambliss offers many lessons for ambitious air racers investors @ redbullairrace
express scripts ceo defends pbms market bonds futures forex
when europe leads heres what happens market bonds futures forex
jana shorted whole foods in 2014 has yet to directly communicate with ceo ftse 100 united states sampp
www up 10 to 2453 bullish at a cycle bottom markets trading
trump jumps into kansas election that has gop nervous trump
fx roundup sterling 'content' with uk inflation spikes on trump tweet at nkorea
jack falvey's investor education briefs what is the sampp 500 index new hampshire investing education
syria airbase strike was bonanza for defense firm shareholders like @ realdonaldtrump rtn @ raytheon
cannabis chatbot on @ messenger know the best cannabis to keep focused on messenger facebook bots
one month till 3 mack pays a whopping 106 dividend ibb biotech pharma biotechnology
analysts anticipate juniper pharmaceuticals inc jnp will post quarterly sales of 1127 million
zacks brokerages anticipate texas instruments incorporated txn will post quarterly sales of 33 billion
paylocity holding corp pcty receives average rating of buy from analysts
jefferies group llc reiterates buy rating for momo inc momo
traders buy high volume of skyworks solutions call options swks
latin america monday morning roundup april 10 2017 market bonds futures forex
financialbuzz jakks pacific announces first quarter 2017 earnings call market tcot
analog devices trading lower today on aboveaverage volume adi trading
possible bearish inside day candle pattern detected for yahoo nasdaqyhoo trad
maiden holdings declining with trendconfirming volume mhld trading
cirrus logic falling today on aboveaverage volume crus trading
proshares ultrashort djubs crude oil rising today on aboveaverage volume sco
possible trend reversal mead johnson nutrition down on heavy volume mjn trading
maxwell technologies crosses above its 10day ma mxwl trading
hub group crosses below its 10day ma hubg trading
endo pharmaceuticals bearish moving average crossover alert endp trading
bearish moving average cross by integrated device technology idti trading
how authorizeduser status can help or hurt your credit @ themotleyfool
bearish moving average cross by cirrus logic crus trading
southwestern energy bearish moving average crossover alert swn trading
bullish moving average cross by usg usg trading
evsv record revenues and earnings for 2016 invest investment money stockmarket revenues earnings
good opinion article on the rise of tsla tesla investing
evsv record revenues and earnings for 2016 invest investment money stockmarket revenues earnings
zacks analysts anticipate fibrogen inc fgen to announce 055 eps
evsv record revenues and earnings for 2016 invest investment money stockmarket revenues earnings
evsv record revenues and earnings for 2016 invest investment money stockmarket revenues earnings
ual extreme negative investor sentiment apr 11 219 pm et see chart at sentiment trading
agx extreme positive investor sentiment apr 11 219 pm et see chart at sentiment trading
evsv record revenues and earnings for 2016 invest investment money stockmarket revenues earnings
evsv record revenues and earnings for 2016 invest investment money stockmarket revenues earnings
evsv record revenues and earnings for 2016 invest investment money stockmarket revenues earnings
evsv record revenues and earnings for 2016 invest investment money stockmarket revenues earnings
evsv record revenues and earnings for 2016 invest investment money stockmarket revenues earnings
keep track of stocks in after hours afterhours
evsv record revenues and earnings for 2016 invest investment money stockmarket revenues earnings
8 shocking facts you never knew about uranium @ themotleyfool ba oa gd ccj
market extra eia forecasts record us crudeoil output in 2018
as stocks sink this is what rbc is looking for forex
sandp 500 emini futures 240 cme updated 4112017 indexes amp commodities on tradingview
bmw underperforming by 835 last 365 days at prediction based on automated news analytics
bmw current trading mode is buy at prediction based on automated news analytics
@ cbsnews how they treated the many victims of policebrutality or standingrock iceraids travelban this is the
ruger short sellers caught unarmed in a bear trap via @ barchart
payless filing for bankruptcy is a sign we in a depression and janetyellen liedtgj nasdaq bonds preciousmetals cnnmoney
investing stockmarket nanostockanalysis simulations plus' slp ceo walt woltosz on q2 2017 results
rise recommences trading under new symbol cse rise gold mining
target we had the worst pr nightmare with transgender bathroom issueunited hold my beerunitedagainstunited target
new trading amp advanced charting platform with high quality trading tools for forex futures traders gt
investorideascom launches new sports page sports amp sporting news and more
stock market trims losses but investors remain cautious all finance united states sampp 500 index dow
directors dealings xaar's new finance chief picks up shares
enz up 08 to 794 cycle setup alert options markets
gbpusd possible forex commodities charts traders trading unete ahora gratis
dvn potential bottom forex commodities trading traders join for free
institutional analysis amp signals for wfc usb and 9 other bankingsector by tradingsafely1 gtgtheregtgt via
why market crashes are the best time to buy
gunr possible triangle forex commodities trading traders join for free
cenovus sees demand for assets as it seeks to fund conoco deal markets news
institutional analysis amp signals for wfc usb and 9 other bankingsector by @ tradingsafely1 gtgtheregtgt
institutional analysis amp signals for wfc usb and 9 other bankingsector by @ tradingsafely1 gtgtheregtgt
institutional analysis amp signals for wfc usb and 9 other bankingsector by @ tradingsafely1 gtgtheregtgt
institutional analysis amp signals for wfc usb and 9 other bankingsector by @ tradingsafely1 gtgtheregtgt
institutional analysis amp signals for wfc usb and 9 other bankingsector by @ tradingsafely1 gtgtheregtgt
institutional analysis amp signals for wfc usb and 9 other bankingsector by @ tradingsafely1 gtgtheregtgt
@ united drops 2 loss of billions try to save a buck by beating up a paying passenger and throwing him off plane china awakened
forex three rules every stock trader should follow trading investing
watching my portfolio soar past 100000 freedom investing money finances dividends growth
are australian gold mining stocks getting ready to soar investing trading
are you bullish or bearish on the sampp 500 start trading with bitcoin 201 leverage spy es esf
picked up nsav love the setup amp will breakout very soon pennystocks otc2017 trading wealth
please stand together and stop flying unitedairlines sell your justicefordao
eaph finalization of agreement for the acquisition of major vaporizer invest investment money
cool trading tool added to mytradingbuddy app for iphone premarket movers gt download gtgtgt v
non us traders amp trade nyse amp nasdaq commission free trading with this specialist equities broker gt
very positive news coverage somewhat likely to effect rr donnelley amp sons co rrd stock price
insider selling digitalglobe inc dgi director sells 4500 shares of stock
insider selling north american energy partners inc noa director sells 10992 shares of stock
insider selling chicago bridge amp iron company cbi vp sells 1200 shares of stock
tiffany amp co tif insider sells 8676720 in stock
business industries options trade adjustment manual
cheeky nsav 0006 35m assets477m revs amp 11m net profits cannabis
cheeky nsav 0006 35m assets477m revs amp 11m net profits cannabis
sandp 500 emini futures d cme updated 4112017 indexes amp commodities on tradingview
cheeky nsav 0006 35m assets477m revs amp 11m net profits cannabis
cheeky nsav 0006 35m assets477m revs amp 11m net profits cannabis
sell ur gold still moving higher
evsv record revenues and earnings for 2016 invest investment money stockmarket revenues earnings
evsv record revenues and earnings for 2016 invest investment money stockmarket revenues earnings
evsv record revenues and earnings for 2016 invest investment money stockmarket revenues earnings
evsv record revenues and earnings for 2016 invest investment money stockmarket revenues earnings
evsv record revenues and earnings for 2016 invest investment money stockmarket revenues earnings
evsv record revenues and earnings for 2016 invest investment money stockmarket revenues earnings
evsv record revenues and earnings for 2016 invest investment money stockmarket revenues earnings
evsv record revenues and earnings for 2016 invest investment money stockmarket revenues earnings
evsv record revenues and earnings for 2016 invest investment money stockmarket revenues earnings
evsv record revenues and earnings for 2016 invest investment money stockmarket revenues earnings
good opinion article on the rise of tsla tesla investing
evsv record revenues and earnings for 2016 invest investment money stockmarket revenues earnings
zacks analysts anticipate fibrogen inc fgen to announce 055 eps
evsv record revenues and earnings for 2016 invest investment money stockmarket revenues earnings
evsv record revenues and earnings for 2016 invest investment money stockmarket revenues earnings
ual extreme negative investor sentiment apr 11 219 pm et see chart at sentiment trading
agx extreme positive investor sentiment apr 11 219 pm et see chart at sentiment trading
evsv record revenues and earnings for 2016 invest investment money stockmarket revenues earnings
evsv record revenues and earnings for 2016 invest investment money stockmarket revenues earnings
evsv record revenues and earnings for 2016 invest investment money stockmarket revenues earnings
evsv record revenues and earnings for 2016 invest investment money stockmarket revenues earnings
evsv record revenues and earnings for 2016 invest investment money stockmarket revenues earnings
keep track of stocks in after hours afterhours
evsv record revenues and earnings for 2016 invest investment money stockmarket revenues earnings
8 shocking facts you never knew about uranium @ themotleyfool ba oa gd ccj
market extra eia forecasts record us crudeoil output in 2018
as stocks sink this is what rbc is looking for forex
sandp 500 emini futures 240 cme updated 4112017 indexes amp commodities on tradingview
bmw underperforming by 835 last 365 days at prediction based on automated news analytics
bmw current trading mode is buy at prediction based on automated news analytics
@ cbsnews how they treated the many victims of policebrutality or standingrock iceraids travelban this is the
ruger short sellers caught unarmed in a bear trap via @ barchart
payless filing for bankruptcy is a sign we in a depression and janetyellen liedtgj nasdaq bonds preciousmetals cnnmoney
investing stockmarket nanostockanalysis simulations plus' slp ceo walt woltosz on q2 2017 results
rise recommences trading under new symbol cse rise gold mining
target we had the worst pr nightmare with transgender bathroom issueunited hold my beerunitedagainstunited target
new trading amp advanced charting platform with high quality trading tools for forex futures traders gt
investorideascom launches new sports page sports amp sporting news and more
stock market trims losses but investors remain cautious all finance united states sampp 500 index dow
directors dealings xaar's new finance chief picks up shares
enz up 08 to 794 cycle setup alert options markets
gbpusd possible forex commodities charts traders trading unete ahora gratis
dvn potential bottom forex commodities trading traders join for free
institutional analysis amp signals for wfc usb and 9 other bankingsector by tradingsafely1 gtgtheregtgt via
why market crashes are the best time to buy
gunr possible triangle forex commodities trading traders join for free
cenovus sees demand for assets as it seeks to fund conoco deal markets news
institutional analysis amp signals for wfc usb and 9 other bankingsector by @ tradingsafely1 gtgtheregtgt
institutional analysis amp signals for wfc usb and 9 other bankingsector by @ tradingsafely1 gtgtheregtgt
institutional analysis amp signals for wfc usb and 9 other bankingsector by @ tradingsafely1 gtgtheregtgt
institutional analysis amp signals for wfc usb and 9 other bankingsector by @ tradingsafely1 gtgtheregtgt
institutional analysis amp signals for wfc usb and 9 other bankingsector by @ tradingsafely1 gtgtheregtgt
institutional analysis amp signals for wfc usb and 9 other bankingsector by @ tradingsafely1 gtgtheregtgt
@ united drops 2 loss of billions try to save a buck by beating up a paying passenger and throwing him off plane china awakened
forex three rules every stock trader should follow trading investing
watching my portfolio soar past 100000 freedom investing money finances dividends growth
are australian gold mining stocks getting ready to soar investing trading
are you bullish or bearish on the sampp 500 start trading with bitcoin 201 leverage spy es esf
picked up nsav love the setup amp will breakout very soon pennystocks otc2017 trading wealth
please stand together and stop flying unitedairlines sell your justicefordao
eaph finalization of agreement for the acquisition of major vaporizer invest investment money
cool trading tool added to mytradingbuddy app for iphone premarket movers gt download gtgtgt v
dryships don't get fooled again drys investing
why small size matters in retail econ ipd bjk kxi ips rxi emcg emdi investing
dryships don't get fooled again drys investing
pepsico is a great dividend pick pep investing
why small size matters in retail econ ipd bjk kxi ips rxi emcg emdi investing
avx avx receiving somewhat negative news coverage report shows
pepsico is a great dividend pick pep investing
aviva plc av given coverage optimism score of 008
favorable news coverage very likely to impact astrazeneca plc azn share price
video usrm stock technical analysis 041117 watch here stock stocktrading
5 days winning on urbn surely it can't do a 6th
and futures trading preview for wednesday
guys which of your can boast of a today's significant result
the daily prophet markets get a whiff of volatility and recoil via @ bv markets vix bonds fx gold
iwm nice candle today that's not a bearish sign at all trading
how to plan for rising health care costs market bonds futures forex
outsourcing sales forex trading system high conversion 50 commission forex signals
leadership fx childs play signals 1 mt4 trade copier service
sales management updownsignals day trading and binary options signals
video owcp stock technical analysis 041117 watch here stock stocktrading
teletradernews wall street closes lower amid usrussia tensions over syria
the wall street journal walmart slashes hundreds of corporate jobs
the wall street journal blasts near team bus leave borussia dortmund player injured
video txhe stock technical analysis 041117 watch here stock stocktrading
how to invest in the blockchain without buying bitcoin bitcoin btc investing via @ bitcoinmagazine @ nasdaq
ford dividend review f ford dividend finance
seeking alpha applauds the sec's actions to stomp out stock promotion investing
investor sentiment continued to be weighed down by geopolitical concerns today
seeking alpha applauds the sec's actions to stomp out stock promotion investing
what are my halliburton shares worth a valuation analysis hal oil oilandgas energy finance
neural network trading software for futures forex amp etfs with predictive macd stochastic rsi gtgt vi
brazil supreme court judge orders probe into nine ministers paper all finance
dividend growth investing at work loonies are great too bns dividend investing
saudiarabia announces intention to extend production cut agreement oil oil oilandgas energy finance
education on managed futures just got more exciting oil hedgefunds
brazil lower at close of trade bovespa down 045
nike inc's new soho store shows why the future of retail is experiencebased @ themotleyfool nke
cutting through the political noise for opportunities in europe market bonds futures forex
free limited time discover casino crushing blackjack chinesegp cubs defstar5 motogp makeyourownlane taxes united
united apologizes after drop no one should ever be mistreated this way corporategreed hate china
stuck in the middle 041117 market update trading nadex binary options
neural network trading software for futures forex amp etfs with predictive macd stochastic rsi gtgt
wall street closes lower amid usrussia tensions over syria
stx featured this weekend nice move today trading trendfollowing seagate investing qqq
@ united apologizes after drop no one should ever be mistreated this way corporategreed bigotry
on rosneft trading higher today as tillerson goes to moscow us news not invited freedomofthepress
leaders have held strong and acted well market selloffs followed by recoveries are a good time to find leading i added some today
why @ facebook is doubling down on its ai googl nvda fb goog
neural network trading software for futures forex amp etfs with predictive macd stochastic rsi gtgt
neural network trading software for futures forex amp etfs with predictive macd stochastic rsi gtgt
neural network trading software for futures forex amp etfs with predictive macd stochastic rsi gtgt
neural network trading software for futures forex amp etfs with predictive macd stochastic rsi gtgt
neural network trading software for futures forex amp etfs with predictive macd stochastic rsi gtgt
neural network trading software for futures forex amp etfs with predictive macd stochastic rsi gtgt
neural network trading software for futures forex amp etfs with predictive macd stochastic rsi gtgt
neural network trading software for futures forex amp etfs with predictive macd stochastic rsi gtgt
neural network trading software for futures forex amp etfs with predictive macd stochastic rsi gtgt
neural network trading software for futures forex amp etfs with predictive macd stochastic rsi gtgt
neural network trading software for futures forex amp etfs with predictive macd stochastic rsi gtgt
neural network trading software for futures forex amp etfs with predictive macd stochastic rsi gtgt
trump today trump today president talks about scrapping doddfrank
mexico higher at close of trade ipc up 020
zacks analysts anticipate quidel co qdel will post quarterly sales of 5958 million
000 in sales expected for st joe co joe this quarter
huge news out here mmj clinics open appointments booking upnwavmmj otc pennystocks
2017 win ratio 2656 47052017 win ratio q2 1429 3225trading stocktips finance
gild potential bottom forex commodities trading traders join for free
my model flipped into long setup today i'm not so convinced however it usually paid off to follow the data rather than my opinion
weekly roundup april 8 2017 investing portfolio dividend weekend bloglove finance freedom
beautiful and scary all at the same time market correction
video gbsn stock technical analysis 041117 watch here stock stocktrading
ubqu gaining social media momentum just rated 1 weedstock gt @ momentum858 pnpl mjna cgrw
us stocks finish slightly lower as geopolitical tensions escalate marketwatch
analysts clash over yelp data storage stocks touted investor's business daily news
girlsonstocks surprisingly competitive kansas special election has gop on edge investing
that had a pocket pivot recently amd sblk ivac
oh look stockmarket crash after threat of ww3 you don't have to be psychic like me to see that coming ww3countdown investor
