top 8 marketing trends that will define 2017 cs crm cx saas sales custexp data
fitbit's gps smartwatch reportedly won't launch until the fall
big bucks waiting at job london marketing eng chelsea liverpool jobs celtic
global coral reef restoration effort launches in the caribbean science
can artificial intelligence make you a better tweeter hmmm ai twitter
longawaited rescue for valuable silk tunic science
researchers unravel the drivers of large iceberg movement science
the latest the josh weinberger daily 5yrsago
fitbit's gps smartwatch reportedly won't launch until the fall news rt
@ shannonschulyer reminds us that and finlit are essential life skills in today's world accessyourpotential
this robot will swing over crops like tarzan robots ai ml ar robot drone robotics
newpost update your microsoft word asap to get a security patch to protect you from dridex malware
why irobot corporation stock popped 159 in march robots ai ml ar robot drone robotics
3 stocks warren buffett can't buy but you can robots ai ml ar robot drone robotics
want to protect your businesss intellectual property heres a that you should know about
@ ymmchamber we're running a social media contest for startups for accelerateab apr 19 in yyc please share
nasa to reveal new findings around ocean worlds beyond earth this week
want to swap skills and gain feedback on your startup idea you can do it in our community
roku tvs now know what youre watching will suggest related shows
nokia 9 could rival the iphone 8 in more than one way appdevelopment nokia iphone8
'the fate of the furious' or the one where jason statham becomes mvp
'the fate of the furious' or the one where jason statham becomes mvp dwaynejohnson
'plastic click' sounds for games and apps gamegame indiedev sounddesign apps game
great insight from @ lufthansa cio on use of to unlock new revenue streams retailtech digitaltransformation
the latest the new startup daily big thanks @ mikemoradian @ adsinuk startup
ocean tech robot sea snakes and shoalswimming subs cio iot ai ml robots underwater robotics bots
ocean tech robot sea snakes and shoalswimming subs cio iot ai ml robots underwater robotics bots
when science fiction becomes science facts @ bbelvisi at leadersparis has improved our world for the bette
tilted device could pinpoint pin number for hackers study claims via @ guardian @ alexhern
interview questions to ask candidates for 4 key roles recruitment
gamesys is hiring a marketing graduate marketing automation systems executive in london piccadilly agile
comcast plans on launching a new mobile service how will they preform in such a competitive market
want to work at new horizons learning group we're hiring in burbank ca click for details
nasa to reveal new findings around ocean worlds beyond earth this week
afrobytes tech conference aims to change the african narrative @ blackenterprise @ socialafrobytes @ sequoiab
xiaomi to launch new flagship phone on april 19
weekly report 46 it's a wild world focal systems innovation future ai retail data
npr news farmers look for ways to circumvent tractor software locks
is some too addictive by @ nireyal read
check out after a rest wake up to graphql tonight at 700pm raleigh durham
googles vr team hires developer behind one of the vives best apps @ vergevr success
join @ interlockroc for hack night at interlock tonight at 700pm roc
@ petepachal hi pete what interactive trend do you predict will most impact 2017
googles vr team hires developer behind one of the vives best apps @ vergevr success
secruity suspected cia spying tools linked to hacks in 16 countries
teamstratacomm helped @ nhtsagov client team up w @ testedcom to demo car that keeps you safe
moolahsense adds invoice financing to list of services crowdiligent startup crowdfunding
@ officialmauijim's new koko head sunglasses use their polarizedplus2 lens to block out 100 uv rays
74 of millennials are willing to use a chatbot when buying food by @ sannevanreeth coolbrands retail geny
could be the answer to your charity's needs find out charitytuesday
is software patentable copyright protection is more apropiate getlegalprotection for ip assets invention
exciting times for @ exadel welcome to the team reewise innovation
the classic tamagotchi toy is back
fitbit's gps smartwatch reportedly won't launch until the fall
gopro launches tradeup program to get customers to buy more cameras
enable and use handwriting input in windows 10
position paper how can we best take forward to help beat dementia great insight via @ jmedinternetres
a complete retrospect of windows vistas total awfulness news
how much are you willing to spend on a smartphone case android ios windows
nvidia releases beta mac drivers for pascal gpus like the gtx 1080
a complete retrospect of windows vistas total awfulness
evoluent revolution r3k keyboard review
maud gonne lucien millevoye and wb yeats
nasa to reveal new findings around ocean worlds beyond earth this week
the classic tamagotchi toy is back
turns out its not impossible to fool your smartphones fingerprint sensor
a complete retrospect of windows vistas total awfulness
gopro launches tradeup program to get customers to buy more cameras
roku tvs now know what youre watching will suggest related shows
news nasa to reveal new findings around ocean worlds beyond earth this week
marketing attribution how can it improve your marketing strategy martech software data
does this lastfm account belong to jared kushner an investigation
the latest mobi thanks to @ mobilesyrup @ matthewyospin @ esponcetag mobile
does this lastfm account belong to jared kushner an investigation
korean hangover cure gadgets
why the podcast market is about to explode innovation branding ad
at lunch with coworkers thinking of next big app idea let us help youentrepreneurs startups mobileapps
new bubbling mechanism discovered in physics science
fretlink raises 64 million to make trucks run like clockwork
precision chronology sheds new light on the origins of mongolia's nomadic horse culture science
researchers at ssa discuss performance of earthquake early warning systems science
apps and the big impact of one little update @ kyledavidgroup
infants show racial bias toward members of own race and against those of other races science
a hangout for old desktop notifications nytimes
more than 500m people now have a mobile money account kiroco is right there spearheading this trend
kenyas hub gets a makeover wsj
cure boredom with thinkfuns all star logic games
on john cheevers subjective suburbs
dns record will help prevent unauthorized ssl certificates news
a hangout for old desktop notifications
a hangout for old desktop notifications via @ nytimestech
one good thing in the air planes may stay callfree as fcc moves to keep inflight ban future news adtec
bluetooth speaker deal ue roll 2 is 55 at amazon cnet tecnologa
deal by chinese tech company leeco for vizio dies
computergenerated pickup lines are surreal but adorable cnet tecnologa
'orange is the new black' takes its best shot in new teaser cnet tecnologa
how to check if your hp laptop battery is recalled cnet tecnologa
microsoft office vulnerabilities mean no doc is safe cnet tecnologa
gopro will give you 100 for your old hero sort of cnet tecnologa
2018 lexus ls 500 f sport adds giddyup to posh flagship roadshow tecnologa
dcarsoncpa for project interim more permanent needs cfo projectmanagement businessanalysis sme it
privacyconcerns how to protect your internet browsing data since it's for sale now
business entrepreneurship how to protect your internet browsing data since it's for sale now
2018 volkswagen golf release date price and specs roadshow tecnologa
a hangout for old desktop notifications by j d biersdorfer via nyt the new york times
google schools us government about gender pay gap cnet tecnologa
makebiz a hangout for old desktop notifications by @ nytimes
wpi joins 8 manufacturing usa institutes advanced manufacturing manufacturing
renewable in renaissance renewables
news a hangout for old desktop notifications
i got one word intersectionality stem humanities diversity
here a hangout for old desktop notifications by j d biersdorfer via nyt voilagroup
does this lastfm account belong to jared kushner an investigation
hr is talking about ai why not nlp as well it's vital to ai hrtech futureofwork
apple may ditch dialog analyst says hitting chipmaker's shares apple updated via
world i really wish i had done thisif you're in the beginning stages of starting your business and strug
a hangout for old desktop notifications by j d biersdorfer via nyt
mcdonald's is now accepting snapchats as job applications
makebiz vistemsolutions a hangout for old desktop notifications by @ nytimes
apple iphone 8 oled display possible launch delay and other rumours the indian express
a hangout for old desktop notifications via @ nyt the new york times news
4 reasons you'd want to buy a project scorpio xbox when it's released later this year business insider news
a hangout for old desktop notifications
posted by @ startgrowthhack growth growthhacking digital the simple secrets of business growth peop
makebiz a hangout for old desktop notifications by @ nytimes
ludacris' cgi abs are a joke the rapper has been making for over a decade
@ thedudedean daily is out in sm stories via @ setislady travel
a hangout for old desktop notifications by j d biersdorfer via nyt the new york times
not on my watch huawei ceo sees no future for wearable smart devices
posted by @ fastcompany business digital five lessons this longtime cyclist learned as a firsttime busi
read tech education science today today's top stories via @ ttcsomerset education hiring education science
after a great day1 we look forward to meeting with you all again today @ ntcaconnect ipvision2017 in booth 212 broadband cloud isp
appleevent watchos apple jailbreak iphone 9to5toys lunch break 15 macbook pro w touch bar 2070 sa
a hangout for old desktop notifications by j d biersdorfer via nyt
stable mad aosp nougat 7 custom rom for infinix note 3 pro
a hangout for old desktop notifications by j d biersdorfer via nyt
does this lastfm account belong to jared kushner an investigation
makebiz a hangout for old desktop notifications by @ nytimes
business incubators look to china for worlds next big thing
motorolas moto c and moto c plus will target firsttime smartphone buyers mobile
stanford brainstorm chip to hints at neuromorphic computing future future science
congratulations on @ cmodriscoll on becoming chairwoman of @ itcork fantastic ambassador for the tech sector cork
think of hrthen turn it upside down hr creative cardiff bristol
iphone 8 rumors include a 'smart connector' for ar headset
thanks @ rocketspace london for the sneak peak around your new campus today excited for the launch london
how close are we to melding mind and machine cyborg ai ar ml robot artificialintelligence scifi
brain charge has science gone too far innovation
bayonetta fans can finally enjoy hackandslash classic on pc and in 4k
instagram combines disappearing and permanent messages into one inbox news
bayonetta fans can finally enjoy hackandslash classic on pc and in 4k
follow these tips from ca's @ stuartghazell and ensure you stand out on socialmedia to land your next role
is no cureall where emotions run society automation
can help brexit britain flourish discussing smart immigration amp customs systems with @ charlottehollo
goodbye forever windows vista gadgets
cybermonday acer aspire p31716820 116inch convertible 2in1 touchscreen ultrabook deals
french presidential candidate macron talks tough on firms over terrorism
motorolas moto c and moto c plus will target firsttime smartphone buyers mobile
get a big discount on a gopro hero5 if you trade in your old model news football
swatch's provocative 'tick different' slogan has apple riled
world stanford brainstorm chip to hints at neuromorphic computing future education
peter molyneux kinect was a 'disaster trainwreck' news football
iphone 8 rumors include a 'smart connector' for ar headset
experts walk back on prostate screening men aged 5569 should consider it
bayonetta fans can finally enjoy hackandslash classic on pc and in 4k
remedy entertainment will bring its unique brand of action to playstation 4 digital
playstation 4 firmware update 455 released here's what changed gamezone gamezone
the fda just struck a deal that could put an end to animal testing
how to implement drag and drop of files feature 4dots software code blog dotnet csharp programming
you look like a thing and i love you computergenerated pickup lines are surreal but adorable news
world stanford brainstorm chip to hints at neuromorphic computing future education entrepreneur
iphone 8 rumors include a 'smart connector' for ar headset
read the latest poweofprecision tweetchat storify on location data and more via @ pitneybowes pbemp
timber takes wood buildings to new heights
sorry america your taxes aren't high
google has completely messed up assistant's 'shopping list' feature android news
7 new technologies to be excited about by @ joelesina
maths 1000000 question isnt just for mathematicians anymore science
cheat sheet what project managers need to know about rfis and rfqs
good to see a woman on the @ vrworldcongress stage josie wardle is talking about virtualreality the @ playstation
gadgets geek chinavasion on twitter digital posture coach isweo tir see more
want to work at mobileiron we're hiring in hyderabad click for details mobilesecurity
experts walk back on prostate screening men aged 5569 should consider it
xbox dreamfall chapters for ps4 xbox one 'two worlds' trailer gematsu gematsu dreamfall chapters for
the company behind the atkins diet is going public innovation future amazing
what the hell is going on at leeco innovation future amazing
fantastic eggs and where to find them innovation future amazing
uber offers free rides on turkish referendum day innovation future amazing
pocket sized 4k 13mp quadcoming shortlydrone nerdland gadgets droneracing dronesforgood quad4s
xbox battlefield 1 dlc update new map revealed for ps4 xbox one and pc but there's a catch express
nbn expands fttdp network to 1m premises trials 10gbps fibre with nokia innovation future am
the latest the influential 1's daily cannadgtl
posted by @ growthhackers growthhacking digital live now ama with mada seghete mada299 cofounder at
posted by @ growthhackers growthhacking digital the sales velocity equation thats going to accelerate
at under 60 misfits flare trims all the fat and many of the features from fitness tracking brian heater
geminoid optional robots arent human you only make them so wired future future
case study on business intelligence solution using domo bi domo iot cloud
is working experience really so important geek iosdev
the fda just struck a deal that could put an end to animal testing
smartphone netpaper is out for today stories via @ drivenbydreamz @ adamphonesltd @ edkashi
how to stop windows 10 from automatically updating hardware drivers
deep learning deployment toolkit release notes dev
11 companies that pay their employees to go on vacation
does this lastfm account belong to jared kushner an investigation last night weird twitter darling a
today's windows update finally lets you put off future updates
new cyberstates report from @ comptia shows employment in wisconsin's industry jumped 4 in 2016
for this entrepreneur couple some days are diamonds and some days are rocks geniusden
how new nyc legislation on salary history impacts your recruiting processby @ jordanxwan startup hiring
with @ virginmedia wifi installed and @ sonos set up the house is already feeling more like a home music
welcome to monzo bank monzo bank newbank startups entrepreneurship
sharing the latest news in and entertainment from theverge ludacris' cgi abs are a joke the rapper h
most relatable spacecraft in the solar system is taking a nap naps are empirically great sadly our gi
the next 'orange is the new black' season starts with a gunshot in a tense new clip netflix just gave u
slack developers get another small tool to fill out their bot functionality
slack apps can now use dropdown menus network
entirely researchers give voice to historic sounds of stonehenge
dns record will help prevent unauthorized ssl certificates network
news methaddicted snake working through his issues in wildlife rehab
news sorry but what if that giraffe baby is dead so um what if something is really wrong with apri
facebook adds group payment feature to help make sure shady friends pay up
@ govboard invites its newsletter subscribers to view cteq's analysis on and engineering instruction
oppo r9s plus review cnet
oppo r9s plus' camera is its saving grace video cnet
chevrolet corvette celebrates 65 years with lots of carbon fiber roadshow
facebook adds group payment feature to help make sure shady friends pay up
slack supercharges integrated apps so you can do a lot more with them
slack developers get another small tool to fill out their bot functionality apps
tech crunch update update slack developers get another small tool to fill out t
tech crunch update update shopkicks rewards shopping app expands to grocery st
tech crunch update update at under 60 misfits flare trims all the fat and ma
eink's isn't just for ereaders our digitalsignage is keeping @ tfl bus passengers uptodate w realtime
oppo r9s plus review cnet
sharing the latest news in and entertainment from theverge ludacris' cgi abs are a joke the rapper has
how do you turn obsolete ewaste into valuable ematerial by changing definitions amp attitudes
oppo r9s plus' camera is its saving grace video cnet
shopkicks rewards shopping app expands to grocery stores apps androidapps news
new hotel @ hyattconcierge to offer inroom streaming entertainment worldwide
chevrolet corvette celebrates 65 years with lots of carbon fiber roadshow
facebook adds group payment feature to help make sure shady friends pay up
slack supercharges integrated apps so you can do a lot more with them
interested in a job in lomalinda ca this could be a great fit iot healthjobs hiring
the 1 reason why crowdfunding campaigns fail startup startups crowdsourcing
the samsung galaxy s7edge first impressions amp vr event horizon @ ezmobiles love
nasa sees tropical cyclone cook strongly affected by wind shear science
the challenges of making films in virtual reality by riftingreality virtualreality
the daily news by the official andreascy is out amp packed with the latest insights officialandreascy
review secondgen hp spectre x360 hits mark acer spin 7 attractive spin7 itrtg snrtg
gorillaz's new ar app is the bands latest attempt to try all the tech gimmicks news
gorillaz's new ar app is the bands latest attempt to try all the tech gimmicks theverge
facebook announces group payments feature for messenger
evernote update adds colorful new touch bar features to your macbook pro
coffee addicts here's how to sample 2017's newest trends patented cremacoffee
aapl patent 9619394 operand cache flush eviction and clean techniques us ip
why google image search could be about to cost you a lot of money tech life amp style
iotechdenver excited that we have another new speaker for the brokerdealer roundtables
facebook adds group payment feature to help make sure shady friends pay up
@ pswaverelay has partnered w @ voith to offer unique radio for industrial environments waverelay
facebook adds group payment feature to help make sure shady friends pay up
gorillaz's new ar app is the bands latest attempt to try all the tech gimmicks
goodbye forever windows vista the end has finally come for one of the world's most
extremely happy elephant is super excited to meet the queen for most fans of the
look katy perry and ryan phillippe definitely aren't dating but how do we explain
oppo r9s plus review cnet
the latest mj on the mba thanks to @ nukie8wye @ ldbizunova @ sassyshark2 news
oppo r9s plus' camera is its saving grace video cnet
chevrolet corvette celebrates 65 years with lots of carbon fiber roadshow
but per @ tomfriedman trump travelban will lead muslim geniuses 2 flock 2 china amp
facebook adds group payment feature to help make sure shady friends pay up
unenforceable how voluntary net neutrality lets isps call the shots news
microsoft is officially killing windows vista feedly
scientists measure brightness of the universe with nasa's new horizons spacecraft science
new @ audi a3 set to raise its game on quality and in 2019
'neuronreading' nanowires could accelerate development of drugs for neurological diseases science
startuptools that entrepreneurs must know about bootstrapping startups entrepreneurship tiptuesday
rain is coming get a bikeparka cykle bikefashion
seven ways artificial intelligence is changing your business and your customers
6 real estate startups poised to disrupt the industry via @ forbes cre
unenforceable how voluntary net neutrality lets isps call the shots gadgets news
fyi for your inspiration gt mobileapps webdesign logodesign apps
industry everything you never knew about tim bernerslee by @ unitingambition
unenforceable how voluntary net neutrality lets isps call the shots news
jeep says the grand cherokee trackhawk is the fastest suv ever
safe to play offsite doctors use robots to diagnose football concussions
watch nasa's first 4k broadcast from space on april 26th
downton abbey collectibles at deal genius from 5 free shipping cnet cnet gaming news
best messaging app wechat why it's cool apps london resources wechat
take time to stop and smell the 1700 lego daffodils news aws startup
yes we need to worry about automation and i work in
anker has a unique new take on the iphone battery case and you can save 10 at launch exclusive
5 ways technology is improving the restaurant industry in the 21st century hospitality
the platform press how silicon valley reengineered journalism via @ cjr socialmedia
google adds soundstage developer logan olson to its vr team gadgets
how the techniques of 19thcentury fake news tell us why we fall for it today journalism media
george rr martin is just tryin' to hang with the cool kids
download of the day whitecap sitesetup news
george rr martin is just tryin' to hang with the cool kids books tv news
chainless is a new kind of bike that your shoelaces will just love
unable to sell new cameras gopro wants to buy your old one
expedia is using virtualreality to give people searching for hotel rooms a better first look vr
unenforceable how voluntary net neutrality lets isps call the shots news
the latest the rahul c saluja daily
jeep says the grand cherokee trackhawk is the fastest suv ever
jeep says the grand cherokee trackhawk is the fastest suv ever science culture
2018 audi sq5 and s5 convertible hit naias with hightech levels
watch nasa's first 4k broadcast from space on april 26th
facebooks business model for messenger wont be payments and commerce after all
announcing the 2017 local search ranking factors survey results dubai digital inbound advertising marke
western digital introduces spinning disk gdrives with usb typec 10tb of storage dubai digital inbound
safe to play offsite doctors use robots to diagnose football concussions dubai digital inbound adverti
misfits flare is an intriguingly styled fitness tracker that costs only 60 dubai digital inbound adver
yahoo accused of mismanaging funds meant for chinese dissidents
for aging parents smarthome gadgets may be just what they need to keep living independently gt
are you looking to automate your billing download this free guide to help you
the latest paper daily thanks to @ stefboudoux @ byclairew @ cafenetamerica news
the technofile daily is live audio filmmaking photography music synths design animation film gadgets
innovation 'bayonetta' a game about sex angels and magic hair is out on steam
nasa to beam gorgeous 4k livestream down to earth mark your calendars nasa is finally showing off the
update lifehacker keepitsimple what the best commencement speeches teach us about failure
great article for startups stripe acquires indie hackers a knowledge sharing community for entrepreneur
altice kick starts ipo of us arm to fuel expansion acquisitive group looks to fund video and broadband
cub studio rebrand adjust by fraser davidson dribbble design webdesign ux ui
tokyo gifathon day 11 by james curran dribbble design webdesign ux ui
want your matches to message you back these are the emojis you news smallbiz
news 'bayonetta' a game about sex angels and magic hair is out on steam
news want your matches to message you back these are the emojis you need
this is the best windows 10 tablet can buy windows news
sharing the latest news in and entertainment from theverge who killed the penguins thousands of years
fundings news fretlink raises 64 million to make trucks run like clockwork
update slack developers get another small tool to fill out their bot functionality
update fretlink raises 64 million to make trucks run like clockwork
samsung didn't even need the galaxy s8 to beat apple again in q1 bgr
that time bill gates answered a support call and crushed it via @ genemarks
meet nsi obotetukudo cofounder of nyc's fastest growing workspaces via @ blavity founder alley
tech crunch update update chrome now uses scroll anchoring to prevent those ann
tech crunch update update stripe acquires indie hackers a knowledge sharing co
very good dog receives the wrong gift and is more grateful than we'll ever be for anything
george rr martin is just tryin' to hang with the cool kids
building homes in the future automation innovation via @ thisisinsider
@ getscribblechat is cooking up some cool new thingscheck out this paper style startup chat dev
china investment flying under the radar pentagon warns @ nytimes
google chrome update fixes annoying page jumps chrome
bios updates bring ryzen 5 compatibility to asrock motherboards hardware ryzen
25 off logitech k780 multidevice wireless keyboard accessories
unenforceable how voluntary net neutrality lets isps call the shots
check out this job deskside i at roberthalf sanramon
the latest the breeze today thanks to @ enniscath @ v6nofm8jkfh3lsn @ iwasopen science
jeep says the grand cherokee trackhawk is the fastest suv ever
posted by @ fastcompany business digital new sickkids ad spotlights the unbelievable strength of mom
jeep says the grand cherokee trackhawk is the fastest suv ever theverge
is captain america currently a nazi the answer is complicated if you keep up with marvel comics ch
@ tegile raises an additional 33 million dollars in funding datacenter storage
jeep says the grand cherokee trackhawk is the fastest suv ever news
earthday is coming up companyswag that combines solar and device charging winner
hey giants how about action on diversity not just reports
downton abbey collectibles at deal genius from 5 free shipping cnet cnet gaming news
tesla shares could go higher but investors shouldn't get overconfident tsla over the past two weeks
tesla shares could go higher but investors shouldn't get overconfident tsla over the past two weeks
tesla shares could go higher but investors shouldn't get overconfident tsla over the past two weeks
how do you get the public's mindset to want an interplanetary society future science
unenforceable how voluntary net neutrality lets isps call the shots news
unenforceable how voluntary net neutrality lets isps call the shots news
microsoft is officially killing windows vista feedly
scientists measure brightness of the universe with nasa's new horizons spacecraft science
new @ audi a3 set to raise its game on quality and in 2019
'neuronreading' nanowires could accelerate development of drugs for neurological diseases science
startuptools that entrepreneurs must know about bootstrapping startups entrepreneurship tiptuesday
rain is coming get a bikeparka cykle bikefashion
seven ways artificial intelligence is changing your business and your customers
6 real estate startups poised to disrupt the industry via @ forbes cre
unenforceable how voluntary net neutrality lets isps call the shots gadgets news
fyi for your inspiration gt mobileapps webdesign logodesign apps
industry everything you never knew about tim bernerslee by @ unitingambition
unenforceable how voluntary net neutrality lets isps call the shots news
jeep says the grand cherokee trackhawk is the fastest suv ever
safe to play offsite doctors use robots to diagnose football concussions
watch nasa's first 4k broadcast from space on april 26th
downton abbey collectibles at deal genius from 5 free shipping cnet cnet gaming news
best messaging app wechat why it's cool apps london resources wechat
take time to stop and smell the 1700 lego daffodils news aws startup
yes we need to worry about automation and i work in
anker has a unique new take on the iphone battery case and you can save 10 at launch exclusive
5 ways technology is improving the restaurant industry in the 21st century hospitality
the platform press how silicon valley reengineered journalism via @ cjr socialmedia
google adds soundstage developer logan olson to its vr team gadgets
how the techniques of 19thcentury fake news tell us why we fall for it today journalism media
george rr martin is just tryin' to hang with the cool kids
download of the day whitecap sitesetup news
george rr martin is just tryin' to hang with the cool kids books tv news
chainless is a new kind of bike that your shoelaces will just love
unable to sell new cameras gopro wants to buy your old one
expedia is using virtualreality to give people searching for hotel rooms a better first look vr
unenforceable how voluntary net neutrality lets isps call the shots news
the latest the rahul c saluja daily
jeep says the grand cherokee trackhawk is the fastest suv ever
jeep says the grand cherokee trackhawk is the fastest suv ever science culture
2018 audi sq5 and s5 convertible hit naias with hightech levels
watch nasa's first 4k broadcast from space on april 26th
facebooks business model for messenger wont be payments and commerce after all
announcing the 2017 local search ranking factors survey results dubai digital inbound advertising marke
western digital introduces spinning disk gdrives with usb typec 10tb of storage dubai digital inbound
safe to play offsite doctors use robots to diagnose football concussions dubai digital inbound adverti
misfits flare is an intriguingly styled fitness tracker that costs only 60 dubai digital inbound adver
yahoo accused of mismanaging funds meant for chinese dissidents
for aging parents smarthome gadgets may be just what they need to keep living independently gt
are you looking to automate your billing download this free guide to help you
lenovo is working on budget moto phones even cheaper than the g5 plus the verge google news
goodreads ab blockchain samsung targets dlt consortia with nexledger gtgt
read preferred resources daily digest today's top stories via @ iisdela @ emiliofaichnie @ fdacber
overwatch uprising event takes us back in time cars
united airlines has big trouble in china's social network cnet
latest google app beta hints at multiuser support for assistant
googles ai doodle bot will transform your crude drawings into glorious clip art
how india saved its internet from greedy corporations by @ heyfebin netneutrality politics
benefits of virtualisation inspire smallbiztips
this app tells you if someone has died in your house realestate house history data business
top 30 global medical device companies great list medtech biotech medicaldevice startup fda who's who
apple clips scored up to 1 million downloads in its first 4 days news football
janet jackson seen for first time since split from husband news football
select thread multiclient server in python hangs after receiving first message internet question howto
abq cio @ peterambs evolves quickly and albuquerque is keeping up just fine nm
abq cio @ peterambs evolves quickly and albuquerque is keeping up just fine nm
conversion can we allow user to provide input for a function in percentages in r internet question how
how to log successful output of result internet question howto
over the years barbie has had more than 150 careers many of which involve computing barbie foodz
json or not to json that is the q internet question howto
glr32i teximage2d not uploading correctly internet question howto
calculating the depth of polymorphic bst object recursively internet question howto
this new @ google tool helps developers pick the right colors for their apps
java executor service with multiple queues internet question howto
bash shell script run just a certain part of the script with amp internet question howto
how to get value from elements of an ionlist from the type script and angular2 internet question howto
selenium ie page title is not working tried iwebdrivertitle internet question howto
how can i create breeze metadata from sequelize datatypes using nodejs internet question howto
cannot kill local jenkins on port 8080 internet question howto
entity framework how can i filter my results by a property of a navigation property internet question h
google's autodraw an artistic application of machinelearning innovation ml data bigdata cloud deeplearning business ai
what determines the order items appear in javaawtpopupmenu internet question howto
the origin pc omni stuffs a lot of gaming power into a bigscreen allinone news aws startup
overwatch uprising event takes us back in time cars
united airlines has big trouble in china's social network cnet
posted by @ startgrowthhack growth growthhacking digital rt faheems 33 growth hacking examples to g
swarm64 partners with intel to accelerate sql performance using fpgas fpgas it business it smb
for millenials the office reflects the outlook amp aspiration of the organisation more proof amp smartbuildings
highspeed camera rig captures 3d images of birds' wings in flight
the mystical osi model explained in simple terms learn computer
tv girls nude sexy teen thong beach
why ebays ceo sold ebay india and poured 500 million into the countrys top amazon rival innovation futu
i'm going to venturecrushsf on june 22 in w @ edgrapenutzimm talking startups venturecapital @ venturecrush
openreach aims to accelerate broadband upgrades in talks with bt rivals innovation future ama
the latest the norseman daily thanks to @ conversionaid ad
yahoo's eu regulator to complete email investigation within weeks innovation future amazing
apple clips scored up to 1 million downloads in its first 4 days
man removed from jet is kentucky doctor with criminal record news football
audible is looking for a principal technical program manager to join our team apply here
this company is creating prosthetics that will make amputees look superhuman
googles ai doodle bot will transform your crude drawings into glorious clip art
factchecking startups are a thing @ lazytruthapp @ claimbustertm @ crosscheck @ check @ civicmit
apple clips scored up to 1 million downloads in its first 4 days by sarahintampa
wearable wins over major league baseball
peppermint innovation provides services for unbanked filipinos crowdiligent startup crowdfunding
identifying and investing in solutions for law firms and legal departments reinventing professionals
orange pi takes on raspberry pi with new computer boards pcworld orangepi raspberrypi computer
this year we're celebrating 25 years of being a nonprofit organization in the omaha community omaha
@ pureevents @ oneeventslondon @ sxswedu good insights on increasing participant engagement w ai
sony unearths uncharted the lost legacys release date second trailer and gadgets
fitbit smartwatch may stumble onto the scene later this year gadgets
moto c could be the next superbudget phone champion gadgets
how your smartphone's camera will change the world ai vr
cub studio logo by fraser davidson dribbble design webdesign ux ui graphic
apple clips scored up to 1 million downloads in its first 4 days hotnews news
apple clips scored up to 1 million downloads in its first 4 days sitesetup news
charles oakley arraigned on charges from msg incident says this is some bs news
apple clips scored up to 1 million downloads in its first 4 days apple
