islamic state has lost most of the land it seized in iraq
in pictures syrian army shows off destroyed vehicles for rebels in northern hama alerts
syria will trump advance a doctrine called the middleeastdominotheory topple dictators amp watch the spread of isis quagmire
swedish girl viscously killed by muslim attack ignored by msm for multicultural narrative banislam
'you adore her too' i think the answer for my last question is yes from u right just answer are u adore her @ skchanwoo98
apartheidstate israel occupies the land and palestinians
why omar abdullah is upset about modi's 'tourism vs comment on kashmir
london pauses to honor cop keith palmer killed in attack via @ nbcnews rip brave hero
swedish girl killed by muslim truck attack why do we see pictures of gased muslims but not dead
is the muslimbrotherhood a organization
startup summary mncs mncs startups train staff in tackling crime
news summary mncs mncs startups train staff in tackling crime
tech summary mncs mncs startups train staff in tackling crime
members of the house of saud should be tried for treason amp fried chief architects of
dark house and other tales of tuesdaymotivation tuesdaythoughts ebook kindle
why must we mention the names of the terrorists so much let them fade away dont make them famous remember the victims insted
saudiarabia is the epicenter of the house of saud must fall
syrian army repels all attacks of terrorists who took advantage of us strike
hostilities will escalate between the lna and militias aligned with the unbacked gna in alerts
almost every incidence in the world is indirectly sponsored by house of saud
20 vetted muslim refugee who turned to after being allowed into america
cinedeculto horror 8 genialidades de kubrick en the shining
why putins power has always been linked to
my poem on this most excellent blog read the others trump poem poetry politics
boom great day to be a
saudi states they are committed to war on then start from inside and dismantle house of saud
capt amarinder pays homage to 2611 mumbai attack victims
capt amarinder pays homage to 2611 mumbai attack victims
capt amarinder pays homage to 2611 mumbai attack victims
capt amarinder pays homage to 2611 mumbai attack victims
oy vey don't let the goyim know via @ youtube oakland warehouse jewish crisis actor hoax inszenierungen
breaking us secretary of state rex tillerson arrives in russia alerts
struggling to prove assad did the chemical attack colonial media resorts to character alerts
el exorcista 1973 de william friedkin con linda blair max von sydow y jason miller
what amp who discovers plots
operation mosul a medieval massacre mosul usa bombing empire
senator ted cruz files bill to designate muslimbrotherhood as a organization
saudiarabia is the epicenter of the house of saud must fall
kenyan army kills 15 alshabaab in somalia
where is the outrage over christianphobia where is the outrage over the victims of christianphobia in egyptian churches amp worldwide
all nations must unite to fight ap cm
armenias emergency situations minister holds meeting with iranian ambassador
david icke paris attacks we terrify you amp then we do what we want falseflag
turkey autopsies show sarin gas used against syrian town @ militarytimes assad barbarism
the truck as a just tool of what we can learn from the stockholm sweden attack daesh
new alien awaits @ thehorrormaster 's new comic release so cool @ promotehorror @ slaughteredbird
porn sexy naked fingering lady pics
'voices from syria' syria's war for humanity syria us hegemony assad
fears of behind imposition of visa for egyptians sudan
anyone who says the quran advocates obviously hasnt read its lessons on violence
universities role forum on prevention at nauss kicks off
grassley leads call for court to protect victims of international
media bbc cnn staging a chemical attack 2013 for those who have not seen this you are welcome syria
disgusting jewish settler goes unpunished by israelpalestinian child attacked by israeli settlers
jeffs reviewstriplicity by @ staceyblongo t tremblay @ robsmales2016 amwriting
shadow stood up on its hind legs and almost looked half human rose up my spinebookbubble
chaldean patriarch at easter faith in the risen christ stronger than hatred and
hundreds of asylum seekers missing after fire at france refugee camp msf
madison county teen accused of terrorism wants to fire attorney belleville newsdemocrat alerts
seeking to reach a deeper place than fear
unitedairlines flunks economics 101 ibd tcot tlot p2 assault wtf
unitedairlines's unfriendly approach usatoday tcot p2 tlot customerservice
pay death benefits of fallen heroes anan president tasks fg
michael mccaul warns of 'new era of from isis
sweden suspect admits crime
who is mel us case could unmask new york police mole apr 11 @ 1140 am et
germany could have prevented attack had they listened to moroccan intelligence
terrorism in europe is here to stay because were soft on immigration eu isis
executions in the united states 1976 0 1998 98 2016 20 dpic alerts
first batch of buses arrive in besieged zabadani madaya for departure alerts
in stockholm the american interest iic
trump was right about sweden afterall same as pjw and all conservatives when would people learn maga
families gather under tight security after egypt church attack via @ discussing africa egypt isis goptic
main threat to world is saudiarabia global sponsor of
almost every incidence in the world is indirectly sponsored by house of saud
people are suffering due to chandrababu
saudiarabia is the epicenter of the house of saud must fall
new visa for egyptians aimed at combating sudan politics egypt
religious wars out of control surge of attacks in europe confirm this
israeli soldier under investigation for shooting amazing footage
ole dammegard terror in berlin amp other nwo tricks attacks false flag
islamic state has lost most of the land it seized in iraq
in pictures syrian army shows off destroyed vehicles for rebels in northern hama alerts
syria will trump advance a doctrine called the middleeastdominotheory topple dictators amp watch the spread of isis quagmire
swedish girl viscously killed by muslim attack ignored by msm for multicultural narrative banislam
'you adore her too' i think the answer for my last question is yes from u right just answer are u adore her @ skchanwoo98
apartheidstate israel occupies the land and palestinians
why omar abdullah is upset about modi's 'tourism vs comment on kashmir
london pauses to honor cop keith palmer killed in attack via @ nbcnews rip brave hero
swedish girl killed by muslim truck attack why do we see pictures of gased muslims but not dead
is the muslimbrotherhood a organization
startup summary mncs mncs startups train staff in tackling crime
news summary mncs mncs startups train staff in tackling crime
tech summary mncs mncs startups train staff in tackling crime
military benefit women's bible siteelite of the world unite say us amp pakistan
germany halts refugee transfers to hungary over detentions
alshabaab launched a highintensity campaign of attacks in mogadishu in response to somalia alerts
world against islam thanks @ royalmarine1980 @ eric99a @ sassysassyred isis
david icke paris attacks we terrify you amp then we do what we want falseflag
turkey autopsies show sarin gas used against syrian town @ militarytimes assad barbarism
the truck as a just tool of what we can learn from the stockholm sweden attack daesh
new alien awaits @ thehorrormaster 's new comic release so cool @ promotehorror @ slaughteredbird
porn sexy naked fingering lady pics
'voices from syria' syria's war for humanity syria us hegemony assad
fears of behind imposition of visa for egyptians sudan
anyone who says the quran advocates obviously hasnt read its lessons on violence
universities role forum on prevention at nauss kicks off
grassley leads call for court to protect victims of international
media bbc cnn staging a chemical attack 2013 for those who have not seen this you are welcome syria
disgusting jewish settler goes unpunished by israelpalestinian child attacked by israeli settlers
jeffs reviewstriplicity by @ staceyblongo t tremblay @ robsmales2016 amwriting
shadow stood up on its hind legs and almost looked half human rose up my spinebookbubble
chaldean patriarch at easter faith in the risen christ stronger than hatred and
hundreds of asylum seekers missing after fire at france refugee camp msf
madison county teen accused of terrorism wants to fire attorney belleville newsdemocrat alerts
seeking to reach a deeper place than fear
unitedairlines flunks economics 101 ibd tcot tlot p2 assault wtf
unitedairlines's unfriendly approach usatoday tcot p2 tlot customerservice
pay death benefits of fallen heroes anan president tasks fg
michael mccaul warns of 'new era of from isis
sweden suspect admits crime
who is mel us case could unmask new york police mole apr 11 @ 1140 am et
germany could have prevented attack had they listened to moroccan intelligence
terrorism in europe is here to stay because were soft on immigration eu isis
executions in the united states 1976 0 1998 98 2016 20 dpic alerts
first batch of buses arrive in besieged zabadani madaya for departure alerts
in stockholm the american interest iic
trump was right about sweden afterall same as pjw and all conservatives when would people learn maga
families gather under tight security after egypt church attack via @ discussing africa egypt isis goptic
main threat to world is saudiarabia global sponsor of
almost every incidence in the world is indirectly sponsored by house of saud
people are suffering due to chandrababu
saudiarabia is the epicenter of the house of saud must fall
new visa for egyptians aimed at combating sudan politics egypt
religious wars out of control surge of attacks in europe confirm this
israeli soldier under investigation for shooting amazing footage
ole dammegard terror in berlin amp other nwo tricks attacks false flag
islamic state has lost most of the land it seized in iraq
in pictures syrian army shows off destroyed vehicles for rebels in northern hama alerts
syria will trump advance a doctrine called the middleeastdominotheory topple dictators amp watch the spread of isis quagmire
swedish girl viscously killed by muslim attack ignored by msm for multicultural narrative banislam
'you adore her too' i think the answer for my last question is yes from u right just answer are u adore her @ skchanwoo98
apartheidstate israel occupies the land and palestinians
why omar abdullah is upset about modi's 'tourism vs comment on kashmir
london pauses to honor cop keith palmer killed in attack via @ nbcnews rip brave hero
@ ehsani22 if we are in the mood to prejudge or poison the well the goto question will be again why oh why w
understanding antichristian in egypt @ memrireports religiousfreedom violence
main threat to world is saudiarabia global sponsor of
churches in southern egypt will not celebrate easter @ abc muslims violence barbarism
israel shuts egypt border after terror warning blacksalt
putin downing of russian jet over syria stab in the back by terrorist accomplices russia turkey syria
us envoy appreciates operation raddulfasaad for eliminating
same old false flag hall marks falseflag paris attack
aims to create religious strife
french evangelicals implore prayer for country facing corruption and division ahead of presidential elect
military benefit women's bible siteelite of the world unite say us amp pakistan
germany halts refugee transfers to hungary over detentions
alshabaab launched a highintensity campaign of attacks in mogadishu in response to somalia alerts
world against islam thanks @ royalmarine1980 @ eric99a @ sassysassyred isis
david icke paris attacks we terrify you amp then we do what we want falseflag
turkey autopsies show sarin gas used against syrian town @ militarytimes assad barbarism
the truck as a just tool of what we can learn from the stockholm sweden attack daesh
new alien awaits @ thehorrormaster 's new comic release so cool @ promotehorror @ slaughteredbird
porn sexy naked fingering lady pics
'voices from syria' syria's war for humanity syria us hegemony assad
fears of behind imposition of visa for egyptians sudan
anyone who says the quran advocates obviously hasnt read its lessons on violence
universities role forum on prevention at nauss kicks off
grassley leads call for court to protect victims of international
media bbc cnn staging a chemical attack 2013 for those who have not seen this you are welcome syria
disgusting jewish settler goes unpunished by israelpalestinian child attacked by israeli settlers
jeffs reviewstriplicity by @ staceyblongo t tremblay @ robsmales2016 amwriting
shadow stood up on its hind legs and almost looked half human rose up my spinebookbubble
chaldean patriarch at easter faith in the risen christ stronger than hatred and
hundreds of asylum seekers missing after fire at france refugee camp msf
madison county teen accused of terrorism wants to fire attorney belleville newsdemocrat alerts
seeking to reach a deeper place than fear
unitedairlines flunks economics 101 ibd tcot tlot p2 assault wtf
unitedairlines's unfriendly approach usatoday tcot p2 tlot customerservice
pay death benefits of fallen heroes anan president tasks fg
michael mccaul warns of 'new era of from isis
sweden suspect admits crime
who is mel us case could unmask new york police mole apr 11 @ 1140 am et
germany could have prevented attack had they listened to moroccan intelligence
terrorism in europe is here to stay because were soft on immigration eu isis
executions in the united states 1976 0 1998 98 2016 20 dpic alerts
first batch of buses arrive in besieged zabadani madaya for departure alerts
in stockholm the american interest iic
trump was right about sweden afterall same as pjw and all conservatives when would people learn maga
families gather under tight security after egypt church attack via @ discussing africa egypt isis goptic
main threat to world is saudiarabia global sponsor of
almost every incidence in the world is indirectly sponsored by house of saud
people are suffering due to chandrababu
saudiarabia is the epicenter of the house of saud must fall
new visa for egyptians aimed at combating sudan politics egypt
religious wars out of control surge of attacks in europe confirm this
borussia dortmund football team bus hit by explosion germany soccer europe bvb
tokyo 315am small earthquake shaking my building no matter how long i live here i will never get used to these awful things
saudiarabia is trying to use fake news to state they are committed to the war on
want to stop iran 's squad cut off their finances irgc
dortmund three explosions in front of borussia's bus the german team was scheduled to play against monaco this evening attack
the truth about syria chem attack april 11 2017 us ready for more syria strikes
the us fascist government spreading and chaos around the world
fears of behind imposition of visa for egyptians sudan
want to stop iran 's squad cut off their finances irgc
mork pleads 'not guilty' on charges
canberrarally hazara protesters same as isis and taliban says afghan senate
@ tweetbadshah in fact all r lover trying 2 prove tht thy r pak in fact r notif truely they r bha
@ derekaudette you made the point that is not such a big deal by comparing it with gun crime
almost every incidence in the world is indirectly sponsored by house of saud
india involves in state in ihk nafees associate press of pakistan
you want me to mail my laptop the electronicsban explained travel airlines aviation
200 us troops deployed in helmand province of afghanistan
alhouthisaleh forces intensified ballistic missile attacks against ground forces in taiz and alerts
aims to create religious strife
a history of violence middle east eye
what can we learn from the stockholm sweden attack the truck as a just tool of by @ tarraswahlberg
iran aims to create religious strife
kulbhushan came to pakistan only for siraj
elba11yrs truck attack media shows kids not her so i will remove your wool swedenattack stockholm
@ jacobscarlene1 biafrans disapprove d sell of military planes to nigeria agnst unarmed biafrans amnesty report @ realdonaldtrum
biafrans disapprove d sell of military planes to nigeria agnst unarmed biafrans amnesty report @ realdonaldtrump @ johnmccain4
join me at @ stgeorgebklyn in dykerheights at 5 pm for a vigil to mourn the attacks on copticchristians in
ban cars to stop says swedens bestselling newspaper after stockholm attack
europeunion stockholm truck attack suspect 'confesses to terrorist crime'
suspects of paris charlie hebdo attack have been arrested and identified oldpost retweet
new zealand economic security reserve bank of new zealand updates its assessment of money laundering and
david icke hypocrisy of western governments condemning terrorism london bombing
stockholm truck attack suspect 'confesses to terrorist crime' stockholm2017 islam muslims sweden
saudiarabia is trying to use fake news to state they are committed to the war on
syria teen convicted for isis plot in germany rt news
onefifth of americans living in households earning less than 30000 a year are
hero student shot during woman's rescue watches scene for first time alerts
@ ehsani22 if we are in the mood to prejudge or poison the well the goto question will be again why oh why w
understanding antichristian in egypt @ memrireports religiousfreedom violence
main threat to world is saudiarabia global sponsor of
churches in southern egypt will not celebrate easter @ abc muslims violence barbarism
israel shuts egypt border after terror warning blacksalt
putin downing of russian jet over syria stab in the back by terrorist accomplices russia turkey syria
us envoy appreciates operation raddulfasaad for eliminating
same old false flag hall marks falseflag paris attack
aims to create religious strife
french evangelicals implore prayer for country facing corruption and division ahead of presidential elect
military benefit women's bible siteelite of the world unite say us amp pakistan
germany halts refugee transfers to hungary over detentions
alshabaab launched a highintensity campaign of attacks in mogadishu in response to somalia alerts
world against islam thanks @ royalmarine1980 @ eric99a @ sassysassyred isis
david icke paris attacks we terrify you amp then we do what we want falseflag
breaking marc bartra injured after bomb attack borussiadortmund @ barbarabarend @ voetbalinside
borussia dortmund football team bus hit by explosion germany soccer europe bvb
tokyo 315am small earthquake shaking my building no matter how long i live here i will never get used to these awful things
saudiarabia is trying to use fake news to state they are committed to the war on
want to stop iran 's squad cut off their finances irgc
dortmund three explosions in front of borussia's bus the german team was scheduled to play against monaco this evening attack
the truth about syria chem attack april 11 2017 us ready for more syria strikes
the us fascist government spreading and chaos around the world
fears of behind imposition of visa for egyptians sudan
want to stop iran 's squad cut off their finances irgc
mork pleads 'not guilty' on charges
canberrarally hazara protesters same as isis and taliban says afghan senate
@ tweetbadshah in fact all r lover trying 2 prove tht thy r pak in fact r notif truely they r bha
@ derekaudette you made the point that is not such a big deal by comparing it with gun crime
almost every incidence in the world is indirectly sponsored by house of saud
india involves in state in ihk nafees associate press of pakistan
you want me to mail my laptop the electronicsban explained travel airlines aviation
200 us troops deployed in helmand province of afghanistan
alhouthisaleh forces intensified ballistic missile attacks against ground forces in taiz and alerts
aims to create religious strife
a history of violence middle east eye
what can we learn from the stockholm sweden attack the truck as a just tool of by @ tarraswahlberg
iran aims to create religious strife
kulbhushan came to pakistan only for siraj
elba11yrs truck attack media shows kids not her so i will remove your wool swedenattack stockholm
@ jacobscarlene1 biafrans disapprove d sell of military planes to nigeria agnst unarmed biafrans amnesty report @ realdonaldtrum
biafrans disapprove d sell of military planes to nigeria agnst unarmed biafrans amnesty report @ realdonaldtrump @ johnmccain4
join me at @ stgeorgebklyn in dykerheights at 5 pm for a vigil to mourn the attacks on copticchristians in
ban cars to stop says swedens bestselling newspaper after stockholm attack
europeunion stockholm truck attack suspect 'confesses to terrorist crime'
suspects of paris charlie hebdo attack have been arrested and identified oldpost retweet
new zealand economic security reserve bank of new zealand updates its assessment of money laundering and
david icke hypocrisy of western governments condemning terrorism london bombing
stockholm truck attack suspect 'confesses to terrorist crime' stockholm2017 islam muslims sweden
saudiarabia is trying to use fake news to state they are committed to the war on
syria teen convicted for isis plot in germany rt news
onefifth of americans living in households earning less than 30000 a year are
hero student shot during woman's rescue watches scene for first time alerts
@ ehsani22 if we are in the mood to prejudge or poison the well the goto question will be again why oh why w
understanding antichristian in egypt @ memrireports religiousfreedom violence
main threat to world is saudiarabia global sponsor of
churches in southern egypt will not celebrate easter @ abc muslims violence barbarism
israel shuts egypt border after terror warning blacksalt
putin downing of russian jet over syria stab in the back by terrorist accomplices russia turkey syria
us envoy appreciates operation raddulfasaad for eliminating
same old false flag hall marks falseflag paris attack
aims to create religious strife
french evangelicals implore prayer for country facing corruption and division ahead of presidential elect
military benefit women's bible siteelite of the world unite say us amp pakistan
germany halts refugee transfers to hungary over detentions
alshabaab launched a highintensity campaign of attacks in mogadishu in response to somalia alerts
world against islam thanks @ royalmarine1980 @ eric99a @ sassysassyred isis
david icke paris attacks we terrify you amp then we do what we want falseflag
fears of behind imposition of visa for egyptians sudan
sweden truck attack suspect admits to
want to stop iran 's squad cut off their finances irgc
man charged with sex assault at herndon daycare center alerts
g7 backs tillerson ahead of syria talks in moscow alerts
@ rtcom @ bvb nf14words @ davidduke @ ianrmillard @ sineaderade88 @ nigelfarage dortmund
in dortmund near a football stadion just like stade de france in 2015 wasn't it exactly francegermany 114 scary coincidence
more evidence that mcmaster shares obama views on islam and
syria teen convicted for isis plot in germany
@ cnni @ ivankatrump how about encouraging daddy to carry out strikes at the against palestinians
my article is now live at @ groundzeropk the monkey who got caught kulbhushanyadav india raw hybrid
moscow will continue to support syria in its fight against russian senate speaker
lecture war against all nations piracy and the fight against global by historian douglas burgess
little 11yearold perhaps in terrible images linked on threadsterrible to get a child in pieces like that
oh my god what terrible images we find links to on i don't wanna link to the threads even
graphic countries by number of official languages alerts
